
===========================================================================
report_checks -unconstrained
===========================================================================
======================= max_ss_100C_1v60 Corner ===================================

Startpoint: wb_rst_i (input port clocked by clk)
Endpoint: _6209_ (recovery check against rising-edge clock clk)
Path Group: asynchronous
Path Type: max

Fanout         Cap        Slew       Delay        Time   Description
---------------------------------------------------------------------------------------------
                                  0.000000    0.000000   clock clk (rise edge)
                                  5.570000    5.570000   clock network delay (propagated)
                                 12.500000   18.070000 v input external delay
     2    0.004188    0.000000    0.000000   18.070000 v wb_rst_i (in)
                                                         wb_rst_i (net)
                      0.000203    0.000101   18.070101 v input2/A (sky130_fd_sc_hd__buf_4)
     9    0.115902    0.265876    0.380547   18.450647 v input2/X (sky130_fd_sc_hd__buf_4)
                                                         net2 (net)
                      0.280069    0.047928   18.498575 v fanout426/A (sky130_fd_sc_hd__clkbuf_4)
    11    0.068418    0.250123    0.503457   19.002033 v fanout426/X (sky130_fd_sc_hd__clkbuf_4)
                                                         net426 (net)
                      0.250130    0.001910   19.003942 v fanout421/A (sky130_fd_sc_hd__clkbuf_2)
    11    0.048521    0.335409    0.487681   19.491623 v fanout421/X (sky130_fd_sc_hd__clkbuf_2)
                                                         net421 (net)
                      0.335442    0.003380   19.495003 v fanout420/A (sky130_fd_sc_hd__buf_2)
    13    0.054129    0.245731    0.530454   20.025457 v fanout420/X (sky130_fd_sc_hd__buf_2)
                                                         net420 (net)
                      0.245751    0.002451   20.027908 v fanout416/A (sky130_fd_sc_hd__clkbuf_4)
     8    0.055516    0.206650    0.458156   20.486065 v fanout416/X (sky130_fd_sc_hd__clkbuf_4)
                                                         net416 (net)
                      0.206675    0.002416   20.488482 v fanout415/A (sky130_fd_sc_hd__buf_4)
    10    0.061247    0.156187    0.413808   20.902288 v fanout415/X (sky130_fd_sc_hd__buf_4)
                                                         net415 (net)
                      0.156283    0.003551   20.905840 v _5683_/A (sky130_fd_sc_hd__inv_2)
     1    0.003438    0.055439    0.101592   21.007431 ^ _5683_/Y (sky130_fd_sc_hd__inv_2)
                                                         _0059_ (net)
                      0.055439    0.000179   21.007610 ^ _6209_/SET_B (sky130_fd_sc_hd__dfstp_1)
                                             21.007610   data arrival time

                                 25.000000   25.000000   clock clk (rise edge)
                                  4.650000   29.650000   clock source latency
     4    0.097127    0.610000    0.000000   29.650000 ^ wb_clk_i (in)
                                                         wb_clk_i (net)
                      0.633314    0.011658   29.661657 ^ clkbuf_regs_0_clk/A (sky130_fd_sc_hd__clkbuf_16)
     1    0.008533    0.061454    0.440473   30.102129 ^ clkbuf_regs_0_clk/X (sky130_fd_sc_hd__clkbuf_16)
                                                         wb_clk_i_regs (net)
                      0.061455    0.000654   30.102783 ^ clkbuf_0_wb_clk_i_regs/A (sky130_fd_sc_hd__clkbuf_16)
    17    0.160821    0.263863    0.370484   30.473267 ^ clkbuf_0_wb_clk_i_regs/X (sky130_fd_sc_hd__clkbuf_16)
                                                         clknet_0_wb_clk_i_regs (net)
                      0.265878    0.018602   30.491869 ^ clkbuf_3_4_0_wb_clk_i_regs/A (sky130_fd_sc_hd__clkbuf_8)
    19    0.122699    0.332628    0.515502   31.007372 ^ clkbuf_3_4_0_wb_clk_i_regs/X (sky130_fd_sc_hd__clkbuf_8)
                                                         clknet_3_4_0_wb_clk_i_regs (net)
                      0.332927    0.006210   31.013582 ^ clkbuf_leaf_49_wb_clk_i_regs/A (sky130_fd_sc_hd__clkbuf_8)
    14    0.060397    0.180443    0.430994   31.444576 ^ clkbuf_leaf_49_wb_clk_i_regs/X (sky130_fd_sc_hd__clkbuf_8)
                                                         clknet_leaf_49_wb_clk_i_regs (net)
                      0.180510    0.003276   31.447851 ^ _6209_/CLK (sky130_fd_sc_hd__dfstp_1)
                                 -0.250000   31.197851   clock uncertainty
                                  0.000000   31.197851   clock reconvergence pessimism
                                  0.303541   31.501390   library recovery time
                                             31.501390   data required time
---------------------------------------------------------------------------------------------
                                             31.501390   data required time
                                            -21.007610   data arrival time
---------------------------------------------------------------------------------------------
                                             10.493780   slack (MET)


Startpoint: wbs_adr_i[15] (input port clocked by clk)
Endpoint: wbs_dat_o[6] (output port clocked by clk)
Path Group: clk
Path Type: max

Fanout         Cap        Slew       Delay        Time   Description
---------------------------------------------------------------------------------------------
                                  0.000000    0.000000   clock clk (rise edge)
                                  5.570000    5.570000   clock network delay (propagated)
                                  3.890000    9.460000 v input external delay
     2    0.005684    0.920000    0.000000    9.460000 v wbs_adr_i[15] (in)
                                                         wbs_adr_i[15] (net)
                      0.920173    0.000087    9.460087 v hold58/A (sky130_fd_sc_hd__dlygate4sd3_1)
     1    0.002203    0.101571    1.496234   10.956322 v hold58/X (sky130_fd_sc_hd__dlygate4sd3_1)
                                                         net497 (net)
                      0.101571    0.000101   10.956423 v input9/A (sky130_fd_sc_hd__clkbuf_4)
     5    0.093497    0.328413    0.472657   11.429079 v input9/X (sky130_fd_sc_hd__clkbuf_4)
                                                         net9 (net)
                      0.329456    0.015436   11.444515 v hold59/A (sky130_fd_sc_hd__dlygate4sd3_1)
     5    0.022989    0.280746    1.451591   12.896106 v hold59/X (sky130_fd_sc_hd__dlygate4sd3_1)
                                                         net498 (net)
                      0.280797    0.003776   12.899881 v _3129_/D (sky130_fd_sc_hd__or4_1)
     2    0.007840    0.237549    1.120847   14.020728 v _3129_/X (sky130_fd_sc_hd__or4_1)
                                                         _1296_ (net)
                      0.237549    0.000332   14.021060 v hold70/A (sky130_fd_sc_hd__dlygate4sd3_1)
     1    0.001649    0.095506    1.184956   15.206017 v hold70/X (sky130_fd_sc_hd__dlygate4sd3_1)
                                                         net509 (net)
                      0.095506    0.000076   15.206093 v hold60/A (sky130_fd_sc_hd__dlygate4sd3_1)
     1    0.002947    0.106790    1.137712   16.343805 v hold60/X (sky130_fd_sc_hd__dlygate4sd3_1)
                                                         net499 (net)
                      0.106790    0.000199   16.344004 v _3132_/A (sky130_fd_sc_hd__or2_1)
     4    0.024655    0.276258    0.703546   17.047550 v _3132_/X (sky130_fd_sc_hd__or2_1)
                                                         _1299_ (net)
                      0.276258    0.000876   17.048426 v _4147_/A (sky130_fd_sc_hd__or2_2)
     5    0.020854    0.198081    0.877524   17.925949 v _4147_/X (sky130_fd_sc_hd__or2_2)
                                                         _2114_ (net)
                      0.198139    0.001913   17.927862 v _4263_/B (sky130_fd_sc_hd__or2_2)
     5    0.027396    0.222858    0.832470   18.760332 v _4263_/X (sky130_fd_sc_hd__or2_2)
                                                         _2127_ (net)
                      0.222864    0.001487   18.761820 v hold22/A (sky130_fd_sc_hd__dlygate4sd3_1)
     1    0.005622    0.134417    1.238213   20.000032 v hold22/X (sky130_fd_sc_hd__dlygate4sd3_1)
                                                         net461 (net)
                      0.135972    0.000364   20.000397 v fanout180/A (sky130_fd_sc_hd__buf_2)
    21    0.054395    0.246447    0.436092   20.436489 v fanout180/X (sky130_fd_sc_hd__buf_2)
                                                         net180 (net)
                      0.246643    0.006370   20.442858 v _5039_/B (sky130_fd_sc_hd__nor2_1)
     1    0.003939    0.168765    0.234239   20.677097 ^ _5039_/Y (sky130_fd_sc_hd__nor2_1)
                                                         _2765_ (net)
                      0.168765    0.000277   20.677376 ^ _5040_/A2_N (sky130_fd_sc_hd__a2bb2o_1)
     1    0.003476    0.105614    0.635575   21.312950 v _5040_/X (sky130_fd_sc_hd__a2bb2o_1)
                                                         _2766_ (net)
                      0.105614    0.000226   21.313175 v _5042_/A2 (sky130_fd_sc_hd__a32o_1)
     1    0.011888    0.145827    0.531362   21.844538 v _5042_/X (sky130_fd_sc_hd__a32o_1)
                                                         _2768_ (net)
                      0.145835    0.001183   21.845720 v _5043_/C1 (sky130_fd_sc_hd__a221o_1)
     1    0.002811    0.091766    0.514062   22.359781 v _5043_/X (sky130_fd_sc_hd__a221o_1)
                                                         _2769_ (net)
                      0.091766    0.000195   22.359978 v _5045_/B1 (sky130_fd_sc_hd__a22o_1)
     1    0.003099    0.073539    0.336559   22.696537 v _5045_/X (sky130_fd_sc_hd__a22o_1)
                                                         _2771_ (net)
                      0.073539    0.000210   22.696747 v _5046_/C1 (sky130_fd_sc_hd__o211a_1)
     1    0.017251    0.191616    0.313202   23.009949 v _5046_/X (sky130_fd_sc_hd__o211a_1)
                                                         _2772_ (net)
                      0.191628    0.001679   23.011627 v _5064_/B1 (sky130_fd_sc_hd__a31o_1)
     3    0.027704    0.261987    0.563865   23.575493 v _5064_/X (sky130_fd_sc_hd__a31o_1)
                                                         _2790_ (net)
                      0.261999    0.001986   23.577478 v _5065_/C1 (sky130_fd_sc_hd__a211o_2)
     3    0.048748    0.280300    0.802274   24.379753 v _5065_/X (sky130_fd_sc_hd__a211o_2)
                                                         net107 (net)
                      0.280774    0.010164   24.389917 v output107/A (sky130_fd_sc_hd__buf_12)
     1    0.192179    0.177829    0.438465   24.828382 v output107/X (sky130_fd_sc_hd__buf_12)
                                                         wbs_dat_o[6] (net)
                      0.178653    0.010361   24.838743 v wbs_dat_o[6] (out)
                                             24.838743   data arrival time

                                 25.000000   25.000000   clock clk (rise edge)
                                  4.650000   29.650000   clock network delay (propagated)
                                 -0.250000   29.400000   clock uncertainty
                                  0.000000   29.400000   clock reconvergence pessimism
                                 -3.620000   25.779999   output external delay
                                             25.779999   data required time
---------------------------------------------------------------------------------------------
                                             25.779999   data required time
                                            -24.838743   data arrival time
---------------------------------------------------------------------------------------------
                                              0.941256   slack (MET)




===========================================================================
report_checks --slack_max -0.01
============================================================================
======================= max_ss_100C_1v60 Corner ===================================

No paths found.


===========================================================================
 report_check_types -max_slew -max_cap -max_fanout -violators
============================================================================
======================= max_ss_100C_1v60 Corner ===================================

max slew

Pin                                        Limit        Slew       Slack
------------------------------------------------------------------------
_3955_/A0                               0.750000    1.288545   -0.538545 (VIOLATED)
ANTENNA__3955__A0/DIODE                 0.750000    1.288544   -0.538544 (VIOLATED)
_4265_/A1                               0.750000    1.288532   -0.538532 (VIOLATED)
ANTENNA__4265__A1/DIODE                 0.750000    1.288531   -0.538531 (VIOLATED)
_4294_/A1                               0.750000    1.288531   -0.538531 (VIOLATED)
ANTENNA__4294__A1/DIODE                 0.750000    1.288530   -0.538530 (VIOLATED)
_4740_/A0                               0.750000    1.288509   -0.538509 (VIOLATED)
_4163_/A0                               0.750000    1.288505   -0.538505 (VIOLATED)
ANTENNA__4740__A0/DIODE                 0.750000    1.288503   -0.538503 (VIOLATED)
ANTENNA__4163__A0/DIODE                 0.750000    1.288496   -0.538496 (VIOLATED)
ANTENNA__4200__A0/DIODE                 0.750000    1.288481   -0.538481 (VIOLATED)
ANTENNA__4246__A0/DIODE                 0.750000    1.288481   -0.538481 (VIOLATED)
ANTENNA_hold36_X/DIODE                  0.750000    1.288481   -0.538481 (VIOLATED)
_4200_/A0                               0.750000    1.288481   -0.538481 (VIOLATED)
_4246_/A0                               0.750000    1.288481   -0.538481 (VIOLATED)
hold36/X                                0.750000    1.288481   -0.538481 (VIOLATED)
ANTENNA__4201__A0/DIODE                 0.750000    1.197019   -0.447019 (VIOLATED)
_4201_/A0                               0.750000    1.197017   -0.447017 (VIOLATED)
ANTENNA__4247__A0/DIODE                 0.750000    1.197011   -0.447011 (VIOLATED)
_4247_/A0                               0.750000    1.197011   -0.447011 (VIOLATED)
_4741_/A0                               0.750000    1.197005   -0.447005 (VIOLATED)
ANTENNA__4741__A0/DIODE                 0.750000    1.197003   -0.447003 (VIOLATED)
_4164_/A0                               0.750000    1.196984   -0.446984 (VIOLATED)
ANTENNA__4164__A0/DIODE                 0.750000    1.196982   -0.446982 (VIOLATED)
ANTENNA__3956__A0/DIODE                 0.750000    1.196956   -0.446956 (VIOLATED)
_3956_/A0                               0.750000    1.196956   -0.446956 (VIOLATED)
ANTENNA__4266__A1/DIODE                 0.750000    1.196939   -0.446938 (VIOLATED)
ANTENNA__4295__A1/DIODE                 0.750000    1.196939   -0.446938 (VIOLATED)
ANTENNA_hold40_X/DIODE                  0.750000    1.196939   -0.446938 (VIOLATED)
_4266_/A1                               0.750000    1.196939   -0.446938 (VIOLATED)
_4295_/A1                               0.750000    1.196939   -0.446938 (VIOLATED)
hold40/X                                0.750000    1.196939   -0.446938 (VIOLATED)
_5150_/C1                               0.750000    1.142287   -0.392288 (VIOLATED)
ANTENNA__5150__C1/DIODE                 0.750000    1.142285   -0.392285 (VIOLATED)
ANTENNA__5001__A2/DIODE                 0.750000    1.142257   -0.392257 (VIOLATED)
_4962_/A2                               0.750000    1.142256   -0.392256 (VIOLATED)
_5001_/A2                               0.750000    1.142256   -0.392256 (VIOLATED)
ANTENNA__4962__A2/DIODE                 0.750000    1.142254   -0.392254 (VIOLATED)
_5009_/A2                               0.750000    1.142237   -0.392237 (VIOLATED)
ANTENNA__5009__A2/DIODE                 0.750000    1.142234   -0.392234 (VIOLATED)
fanout197/A                             0.750000    1.142184   -0.392185 (VIOLATED)
ANTENNA_fanout197_A/DIODE               0.750000    1.142183   -0.392183 (VIOLATED)
ANTENNA__3314__Y/DIODE                  0.750000    1.142173   -0.392173 (VIOLATED)
_3314_/Y                                0.750000    1.142170   -0.392170 (VIOLATED)
_5212_/B1                               0.750000    1.071722   -0.321722 (VIOLATED)
ANTENNA__5212__B1/DIODE                 0.750000    1.071720   -0.321721 (VIOLATED)
fanout169/A                             0.750000    1.071717   -0.321717 (VIOLATED)
ANTENNA_fanout169_A/DIODE               0.750000    1.071716   -0.321716 (VIOLATED)
_4971_/C1                               0.750000    1.071714   -0.321714 (VIOLATED)
ANTENNA__4971__C1/DIODE                 0.750000    1.071713   -0.321713 (VIOLATED)
ANTENNA__4963__Y/DIODE                  0.750000    1.071705   -0.321705 (VIOLATED)
_4963_/Y                                0.750000    1.071697   -0.321697 (VIOLATED)
_4976_/C1                               0.750000    1.066516   -0.316516 (VIOLATED)
ANTENNA__4976__C1/DIODE                 0.750000    1.066515   -0.316515 (VIOLATED)
ANTENNA__5108__C1/DIODE                 0.750000    1.066512   -0.316512 (VIOLATED)
_5108_/C1                               0.750000    1.066512   -0.316512 (VIOLATED)
ANTENNA__5121__A_N/DIODE                0.750000    1.066506   -0.316506 (VIOLATED)
_5121_/A_N                              0.750000    1.066506   -0.316506 (VIOLATED)
ANTENNA__3351__Y/DIODE                  0.750000    1.066504   -0.316504 (VIOLATED)
_3351_/Y                                0.750000    1.066504   -0.316504 (VIOLATED)
_4482_/A2                               0.750000    1.040381   -0.290381 (VIOLATED)
ANTENNA__4482__A2/DIODE                 0.750000    1.040380   -0.290380 (VIOLATED)
_4453_/B2                               0.750000    1.040368   -0.290368 (VIOLATED)
ANTENNA__4453__B2/DIODE                 0.750000    1.040365   -0.290366 (VIOLATED)
fanout134/A                             0.750000    1.040362   -0.290362 (VIOLATED)
ANTENNA_fanout134_A/DIODE               0.750000    1.040361   -0.290361 (VIOLATED)
_4569_/A1                               0.750000    1.040347   -0.290347 (VIOLATED)
ANTENNA__4569__A1/DIODE                 0.750000    1.040346   -0.290346 (VIOLATED)
ANTENNA__4436__A2/DIODE                 0.750000    1.040334   -0.290334 (VIOLATED)
_4436_/A2                               0.750000    1.040331   -0.290331 (VIOLATED)
ANTENNA__4433__Y/DIODE                  0.750000    1.040296   -0.290296 (VIOLATED)
_4433_/Y                                0.750000    1.040267   -0.290267 (VIOLATED)
ANTENNA_fanout216_A/DIODE               0.750000    1.030005   -0.280005 (VIOLATED)
fanout216/A                             0.750000    1.030006   -0.280006 (VIOLATED)
fanout215/A                             0.750000    1.030005   -0.280005 (VIOLATED)
ANTENNA_fanout215_A/DIODE               0.750000    1.030001   -0.280001 (VIOLATED)
fanout214/A                             0.750000    1.029980   -0.279980 (VIOLATED)
ANTENNA_fanout214_A/DIODE               0.750000    1.029977   -0.279977 (VIOLATED)
ANTENNA__4400__Y/DIODE                  0.750000    1.029971   -0.279971 (VIOLATED)
_4400_/Y                                0.750000    1.029971   -0.279971 (VIOLATED)
_3984_/C1                               0.750000    1.026686   -0.276686 (VIOLATED)
_3986_/A                                0.750000    1.026686   -0.276686 (VIOLATED)
ANTENNA__3986__A/DIODE                  0.750000    1.026679   -0.276679 (VIOLATED)
ANTENNA__3984__C1/DIODE                 0.750000    1.026655   -0.276655 (VIOLATED)
_3972_/A1                               0.750000    1.026653   -0.276653 (VIOLATED)
ANTENNA__3972__A1/DIODE                 0.750000    1.026644   -0.276644 (VIOLATED)
ANTENNA__4027__A2/DIODE                 0.750000    1.026604   -0.276604 (VIOLATED)
_4027_/A2                               0.750000    1.026602   -0.276602 (VIOLATED)
_4023_/A2                               0.750000    1.026589   -0.276589 (VIOLATED)
ANTENNA__4023__A2/DIODE                 0.750000    1.026587   -0.276587 (VIOLATED)
ANTENNA__4025__A2/DIODE                 0.750000    1.026572   -0.276572 (VIOLATED)
_4025_/A2                               0.750000    1.026568   -0.276568 (VIOLATED)
_4038_/A                                0.750000    1.026543   -0.276543 (VIOLATED)
ANTENNA__4038__A/DIODE                  0.750000    1.026541   -0.276541 (VIOLATED)
ANTENNA__3547__B/DIODE                  0.750000    1.026526   -0.276526 (VIOLATED)
_3547_/B                                0.750000    1.026525   -0.276525 (VIOLATED)
_4794_/B1_N                             0.750000    1.026454   -0.276454 (VIOLATED)
ANTENNA__4794__B1_N/DIODE               0.750000    1.026453   -0.276453 (VIOLATED)
ANTENNA__3546__Y/DIODE                  0.750000    1.026447   -0.276447 (VIOLATED)
_3546_/Y                                0.750000    1.026379   -0.276379 (VIOLATED)
fanout272/A                             0.750000    1.015835   -0.265835 (VIOLATED)
ANTENNA_fanout272_A/DIODE               0.750000    1.015834   -0.265834 (VIOLATED)
ANTENNA__4996__B2/DIODE                 0.750000    1.015826   -0.265826 (VIOLATED)
_4996_/B2                               0.750000    1.015826   -0.265826 (VIOLATED)
_5197_/A2                               0.750000    1.015820   -0.265820 (VIOLATED)
ANTENNA__5181__A2/DIODE                 0.750000    1.015819   -0.265819 (VIOLATED)
_5181_/A2                               0.750000    1.015820   -0.265820 (VIOLATED)
ANTENNA__5197__A2/DIODE                 0.750000    1.015819   -0.265819 (VIOLATED)
ANTENNA__3125__Y/DIODE                  0.750000    1.015811   -0.265811 (VIOLATED)
_3125_/Y                                0.750000    1.015809   -0.265809 (VIOLATED)
fanout366/A                             0.750000    0.974138   -0.224138 (VIOLATED)
ANTENNA_fanout366_A/DIODE               0.750000    0.974137   -0.224137 (VIOLATED)
fanout365/A                             0.750000    0.974117   -0.224117 (VIOLATED)
ANTENNA_fanout365_A/DIODE               0.750000    0.974117   -0.224117 (VIOLATED)
fanout364/A                             0.750000    0.974074   -0.224074 (VIOLATED)
ANTENNA_fanout364_A/DIODE               0.750000    0.974073   -0.224073 (VIOLATED)
ANTENNA_hold151_X/DIODE                 0.750000    0.974067   -0.224067 (VIOLATED)
hold151/X                               0.750000    0.974066   -0.224066 (VIOLATED)
_6890_/A                                0.750000    0.964184   -0.214184 (VIOLATED)
ANTENNA__6890__A/DIODE                  0.750000    0.964182   -0.214182 (VIOLATED)
ANTENNA_hold558_X/DIODE                 0.750000    0.963590   -0.213590 (VIOLATED)
hold558/X                               0.750000    0.963590   -0.213590 (VIOLATED)
_4347_/A                                0.750000    0.931950   -0.181950 (VIOLATED)
ANTENNA__4347__A/DIODE                  0.750000    0.931950   -0.181950 (VIOLATED)
ANTENNA__4313__X/DIODE                  0.750000    0.931946   -0.181946 (VIOLATED)
_4313_/X                                0.750000    0.931943   -0.181943 (VIOLATED)
ANTENNA_input13_A/DIODE                 0.750000    0.920376   -0.170376 (VIOLATED)
input13/A                               0.750000    0.920305   -0.170305 (VIOLATED)
ANTENNA_hold159_A/DIODE                 0.750000    0.920283   -0.170283 (VIOLATED)
ANTENNA_hold52_A/DIODE                  0.750000    0.920244   -0.170244 (VIOLATED)
input17/A                               0.750000    0.920235   -0.170235 (VIOLATED)
ANTENNA_hold15_A/DIODE                  0.750000    0.920233   -0.170233 (VIOLATED)
ANTENNA_hold30_A/DIODE                  0.750000    0.920228   -0.170228 (VIOLATED)
input16/A                               0.750000    0.920228   -0.170228 (VIOLATED)
ANTENNA_hold74_A/DIODE                  0.750000    0.920225   -0.170225 (VIOLATED)
input26/A                               0.750000    0.920224   -0.170224 (VIOLATED)
hold43/A                                0.750000    0.920223   -0.170223 (VIOLATED)
input23/A                               0.750000    0.920222   -0.170222 (VIOLATED)
ANTENNA_hold147_A/DIODE                 0.750000    0.920218   -0.170218 (VIOLATED)
ANTENNA_hold136_A/DIODE                 0.750000    0.920215   -0.170215 (VIOLATED)
hold52/A                                0.750000    0.920212   -0.170212 (VIOLATED)
input24/A                               0.750000    0.920212   -0.170212 (VIOLATED)
ANTENNA_hold58_A/DIODE                  0.750000    0.920211   -0.170211 (VIOLATED)
input18/A                               0.750000    0.920208   -0.170208 (VIOLATED)
input20/A                               0.750000    0.920207   -0.170207 (VIOLATED)
hold159/A                               0.750000    0.920206   -0.170206 (VIOLATED)
hold68/A                                0.750000    0.920204   -0.170204 (VIOLATED)
input22/A                               0.750000    0.920203   -0.170203 (VIOLATED)
input19/A                               0.750000    0.920203   -0.170203 (VIOLATED)
hold74/A                                0.750000    0.920202   -0.170202 (VIOLATED)
input21/A                               0.750000    0.920201   -0.170201 (VIOLATED)
hold30/A                                0.750000    0.920197   -0.170197 (VIOLATED)
hold72/A                                0.750000    0.920196   -0.170197 (VIOLATED)
ANTENNA_input26_A/DIODE                 0.750000    0.920193   -0.170193 (VIOLATED)
ANTENNA_hold68_A/DIODE                  0.750000    0.920193   -0.170193 (VIOLATED)
hold343/A                               0.750000    0.920193   -0.170193 (VIOLATED)
hold147/A                               0.750000    0.920189   -0.170189 (VIOLATED)
ANTENNA_input17_A/DIODE                 0.750000    0.920189   -0.170189 (VIOLATED)
hold162/A                               0.750000    0.920189   -0.170189 (VIOLATED)
hold136/A                               0.750000    0.920186   -0.170186 (VIOLATED)
ANTENNA_hold119_A/DIODE                 0.750000    0.920183   -0.170183 (VIOLATED)
hold58/A                                0.750000    0.920182   -0.170182 (VIOLATED)
hold119/A                               0.750000    0.920181   -0.170181 (VIOLATED)
hold15/A                                0.750000    0.920181   -0.170181 (VIOLATED)
input27/A                               0.750000    0.920181   -0.170181 (VIOLATED)
ANTENNA_input23_A/DIODE                 0.750000    0.920180   -0.170180 (VIOLATED)
input15/A                               0.750000    0.920179   -0.170179 (VIOLATED)
ANTENNA_input24_A/DIODE                 0.750000    0.920177   -0.170177 (VIOLATED)
ANTENNA_input16_A/DIODE                 0.750000    0.920175   -0.170175 (VIOLATED)
ANTENNA_hold43_A/DIODE                  0.750000    0.920173   -0.170173 (VIOLATED)
ANTENNA_hold343_A/DIODE                 0.750000    0.920173   -0.170173 (VIOLATED)
ANTENNA_input20_A/DIODE                 0.750000    0.920164   -0.170164 (VIOLATED)
ANTENNA_hold72_A/DIODE                  0.750000    0.920162   -0.170162 (VIOLATED)
ANTENNA_input27_A/DIODE                 0.750000    0.920162   -0.170162 (VIOLATED)
hold63/A                                0.750000    0.920161   -0.170161 (VIOLATED)
hold167/A                               0.750000    0.920160   -0.170160 (VIOLATED)
ANTENNA_input18_A/DIODE                 0.750000    0.920157   -0.170157 (VIOLATED)
ANTENNA_hold162_A/DIODE                 0.750000    0.920156   -0.170156 (VIOLATED)
ANTENNA_input15_A/DIODE                 0.750000    0.920156   -0.170156 (VIOLATED)
ANTENNA_input22_A/DIODE                 0.750000    0.920155   -0.170155 (VIOLATED)
ANTENNA_input19_A/DIODE                 0.750000    0.920155   -0.170155 (VIOLATED)
ANTENNA_input21_A/DIODE                 0.750000    0.920154   -0.170154 (VIOLATED)
ANTENNA_hold167_A/DIODE                 0.750000    0.920146   -0.170146 (VIOLATED)
ANTENNA_hold152_A/DIODE                 0.750000    0.920141   -0.170141 (VIOLATED)
hold19/A                                0.750000    0.920138   -0.170138 (VIOLATED)
ANTENNA_hold63_A/DIODE                  0.750000    0.920134   -0.170134 (VIOLATED)
hold152/A                               0.750000    0.920134   -0.170134 (VIOLATED)
hold133/A                               0.750000    0.920133   -0.170133 (VIOLATED)
ANTENNA_hold133_A/DIODE                 0.750000    0.920120   -0.170120 (VIOLATED)
ANTENNA_hold19_A/DIODE                  0.750000    0.920106   -0.170106 (VIOLATED)
wbs_adr_i[0]                            0.750000    0.920000   -0.170000 (VIOLATED)
wbs_adr_i[10]                           0.750000    0.920000   -0.170000 (VIOLATED)
wbs_adr_i[11]                           0.750000    0.920000   -0.170000 (VIOLATED)
wbs_adr_i[12]                           0.750000    0.920000   -0.170000 (VIOLATED)
wbs_adr_i[13]                           0.750000    0.920000   -0.170000 (VIOLATED)
wbs_adr_i[14]                           0.750000    0.920000   -0.170000 (VIOLATED)
wbs_adr_i[15]                           0.750000    0.920000   -0.170000 (VIOLATED)
wbs_adr_i[16]                           0.750000    0.920000   -0.170000 (VIOLATED)
wbs_adr_i[17]                           0.750000    0.920000   -0.170000 (VIOLATED)
wbs_adr_i[18]                           0.750000    0.920000   -0.170000 (VIOLATED)
wbs_adr_i[19]                           0.750000    0.920000   -0.170000 (VIOLATED)
wbs_adr_i[1]                            0.750000    0.920000   -0.170000 (VIOLATED)
wbs_adr_i[20]                           0.750000    0.920000   -0.170000 (VIOLATED)
wbs_adr_i[21]                           0.750000    0.920000   -0.170000 (VIOLATED)
wbs_adr_i[22]                           0.750000    0.920000   -0.170000 (VIOLATED)
wbs_adr_i[23]                           0.750000    0.920000   -0.170000 (VIOLATED)
wbs_adr_i[24]                           0.750000    0.920000   -0.170000 (VIOLATED)
wbs_adr_i[25]                           0.750000    0.920000   -0.170000 (VIOLATED)
wbs_adr_i[26]                           0.750000    0.920000   -0.170000 (VIOLATED)
wbs_adr_i[27]                           0.750000    0.920000   -0.170000 (VIOLATED)
wbs_adr_i[28]                           0.750000    0.920000   -0.170000 (VIOLATED)
wbs_adr_i[29]                           0.750000    0.920000   -0.170000 (VIOLATED)
wbs_adr_i[2]                            0.750000    0.920000   -0.170000 (VIOLATED)
wbs_adr_i[30]                           0.750000    0.920000   -0.170000 (VIOLATED)
wbs_adr_i[31]                           0.750000    0.920000   -0.170000 (VIOLATED)
wbs_adr_i[3]                            0.750000    0.920000   -0.170000 (VIOLATED)
wbs_adr_i[4]                            0.750000    0.920000   -0.170000 (VIOLATED)
wbs_adr_i[5]                            0.750000    0.920000   -0.170000 (VIOLATED)
wbs_adr_i[6]                            0.750000    0.920000   -0.170000 (VIOLATED)
wbs_adr_i[7]                            0.750000    0.920000   -0.170000 (VIOLATED)
wbs_adr_i[8]                            0.750000    0.920000   -0.170000 (VIOLATED)
wbs_adr_i[9]                            0.750000    0.920000   -0.170000 (VIOLATED)
_5017_/B1                               0.750000    0.862098   -0.112099 (VIOLATED)
ANTENNA__5017__B1/DIODE                 0.750000    0.862098   -0.112098 (VIOLATED)
_5075_/B1                               0.750000    0.862097   -0.112097 (VIOLATED)
_4824_/A1                               0.750000    0.862096   -0.112096 (VIOLATED)
_5130_/A1                               0.750000    0.862096   -0.112096 (VIOLATED)
ANTENNA__5075__B1/DIODE                 0.750000    0.862096   -0.112096 (VIOLATED)
ANTENNA__5130__A1/DIODE                 0.750000    0.862095   -0.112095 (VIOLATED)
_5142_/A                                0.750000    0.862095   -0.112095 (VIOLATED)
ANTENNA__5142__A/DIODE                  0.750000    0.862095   -0.112095 (VIOLATED)
_5185_/B1                               0.750000    0.862094   -0.112094 (VIOLATED)
ANTENNA__4824__A1/DIODE                 0.750000    0.862094   -0.112094 (VIOLATED)
ANTENNA__5185__B1/DIODE                 0.750000    0.862091   -0.112091 (VIOLATED)
_5068_/A1                               0.750000    0.862090   -0.112090 (VIOLATED)
ANTENNA__5068__A1/DIODE                 0.750000    0.862089   -0.112089 (VIOLATED)
ANTENNA__4808__Y/DIODE                  0.750000    0.862067   -0.112067 (VIOLATED)
_4808_/Y                                0.750000    0.862048   -0.112048 (VIOLATED)
_5383_/S                                0.750000    0.861882   -0.111882 (VIOLATED)
ANTENNA__5383__S/DIODE                  0.750000    0.861879   -0.111879 (VIOLATED)
_5387_/S                                0.750000    0.861849   -0.111850 (VIOLATED)
ANTENNA__5387__S/DIODE                  0.750000    0.861847   -0.111847 (VIOLATED)
_5385_/S                                0.750000    0.861786   -0.111786 (VIOLATED)
ANTENNA__5385__S/DIODE                  0.750000    0.861780   -0.111780 (VIOLATED)
_5391_/S                                0.750000    0.861695   -0.111695 (VIOLATED)
ANTENNA__5391__S/DIODE                  0.750000    0.861692   -0.111692 (VIOLATED)
_5386_/S                                0.750000    0.861597   -0.111597 (VIOLATED)
_5388_/S                                0.750000    0.861579   -0.111579 (VIOLATED)
ANTENNA__5386__S/DIODE                  0.750000    0.861577   -0.111577 (VIOLATED)
ANTENNA__5388__S/DIODE                  0.750000    0.861536   -0.111536 (VIOLATED)
_5384_/S                                0.750000    0.861414   -0.111414 (VIOLATED)
ANTENNA__5384__S/DIODE                  0.750000    0.861260   -0.111260 (VIOLATED)
_5390_/S                                0.750000    0.861008   -0.111008 (VIOLATED)
ANTENNA__5390__S/DIODE                  0.750000    0.860937   -0.110937 (VIOLATED)
_5389_/S                                0.750000    0.860927   -0.110927 (VIOLATED)
ANTENNA__5389__S/DIODE                  0.750000    0.860919   -0.110919 (VIOLATED)
ANTENNA__5382__Y/DIODE                  0.750000    0.860748   -0.110748 (VIOLATED)
_5382_/Y                                0.750000    0.860712   -0.110712 (VIOLATED)
_3121_/A                                0.750000    0.853435   -0.103435 (VIOLATED)
_4143_/A                                0.750000    0.853434   -0.103434 (VIOLATED)
ANTENNA__4143__A/DIODE                  0.750000    0.853431   -0.103431 (VIOLATED)
ANTENNA__3121__A/DIODE                  0.750000    0.853431   -0.103431 (VIOLATED)
ANTENNA_hold16_X/DIODE                  0.750000    0.853337   -0.103337 (VIOLATED)
hold16/X                                0.750000    0.853337   -0.103337 (VIOLATED)
fanout212/A                             0.750000    0.853150   -0.103150 (VIOLATED)
ANTENNA_fanout212_A/DIODE               0.750000    0.853149   -0.103149 (VIOLATED)
fanout211/A                             0.750000    0.853143   -0.103143 (VIOLATED)
ANTENNA_fanout211_A/DIODE               0.750000    0.853143   -0.103143 (VIOLATED)
fanout210/A                             0.750000    0.853102   -0.103102 (VIOLATED)
ANTENNA_fanout210_A/DIODE               0.750000    0.853101   -0.103101 (VIOLATED)
ANTENNA__4438__Y/DIODE                  0.750000    0.853093   -0.103093 (VIOLATED)
_4438_/Y                                0.750000    0.853091   -0.103091 (VIOLATED)
_4775_/S                                0.750000    0.843794   -0.093794 (VIOLATED)
_4777_/S                                0.750000    0.843790   -0.093790 (VIOLATED)
_4772_/S                                0.750000    0.843790   -0.093790 (VIOLATED)
ANTENNA__4775__S/DIODE                  0.750000    0.843790   -0.093790 (VIOLATED)
_4394_/A                                0.750000    0.843789   -0.093789 (VIOLATED)
ANTENNA__4394__A/DIODE                  0.750000    0.843788   -0.093788 (VIOLATED)
_4764_/A1                               0.750000    0.843786   -0.093786 (VIOLATED)
ANTENNA__4764__A1/DIODE                 0.750000    0.843783   -0.093783 (VIOLATED)
ANTENNA__4777__S/DIODE                  0.750000    0.843780   -0.093780 (VIOLATED)
ANTENNA__4772__S/DIODE                  0.750000    0.843777   -0.093777 (VIOLATED)
_4768_/S                                0.750000    0.843737   -0.093737 (VIOLATED)
ANTENNA__4768__S/DIODE                  0.750000    0.843690   -0.093690 (VIOLATED)
_4362_/B1                               0.750000    0.843660   -0.093660 (VIOLATED)
ANTENNA__4362__B1/DIODE                 0.750000    0.843659   -0.093659 (VIOLATED)
_4404_/A1                               0.750000    0.843640   -0.093640 (VIOLATED)
ANTENNA__4404__A1/DIODE                 0.750000    0.843639   -0.093639 (VIOLATED)
_4442_/C                                0.750000    0.843630   -0.093630 (VIOLATED)
ANTENNA__4442__C/DIODE                  0.750000    0.843624   -0.093624 (VIOLATED)
ANTENNA__3267__Y/DIODE                  0.750000    0.843304   -0.093304 (VIOLATED)
_3267_/Y                                0.750000    0.843278   -0.093278 (VIOLATED)
ANTENNA_hold87_A/DIODE                  0.750000    0.840970   -0.090970 (VIOLATED)
hold87/A                                0.750000    0.840784   -0.090784 (VIOLATED)
ANTENNA_hold78_A/DIODE                  0.750000    0.840656   -0.090656 (VIOLATED)
ANTENNA__3257__Y/DIODE                  0.750000    0.840647   -0.090647 (VIOLATED)
ANTENNA__3288__D_N/DIODE                0.750000    0.840647   -0.090647 (VIOLATED)
ANTENNA__4403__A1/DIODE                 0.750000    0.840647   -0.090647 (VIOLATED)
_3257_/Y                                0.750000    0.840647   -0.090647 (VIOLATED)
_3288_/D_N                              0.750000    0.840647   -0.090647 (VIOLATED)
_4403_/A1                               0.750000    0.840647   -0.090647 (VIOLATED)
hold78/A                                0.750000    0.840596   -0.090596 (VIOLATED)
ANTENNA_hold84_A/DIODE                  0.750000    0.840459   -0.090459 (VIOLATED)
ANTENNA_hold82_A/DIODE                  0.750000    0.840430   -0.090430 (VIOLATED)
ANTENNA_hold1_A/DIODE                   0.750000    0.840419   -0.090419 (VIOLATED)
ANTENNA_hold7_A/DIODE                   0.750000    0.840411   -0.090411 (VIOLATED)
ANTENNA_hold105_A/DIODE                 0.750000    0.840370   -0.090370 (VIOLATED)
ANTENNA_hold186_A/DIODE                 0.750000    0.840369   -0.090369 (VIOLATED)
ANTENNA_hold12_A/DIODE                  0.750000    0.840369   -0.090369 (VIOLATED)
ANTENNA_hold112_A/DIODE                 0.750000    0.840350   -0.090350 (VIOLATED)
hold84/A                                0.750000    0.840346   -0.090346 (VIOLATED)
ANTENNA_hold144_A/DIODE                 0.750000    0.840325   -0.090325 (VIOLATED)
hold186/A                               0.750000    0.840317   -0.090317 (VIOLATED)
hold1/A                                 0.750000    0.840314   -0.090314 (VIOLATED)
hold7/A                                 0.750000    0.840306   -0.090306 (VIOLATED)
hold112/A                               0.750000    0.840301   -0.090301 (VIOLATED)
hold144/A                               0.750000    0.840282   -0.090283 (VIOLATED)
ANTENNA_hold35_A/DIODE                  0.750000    0.840282   -0.090282 (VIOLATED)
ANTENNA_hold126_A/DIODE                 0.750000    0.840280   -0.090280 (VIOLATED)
hold105/A                               0.750000    0.840279   -0.090279 (VIOLATED)
hold82/A                                0.750000    0.840266   -0.090266 (VIOLATED)
ANTENNA_hold39_A/DIODE                  0.750000    0.840255   -0.090255 (VIOLATED)
ANTENNA_hold76_A/DIODE                  0.750000    0.840250   -0.090250 (VIOLATED)
hold12/A                                0.750000    0.840250   -0.090250 (VIOLATED)
ANTENNA_hold124_A/DIODE                 0.750000    0.840245   -0.090245 (VIOLATED)
hold126/A                               0.750000    0.840237   -0.090237 (VIOLATED)
hold35/A                                0.750000    0.840233   -0.090233 (VIOLATED)
ANTENNA_hold122_A/DIODE                 0.750000    0.840232   -0.090232 (VIOLATED)
ANTENNA_hold90_A/DIODE                  0.750000    0.840231   -0.090231 (VIOLATED)
ANTENNA_hold24_A/DIODE                  0.750000    0.840215   -0.090215 (VIOLATED)
ANTENNA_hold5_A/DIODE                   0.750000    0.840215   -0.090215 (VIOLATED)
ANTENNA_hold141_A/DIODE                 0.750000    0.840210   -0.090210 (VIOLATED)
hold39/A                                0.750000    0.840210   -0.090210 (VIOLATED)
hold24/A                                0.750000    0.840206   -0.090206 (VIOLATED)
hold90/A                                0.750000    0.840202   -0.090202 (VIOLATED)
hold124/A                               0.750000    0.840202   -0.090202 (VIOLATED)
hold122/A                               0.750000    0.840198   -0.090198 (VIOLATED)
ANTENNA_hold37_A/DIODE                  0.750000    0.840196   -0.090196 (VIOLATED)
hold5/A                                 0.750000    0.840193   -0.090193 (VIOLATED)
ANTENNA_hold97_A/DIODE                  0.750000    0.840193   -0.090193 (VIOLATED)
ANTENNA_hold100_A/DIODE                 0.750000    0.840190   -0.090190 (VIOLATED)
hold37/A                                0.750000    0.840188   -0.090188 (VIOLATED)
hold80/A                                0.750000    0.840181   -0.090181 (VIOLATED)
hold129/A                               0.750000    0.840180   -0.090180 (VIOLATED)
hold141/A                               0.750000    0.840176   -0.090176 (VIOLATED)
hold131/A                               0.750000    0.840174   -0.090174 (VIOLATED)
hold76/A                                0.750000    0.840168   -0.090168 (VIOLATED)
ANTENNA_hold131_A/DIODE                 0.750000    0.840167   -0.090167 (VIOLATED)
hold150/A                               0.750000    0.840161   -0.090161 (VIOLATED)
ANTENNA_hold28_A/DIODE                  0.750000    0.840157   -0.090157 (VIOLATED)
ANTENNA_hold26_A/DIODE                  0.750000    0.840151   -0.090151 (VIOLATED)
ANTENNA_hold80_A/DIODE                  0.750000    0.840150   -0.090150 (VIOLATED)
hold97/A                                0.750000    0.840146   -0.090146 (VIOLATED)
ANTENNA_hold61_A/DIODE                  0.750000    0.840144   -0.090144 (VIOLATED)
hold28/A                                0.750000    0.840143   -0.090143 (VIOLATED)
hold3/A                                 0.750000    0.840142   -0.090142 (VIOLATED)
hold61/A                                0.750000    0.840141   -0.090141 (VIOLATED)
hold100/A                               0.750000    0.840141   -0.090141 (VIOLATED)
hold26/A                                0.750000    0.840140   -0.090140 (VIOLATED)
ANTENNA_hold150_A/DIODE                 0.750000    0.840135   -0.090135 (VIOLATED)
ANTENNA_hold129_A/DIODE                 0.750000    0.840127   -0.090127 (VIOLATED)
ANTENNA_hold3_A/DIODE                   0.750000    0.840120   -0.090120 (VIOLATED)
wbs_dat_i[0]                            0.750000    0.840000   -0.090000 (VIOLATED)
wbs_dat_i[10]                           0.750000    0.840000   -0.090000 (VIOLATED)
wbs_dat_i[11]                           0.750000    0.840000   -0.090000 (VIOLATED)
wbs_dat_i[12]                           0.750000    0.840000   -0.090000 (VIOLATED)
wbs_dat_i[13]                           0.750000    0.840000   -0.090000 (VIOLATED)
wbs_dat_i[14]                           0.750000    0.840000   -0.090000 (VIOLATED)
wbs_dat_i[15]                           0.750000    0.840000   -0.090000 (VIOLATED)
wbs_dat_i[16]                           0.750000    0.840000   -0.090000 (VIOLATED)
wbs_dat_i[17]                           0.750000    0.840000   -0.090000 (VIOLATED)
wbs_dat_i[18]                           0.750000    0.840000   -0.090000 (VIOLATED)
wbs_dat_i[19]                           0.750000    0.840000   -0.090000 (VIOLATED)
wbs_dat_i[1]                            0.750000    0.840000   -0.090000 (VIOLATED)
wbs_dat_i[20]                           0.750000    0.840000   -0.090000 (VIOLATED)
wbs_dat_i[21]                           0.750000    0.840000   -0.090000 (VIOLATED)
wbs_dat_i[22]                           0.750000    0.840000   -0.090000 (VIOLATED)
wbs_dat_i[23]                           0.750000    0.840000   -0.090000 (VIOLATED)
wbs_dat_i[24]                           0.750000    0.840000   -0.090000 (VIOLATED)
wbs_dat_i[25]                           0.750000    0.840000   -0.090000 (VIOLATED)
wbs_dat_i[26]                           0.750000    0.840000   -0.090000 (VIOLATED)
wbs_dat_i[27]                           0.750000    0.840000   -0.090000 (VIOLATED)
wbs_dat_i[28]                           0.750000    0.840000   -0.090000 (VIOLATED)
wbs_dat_i[29]                           0.750000    0.840000   -0.090000 (VIOLATED)
wbs_dat_i[2]                            0.750000    0.840000   -0.090000 (VIOLATED)
wbs_dat_i[30]                           0.750000    0.840000   -0.090000 (VIOLATED)
wbs_dat_i[31]                           0.750000    0.840000   -0.090000 (VIOLATED)
wbs_dat_i[3]                            0.750000    0.840000   -0.090000 (VIOLATED)
wbs_dat_i[4]                            0.750000    0.840000   -0.090000 (VIOLATED)
wbs_dat_i[5]                            0.750000    0.840000   -0.090000 (VIOLATED)
wbs_dat_i[6]                            0.750000    0.840000   -0.090000 (VIOLATED)
wbs_dat_i[7]                            0.750000    0.840000   -0.090000 (VIOLATED)
wbs_dat_i[8]                            0.750000    0.840000   -0.090000 (VIOLATED)
wbs_dat_i[9]                            0.750000    0.840000   -0.090000 (VIOLATED)
_4343_/B                                0.750000    0.837762   -0.087762 (VIOLATED)
ANTENNA__4343__B/DIODE                  0.750000    0.837762   -0.087762 (VIOLATED)
ANTENNA__4332__X/DIODE                  0.750000    0.837758   -0.087758 (VIOLATED)
_4332_/X                                0.750000    0.837758   -0.087758 (VIOLATED)
_4140_/Y                                0.750000    0.836739   -0.086739 (VIOLATED)
_4433_/A                                0.750000    0.836739   -0.086739 (VIOLATED)
_4434_/A                                0.750000    0.836739   -0.086739 (VIOLATED)
max_cap148/A                            0.750000    0.836739   -0.086739 (VIOLATED)
_5581_/S                                0.750000    0.823909   -0.073909 (VIOLATED)
_5585_/S                                0.750000    0.823899   -0.073899 (VIOLATED)
ANTENNA__5581__S/DIODE                  0.750000    0.823896   -0.073896 (VIOLATED)
ANTENNA__5585__S/DIODE                  0.750000    0.823893   -0.073893 (VIOLATED)
_5583_/S                                0.750000    0.823842   -0.073842 (VIOLATED)
ANTENNA__5583__S/DIODE                  0.750000    0.823834   -0.073834 (VIOLATED)
_5589_/S                                0.750000    0.823791   -0.073791 (VIOLATED)
ANTENNA__5589__S/DIODE                  0.750000    0.823778   -0.073778 (VIOLATED)
_5586_/S                                0.750000    0.823774   -0.073774 (VIOLATED)
ANTENNA__5586__S/DIODE                  0.750000    0.823761   -0.073761 (VIOLATED)
_5584_/S                                0.750000    0.823757   -0.073757 (VIOLATED)
ANTENNA__5584__S/DIODE                  0.750000    0.823726   -0.073726 (VIOLATED)
_5588_/S                                0.750000    0.823615   -0.073615 (VIOLATED)
ANTENNA__5588__S/DIODE                  0.750000    0.823583   -0.073583 (VIOLATED)
_5582_/S                                0.750000    0.823459   -0.073459 (VIOLATED)
ANTENNA__5582__S/DIODE                  0.750000    0.823441   -0.073441 (VIOLATED)
ANTENNA__5587__S/DIODE                  0.750000    0.823261   -0.073261 (VIOLATED)
_5587_/S                                0.750000    0.823254   -0.073254 (VIOLATED)
ANTENNA__5580__Y/DIODE                  0.750000    0.823180   -0.073180 (VIOLATED)
_5580_/Y                                0.750000    0.823156   -0.073156 (VIOLATED)
_4946_/A3                               0.750000    0.815319   -0.065319 (VIOLATED)
ANTENNA__4946__A3/DIODE                 0.750000    0.815318   -0.065318 (VIOLATED)
ANTENNA__4945__Y/DIODE                  0.750000    0.815301   -0.065301 (VIOLATED)
_4945_/Y                                0.750000    0.815301   -0.065301 (VIOLATED)
ANTENNA__5345__S/DIODE                  0.750000    0.810819   -0.060819 (VIOLATED)
_5345_/S                                0.750000    0.810817   -0.060817 (VIOLATED)
_5343_/S                                0.750000    0.810809   -0.060809 (VIOLATED)
ANTENNA__5343__S/DIODE                  0.750000    0.810806   -0.060806 (VIOLATED)
_5349_/S                                0.750000    0.810768   -0.060768 (VIOLATED)
ANTENNA__5349__S/DIODE                  0.750000    0.810760   -0.060760 (VIOLATED)
_5344_/S                                0.750000    0.810707   -0.060707 (VIOLATED)
ANTENNA__5344__S/DIODE                  0.750000    0.810704   -0.060704 (VIOLATED)
_5346_/S                                0.750000    0.810701   -0.060701 (VIOLATED)
ANTENNA__5346__S/DIODE                  0.750000    0.810697   -0.060697 (VIOLATED)
_5341_/S                                0.750000    0.810602   -0.060602 (VIOLATED)
ANTENNA__5341__S/DIODE                  0.750000    0.810599   -0.060599 (VIOLATED)
_5342_/S                                0.750000    0.810523   -0.060523 (VIOLATED)
ANTENNA__5342__S/DIODE                  0.750000    0.810507   -0.060507 (VIOLATED)
ANTENNA__5348__S/DIODE                  0.750000    0.810378   -0.060378 (VIOLATED)
_5348_/S                                0.750000    0.810307   -0.060307 (VIOLATED)
_5347_/S                                0.750000    0.810248   -0.060248 (VIOLATED)
ANTENNA__5347__S/DIODE                  0.750000    0.810246   -0.060246 (VIOLATED)
ANTENNA__5340__Y/DIODE                  0.750000    0.810170   -0.060170 (VIOLATED)
_5340_/Y                                0.750000    0.810151   -0.060151 (VIOLATED)
_5591_/S                                0.750000    0.808791   -0.058791 (VIOLATED)
_5595_/S                                0.750000    0.808787   -0.058787 (VIOLATED)
ANTENNA__5591__S/DIODE                  0.750000    0.808784   -0.058784 (VIOLATED)
ANTENNA__5595__S/DIODE                  0.750000    0.808778   -0.058778 (VIOLATED)
_5593_/S                                0.750000    0.808747   -0.058747 (VIOLATED)
ANTENNA__5593__S/DIODE                  0.750000    0.808740   -0.058740 (VIOLATED)
_5599_/S                                0.750000    0.808694   -0.058694 (VIOLATED)
ANTENNA__5599__S/DIODE                  0.750000    0.808689   -0.058689 (VIOLATED)
_5596_/S                                0.750000    0.808636   -0.058636 (VIOLATED)
_5594_/S                                0.750000    0.808628   -0.058628 (VIOLATED)
ANTENNA__5596__S/DIODE                  0.750000    0.808626   -0.058626 (VIOLATED)
ANTENNA__5598__S/DIODE                  0.750000    0.808571   -0.058571 (VIOLATED)
_5598_/S                                0.750000    0.808570   -0.058570 (VIOLATED)
ANTENNA__5594__S/DIODE                  0.750000    0.808523   -0.058523 (VIOLATED)
_5592_/S                                0.750000    0.808415   -0.058415 (VIOLATED)
ANTENNA__5592__S/DIODE                  0.750000    0.808400   -0.058400 (VIOLATED)
_5597_/S                                0.750000    0.808312   -0.058312 (VIOLATED)
ANTENNA__5597__S/DIODE                  0.750000    0.808309   -0.058309 (VIOLATED)
ANTENNA__5590__Y/DIODE                  0.750000    0.808197   -0.058197 (VIOLATED)
_5590_/Y                                0.750000    0.808169   -0.058169 (VIOLATED)
_3949_/B                                0.750000    0.792643   -0.042643 (VIOLATED)
_3326_/B                                0.750000    0.792641   -0.042641 (VIOLATED)
ANTENNA__3949__B/DIODE                  0.750000    0.792631   -0.042631 (VIOLATED)
ANTENNA__3326__B/DIODE                  0.750000    0.792630   -0.042630 (VIOLATED)
_3134_/B                                0.750000    0.792595   -0.042595 (VIOLATED)
ANTENNA__3134__B/DIODE                  0.750000    0.792591   -0.042591 (VIOLATED)
ANTENNA__3293__B/DIODE                  0.750000    0.792524   -0.042524 (VIOLATED)
_3293_/B                                0.750000    0.792510   -0.042510 (VIOLATED)
ANTENNA_hold20_X/DIODE                  0.750000    0.792395   -0.042395 (VIOLATED)
hold20/X                                0.750000    0.792395   -0.042395 (VIOLATED)
_5556_/S                                0.750000    0.779845   -0.029845 (VIOLATED)
ANTENNA__5556__S/DIODE                  0.750000    0.779843   -0.029843 (VIOLATED)
_5552_/S                                0.750000    0.779843   -0.029843 (VIOLATED)
ANTENNA__5552__S/DIODE                  0.750000    0.779839   -0.029839 (VIOLATED)
_5555_/S                                0.750000    0.779833   -0.029833 (VIOLATED)
_5554_/S                                0.750000    0.779830   -0.029830 (VIOLATED)
ANTENNA__5555__S/DIODE                  0.750000    0.779830   -0.029830 (VIOLATED)
ANTENNA__5554__S/DIODE                  0.750000    0.779826   -0.029826 (VIOLATED)
_5551_/S                                0.750000    0.779815   -0.029815 (VIOLATED)
ANTENNA__5551__S/DIODE                  0.750000    0.779811   -0.029811 (VIOLATED)
_5558_/S                                0.750000    0.779796   -0.029796 (VIOLATED)
ANTENNA__5558__S/DIODE                  0.750000    0.779788   -0.029788 (VIOLATED)
_5559_/S                                0.750000    0.779668   -0.029668 (VIOLATED)
ANTENNA__5559__S/DIODE                  0.750000    0.779666   -0.029666 (VIOLATED)
_5553_/S                                0.750000    0.779661   -0.029661 (VIOLATED)
ANTENNA__5553__S/DIODE                  0.750000    0.779656   -0.029656 (VIOLATED)
_5557_/S                                0.750000    0.779644   -0.029644 (VIOLATED)
ANTENNA__5557__S/DIODE                  0.750000    0.779601   -0.029601 (VIOLATED)
ANTENNA__5550__Y/DIODE                  0.750000    0.779496   -0.029496 (VIOLATED)
_5550_/Y                                0.750000    0.779491   -0.029491 (VIOLATED)
_5461_/S                                0.750000    0.777210   -0.027210 (VIOLATED)
ANTENNA__5461__S/DIODE                  0.750000    0.777203   -0.027203 (VIOLATED)
_5464_/S                                0.750000    0.777201   -0.027201 (VIOLATED)
ANTENNA__5464__S/DIODE                  0.750000    0.777197   -0.027197 (VIOLATED)
_5460_/S                                0.750000    0.777179   -0.027179 (VIOLATED)
ANTENNA__5460__S/DIODE                  0.750000    0.777174   -0.027174 (VIOLATED)
_5468_/S                                0.750000    0.777173   -0.027173 (VIOLATED)
ANTENNA__5468__S/DIODE                  0.750000    0.777172   -0.027172 (VIOLATED)
_5467_/S                                0.750000    0.777160   -0.027160 (VIOLATED)
_5463_/S                                0.750000    0.777157   -0.027157 (VIOLATED)
ANTENNA__5467__S/DIODE                  0.750000    0.777157   -0.027157 (VIOLATED)
ANTENNA__5463__S/DIODE                  0.750000    0.777155   -0.027155 (VIOLATED)
_5465_/S                                0.750000    0.777154   -0.027154 (VIOLATED)
ANTENNA__5465__S/DIODE                  0.750000    0.777149   -0.027149 (VIOLATED)
_5462_/S                                0.750000    0.777142   -0.027142 (VIOLATED)
ANTENNA__5462__S/DIODE                  0.750000    0.777139   -0.027139 (VIOLATED)
ANTENNA__5466__S/DIODE                  0.750000    0.777123   -0.027123 (VIOLATED)
_5466_/S                                0.750000    0.777110   -0.027110 (VIOLATED)
ANTENNA__5459__Y/DIODE                  0.750000    0.777059   -0.027059 (VIOLATED)
_5459_/Y                                0.750000    0.777053   -0.027053 (VIOLATED)
_5571_/S                                0.750000    0.776707   -0.026707 (VIOLATED)
ANTENNA__5571__S/DIODE                  0.750000    0.776702   -0.026702 (VIOLATED)
_5573_/S                                0.750000    0.776700   -0.026700 (VIOLATED)
ANTENNA__5573__S/DIODE                  0.750000    0.776692   -0.026692 (VIOLATED)
_5578_/S                                0.750000    0.776657   -0.026657 (VIOLATED)
ANTENNA__5578__S/DIODE                  0.750000    0.776655   -0.026655 (VIOLATED)
_5577_/S                                0.750000    0.776582   -0.026582 (VIOLATED)
ANTENNA__5577__S/DIODE                  0.750000    0.776575   -0.026575 (VIOLATED)
ANTENNA__5572__S/DIODE                  0.750000    0.776549   -0.026549 (VIOLATED)
_5575_/S                                0.750000    0.776539   -0.026539 (VIOLATED)
ANTENNA__5575__S/DIODE                  0.750000    0.776531   -0.026531 (VIOLATED)
_5572_/S                                0.750000    0.776523   -0.026524 (VIOLATED)
ANTENNA__5576__S/DIODE                  0.750000    0.776508   -0.026508 (VIOLATED)
_5576_/S                                0.750000    0.776450   -0.026450 (VIOLATED)
ANTENNA__5574__S/DIODE                  0.750000    0.776311   -0.026311 (VIOLATED)
_5574_/S                                0.750000    0.776273   -0.026274 (VIOLATED)
_5579_/S                                0.750000    0.776229   -0.026229 (VIOLATED)
ANTENNA__5579__S/DIODE                  0.750000    0.776228   -0.026228 (VIOLATED)
ANTENNA__5570__Y/DIODE                  0.750000    0.776143   -0.026143 (VIOLATED)
_5570_/Y                                0.750000    0.776136   -0.026136 (VIOLATED)
_5642_/S                                0.750000    0.775414   -0.025414 (VIOLATED)
_5645_/S                                0.750000    0.775413   -0.025413 (VIOLATED)
ANTENNA__5645__S/DIODE                  0.750000    0.775411   -0.025411 (VIOLATED)
ANTENNA__5642__S/DIODE                  0.750000    0.775405   -0.025405 (VIOLATED)
_5644_/S                                0.750000    0.775373   -0.025373 (VIOLATED)
ANTENNA__5644__S/DIODE                  0.750000    0.775372   -0.025372 (VIOLATED)
_5531_/S                                0.750000    0.775368   -0.025368 (VIOLATED)
ANTENNA__5531__S/DIODE                  0.750000    0.775365   -0.025365 (VIOLATED)
_5533_/S                                0.750000    0.775363   -0.025363 (VIOLATED)
_5535_/S                                0.750000    0.775356   -0.025356 (VIOLATED)
ANTENNA__5535__S/DIODE                  0.750000    0.775353   -0.025353 (VIOLATED)
ANTENNA__5533__S/DIODE                  0.750000    0.775343   -0.025343 (VIOLATED)
_5646_/S                                0.750000    0.775332   -0.025332 (VIOLATED)
ANTENNA__5646__S/DIODE                  0.750000    0.775328   -0.025328 (VIOLATED)
ANTENNA__5538__S/DIODE                  0.750000    0.775284   -0.025284 (VIOLATED)
_5648_/S                                0.750000    0.775269   -0.025269 (VIOLATED)
_5538_/S                                0.750000    0.775250   -0.025250 (VIOLATED)
ANTENNA__5648__S/DIODE                  0.750000    0.775242   -0.025242 (VIOLATED)
ANTENNA__5537__S/DIODE                  0.750000    0.775241   -0.025241 (VIOLATED)
_5537_/S                                0.750000    0.775233   -0.025233 (VIOLATED)
_5647_/S                                0.750000    0.775228   -0.025228 (VIOLATED)
ANTENNA__5647__S/DIODE                  0.750000    0.775225   -0.025225 (VIOLATED)
_5532_/S                                0.750000    0.775208   -0.025208 (VIOLATED)
ANTENNA__5532__S/DIODE                  0.750000    0.775196   -0.025196 (VIOLATED)
_5649_/S                                0.750000    0.775185   -0.025185 (VIOLATED)
ANTENNA__5649__S/DIODE                  0.750000    0.775184   -0.025184 (VIOLATED)
_5641_/S                                0.750000    0.775175   -0.025175 (VIOLATED)
_5643_/S                                0.750000    0.775174   -0.025174 (VIOLATED)
ANTENNA__5641__S/DIODE                  0.750000    0.775174   -0.025174 (VIOLATED)
ANTENNA__5643__S/DIODE                  0.750000    0.775168   -0.025169 (VIOLATED)
ANTENNA__5640__Y/DIODE                  0.750000    0.775146   -0.025146 (VIOLATED)
ANTENNA__5536__S/DIODE                  0.750000    0.775144   -0.025144 (VIOLATED)
_5640_/Y                                0.750000    0.775140   -0.025140 (VIOLATED)
_5536_/S                                0.750000    0.775132   -0.025132 (VIOLATED)
_5539_/S                                0.750000    0.775112   -0.025112 (VIOLATED)
ANTENNA__5539__S/DIODE                  0.750000    0.775071   -0.025071 (VIOLATED)
ANTENNA__5534__S/DIODE                  0.750000    0.774995   -0.024995 (VIOLATED)
_5534_/S                                0.750000    0.774956   -0.024956 (VIOLATED)
ANTENNA__5530__Y/DIODE                  0.750000    0.774870   -0.024870 (VIOLATED)
_5530_/Y                                0.750000    0.774834   -0.024834 (VIOLATED)
wire147/A                               0.750000    0.767077   -0.017077 (VIOLATED)
_4352_/Y                                0.750000    0.767076   -0.017076 (VIOLATED)
_4728_/A0                               0.750000    0.766882   -0.016882 (VIOLATED)
ANTENNA__4728__A0/DIODE                 0.750000    0.766881   -0.016881 (VIOLATED)
ANTENNA__4234__A0/DIODE                 0.750000    0.766845   -0.016845 (VIOLATED)
_4234_/A0                               0.750000    0.766844   -0.016844 (VIOLATED)
ANTENNA__4188__A0/DIODE                 0.750000    0.766832   -0.016832 (VIOLATED)
ANTENNA_hold8_X/DIODE                   0.750000    0.766832   -0.016832 (VIOLATED)
_4188_/A0                               0.750000    0.766832   -0.016832 (VIOLATED)
hold8/X                                 0.750000    0.766832   -0.016832 (VIOLATED)
_5376_/S                                0.750000    0.761009   -0.011009 (VIOLATED)
_5372_/S                                0.750000    0.761008   -0.011008 (VIOLATED)
ANTENNA__5372__S/DIODE                  0.750000    0.761006   -0.011006 (VIOLATED)
ANTENNA__5376__S/DIODE                  0.750000    0.761005   -0.011005 (VIOLATED)
_5380_/S                                0.750000    0.760999   -0.010999 (VIOLATED)
_5375_/S                                0.750000    0.760998   -0.010998 (VIOLATED)
ANTENNA__5380__S/DIODE                  0.750000    0.760996   -0.010996 (VIOLATED)
ANTENNA__5375__S/DIODE                  0.750000    0.760991   -0.010991 (VIOLATED)
_5374_/S                                0.750000    0.760957   -0.010957 (VIOLATED)
ANTENNA__5374__S/DIODE                  0.750000    0.760950   -0.010950 (VIOLATED)
_5373_/S                                0.750000    0.760904   -0.010904 (VIOLATED)
ANTENNA__5373__S/DIODE                  0.750000    0.760897   -0.010897 (VIOLATED)
_5377_/S                                0.750000    0.760892   -0.010892 (VIOLATED)
_5378_/S                                0.750000    0.760888   -0.010888 (VIOLATED)
ANTENNA__5378__S/DIODE                  0.750000    0.760886   -0.010886 (VIOLATED)
ANTENNA__5377__S/DIODE                  0.750000    0.760886   -0.010886 (VIOLATED)
_5379_/S                                0.750000    0.760849   -0.010849 (VIOLATED)
ANTENNA__5379__S/DIODE                  0.750000    0.760842   -0.010842 (VIOLATED)
ANTENNA__5371__Y/DIODE                  0.750000    0.760819   -0.010820 (VIOLATED)
_5371_/Y                                0.750000    0.760793   -0.010793 (VIOLATED)
_4746_/A0                               0.750000    0.756961   -0.006961 (VIOLATED)
ANTENNA__4746__A0/DIODE                 0.750000    0.756960   -0.006960 (VIOLATED)
fanout335/A                             0.750000    0.756959   -0.006959 (VIOLATED)
ANTENNA_fanout335_A/DIODE               0.750000    0.756959   -0.006959 (VIOLATED)
ANTENNA_hold101_X/DIODE                 0.750000    0.756954   -0.006954 (VIOLATED)
hold101/X                               0.750000    0.756954   -0.006954 (VIOLATED)
_5522_/S                                0.750000    0.756947   -0.006947 (VIOLATED)
ANTENNA__5522__S/DIODE                  0.750000    0.756944   -0.006944 (VIOLATED)
_5525_/S                                0.750000    0.756940   -0.006940 (VIOLATED)
ANTENNA__5525__S/DIODE                  0.750000    0.756937   -0.006937 (VIOLATED)
ANTENNA__5521__S/DIODE                  0.750000    0.756934   -0.006934 (VIOLATED)
_5521_/S                                0.750000    0.756934   -0.006934 (VIOLATED)
_5529_/S                                0.750000    0.756921   -0.006921 (VIOLATED)
ANTENNA__5529__S/DIODE                  0.750000    0.756920   -0.006920 (VIOLATED)
ANTENNA__5528__S/DIODE                  0.750000    0.756865   -0.006865 (VIOLATED)
_5528_/S                                0.750000    0.756865   -0.006865 (VIOLATED)
_5524_/S                                0.750000    0.756856   -0.006856 (VIOLATED)
ANTENNA__5524__S/DIODE                  0.750000    0.756855   -0.006855 (VIOLATED)
_5526_/S                                0.750000    0.756851   -0.006851 (VIOLATED)
ANTENNA__5526__S/DIODE                  0.750000    0.756843   -0.006843 (VIOLATED)
ANTENNA__5527__S/DIODE                  0.750000    0.756834   -0.006834 (VIOLATED)
_5523_/S                                0.750000    0.756826   -0.006826 (VIOLATED)
ANTENNA__5523__S/DIODE                  0.750000    0.756822   -0.006822 (VIOLATED)
_5527_/S                                0.750000    0.756821   -0.006821 (VIOLATED)
ANTENNA__5520__Y/DIODE                  0.750000    0.756774   -0.006774 (VIOLATED)
_5520_/Y                                0.750000    0.756768   -0.006768 (VIOLATED)
_3326_/A                                0.750000    0.755605   -0.005605 (VIOLATED)
ANTENNA__3326__A/DIODE                  0.750000    0.755601   -0.005601 (VIOLATED)
_3134_/A                                0.750000    0.755587   -0.005587 (VIOLATED)
ANTENNA__3134__A/DIODE                  0.750000    0.755576   -0.005576 (VIOLATED)
_3293_/A                                0.750000    0.755551   -0.005551 (VIOLATED)
ANTENNA__3293__A/DIODE                  0.750000    0.755513   -0.005513 (VIOLATED)
ANTENNA_hold64_X/DIODE                  0.750000    0.755402   -0.005402 (VIOLATED)
hold64/X                                0.750000    0.755402   -0.005402 (VIOLATED)
_5454_/S                                0.750000    0.752846   -0.002846 (VIOLATED)
ANTENNA__5454__S/DIODE                  0.750000    0.752846   -0.002846 (VIOLATED)
_5452_/S                                0.750000    0.752833   -0.002833 (VIOLATED)
ANTENNA__5452__S/DIODE                  0.750000    0.752823   -0.002824 (VIOLATED)
ANTENNA__5450__S/DIODE                  0.750000    0.752813   -0.002813 (VIOLATED)
_5450_/S                                0.750000    0.752801   -0.002801 (VIOLATED)
ANTENNA__5453__S/DIODE                  0.750000    0.752730   -0.002730 (VIOLATED)
_5453_/S                                0.750000    0.752708   -0.002708 (VIOLATED)
_5457_/S                                0.750000    0.752701   -0.002701 (VIOLATED)
ANTENNA__5457__S/DIODE                  0.750000    0.752700   -0.002700 (VIOLATED)
fanout246/A                             0.750000    0.752681   -0.002682 (VIOLATED)
ANTENNA_fanout246_A/DIODE               0.750000    0.752679   -0.002680 (VIOLATED)
fanout247/A                             0.750000    0.752666   -0.002666 (VIOLATED)
ANTENNA_fanout247_A/DIODE               0.750000    0.752665   -0.002665 (VIOLATED)
_5449_/S                                0.750000    0.752650   -0.002651 (VIOLATED)
hold17/A                                0.750000    0.752622   -0.002622 (VIOLATED)
ANTENNA_hold17_A/DIODE                  0.750000    0.752621   -0.002622 (VIOLATED)
fanout248/A                             0.750000    0.752621   -0.002621 (VIOLATED)
ANTENNA_fanout248_A/DIODE               0.750000    0.752620   -0.002620 (VIOLATED)
ANTENNA__5449__S/DIODE                  0.750000    0.752600   -0.002600 (VIOLATED)
_5456_/S                                0.750000    0.752521   -0.002521 (VIOLATED)
ANTENNA__5456__S/DIODE                  0.750000    0.752518   -0.002518 (VIOLATED)
_5451_/S                                0.750000    0.752494   -0.002494 (VIOLATED)
ANTENNA__5451__S/DIODE                  0.750000    0.752484   -0.002484 (VIOLATED)
_5455_/S                                0.750000    0.752427   -0.002427 (VIOLATED)
ANTENNA__5455__S/DIODE                  0.750000    0.752425   -0.002425 (VIOLATED)
ANTENNA__4143__Y/DIODE                  0.750000    0.752415   -0.002415 (VIOLATED)
_4143_/Y                                0.750000    0.752415   -0.002415 (VIOLATED)
ANTENNA__5448__Y/DIODE                  0.750000    0.752311   -0.002311 (VIOLATED)
_5448_/Y                                0.750000    0.752279   -0.002279 (VIOLATED)

max fanout

Pin                                   Limit Fanout  Slack
---------------------------------------------------------
clkbuf_leaf_58_wb_clk_i_regs/X           10     43    -33 (VIOLATED)
clkbuf_leaf_45_wb_clk_i_regs/X           10     39    -29 (VIOLATED)
clkbuf_leaf_18_wb_clk_i_regs/X           10     37    -27 (VIOLATED)
clkbuf_leaf_51_wb_clk_i_regs/X           10     37    -27 (VIOLATED)
clkbuf_leaf_7_wb_clk_i_regs/X            10     35    -25 (VIOLATED)
clkbuf_leaf_54_wb_clk_i_regs/X           10     31    -21 (VIOLATED)
clkbuf_leaf_35_wb_clk_i_regs/X           10     29    -19 (VIOLATED)
clkbuf_leaf_48_wb_clk_i_regs/X           10     29    -19 (VIOLATED)
clkbuf_leaf_8_wb_clk_i_regs/X            10     29    -19 (VIOLATED)
clkbuf_3_2_0_wb_clk_i_regs/X             10     27    -17 (VIOLATED)
clkbuf_3_0_0_wb_clk_i_regs/X             10     23    -13 (VIOLATED)
_3354_/Y                                 10     21    -11 (VIOLATED)
_4291_/Y                                 10     21    -11 (VIOLATED)
_4817_/Y                                 10     21    -11 (VIOLATED)
_6285_/Q                                 10     21    -11 (VIOLATED)
_6289_/Q                                 10     21    -11 (VIOLATED)
_6294_/Q                                 10     21    -11 (VIOLATED)
_6871_/Q                                 10     21    -11 (VIOLATED)
clkbuf_3_1_0_wb_clk_i_regs/X             10     21    -11 (VIOLATED)
clkbuf_3_5_0_wb_clk_i_regs/X             10     21    -11 (VIOLATED)
clkbuf_leaf_50_wb_clk_i_regs/X           10     21    -11 (VIOLATED)
clkbuf_leaf_60_wb_clk_i_regs/X           10     21    -11 (VIOLATED)
fanout111/X                              10     21    -11 (VIOLATED)
fanout112/X                              10     21    -11 (VIOLATED)
fanout113/X                              10     21    -11 (VIOLATED)
fanout115/X                              10     21    -11 (VIOLATED)
fanout117/X                              10     21    -11 (VIOLATED)
fanout118/X                              10     21    -11 (VIOLATED)
fanout120/X                              10     21    -11 (VIOLATED)
fanout122/X                              10     21    -11 (VIOLATED)
fanout124/X                              10     21    -11 (VIOLATED)
fanout126/X                              10     21    -11 (VIOLATED)
fanout128/X                              10     21    -11 (VIOLATED)
fanout130/X                              10     21    -11 (VIOLATED)
fanout132/X                              10     21    -11 (VIOLATED)
fanout134/X                              10     21    -11 (VIOLATED)
fanout135/X                              10     21    -11 (VIOLATED)
fanout137/X                              10     21    -11 (VIOLATED)
fanout139/X                              10     21    -11 (VIOLATED)
fanout141/X                              10     21    -11 (VIOLATED)
fanout144/X                              10     21    -11 (VIOLATED)
fanout149/X                              10     21    -11 (VIOLATED)
fanout153/X                              10     21    -11 (VIOLATED)
fanout162/X                              10     21    -11 (VIOLATED)
fanout163/X                              10     21    -11 (VIOLATED)
fanout164/X                              10     21    -11 (VIOLATED)
fanout166/X                              10     21    -11 (VIOLATED)
fanout168/X                              10     21    -11 (VIOLATED)
fanout169/X                              10     21    -11 (VIOLATED)
fanout170/X                              10     21    -11 (VIOLATED)
fanout172/X                              10     21    -11 (VIOLATED)
fanout174/X                              10     21    -11 (VIOLATED)
fanout176/X                              10     21    -11 (VIOLATED)
fanout178/X                              10     21    -11 (VIOLATED)
fanout180/X                              10     21    -11 (VIOLATED)
fanout181/X                              10     21    -11 (VIOLATED)
fanout182/X                              10     21    -11 (VIOLATED)
fanout183/X                              10     21    -11 (VIOLATED)
fanout185/X                              10     21    -11 (VIOLATED)
fanout187/X                              10     21    -11 (VIOLATED)
fanout188/X                              10     21    -11 (VIOLATED)
fanout191/X                              10     21    -11 (VIOLATED)
fanout192/X                              10     21    -11 (VIOLATED)
fanout193/X                              10     21    -11 (VIOLATED)
fanout195/X                              10     21    -11 (VIOLATED)
fanout197/X                              10     21    -11 (VIOLATED)
fanout198/X                              10     21    -11 (VIOLATED)
fanout199/X                              10     21    -11 (VIOLATED)
fanout200/X                              10     21    -11 (VIOLATED)
fanout201/X                              10     21    -11 (VIOLATED)
fanout202/X                              10     21    -11 (VIOLATED)
fanout205/X                              10     21    -11 (VIOLATED)
fanout207/X                              10     21    -11 (VIOLATED)
fanout209/X                              10     21    -11 (VIOLATED)
fanout211/X                              10     21    -11 (VIOLATED)
fanout213/X                              10     21    -11 (VIOLATED)
fanout215/X                              10     21    -11 (VIOLATED)
fanout217/X                              10     21    -11 (VIOLATED)
fanout218/X                              10     21    -11 (VIOLATED)
fanout219/X                              10     21    -11 (VIOLATED)
fanout220/X                              10     21    -11 (VIOLATED)
fanout222/X                              10     21    -11 (VIOLATED)
fanout224/X                              10     21    -11 (VIOLATED)
fanout226/X                              10     21    -11 (VIOLATED)
fanout229/X                              10     21    -11 (VIOLATED)
fanout235/X                              10     21    -11 (VIOLATED)
fanout242/X                              10     21    -11 (VIOLATED)
fanout244/X                              10     21    -11 (VIOLATED)
fanout246/X                              10     21    -11 (VIOLATED)
fanout248/X                              10     21    -11 (VIOLATED)
fanout249/X                              10     21    -11 (VIOLATED)
fanout252/X                              10     21    -11 (VIOLATED)
fanout254/X                              10     21    -11 (VIOLATED)
fanout255/X                              10     21    -11 (VIOLATED)
fanout256/X                              10     21    -11 (VIOLATED)
fanout258/X                              10     21    -11 (VIOLATED)
fanout260/X                              10     21    -11 (VIOLATED)
fanout262/X                              10     21    -11 (VIOLATED)
fanout264/X                              10     21    -11 (VIOLATED)
fanout266/X                              10     21    -11 (VIOLATED)
fanout272/X                              10     21    -11 (VIOLATED)
fanout273/X                              10     21    -11 (VIOLATED)
fanout274/X                              10     21    -11 (VIOLATED)
fanout275/X                              10     21    -11 (VIOLATED)
fanout277/X                              10     21    -11 (VIOLATED)
fanout278/X                              10     21    -11 (VIOLATED)
fanout279/X                              10     21    -11 (VIOLATED)
fanout281/X                              10     21    -11 (VIOLATED)
fanout284/X                              10     21    -11 (VIOLATED)
fanout285/X                              10     21    -11 (VIOLATED)
fanout287/X                              10     21    -11 (VIOLATED)
fanout288/X                              10     21    -11 (VIOLATED)
fanout290/X                              10     21    -11 (VIOLATED)
fanout292/X                              10     21    -11 (VIOLATED)
fanout294/X                              10     21    -11 (VIOLATED)
fanout295/X                              10     21    -11 (VIOLATED)
fanout296/X                              10     21    -11 (VIOLATED)
fanout297/X                              10     21    -11 (VIOLATED)
fanout299/X                              10     21    -11 (VIOLATED)
fanout300/X                              10     21    -11 (VIOLATED)
fanout302/X                              10     21    -11 (VIOLATED)
fanout303/X                              10     21    -11 (VIOLATED)
fanout304/X                              10     21    -11 (VIOLATED)
fanout305/X                              10     21    -11 (VIOLATED)
fanout307/X                              10     21    -11 (VIOLATED)
fanout308/X                              10     21    -11 (VIOLATED)
fanout309/X                              10     21    -11 (VIOLATED)
fanout310/X                              10     21    -11 (VIOLATED)
fanout311/X                              10     21    -11 (VIOLATED)
fanout312/X                              10     21    -11 (VIOLATED)
fanout313/X                              10     21    -11 (VIOLATED)
fanout316/X                              10     21    -11 (VIOLATED)
fanout317/X                              10     21    -11 (VIOLATED)
fanout320/X                              10     21    -11 (VIOLATED)
fanout321/X                              10     21    -11 (VIOLATED)
fanout322/X                              10     21    -11 (VIOLATED)
fanout323/X                              10     21    -11 (VIOLATED)
fanout324/X                              10     21    -11 (VIOLATED)
fanout325/X                              10     21    -11 (VIOLATED)
fanout326/X                              10     21    -11 (VIOLATED)
fanout328/X                              10     21    -11 (VIOLATED)
fanout333/X                              10     21    -11 (VIOLATED)
fanout334/X                              10     21    -11 (VIOLATED)
fanout335/X                              10     21    -11 (VIOLATED)
fanout336/X                              10     21    -11 (VIOLATED)
fanout338/X                              10     21    -11 (VIOLATED)
fanout340/X                              10     21    -11 (VIOLATED)
fanout342/X                              10     21    -11 (VIOLATED)
fanout344/X                              10     21    -11 (VIOLATED)
fanout346/X                              10     21    -11 (VIOLATED)
fanout348/X                              10     21    -11 (VIOLATED)
fanout350/X                              10     21    -11 (VIOLATED)
fanout352/X                              10     21    -11 (VIOLATED)
fanout355/X                              10     21    -11 (VIOLATED)
fanout357/X                              10     21    -11 (VIOLATED)
fanout360/X                              10     21    -11 (VIOLATED)
fanout362/X                              10     21    -11 (VIOLATED)
fanout365/X                              10     21    -11 (VIOLATED)
fanout367/X                              10     21    -11 (VIOLATED)
fanout368/X                              10     21    -11 (VIOLATED)
fanout369/X                              10     21    -11 (VIOLATED)
fanout371/X                              10     21    -11 (VIOLATED)
fanout372/X                              10     21    -11 (VIOLATED)
fanout374/X                              10     21    -11 (VIOLATED)
fanout376/X                              10     21    -11 (VIOLATED)
fanout377/X                              10     21    -11 (VIOLATED)
fanout383/X                              10     21    -11 (VIOLATED)
fanout385/X                              10     21    -11 (VIOLATED)
fanout390/X                              10     21    -11 (VIOLATED)
fanout418/X                              10     21    -11 (VIOLATED)
fanout425/X                              10     21    -11 (VIOLATED)
fanout431/X                              10     21    -11 (VIOLATED)
fanout434/X                              10     21    -11 (VIOLATED)
fanout435/X                              10     21    -11 (VIOLATED)
fanout437/X                              10     21    -11 (VIOLATED)
_3267_/Y                                 10     19     -9 (VIOLATED)
_3355_/Y                                 10     19     -9 (VIOLATED)
_3546_/Y                                 10     19     -9 (VIOLATED)
_4809_/Y                                 10     19     -9 (VIOLATED)
_5340_/Y                                 10     19     -9 (VIOLATED)
_5361_/Y                                 10     19     -9 (VIOLATED)
_5371_/Y                                 10     19     -9 (VIOLATED)
_5382_/Y                                 10     19     -9 (VIOLATED)
_5404_/Y                                 10     19     -9 (VIOLATED)
_5416_/X                                 10     19     -9 (VIOLATED)
_5426_/X                                 10     19     -9 (VIOLATED)
_5436_/X                                 10     19     -9 (VIOLATED)
_5448_/Y                                 10     19     -9 (VIOLATED)
_5459_/Y                                 10     19     -9 (VIOLATED)
_5469_/X                                 10     19     -9 (VIOLATED)
_5479_/X                                 10     19     -9 (VIOLATED)
_5490_/Y                                 10     19     -9 (VIOLATED)
_5500_/Y                                 10     19     -9 (VIOLATED)
_5520_/Y                                 10     19     -9 (VIOLATED)
_5530_/Y                                 10     19     -9 (VIOLATED)
_5540_/X                                 10     19     -9 (VIOLATED)
_5550_/Y                                 10     19     -9 (VIOLATED)
_5570_/Y                                 10     19     -9 (VIOLATED)
_5580_/Y                                 10     19     -9 (VIOLATED)
_5590_/Y                                 10     19     -9 (VIOLATED)
_5600_/X                                 10     19     -9 (VIOLATED)
_5620_/Y                                 10     19     -9 (VIOLATED)
_5630_/Y                                 10     19     -9 (VIOLATED)
_5640_/Y                                 10     19     -9 (VIOLATED)
_5652_/X                                 10     19     -9 (VIOLATED)
_5662_/Y                                 10     19     -9 (VIOLATED)
_6233_/Q                                 10     19     -9 (VIOLATED)
_6234_/Q                                 10     19     -9 (VIOLATED)
_6268_/Q                                 10     19     -9 (VIOLATED)
_6270_/Q                                 10     19     -9 (VIOLATED)
_6271_/Q                                 10     19     -9 (VIOLATED)
_6290_/Q                                 10     19     -9 (VIOLATED)
_6296_/Q                                 10     19     -9 (VIOLATED)
_6325_/Q                                 10     19     -9 (VIOLATED)
clkbuf_3_3_0_wb_clk_i_regs/X             10     19     -9 (VIOLATED)
clkbuf_3_4_0_wb_clk_i_regs/X             10     19     -9 (VIOLATED)
fanout131/X                              10     19     -9 (VIOLATED)
fanout138/X                              10     19     -9 (VIOLATED)
fanout140/X                              10     19     -9 (VIOLATED)
fanout214/X                              10     19     -9 (VIOLATED)
fanout230/X                              10     19     -9 (VIOLATED)
fanout234/X                              10     19     -9 (VIOLATED)
fanout253/X                              10     19     -9 (VIOLATED)
fanout257/X                              10     19     -9 (VIOLATED)
fanout259/X                              10     19     -9 (VIOLATED)
fanout263/X                              10     19     -9 (VIOLATED)
fanout265/X                              10     19     -9 (VIOLATED)
fanout267/X                              10     19     -9 (VIOLATED)
fanout345/X                              10     19     -9 (VIOLATED)
hold10/X                                 10     19     -9 (VIOLATED)
hold110/X                                10     19     -9 (VIOLATED)
clkbuf_leaf_20_wb_clk_i_regs/X           10     18     -8 (VIOLATED)
clkbuf_leaf_2_wb_clk_i_regs/X            10     18     -8 (VIOLATED)
clkbuf_leaf_3_wb_clk_i_regs/X            10     18     -8 (VIOLATED)
clkbuf_leaf_61_wb_clk_i_regs/X           10     18     -8 (VIOLATED)
clkbuf_leaf_68_wb_clk_i_regs/X           10     18     -8 (VIOLATED)
fanout370/X                              10     18     -8 (VIOLATED)
_3472_/X                                 10     17     -7 (VIOLATED)
_3476_/Y                                 10     17     -7 (VIOLATED)
_3861_/X                                 10     17     -7 (VIOLATED)
_3891_/X                                 10     17     -7 (VIOLATED)
_4282_/X                                 10     17     -7 (VIOLATED)
_4355_/X                                 10     17     -7 (VIOLATED)
_4405_/Y                                 10     17     -7 (VIOLATED)
_6237_/Q                                 10     17     -7 (VIOLATED)
_6238_/Q                                 10     17     -7 (VIOLATED)
_6252_/Q                                 10     17     -7 (VIOLATED)
_6253_/Q                                 10     17     -7 (VIOLATED)
_6255_/Q                                 10     17     -7 (VIOLATED)
_6257_/Q                                 10     17     -7 (VIOLATED)
_6286_/Q                                 10     17     -7 (VIOLATED)
_6874_/Q                                 10     17     -7 (VIOLATED)
_6876_/Q                                 10     17     -7 (VIOLATED)
clkbuf_0_wb_clk_i_regs/X                 10     17     -7 (VIOLATED)
clkbuf_3_6_0_wb_clk_i_regs/X             10     17     -7 (VIOLATED)
clkbuf_leaf_14_wb_clk_i_regs/X           10     17     -7 (VIOLATED)
clkbuf_leaf_15_wb_clk_i_regs/X           10     17     -7 (VIOLATED)
fanout127/X                              10     17     -7 (VIOLATED)
fanout129/X                              10     17     -7 (VIOLATED)
fanout133/X                              10     17     -7 (VIOLATED)
fanout136/X                              10     17     -7 (VIOLATED)
fanout142/X                              10     17     -7 (VIOLATED)
fanout150/X                              10     17     -7 (VIOLATED)
fanout161/X                              10     17     -7 (VIOLATED)
fanout167/X                              10     17     -7 (VIOLATED)
fanout177/X                              10     17     -7 (VIOLATED)
fanout206/X                              10     17     -7 (VIOLATED)
fanout261/X                              10     17     -7 (VIOLATED)
fanout381/X                              10     17     -7 (VIOLATED)
fanout386/X                              10     17     -7 (VIOLATED)
hold103/X                                10     17     -7 (VIOLATED)
hold95/X                                 10     17     -7 (VIOLATED)
clkbuf_leaf_11_wb_clk_i_regs/X           10     16     -6 (VIOLATED)
clkbuf_leaf_26_wb_clk_i_regs/X           10     16     -6 (VIOLATED)
clkbuf_leaf_66_wb_clk_i_regs/X           10     16     -6 (VIOLATED)
_3548_/X                                 10     15     -5 (VIOLATED)
_4128_/X                                 10     15     -5 (VIOLATED)
_4144_/X                                 10     15     -5 (VIOLATED)
_4145_/Y                                 10     15     -5 (VIOLATED)
_4808_/Y                                 10     15     -5 (VIOLATED)
_5016_/X                                 10     15     -5 (VIOLATED)
_6235_/Q                                 10     15     -5 (VIOLATED)
_6240_/Q                                 10     15     -5 (VIOLATED)
_6241_/Q                                 10     15     -5 (VIOLATED)
_6247_/Q                                 10     15     -5 (VIOLATED)
clkbuf_leaf_16_wb_clk_i_regs/X           10     15     -5 (VIOLATED)
clkbuf_leaf_62_wb_clk_i_regs/X           10     15     -5 (VIOLATED)
fanout125/X                              10     15     -5 (VIOLATED)
fanout173/X                              10     15     -5 (VIOLATED)
fanout190/X                              10     15     -5 (VIOLATED)
fanout210/X                              10     15     -5 (VIOLATED)
fanout236/X                              10     15     -5 (VIOLATED)
fanout237/X                              10     15     -5 (VIOLATED)
fanout301/X                              10     15     -5 (VIOLATED)
fanout363/X                              10     15     -5 (VIOLATED)
fanout364/X                              10     15     -5 (VIOLATED)
fanout396/X                              10     15     -5 (VIOLATED)
hold36/X                                 10     15     -5 (VIOLATED)
hold40/X                                 10     15     -5 (VIOLATED)
clkbuf_leaf_34_wb_clk_i_regs/X           10     14     -4 (VIOLATED)
clkbuf_leaf_49_wb_clk_i_regs/X           10     14     -4 (VIOLATED)
fanout351/X                              10     14     -4 (VIOLATED)
_3091_/Y                                 10     13     -3 (VIOLATED)
_3107_/Y                                 10     13     -3 (VIOLATED)
_3111_/Y                                 10     13     -3 (VIOLATED)
_3408_/Y                                 10     13     -3 (VIOLATED)
_3425_/X                                 10     13     -3 (VIOLATED)
_3609_/X                                 10     13     -3 (VIOLATED)
_4292_/X                                 10     13     -3 (VIOLATED)
_5121_/X                                 10     13     -3 (VIOLATED)
_6236_/Q                                 10     13     -3 (VIOLATED)
_6239_/Q                                 10     13     -3 (VIOLATED)
_6254_/Q                                 10     13     -3 (VIOLATED)
_6258_/Q                                 10     13     -3 (VIOLATED)
_6262_/Q                                 10     13     -3 (VIOLATED)
_6675_/Q                                 10     13     -3 (VIOLATED)
_6714_/Q                                 10     13     -3 (VIOLATED)
clkbuf_3_7_0_wb_clk_i_regs/X             10     13     -3 (VIOLATED)
clkbuf_leaf_10_wb_clk_i_regs/X           10     13     -3 (VIOLATED)
clkbuf_leaf_19_wb_clk_i_regs/X           10     13     -3 (VIOLATED)
clkbuf_leaf_46_wb_clk_i_regs/X           10     13     -3 (VIOLATED)
clkbuf_leaf_64_wb_clk_i_regs/X           10     13     -3 (VIOLATED)
fanout114/X                              10     13     -3 (VIOLATED)
fanout121/X                              10     13     -3 (VIOLATED)
fanout160/X                              10     13     -3 (VIOLATED)
fanout175/X                              10     13     -3 (VIOLATED)
fanout212/X                              10     13     -3 (VIOLATED)
fanout225/X                              10     13     -3 (VIOLATED)
fanout228/X                              10     13     -3 (VIOLATED)
fanout298/X                              10     13     -3 (VIOLATED)
fanout354/X                              10     13     -3 (VIOLATED)
fanout359/X                              10     13     -3 (VIOLATED)
fanout405/X                              10     13     -3 (VIOLATED)
fanout420/X                              10     13     -3 (VIOLATED)
input72/X                                10     13     -3 (VIOLATED)
clkbuf_leaf_0_wb_clk_i_regs/X            10     12     -2 (VIOLATED)
clkbuf_leaf_23_wb_clk_i_regs/X           10     12     -2 (VIOLATED)
clkbuf_leaf_28_wb_clk_i_regs/X           10     12     -2 (VIOLATED)
clkbuf_leaf_33_wb_clk_i_regs/X           10     12     -2 (VIOLATED)
clkbuf_leaf_59_wb_clk_i_regs/X           10     12     -2 (VIOLATED)
input35/X                                10     12     -2 (VIOLATED)
input73/X                                10     12     -2 (VIOLATED)
_3099_/Y                                 10     11        (VIOLATED)
_3102_/Y                                 10     11        (VIOLATED)
_3115_/Y                                 10     11        (VIOLATED)
_3298_/X                                 10     11        (VIOLATED)
_3299_/Y                                 10     11        (VIOLATED)
_3314_/Y                                 10     11        (VIOLATED)
_4433_/Y                                 10     11        (VIOLATED)
_4814_/X                                 10     11        (VIOLATED)
_6690_/Q                                 10     11        (VIOLATED)
_6873_/Q                                 10     11        (VIOLATED)
_6888_/Q                                 10     11        (VIOLATED)
clkbuf_leaf_13_wb_clk_i_regs/X           10     11        (VIOLATED)
clkbuf_leaf_17_wb_clk_i_regs/X           10     11        (VIOLATED)
clkbuf_leaf_1_wb_clk_i_regs/X            10     11        (VIOLATED)
clkbuf_leaf_25_wb_clk_i_regs/X           10     11        (VIOLATED)
clkbuf_leaf_4_wb_clk_i_regs/X            10     11        (VIOLATED)
clkbuf_leaf_55_wb_clk_i_regs/X           10     11        (VIOLATED)
clkbuf_leaf_56_wb_clk_i_regs/X           10     11        (VIOLATED)
clkbuf_leaf_57_wb_clk_i_regs/X           10     11        (VIOLATED)
clkbuf_leaf_9_wb_clk_i_regs/X            10     11        (VIOLATED)
fanout179/X                              10     11        (VIOLATED)
fanout184/X                              10     11        (VIOLATED)
fanout204/X                              10     11        (VIOLATED)
fanout221/X                              10     11        (VIOLATED)
fanout223/X                              10     11        (VIOLATED)
fanout233/X                              10     11        (VIOLATED)
fanout241/X                              10     11        (VIOLATED)
fanout243/X                              10     11        (VIOLATED)
fanout269/X                              10     11        (VIOLATED)
fanout271/X                              10     11        (VIOLATED)
fanout282/X                              10     11        (VIOLATED)
fanout293/X                              10     11        (VIOLATED)
fanout306/X                              10     11        (VIOLATED)
fanout327/X                              10     11        (VIOLATED)
fanout353/X                              10     11        (VIOLATED)
fanout378/X                              10     11        (VIOLATED)
fanout406/X                              10     11        (VIOLATED)
fanout421/X                              10     11        (VIOLATED)
fanout438/X                              10     11        (VIOLATED)
input13/X                                10     11        (VIOLATED)
max_cap148/X                             10     11        (VIOLATED)



===========================================================================
report_parasitic_annotation -report_unannotated
============================================================================
Found 68 unannotated drivers.
 clkload0/Y
 clkload1/Y
 clkload10/X
 clkload11/Y
 clkload12/Y
 clkload13/Y
 clkload14/Y
 clkload15/Y
 clkload16/Y
 clkload17/Y
 clkload18/X
 clkload19/Y
 clkload2/Y
 clkload20/Y
 clkload21/Y
 clkload22/Y
 clkload23/Y
 clkload24/Y
 clkload25/Y
 clkload26/Y
 clkload27/Y
 clkload28/Y
 clkload29/Y
 clkload3/Y
 clkload30/Y
 clkload31/X
 clkload32/Y
 clkload33/Y
 clkload34/Y
 clkload35/Y
 clkload36/Y
 clkload37/X
 clkload38/Y
 clkload39/Y
 clkload4/Y
 clkload40/Y
 clkload41/Y
 clkload42/Y
 clkload43/Y
 clkload44/Y
 clkload45/Y
 clkload46/Y
 clkload47/Y
 clkload48/Y
 clkload49/Y
 clkload5/Y
 clkload50/Y
 clkload51/Y
 clkload52/Y
 clkload53/Y
 clkload54/Y
 clkload55/Y
 clkload56/Y
 clkload57/Y
 clkload58/Y
 clkload59/Y
 clkload6/Y
 clkload60/Y
 clkload61/X
 clkload62/Y
 clkload63/X
 clkload64/Y
 clkload65/Y
 clkload66/Y
 clkload7/Y
 clkload8/Y
 clkload9/X
 user_project_439/HI
Found 0 partially unannotated drivers.

===========================================================================
max slew violation count 670
max fanout violation count 383
max cap violation count 0
============================================================================

===========================================================================
check_setup -verbose -unconstrained_endpoints -multiple_clock -no_clock -no_input_delay -loops -generated_clocks
===========================================================================
Warning: There is 1 input port missing set_input_delay.
  uart_rx
Warning: There are 4 unconstrained endpoints.
  pwm_out
  uart_tx
  user_irq[2]
  _6837_/D
