Clock: clk
Sources: wb_clk_i 
Generated: no
Virtual: yes
Propagated: no
Period: 25.000000

===========================================================================
report_clock_properties
============================================================================
Clock                   Period          Waveform
----------------------------------------------------
clk                  25.000000    0.000000 12.500000

===========================================================================
report_clock_latency
============================================================================
Clock clk
rise -> rise
    min     max
4.650000 5.570000 source latency
5.519340         network latency _6271_/CLK
        6.758026 network latency sram_inst/_45_/CLK
---------------
10.169339 12.328027 latency
        2.158688 skew

fall -> fall
    min     max
4.650000 5.570000 source latency
5.558283         network latency _6271_/CLK
        6.808101 network latency sram_inst/_45_/CLK
---------------
10.208282 12.378100 latency
        2.169818 skew



===========================================================================
report_clock_min_period
============================================================================
clk period_min = 8.01 fmax = 124.87
