Clock: clk
Sources: wb_clk_i 
Generated: no
Virtual: yes
Propagated: no
Period: 25.000000

===========================================================================
report_clock_properties
============================================================================
Clock                   Period          Waveform
----------------------------------------------------
clk                  25.000000    0.000000 12.500000

===========================================================================
report_clock_latency
============================================================================
Clock clk
rise -> rise
    min     max
4.650000 5.570000 source latency
4.700483         network latency _6627_/CLK
        5.664049 network latency sram_inst/wb_clk_i
---------------
9.350483 11.234049 latency
        1.883565 skew

fall -> fall
    min     max
4.650000 5.570000 source latency
4.697608         network latency _6627_/CLK
        5.659184 network latency sram_inst/wb_clk_i
---------------
9.347608 11.229183 latency
        1.881576 skew



===========================================================================
report_clock_min_period
============================================================================
clk period_min = 8.38 fmax = 119.38
