
===========================================================================
Violator List
============================================================================
[hold in-reg] wbs_dat_i[26] -> _6259_/D : -0.162854
[hold in-reg] wbs_dat_i[31] -> _6379_/D : -0.162821
[hold in-reg] wbs_dat_i[31] -> _6442_/D : -0.162765
[hold in-reg] wbs_dat_i[25] -> _6258_/D : -0.162621
[hold in-reg] wbs_dat_i[16] -> _6249_/D : -0.162482
[hold in-reg] wbs_dat_i[18] -> _6251_/D : -0.162439
[hold in-reg] wbs_dat_i[17] -> _6250_/D : -0.162336
[hold in-reg] wbs_dat_i[23] -> _6371_/D : -0.162265
[hold in-reg] wbs_dat_i[24] -> _6372_/D : -0.162240
[hold in-reg] wbs_dat_i[25] -> _6436_/D : -0.162225
[hold in-reg] wbs_dat_i[13] -> _6246_/D : -0.162215
[hold in-reg] wbs_dat_i[21] -> _6432_/D : -0.162213
[hold in-reg] wbs_dat_i[20] -> _6431_/D : -0.162141
[hold in-reg] wbs_dat_i[29] -> _6377_/D : -0.162136
[hold in-reg] wbs_dat_i[28] -> _6439_/D : -0.161914
[hold in-reg] wbs_dat_i[22] -> _6433_/D : -0.161896
[hold in-reg] wbs_dat_i[20] -> _6368_/D : -0.161895
[hold in-reg] wbs_dat_i[24] -> _6435_/D : -0.161678
[hold in-reg] wbs_dat_i[23] -> _6434_/D : -0.161537
[hold in-reg] wbs_dat_i[23] -> _6256_/D : -0.161499
[hold in-reg] wbs_dat_i[27] -> _6375_/D : -0.161491
[hold in-reg] wbs_dat_i[26] -> _6374_/D : -0.161478
[hold in-reg] wbs_dat_i[10] -> _6421_/D : -0.161465
[hold in-reg] wbs_dat_i[13] -> _6361_/D : -0.161333
[hold in-reg] wbs_dat_i[19] -> _6252_/D : -0.160997
[hold in-reg] wbs_dat_i[14] -> _6362_/D : -0.160973
[hold in-reg] wbs_dat_i[15] -> _6363_/D : -0.160845
[hold in-reg] wbs_dat_i[14] -> _6247_/D : -0.160742
[hold in-reg] wbs_dat_i[12] -> _6458_/D : -0.160699
[hold in-reg] wbs_dat_i[21] -> _6254_/D : -0.160679
[hold in-reg] wbs_dat_i[12] -> _6245_/D : -0.160656
[hold in-reg] wbs_dat_i[30] -> _6378_/D : -0.160649
[hold in-reg] wbs_dat_i[24] -> _6257_/D : -0.160524
[hold in-reg] wbs_dat_i[12] -> _6423_/D : -0.160513
[hold in-reg] wbs_dat_i[22] -> _6370_/D : -0.160511
[hold in-reg] wbs_dat_i[14] -> _6460_/D : -0.160503
[hold in-reg] wbs_dat_i[21] -> _6369_/D : -0.160478
[hold in-reg] wbs_dat_i[13] -> _6459_/D : -0.160371
[hold in-reg] wbs_dat_i[30] -> _6441_/D : -0.160356
[hold in-reg] wbs_dat_i[16] -> _6364_/D : -0.160102
[hold in-reg] wbs_dat_i[18] -> _6366_/D : -0.159959
[hold in-reg] wbs_dat_i[9] -> _6357_/D : -0.159732
[hold in-reg] wbs_dat_i[11] -> _6359_/D : -0.159541
[hold in-reg] wbs_dat_i[10] -> _6243_/D : -0.159458
[hold in-reg] wbs_dat_i[20] -> _6253_/D : -0.159432
[hold in-reg] wbs_dat_i[9] -> _6242_/D : -0.159211
[hold in-reg] wbs_dat_i[4] -> _6415_/D : -0.159188
[hold in-reg] wbs_dat_i[15] -> _6248_/D : -0.158989
[hold in-reg] wbs_dat_i[11] -> _6244_/D : -0.158889
[hold in-reg] wbs_dat_i[22] -> _6255_/D : -0.158708
[hold in-reg] wbs_dat_i[10] -> _6358_/D : -0.158568
[hold in-reg] wbs_dat_i[4] -> _6352_/D : -0.157893
[hold in-reg] wbs_dat_i[15] -> _6461_/D : -0.157645
[hold in-reg] wbs_dat_i[10] -> _6391_/D : -0.157300
[hold in-reg] wbs_dat_i[9] -> _6390_/D : -0.156646
[hold in-reg] wbs_dat_i[8] -> _6356_/D : -0.156119
[hold in-reg] wbs_dat_i[6] -> _6452_/D : -0.155793
[hold in-reg] wbs_dat_i[1] -> _6349_/D : -0.155773
[hold in-reg] wbs_dat_i[7] -> _6355_/D : -0.155571
[hold in-reg] wbs_dat_i[3] -> _6351_/D : -0.155448
[hold in-reg] wbs_dat_i[11] -> _6392_/D : -0.155311
[hold in-reg] wbs_dat_i[14] -> _6346_/D : -0.155290
[hold in-reg] wbs_dat_i[2] -> _6413_/D : -0.155262
[hold in-reg] wbs_dat_i[3] -> _6414_/D : -0.155008
[hold in-reg] wbs_dat_i[5] -> _6416_/D : -0.154938
[hold in-reg] wbs_dat_i[8] -> _6419_/D : -0.154780
[hold in-reg] wbs_dat_i[1] -> _6412_/D : -0.154548
[hold in-reg] wbs_dat_i[1] -> _6447_/D : -0.154374
[hold in-reg] wbs_dat_i[8] -> _6454_/D : -0.154344
[hold in-reg] wbs_dat_i[2] -> _6448_/D : -0.154245
[hold in-reg] wbs_dat_i[14] -> _6320_/D : -0.154173
[hold in-reg] wbs_dat_i[3] -> _6449_/D : -0.154045
[hold in-reg] wbs_dat_i[2] -> _6350_/D : -0.154041
[hold in-reg] wbs_dat_i[7] -> _6418_/D : -0.153812
[hold in-reg] wbs_dat_i[7] -> _6453_/D : -0.153666
[hold in-reg] wbs_dat_i[7] -> _6388_/D : -0.153630
[hold in-reg] wbs_dat_i[3] -> _6384_/D : -0.153412
[hold in-reg] wbs_dat_i[6] -> _6417_/D : -0.153357
[hold in-reg] wbs_dat_i[5] -> _6353_/D : -0.153235
[hold in-reg] wbs_dat_i[6] -> _6354_/D : -0.153106
[hold in-reg] wbs_dat_i[6] -> _6387_/D : -0.152558
[hold in-reg] wbs_dat_i[3] -> _6328_/D : -0.151802
[hold in-reg] wbs_dat_i[5] -> _6386_/D : -0.151767
[hold in-reg] wbs_dat_i[0] -> _6411_/D : -0.151438
[hold in-reg] wbs_dat_i[8] -> _6314_/D : -0.151121
[hold in-reg] wbs_dat_i[10] -> _6316_/D : -0.150997
[hold in-reg] wbs_dat_i[0] -> _6348_/D : -0.150992
[hold in-reg] wbs_dat_i[7] -> _6469_/D : -0.150003
[hold in-reg] wbs_dat_i[0] -> _6446_/D : -0.149923
[hold in-reg] wbs_dat_i[7] -> _6313_/D : -0.149913
[hold in-reg] wbs_dat_i[5] -> _6467_/D : -0.149859
[hold in-reg] wbs_dat_i[8] -> _6340_/D : -0.149814
[hold in-reg] wbs_dat_i[6] -> _6338_/D : -0.149611
[hold in-reg] wbs_dat_i[5] -> _6337_/D : -0.149599
[hold in-reg] wbs_dat_i[6] -> _6312_/D : -0.149521
[hold in-reg] wbs_dat_i[6] -> _6331_/D : -0.149201
[hold in-reg] wbs_dat_i[5] -> _6311_/D : -0.149085
[hold in-reg] wbs_dat_i[3] -> _6309_/D : -0.148823
[hold in-reg] wbs_dat_i[8] -> _6389_/D : -0.148523
[hold in-reg] wbs_dat_i[4] -> _6385_/D : -0.148139
[hold in-reg] wbs_dat_i[3] -> _6335_/D : -0.148051
[hold in-reg] wbs_dat_i[4] -> _6310_/D : -0.147949
[hold in-reg] wbs_dat_i[6] -> _6468_/D : -0.147914
[hold in-reg] wbs_dat_i[4] -> _6329_/D : -0.147733
[hold in-reg] wbs_dat_i[4] -> _6336_/D : -0.147694
[hold in-reg] wbs_dat_i[2] -> _6334_/D : -0.147613
[hold in-reg] wbs_dat_i[2] -> _6327_/D : -0.147049
[hold in-reg] wbs_dat_i[2] -> _6308_/D : -0.145993
[hold in-reg] wbs_dat_i[2] -> _6383_/D : -0.145243
[hold in-reg] wbs_dat_i[0] -> _6381_/D : -0.145143
[hold in-reg] wbs_dat_i[1] -> _6382_/D : -0.145119
[hold in-reg] wbs_dat_i[0] -> _6306_/D : -0.145025
[hold in-reg] wbs_dat_i[4] -> _6863_/D : -0.143765
[hold in-reg] wbs_dat_i[5] -> _6864_/D : -0.143443
[hold in-reg] wbs_dat_i[0] -> _6332_/D : -0.143426
[hold in-reg] wbs_dat_i[8] -> _6867_/D : -0.143025
[hold in-reg] wbs_dat_i[27] -> _6260_/D : -0.142888
[hold in-reg] wbs_dat_i[7] -> _6866_/D : -0.142768
[hold in-reg] wbs_dat_i[28] -> _6261_/D : -0.142722
[hold in-reg] wbs_dat_i[29] -> _6262_/D : -0.142627
[hold in-reg] wbs_dat_i[3] -> _6465_/D : -0.142363
[hold in-reg] wbs_dat_i[4] -> _6466_/D : -0.141885
[hold in-reg] wbs_dat_i[30] -> _6263_/D : -0.141306
[hold in-reg] wbs_dat_i[31] -> _6264_/D : -0.141096
[hold in-reg] wbs_dat_i[1] -> _6307_/D : -0.140271
[hold in-reg] wbs_dat_i[1] -> _6860_/D : -0.140250
[hold in-reg] wbs_dat_i[1] -> _6463_/D : -0.139821
[hold in-reg] wbs_dat_i[1] -> _6333_/D : -0.139588
[hold in-reg] wbs_dat_i[11] -> _6652_/D : -0.139139
[hold in-reg] wbs_dat_i[2] -> _6324_/D : -0.139032
[hold in-reg] wbs_dat_i[13] -> _6654_/D : -0.138914
[hold in-reg] wbs_dat_i[1] -> _6444_/D : -0.138884
[hold in-reg] wbs_dat_i[1] -> _6323_/D : -0.138862
[hold in-reg] wbs_dat_i[4] -> _6237_/D : -0.138414
[hold in-reg] wbs_dat_i[0] -> _6462_/D : -0.138196
[hold in-reg] wbs_dat_i[0] -> _6443_/D : -0.138131
[hold in-reg] wbs_dat_i[3] -> _6862_/D : -0.137918
[hold in-reg] wbs_dat_i[14] -> _6655_/D : -0.137870
[hold in-reg] wbs_dat_i[2] -> _6464_/D : -0.137604
[hold in-reg] wbs_dat_i[0] -> _6322_/D : -0.137506
[hold in-reg] wbs_dat_i[15] -> _6656_/D : -0.137319
[hold in-reg] wbs_dat_i[5] -> _6238_/D : -0.137307
[hold in-reg] wbs_dat_i[10] -> _6651_/D : -0.137276
[hold in-reg] wbs_dat_i[2] -> _6445_/D : -0.137166
[hold in-reg] wbs_dat_i[12] -> _6653_/D : -0.137143
[hold in-reg] wbs_dat_i[6] -> _6239_/D : -0.136973
[hold in-reg] wbs_dat_i[7] -> _6240_/D : -0.136800
[hold in-reg] wbs_dat_i[9] -> _6650_/D : -0.136329
[hold in-reg] wbs_dat_i[11] -> _6317_/D : -0.135397
[hold in-reg] wbs_dat_i[13] -> _6319_/D : -0.135303
[hold in-reg] wbs_dat_i[3] -> _6236_/D : -0.135081
[hold in-reg] wbs_dat_i[9] -> _6315_/D : -0.135041
[hold in-reg] wbs_dat_i[8] -> _6241_/D : -0.134879
[hold in-reg] wbs_dat_i[10] -> _6342_/D : -0.134071
[hold in-reg] wbs_dat_i[1] -> _6234_/D : -0.133662
[hold in-reg] wbs_dat_i[15] -> _6321_/D : -0.133546
[hold in-reg] wbs_dat_i[9] -> _6818_/D : -0.133459
[hold in-reg] wbs_dat_i[7] -> _6339_/D : -0.133237
[hold in-reg] wbs_dat_i[5] -> _6646_/D : -0.132733
[hold in-reg] wbs_dat_i[3] -> _6644_/D : -0.132577
[hold in-reg] wbs_dat_i[9] -> _6848_/D : -0.132022
[hold in-reg] wbs_dat_i[11] -> _6880_/D : -0.131511
[hold in-reg] wbs_dat_i[10] -> _6879_/D : -0.131481
[hold in-reg] wbs_dat_i[1] -> _6642_/D : -0.131168
[hold in-reg] wbs_dat_i[2] -> _6643_/D : -0.131123
[hold in-reg] wbs_dat_i[5] -> _6330_/D : -0.130457
[hold in-reg] wbs_dat_i[2] -> _6235_/D : -0.130339
[hold in-reg] wbs_dat_i[7] -> _6648_/D : -0.130336
[hold in-reg] wbs_dat_i[8] -> _6649_/D : -0.130157
[hold in-reg] wbs_dat_i[6] -> _6647_/D : -0.130131
[hold in-reg] wbs_dat_i[13] -> _6882_/D : -0.129826
[hold in-reg] wbs_dat_i[0] -> _6641_/D : -0.129431
[hold in-reg] wbs_dat_i[0] -> _6233_/D : -0.129381
[hold in-reg] wbs_dat_i[1] -> _6326_/D : -0.129133
[hold in-reg] wbs_dat_i[2] -> _6304_/D : -0.129075
[hold in-reg] wbs_dat_i[12] -> _6881_/D : -0.128755
[hold in-reg] wbs_dat_i[1] -> _6303_/D : -0.128639
[hold in-reg] wbs_dat_i[9] -> _6878_/D : -0.127673
[hold in-reg] wbs_dat_i[6] -> _6865_/D : -0.127534
[hold in-reg] wbs_dat_i[29] -> _6440_/D : -0.127495
[hold in-reg] wbs_dat_i[0] -> _6884_/D : -0.127384
[hold in-reg] wbs_dat_i[0] -> _6302_/D : -0.127252
[hold in-reg] wbs_dat_i[26] -> _6437_/D : -0.127062
[hold in-reg] wbs_dat_i[27] -> _6438_/D : -0.126688
[hold in-reg] wbs_dat_i[4] -> _6888_/D : -0.126649
[hold in-reg] wbs_dat_i[15] -> _6426_/D : -0.126485
[hold in-reg] wbs_dat_i[8] -> _6817_/D : -0.126431
[hold in-reg] wbs_dat_i[18] -> _6429_/D : -0.126335
[hold in-reg] wbs_dat_i[10] -> _6456_/D : -0.126106
[hold in-reg] wbs_dat_i[4] -> _6645_/D : -0.126036
[hold in-reg] wbs_dat_i[17] -> _6365_/D : -0.126027
[hold in-reg] wbs_dat_i[0] -> _6325_/D : -0.126019
[hold in-reg] wbs_dat_i[25] -> _6373_/D : -0.125752
[hold in-reg] wbs_dat_i[28] -> _6376_/D : -0.125624
[hold in-reg] wbs_dat_i[9] -> _6455_/D : -0.125611
[hold in-reg] wbs_dat_i[11] -> _6457_/D : -0.125580
[hold in-reg] wbs_dat_i[9] -> _6420_/D : -0.125512
[hold in-reg] wbs_dat_i[19] -> _6430_/D : -0.125462
[hold in-reg] wbs_dat_i[17] -> _6428_/D : -0.125361
[hold in-reg] wbs_dat_i[19] -> _6367_/D : -0.125317
[hold in-reg] wbs_dat_i[2] -> _6861_/D : -0.125295
[hold in-reg] wbs_dat_i[13] -> _6424_/D : -0.125052
[hold in-reg] wbs_dat_i[16] -> _6427_/D : -0.124917
[hold in-reg] wbs_dat_i[3] -> _6812_/D : -0.124641
[hold in-reg] wbs_dat_i[14] -> _6425_/D : -0.124484
[hold in-reg] wbs_dat_i[12] -> _6360_/D : -0.124353
[hold in-reg] wbs_dat_i[11] -> _6422_/D : -0.124166
[hold in-reg] wbs_dat_i[2] -> _6886_/D : -0.123779
[hold in-reg] wbs_dat_i[4] -> _6450_/D : -0.123452
[hold in-reg] wbs_dat_i[6] -> _6815_/D : -0.123119
[hold in-reg] wbs_dat_i[5] -> _6814_/D : -0.123059
[hold in-reg] wbs_dat_i[5] -> _6844_/D : -0.122628
[hold in-reg] wbs_dat_i[8] -> _6847_/D : -0.122262
[hold in-reg] wbs_dat_i[1] -> _6885_/D : -0.121748
[hold in-reg] wbs_dat_i[0] -> _6809_/D : -0.121720
[hold in-reg] wbs_dat_i[5] -> _6451_/D : -0.121616
[hold in-reg] wbs_dat_i[4] -> _6813_/D : -0.121523
[hold in-reg] wbs_dat_i[0] -> _6859_/D : -0.121506
[hold in-reg] wbs_dat_i[2] -> _6811_/D : -0.120952
[hold in-reg] wbs_dat_i[6] -> _6845_/D : -0.120350
[hold in-reg] wbs_dat_i[8] -> _6877_/D : -0.119960
[hold in-reg] wbs_dat_i[7] -> _6816_/D : -0.119852
[hold in-reg] wbs_dat_i[15] -> _6347_/D : -0.119850
[hold in-reg] wbs_dat_i[11] -> _6343_/D : -0.119114
[hold in-reg] wbs_dat_i[9] -> _6341_/D : -0.119080
[hold in-reg] wbs_dat_i[13] -> _6345_/D : -0.118960
[hold in-reg] wbs_dat_i[0] -> _6855_/D : -0.118833
[hold in-reg] wbs_dat_i[7] -> _6846_/D : -0.118809
[hold in-reg] wbs_dat_i[2] -> _6853_/D : -0.118711
[hold in-reg] wbs_dat_i[12] -> _6344_/D : -0.117956
[hold in-reg] wbs_dat_i[2] -> _6841_/D : -0.117493
[hold in-reg] wbs_dat_i[1] -> _6856_/D : -0.117056
[hold in-reg] wbs_dat_i[12] -> _6318_/D : -0.117026
[hold in-reg] wbs_dat_i[1] -> _6852_/D : -0.116630
[hold in-reg] wbs_dat_i[2] -> _6857_/D : -0.116525
[hold in-reg] wbs_dat_i[2] -> _6871_/D : -0.116418
[hold in-reg] wbs_dat_i[3] -> _6858_/D : -0.116216
[hold in-reg] wbs_dat_i[0] -> _6851_/D : -0.116086
[hold in-reg] wbs_dat_i[0] -> _6869_/D : -0.115867
[hold in-reg] wbs_dat_i[8] -> _6401_/D : -0.115809
[hold in-reg] wbs_dat_i[3] -> _6887_/D : -0.115781
[hold in-reg] wbs_dat_i[8] -> _6410_/D : -0.115622
[hold in-reg] wbs_dat_i[3] -> _6842_/D : -0.115371
[hold in-reg] wbs_dat_i[5] -> _6874_/D : -0.114964
[hold in-reg] wbs_dat_i[0] -> _6849_/D : -0.114963
[hold in-reg] wbs_dat_i[8] -> _6579_/D : -0.114955
[hold in-reg] wbs_dat_i[8] -> _6634_/D : -0.114894
[hold in-reg] wbs_dat_i[1] -> _6840_/D : -0.114566
[hold in-reg] wbs_dat_i[3] -> _6854_/D : -0.114497
[hold in-reg] wbs_dat_i[1] -> _6810_/D : -0.113911
[hold in-reg] wbs_dat_i[7] -> _6876_/D : -0.113642
[hold in-reg] wbs_dat_i[2] -> _6395_/D : -0.113530
[hold in-reg] wbs_dat_i[4] -> _6873_/D : -0.113477
[hold in-reg] wbs_dat_i[1] -> _6870_/D : -0.113334
[hold in-reg] wbs_dat_i[2] -> _6628_/D : -0.112724
[hold in-reg] wbs_dat_i[8] -> _6788_/D : -0.112630
[hold in-reg] wbs_dat_i[8] -> _6806_/D : -0.112321
[hold in-reg] wbs_dat_i[6] -> _6875_/D : -0.111524
[hold in-reg] wbs_dat_i[0] -> _6839_/D : -0.111006
[hold in-reg] wbs_dat_i[8] -> _6208_/D : -0.109599
[hold in-reg] wbs_dat_i[2] -> _6404_/D : -0.109557
[hold in-reg] wbs_dat_i[2] -> _6573_/D : -0.109157
[hold in-reg] wbs_dat_i[8] -> _6665_/D : -0.108473
[hold in-reg] wbs_dat_i[6] -> _6399_/D : -0.108072
[hold in-reg] wbs_dat_i[4] -> _6843_/D : -0.107439
[hold in-reg] wbs_dat_i[3] -> _6872_/D : -0.105797
[hold in-reg] wbs_dat_i[6] -> _6577_/D : -0.104623
[hold in-reg] wbs_dat_i[0] -> _6402_/D : -0.104178
[hold in-reg] wbs_dat_i[2] -> _6202_/D : -0.103919
[hold in-reg] wbs_dat_i[6] -> _6786_/D : -0.103566
[hold in-reg] wbs_dat_i[6] -> _6804_/D : -0.103050
[hold in-reg] wbs_dat_i[6] -> _6206_/D : -0.101765
[hold in-reg] wbs_dat_i[0] -> _6393_/D : -0.101062
[hold in-reg] wbs_dat_i[0] -> _6626_/D : -0.099602
[hold in-reg] wbs_dat_i[6] -> _6663_/D : -0.099352
[hold in-reg] wbs_dat_i[8] -> _6827_/D : -0.099123
[hold in-reg] wbs_dat_i[0] -> _6571_/D : -0.098946
[hold in-reg] wbs_dat_i[6] -> _6408_/D : -0.098043
[hold in-reg] wbs_dat_i[7] -> _6578_/D : -0.097955
[hold in-reg] wbs_dat_i[7] -> _6400_/D : -0.097829
[hold in-reg] wbs_dat_i[6] -> _6632_/D : -0.097762
[hold in-reg] wbs_dat_i[7] -> _6409_/D : -0.097335
[hold in-reg] wbs_dat_i[2] -> _6821_/D : -0.097324
[hold in-reg] wbs_dat_i[7] -> _6787_/D : -0.096861
[hold in-reg] wbs_dat_i[4] -> _6406_/D : -0.096420
[hold in-reg] wbs_dat_i[7] -> _6633_/D : -0.095928
[hold in-reg] wbs_dat_i[8] -> _6588_/D : -0.095776
[hold in-reg] wbs_dat_i[8] -> _6797_/D : -0.095766
[hold in-reg] wbs_dat_i[6] -> _6825_/D : -0.095496
[hold in-reg] wbs_dat_i[8] -> _6836_/D : -0.095448
[hold in-reg] wbs_dat_i[8] -> _6561_/D : -0.095421
[hold in-reg] wbs_dat_i[0] -> _6819_/D : -0.095376
[hold in-reg] wbs_dat_i[0] -> _6868_/D : -0.095060
[hold in-reg] wbs_dat_i[7] -> _6826_/D : -0.094965
[hold in-reg] wbs_dat_i[8] -> _6487_/D : -0.094801
[hold in-reg] wbs_dat_i[7] -> _6805_/D : -0.094784
[hold in-reg] wbs_dat_i[8] -> _6542_/D : -0.094745
[hold in-reg] wbs_dat_i[8] -> _6496_/D : -0.094615
[hold in-reg] wbs_dat_i[2] -> _6830_/D : -0.094401
[hold in-reg] wbs_dat_i[4] -> _6630_/D : -0.094345
[hold in-reg] wbs_dat_i[2] -> _6481_/D : -0.093441
[hold in-reg] wbs_dat_i[0] -> _6828_/D : -0.093433
[hold in-reg] wbs_dat_i[2] -> _6582_/D : -0.093374
[hold in-reg] wbs_dat_i[5] -> _6407_/D : -0.093046
[hold in-reg] wbs_dat_i[6] -> _6834_/D : -0.093026
[hold in-reg] wbs_dat_i[4] -> _6397_/D : -0.092875
[hold in-reg] wbs_dat_i[5] -> _6398_/D : -0.092593
[hold in-reg] wbs_dat_i[3] -> _6822_/D : -0.092498
[hold in-reg] wbs_dat_i[6] -> _6485_/D : -0.092492
[hold in-reg] wbs_dat_i[0] -> _6488_/D : -0.092435
[hold in-reg] wbs_dat_i[4] -> _6823_/D : -0.092407
[hold in-reg] wbs_dat_i[0] -> _6534_/D : -0.092285
[hold in-reg] wbs_dat_i[6] -> _6586_/D : -0.092154
[hold in-reg] wbs_dat_i[2] -> _6800_/D : -0.092138
[hold in-reg] wbs_dat_i[0] -> _6553_/D : -0.092073
[hold in-reg] wbs_dat_i[7] -> _6495_/D : -0.091959
[hold in-reg] wbs_dat_i[2] -> _6536_/D : -0.091902
[hold in-reg] wbs_dat_i[5] -> _6824_/D : -0.091902
[hold in-reg] wbs_dat_i[4] -> _6793_/D : -0.091810
[hold in-reg] wbs_dat_i[0] -> _6789_/D : -0.091757
[hold in-reg] wbs_dat_i[7] -> _6541_/D : -0.091732
[hold in-reg] wbs_dat_i[4] -> _6575_/D : -0.091704
[hold in-reg] wbs_dat_i[5] -> _6576_/D : -0.091667
[hold in-reg] wbs_dat_i[0] -> _6200_/D : -0.091610
[hold in-reg] wbs_dat_i[4] -> _6483_/D : -0.091468
[hold in-reg] wbs_dat_i[2] -> _6659_/D : -0.091370
[hold in-reg] wbs_dat_i[2] -> _6782_/D : -0.091294
[hold in-reg] wbs_dat_i[0] -> _6798_/D : -0.091285
[hold in-reg] wbs_dat_i[4] -> _6832_/D : -0.091273
[hold in-reg] wbs_dat_i[0] -> _6657_/D : -0.091267
[hold in-reg] wbs_dat_i[0] -> _6780_/D : -0.091259
[hold in-reg] wbs_dat_i[0] -> _6479_/D : -0.091251
[hold in-reg] wbs_dat_i[2] -> _6555_/D : -0.091196
[hold in-reg] wbs_dat_i[2] -> _6490_/D : -0.091127
[hold in-reg] wbs_dat_i[5] -> _6631_/D : -0.091015
[hold in-reg] wbs_dat_i[6] -> _6795_/D : -0.090980
[hold in-reg] wbs_dat_i[3] -> _6396_/D : -0.090905
[hold in-reg] wbs_dat_i[0] -> _6580_/D : -0.090823
[hold in-reg] wbs_dat_i[7] -> _6560_/D : -0.090820
[hold in-reg] wbs_dat_i[3] -> _6831_/D : -0.090746
[hold in-reg] wbs_dat_i[4] -> _6584_/D : -0.090391
[hold in-reg] wbs_dat_i[4] -> _6538_/D : -0.090335
[hold in-reg] wbs_dat_i[4] -> _6492_/D : -0.090212
[hold in-reg] wbs_dat_i[4] -> _6204_/D : -0.090192
[hold in-reg] wbs_dat_i[7] -> _6796_/D : -0.090094
[hold in-reg] wbs_dat_i[6] -> _6540_/D : -0.090062
[hold in-reg] wbs_dat_i[6] -> _6494_/D : -0.090045
[hold in-reg] wbs_dat_i[4] -> _6557_/D : -0.090033
[hold in-reg] wbs_dat_i[7] -> _6486_/D : -0.090017
[hold in-reg] wbs_dat_i[2] -> _6791_/D : -0.089976
[hold in-reg] wbs_dat_i[7] -> _6587_/D : -0.089907
[hold in-reg] wbs_dat_i[1] -> _6820_/D : -0.089900
[hold in-reg] wbs_dat_i[4] -> _6784_/D : -0.089608
[hold in-reg] wbs_dat_i[3] -> _6405_/D : -0.089603
[hold in-reg] wbs_dat_i[5] -> _6662_/D : -0.089508
[hold in-reg] wbs_dat_i[7] -> _6835_/D : -0.089488
[hold in-reg] wbs_dat_i[5] -> _6833_/D : -0.089423
[hold in-reg] wbs_dat_i[6] -> _6559_/D : -0.089364
[hold in-reg] wbs_dat_i[5] -> _6558_/D : -0.089276
[hold in-reg] wbs_dat_i[5] -> _6794_/D : -0.088927
[hold in-reg] wbs_dat_i[7] -> _6207_/D : -0.088830
[hold in-reg] wbs_dat_i[4] -> _6802_/D : -0.088810
[hold in-reg] wbs_dat_i[3] -> _6583_/D : -0.088702
[hold in-reg] wbs_dat_i[5] -> _6539_/D : -0.088607
[hold in-reg] wbs_dat_i[1] -> _6829_/D : -0.088530
[hold in-reg] wbs_dat_i[4] -> _6661_/D : -0.088377
[hold in-reg] wbs_dat_i[5] -> _6493_/D : -0.088328
[hold in-reg] wbs_dat_i[5] -> _6484_/D : -0.088159
[hold in-reg] wbs_dat_i[3] -> _6482_/D : -0.087938
[hold in-reg] wbs_dat_i[7] -> _6664_/D : -0.087930
[hold in-reg] wbs_dat_i[5] -> _6585_/D : -0.087889
[hold in-reg] wbs_dat_i[1] -> _6535_/D : -0.087864
[hold in-reg] wbs_dat_i[3] -> _6491_/D : -0.087736
[hold in-reg] wbs_dat_i[1] -> _6489_/D : -0.087629
[hold in-reg] wbs_dat_i[3] -> _6537_/D : -0.087550
[hold in-reg] wbs_dat_i[3] -> _6556_/D : -0.087355
[hold in-reg] wbs_dat_i[1] -> _6581_/D : -0.087321
[hold in-reg] wbs_dat_i[1] -> _6480_/D : -0.087257
[hold in-reg] wbs_dat_i[3] -> _6792_/D : -0.087234
[hold in-reg] wbs_dat_i[1] -> _6394_/D : -0.087168
[hold in-reg] wbs_dat_i[3] -> _6203_/D : -0.087029
[hold in-reg] wbs_dat_i[1] -> _6790_/D : -0.087017
[hold in-reg] wbs_dat_i[1] -> _6658_/D : -0.086488
[hold in-reg] wbs_dat_i[1] -> _6403_/D : -0.086454
[hold in-reg] wbs_dat_i[1] -> _6554_/D : -0.086358
[hold in-reg] wbs_dat_i[3] -> _6574_/D : -0.086255
[hold in-reg] wbs_dat_i[3] -> _6801_/D : -0.085775
[hold in-reg] wbs_dat_i[3] -> _6660_/D : -0.085398
[hold in-reg] wbs_dat_i[1] -> _6201_/D : -0.085105
[hold in-reg] wbs_dat_i[1] -> _6781_/D : -0.085015
[hold in-reg] wbs_dat_i[3] -> _6629_/D : -0.084554
[hold in-reg] wbs_dat_i[1] -> _6799_/D : -0.084495
[hold in-reg] wbs_dat_i[3] -> _6783_/D : -0.084472
[hold in-reg] wbs_dat_i[5] -> _6205_/D : -0.083877
[hold in-reg] wbs_dat_i[5] -> _6785_/D : -0.083037
[hold in-reg] wbs_dat_i[5] -> _6803_/D : -0.082497
[hold in-reg] wbs_dat_i[1] -> _6572_/D : -0.081487
[hold in-reg] wbs_dat_i[1] -> _6627_/D : -0.081202
Writing metric timing__hold_vio__count__corner:nom_tt_025C_1v80: 398
Writing metric timing__hold_r2r__ws__corner:nom_tt_025C_1v80: 0.116886
Writing metric timing__hold_r2r_vio__count__corner:nom_tt_025C_1v80: 0
Writing metric timing__setup_vio__count__corner:nom_tt_025C_1v80: 0
Writing metric timing__setup_r2r__ws__corner:nom_tt_025C_1v80: 16.623680
Writing metric timing__setup_r2r_vio__count__corner:nom_tt_025C_1v80: 0
