Reading OpenROAD database at '/workspace/peripheral-example/openlane/user_project/runs/RUN_2025-10-27_21-49-20/49-odb-reportdisconnectedpins/user_project.odb'…
Reading library file at '/nc/apps/pdk/ciel/sky130/versions/0fe599b2afb6708d281543108caf8310912f54af/sky130A/libs.ref/sky130_fd_sc_hd/lib/sky130_fd_sc_hd__tt_025C_1v80.lib'…
Reading design constraints file at '/workspace/peripheral-example/openlane/user_project/signoff.sdc'…
[INFO]: Creating clock {clk} for port wb_clk_i with period: 25
[INFO]: Setting clock uncertainity to: 0.25
[INFO]: Setting clock transition to: 0.1499999999999999944488848768742172978818416595458984375
[INFO]: Setting maximum transition to: 0.75
[INFO]: Setting maximum fanout to: 10
[INFO]: Setting timing derate to: 0 %
[INFO]: Setting clock latency range: 4.65 : 5.57
[INFO]: Setting clock transition: 0.61
[WARNING STA-0366] port 'la_data_in[*]' not found.
[WARNING STA-0366] port 'la_oenb[*]' not found.
[WARNING STA-0366] port 'la_data_in[*]' not found.
[WARNING STA-0366] port 'la_oenb[*]' not found.
[WARNING STA-0366] port 'io_in[*]' not found.
[WARNING STA-0366] port 'la_data_in[*]' not found.
[WARNING STA-0366] port 'la_oenb[*]' not found.
[WARNING STA-0366] port 'io_in[*]' not found.
[WARNING STA-0366] port 'la_oenb[*]' not found.
[WARNING STA-0366] port 'la_data_in[*]' not found.
[WARNING STA-0366] port 'la_data_out[*]' not found.
[WARNING STA-0366] port 'la_data_out[*]' not found.
sky130_ef_sc_hd__decap_12 sky130_fd_sc_hd__decap_8 sky130_fd_sc_hd__decap_6 sky130_fd_sc_hd__decap_4 sky130_fd_sc_hd__decap_3 sky130_fd_sc_hd__fill*
[INFO DPL-0001] Placed 26631 filler instances.
Setting global connections for newly added cells…
[INFO] Setting global connections...
sram_inst matched with sram_inst
Updating metrics…
Cell type report:                       Count       Area
  Macro                                     1  165300.00
  Fill cell                             27503  273443.50
  Tap cell                               4884    6110.86
  Antenna cell                           4181   10462.53
  Buffer                                    2       7.51
  Clock buffer                             83    1134.84
  Timing Repair Buffer                   1017    9272.64
  Inverter                                557    2090.76
  Clock inverter                           61     807.02
  Sequential cell                         755   17755.78
  Multi-Input combinational cell         2531   22447.78
  Total                                 41575  508833.23
Writing OpenROAD database to '/workspace/peripheral-example/openlane/user_project/runs/RUN_2025-10-27_21-49-20/53-openroad-fillinsertion/user_project.odb'…
Writing netlist to '/workspace/peripheral-example/openlane/user_project/runs/RUN_2025-10-27_21-49-20/53-openroad-fillinsertion/user_project.nl.v'…
Writing powered netlist to '/workspace/peripheral-example/openlane/user_project/runs/RUN_2025-10-27_21-49-20/53-openroad-fillinsertion/user_project.pnl.v'…
Writing layout to '/workspace/peripheral-example/openlane/user_project/runs/RUN_2025-10-27_21-49-20/53-openroad-fillinsertion/user_project.def'…
Writing timing constraints to '/workspace/peripheral-example/openlane/user_project/runs/RUN_2025-10-27_21-49-20/53-openroad-fillinsertion/user_project.sdc'…
