
 /----------------------------------------------------------------------------\
 |  yosys -- Yosys Open SYnthesis Suite                                       |
 |  Copyright (C) 2012 - 2024  Claire Xenia Wolf <claire@yosyshq.com>         |
 |  Distributed under an ISC-like license, type "license" to see terms        |
 \----------------------------------------------------------------------------/
 Yosys 0.46 (git sha1 e97731b9dda91fa5fa53ed87df7c34163ba59a41, clang++ 17.0.6 -fPIC -O3)
Loaded SDC plugin

-- Running command `
                    verilog_defines -D__librelane__;
verilog_defines -DSCL_sky130_fd_sc_hd;
verilog_defines -DPDK_sky130A;
verilog_defines -DUSE_POWER_PINS;
verilog_defines -D__pnr__;
read_verilog -sv -lib /workspace/peripheral-example/openlane/user_project/runs/RUN_2025-10-27_22-54-47/tmp/5bacd233f40e4d38bb8f2dab4be746fe.bb.v;

                    blackbox;
                    write_verilog -noattr -noexpr -nohex -nodec -defparam -blackboxes /workspace/peripheral-example/openlane/user_project/runs/RUN_2025-10-27_22-54-47/tmp/5bacd233f40e4d38bb8f2dab4be746fe.bb.v;
                    ' --

1. Executing Verilog-2005 frontend: /workspace/peripheral-example/openlane/user_project/runs/RUN_2025-10-27_22-54-47/tmp/5bacd233f40e4d38bb8f2dab4be746fe.bb.v
Parsing SystemVerilog input from `/workspace/peripheral-example/openlane/user_project/runs/RUN_2025-10-27_22-54-47/tmp/5bacd233f40e4d38bb8f2dab4be746fe.bb.v' to AST representation.
Generating RTLIL representation for module `\CF_SRAM_1024x32_wb_wrapper'.
Successfully finished Verilog frontend.

2. Executing Verilog backend.
Dumping module `\CF_SRAM_1024x32_wb_wrapper'.

End of script. Logfile hash: eb9ae5ea04, CPU: user 0.19s system 0.03s, MEM: 74.12 MB peak
Yosys 0.46 (git sha1 e97731b9dda91fa5fa53ed87df7c34163ba59a41, clang++ 17.0.6 -fPIC -O3)
Time spent: 99% 2x read_verilog (0 sec), 0% 2x write_verilog (0 sec), ...
