Clock: clk
Sources: wb_clk_i 
Generated: no
Virtual: yes
Propagated: no
Period: 25.000000

===========================================================================
report_clock_properties
============================================================================
Clock                   Period          Waveform
----------------------------------------------------
clk                  25.000000    0.000000 12.500000

===========================================================================
report_clock_latency
============================================================================
Clock clk
rise -> rise
    min     max
4.650000 5.570000 source latency
5.258314         network latency mprj/_6645_/CLK
        6.264425 network latency mprj/_6185_/CLK
---------------
9.908315 11.834425 latency
        1.926111 skew

fall -> fall
    min     max
4.650000 5.570000 source latency
5.375409         network latency mprj/_6883_/CLK
        6.353819 network latency mprj/_6185_/CLK
---------------
10.025409 11.923819 latency
        1.898410 skew



===========================================================================
report_clock_min_period
============================================================================
clk period_min = 4.81 fmax = 207.79
