Starting…
Running 'Verilator.Lint' at 'openlane/user_project_wrapper/runs/RUN_2025-10-27_23-09-40/01-verilator-lint'…
Logging subprocess to [repr.filename]'openlane/user_project_wrapper/runs/RUN_2025-10-27_23-09-40/01-verilator-lint/verilator-lint.log'[/repr.filename]…
Running 'Checker.LintTimingConstructs' at 'openlane/user_project_wrapper/runs/RUN_2025-10-27_23-09-40/02-checker-linttimingconstructs'…
Check for Lint Timing Errors clear.
Running 'Checker.LintErrors' at 'openlane/user_project_wrapper/runs/RUN_2025-10-27_23-09-40/03-checker-linterrors'…
Check for Lint errors clear.
Running 'Checker.LintWarnings' at 'openlane/user_project_wrapper/runs/RUN_2025-10-27_23-09-40/04-checker-lintwarnings'…
7 Lint warnings found.
Running 'Yosys.JsonHeader' at 'openlane/user_project_wrapper/runs/RUN_2025-10-27_23-09-40/05-yosys-jsonheader'…
Logging subprocess to [repr.filename]'openlane/user_project_wrapper/runs/RUN_2025-10-27_23-09-40/05-yosys-jsonheader/yosys-jsonheader.log'[/repr.filename]…
Running 'Yosys.Synthesis' at 'openlane/user_project_wrapper/runs/RUN_2025-10-27_23-09-40/06-yosys-synthesis'…
Logging subprocess to [repr.filename]'openlane/user_project_wrapper/runs/RUN_2025-10-27_23-09-40/06-yosys-synthesis/yosys-synthesis.log'[/repr.filename]…
Parsing synthesis checks…
Running 'Checker.YosysUnmappedCells' at 'openlane/user_project_wrapper/runs/RUN_2025-10-27_23-09-40/07-checker-yosysunmappedcells'…
Check for Unmapped Yosys instances clear.
Running 'Checker.YosysSynthChecks' at 'openlane/user_project_wrapper/runs/RUN_2025-10-27_23-09-40/08-checker-yosyssynthchecks'…
Check for Yosys check errors clear.
Running 'Checker.NetlistAssignStatements' at 'openlane/user_project_wrapper/runs/RUN_2025-10-27_23-09-40/09-checker-netlistassignstatements'…
Running 'OpenROAD.CheckSDCFiles' at 'openlane/user_project_wrapper/runs/RUN_2025-10-27_23-09-40/10-openroad-checksdcfiles'…
Running 'OpenROAD.CheckMacroInstances' at 'openlane/user_project_wrapper/runs/RUN_2025-10-27_23-09-40/11-openroad-checkmacroinstances'…
Logging subprocess to [repr.filename]'openlane/user_project_wrapper/runs/RUN_2025-10-27_23-09-40/11-openroad-checkmacroinstances/openroad-checkmacroinstances.log'[/repr.filename]…
Running 'OpenROAD.STAPrePNR' at 'openlane/user_project_wrapper/runs/RUN_2025-10-27_23-09-40/12-openroad-staprepnr'…
Starting STA for the nom_tt_025C_1v80 timing corner…
Starting STA for the nom_ss_100C_1v60 timing corner…
Starting STA for the nom_ff_n40C_1v95 timing corner…
Starting STA for the min_tt_025C_1v80 timing corner…
Starting STA for the min_ss_100C_1v60 timing corner…
Logging subprocess to [repr.filename]'openlane/user_project_wrapper/runs/RUN_2025-10-27_23-09-40/12-openroad-staprepnr/nom_tt_025C_1v80/sta.log'[/repr.filename]…
Starting STA for the min_ff_n40C_1v95 timing corner…
Starting STA for the max_tt_025C_1v80 timing corner…
Logging subprocess to [repr.filename]'openlane/user_project_wrapper/runs/RUN_2025-10-27_23-09-40/12-openroad-staprepnr/nom_ss_100C_1v60/sta.log'[/repr.filename]…
Starting STA for the max_ss_100C_1v60 timing corner…
Logging subprocess to [repr.filename]'openlane/user_project_wrapper/runs/RUN_2025-10-27_23-09-40/12-openroad-staprepnr/nom_ff_n40C_1v95/sta.log'[/repr.filename]…
Starting STA for the max_ff_n40C_1v95 timing corner…
Logging subprocess to [repr.filename]'openlane/user_project_wrapper/runs/RUN_2025-10-27_23-09-40/12-openroad-staprepnr/min_ss_100C_1v60/sta.log'[/repr.filename]…
Logging subprocess to [repr.filename]'openlane/user_project_wrapper/runs/RUN_2025-10-27_23-09-40/12-openroad-staprepnr/min_tt_025C_1v80/sta.log'[/repr.filename]…
Logging subprocess to [repr.filename]'openlane/user_project_wrapper/runs/RUN_2025-10-27_23-09-40/12-openroad-staprepnr/min_ff_n40C_1v95/sta.log'[/repr.filename]…
Logging subprocess to [repr.filename]'openlane/user_project_wrapper/runs/RUN_2025-10-27_23-09-40/12-openroad-staprepnr/max_tt_025C_1v80/sta.log'[/repr.filename]…
Logging subprocess to [repr.filename]'openlane/user_project_wrapper/runs/RUN_2025-10-27_23-09-40/12-openroad-staprepnr/max_ss_100C_1v60/sta.log'[/repr.filename]…
Logging subprocess to [repr.filename]'openlane/user_project_wrapper/runs/RUN_2025-10-27_23-09-40/12-openroad-staprepnr/max_ff_n40C_1v95/sta.log'[/repr.filename]…
