
===========================================================================
report_checks -unconstrained
===========================================================================
======================= max_ss_100C_1v60 Corner ===================================

Startpoint: wb_rst_i (input port clocked by clk)
Endpoint: _6209_ (recovery check against rising-edge clock clk)
Path Group: asynchronous
Path Type: max

Fanout         Cap        Slew       Delay        Time   Description
---------------------------------------------------------------------------------------------
                                  0.000000    0.000000   clock clk (rise edge)
                                  5.570000    5.570000   clock network delay (propagated)
                                 12.500000   18.070000 v input external delay
     2    0.004031    0.000000    0.000000   18.070000 v wb_rst_i (in)
                                                         wb_rst_i (net)
                      0.000191    0.000096   18.070095 v input2/A (sky130_fd_sc_hd__clkbuf_2)
     3    0.030597    0.216863    0.284766   18.354862 v input2/X (sky130_fd_sc_hd__clkbuf_2)
                                                         net2 (net)
                      0.217082    0.005716   18.360577 v fanout418/A (sky130_fd_sc_hd__clkbuf_8)
    13    0.146469    0.272095    0.477593   18.838171 v fanout418/X (sky130_fd_sc_hd__clkbuf_8)
                                                         net418 (net)
                      0.279504    0.035632   18.873802 v fanout405/A (sky130_fd_sc_hd__buf_2)
    11    0.062436    0.274287    0.531386   19.405190 v fanout405/X (sky130_fd_sc_hd__buf_2)
                                                         net405 (net)
                      0.274291    0.001684   19.406874 v fanout399/A (sky130_fd_sc_hd__clkbuf_2)
    11    0.051283    0.354228    0.508834   19.915707 v fanout399/X (sky130_fd_sc_hd__clkbuf_2)
                                                         net399 (net)
                      0.354407    0.007319   19.923025 v fanout398/A (sky130_fd_sc_hd__buf_2)
    11    0.054442    0.247141    0.539631   20.462656 v fanout398/X (sky130_fd_sc_hd__buf_2)
                                                         net398 (net)
                      0.247143    0.001402   20.464058 v fanout394/A (sky130_fd_sc_hd__buf_4)
    19    0.073641    0.182888    0.451973   20.916031 v fanout394/X (sky130_fd_sc_hd__buf_4)
                                                         net394 (net)
                      0.182940    0.003004   20.919035 v fanout393/A (sky130_fd_sc_hd__buf_4)
    10    0.061823    0.158679    0.401712   21.320747 v fanout393/X (sky130_fd_sc_hd__buf_4)
                                                         net393 (net)
                      0.159077    0.006922   21.327669 v _5683_/A (sky130_fd_sc_hd__inv_2)
     1    0.004027    0.059335    0.107049   21.434717 ^ _5683_/Y (sky130_fd_sc_hd__inv_2)
                                                         _0059_ (net)
                      0.059335    0.000211   21.434929 ^ _6209_/SET_B (sky130_fd_sc_hd__dfstp_1)
                                             21.434929   data arrival time

                                 25.000000   25.000000   clock clk (rise edge)
                                  4.650000   29.650000   clock source latency
     2    0.073889    0.610000    0.000000   29.650000 ^ wb_clk_i (in)
                                                         wb_clk_i (net)
                      0.626696    0.008349   29.658348 ^ clkbuf_0_wb_clk_i/A (sky130_fd_sc_hd__clkbuf_16)
    17    0.158915    0.263835    0.610713   30.269060 ^ clkbuf_0_wb_clk_i/X (sky130_fd_sc_hd__clkbuf_16)
                                                         clknet_0_wb_clk_i (net)
                      0.264521    0.011688   30.280750 ^ clkbuf_3_5_0_wb_clk_i/A (sky130_fd_sc_hd__clkbuf_8)
    19    0.119895    0.325930    0.508358   30.789106 ^ clkbuf_3_5_0_wb_clk_i/X (sky130_fd_sc_hd__clkbuf_8)
                                                         clknet_3_5_0_wb_clk_i (net)
                      0.326069    0.005656   30.794764 ^ clkbuf_leaf_47_wb_clk_i/A (sky130_fd_sc_hd__clkbuf_8)
    12    0.060269    0.180053    0.427523   31.222286 ^ clkbuf_leaf_47_wb_clk_i/X (sky130_fd_sc_hd__clkbuf_8)
                                                         clknet_leaf_47_wb_clk_i (net)
                      0.180150    0.003872   31.226158 ^ _6209_/CLK (sky130_fd_sc_hd__dfstp_1)
                                 -0.250000   30.976158   clock uncertainty
                                  0.000000   30.976158   clock reconvergence pessimism
                                  0.302931   31.279087   library recovery time
                                             31.279087   data required time
---------------------------------------------------------------------------------------------
                                             31.279087   data required time
                                            -21.434929   data arrival time
---------------------------------------------------------------------------------------------
                                              9.844158   slack (MET)


Startpoint: wbs_adr_i[9] (input port clocked by clk)
Endpoint: wbs_dat_o[1] (output port clocked by clk)
Path Group: clk
Path Type: max

Fanout         Cap        Slew       Delay        Time   Description
---------------------------------------------------------------------------------------------
                                  0.000000    0.000000   clock clk (rise edge)
                                  5.570000    5.570000   clock network delay (propagated)
                                  3.890000    9.460000 v input external delay
     2    0.003471    0.920000    0.000000    9.460000 v wbs_adr_i[9] (in)
                                                         wbs_adr_i[9] (net)
                      0.920154    0.000077    9.460077 v hold120/A (sky130_fd_sc_hd__dlygate4sd3_1)
     1    0.002158    0.101169    1.495478   10.955556 v hold120/X (sky130_fd_sc_hd__dlygate4sd3_1)
                                                         net540 (net)
                      0.101169    0.000099   10.955655 v input22/A (sky130_fd_sc_hd__clkbuf_4)
     7    0.100909    0.353846    0.484840   11.440495 v input22/X (sky130_fd_sc_hd__clkbuf_4)
                                                         net22 (net)
                      0.357676    0.029919   11.470414 v _3130_/A (sky130_fd_sc_hd__or4_1)
     1    0.002269    0.170073    1.289454   12.759869 v _3130_/X (sky130_fd_sc_hd__or4_1)
                                                         _1297_ (net)
                      0.170073    0.000089   12.759957 v hold26/A (sky130_fd_sc_hd__dlygate4sd3_1)
     2    0.008001    0.156257    1.239421   13.999378 v hold26/X (sky130_fd_sc_hd__dlygate4sd3_1)
                                                         net446 (net)
                      0.156257    0.000365   13.999743 v _3132_/B (sky130_fd_sc_hd__or2_2)
     1    0.003873    0.115796    0.659868   14.659611 v _3132_/X (sky130_fd_sc_hd__or2_2)
                                                         _1299_ (net)
                      0.115796    0.000274   14.659885 v hold27/A (sky130_fd_sc_hd__dlygate4sd3_1)
     4    0.031355    0.352031    1.413716   16.073601 v hold27/X (sky130_fd_sc_hd__dlygate4sd3_1)
                                                         net447 (net)
                      0.352039    0.002110   16.075712 v _3296_/A (sky130_fd_sc_hd__or2_2)
     8    0.035893    0.258607    0.975913   17.051624 v _3296_/X (sky130_fd_sc_hd__or2_2)
                                                         _1457_ (net)
                      0.258616    0.002025   17.053650 v _3315_/B (sky130_fd_sc_hd__or2_2)
     5    0.028748    0.228101    0.864336   17.917986 v _3315_/X (sky130_fd_sc_hd__or2_2)
                                                         _1462_ (net)
                      0.228102    0.001114   17.919100 v hold98/A (sky130_fd_sc_hd__dlygate4sd3_1)
     1    0.009847    0.174383    1.288562   19.207663 v hold98/X (sky130_fd_sc_hd__dlygate4sd3_1)
                                                         net518 (net)
                      0.174383    0.000776   19.208439 v fanout180/A (sky130_fd_sc_hd__clkbuf_2)
     5    0.030727    0.218353    0.367317   19.575754 v fanout180/X (sky130_fd_sc_hd__clkbuf_2)
                                                         net180 (net)
                      0.218384    0.002649   19.578403 v _4889_/A2 (sky130_fd_sc_hd__o221a_1)
     1    0.005751    0.120647    0.539931   20.118334 v _4889_/X (sky130_fd_sc_hd__o221a_1)
                                                         _2620_ (net)
                      0.120647    0.000437   20.118771 v _4890_/B2 (sky130_fd_sc_hd__a221o_1)
     1    0.010851    0.170335    0.699441   20.818213 v _4890_/X (sky130_fd_sc_hd__a221o_1)
                                                         _2621_ (net)
                      0.170337    0.000899   20.819111 v _4891_/B2 (sky130_fd_sc_hd__a221o_1)
     1    0.002611    0.089748    0.622428   21.441540 v _4891_/X (sky130_fd_sc_hd__a221o_1)
                                                         _2622_ (net)
                      0.089748    0.000119   21.441658 v _4892_/B1 (sky130_fd_sc_hd__o211a_1)
     1    0.016052    0.181515    0.342645   21.784304 v _4892_/X (sky130_fd_sc_hd__o211a_1)
                                                         _2623_ (net)
                      0.181520    0.001261   21.785564 v _4893_/B1 (sky130_fd_sc_hd__a211o_1)
     1    0.002834    0.085263    0.537744   22.323309 v _4893_/X (sky130_fd_sc_hd__a211o_1)
                                                         _2624_ (net)
                      0.085263    0.000197   22.323505 v _4894_/C1 (sky130_fd_sc_hd__o211a_1)
     1    0.005478    0.095213    0.229839   22.553345 v _4894_/X (sky130_fd_sc_hd__o211a_1)
                                                         _2625_ (net)
                      0.095213    0.000385   22.553730 v _4895_/D1 (sky130_fd_sc_hd__a2111o_4)
     3    0.054564    0.245637    0.850438   23.404169 v _4895_/X (sky130_fd_sc_hd__a2111o_4)
                                                         net74 (net)
                      0.245794    0.005668   23.409836 v output74/A (sky130_fd_sc_hd__buf_12)
     1    0.191187    0.176394    0.422192   23.832029 v output74/X (sky130_fd_sc_hd__buf_12)
                                                         wbs_dat_o[1] (net)
                      0.177022    0.009072   23.841101 v wbs_dat_o[1] (out)
                                             23.841101   data arrival time

                                 25.000000   25.000000   clock clk (rise edge)
                                  4.650000   29.650000   clock network delay (propagated)
                                 -0.250000   29.400000   clock uncertainty
                                  0.000000   29.400000   clock reconvergence pessimism
                                 -3.620000   25.779999   output external delay
                                             25.779999   data required time
---------------------------------------------------------------------------------------------
                                             25.779999   data required time
                                            -23.841101   data arrival time
---------------------------------------------------------------------------------------------
                                              1.938899   slack (MET)




===========================================================================
report_checks --slack_max -0.01
============================================================================
======================= max_ss_100C_1v60 Corner ===================================

No paths found.


===========================================================================
 report_check_types -max_slew -max_cap -max_fanout -violators
============================================================================
======================= max_ss_100C_1v60 Corner ===================================

max slew

Pin                                        Limit        Slew       Slack
------------------------------------------------------------------------
_6891_/A                                0.750000    1.473934   -0.723934 (VIOLATED)
ANTENNA__6891__A/DIODE                  0.750000    1.473932   -0.723932 (VIOLATED)
ANTENNA_hold536_X/DIODE                 0.750000    1.471583   -0.721583 (VIOLATED)
hold536/X                               0.750000    1.471583   -0.721583 (VIOLATED)
_6890_/A                                0.750000    1.373957   -0.623957 (VIOLATED)
ANTENNA__6890__A/DIODE                  0.750000    1.373954   -0.623954 (VIOLATED)
ANTENNA_hold350_X/DIODE                 0.750000    1.371892   -0.621892 (VIOLATED)
hold350/X                               0.750000    1.371892   -0.621892 (VIOLATED)
_3955_/A0                               0.750000    1.286762   -0.536763 (VIOLATED)
ANTENNA__3955__A0/DIODE                 0.750000    1.286761   -0.536761 (VIOLATED)
_4740_/A0                               0.750000    1.286746   -0.536746 (VIOLATED)
ANTENNA__4740__A0/DIODE                 0.750000    1.286728   -0.536728 (VIOLATED)
_4265_/A1                               0.750000    1.286717   -0.536717 (VIOLATED)
ANTENNA__4265__A1/DIODE                 0.750000    1.286716   -0.536716 (VIOLATED)
ANTENNA__4294__A1/DIODE                 0.750000    1.286714   -0.536714 (VIOLATED)
_4294_/A1                               0.750000    1.286714   -0.536714 (VIOLATED)
ANTENNA__4163__A0/DIODE                 0.750000    1.286700   -0.536700 (VIOLATED)
_4163_/A0                               0.750000    1.286701   -0.536701 (VIOLATED)
ANTENNA__4200__A0/DIODE                 0.750000    1.286698   -0.536698 (VIOLATED)
ANTENNA__4246__A0/DIODE                 0.750000    1.286698   -0.536698 (VIOLATED)
ANTENNA_hold56_X/DIODE                  0.750000    1.286698   -0.536698 (VIOLATED)
_4200_/A0                               0.750000    1.286698   -0.536698 (VIOLATED)
_4246_/A0                               0.750000    1.286698   -0.536698 (VIOLATED)
hold56/X                                0.750000    1.286698   -0.536698 (VIOLATED)
_5150_/C1                               0.750000    1.189694   -0.439694 (VIOLATED)
ANTENNA__5150__C1/DIODE                 0.750000    1.189693   -0.439693 (VIOLATED)
_4962_/A2                               0.750000    1.189667   -0.439667 (VIOLATED)
ANTENNA__4962__A2/DIODE                 0.750000    1.189666   -0.439666 (VIOLATED)
ANTENNA__5001__A2/DIODE                 0.750000    1.189654   -0.439654 (VIOLATED)
_5001_/A2                               0.750000    1.189654   -0.439654 (VIOLATED)
_5009_/A2                               0.750000    1.189640   -0.439640 (VIOLATED)
ANTENNA__5009__A2/DIODE                 0.750000    1.189638   -0.439638 (VIOLATED)
ANTENNA_fanout181_A/DIODE               0.750000    1.189595   -0.439594 (VIOLATED)
fanout181/A                             0.750000    1.189595   -0.439594 (VIOLATED)
ANTENNA__3314__Y/DIODE                  0.750000    1.189593   -0.439593 (VIOLATED)
_3314_/Y                                0.750000    1.189590   -0.439590 (VIOLATED)
_4976_/C1                               0.750000    1.110628   -0.360628 (VIOLATED)
ANTENNA__4976__C1/DIODE                 0.750000    1.110627   -0.360627 (VIOLATED)
_5108_/C1                               0.750000    1.110617   -0.360617 (VIOLATED)
ANTENNA__5108__C1/DIODE                 0.750000    1.110616   -0.360616 (VIOLATED)
ANTENNA__5121__A_N/DIODE                0.750000    1.110589   -0.360589 (VIOLATED)
_5121_/A_N                              0.750000    1.110589   -0.360589 (VIOLATED)
ANTENNA__3351__Y/DIODE                  0.750000    1.110587   -0.360587 (VIOLATED)
_3351_/Y                                0.750000    1.110587   -0.360587 (VIOLATED)
ANTENNA_fanout200_A/DIODE               0.750000    1.020957   -0.270957 (VIOLATED)
fanout200/A                             0.750000    1.020957   -0.270957 (VIOLATED)
fanout199/A                             0.750000    1.020953   -0.270953 (VIOLATED)
ANTENNA_fanout199_A/DIODE               0.750000    1.020952   -0.270952 (VIOLATED)
ANTENNA_fanout198_A/DIODE               0.750000    1.020934   -0.270934 (VIOLATED)
fanout198/A                             0.750000    1.020931   -0.270932 (VIOLATED)
ANTENNA__4400__Y/DIODE                  0.750000    1.020927   -0.270927 (VIOLATED)
_4400_/Y                                0.750000    1.020925   -0.270925 (VIOLATED)
_5181_/A2                               0.750000    1.011883   -0.261883 (VIOLATED)
ANTENNA__5181__A2/DIODE                 0.750000    1.011878   -0.261878 (VIOLATED)
_5197_/A2                               0.750000    1.011857   -0.261857 (VIOLATED)
ANTENNA__5197__A2/DIODE                 0.750000    1.011843   -0.261843 (VIOLATED)
_4996_/B2                               0.750000    1.011820   -0.261820 (VIOLATED)
ANTENNA__4996__B2/DIODE                 0.750000    1.011819   -0.261819 (VIOLATED)
fanout253/A                             0.750000    1.011813   -0.261813 (VIOLATED)
ANTENNA_fanout253_A/DIODE               0.750000    1.011812   -0.261812 (VIOLATED)
ANTENNA__3125__Y/DIODE                  0.750000    1.011760   -0.261760 (VIOLATED)
_3125_/Y                                0.750000    1.011745   -0.261745 (VIOLATED)
_5212_/B1                               0.750000    0.982066   -0.232066 (VIOLATED)
ANTENNA__5212__B1/DIODE                 0.750000    0.982066   -0.232066 (VIOLATED)
ANTENNA_fanout153_A/DIODE               0.750000    0.982058   -0.232058 (VIOLATED)
_4971_/C1                               0.750000    0.982057   -0.232057 (VIOLATED)
fanout153/A                             0.750000    0.982056   -0.232056 (VIOLATED)
ANTENNA__4971__C1/DIODE                 0.750000    0.982056   -0.232056 (VIOLATED)
ANTENNA__4963__Y/DIODE                  0.750000    0.982047   -0.232047 (VIOLATED)
_4963_/Y                                0.750000    0.982042   -0.232042 (VIOLATED)
ANTENNA_sram_inst_wbs_adr_i[30]/DIODE    0.750000    0.974119   -0.224119 (VIOLATED)
ANTENNA_sram_inst_wbs_adr_i[29]/DIODE    0.750000    0.971442   -0.221442 (VIOLATED)
_3986_/A                                0.750000    0.970359   -0.220359 (VIOLATED)
_3984_/C1                               0.750000    0.970356   -0.220356 (VIOLATED)
ANTENNA__3984__C1/DIODE                 0.750000    0.970353   -0.220353 (VIOLATED)
ANTENNA__3986__A/DIODE                  0.750000    0.970352   -0.220352 (VIOLATED)
_3972_/A1                               0.750000    0.970345   -0.220345 (VIOLATED)
ANTENNA__3972__A1/DIODE                 0.750000    0.970336   -0.220336 (VIOLATED)
_4038_/A                                0.750000    0.970285   -0.220285 (VIOLATED)
ANTENNA__4038__A/DIODE                  0.750000    0.970283   -0.220283 (VIOLATED)
ANTENNA__4027__A2/DIODE                 0.750000    0.970279   -0.220279 (VIOLATED)
_4027_/A2                               0.750000    0.970275   -0.220275 (VIOLATED)
_4023_/A2                               0.750000    0.970243   -0.220243 (VIOLATED)
ANTENNA__4023__A2/DIODE                 0.750000    0.970241   -0.220241 (VIOLATED)
ANTENNA__4025__A2/DIODE                 0.750000    0.970224   -0.220224 (VIOLATED)
_4025_/A2                               0.750000    0.970205   -0.220205 (VIOLATED)
_4794_/B1_N                             0.750000    0.970022   -0.220022 (VIOLATED)
ANTENNA__4794__B1_N/DIODE               0.750000    0.970022   -0.220022 (VIOLATED)
ANTENNA__3546__Y/DIODE                  0.750000    0.970012   -0.220012 (VIOLATED)
ANTENNA__3547__B/DIODE                  0.750000    0.970004   -0.220004 (VIOLATED)
_3547_/B                                0.750000    0.970004   -0.220004 (VIOLATED)
_3546_/Y                                0.750000    0.969989   -0.219989 (VIOLATED)
ANTENNA_sram_inst_wbs_adr_i[25]/DIODE    0.750000    0.960378   -0.210378 (VIOLATED)
ANTENNA_sram_inst_wbs_adr_i[31]/DIODE    0.750000    0.959169   -0.209169 (VIOLATED)
ANTENNA_sram_inst_wbs_adr_i[22]/DIODE    0.750000    0.932169   -0.182169 (VIOLATED)
ANTENNA_sram_inst_wbs_adr_i[26]/DIODE    0.750000    0.931502   -0.181502 (VIOLATED)
ANTENNA_sram_inst_wbs_adr_i[21]/DIODE    0.750000    0.931383   -0.181383 (VIOLATED)
ANTENNA_sram_inst_wbs_adr_i[23]/DIODE    0.750000    0.930906   -0.180906 (VIOLATED)
ANTENNA_sram_inst_wbs_adr_i[27]/DIODE    0.750000    0.930857   -0.180857 (VIOLATED)
ANTENNA_sram_inst_wbs_adr_i[28]/DIODE    0.750000    0.930619   -0.180619 (VIOLATED)
ANTENNA_sram_inst_wbs_adr_i[20]/DIODE    0.750000    0.930326   -0.180326 (VIOLATED)
ANTENNA_sram_inst_wbs_adr_i[24]/DIODE    0.750000    0.928683   -0.178683 (VIOLATED)
_4482_/A2                               0.750000    0.921978   -0.171978 (VIOLATED)
ANTENNA__4482__A2/DIODE                 0.750000    0.921976   -0.171976 (VIOLATED)
_4453_/B2                               0.750000    0.921975   -0.171975 (VIOLATED)
ANTENNA_fanout118_A/DIODE               0.750000    0.921972   -0.171972 (VIOLATED)
ANTENNA__4453__B2/DIODE                 0.750000    0.921969   -0.171969 (VIOLATED)
fanout118/A                             0.750000    0.921968   -0.171968 (VIOLATED)
_4436_/A2                               0.750000    0.921963   -0.171963 (VIOLATED)
ANTENNA__4436__A2/DIODE                 0.750000    0.921959   -0.171959 (VIOLATED)
_4569_/A1                               0.750000    0.921958   -0.171958 (VIOLATED)
ANTENNA__4569__A1/DIODE                 0.750000    0.921958   -0.171958 (VIOLATED)
ANTENNA__4433__Y/DIODE                  0.750000    0.921923   -0.171923 (VIOLATED)
_4433_/Y                                0.750000    0.921921   -0.171921 (VIOLATED)
input12/A                               0.750000    0.920453   -0.170453 (VIOLATED)
ANTENNA_input12_A/DIODE                 0.750000    0.920397   -0.170397 (VIOLATED)
ANTENNA_hold135_A/DIODE                 0.750000    0.920292   -0.170292 (VIOLATED)
ANTENNA_hold16_A/DIODE                  0.750000    0.920273   -0.170273 (VIOLATED)
ANTENNA_hold24_A/DIODE                  0.750000    0.920264   -0.170264 (VIOLATED)
hold24/A                                0.750000    0.920263   -0.170263 (VIOLATED)
input13/A                               0.750000    0.920249   -0.170249 (VIOLATED)
hold135/A                               0.750000    0.920248   -0.170248 (VIOLATED)
hold16/A                                0.750000    0.920244   -0.170244 (VIOLATED)
input17/A                               0.750000    0.920244   -0.170244 (VIOLATED)
ANTENNA_input7_A/DIODE                  0.750000    0.920242   -0.170242 (VIOLATED)
hold38/A                                0.750000    0.920242   -0.170242 (VIOLATED)
input7/A                                0.750000    0.920237   -0.170237 (VIOLATED)
input5/A                                0.750000    0.920214   -0.170214 (VIOLATED)
input8/A                                0.750000    0.920210   -0.170210 (VIOLATED)
ANTENNA_hold38_A/DIODE                  0.750000    0.920200   -0.170200 (VIOLATED)
ANTENNA_input8_A/DIODE                  0.750000    0.920190   -0.170190 (VIOLATED)
ANTENNA_input17_A/DIODE                 0.750000    0.920188   -0.170188 (VIOLATED)
hold108/A                               0.750000    0.920188   -0.170188 (VIOLATED)
ANTENNA_input13_A/DIODE                 0.750000    0.920180   -0.170180 (VIOLATED)
hold66/A                                0.750000    0.920180   -0.170180 (VIOLATED)
input4/A                                0.750000    0.920178   -0.170178 (VIOLATED)
ANTENNA_input5_A/DIODE                  0.750000    0.920173   -0.170173 (VIOLATED)
hold120/A                               0.750000    0.920164   -0.170164 (VIOLATED)
hold95/A                                0.750000    0.920162   -0.170162 (VIOLATED)
hold115/A                               0.750000    0.920159   -0.170159 (VIOLATED)
hold192/A                               0.750000    0.920159   -0.170159 (VIOLATED)
ANTENNA_hold137_A/DIODE                 0.750000    0.920158   -0.170158 (VIOLATED)
ANTENNA_hold66_A/DIODE                  0.750000    0.920151   -0.170151 (VIOLATED)
ANTENNA_hold108_A/DIODE                 0.750000    0.920146   -0.170146 (VIOLATED)
ANTENNA_hold192_A/DIODE                 0.750000    0.920146   -0.170146 (VIOLATED)
hold128/A                               0.750000    0.920136   -0.170136 (VIOLATED)
ANTENNA_hold95_A/DIODE                  0.750000    0.920136   -0.170136 (VIOLATED)
hold137/A                               0.750000    0.920136   -0.170136 (VIOLATED)
ANTENNA_hold120_A/DIODE                 0.750000    0.920135   -0.170135 (VIOLATED)
hold71/A                                0.750000    0.920136   -0.170136 (VIOLATED)
ANTENNA_hold115_A/DIODE                 0.750000    0.920134   -0.170134 (VIOLATED)
ANTENNA_hold128_A/DIODE                 0.750000    0.920132   -0.170132 (VIOLATED)
ANTENNA_input4_A/DIODE                  0.750000    0.920121   -0.170121 (VIOLATED)
ANTENNA_hold71_A/DIODE                  0.750000    0.920105   -0.170105 (VIOLATED)
wbs_adr_i[0]                            0.750000    0.920000   -0.170000 (VIOLATED)
wbs_adr_i[10]                           0.750000    0.920000   -0.170000 (VIOLATED)
wbs_adr_i[11]                           0.750000    0.920000   -0.170000 (VIOLATED)
wbs_adr_i[12]                           0.750000    0.920000   -0.170000 (VIOLATED)
wbs_adr_i[13]                           0.750000    0.920000   -0.170000 (VIOLATED)
wbs_adr_i[14]                           0.750000    0.920000   -0.170000 (VIOLATED)
wbs_adr_i[15]                           0.750000    0.920000   -0.170000 (VIOLATED)
wbs_adr_i[16]                           0.750000    0.920000   -0.170000 (VIOLATED)
wbs_adr_i[17]                           0.750000    0.920000   -0.170000 (VIOLATED)
wbs_adr_i[18]                           0.750000    0.920000   -0.170000 (VIOLATED)
wbs_adr_i[19]                           0.750000    0.920000   -0.170000 (VIOLATED)
wbs_adr_i[1]                            0.750000    0.920000   -0.170000 (VIOLATED)
wbs_adr_i[20]                           0.750000    0.920000   -0.170000 (VIOLATED)
wbs_adr_i[21]                           0.750000    0.920000   -0.170000 (VIOLATED)
wbs_adr_i[22]                           0.750000    0.920000   -0.170000 (VIOLATED)
wbs_adr_i[23]                           0.750000    0.920000   -0.170000 (VIOLATED)
wbs_adr_i[24]                           0.750000    0.920000   -0.170000 (VIOLATED)
wbs_adr_i[25]                           0.750000    0.920000   -0.170000 (VIOLATED)
wbs_adr_i[26]                           0.750000    0.920000   -0.170000 (VIOLATED)
wbs_adr_i[27]                           0.750000    0.920000   -0.170000 (VIOLATED)
wbs_adr_i[28]                           0.750000    0.920000   -0.170000 (VIOLATED)
wbs_adr_i[29]                           0.750000    0.920000   -0.170000 (VIOLATED)
wbs_adr_i[2]                            0.750000    0.920000   -0.170000 (VIOLATED)
wbs_adr_i[30]                           0.750000    0.920000   -0.170000 (VIOLATED)
wbs_adr_i[31]                           0.750000    0.920000   -0.170000 (VIOLATED)
wbs_adr_i[3]                            0.750000    0.920000   -0.170000 (VIOLATED)
wbs_adr_i[4]                            0.750000    0.920000   -0.170000 (VIOLATED)
wbs_adr_i[5]                            0.750000    0.920000   -0.170000 (VIOLATED)
wbs_adr_i[6]                            0.750000    0.920000   -0.170000 (VIOLATED)
wbs_adr_i[7]                            0.750000    0.920000   -0.170000 (VIOLATED)
wbs_adr_i[8]                            0.750000    0.920000   -0.170000 (VIOLATED)
wbs_adr_i[9]                            0.750000    0.920000   -0.170000 (VIOLATED)
fanout196/A                             0.750000    0.905008   -0.155008 (VIOLATED)
ANTENNA_fanout196_A/DIODE               0.750000    0.905006   -0.155006 (VIOLATED)
fanout195/A                             0.750000    0.904994   -0.154994 (VIOLATED)
ANTENNA_fanout195_A/DIODE               0.750000    0.904983   -0.154983 (VIOLATED)
fanout194/A                             0.750000    0.904918   -0.154918 (VIOLATED)
ANTENNA_fanout194_A/DIODE               0.750000    0.904917   -0.154917 (VIOLATED)
ANTENNA__4438__Y/DIODE                  0.750000    0.904909   -0.154909 (VIOLATED)
_4438_/Y                                0.750000    0.904906   -0.154906 (VIOLATED)
ANTENNA__4343__B/DIODE                  0.750000    0.896583   -0.146583 (VIOLATED)
_4343_/B                                0.750000    0.896583   -0.146583 (VIOLATED)
ANTENNA__4332__X/DIODE                  0.750000    0.896573   -0.146573 (VIOLATED)
_4332_/X                                0.750000    0.896573   -0.146573 (VIOLATED)
ANTENNA__4347__A/DIODE                  0.750000    0.889824   -0.139824 (VIOLATED)
_4347_/A                                0.750000    0.889824   -0.139824 (VIOLATED)
ANTENNA__4313__X/DIODE                  0.750000    0.889820   -0.139820 (VIOLATED)
_4313_/X                                0.750000    0.889820   -0.139820 (VIOLATED)
_5341_/S                                0.750000    0.884235   -0.134235 (VIOLATED)
ANTENNA__5341__S/DIODE                  0.750000    0.884231   -0.134231 (VIOLATED)
_5345_/S                                0.750000    0.884213   -0.134213 (VIOLATED)
ANTENNA__5345__S/DIODE                  0.750000    0.884207   -0.134207 (VIOLATED)
_5343_/S                                0.750000    0.884053   -0.134053 (VIOLATED)
ANTENNA__5343__S/DIODE                  0.750000    0.883961   -0.133961 (VIOLATED)
_5349_/S                                0.750000    0.883899   -0.133900 (VIOLATED)
ANTENNA__5349__S/DIODE                  0.750000    0.883894   -0.133894 (VIOLATED)
_5344_/S                                0.750000    0.883857   -0.133857 (VIOLATED)
ANTENNA__5344__S/DIODE                  0.750000    0.883777   -0.133777 (VIOLATED)
_5346_/S                                0.750000    0.883605   -0.133605 (VIOLATED)
ANTENNA__5346__S/DIODE                  0.750000    0.883589   -0.133589 (VIOLATED)
_5342_/S                                0.750000    0.883275   -0.133275 (VIOLATED)
ANTENNA__5342__S/DIODE                  0.750000    0.883118   -0.133118 (VIOLATED)
_5347_/S                                0.750000    0.882797   -0.132797 (VIOLATED)
ANTENNA__5347__S/DIODE                  0.750000    0.882731   -0.132731 (VIOLATED)
_5348_/S                                0.750000    0.882671   -0.132671 (VIOLATED)
ANTENNA__5348__S/DIODE                  0.750000    0.882667   -0.132667 (VIOLATED)
ANTENNA__5340__Y/DIODE                  0.750000    0.882407   -0.132407 (VIOLATED)
_5340_/Y                                0.750000    0.882400   -0.132400 (VIOLATED)
_5075_/B1                               0.750000    0.870122   -0.120122 (VIOLATED)
_5017_/B1                               0.750000    0.870122   -0.120122 (VIOLATED)
ANTENNA__5017__B1/DIODE                 0.750000    0.870121   -0.120121 (VIOLATED)
ANTENNA__5075__B1/DIODE                 0.750000    0.870120   -0.120120 (VIOLATED)
_5130_/A1                               0.750000    0.870108   -0.120108 (VIOLATED)
ANTENNA__5130__A1/DIODE                 0.750000    0.870105   -0.120105 (VIOLATED)
_5142_/A                                0.750000    0.870096   -0.120096 (VIOLATED)
ANTENNA__5142__A/DIODE                  0.750000    0.870096   -0.120096 (VIOLATED)
_4824_/A1                               0.750000    0.870093   -0.120093 (VIOLATED)
ANTENNA__4824__A1/DIODE                 0.750000    0.870092   -0.120092 (VIOLATED)
_5185_/B1                               0.750000    0.870087   -0.120087 (VIOLATED)
ANTENNA__5185__B1/DIODE                 0.750000    0.870086   -0.120086 (VIOLATED)
_5068_/A1                               0.750000    0.870085   -0.120085 (VIOLATED)
ANTENNA__5068__A1/DIODE                 0.750000    0.870084   -0.120084 (VIOLATED)
ANTENNA__4808__Y/DIODE                  0.750000    0.870043   -0.120043 (VIOLATED)
_4808_/Y                                0.750000    0.870037   -0.120037 (VIOLATED)
_5383_/S                                0.750000    0.866051   -0.116051 (VIOLATED)
ANTENNA__5383__S/DIODE                  0.750000    0.866048   -0.116048 (VIOLATED)
_5387_/S                                0.750000    0.866005   -0.116005 (VIOLATED)
ANTENNA__5387__S/DIODE                  0.750000    0.866000   -0.116000 (VIOLATED)
_5385_/S                                0.750000    0.865984   -0.115984 (VIOLATED)
ANTENNA__5385__S/DIODE                  0.750000    0.865971   -0.115971 (VIOLATED)
_5391_/S                                0.750000    0.865957   -0.115957 (VIOLATED)
ANTENNA__5391__S/DIODE                  0.750000    0.865936   -0.115936 (VIOLATED)
_5386_/S                                0.750000    0.865892   -0.115892 (VIOLATED)
ANTENNA__5386__S/DIODE                  0.750000    0.865870   -0.115870 (VIOLATED)
_5388_/S                                0.750000    0.865735   -0.115735 (VIOLATED)
ANTENNA__5388__S/DIODE                  0.750000    0.865558   -0.115558 (VIOLATED)
_5384_/S                                0.750000    0.865295   -0.115295 (VIOLATED)
ANTENNA__5384__S/DIODE                  0.750000    0.865157   -0.115157 (VIOLATED)
_5390_/S                                0.750000    0.864884   -0.114884 (VIOLATED)
ANTENNA__5390__S/DIODE                  0.750000    0.864876   -0.114876 (VIOLATED)
_5389_/S                                0.750000    0.864813   -0.114813 (VIOLATED)
ANTENNA__5389__S/DIODE                  0.750000    0.864811   -0.114811 (VIOLATED)
ANTENNA__5382__Y/DIODE                  0.750000    0.864659   -0.114659 (VIOLATED)
_5382_/Y                                0.750000    0.864652   -0.114652 (VIOLATED)
_3288_/D_N                              0.750000    0.864515   -0.114515 (VIOLATED)
ANTENNA__3288__D_N/DIODE                0.750000    0.864514   -0.114514 (VIOLATED)
_4403_/A1                               0.750000    0.864514   -0.114514 (VIOLATED)
ANTENNA__4403__A1/DIODE                 0.750000    0.864513   -0.114513 (VIOLATED)
ANTENNA__3257__Y/DIODE                  0.750000    0.864511   -0.114511 (VIOLATED)
_3257_/Y                                0.750000    0.864511   -0.114511 (VIOLATED)
ANTENNA_hold1_A/DIODE                   0.750000    0.840888   -0.090888 (VIOLATED)
hold1/A                                 0.750000    0.840785   -0.090785 (VIOLATED)
ANTENNA_hold9_A/DIODE                   0.750000    0.840611   -0.090611 (VIOLATED)
ANTENNA_hold3_A/DIODE                   0.750000    0.840491   -0.090491 (VIOLATED)
ANTENNA_hold52_A/DIODE                  0.750000    0.840481   -0.090481 (VIOLATED)
ANTENNA_hold46_A/DIODE                  0.750000    0.840456   -0.090456 (VIOLATED)
ANTENNA_hold112_A/DIODE                 0.750000    0.840381   -0.090381 (VIOLATED)
hold79/A                                0.750000    0.840368   -0.090368 (VIOLATED)
ANTENNA_hold35_A/DIODE                  0.750000    0.840367   -0.090367 (VIOLATED)
hold9/A                                 0.750000    0.840348   -0.090348 (VIOLATED)
hold101/A                               0.750000    0.840334   -0.090334 (VIOLATED)
hold3/A                                 0.750000    0.840324   -0.090324 (VIOLATED)
ANTENNA_hold31_A/DIODE                  0.750000    0.840318   -0.090318 (VIOLATED)
ANTENNA_hold29_A/DIODE                  0.750000    0.840311   -0.090311 (VIOLATED)
ANTENNA_hold44_A/DIODE                  0.750000    0.840310   -0.090310 (VIOLATED)
hold52/A                                0.750000    0.840292   -0.090292 (VIOLATED)
ANTENNA_hold11_A/DIODE                  0.750000    0.840289   -0.090289 (VIOLATED)
ANTENNA_hold7_A/DIODE                   0.750000    0.840283   -0.090283 (VIOLATED)
hold112/A                               0.750000    0.840277   -0.090278 (VIOLATED)
ANTENNA_hold33_A/DIODE                  0.750000    0.840275   -0.090275 (VIOLATED)
hold35/A                                0.750000    0.840270   -0.090270 (VIOLATED)
hold44/A                                0.750000    0.840269   -0.090269 (VIOLATED)
hold7/A                                 0.750000    0.840265   -0.090265 (VIOLATED)
ANTENNA_hold57_A/DIODE                  0.750000    0.840257   -0.090257 (VIOLATED)
ANTENNA_hold131_A/DIODE                 0.750000    0.840257   -0.090257 (VIOLATED)
ANTENNA_hold14_A/DIODE                  0.750000    0.840254   -0.090254 (VIOLATED)
ANTENNA_hold103_A/DIODE                 0.750000    0.840249   -0.090249 (VIOLATED)
ANTENNA_hold79_A/DIODE                  0.750000    0.840243   -0.090243 (VIOLATED)
ANTENNA_hold105_A/DIODE                 0.750000    0.840238   -0.090238 (VIOLATED)
hold57/A                                0.750000    0.840237   -0.090237 (VIOLATED)
ANTENNA_hold126_A/DIODE                 0.750000    0.840235   -0.090235 (VIOLATED)
ANTENNA_hold132_A/DIODE                 0.750000    0.840233   -0.090233 (VIOLATED)
hold29/A                                0.750000    0.840232   -0.090232 (VIOLATED)
hold33/A                                0.750000    0.840232   -0.090232 (VIOLATED)
hold19/A                                0.750000    0.840224   -0.090224 (VIOLATED)
hold105/A                               0.750000    0.840220   -0.090220 (VIOLATED)
hold31/A                                0.750000    0.840220   -0.090220 (VIOLATED)
ANTENNA_hold101_A/DIODE                 0.750000    0.840211   -0.090211 (VIOLATED)
hold14/A                                0.750000    0.840209   -0.090209 (VIOLATED)
hold11/A                                0.750000    0.840204   -0.090204 (VIOLATED)
hold46/A                                0.750000    0.840202   -0.090202 (VIOLATED)
hold103/A                               0.750000    0.840183   -0.090183 (VIOLATED)
ANTENNA_hold62_A/DIODE                  0.750000    0.840182   -0.090183 (VIOLATED)
hold126/A                               0.750000    0.840182   -0.090182 (VIOLATED)
hold62/A                                0.750000    0.840181   -0.090181 (VIOLATED)
hold131/A                               0.750000    0.840179   -0.090179 (VIOLATED)
hold75/A                                0.750000    0.840176   -0.090176 (VIOLATED)
ANTENNA_hold19_A/DIODE                  0.750000    0.840175   -0.090175 (VIOLATED)
hold21/A                                0.750000    0.840173   -0.090173 (VIOLATED)
hold114/A                               0.750000    0.840168   -0.090168 (VIOLATED)
hold132/A                               0.750000    0.840167   -0.090167 (VIOLATED)
ANTENNA_hold75_A/DIODE                  0.750000    0.840162   -0.090162 (VIOLATED)
hold55/A                                0.750000    0.840161   -0.090161 (VIOLATED)
ANTENNA_hold50_A/DIODE                  0.750000    0.840152   -0.090152 (VIOLATED)
ANTENNA_hold114_A/DIODE                 0.750000    0.840150   -0.090150 (VIOLATED)
ANTENNA_hold21_A/DIODE                  0.750000    0.840145   -0.090145 (VIOLATED)
ANTENNA_hold5_A/DIODE                   0.750000    0.840139   -0.090139 (VIOLATED)
hold50/A                                0.750000    0.840139   -0.090139 (VIOLATED)
ANTENNA_hold55_A/DIODE                  0.750000    0.840135   -0.090135 (VIOLATED)
hold5/A                                 0.750000    0.840134   -0.090134 (VIOLATED)
hold60/A                                0.750000    0.840133   -0.090133 (VIOLATED)
hold42/A                                0.750000    0.840131   -0.090131 (VIOLATED)
ANTENNA_hold42_A/DIODE                  0.750000    0.840130   -0.090130 (VIOLATED)
ANTENNA_hold60_A/DIODE                  0.750000    0.840106   -0.090106 (VIOLATED)
wbs_dat_i[0]                            0.750000    0.840000   -0.090000 (VIOLATED)
wbs_dat_i[10]                           0.750000    0.840000   -0.090000 (VIOLATED)
wbs_dat_i[11]                           0.750000    0.840000   -0.090000 (VIOLATED)
wbs_dat_i[12]                           0.750000    0.840000   -0.090000 (VIOLATED)
wbs_dat_i[13]                           0.750000    0.840000   -0.090000 (VIOLATED)
wbs_dat_i[14]                           0.750000    0.840000   -0.090000 (VIOLATED)
wbs_dat_i[15]                           0.750000    0.840000   -0.090000 (VIOLATED)
wbs_dat_i[16]                           0.750000    0.840000   -0.090000 (VIOLATED)
wbs_dat_i[17]                           0.750000    0.840000   -0.090000 (VIOLATED)
wbs_dat_i[18]                           0.750000    0.840000   -0.090000 (VIOLATED)
wbs_dat_i[19]                           0.750000    0.840000   -0.090000 (VIOLATED)
wbs_dat_i[1]                            0.750000    0.840000   -0.090000 (VIOLATED)
wbs_dat_i[20]                           0.750000    0.840000   -0.090000 (VIOLATED)
wbs_dat_i[21]                           0.750000    0.840000   -0.090000 (VIOLATED)
wbs_dat_i[22]                           0.750000    0.840000   -0.090000 (VIOLATED)
wbs_dat_i[23]                           0.750000    0.840000   -0.090000 (VIOLATED)
wbs_dat_i[24]                           0.750000    0.840000   -0.090000 (VIOLATED)
wbs_dat_i[25]                           0.750000    0.840000   -0.090000 (VIOLATED)
wbs_dat_i[26]                           0.750000    0.840000   -0.090000 (VIOLATED)
wbs_dat_i[27]                           0.750000    0.840000   -0.090000 (VIOLATED)
wbs_dat_i[28]                           0.750000    0.840000   -0.090000 (VIOLATED)
wbs_dat_i[29]                           0.750000    0.840000   -0.090000 (VIOLATED)
wbs_dat_i[2]                            0.750000    0.840000   -0.090000 (VIOLATED)
wbs_dat_i[30]                           0.750000    0.840000   -0.090000 (VIOLATED)
wbs_dat_i[31]                           0.750000    0.840000   -0.090000 (VIOLATED)
wbs_dat_i[3]                            0.750000    0.840000   -0.090000 (VIOLATED)
wbs_dat_i[4]                            0.750000    0.840000   -0.090000 (VIOLATED)
wbs_dat_i[5]                            0.750000    0.840000   -0.090000 (VIOLATED)
wbs_dat_i[6]                            0.750000    0.840000   -0.090000 (VIOLATED)
wbs_dat_i[7]                            0.750000    0.840000   -0.090000 (VIOLATED)
wbs_dat_i[8]                            0.750000    0.840000   -0.090000 (VIOLATED)
wbs_dat_i[9]                            0.750000    0.840000   -0.090000 (VIOLATED)
_4775_/S                                0.750000    0.811644   -0.061644 (VIOLATED)
_4777_/S                                0.750000    0.811644   -0.061644 (VIOLATED)
_4394_/A                                0.750000    0.811639   -0.061639 (VIOLATED)
ANTENNA__4775__S/DIODE                  0.750000    0.811638   -0.061638 (VIOLATED)
ANTENNA__4394__A/DIODE                  0.750000    0.811638   -0.061638 (VIOLATED)
ANTENNA__4764__A1/DIODE                 0.750000    0.811634   -0.061634 (VIOLATED)
_4764_/A1                               0.750000    0.811632   -0.061632 (VIOLATED)
ANTENNA__4777__S/DIODE                  0.750000    0.811629   -0.061629 (VIOLATED)
_4768_/S                                0.750000    0.811620   -0.061620 (VIOLATED)
ANTENNA__4768__S/DIODE                  0.750000    0.811590   -0.061590 (VIOLATED)
_4772_/S                                0.750000    0.811565   -0.061565 (VIOLATED)
ANTENNA__4772__S/DIODE                  0.750000    0.811560   -0.061560 (VIOLATED)
_4362_/B1                               0.750000    0.811460   -0.061460 (VIOLATED)
ANTENNA__4362__B1/DIODE                 0.750000    0.811445   -0.061445 (VIOLATED)
_4404_/A1                               0.750000    0.811374   -0.061374 (VIOLATED)
ANTENNA__4404__A1/DIODE                 0.750000    0.811373   -0.061373 (VIOLATED)
ANTENNA__4442__C/DIODE                  0.750000    0.811371   -0.061371 (VIOLATED)
_4442_/C                                0.750000    0.811370   -0.061371 (VIOLATED)
ANTENNA__3267__Y/DIODE                  0.750000    0.811251   -0.061251 (VIOLATED)
_3267_/Y                                0.750000    0.811245   -0.061245 (VIOLATED)
_5591_/S                                0.750000    0.805695   -0.055695 (VIOLATED)
ANTENNA__5591__S/DIODE                  0.750000    0.805691   -0.055691 (VIOLATED)
_5595_/S                                0.750000    0.805689   -0.055689 (VIOLATED)
ANTENNA__5595__S/DIODE                  0.750000    0.805679   -0.055679 (VIOLATED)
_5593_/S                                0.750000    0.805649   -0.055649 (VIOLATED)
ANTENNA__5593__S/DIODE                  0.750000    0.805636   -0.055636 (VIOLATED)
_5599_/S                                0.750000    0.805625   -0.055625 (VIOLATED)
ANTENNA__5599__S/DIODE                  0.750000    0.805610   -0.055610 (VIOLATED)
_5596_/S                                0.750000    0.805519   -0.055519 (VIOLATED)
_5594_/S                                0.750000    0.805514   -0.055514 (VIOLATED)
ANTENNA__5596__S/DIODE                  0.750000    0.805512   -0.055512 (VIOLATED)
ANTENNA__5594__S/DIODE                  0.750000    0.805506   -0.055506 (VIOLATED)
_5598_/S                                0.750000    0.805492   -0.055492 (VIOLATED)
ANTENNA__5598__S/DIODE                  0.750000    0.805405   -0.055405 (VIOLATED)
_5592_/S                                0.750000    0.804942   -0.054942 (VIOLATED)
ANTENNA__5592__S/DIODE                  0.750000    0.804927   -0.054927 (VIOLATED)
_5597_/S                                0.750000    0.804729   -0.054729 (VIOLATED)
ANTENNA__5597__S/DIODE                  0.750000    0.804727   -0.054727 (VIOLATED)
ANTENNA__5590__Y/DIODE                  0.750000    0.804621   -0.054621 (VIOLATED)
_5590_/Y                                0.750000    0.804585   -0.054585 (VIOLATED)
_5454_/S                                0.750000    0.800822   -0.050822 (VIOLATED)
ANTENNA__5454__S/DIODE                  0.750000    0.800817   -0.050817 (VIOLATED)
_5452_/S                                0.750000    0.800803   -0.050803 (VIOLATED)
ANTENNA__5452__S/DIODE                  0.750000    0.800774   -0.050774 (VIOLATED)
_5450_/S                                0.750000    0.800768   -0.050768 (VIOLATED)
ANTENNA__5450__S/DIODE                  0.750000    0.800760   -0.050760 (VIOLATED)
_5453_/S                                0.750000    0.800699   -0.050699 (VIOLATED)
ANTENNA__5453__S/DIODE                  0.750000    0.800665   -0.050665 (VIOLATED)
_5449_/S                                0.750000    0.800593   -0.050593 (VIOLATED)
ANTENNA__5449__S/DIODE                  0.750000    0.800588   -0.050588 (VIOLATED)
_5457_/S                                0.750000    0.800586   -0.050586 (VIOLATED)
ANTENNA__5457__S/DIODE                  0.750000    0.800583   -0.050583 (VIOLATED)
_5451_/S                                0.750000    0.800518   -0.050518 (VIOLATED)
ANTENNA__5451__S/DIODE                  0.750000    0.800474   -0.050475 (VIOLATED)
_5456_/S                                0.750000    0.800400   -0.050400 (VIOLATED)
_5455_/S                                0.750000    0.800398   -0.050398 (VIOLATED)
ANTENNA__5456__S/DIODE                  0.750000    0.800398   -0.050398 (VIOLATED)
ANTENNA__5455__S/DIODE                  0.750000    0.800360   -0.050360 (VIOLATED)
ANTENNA__5448__Y/DIODE                  0.750000    0.800269   -0.050269 (VIOLATED)
_5448_/Y                                0.750000    0.800263   -0.050263 (VIOLATED)
_5571_/S                                0.750000    0.795588   -0.045588 (VIOLATED)
ANTENNA__5571__S/DIODE                  0.750000    0.795580   -0.045580 (VIOLATED)
_5573_/S                                0.750000    0.795578   -0.045578 (VIOLATED)
ANTENNA__5573__S/DIODE                  0.750000    0.795567   -0.045567 (VIOLATED)
_5578_/S                                0.750000    0.795528   -0.045528 (VIOLATED)
ANTENNA__5578__S/DIODE                  0.750000    0.795478   -0.045478 (VIOLATED)
ANTENNA__5577__S/DIODE                  0.750000    0.795461   -0.045461 (VIOLATED)
_5577_/S                                0.750000    0.795440   -0.045440 (VIOLATED)
_5574_/S                                0.750000    0.795409   -0.045409 (VIOLATED)
ANTENNA__5574__S/DIODE                  0.750000    0.795402   -0.045402 (VIOLATED)
_5579_/S                                0.750000    0.795392   -0.045392 (VIOLATED)
ANTENNA__5579__S/DIODE                  0.750000    0.795389   -0.045389 (VIOLATED)
_5576_/S                                0.750000    0.795353   -0.045353 (VIOLATED)
_5572_/S                                0.750000    0.795349   -0.045349 (VIOLATED)
ANTENNA__5576__S/DIODE                  0.750000    0.795347   -0.045347 (VIOLATED)
ANTENNA__5572__S/DIODE                  0.750000    0.795345   -0.045345 (VIOLATED)
_5575_/S                                0.750000    0.795179   -0.045179 (VIOLATED)
ANTENNA__5575__S/DIODE                  0.750000    0.795176   -0.045176 (VIOLATED)
ANTENNA__5570__Y/DIODE                  0.750000    0.794940   -0.044940 (VIOLATED)
_5570_/Y                                0.750000    0.794932   -0.044932 (VIOLATED)
_5522_/S                                0.750000    0.793195   -0.043195 (VIOLATED)
ANTENNA__5522__S/DIODE                  0.750000    0.793192   -0.043192 (VIOLATED)
_5525_/S                                0.750000    0.793176   -0.043176 (VIOLATED)
_5529_/S                                0.750000    0.793175   -0.043175 (VIOLATED)
ANTENNA__5529__S/DIODE                  0.750000    0.793174   -0.043174 (VIOLATED)
ANTENNA__5525__S/DIODE                  0.750000    0.793173   -0.043174 (VIOLATED)
ANTENNA__5521__S/DIODE                  0.750000    0.793127   -0.043127 (VIOLATED)
_5521_/S                                0.750000    0.793111   -0.043111 (VIOLATED)
_5528_/S                                0.750000    0.793101   -0.043101 (VIOLATED)
ANTENNA__5528__S/DIODE                  0.750000    0.793100   -0.043100 (VIOLATED)
_5524_/S                                0.750000    0.793054   -0.043054 (VIOLATED)
ANTENNA__5524__S/DIODE                  0.750000    0.793052   -0.043052 (VIOLATED)
ANTENNA__5527__S/DIODE                  0.750000    0.793049   -0.043049 (VIOLATED)
ANTENNA__5526__S/DIODE                  0.750000    0.793045   -0.043045 (VIOLATED)
_5526_/S                                0.750000    0.793045   -0.043045 (VIOLATED)
_5523_/S                                0.750000    0.793032   -0.043032 (VIOLATED)
ANTENNA__5523__S/DIODE                  0.750000    0.793031   -0.043031 (VIOLATED)
_5527_/S                                0.750000    0.793025   -0.043025 (VIOLATED)
ANTENNA__5520__Y/DIODE                  0.750000    0.792979   -0.042979 (VIOLATED)
_5520_/Y                                0.750000    0.792963   -0.042963 (VIOLATED)
fanout228/A                             0.750000    0.782895   -0.032895 (VIOLATED)
fanout229/A                             0.750000    0.782895   -0.032895 (VIOLATED)
ANTENNA_fanout228_A/DIODE               0.750000    0.782894   -0.032894 (VIOLATED)
ANTENNA_fanout229_A/DIODE               0.750000    0.782894   -0.032894 (VIOLATED)
ANTENNA_fanout230_A/DIODE               0.750000    0.782881   -0.032881 (VIOLATED)
ANTENNA__4143__Y/DIODE                  0.750000    0.782881   -0.032881 (VIOLATED)
fanout230/A                             0.750000    0.782880   -0.032880 (VIOLATED)
hold18/A                                0.750000    0.782876   -0.032876 (VIOLATED)
ANTENNA_hold18_A/DIODE                  0.750000    0.782876   -0.032876 (VIOLATED)
_4143_/Y                                0.750000    0.782870   -0.032870 (VIOLATED)
_4140_/Y                                0.750000    0.777434   -0.027434 (VIOLATED)
_4433_/A                                0.750000    0.777434   -0.027434 (VIOLATED)
_4434_/A                                0.750000    0.777434   -0.027434 (VIOLATED)
max_cap132/A                            0.750000    0.777434   -0.027434 (VIOLATED)
_5581_/S                                0.750000    0.759154   -0.009154 (VIOLATED)
ANTENNA__5581__S/DIODE                  0.750000    0.759152   -0.009152 (VIOLATED)
_5585_/S                                0.750000    0.759127   -0.009127 (VIOLATED)
ANTENNA__5585__S/DIODE                  0.750000    0.759127   -0.009127 (VIOLATED)
_5583_/S                                0.750000    0.759101   -0.009101 (VIOLATED)
ANTENNA__5583__S/DIODE                  0.750000    0.759100   -0.009100 (VIOLATED)
_5589_/S                                0.750000    0.759046   -0.009046 (VIOLATED)
ANTENNA__5589__S/DIODE                  0.750000    0.759039   -0.009039 (VIOLATED)
_5586_/S                                0.750000    0.758959   -0.008959 (VIOLATED)
ANTENNA__5586__S/DIODE                  0.750000    0.758947   -0.008947 (VIOLATED)
_5584_/S                                0.750000    0.758908   -0.008908 (VIOLATED)
ANTENNA__5584__S/DIODE                  0.750000    0.758903   -0.008903 (VIOLATED)
_5588_/S                                0.750000    0.758843   -0.008843 (VIOLATED)
ANTENNA__5588__S/DIODE                  0.750000    0.758831   -0.008831 (VIOLATED)
_5582_/S                                0.750000    0.758707   -0.008707 (VIOLATED)
ANTENNA__5582__S/DIODE                  0.750000    0.758696   -0.008696 (VIOLATED)
_5587_/S                                0.750000    0.758544   -0.008544 (VIOLATED)
ANTENNA__5587__S/DIODE                  0.750000    0.758541   -0.008541 (VIOLATED)
ANTENNA__5580__Y/DIODE                  0.750000    0.758492   -0.008492 (VIOLATED)
_5580_/Y                                0.750000    0.758487   -0.008487 (VIOLATED)
_4290_/S                                0.750000    0.756412   -0.006412 (VIOLATED)
_4289_/S                                0.750000    0.756412   -0.006412 (VIOLATED)
_4285_/S                                0.750000    0.756407   -0.006407 (VIOLATED)
_4288_/S                                0.750000    0.756407   -0.006407 (VIOLATED)
_4286_/S                                0.750000    0.756401   -0.006401 (VIOLATED)
_4283_/Y                                0.750000    0.756397   -0.006397 (VIOLATED)
_4284_/S                                0.750000    0.756397   -0.006397 (VIOLATED)
_4287_/S                                0.750000    0.756397   -0.006397 (VIOLATED)
_5531_/S                                0.750000    0.756128   -0.006128 (VIOLATED)
ANTENNA__5531__S/DIODE                  0.750000    0.756123   -0.006123 (VIOLATED)
_5533_/S                                0.750000    0.756106   -0.006106 (VIOLATED)
ANTENNA__5533__S/DIODE                  0.750000    0.756101   -0.006101 (VIOLATED)
_5538_/S                                0.750000    0.756071   -0.006071 (VIOLATED)
ANTENNA__5538__S/DIODE                  0.750000    0.756070   -0.006070 (VIOLATED)
_5537_/S                                0.750000    0.756001   -0.006001 (VIOLATED)
ANTENNA__5537__S/DIODE                  0.750000    0.755997   -0.005997 (VIOLATED)
ANTENNA__5532__S/DIODE                  0.750000    0.755889   -0.005889 (VIOLATED)
_5532_/S                                0.750000    0.755886   -0.005886 (VIOLATED)
_5535_/S                                0.750000    0.755590   -0.005590 (VIOLATED)
ANTENNA__5535__S/DIODE                  0.750000    0.755582   -0.005582 (VIOLATED)
_5536_/S                                0.750000    0.755518   -0.005518 (VIOLATED)
ANTENNA__5536__S/DIODE                  0.750000    0.755509   -0.005509 (VIOLATED)
ANTENNA__5539__S/DIODE                  0.750000    0.755422   -0.005422 (VIOLATED)
_5539_/S                                0.750000    0.755414   -0.005415 (VIOLATED)
_5534_/S                                0.750000    0.755386   -0.005386 (VIOLATED)
ANTENNA__5534__S/DIODE                  0.750000    0.755379   -0.005379 (VIOLATED)
ANTENNA__5530__Y/DIODE                  0.750000    0.755241   -0.005241 (VIOLATED)
_5530_/Y                                0.750000    0.755210   -0.005210 (VIOLATED)
_5664_/S                                0.750000    0.754899   -0.004899 (VIOLATED)
ANTENNA__5664__S/DIODE                  0.750000    0.754895   -0.004895 (VIOLATED)
_5666_/S                                0.750000    0.754889   -0.004890 (VIOLATED)
_5668_/S                                0.750000    0.754888   -0.004888 (VIOLATED)
ANTENNA__5668__S/DIODE                  0.750000    0.754885   -0.004885 (VIOLATED)
ANTENNA__5666__S/DIODE                  0.750000    0.754881   -0.004881 (VIOLATED)
_5667_/S                                0.750000    0.754873   -0.004873 (VIOLATED)
ANTENNA__5667__S/DIODE                  0.750000    0.754871   -0.004871 (VIOLATED)
_5663_/S                                0.750000    0.754868   -0.004868 (VIOLATED)
ANTENNA__5663__S/DIODE                  0.750000    0.754855   -0.004855 (VIOLATED)
ANTENNA__5671__S/DIODE                  0.750000    0.754849   -0.004849 (VIOLATED)
_5671_/S                                0.750000    0.754845   -0.004845 (VIOLATED)
_5670_/S                                0.750000    0.754830   -0.004830 (VIOLATED)
ANTENNA__5670__S/DIODE                  0.750000    0.754827   -0.004827 (VIOLATED)
_5665_/S                                0.750000    0.754820   -0.004820 (VIOLATED)
ANTENNA__5665__S/DIODE                  0.750000    0.754817   -0.004817 (VIOLATED)
_5669_/S                                0.750000    0.754806   -0.004806 (VIOLATED)
ANTENNA__5669__S/DIODE                  0.750000    0.754802   -0.004802 (VIOLATED)
ANTENNA__5662__Y/DIODE                  0.750000    0.754731   -0.004731 (VIOLATED)
_5662_/Y                                0.750000    0.754725   -0.004725 (VIOLATED)
_5468_/S                                0.750000    0.751060   -0.001060 (VIOLATED)
ANTENNA__5468__S/DIODE                  0.750000    0.751055   -0.001055 (VIOLATED)
_5467_/S                                0.750000    0.751047   -0.001047 (VIOLATED)
ANTENNA__5467__S/DIODE                  0.750000    0.751046   -0.001046 (VIOLATED)
ANTENNA__5460__S/DIODE                  0.750000    0.751019   -0.001019 (VIOLATED)
_5460_/S                                0.750000    0.750987   -0.000987 (VIOLATED)
ANTENNA__5464__S/DIODE                  0.750000    0.750959   -0.000959 (VIOLATED)
_5464_/S                                0.750000    0.750959   -0.000959 (VIOLATED)
_5461_/S                                0.750000    0.750915   -0.000915 (VIOLATED)
ANTENNA__5461__S/DIODE                  0.750000    0.750913   -0.000913 (VIOLATED)
_5463_/S                                0.750000    0.750863   -0.000863 (VIOLATED)
ANTENNA__5463__S/DIODE                  0.750000    0.750863   -0.000863 (VIOLATED)
_5465_/S                                0.750000    0.750860   -0.000860 (VIOLATED)
ANTENNA__5465__S/DIODE                  0.750000    0.750851   -0.000851 (VIOLATED)
_5462_/S                                0.750000    0.750827   -0.000827 (VIOLATED)
ANTENNA__5462__S/DIODE                  0.750000    0.750823   -0.000823 (VIOLATED)
_5466_/S                                0.750000    0.750794   -0.000794 (VIOLATED)
ANTENNA__5466__S/DIODE                  0.750000    0.750770   -0.000770 (VIOLATED)
ANTENNA__5459__Y/DIODE                  0.750000    0.750763   -0.000763 (VIOLATED)
_5459_/Y                                0.750000    0.750746   -0.000746 (VIOLATED)

max fanout

Pin                                   Limit Fanout  Slack
---------------------------------------------------------
clkbuf_leaf_43_wb_clk_i/X                10     47    -37 (VIOLATED)
clkbuf_leaf_58_wb_clk_i/X                10     41    -31 (VIOLATED)
clkbuf_leaf_22_wb_clk_i/X                10     35    -25 (VIOLATED)
clkbuf_leaf_37_wb_clk_i/X                10     35    -25 (VIOLATED)
clkbuf_leaf_5_wb_clk_i/X                 10     33    -23 (VIOLATED)
clkbuf_leaf_30_wb_clk_i/X                10     27    -17 (VIOLATED)
clkbuf_leaf_9_wb_clk_i/X                 10     27    -17 (VIOLATED)
clkbuf_3_0_0_wb_clk_i/X                  10     25    -15 (VIOLATED)
clkbuf_3_2_0_wb_clk_i/X                  10     25    -15 (VIOLATED)
clkbuf_leaf_41_wb_clk_i/X                10     23    -13 (VIOLATED)
_3354_/Y                                 10     21    -11 (VIOLATED)
_4291_/Y                                 10     21    -11 (VIOLATED)
_4817_/Y                                 10     21    -11 (VIOLATED)
_6285_/Q                                 10     21    -11 (VIOLATED)
_6289_/Q                                 10     21    -11 (VIOLATED)
_6294_/Q                                 10     21    -11 (VIOLATED)
_6871_/Q                                 10     21    -11 (VIOLATED)
fanout101/X                              10     21    -11 (VIOLATED)
fanout102/X                              10     21    -11 (VIOLATED)
fanout104/X                              10     21    -11 (VIOLATED)
fanout106/X                              10     21    -11 (VIOLATED)
fanout108/X                              10     21    -11 (VIOLATED)
fanout110/X                              10     21    -11 (VIOLATED)
fanout112/X                              10     21    -11 (VIOLATED)
fanout114/X                              10     21    -11 (VIOLATED)
fanout116/X                              10     21    -11 (VIOLATED)
fanout118/X                              10     21    -11 (VIOLATED)
fanout119/X                              10     21    -11 (VIOLATED)
fanout121/X                              10     21    -11 (VIOLATED)
fanout123/X                              10     21    -11 (VIOLATED)
fanout125/X                              10     21    -11 (VIOLATED)
fanout128/X                              10     21    -11 (VIOLATED)
fanout133/X                              10     21    -11 (VIOLATED)
fanout137/X                              10     21    -11 (VIOLATED)
fanout139/X                              10     21    -11 (VIOLATED)
fanout146/X                              10     21    -11 (VIOLATED)
fanout147/X                              10     21    -11 (VIOLATED)
fanout148/X                              10     21    -11 (VIOLATED)
fanout150/X                              10     21    -11 (VIOLATED)
fanout152/X                              10     21    -11 (VIOLATED)
fanout153/X                              10     21    -11 (VIOLATED)
fanout154/X                              10     21    -11 (VIOLATED)
fanout156/X                              10     21    -11 (VIOLATED)
fanout158/X                              10     21    -11 (VIOLATED)
fanout160/X                              10     21    -11 (VIOLATED)
fanout162/X                              10     21    -11 (VIOLATED)
fanout165/X                              10     21    -11 (VIOLATED)
fanout167/X                              10     21    -11 (VIOLATED)
fanout169/X                              10     21    -11 (VIOLATED)
fanout171/X                              10     21    -11 (VIOLATED)
fanout172/X                              10     21    -11 (VIOLATED)
fanout175/X                              10     21    -11 (VIOLATED)
fanout176/X                              10     21    -11 (VIOLATED)
fanout177/X                              10     21    -11 (VIOLATED)
fanout179/X                              10     21    -11 (VIOLATED)
fanout181/X                              10     21    -11 (VIOLATED)
fanout182/X                              10     21    -11 (VIOLATED)
fanout183/X                              10     21    -11 (VIOLATED)
fanout185/X                              10     21    -11 (VIOLATED)
fanout186/X                              10     21    -11 (VIOLATED)
fanout189/X                              10     21    -11 (VIOLATED)
fanout191/X                              10     21    -11 (VIOLATED)
fanout193/X                              10     21    -11 (VIOLATED)
fanout195/X                              10     21    -11 (VIOLATED)
fanout197/X                              10     21    -11 (VIOLATED)
fanout199/X                              10     21    -11 (VIOLATED)
fanout201/X                              10     21    -11 (VIOLATED)
fanout202/X                              10     21    -11 (VIOLATED)
fanout203/X                              10     21    -11 (VIOLATED)
fanout204/X                              10     21    -11 (VIOLATED)
fanout205/X                              10     21    -11 (VIOLATED)
fanout207/X                              10     21    -11 (VIOLATED)
fanout209/X                              10     21    -11 (VIOLATED)
fanout212/X                              10     21    -11 (VIOLATED)
fanout216/X                              10     21    -11 (VIOLATED)
fanout217/X                              10     21    -11 (VIOLATED)
fanout224/X                              10     21    -11 (VIOLATED)
fanout225/X                              10     21    -11 (VIOLATED)
fanout228/X                              10     21    -11 (VIOLATED)
fanout230/X                              10     21    -11 (VIOLATED)
fanout231/X                              10     21    -11 (VIOLATED)
fanout233/X                              10     21    -11 (VIOLATED)
fanout235/X                              10     21    -11 (VIOLATED)
fanout236/X                              10     21    -11 (VIOLATED)
fanout237/X                              10     21    -11 (VIOLATED)
fanout239/X                              10     21    -11 (VIOLATED)
fanout241/X                              10     21    -11 (VIOLATED)
fanout243/X                              10     21    -11 (VIOLATED)
fanout245/X                              10     21    -11 (VIOLATED)
fanout247/X                              10     21    -11 (VIOLATED)
fanout253/X                              10     21    -11 (VIOLATED)
fanout254/X                              10     21    -11 (VIOLATED)
fanout255/X                              10     21    -11 (VIOLATED)
fanout256/X                              10     21    -11 (VIOLATED)
fanout258/X                              10     21    -11 (VIOLATED)
fanout259/X                              10     21    -11 (VIOLATED)
fanout260/X                              10     21    -11 (VIOLATED)
fanout262/X                              10     21    -11 (VIOLATED)
fanout265/X                              10     21    -11 (VIOLATED)
fanout266/X                              10     21    -11 (VIOLATED)
fanout268/X                              10     21    -11 (VIOLATED)
fanout269/X                              10     21    -11 (VIOLATED)
fanout271/X                              10     21    -11 (VIOLATED)
fanout273/X                              10     21    -11 (VIOLATED)
fanout275/X                              10     21    -11 (VIOLATED)
fanout276/X                              10     21    -11 (VIOLATED)
fanout277/X                              10     21    -11 (VIOLATED)
fanout278/X                              10     21    -11 (VIOLATED)
fanout280/X                              10     21    -11 (VIOLATED)
fanout281/X                              10     21    -11 (VIOLATED)
fanout283/X                              10     21    -11 (VIOLATED)
fanout284/X                              10     21    -11 (VIOLATED)
fanout285/X                              10     21    -11 (VIOLATED)
fanout286/X                              10     21    -11 (VIOLATED)
fanout288/X                              10     21    -11 (VIOLATED)
fanout291/X                              10     21    -11 (VIOLATED)
fanout292/X                              10     21    -11 (VIOLATED)
fanout293/X                              10     21    -11 (VIOLATED)
fanout294/X                              10     21    -11 (VIOLATED)
fanout295/X                              10     21    -11 (VIOLATED)
fanout298/X                              10     21    -11 (VIOLATED)
fanout299/X                              10     21    -11 (VIOLATED)
fanout302/X                              10     21    -11 (VIOLATED)
fanout303/X                              10     21    -11 (VIOLATED)
fanout304/X                              10     21    -11 (VIOLATED)
fanout305/X                              10     21    -11 (VIOLATED)
fanout306/X                              10     21    -11 (VIOLATED)
fanout307/X                              10     21    -11 (VIOLATED)
fanout308/X                              10     21    -11 (VIOLATED)
fanout310/X                              10     21    -11 (VIOLATED)
fanout315/X                              10     21    -11 (VIOLATED)
fanout316/X                              10     21    -11 (VIOLATED)
fanout317/X                              10     21    -11 (VIOLATED)
fanout318/X                              10     21    -11 (VIOLATED)
fanout320/X                              10     21    -11 (VIOLATED)
fanout322/X                              10     21    -11 (VIOLATED)
fanout324/X                              10     21    -11 (VIOLATED)
fanout326/X                              10     21    -11 (VIOLATED)
fanout328/X                              10     21    -11 (VIOLATED)
fanout330/X                              10     21    -11 (VIOLATED)
fanout332/X                              10     21    -11 (VIOLATED)
fanout334/X                              10     21    -11 (VIOLATED)
fanout335/X                              10     21    -11 (VIOLATED)
fanout336/X                              10     21    -11 (VIOLATED)
fanout338/X                              10     21    -11 (VIOLATED)
fanout341/X                              10     21    -11 (VIOLATED)
fanout343/X                              10     21    -11 (VIOLATED)
fanout346/X                              10     21    -11 (VIOLATED)
fanout348/X                              10     21    -11 (VIOLATED)
fanout349/X                              10     21    -11 (VIOLATED)
fanout350/X                              10     21    -11 (VIOLATED)
fanout352/X                              10     21    -11 (VIOLATED)
fanout353/X                              10     21    -11 (VIOLATED)
fanout355/X                              10     21    -11 (VIOLATED)
fanout357/X                              10     21    -11 (VIOLATED)
fanout363/X                              10     21    -11 (VIOLATED)
fanout379/X                              10     21    -11 (VIOLATED)
fanout410/X                              10     21    -11 (VIOLATED)
fanout414/X                              10     21    -11 (VIOLATED)
fanout416/X                              10     21    -11 (VIOLATED)
fanout417/X                              10     21    -11 (VIOLATED)
fanout419/X                              10     21    -11 (VIOLATED)
fanout95/X                               10     21    -11 (VIOLATED)
fanout97/X                               10     21    -11 (VIOLATED)
clkbuf_leaf_64_wb_clk_i/X                10     20    -10 (VIOLATED)
_3267_/Y                                 10     19     -9 (VIOLATED)
_3355_/Y                                 10     19     -9 (VIOLATED)
_3546_/Y                                 10     19     -9 (VIOLATED)
_4809_/Y                                 10     19     -9 (VIOLATED)
_5340_/Y                                 10     19     -9 (VIOLATED)
_5361_/Y                                 10     19     -9 (VIOLATED)
_5371_/Y                                 10     19     -9 (VIOLATED)
_5382_/Y                                 10     19     -9 (VIOLATED)
_5404_/Y                                 10     19     -9 (VIOLATED)
_5416_/X                                 10     19     -9 (VIOLATED)
_5426_/X                                 10     19     -9 (VIOLATED)
_5436_/X                                 10     19     -9 (VIOLATED)
_5448_/Y                                 10     19     -9 (VIOLATED)
_5459_/Y                                 10     19     -9 (VIOLATED)
_5469_/X                                 10     19     -9 (VIOLATED)
_5479_/X                                 10     19     -9 (VIOLATED)
_5490_/Y                                 10     19     -9 (VIOLATED)
_5500_/Y                                 10     19     -9 (VIOLATED)
_5510_/Y                                 10     19     -9 (VIOLATED)
_5520_/Y                                 10     19     -9 (VIOLATED)
_5530_/Y                                 10     19     -9 (VIOLATED)
_5540_/X                                 10     19     -9 (VIOLATED)
_5550_/Y                                 10     19     -9 (VIOLATED)
_5570_/Y                                 10     19     -9 (VIOLATED)
_5580_/Y                                 10     19     -9 (VIOLATED)
_5590_/Y                                 10     19     -9 (VIOLATED)
_5600_/X                                 10     19     -9 (VIOLATED)
_5620_/Y                                 10     19     -9 (VIOLATED)
_5640_/Y                                 10     19     -9 (VIOLATED)
_5652_/X                                 10     19     -9 (VIOLATED)
_5662_/Y                                 10     19     -9 (VIOLATED)
_6233_/Q                                 10     19     -9 (VIOLATED)
_6234_/Q                                 10     19     -9 (VIOLATED)
_6268_/Q                                 10     19     -9 (VIOLATED)
_6270_/Q                                 10     19     -9 (VIOLATED)
_6271_/Q                                 10     19     -9 (VIOLATED)
_6290_/Q                                 10     19     -9 (VIOLATED)
_6296_/Q                                 10     19     -9 (VIOLATED)
_6325_/Q                                 10     19     -9 (VIOLATED)
clkbuf_3_1_0_wb_clk_i/X                  10     19     -9 (VIOLATED)
clkbuf_3_4_0_wb_clk_i/X                  10     19     -9 (VIOLATED)
clkbuf_3_5_0_wb_clk_i/X                  10     19     -9 (VIOLATED)
clkbuf_leaf_60_wb_clk_i/X                10     19     -9 (VIOLATED)
clkbuf_leaf_61_wb_clk_i/X                10     19     -9 (VIOLATED)
fanout115/X                              10     19     -9 (VIOLATED)
fanout122/X                              10     19     -9 (VIOLATED)
fanout124/X                              10     19     -9 (VIOLATED)
fanout198/X                              10     19     -9 (VIOLATED)
fanout213/X                              10     19     -9 (VIOLATED)
fanout234/X                              10     19     -9 (VIOLATED)
fanout238/X                              10     19     -9 (VIOLATED)
fanout244/X                              10     19     -9 (VIOLATED)
fanout246/X                              10     19     -9 (VIOLATED)
fanout327/X                              10     19     -9 (VIOLATED)
fanout394/X                              10     19     -9 (VIOLATED)
fanout96/X                               10     19     -9 (VIOLATED)
hold76/X                                 10     19     -9 (VIOLATED)
hold80/X                                 10     19     -9 (VIOLATED)
clkbuf_leaf_4_wb_clk_i/X                 10     18     -8 (VIOLATED)
_3472_/X                                 10     17     -7 (VIOLATED)
_3476_/Y                                 10     17     -7 (VIOLATED)
_3861_/X                                 10     17     -7 (VIOLATED)
_3891_/X                                 10     17     -7 (VIOLATED)
_4282_/X                                 10     17     -7 (VIOLATED)
_4355_/X                                 10     17     -7 (VIOLATED)
_4405_/Y                                 10     17     -7 (VIOLATED)
_6237_/Q                                 10     17     -7 (VIOLATED)
_6238_/Q                                 10     17     -7 (VIOLATED)
_6252_/Q                                 10     17     -7 (VIOLATED)
_6253_/Q                                 10     17     -7 (VIOLATED)
_6255_/Q                                 10     17     -7 (VIOLATED)
_6257_/Q                                 10     17     -7 (VIOLATED)
_6286_/Q                                 10     17     -7 (VIOLATED)
_6874_/Q                                 10     17     -7 (VIOLATED)
_6876_/Q                                 10     17     -7 (VIOLATED)
clkbuf_0_wb_clk_i/X                      10     17     -7 (VIOLATED)
clkbuf_3_3_0_wb_clk_i/X                  10     17     -7 (VIOLATED)
clkbuf_3_6_0_wb_clk_i/X                  10     17     -7 (VIOLATED)
clkbuf_3_7_0_wb_clk_i/X                  10     17     -7 (VIOLATED)
clkbuf_leaf_18_wb_clk_i/X                10     17     -7 (VIOLATED)
clkbuf_leaf_65_wb_clk_i/X                10     17     -7 (VIOLATED)
clkbuf_leaf_67_wb_clk_i/X                10     17     -7 (VIOLATED)
fanout113/X                              10     17     -7 (VIOLATED)
fanout117/X                              10     17     -7 (VIOLATED)
fanout120/X                              10     17     -7 (VIOLATED)
fanout126/X                              10     17     -7 (VIOLATED)
fanout134/X                              10     17     -7 (VIOLATED)
fanout145/X                              10     17     -7 (VIOLATED)
fanout151/X                              10     17     -7 (VIOLATED)
fanout242/X                              10     17     -7 (VIOLATED)
fanout351/X                              10     17     -7 (VIOLATED)
fanout366/X                              10     17     -7 (VIOLATED)
fanout384/X                              10     17     -7 (VIOLATED)
fanout404/X                              10     17     -7 (VIOLATED)
hold58/X                                 10     17     -7 (VIOLATED)
hold63/X                                 10     17     -7 (VIOLATED)
clkbuf_leaf_12_wb_clk_i/X                10     16     -6 (VIOLATED)
clkbuf_leaf_17_wb_clk_i/X                10     16     -6 (VIOLATED)
_3548_/X                                 10     15     -5 (VIOLATED)
_4128_/X                                 10     15     -5 (VIOLATED)
_4144_/X                                 10     15     -5 (VIOLATED)
_4145_/Y                                 10     15     -5 (VIOLATED)
_4808_/Y                                 10     15     -5 (VIOLATED)
_5016_/X                                 10     15     -5 (VIOLATED)
_6235_/Q                                 10     15     -5 (VIOLATED)
_6240_/Q                                 10     15     -5 (VIOLATED)
_6241_/Q                                 10     15     -5 (VIOLATED)
clkbuf_leaf_28_wb_clk_i/X                10     15     -5 (VIOLATED)
clkbuf_leaf_44_wb_clk_i/X                10     15     -5 (VIOLATED)
fanout105/X                              10     15     -5 (VIOLATED)
fanout109/X                              10     15     -5 (VIOLATED)
fanout159/X                              10     15     -5 (VIOLATED)
fanout161/X                              10     15     -5 (VIOLATED)
fanout190/X                              10     15     -5 (VIOLATED)
fanout194/X                              10     15     -5 (VIOLATED)
fanout208/X                              10     15     -5 (VIOLATED)
fanout218/X                              10     15     -5 (VIOLATED)
fanout219/X                              10     15     -5 (VIOLATED)
fanout227/X                              10     15     -5 (VIOLATED)
fanout282/X                              10     15     -5 (VIOLATED)
fanout333/X                              10     15     -5 (VIOLATED)
fanout344/X                              10     15     -5 (VIOLATED)
fanout345/X                              10     15     -5 (VIOLATED)
fanout361/X                              10     15     -5 (VIOLATED)
fanout374/X                              10     15     -5 (VIOLATED)
fanout378/X                              10     15     -5 (VIOLATED)
fanout98/X                               10     15     -5 (VIOLATED)
hold20/X                                 10     15     -5 (VIOLATED)
hold56/X                                 10     15     -5 (VIOLATED)
sram_inst/fanout84/X                     10     15     -5 (VIOLATED)
sram_inst/fanout85/X                     10     15     -5 (VIOLATED)
sram_inst/fanout86/X                     10     15     -5 (VIOLATED)
sram_inst/fanout87/X                     10     15     -5 (VIOLATED)
sram_inst/fanout88/X                     10     15     -5 (VIOLATED)
sram_inst/fanout89/X                     10     15     -5 (VIOLATED)
clkbuf_leaf_0_wb_clk_i/X                 10     14     -4 (VIOLATED)
clkbuf_leaf_11_wb_clk_i/X                10     14     -4 (VIOLATED)
clkbuf_leaf_13_wb_clk_i/X                10     14     -4 (VIOLATED)
clkbuf_leaf_16_wb_clk_i/X                10     14     -4 (VIOLATED)
clkbuf_leaf_20_wb_clk_i/X                10     14     -4 (VIOLATED)
clkbuf_leaf_3_wb_clk_i/X                 10     14     -4 (VIOLATED)
clkbuf_leaf_49_wb_clk_i/X                10     14     -4 (VIOLATED)
clkbuf_leaf_54_wb_clk_i/X                10     14     -4 (VIOLATED)
_3091_/Y                                 10     13     -3 (VIOLATED)
_3107_/Y                                 10     13     -3 (VIOLATED)
_3111_/Y                                 10     13     -3 (VIOLATED)
_3408_/Y                                 10     13     -3 (VIOLATED)
_3425_/X                                 10     13     -3 (VIOLATED)
_3609_/X                                 10     13     -3 (VIOLATED)
_4292_/X                                 10     13     -3 (VIOLATED)
_5121_/X                                 10     13     -3 (VIOLATED)
_6236_/Q                                 10     13     -3 (VIOLATED)
_6239_/Q                                 10     13     -3 (VIOLATED)
_6254_/Q                                 10     13     -3 (VIOLATED)
_6258_/Q                                 10     13     -3 (VIOLATED)
_6262_/Q                                 10     13     -3 (VIOLATED)
_6675_/Q                                 10     13     -3 (VIOLATED)
_6714_/Q                                 10     13     -3 (VIOLATED)
clkbuf_leaf_10_wb_clk_i/X                10     13     -3 (VIOLATED)
clkbuf_leaf_2_wb_clk_i/X                 10     13     -3 (VIOLATED)
clkbuf_leaf_59_wb_clk_i/X                10     13     -3 (VIOLATED)
clkbuf_leaf_62_wb_clk_i/X                10     13     -3 (VIOLATED)
fanout144/X                              10     13     -3 (VIOLATED)
fanout163/X                              10     13     -3 (VIOLATED)
fanout174/X                              10     13     -3 (VIOLATED)
fanout196/X                              10     13     -3 (VIOLATED)
fanout279/X                              10     13     -3 (VIOLATED)
fanout287/X                              10     13     -3 (VIOLATED)
fanout339/X                              10     13     -3 (VIOLATED)
fanout340/X                              10     13     -3 (VIOLATED)
fanout367/X                              10     13     -3 (VIOLATED)
fanout392/X                              10     13     -3 (VIOLATED)
fanout407/X                              10     13     -3 (VIOLATED)
fanout415/X                              10     13     -3 (VIOLATED)
fanout418/X                              10     13     -3 (VIOLATED)
input23/X                                10     13     -3 (VIOLATED)
input56/X                                10     13     -3 (VIOLATED)
input57/X                                10     13     -3 (VIOLATED)
clkbuf_leaf_1_wb_clk_i/X                 10     12     -2 (VIOLATED)
clkbuf_leaf_42_wb_clk_i/X                10     12     -2 (VIOLATED)
clkbuf_leaf_47_wb_clk_i/X                10     12     -2 (VIOLATED)
clkbuf_leaf_51_wb_clk_i/X                10     12     -2 (VIOLATED)
clkbuf_leaf_53_wb_clk_i/X                10     12     -2 (VIOLATED)
clkbuf_leaf_55_wb_clk_i/X                10     12     -2 (VIOLATED)
clkbuf_leaf_57_wb_clk_i/X                10     12     -2 (VIOLATED)
_3099_/Y                                 10     11        (VIOLATED)
_3102_/Y                                 10     11        (VIOLATED)
_3115_/Y                                 10     11        (VIOLATED)
_3298_/X                                 10     11        (VIOLATED)
_3314_/Y                                 10     11        (VIOLATED)
_3952_/Y                                 10     11        (VIOLATED)
_4433_/Y                                 10     11        (VIOLATED)
_4814_/X                                 10     11        (VIOLATED)
_6690_/Q                                 10     11        (VIOLATED)
_6873_/Q                                 10     11        (VIOLATED)
_6888_/Q                                 10     11        (VIOLATED)
clkbuf_leaf_15_wb_clk_i/X                10     11        (VIOLATED)
clkbuf_leaf_21_wb_clk_i/X                10     11        (VIOLATED)
clkbuf_leaf_23_wb_clk_i/X                10     11        (VIOLATED)
clkbuf_leaf_26_wb_clk_i/X                10     11        (VIOLATED)
clkbuf_leaf_34_wb_clk_i/X                10     11        (VIOLATED)
clkbuf_leaf_35_wb_clk_i/X                10     11        (VIOLATED)
clkbuf_leaf_38_wb_clk_i/X                10     11        (VIOLATED)
fanout168/X                              10     11        (VIOLATED)
fanout188/X                              10     11        (VIOLATED)
fanout206/X                              10     11        (VIOLATED)
fanout211/X                              10     11        (VIOLATED)
fanout223/X                              10     11        (VIOLATED)
fanout250/X                              10     11        (VIOLATED)
fanout252/X                              10     11        (VIOLATED)
fanout263/X                              10     11        (VIOLATED)
fanout274/X                              10     11        (VIOLATED)
fanout290/X                              10     11        (VIOLATED)
fanout309/X                              10     11        (VIOLATED)
fanout321/X                              10     11        (VIOLATED)
fanout325/X                              10     11        (VIOLATED)
fanout329/X                              10     11        (VIOLATED)
fanout337/X                              10     11        (VIOLATED)
fanout342/X                              10     11        (VIOLATED)
fanout347/X                              10     11        (VIOLATED)
fanout356/X                              10     11        (VIOLATED)
fanout383/X                              10     11        (VIOLATED)
fanout398/X                              10     11        (VIOLATED)
fanout399/X                              10     11        (VIOLATED)
fanout405/X                              10     11        (VIOLATED)
input16/X                                10     11        (VIOLATED)
max_cap132/X                             10     11        (VIOLATED)



===========================================================================
report_parasitic_annotation -report_unannotated
============================================================================
Found 320 unannotated drivers.
 clkload0/X
 clkload1/Y
 clkload10/Y
 clkload11/Y
 clkload12/Y
 clkload13/Y
 clkload14/Y
 clkload15/Y
 clkload16/Y
 clkload17/Y
 clkload18/Y
 clkload19/Y
 clkload2/Y
 clkload20/Y
 clkload21/X
 clkload22/Y
 clkload23/Y
 clkload24/Y
 clkload25/Y
 clkload26/Y
 clkload27/Y
 clkload28/Y
 clkload29/X
 clkload3/Y
 clkload30/Y
 clkload31/Y
 clkload32/Y
 clkload33/Y
 clkload34/Y
 clkload35/Y
 clkload36/Y
 clkload37/Y
 clkload38/Y
 clkload39/Y
 clkload4/Y
 clkload40/X
 clkload41/Y
 clkload42/Y
 clkload43/Y
 clkload44/Y
 clkload45/Y
 clkload46/Y
 clkload47/Y
 clkload48/Y
 clkload49/Y
 clkload5/Y
 clkload50/Y
 clkload51/Y
 clkload52/Y
 clkload53/Y
 clkload54/Y
 clkload55/Y
 clkload56/Y
 clkload57/Y
 clkload58/Y
 clkload59/Y
 clkload6/Y
 clkload60/Y
 clkload61/X
 clkload62/Y
 clkload63/Y
 clkload64/X
 clkload65/Y
 clkload66/Y
 clkload7/Y
 clkload8/Y
 clkload9/Y
 sram_inst/_10_/Y
 sram_inst/_11_/Y
 sram_inst/_12_/X
 sram_inst/_13_/X
 sram_inst/_14_/X
 sram_inst/_15_/X
 sram_inst/_16_/X
 sram_inst/_17_/X
 sram_inst/_18_/X
 sram_inst/_19_/X
 sram_inst/_20_/X
 sram_inst/_21_/X
 sram_inst/_22_/X
 sram_inst/_23_/X
 sram_inst/_24_/X
 sram_inst/_25_/X
 sram_inst/_26_/X
 sram_inst/_27_/X
 sram_inst/_28_/X
 sram_inst/_29_/X
 sram_inst/_30_/X
 sram_inst/_31_/X
 sram_inst/_32_/X
 sram_inst/_33_/X
 sram_inst/_34_/X
 sram_inst/_35_/X
 sram_inst/_36_/X
 sram_inst/_37_/X
 sram_inst/_38_/X
 sram_inst/_39_/X
 sram_inst/_40_/X
 sram_inst/_41_/X
 sram_inst/_42_/X
 sram_inst/_43_/X
 sram_inst/_44_/X
 sram_inst/_45_/Q
 sram_inst/clkbuf_0_wb_clk_i/X
 sram_inst/clkbuf_1_0__f_wb_clk_i/X
 sram_inst/clkbuf_1_1__f_wb_clk_i/X
 sram_inst/clkload0/Y
 sram_inst/fanout84/X
 sram_inst/fanout85/X
 sram_inst/fanout86/X
 sram_inst/fanout87/X
 sram_inst/fanout88/X
 sram_inst/fanout89/X
 sram_inst/hold1/X
 sram_inst/hold10/X
 sram_inst/hold100/X
 sram_inst/hold101/X
 sram_inst/hold102/X
 sram_inst/hold103/X
 sram_inst/hold104/X
 sram_inst/hold105/X
 sram_inst/hold106/X
 sram_inst/hold107/X
 sram_inst/hold108/X
 sram_inst/hold109/X
 sram_inst/hold11/X
 sram_inst/hold110/X
 sram_inst/hold111/X
 sram_inst/hold112/X
 sram_inst/hold113/X
 sram_inst/hold114/X
 sram_inst/hold115/X
 sram_inst/hold116/X
 sram_inst/hold117/X
 sram_inst/hold118/X
 sram_inst/hold119/X
 sram_inst/hold12/X
 sram_inst/hold120/X
 sram_inst/hold121/X
 sram_inst/hold122/X
 sram_inst/hold123/X
 sram_inst/hold124/X
 sram_inst/hold125/X
 sram_inst/hold126/X
 sram_inst/hold127/X
 sram_inst/hold128/X
 sram_inst/hold129/X
 sram_inst/hold13/X
 sram_inst/hold130/X
 sram_inst/hold131/X
 sram_inst/hold132/X
 sram_inst/hold133/X
 sram_inst/hold134/X
 sram_inst/hold135/X
 sram_inst/hold136/X
 sram_inst/hold137/X
 sram_inst/hold138/X
 sram_inst/hold14/X
 sram_inst/hold15/X
 sram_inst/hold16/X
 sram_inst/hold17/X
 sram_inst/hold18/X
 sram_inst/hold19/X
 sram_inst/hold2/X
 sram_inst/hold20/X
 sram_inst/hold21/X
 sram_inst/hold22/X
 sram_inst/hold23/X
 sram_inst/hold24/X
 sram_inst/hold25/X
 sram_inst/hold26/X
 sram_inst/hold27/X
 sram_inst/hold28/X
 sram_inst/hold29/X
 sram_inst/hold3/X
 sram_inst/hold30/X
 sram_inst/hold31/X
 sram_inst/hold32/X
 sram_inst/hold33/X
 sram_inst/hold34/X
 sram_inst/hold35/X
 sram_inst/hold36/X
 sram_inst/hold37/X
 sram_inst/hold38/X
 sram_inst/hold39/X
 sram_inst/hold4/X
 sram_inst/hold40/X
 sram_inst/hold41/X
 sram_inst/hold42/X
 sram_inst/hold43/X
 sram_inst/hold44/X
 sram_inst/hold45/X
 sram_inst/hold46/X
 sram_inst/hold47/X
 sram_inst/hold48/X
 sram_inst/hold49/X
 sram_inst/hold5/X
 sram_inst/hold50/X
 sram_inst/hold51/X
 sram_inst/hold52/X
 sram_inst/hold53/X
 sram_inst/hold54/X
 sram_inst/hold55/X
 sram_inst/hold56/X
 sram_inst/hold57/X
 sram_inst/hold58/X
 sram_inst/hold59/X
 sram_inst/hold6/X
 sram_inst/hold60/X
 sram_inst/hold61/X
 sram_inst/hold62/X
 sram_inst/hold63/X
 sram_inst/hold64/X
 sram_inst/hold65/X
 sram_inst/hold66/X
 sram_inst/hold67/X
 sram_inst/hold68/X
 sram_inst/hold69/X
 sram_inst/hold7/X
 sram_inst/hold70/X
 sram_inst/hold71/X
 sram_inst/hold72/X
 sram_inst/hold73/X
 sram_inst/hold74/X
 sram_inst/hold75/X
 sram_inst/hold76/X
 sram_inst/hold77/X
 sram_inst/hold78/X
 sram_inst/hold79/X
 sram_inst/hold8/X
 sram_inst/hold80/X
 sram_inst/hold81/X
 sram_inst/hold82/X
 sram_inst/hold83/X
 sram_inst/hold84/X
 sram_inst/hold85/X
 sram_inst/hold86/X
 sram_inst/hold87/X
 sram_inst/hold88/X
 sram_inst/hold89/X
 sram_inst/hold9/X
 sram_inst/hold90/X
 sram_inst/hold91/X
 sram_inst/hold92/X
 sram_inst/hold93/X
 sram_inst/hold94/X
 sram_inst/hold95/X
 sram_inst/hold96/X
 sram_inst/hold97/X
 sram_inst/hold98/X
 sram_inst/hold99/X
 sram_inst/i_sram_90/HI
 sram_inst/i_sram_90/LO
 sram_inst/i_sram_91/HI
 sram_inst/i_sram_91/LO
 sram_inst/i_sram_92/HI
 sram_inst/i_sram_92/LO
 sram_inst/i_sram_93/HI
 sram_inst/i_sram_93/LO
 sram_inst/i_sram_94/HI
 sram_inst/i_sram_94/LO
 sram_inst/i_sram_95/HI
 sram_inst/i_sram_95/LO
 sram_inst/i_sram_96/HI
 sram_inst/i_sram_96/LO
 sram_inst/i_sram_97/HI
 sram_inst/i_sram_97/LO
 sram_inst/i_sram_98/HI
 sram_inst/i_sram_98/LO
 sram_inst/input1/X
 sram_inst/input10/X
 sram_inst/input11/X
 sram_inst/input12/X
 sram_inst/input13/X
 sram_inst/input14/X
 sram_inst/input15/X
 sram_inst/input16/X
 sram_inst/input17/X
 sram_inst/input18/X
 sram_inst/input19/X
 sram_inst/input2/X
 sram_inst/input20/X
 sram_inst/input21/X
 sram_inst/input22/X
 sram_inst/input23/X
 sram_inst/input24/X
 sram_inst/input25/X
 sram_inst/input26/X
 sram_inst/input27/X
 sram_inst/input28/X
 sram_inst/input29/X
 sram_inst/input3/X
 sram_inst/input30/X
 sram_inst/input31/X
 sram_inst/input32/X
 sram_inst/input33/X
 sram_inst/input34/X
 sram_inst/input35/X
 sram_inst/input36/X
 sram_inst/input37/X
 sram_inst/input38/X
 sram_inst/input39/X
 sram_inst/input4/X
 sram_inst/input40/X
 sram_inst/input41/X
 sram_inst/input42/X
 sram_inst/input43/X
 sram_inst/input44/X
 sram_inst/input45/X
 sram_inst/input46/X
 sram_inst/input47/X
 sram_inst/input48/X
 sram_inst/input49/X
 sram_inst/input5/X
 sram_inst/input50/X
 sram_inst/input6/X
 sram_inst/input7/X
 sram_inst/input8/X
 sram_inst/input9/X
 user_project_420/HI
Found 84 partially unannotated drivers.
 wbs_sel_i[0]
  sram_inst/hold90/A
 wbs_sel_i[1]
  sram_inst/hold87/A
 wbs_sel_i[2]
  sram_inst/hold93/A
 wbs_sel_i[3]
  sram_inst/hold96/A
 _5332_/X
  sram_inst/input49/A
 clkbuf_leaf_30_wb_clk_i/X
  sram_inst/clkbuf_0_wb_clk_i/A
 fanout321/X
  sram_inst/hold104/A
 fanout325/X
  sram_inst/hold105/A
 fanout329/X
  sram_inst/hold106/A
 fanout333/X
  sram_inst/hold108/A
 fanout337/X
  sram_inst/hold115/A
 fanout342/X
  sram_inst/hold119/A
 fanout347/X
  sram_inst/hold118/A
 fanout351/X
  sram_inst/hold122/A
 fanout356/X
  sram_inst/hold125/A
 fanout405/X
  sram_inst/input1/A
 input15/X
  sram_inst/hold138/A
 input16/X
  sram_inst/hold137/A
 input17/X
  sram_inst/hold136/A
 input18/X
  sram_inst/hold134/A
 input19/X
  sram_inst/hold135/A
 input20/X
  sram_inst/hold133/A
 input21/X
  sram_inst/hold132/A
 input22/X
  sram_inst/hold131/A
 input23/X
  sram_inst/input12/A
 input25/X
  sram_inst/hold102/A
 input26/X
  sram_inst/hold101/A
 input27/X
  sram_inst/hold100/A
 input28/X
  sram_inst/hold99/A
 input29/X
  sram_inst/hold98/A
 input30/X
  sram_inst/hold97/A
 input31/X
  sram_inst/hold113/A
 input32/X
  sram_inst/hold110/A
 input33/X
  sram_inst/hold107/A
 input34/X
  sram_inst/hold111/A
 input36/X
  sram_inst/hold109/A
 input37/X
  sram_inst/hold114/A
 input38/X
  sram_inst/hold112/A
 input39/X
  sram_inst/hold116/A
 input4/X
  sram_inst/hold130/A
 input40/X
  sram_inst/hold117/A
 input41/X
  sram_inst/hold120/A
 input42/X
  sram_inst/hold124/A
 input43/X
  sram_inst/hold121/A
 input44/X
  sram_inst/hold123/A
 input45/X
  sram_inst/hold126/A
 input47/X
  sram_inst/hold127/A
 input48/X
  sram_inst/hold128/A
 input5/X
  sram_inst/hold129/A
 input55/X
  sram_inst/hold103/A
 input57/X
  sram_inst/input50/A
 sram_inst/output51/X
  _5333_/C
  ANTENNA_sram_inst_wbs_ack_o/DIODE
  ANTENNA__5333__C/DIODE
 sram_inst/output52/X
  _4861_/A1
  ANTENNA_sram_inst_wbs_dat_o\[0\]/DIODE
  ANTENNA__4861__A1/DIODE
 sram_inst/output53/X
  _5145_/A1
 sram_inst/output54/X
  _5157_/A1
 sram_inst/output55/X
  _5168_/A1
 sram_inst/output56/X
  _5179_/A1
 sram_inst/output57/X
  _5181_/B2
 sram_inst/output58/X
  _5196_/B1
  ANTENNA_sram_inst_wbs_dat_o\[15\]/DIODE
  ANTENNA__5196__B1/DIODE
 sram_inst/output59/X
  _5205_/A1
  ANTENNA_sram_inst_wbs_dat_o\[16\]/DIODE
  ANTENNA__5205__A1/DIODE
 sram_inst/output60/X
  _5209_/A1
  ANTENNA_sram_inst_wbs_dat_o\[17\]/DIODE
  ANTENNA__5209__A1/DIODE
 sram_inst/output61/X
  _5214_/A1
  ANTENNA_sram_inst_wbs_dat_o\[18\]/DIODE
  ANTENNA__5214__A1/DIODE
 sram_inst/output62/X
  _5219_/A1
  ANTENNA_sram_inst_wbs_dat_o\[19\]/DIODE
  ANTENNA__5219__A1/DIODE
 sram_inst/output63/X
  _4895_/A1
  ANTENNA_sram_inst_wbs_dat_o\[1\]/DIODE
  ANTENNA__4895__A1/DIODE
 sram_inst/output64/X
  _5223_/A1
  ANTENNA_sram_inst_wbs_dat_o\[20\]/DIODE
  ANTENNA__5223__A1/DIODE
 sram_inst/output65/X
  _5228_/A1
  ANTENNA_sram_inst_wbs_dat_o\[21\]/DIODE
  ANTENNA__5228__A1/DIODE
 sram_inst/output66/X
  _5232_/B2
  ANTENNA_sram_inst_wbs_dat_o\[22\]/DIODE
  ANTENNA__5232__B2/DIODE
 sram_inst/output67/X
  _5237_/A1
 sram_inst/output68/X
  _5241_/A1
  ANTENNA_sram_inst_wbs_dat_o\[24\]/DIODE
  ANTENNA__5241__A1/DIODE
 sram_inst/output69/X
  _5246_/A1
  ANTENNA_sram_inst_wbs_dat_o\[25\]/DIODE
  ANTENNA__5246__A1/DIODE
 sram_inst/output70/X
  _5251_/A1
 sram_inst/output71/X
  _5256_/A1
 sram_inst/output72/X
  _5261_/A1
 sram_inst/output73/X
  _5265_/B2
  ANTENNA_sram_inst_wbs_dat_o\[29\]/DIODE
  ANTENNA__5265__B2/DIODE
 sram_inst/output74/X
  _4919_/D
 sram_inst/output75/X
  _5270_/A1
 sram_inst/output76/X
  _5275_/A1
 sram_inst/output77/X
  _4974_/B2
  ANTENNA_sram_inst_wbs_dat_o\[3\]/DIODE
  ANTENNA__4974__B2/DIODE
 sram_inst/output78/X
  _4996_/A1
  ANTENNA_sram_inst_wbs_dat_o\[4\]/DIODE
  ANTENNA__4996__A1/DIODE
 sram_inst/output79/X
  _5038_/A1
 sram_inst/output80/X
  _5065_/A1
  ANTENNA_sram_inst_wbs_dat_o\[6\]/DIODE
  ANTENNA__5065__A1/DIODE
 sram_inst/output81/X
  _5094_/A1
  ANTENNA_sram_inst_wbs_dat_o\[7\]/DIODE
  ANTENNA__5094__A1/DIODE
 sram_inst/output82/X
  _5117_/A1
  ANTENNA_sram_inst_wbs_dat_o\[8\]/DIODE
  ANTENNA__5117__A1/DIODE
 sram_inst/output83/X
  _5131_/A1

===========================================================================
max slew violation count 562
max fanout violation count 392
max cap violation count 0
============================================================================

===========================================================================
check_setup -verbose -unconstrained_endpoints -multiple_clock -no_clock -no_input_delay -loops -generated_clocks
===========================================================================
Warning: There is 1 input port missing set_input_delay.
  uart_rx
Warning: There are 4 unconstrained endpoints.
  pwm_out
  uart_tx
  user_irq[2]
  _6837_/D
