Clock: clk
Sources: wb_clk_i 
Generated: no
Virtual: yes
Propagated: no
Period: 25.000000

===========================================================================
report_clock_properties
============================================================================
Clock                   Period          Waveform
----------------------------------------------------
clk                  25.000000    0.000000 12.500000

===========================================================================
report_clock_latency
============================================================================
Clock clk
rise -> rise
    min     max
4.650000 5.570000 source latency
6.146881         network latency _6271_/CLK
        7.633645 network latency sram_inst/_45_/CLK
---------------
10.796881 13.203645 latency
        2.406764 skew

fall -> fall
    min     max
4.650000 5.570000 source latency
6.081731         network latency _6271_/CLK
        7.584019 network latency sram_inst/_45_/CLK
---------------
10.731730 13.154018 latency
        2.422288 skew



===========================================================================
report_clock_min_period
============================================================================
clk period_min = 18.16 fmax = 55.06
