Starting…
Running 'Verilator.Lint' at 'openlane/user_project_wrapper/runs/RUN_2025-10-27_22-44-07/01-verilator-lint'…
Logging subprocess to [repr.filename]'openlane/user_project_wrapper/runs/RUN_2025-10-27_22-44-07/01-verilator-lint/verilator-lint.log'[/repr.filename]…
Running 'Checker.LintTimingConstructs' at 'openlane/user_project_wrapper/runs/RUN_2025-10-27_22-44-07/02-checker-linttimingconstructs'…
Check for Lint Timing Errors clear.
Running 'Checker.LintErrors' at 'openlane/user_project_wrapper/runs/RUN_2025-10-27_22-44-07/03-checker-linterrors'…
Check for Lint errors clear.
Running 'Checker.LintWarnings' at 'openlane/user_project_wrapper/runs/RUN_2025-10-27_22-44-07/04-checker-lintwarnings'…
5 Lint warnings found.
Running 'Yosys.JsonHeader' at 'openlane/user_project_wrapper/runs/RUN_2025-10-27_22-44-07/05-yosys-jsonheader'…
Logging subprocess to [repr.filename]'openlane/user_project_wrapper/runs/RUN_2025-10-27_22-44-07/05-yosys-jsonheader/yosys-jsonheader.log'[/repr.filename]…
Running 'Yosys.Synthesis' at 'openlane/user_project_wrapper/runs/RUN_2025-10-27_22-44-07/06-yosys-synthesis'…
Logging subprocess to [repr.filename]'openlane/user_project_wrapper/runs/RUN_2025-10-27_22-44-07/06-yosys-synthesis/yosys-synthesis.log'[/repr.filename]…
Parsing synthesis checks…
Running 'Checker.YosysUnmappedCells' at 'openlane/user_project_wrapper/runs/RUN_2025-10-27_22-44-07/07-checker-yosysunmappedcells'…
Check for Unmapped Yosys instances clear.
Running 'Checker.YosysSynthChecks' at 'openlane/user_project_wrapper/runs/RUN_2025-10-27_22-44-07/08-checker-yosyssynthchecks'…
Check for Yosys check errors clear.
Running 'Checker.NetlistAssignStatements' at 'openlane/user_project_wrapper/runs/RUN_2025-10-27_22-44-07/09-checker-netlistassignstatements'…
openlane/user_project_wrapper/runs/RUN_2025-10-27_22-44-07/06-yosys-synthesis/user_project_wrapper.nl.v:58: assign statement found in netlist
openlane/user_project_wrapper/runs/RUN_2025-10-27_22-44-07/06-yosys-synthesis/user_project_wrapper.nl.v:59: assign statement found in netlist
openlane/user_project_wrapper/runs/RUN_2025-10-27_22-44-07/06-yosys-synthesis/user_project_wrapper.nl.v:60: assign statement found in netlist
