
===========================================================================
report_checks -unconstrained
===========================================================================
======================= nom_tt_025C_1v80 Corner ===================================

Startpoint: wb_rst_i (input port clocked by clk)
Endpoint: _6209_ (recovery check against rising-edge clock clk)
Path Group: asynchronous
Path Type: max

Fanout         Cap        Slew       Delay        Time   Description
---------------------------------------------------------------------------------------------
                                  0.000000    0.000000   clock clk (rise edge)
                                  5.570000    5.570000   clock network delay (propagated)
                                 12.500000   18.070000 v input external delay
     2    0.003854    0.000000    0.000000   18.070000 v wb_rst_i (in)
                                                         wb_rst_i (net)
                      0.000087    0.000044   18.070044 v input2/A (sky130_fd_sc_hd__clkbuf_2)
     3    0.028254    0.111661    0.151243   18.221287 v input2/X (sky130_fd_sc_hd__clkbuf_2)
                                                         net2 (net)
                      0.111822    0.003523   18.224810 v fanout418/A (sky130_fd_sc_hd__clkbuf_8)
    13    0.138460    0.151038    0.255501   18.480309 v fanout418/X (sky130_fd_sc_hd__clkbuf_8)
                                                         net418 (net)
                      0.155944    0.021496   18.501804 v fanout405/A (sky130_fd_sc_hd__buf_2)
    11    0.059235    0.140020    0.269996   18.771801 v fanout405/X (sky130_fd_sc_hd__buf_2)
                                                         net405 (net)
                      0.140020    0.000657   18.772457 v fanout399/A (sky130_fd_sc_hd__clkbuf_2)
    11    0.047213    0.179194    0.263228   19.035686 v fanout399/X (sky130_fd_sc_hd__clkbuf_2)
                                                         net399 (net)
                      0.179266    0.003341   19.039026 v fanout398/A (sky130_fd_sc_hd__buf_2)
    11    0.050392    0.121992    0.265254   19.304281 v fanout398/X (sky130_fd_sc_hd__buf_2)
                                                         net398 (net)
                      0.121992    0.000528   19.304810 v fanout394/A (sky130_fd_sc_hd__buf_4)
    19    0.069920    0.095792    0.236557   19.541367 v fanout394/X (sky130_fd_sc_hd__buf_4)
                                                         net394 (net)
                      0.095799    0.001050   19.542416 v fanout393/A (sky130_fd_sc_hd__buf_4)
    10    0.060011    0.085009    0.216515   19.758930 v fanout393/X (sky130_fd_sc_hd__buf_4)
                                                         net393 (net)
                      0.085148    0.003038   19.761969 v _5683_/A (sky130_fd_sc_hd__inv_2)
     1    0.004294    0.035669    0.060840   19.822809 ^ _5683_/Y (sky130_fd_sc_hd__inv_2)
                                                         _0059_ (net)
                      0.035669    0.000094   19.822903 ^ _6209_/SET_B (sky130_fd_sc_hd__dfstp_1)
                                             19.822903   data arrival time

                                 25.000000   25.000000   clock clk (rise edge)
                                  4.650000   29.650000   clock source latency
     2    0.070281    0.610000    0.000000   29.650000 ^ wb_clk_i (in)
                                                         wb_clk_i (net)
                      0.623277    0.006638   29.656637 ^ clkbuf_0_wb_clk_i/A (sky130_fd_sc_hd__clkbuf_16)
    17    0.150022    0.167074    0.359595   30.016232 ^ clkbuf_0_wb_clk_i/X (sky130_fd_sc_hd__clkbuf_16)
                                                         clknet_0_wb_clk_i (net)
                      0.167477    0.005777   30.022009 ^ clkbuf_3_5_0_wb_clk_i/A (sky130_fd_sc_hd__clkbuf_8)
    19    0.113283    0.198779    0.284270   30.306280 ^ clkbuf_3_5_0_wb_clk_i/X (sky130_fd_sc_hd__clkbuf_8)
                                                         clknet_3_5_0_wb_clk_i (net)
                      0.198817    0.002277   30.308556 ^ clkbuf_leaf_47_wb_clk_i/A (sky130_fd_sc_hd__clkbuf_8)
    12    0.059652    0.113992    0.232845   30.541401 ^ clkbuf_leaf_47_wb_clk_i/X (sky130_fd_sc_hd__clkbuf_8)
                                                         clknet_leaf_47_wb_clk_i (net)
                      0.114016    0.001606   30.543007 ^ _6209_/CLK (sky130_fd_sc_hd__dfstp_1)
                                 -0.250000   30.293007   clock uncertainty
                                  0.000000   30.293007   clock reconvergence pessimism
                                  0.157718   30.450726   library recovery time
                                             30.450726   data required time
---------------------------------------------------------------------------------------------
                                             30.450726   data required time
                                            -19.822903   data arrival time
---------------------------------------------------------------------------------------------
                                             10.627823   slack (MET)


Startpoint: wbs_adr_i[9] (input port clocked by clk)
Endpoint: wbs_dat_o[1] (output port clocked by clk)
Path Group: clk
Path Type: max

Fanout         Cap        Slew       Delay        Time   Description
---------------------------------------------------------------------------------------------
                                  0.000000    0.000000   clock clk (rise edge)
                                  5.570000    5.570000   clock network delay (propagated)
                                  3.890000    9.460000 v input external delay
     2    0.003350    0.920000    0.000000    9.460000 v wbs_adr_i[9] (in)
                                                         wbs_adr_i[9] (net)
                      0.920072    0.000036    9.460036 v hold120/A (sky130_fd_sc_hd__dlygate4sd3_1)
     1    0.002129    0.049888    0.850151   10.310187 v hold120/X (sky130_fd_sc_hd__dlygate4sd3_1)
                                                         net540 (net)
                      0.049888    0.000041   10.310228 v input22/A (sky130_fd_sc_hd__clkbuf_4)
     7    0.092974    0.185912    0.255221   10.565450 v input22/X (sky130_fd_sc_hd__clkbuf_4)
                                                         net22 (net)
                      0.188440    0.017551   10.583000 v _3130_/A (sky130_fd_sc_hd__or4_1)
     1    0.002227    0.077565    0.548924   11.131924 v _3130_/X (sky130_fd_sc_hd__or4_1)
                                                         _1297_ (net)
                      0.077565    0.000044   11.131968 v hold26/A (sky130_fd_sc_hd__dlygate4sd3_1)
     2    0.007692    0.077750    0.595673   11.727641 v hold26/X (sky130_fd_sc_hd__dlygate4sd3_1)
                                                         net446 (net)
                      0.077750    0.000130   11.727771 v _3132_/B (sky130_fd_sc_hd__or2_2)
     1    0.003593    0.056842    0.283391   12.011162 v _3132_/X (sky130_fd_sc_hd__or2_2)
                                                         _1299_ (net)
                      0.056842    0.000123   12.011286 v hold27/A (sky130_fd_sc_hd__dlygate4sd3_1)
     4    0.029455    0.168888    0.682938   12.694223 v hold27/X (sky130_fd_sc_hd__dlygate4sd3_1)
                                                         net447 (net)
                      0.168890    0.000911   12.695135 v _3296_/A (sky130_fd_sc_hd__or2_2)
     8    0.033997    0.133644    0.436155   13.131290 v _3296_/X (sky130_fd_sc_hd__or2_2)
                                                         _1457_ (net)
                      0.133646    0.000770   13.132060 v _3315_/B (sky130_fd_sc_hd__or2_2)
     5    0.026765    0.114471    0.384260   13.516320 v _3315_/X (sky130_fd_sc_hd__or2_2)
                                                         _1462_ (net)
                      0.114472    0.000605   13.516925 v hold98/A (sky130_fd_sc_hd__dlygate4sd3_1)
     1    0.009307    0.084572    0.621755   14.138680 v hold98/X (sky130_fd_sc_hd__dlygate4sd3_1)
                                                         net518 (net)
                      0.084572    0.000452   14.139132 v fanout180/A (sky130_fd_sc_hd__clkbuf_2)
     5    0.028628    0.112685    0.189883   14.329015 v fanout180/X (sky130_fd_sc_hd__clkbuf_2)
                                                         net180 (net)
                      0.112695    0.001094   14.330109 v _4889_/A2 (sky130_fd_sc_hd__o221a_1)
     1    0.005223    0.058013    0.275067   14.605176 v _4889_/X (sky130_fd_sc_hd__o221a_1)
                                                         _2620_ (net)
                      0.058013    0.000200   14.605376 v _4890_/B2 (sky130_fd_sc_hd__a221o_1)
     1    0.009679    0.085791    0.361582   14.966958 v _4890_/X (sky130_fd_sc_hd__a221o_1)
                                                         _2621_ (net)
                      0.085792    0.000457   14.967415 v _4891_/B2 (sky130_fd_sc_hd__a221o_1)
     1    0.002548    0.050466    0.324398   15.291813 v _4891_/X (sky130_fd_sc_hd__a221o_1)
                                                         _2622_ (net)
                      0.050466    0.000050   15.291862 v _4892_/B1 (sky130_fd_sc_hd__o211a_1)
     1    0.015652    0.093579    0.177371   15.469234 v _4892_/X (sky130_fd_sc_hd__o211a_1)
                                                         _2623_ (net)
                      0.093580    0.000506   15.469740 v _4893_/B1 (sky130_fd_sc_hd__a211o_1)
     1    0.002733    0.046819    0.276746   15.746486 v _4893_/X (sky130_fd_sc_hd__a211o_1)
                                                         _2624_ (net)
                      0.046819    0.000078   15.746564 v _4894_/C1 (sky130_fd_sc_hd__o211a_1)
     1    0.005167    0.049265    0.116357   15.862921 v _4894_/X (sky130_fd_sc_hd__o211a_1)
                                                         _2625_ (net)
                      0.049304    0.000165   15.863086 v _4895_/D1 (sky130_fd_sc_hd__a2111o_4)
     3    0.053284    0.136228    0.449647   16.312733 v _4895_/X (sky130_fd_sc_hd__a2111o_4)
                                                         net74 (net)
                      0.136364    0.002798   16.315531 v output74/A (sky130_fd_sc_hd__buf_12)
     1    0.191086    0.103410    0.234772   16.550303 v output74/X (sky130_fd_sc_hd__buf_12)
                                                         wbs_dat_o[1] (net)
                      0.103638    0.004238   16.554541 v wbs_dat_o[1] (out)
                                             16.554541   data arrival time

                                 25.000000   25.000000   clock clk (rise edge)
                                  4.650000   29.650000   clock network delay (propagated)
                                 -0.250000   29.400000   clock uncertainty
                                  0.000000   29.400000   clock reconvergence pessimism
                                 -3.620000   25.779999   output external delay
                                             25.779999   data required time
---------------------------------------------------------------------------------------------
                                             25.779999   data required time
                                            -16.554541   data arrival time
---------------------------------------------------------------------------------------------
                                              9.225458   slack (MET)




===========================================================================
report_checks --slack_max -0.01
============================================================================
======================= nom_tt_025C_1v80 Corner ===================================

No paths found.


===========================================================================
 report_check_types -max_slew -max_cap -max_fanout -violators
============================================================================
======================= nom_tt_025C_1v80 Corner ===================================

max slew

Pin                                        Limit        Slew       Slack
------------------------------------------------------------------------
ANTENNA_sram_inst_wbs_adr_i[30]/DIODE    0.750000    0.963510   -0.213510 (VIOLATED)
ANTENNA_sram_inst_wbs_adr_i[29]/DIODE    0.750000    0.960126   -0.210126 (VIOLATED)
ANTENNA_sram_inst_wbs_adr_i[25]/DIODE    0.750000    0.952625   -0.202625 (VIOLATED)
ANTENNA_sram_inst_wbs_adr_i[31]/DIODE    0.750000    0.951140   -0.201140 (VIOLATED)
ANTENNA_sram_inst_wbs_adr_i[22]/DIODE    0.750000    0.929576   -0.179576 (VIOLATED)
ANTENNA_sram_inst_wbs_adr_i[21]/DIODE    0.750000    0.928828   -0.178828 (VIOLATED)
ANTENNA_sram_inst_wbs_adr_i[27]/DIODE    0.750000    0.928748   -0.178748 (VIOLATED)
ANTENNA_sram_inst_wbs_adr_i[23]/DIODE    0.750000    0.928657   -0.178657 (VIOLATED)
ANTENNA_sram_inst_wbs_adr_i[26]/DIODE    0.750000    0.928617   -0.178618 (VIOLATED)
ANTENNA_sram_inst_wbs_adr_i[28]/DIODE    0.750000    0.928488   -0.178488 (VIOLATED)
ANTENNA_sram_inst_wbs_adr_i[20]/DIODE    0.750000    0.928487   -0.178487 (VIOLATED)
ANTENNA_sram_inst_wbs_adr_i[24]/DIODE    0.750000    0.927050   -0.177050 (VIOLATED)
input12/A                               0.750000    0.920193   -0.170193 (VIOLATED)
ANTENNA_input12_A/DIODE                 0.750000    0.920173   -0.170173 (VIOLATED)
hold38/A                                0.750000    0.920141   -0.170141 (VIOLATED)
ANTENNA_hold135_A/DIODE                 0.750000    0.920139   -0.170139 (VIOLATED)
ANTENNA_hold24_A/DIODE                  0.750000    0.920131   -0.170131 (VIOLATED)
hold24/A                                0.750000    0.920131   -0.170131 (VIOLATED)
ANTENNA_hold16_A/DIODE                  0.750000    0.920129   -0.170129 (VIOLATED)
hold135/A                               0.750000    0.920122   -0.170122 (VIOLATED)
hold16/A                                0.750000    0.920122   -0.170122 (VIOLATED)
input13/A                               0.750000    0.920119   -0.170119 (VIOLATED)
input17/A                               0.750000    0.920119   -0.170119 (VIOLATED)
ANTENNA_input7_A/DIODE                  0.750000    0.920118   -0.170118 (VIOLATED)
ANTENNA_hold38_A/DIODE                  0.750000    0.920117   -0.170117 (VIOLATED)
input8/A                                0.750000    0.920116   -0.170116 (VIOLATED)
ANTENNA_input8_A/DIODE                  0.750000    0.920111   -0.170111 (VIOLATED)
input7/A                                0.750000    0.920111   -0.170111 (VIOLATED)
hold108/A                               0.750000    0.920102   -0.170102 (VIOLATED)
input5/A                                0.750000    0.920098   -0.170098 (VIOLATED)
ANTENNA_input17_A/DIODE                 0.750000    0.920092   -0.170092 (VIOLATED)
input4/A                                0.750000    0.920089   -0.170089 (VIOLATED)
hold66/A                                0.750000    0.920089   -0.170089 (VIOLATED)
ANTENNA_hold137_A/DIODE                 0.750000    0.920085   -0.170086 (VIOLATED)
ANTENNA_input13_A/DIODE                 0.750000    0.920085   -0.170085 (VIOLATED)
ANTENNA_hold108_A/DIODE                 0.750000    0.920080   -0.170080 (VIOLATED)
ANTENNA_input5_A/DIODE                  0.750000    0.920079   -0.170079 (VIOLATED)
hold120/A                               0.750000    0.920078   -0.170078 (VIOLATED)
hold95/A                                0.750000    0.920077   -0.170077 (VIOLATED)
hold115/A                               0.750000    0.920076   -0.170076 (VIOLATED)
hold192/A                               0.750000    0.920076   -0.170076 (VIOLATED)
hold137/A                               0.750000    0.920075   -0.170075 (VIOLATED)
hold128/A                               0.750000    0.920074   -0.170074 (VIOLATED)
ANTENNA_hold66_A/DIODE                  0.750000    0.920073   -0.170073 (VIOLATED)
hold71/A                                0.750000    0.920072   -0.170073 (VIOLATED)
ANTENNA_hold128_A/DIODE                 0.750000    0.920070   -0.170070 (VIOLATED)
ANTENNA_hold192_A/DIODE                 0.750000    0.920068   -0.170068 (VIOLATED)
ANTENNA_input4_A/DIODE                  0.750000    0.920066   -0.170067 (VIOLATED)
ANTENNA_hold95_A/DIODE                  0.750000    0.920062   -0.170062 (VIOLATED)
ANTENNA_hold120_A/DIODE                 0.750000    0.920062   -0.170062 (VIOLATED)
ANTENNA_hold115_A/DIODE                 0.750000    0.920061   -0.170061 (VIOLATED)
ANTENNA_hold71_A/DIODE                  0.750000    0.920057   -0.170057 (VIOLATED)
wbs_adr_i[0]                            0.750000    0.920000   -0.170000 (VIOLATED)
wbs_adr_i[10]                           0.750000    0.920000   -0.170000 (VIOLATED)
wbs_adr_i[11]                           0.750000    0.920000   -0.170000 (VIOLATED)
wbs_adr_i[12]                           0.750000    0.920000   -0.170000 (VIOLATED)
wbs_adr_i[13]                           0.750000    0.920000   -0.170000 (VIOLATED)
wbs_adr_i[14]                           0.750000    0.920000   -0.170000 (VIOLATED)
wbs_adr_i[15]                           0.750000    0.920000   -0.170000 (VIOLATED)
wbs_adr_i[16]                           0.750000    0.920000   -0.170000 (VIOLATED)
wbs_adr_i[17]                           0.750000    0.920000   -0.170000 (VIOLATED)
wbs_adr_i[18]                           0.750000    0.920000   -0.170000 (VIOLATED)
wbs_adr_i[19]                           0.750000    0.920000   -0.170000 (VIOLATED)
wbs_adr_i[1]                            0.750000    0.920000   -0.170000 (VIOLATED)
wbs_adr_i[20]                           0.750000    0.920000   -0.170000 (VIOLATED)
wbs_adr_i[21]                           0.750000    0.920000   -0.170000 (VIOLATED)
wbs_adr_i[22]                           0.750000    0.920000   -0.170000 (VIOLATED)
wbs_adr_i[23]                           0.750000    0.920000   -0.170000 (VIOLATED)
wbs_adr_i[24]                           0.750000    0.920000   -0.170000 (VIOLATED)
wbs_adr_i[25]                           0.750000    0.920000   -0.170000 (VIOLATED)
wbs_adr_i[26]                           0.750000    0.920000   -0.170000 (VIOLATED)
wbs_adr_i[27]                           0.750000    0.920000   -0.170000 (VIOLATED)
wbs_adr_i[28]                           0.750000    0.920000   -0.170000 (VIOLATED)
wbs_adr_i[29]                           0.750000    0.920000   -0.170000 (VIOLATED)
wbs_adr_i[2]                            0.750000    0.920000   -0.170000 (VIOLATED)
wbs_adr_i[30]                           0.750000    0.920000   -0.170000 (VIOLATED)
wbs_adr_i[31]                           0.750000    0.920000   -0.170000 (VIOLATED)
wbs_adr_i[3]                            0.750000    0.920000   -0.170000 (VIOLATED)
wbs_adr_i[4]                            0.750000    0.920000   -0.170000 (VIOLATED)
wbs_adr_i[5]                            0.750000    0.920000   -0.170000 (VIOLATED)
wbs_adr_i[6]                            0.750000    0.920000   -0.170000 (VIOLATED)
wbs_adr_i[7]                            0.750000    0.920000   -0.170000 (VIOLATED)
wbs_adr_i[8]                            0.750000    0.920000   -0.170000 (VIOLATED)
wbs_adr_i[9]                            0.750000    0.920000   -0.170000 (VIOLATED)
_6891_/A                                0.750000    0.907961   -0.157961 (VIOLATED)
ANTENNA__6891__A/DIODE                  0.750000    0.907960   -0.157960 (VIOLATED)
ANTENNA_hold536_X/DIODE                 0.750000    0.906145   -0.156145 (VIOLATED)
hold536/X                               0.750000    0.906143   -0.156143 (VIOLATED)
_6890_/A                                0.750000    0.845685   -0.095685 (VIOLATED)
ANTENNA__6890__A/DIODE                  0.750000    0.845683   -0.095683 (VIOLATED)
ANTENNA_hold350_X/DIODE                 0.750000    0.844117   -0.094117 (VIOLATED)
hold350/X                               0.750000    0.844114   -0.094114 (VIOLATED)
ANTENNA_hold1_A/DIODE                   0.750000    0.840547   -0.090547 (VIOLATED)
hold1/A                                 0.750000    0.840456   -0.090456 (VIOLATED)
ANTENNA_hold46_A/DIODE                  0.750000    0.840394   -0.090394 (VIOLATED)
ANTENNA_hold9_A/DIODE                   0.750000    0.840334   -0.090334 (VIOLATED)
ANTENNA_hold52_A/DIODE                  0.750000    0.840307   -0.090307 (VIOLATED)
ANTENNA_hold3_A/DIODE                   0.750000    0.840259   -0.090259 (VIOLATED)
hold79/A                                0.750000    0.840204   -0.090204 (VIOLATED)
ANTENNA_hold35_A/DIODE                  0.750000    0.840197   -0.090197 (VIOLATED)
ANTENNA_hold112_A/DIODE                 0.750000    0.840196   -0.090196 (VIOLATED)
hold9/A                                 0.750000    0.840187   -0.090187 (VIOLATED)
ANTENNA_hold103_A/DIODE                 0.750000    0.840174   -0.090174 (VIOLATED)
ANTENNA_hold132_A/DIODE                 0.750000    0.840168   -0.090168 (VIOLATED)
hold3/A                                 0.750000    0.840168   -0.090168 (VIOLATED)
hold101/A                               0.750000    0.840165   -0.090165 (VIOLATED)
ANTENNA_hold29_A/DIODE                  0.750000    0.840160   -0.090160 (VIOLATED)
ANTENNA_hold31_A/DIODE                  0.750000    0.840154   -0.090154 (VIOLATED)
ANTENNA_hold7_A/DIODE                   0.750000    0.840152   -0.090152 (VIOLATED)
ANTENNA_hold44_A/DIODE                  0.750000    0.840148   -0.090148 (VIOLATED)
hold112/A                               0.750000    0.840145   -0.090145 (VIOLATED)
hold52/A                                0.750000    0.840145   -0.090145 (VIOLATED)
ANTENNA_hold33_A/DIODE                  0.750000    0.840144   -0.090144 (VIOLATED)
hold7/A                                 0.750000    0.840142   -0.090142 (VIOLATED)
ANTENNA_hold131_A/DIODE                 0.750000    0.840140   -0.090140 (VIOLATED)
hold35/A                                0.750000    0.840140   -0.090140 (VIOLATED)
ANTENNA_hold11_A/DIODE                  0.750000    0.840140   -0.090140 (VIOLATED)
ANTENNA_hold105_A/DIODE                 0.750000    0.840138   -0.090138 (VIOLATED)
hold44/A                                0.750000    0.840134   -0.090134 (VIOLATED)
hold105/A                               0.750000    0.840129   -0.090129 (VIOLATED)
ANTENNA_hold14_A/DIODE                  0.750000    0.840128   -0.090128 (VIOLATED)
hold57/A                                0.750000    0.840126   -0.090126 (VIOLATED)
ANTENNA_hold79_A/DIODE                  0.750000    0.840126   -0.090126 (VIOLATED)
ANTENNA_hold57_A/DIODE                  0.750000    0.840126   -0.090126 (VIOLATED)
hold33/A                                0.750000    0.840119   -0.090119 (VIOLATED)
hold46/A                                0.750000    0.840117   -0.090117 (VIOLATED)
hold29/A                                0.750000    0.840114   -0.090114 (VIOLATED)
hold19/A                                0.750000    0.840113   -0.090113 (VIOLATED)
hold103/A                               0.750000    0.840111   -0.090111 (VIOLATED)
ANTENNA_hold101_A/DIODE                 0.750000    0.840109   -0.090109 (VIOLATED)
ANTENNA_hold126_A/DIODE                 0.750000    0.840108   -0.090108 (VIOLATED)
hold31/A                                0.750000    0.840106   -0.090106 (VIOLATED)
hold131/A                               0.750000    0.840103   -0.090103 (VIOLATED)
hold14/A                                0.750000    0.840101   -0.090101 (VIOLATED)
hold132/A                               0.750000    0.840099   -0.090099 (VIOLATED)
hold11/A                                0.750000    0.840098   -0.090098 (VIOLATED)
hold75/A                                0.750000    0.840097   -0.090097 (VIOLATED)
hold114/A                               0.750000    0.840093   -0.090093 (VIOLATED)
ANTENNA_hold75_A/DIODE                  0.750000    0.840088   -0.090088 (VIOLATED)
hold126/A                               0.750000    0.840087   -0.090087 (VIOLATED)
ANTENNA_hold62_A/DIODE                  0.750000    0.840087   -0.090087 (VIOLATED)
hold62/A                                0.750000    0.840086   -0.090086 (VIOLATED)
hold21/A                                0.750000    0.840085   -0.090085 (VIOLATED)
ANTENNA_hold114_A/DIODE                 0.750000    0.840082   -0.090082 (VIOLATED)
ANTENNA_hold19_A/DIODE                  0.750000    0.840082   -0.090082 (VIOLATED)
ANTENNA_hold50_A/DIODE                  0.750000    0.840082   -0.090082 (VIOLATED)
hold50/A                                0.750000    0.840077   -0.090077 (VIOLATED)
hold55/A                                0.750000    0.840076   -0.090076 (VIOLATED)
ANTENNA_hold5_A/DIODE                   0.750000    0.840075   -0.090075 (VIOLATED)
hold5/A                                 0.750000    0.840073   -0.090073 (VIOLATED)
hold42/A                                0.750000    0.840071   -0.090071 (VIOLATED)
hold60/A                                0.750000    0.840071   -0.090071 (VIOLATED)
ANTENNA_hold42_A/DIODE                  0.750000    0.840070   -0.090070 (VIOLATED)
ANTENNA_hold21_A/DIODE                  0.750000    0.840068   -0.090068 (VIOLATED)
ANTENNA_hold55_A/DIODE                  0.750000    0.840062   -0.090062 (VIOLATED)
ANTENNA_hold60_A/DIODE                  0.750000    0.840057   -0.090057 (VIOLATED)
wbs_dat_i[0]                            0.750000    0.840000   -0.090000 (VIOLATED)
wbs_dat_i[10]                           0.750000    0.840000   -0.090000 (VIOLATED)
wbs_dat_i[11]                           0.750000    0.840000   -0.090000 (VIOLATED)
wbs_dat_i[12]                           0.750000    0.840000   -0.090000 (VIOLATED)
wbs_dat_i[13]                           0.750000    0.840000   -0.090000 (VIOLATED)
wbs_dat_i[14]                           0.750000    0.840000   -0.090000 (VIOLATED)
wbs_dat_i[15]                           0.750000    0.840000   -0.090000 (VIOLATED)
wbs_dat_i[16]                           0.750000    0.840000   -0.090000 (VIOLATED)
wbs_dat_i[17]                           0.750000    0.840000   -0.090000 (VIOLATED)
wbs_dat_i[18]                           0.750000    0.840000   -0.090000 (VIOLATED)
wbs_dat_i[19]                           0.750000    0.840000   -0.090000 (VIOLATED)
wbs_dat_i[1]                            0.750000    0.840000   -0.090000 (VIOLATED)
wbs_dat_i[20]                           0.750000    0.840000   -0.090000 (VIOLATED)
wbs_dat_i[21]                           0.750000    0.840000   -0.090000 (VIOLATED)
wbs_dat_i[22]                           0.750000    0.840000   -0.090000 (VIOLATED)
wbs_dat_i[23]                           0.750000    0.840000   -0.090000 (VIOLATED)
wbs_dat_i[24]                           0.750000    0.840000   -0.090000 (VIOLATED)
wbs_dat_i[25]                           0.750000    0.840000   -0.090000 (VIOLATED)
wbs_dat_i[26]                           0.750000    0.840000   -0.090000 (VIOLATED)
wbs_dat_i[27]                           0.750000    0.840000   -0.090000 (VIOLATED)
wbs_dat_i[28]                           0.750000    0.840000   -0.090000 (VIOLATED)
wbs_dat_i[29]                           0.750000    0.840000   -0.090000 (VIOLATED)
wbs_dat_i[2]                            0.750000    0.840000   -0.090000 (VIOLATED)
wbs_dat_i[30]                           0.750000    0.840000   -0.090000 (VIOLATED)
wbs_dat_i[31]                           0.750000    0.840000   -0.090000 (VIOLATED)
wbs_dat_i[3]                            0.750000    0.840000   -0.090000 (VIOLATED)
wbs_dat_i[4]                            0.750000    0.840000   -0.090000 (VIOLATED)
wbs_dat_i[5]                            0.750000    0.840000   -0.090000 (VIOLATED)
wbs_dat_i[6]                            0.750000    0.840000   -0.090000 (VIOLATED)
wbs_dat_i[7]                            0.750000    0.840000   -0.090000 (VIOLATED)
wbs_dat_i[8]                            0.750000    0.840000   -0.090000 (VIOLATED)
wbs_dat_i[9]                            0.750000    0.840000   -0.090000 (VIOLATED)
_3955_/A0                               0.750000    0.779923   -0.029923 (VIOLATED)
ANTENNA__3955__A0/DIODE                 0.750000    0.779923   -0.029923 (VIOLATED)
_4740_/A0                               0.750000    0.779915   -0.029915 (VIOLATED)
ANTENNA__4740__A0/DIODE                 0.750000    0.779909   -0.029909 (VIOLATED)
_4265_/A1                               0.750000    0.779903   -0.029903 (VIOLATED)
ANTENNA__4265__A1/DIODE                 0.750000    0.779902   -0.029902 (VIOLATED)
_4294_/A1                               0.750000    0.779902   -0.029902 (VIOLATED)
ANTENNA__4294__A1/DIODE                 0.750000    0.779902   -0.029902 (VIOLATED)
ANTENNA__4163__A0/DIODE                 0.750000    0.779898   -0.029898 (VIOLATED)
ANTENNA__4200__A0/DIODE                 0.750000    0.779898   -0.029898 (VIOLATED)
ANTENNA__4246__A0/DIODE                 0.750000    0.779898   -0.029898 (VIOLATED)
ANTENNA_hold56_X/DIODE                  0.750000    0.779898   -0.029898 (VIOLATED)
_4163_/A0                               0.750000    0.779898   -0.029898 (VIOLATED)
_4200_/A0                               0.750000    0.779898   -0.029898 (VIOLATED)
_4246_/A0                               0.750000    0.779898   -0.029898 (VIOLATED)
hold56/X                                0.750000    0.779898   -0.029898 (VIOLATED)

max fanout

Pin                                   Limit Fanout  Slack
---------------------------------------------------------
clkbuf_leaf_43_wb_clk_i/X                10     47    -37 (VIOLATED)
clkbuf_leaf_58_wb_clk_i/X                10     41    -31 (VIOLATED)
clkbuf_leaf_22_wb_clk_i/X                10     35    -25 (VIOLATED)
clkbuf_leaf_37_wb_clk_i/X                10     35    -25 (VIOLATED)
clkbuf_leaf_5_wb_clk_i/X                 10     33    -23 (VIOLATED)
clkbuf_leaf_30_wb_clk_i/X                10     27    -17 (VIOLATED)
clkbuf_leaf_9_wb_clk_i/X                 10     27    -17 (VIOLATED)
clkbuf_3_0_0_wb_clk_i/X                  10     25    -15 (VIOLATED)
clkbuf_3_2_0_wb_clk_i/X                  10     25    -15 (VIOLATED)
clkbuf_leaf_41_wb_clk_i/X                10     23    -13 (VIOLATED)
_3354_/Y                                 10     21    -11 (VIOLATED)
_4291_/Y                                 10     21    -11 (VIOLATED)
_4817_/Y                                 10     21    -11 (VIOLATED)
_6285_/Q                                 10     21    -11 (VIOLATED)
_6289_/Q                                 10     21    -11 (VIOLATED)
_6294_/Q                                 10     21    -11 (VIOLATED)
_6871_/Q                                 10     21    -11 (VIOLATED)
fanout101/X                              10     21    -11 (VIOLATED)
fanout102/X                              10     21    -11 (VIOLATED)
fanout104/X                              10     21    -11 (VIOLATED)
fanout106/X                              10     21    -11 (VIOLATED)
fanout108/X                              10     21    -11 (VIOLATED)
fanout110/X                              10     21    -11 (VIOLATED)
fanout112/X                              10     21    -11 (VIOLATED)
fanout114/X                              10     21    -11 (VIOLATED)
fanout116/X                              10     21    -11 (VIOLATED)
fanout118/X                              10     21    -11 (VIOLATED)
fanout119/X                              10     21    -11 (VIOLATED)
fanout121/X                              10     21    -11 (VIOLATED)
fanout123/X                              10     21    -11 (VIOLATED)
fanout125/X                              10     21    -11 (VIOLATED)
fanout128/X                              10     21    -11 (VIOLATED)
fanout133/X                              10     21    -11 (VIOLATED)
fanout137/X                              10     21    -11 (VIOLATED)
fanout139/X                              10     21    -11 (VIOLATED)
fanout146/X                              10     21    -11 (VIOLATED)
fanout147/X                              10     21    -11 (VIOLATED)
fanout148/X                              10     21    -11 (VIOLATED)
fanout150/X                              10     21    -11 (VIOLATED)
fanout152/X                              10     21    -11 (VIOLATED)
fanout153/X                              10     21    -11 (VIOLATED)
fanout154/X                              10     21    -11 (VIOLATED)
fanout156/X                              10     21    -11 (VIOLATED)
fanout158/X                              10     21    -11 (VIOLATED)
fanout160/X                              10     21    -11 (VIOLATED)
fanout162/X                              10     21    -11 (VIOLATED)
fanout165/X                              10     21    -11 (VIOLATED)
fanout167/X                              10     21    -11 (VIOLATED)
fanout169/X                              10     21    -11 (VIOLATED)
fanout171/X                              10     21    -11 (VIOLATED)
fanout172/X                              10     21    -11 (VIOLATED)
fanout175/X                              10     21    -11 (VIOLATED)
fanout176/X                              10     21    -11 (VIOLATED)
fanout177/X                              10     21    -11 (VIOLATED)
fanout179/X                              10     21    -11 (VIOLATED)
fanout181/X                              10     21    -11 (VIOLATED)
fanout182/X                              10     21    -11 (VIOLATED)
fanout183/X                              10     21    -11 (VIOLATED)
fanout185/X                              10     21    -11 (VIOLATED)
fanout186/X                              10     21    -11 (VIOLATED)
fanout189/X                              10     21    -11 (VIOLATED)
fanout191/X                              10     21    -11 (VIOLATED)
fanout193/X                              10     21    -11 (VIOLATED)
fanout195/X                              10     21    -11 (VIOLATED)
fanout197/X                              10     21    -11 (VIOLATED)
fanout199/X                              10     21    -11 (VIOLATED)
fanout201/X                              10     21    -11 (VIOLATED)
fanout202/X                              10     21    -11 (VIOLATED)
fanout203/X                              10     21    -11 (VIOLATED)
fanout204/X                              10     21    -11 (VIOLATED)
fanout205/X                              10     21    -11 (VIOLATED)
fanout207/X                              10     21    -11 (VIOLATED)
fanout209/X                              10     21    -11 (VIOLATED)
fanout212/X                              10     21    -11 (VIOLATED)
fanout216/X                              10     21    -11 (VIOLATED)
fanout217/X                              10     21    -11 (VIOLATED)
fanout224/X                              10     21    -11 (VIOLATED)
fanout225/X                              10     21    -11 (VIOLATED)
fanout228/X                              10     21    -11 (VIOLATED)
fanout230/X                              10     21    -11 (VIOLATED)
fanout231/X                              10     21    -11 (VIOLATED)
fanout233/X                              10     21    -11 (VIOLATED)
fanout235/X                              10     21    -11 (VIOLATED)
fanout236/X                              10     21    -11 (VIOLATED)
fanout237/X                              10     21    -11 (VIOLATED)
fanout239/X                              10     21    -11 (VIOLATED)
fanout241/X                              10     21    -11 (VIOLATED)
fanout243/X                              10     21    -11 (VIOLATED)
fanout245/X                              10     21    -11 (VIOLATED)
fanout247/X                              10     21    -11 (VIOLATED)
fanout253/X                              10     21    -11 (VIOLATED)
fanout254/X                              10     21    -11 (VIOLATED)
fanout255/X                              10     21    -11 (VIOLATED)
fanout256/X                              10     21    -11 (VIOLATED)
fanout258/X                              10     21    -11 (VIOLATED)
fanout259/X                              10     21    -11 (VIOLATED)
fanout260/X                              10     21    -11 (VIOLATED)
fanout262/X                              10     21    -11 (VIOLATED)
fanout265/X                              10     21    -11 (VIOLATED)
fanout266/X                              10     21    -11 (VIOLATED)
fanout268/X                              10     21    -11 (VIOLATED)
fanout269/X                              10     21    -11 (VIOLATED)
fanout271/X                              10     21    -11 (VIOLATED)
fanout273/X                              10     21    -11 (VIOLATED)
fanout275/X                              10     21    -11 (VIOLATED)
fanout276/X                              10     21    -11 (VIOLATED)
fanout277/X                              10     21    -11 (VIOLATED)
fanout278/X                              10     21    -11 (VIOLATED)
fanout280/X                              10     21    -11 (VIOLATED)
fanout281/X                              10     21    -11 (VIOLATED)
fanout283/X                              10     21    -11 (VIOLATED)
fanout284/X                              10     21    -11 (VIOLATED)
fanout285/X                              10     21    -11 (VIOLATED)
fanout286/X                              10     21    -11 (VIOLATED)
fanout288/X                              10     21    -11 (VIOLATED)
fanout291/X                              10     21    -11 (VIOLATED)
fanout292/X                              10     21    -11 (VIOLATED)
fanout293/X                              10     21    -11 (VIOLATED)
fanout294/X                              10     21    -11 (VIOLATED)
fanout295/X                              10     21    -11 (VIOLATED)
fanout298/X                              10     21    -11 (VIOLATED)
fanout299/X                              10     21    -11 (VIOLATED)
fanout302/X                              10     21    -11 (VIOLATED)
fanout303/X                              10     21    -11 (VIOLATED)
fanout304/X                              10     21    -11 (VIOLATED)
fanout305/X                              10     21    -11 (VIOLATED)
fanout306/X                              10     21    -11 (VIOLATED)
fanout307/X                              10     21    -11 (VIOLATED)
fanout308/X                              10     21    -11 (VIOLATED)
fanout310/X                              10     21    -11 (VIOLATED)
fanout315/X                              10     21    -11 (VIOLATED)
fanout316/X                              10     21    -11 (VIOLATED)
fanout317/X                              10     21    -11 (VIOLATED)
fanout318/X                              10     21    -11 (VIOLATED)
fanout320/X                              10     21    -11 (VIOLATED)
fanout322/X                              10     21    -11 (VIOLATED)
fanout324/X                              10     21    -11 (VIOLATED)
fanout326/X                              10     21    -11 (VIOLATED)
fanout328/X                              10     21    -11 (VIOLATED)
fanout330/X                              10     21    -11 (VIOLATED)
fanout332/X                              10     21    -11 (VIOLATED)
fanout334/X                              10     21    -11 (VIOLATED)
fanout335/X                              10     21    -11 (VIOLATED)
fanout336/X                              10     21    -11 (VIOLATED)
fanout338/X                              10     21    -11 (VIOLATED)
fanout341/X                              10     21    -11 (VIOLATED)
fanout343/X                              10     21    -11 (VIOLATED)
fanout346/X                              10     21    -11 (VIOLATED)
fanout348/X                              10     21    -11 (VIOLATED)
fanout349/X                              10     21    -11 (VIOLATED)
fanout350/X                              10     21    -11 (VIOLATED)
fanout352/X                              10     21    -11 (VIOLATED)
fanout353/X                              10     21    -11 (VIOLATED)
fanout355/X                              10     21    -11 (VIOLATED)
fanout357/X                              10     21    -11 (VIOLATED)
fanout363/X                              10     21    -11 (VIOLATED)
fanout379/X                              10     21    -11 (VIOLATED)
fanout410/X                              10     21    -11 (VIOLATED)
fanout414/X                              10     21    -11 (VIOLATED)
fanout416/X                              10     21    -11 (VIOLATED)
fanout417/X                              10     21    -11 (VIOLATED)
fanout419/X                              10     21    -11 (VIOLATED)
fanout95/X                               10     21    -11 (VIOLATED)
fanout97/X                               10     21    -11 (VIOLATED)
clkbuf_leaf_64_wb_clk_i/X                10     20    -10 (VIOLATED)
_3267_/Y                                 10     19     -9 (VIOLATED)
_3355_/Y                                 10     19     -9 (VIOLATED)
_3546_/Y                                 10     19     -9 (VIOLATED)
_4809_/Y                                 10     19     -9 (VIOLATED)
_5340_/Y                                 10     19     -9 (VIOLATED)
_5361_/Y                                 10     19     -9 (VIOLATED)
_5371_/Y                                 10     19     -9 (VIOLATED)
_5382_/Y                                 10     19     -9 (VIOLATED)
_5404_/Y                                 10     19     -9 (VIOLATED)
_5416_/X                                 10     19     -9 (VIOLATED)
_5426_/X                                 10     19     -9 (VIOLATED)
_5436_/X                                 10     19     -9 (VIOLATED)
_5448_/Y                                 10     19     -9 (VIOLATED)
_5459_/Y                                 10     19     -9 (VIOLATED)
_5469_/X                                 10     19     -9 (VIOLATED)
_5479_/X                                 10     19     -9 (VIOLATED)
_5490_/Y                                 10     19     -9 (VIOLATED)
_5500_/Y                                 10     19     -9 (VIOLATED)
_5510_/Y                                 10     19     -9 (VIOLATED)
_5520_/Y                                 10     19     -9 (VIOLATED)
_5530_/Y                                 10     19     -9 (VIOLATED)
_5540_/X                                 10     19     -9 (VIOLATED)
_5550_/Y                                 10     19     -9 (VIOLATED)
_5570_/Y                                 10     19     -9 (VIOLATED)
_5580_/Y                                 10     19     -9 (VIOLATED)
_5590_/Y                                 10     19     -9 (VIOLATED)
_5600_/X                                 10     19     -9 (VIOLATED)
_5620_/Y                                 10     19     -9 (VIOLATED)
_5640_/Y                                 10     19     -9 (VIOLATED)
_5652_/X                                 10     19     -9 (VIOLATED)
_5662_/Y                                 10     19     -9 (VIOLATED)
_6233_/Q                                 10     19     -9 (VIOLATED)
_6234_/Q                                 10     19     -9 (VIOLATED)
_6268_/Q                                 10     19     -9 (VIOLATED)
_6270_/Q                                 10     19     -9 (VIOLATED)
_6271_/Q                                 10     19     -9 (VIOLATED)
_6290_/Q                                 10     19     -9 (VIOLATED)
_6296_/Q                                 10     19     -9 (VIOLATED)
_6325_/Q                                 10     19     -9 (VIOLATED)
clkbuf_3_1_0_wb_clk_i/X                  10     19     -9 (VIOLATED)
clkbuf_3_4_0_wb_clk_i/X                  10     19     -9 (VIOLATED)
clkbuf_3_5_0_wb_clk_i/X                  10     19     -9 (VIOLATED)
clkbuf_leaf_60_wb_clk_i/X                10     19     -9 (VIOLATED)
clkbuf_leaf_61_wb_clk_i/X                10     19     -9 (VIOLATED)
fanout115/X                              10     19     -9 (VIOLATED)
fanout122/X                              10     19     -9 (VIOLATED)
fanout124/X                              10     19     -9 (VIOLATED)
fanout198/X                              10     19     -9 (VIOLATED)
fanout213/X                              10     19     -9 (VIOLATED)
fanout234/X                              10     19     -9 (VIOLATED)
fanout238/X                              10     19     -9 (VIOLATED)
fanout244/X                              10     19     -9 (VIOLATED)
fanout246/X                              10     19     -9 (VIOLATED)
fanout327/X                              10     19     -9 (VIOLATED)
fanout394/X                              10     19     -9 (VIOLATED)
fanout96/X                               10     19     -9 (VIOLATED)
hold76/X                                 10     19     -9 (VIOLATED)
hold80/X                                 10     19     -9 (VIOLATED)
clkbuf_leaf_4_wb_clk_i/X                 10     18     -8 (VIOLATED)
_3472_/X                                 10     17     -7 (VIOLATED)
_3476_/Y                                 10     17     -7 (VIOLATED)
_3861_/X                                 10     17     -7 (VIOLATED)
_3891_/X                                 10     17     -7 (VIOLATED)
_4282_/X                                 10     17     -7 (VIOLATED)
_4355_/X                                 10     17     -7 (VIOLATED)
_4405_/Y                                 10     17     -7 (VIOLATED)
_6237_/Q                                 10     17     -7 (VIOLATED)
_6238_/Q                                 10     17     -7 (VIOLATED)
_6252_/Q                                 10     17     -7 (VIOLATED)
_6253_/Q                                 10     17     -7 (VIOLATED)
_6255_/Q                                 10     17     -7 (VIOLATED)
_6257_/Q                                 10     17     -7 (VIOLATED)
_6286_/Q                                 10     17     -7 (VIOLATED)
_6874_/Q                                 10     17     -7 (VIOLATED)
_6876_/Q                                 10     17     -7 (VIOLATED)
clkbuf_0_wb_clk_i/X                      10     17     -7 (VIOLATED)
clkbuf_3_3_0_wb_clk_i/X                  10     17     -7 (VIOLATED)
clkbuf_3_6_0_wb_clk_i/X                  10     17     -7 (VIOLATED)
clkbuf_3_7_0_wb_clk_i/X                  10     17     -7 (VIOLATED)
clkbuf_leaf_18_wb_clk_i/X                10     17     -7 (VIOLATED)
clkbuf_leaf_65_wb_clk_i/X                10     17     -7 (VIOLATED)
clkbuf_leaf_67_wb_clk_i/X                10     17     -7 (VIOLATED)
fanout113/X                              10     17     -7 (VIOLATED)
fanout117/X                              10     17     -7 (VIOLATED)
fanout120/X                              10     17     -7 (VIOLATED)
fanout126/X                              10     17     -7 (VIOLATED)
fanout134/X                              10     17     -7 (VIOLATED)
fanout145/X                              10     17     -7 (VIOLATED)
fanout151/X                              10     17     -7 (VIOLATED)
fanout242/X                              10     17     -7 (VIOLATED)
fanout351/X                              10     17     -7 (VIOLATED)
fanout366/X                              10     17     -7 (VIOLATED)
fanout384/X                              10     17     -7 (VIOLATED)
fanout404/X                              10     17     -7 (VIOLATED)
hold58/X                                 10     17     -7 (VIOLATED)
hold63/X                                 10     17     -7 (VIOLATED)
clkbuf_leaf_12_wb_clk_i/X                10     16     -6 (VIOLATED)
clkbuf_leaf_17_wb_clk_i/X                10     16     -6 (VIOLATED)
_3548_/X                                 10     15     -5 (VIOLATED)
_4128_/X                                 10     15     -5 (VIOLATED)
_4144_/X                                 10     15     -5 (VIOLATED)
_4145_/Y                                 10     15     -5 (VIOLATED)
_4808_/Y                                 10     15     -5 (VIOLATED)
_5016_/X                                 10     15     -5 (VIOLATED)
_6235_/Q                                 10     15     -5 (VIOLATED)
_6240_/Q                                 10     15     -5 (VIOLATED)
_6241_/Q                                 10     15     -5 (VIOLATED)
clkbuf_leaf_28_wb_clk_i/X                10     15     -5 (VIOLATED)
clkbuf_leaf_44_wb_clk_i/X                10     15     -5 (VIOLATED)
fanout105/X                              10     15     -5 (VIOLATED)
fanout109/X                              10     15     -5 (VIOLATED)
fanout159/X                              10     15     -5 (VIOLATED)
fanout161/X                              10     15     -5 (VIOLATED)
fanout190/X                              10     15     -5 (VIOLATED)
fanout194/X                              10     15     -5 (VIOLATED)
fanout208/X                              10     15     -5 (VIOLATED)
fanout218/X                              10     15     -5 (VIOLATED)
fanout219/X                              10     15     -5 (VIOLATED)
fanout227/X                              10     15     -5 (VIOLATED)
fanout282/X                              10     15     -5 (VIOLATED)
fanout333/X                              10     15     -5 (VIOLATED)
fanout344/X                              10     15     -5 (VIOLATED)
fanout345/X                              10     15     -5 (VIOLATED)
fanout361/X                              10     15     -5 (VIOLATED)
fanout374/X                              10     15     -5 (VIOLATED)
fanout378/X                              10     15     -5 (VIOLATED)
fanout98/X                               10     15     -5 (VIOLATED)
hold20/X                                 10     15     -5 (VIOLATED)
hold56/X                                 10     15     -5 (VIOLATED)
sram_inst/fanout84/X                     10     15     -5 (VIOLATED)
sram_inst/fanout85/X                     10     15     -5 (VIOLATED)
sram_inst/fanout86/X                     10     15     -5 (VIOLATED)
sram_inst/fanout87/X                     10     15     -5 (VIOLATED)
sram_inst/fanout88/X                     10     15     -5 (VIOLATED)
sram_inst/fanout89/X                     10     15     -5 (VIOLATED)
clkbuf_leaf_0_wb_clk_i/X                 10     14     -4 (VIOLATED)
clkbuf_leaf_11_wb_clk_i/X                10     14     -4 (VIOLATED)
clkbuf_leaf_13_wb_clk_i/X                10     14     -4 (VIOLATED)
clkbuf_leaf_16_wb_clk_i/X                10     14     -4 (VIOLATED)
clkbuf_leaf_20_wb_clk_i/X                10     14     -4 (VIOLATED)
clkbuf_leaf_3_wb_clk_i/X                 10     14     -4 (VIOLATED)
clkbuf_leaf_49_wb_clk_i/X                10     14     -4 (VIOLATED)
clkbuf_leaf_54_wb_clk_i/X                10     14     -4 (VIOLATED)
_3091_/Y                                 10     13     -3 (VIOLATED)
_3107_/Y                                 10     13     -3 (VIOLATED)
_3111_/Y                                 10     13     -3 (VIOLATED)
_3408_/Y                                 10     13     -3 (VIOLATED)
_3425_/X                                 10     13     -3 (VIOLATED)
_3609_/X                                 10     13     -3 (VIOLATED)
_4292_/X                                 10     13     -3 (VIOLATED)
_5121_/X                                 10     13     -3 (VIOLATED)
_6236_/Q                                 10     13     -3 (VIOLATED)
_6239_/Q                                 10     13     -3 (VIOLATED)
_6254_/Q                                 10     13     -3 (VIOLATED)
_6258_/Q                                 10     13     -3 (VIOLATED)
_6262_/Q                                 10     13     -3 (VIOLATED)
_6675_/Q                                 10     13     -3 (VIOLATED)
_6714_/Q                                 10     13     -3 (VIOLATED)
clkbuf_leaf_10_wb_clk_i/X                10     13     -3 (VIOLATED)
clkbuf_leaf_2_wb_clk_i/X                 10     13     -3 (VIOLATED)
clkbuf_leaf_59_wb_clk_i/X                10     13     -3 (VIOLATED)
clkbuf_leaf_62_wb_clk_i/X                10     13     -3 (VIOLATED)
fanout144/X                              10     13     -3 (VIOLATED)
fanout163/X                              10     13     -3 (VIOLATED)
fanout174/X                              10     13     -3 (VIOLATED)
fanout196/X                              10     13     -3 (VIOLATED)
fanout279/X                              10     13     -3 (VIOLATED)
fanout287/X                              10     13     -3 (VIOLATED)
fanout339/X                              10     13     -3 (VIOLATED)
fanout340/X                              10     13     -3 (VIOLATED)
fanout367/X                              10     13     -3 (VIOLATED)
fanout392/X                              10     13     -3 (VIOLATED)
fanout407/X                              10     13     -3 (VIOLATED)
fanout415/X                              10     13     -3 (VIOLATED)
fanout418/X                              10     13     -3 (VIOLATED)
input23/X                                10     13     -3 (VIOLATED)
input56/X                                10     13     -3 (VIOLATED)
input57/X                                10     13     -3 (VIOLATED)
clkbuf_leaf_1_wb_clk_i/X                 10     12     -2 (VIOLATED)
clkbuf_leaf_42_wb_clk_i/X                10     12     -2 (VIOLATED)
clkbuf_leaf_47_wb_clk_i/X                10     12     -2 (VIOLATED)
clkbuf_leaf_51_wb_clk_i/X                10     12     -2 (VIOLATED)
clkbuf_leaf_53_wb_clk_i/X                10     12     -2 (VIOLATED)
clkbuf_leaf_55_wb_clk_i/X                10     12     -2 (VIOLATED)
clkbuf_leaf_57_wb_clk_i/X                10     12     -2 (VIOLATED)
_3099_/Y                                 10     11        (VIOLATED)
_3102_/Y                                 10     11        (VIOLATED)
_3115_/Y                                 10     11        (VIOLATED)
_3298_/X                                 10     11        (VIOLATED)
_3314_/Y                                 10     11        (VIOLATED)
_3952_/Y                                 10     11        (VIOLATED)
_4433_/Y                                 10     11        (VIOLATED)
_4814_/X                                 10     11        (VIOLATED)
_6690_/Q                                 10     11        (VIOLATED)
_6873_/Q                                 10     11        (VIOLATED)
_6888_/Q                                 10     11        (VIOLATED)
clkbuf_leaf_15_wb_clk_i/X                10     11        (VIOLATED)
clkbuf_leaf_21_wb_clk_i/X                10     11        (VIOLATED)
clkbuf_leaf_23_wb_clk_i/X                10     11        (VIOLATED)
clkbuf_leaf_26_wb_clk_i/X                10     11        (VIOLATED)
clkbuf_leaf_34_wb_clk_i/X                10     11        (VIOLATED)
clkbuf_leaf_35_wb_clk_i/X                10     11        (VIOLATED)
clkbuf_leaf_38_wb_clk_i/X                10     11        (VIOLATED)
fanout168/X                              10     11        (VIOLATED)
fanout188/X                              10     11        (VIOLATED)
fanout206/X                              10     11        (VIOLATED)
fanout211/X                              10     11        (VIOLATED)
fanout223/X                              10     11        (VIOLATED)
fanout250/X                              10     11        (VIOLATED)
fanout252/X                              10     11        (VIOLATED)
fanout263/X                              10     11        (VIOLATED)
fanout274/X                              10     11        (VIOLATED)
fanout290/X                              10     11        (VIOLATED)
fanout309/X                              10     11        (VIOLATED)
fanout321/X                              10     11        (VIOLATED)
fanout325/X                              10     11        (VIOLATED)
fanout329/X                              10     11        (VIOLATED)
fanout337/X                              10     11        (VIOLATED)
fanout342/X                              10     11        (VIOLATED)
fanout347/X                              10     11        (VIOLATED)
fanout356/X                              10     11        (VIOLATED)
fanout383/X                              10     11        (VIOLATED)
fanout398/X                              10     11        (VIOLATED)
fanout399/X                              10     11        (VIOLATED)
fanout405/X                              10     11        (VIOLATED)
input16/X                                10     11        (VIOLATED)
max_cap132/X                             10     11        (VIOLATED)



===========================================================================
report_parasitic_annotation -report_unannotated
============================================================================
Found 320 unannotated drivers.
 clkload0/X
 clkload1/Y
 clkload10/Y
 clkload11/Y
 clkload12/Y
 clkload13/Y
 clkload14/Y
 clkload15/Y
 clkload16/Y
 clkload17/Y
 clkload18/Y
 clkload19/Y
 clkload2/Y
 clkload20/Y
 clkload21/X
 clkload22/Y
 clkload23/Y
 clkload24/Y
 clkload25/Y
 clkload26/Y
 clkload27/Y
 clkload28/Y
 clkload29/X
 clkload3/Y
 clkload30/Y
 clkload31/Y
 clkload32/Y
 clkload33/Y
 clkload34/Y
 clkload35/Y
 clkload36/Y
 clkload37/Y
 clkload38/Y
 clkload39/Y
 clkload4/Y
 clkload40/X
 clkload41/Y
 clkload42/Y
 clkload43/Y
 clkload44/Y
 clkload45/Y
 clkload46/Y
 clkload47/Y
 clkload48/Y
 clkload49/Y
 clkload5/Y
 clkload50/Y
 clkload51/Y
 clkload52/Y
 clkload53/Y
 clkload54/Y
 clkload55/Y
 clkload56/Y
 clkload57/Y
 clkload58/Y
 clkload59/Y
 clkload6/Y
 clkload60/Y
 clkload61/X
 clkload62/Y
 clkload63/Y
 clkload64/X
 clkload65/Y
 clkload66/Y
 clkload7/Y
 clkload8/Y
 clkload9/Y
 sram_inst/_10_/Y
 sram_inst/_11_/Y
 sram_inst/_12_/X
 sram_inst/_13_/X
 sram_inst/_14_/X
 sram_inst/_15_/X
 sram_inst/_16_/X
 sram_inst/_17_/X
 sram_inst/_18_/X
 sram_inst/_19_/X
 sram_inst/_20_/X
 sram_inst/_21_/X
 sram_inst/_22_/X
 sram_inst/_23_/X
 sram_inst/_24_/X
 sram_inst/_25_/X
 sram_inst/_26_/X
 sram_inst/_27_/X
 sram_inst/_28_/X
 sram_inst/_29_/X
 sram_inst/_30_/X
 sram_inst/_31_/X
 sram_inst/_32_/X
 sram_inst/_33_/X
 sram_inst/_34_/X
 sram_inst/_35_/X
 sram_inst/_36_/X
 sram_inst/_37_/X
 sram_inst/_38_/X
 sram_inst/_39_/X
 sram_inst/_40_/X
 sram_inst/_41_/X
 sram_inst/_42_/X
 sram_inst/_43_/X
 sram_inst/_44_/X
 sram_inst/_45_/Q
 sram_inst/clkbuf_0_wb_clk_i/X
 sram_inst/clkbuf_1_0__f_wb_clk_i/X
 sram_inst/clkbuf_1_1__f_wb_clk_i/X
 sram_inst/clkload0/Y
 sram_inst/fanout84/X
 sram_inst/fanout85/X
 sram_inst/fanout86/X
 sram_inst/fanout87/X
 sram_inst/fanout88/X
 sram_inst/fanout89/X
 sram_inst/hold1/X
 sram_inst/hold10/X
 sram_inst/hold100/X
 sram_inst/hold101/X
 sram_inst/hold102/X
 sram_inst/hold103/X
 sram_inst/hold104/X
 sram_inst/hold105/X
 sram_inst/hold106/X
 sram_inst/hold107/X
 sram_inst/hold108/X
 sram_inst/hold109/X
 sram_inst/hold11/X
 sram_inst/hold110/X
 sram_inst/hold111/X
 sram_inst/hold112/X
 sram_inst/hold113/X
 sram_inst/hold114/X
 sram_inst/hold115/X
 sram_inst/hold116/X
 sram_inst/hold117/X
 sram_inst/hold118/X
 sram_inst/hold119/X
 sram_inst/hold12/X
 sram_inst/hold120/X
 sram_inst/hold121/X
 sram_inst/hold122/X
 sram_inst/hold123/X
 sram_inst/hold124/X
 sram_inst/hold125/X
 sram_inst/hold126/X
 sram_inst/hold127/X
 sram_inst/hold128/X
 sram_inst/hold129/X
 sram_inst/hold13/X
 sram_inst/hold130/X
 sram_inst/hold131/X
 sram_inst/hold132/X
 sram_inst/hold133/X
 sram_inst/hold134/X
 sram_inst/hold135/X
 sram_inst/hold136/X
 sram_inst/hold137/X
 sram_inst/hold138/X
 sram_inst/hold14/X
 sram_inst/hold15/X
 sram_inst/hold16/X
 sram_inst/hold17/X
 sram_inst/hold18/X
 sram_inst/hold19/X
 sram_inst/hold2/X
 sram_inst/hold20/X
 sram_inst/hold21/X
 sram_inst/hold22/X
 sram_inst/hold23/X
 sram_inst/hold24/X
 sram_inst/hold25/X
 sram_inst/hold26/X
 sram_inst/hold27/X
 sram_inst/hold28/X
 sram_inst/hold29/X
 sram_inst/hold3/X
 sram_inst/hold30/X
 sram_inst/hold31/X
 sram_inst/hold32/X
 sram_inst/hold33/X
 sram_inst/hold34/X
 sram_inst/hold35/X
 sram_inst/hold36/X
 sram_inst/hold37/X
 sram_inst/hold38/X
 sram_inst/hold39/X
 sram_inst/hold4/X
 sram_inst/hold40/X
 sram_inst/hold41/X
 sram_inst/hold42/X
 sram_inst/hold43/X
 sram_inst/hold44/X
 sram_inst/hold45/X
 sram_inst/hold46/X
 sram_inst/hold47/X
 sram_inst/hold48/X
 sram_inst/hold49/X
 sram_inst/hold5/X
 sram_inst/hold50/X
 sram_inst/hold51/X
 sram_inst/hold52/X
 sram_inst/hold53/X
 sram_inst/hold54/X
 sram_inst/hold55/X
 sram_inst/hold56/X
 sram_inst/hold57/X
 sram_inst/hold58/X
 sram_inst/hold59/X
 sram_inst/hold6/X
 sram_inst/hold60/X
 sram_inst/hold61/X
 sram_inst/hold62/X
 sram_inst/hold63/X
 sram_inst/hold64/X
 sram_inst/hold65/X
 sram_inst/hold66/X
 sram_inst/hold67/X
 sram_inst/hold68/X
 sram_inst/hold69/X
 sram_inst/hold7/X
 sram_inst/hold70/X
 sram_inst/hold71/X
 sram_inst/hold72/X
 sram_inst/hold73/X
 sram_inst/hold74/X
 sram_inst/hold75/X
 sram_inst/hold76/X
 sram_inst/hold77/X
 sram_inst/hold78/X
 sram_inst/hold79/X
 sram_inst/hold8/X
 sram_inst/hold80/X
 sram_inst/hold81/X
 sram_inst/hold82/X
 sram_inst/hold83/X
 sram_inst/hold84/X
 sram_inst/hold85/X
 sram_inst/hold86/X
 sram_inst/hold87/X
 sram_inst/hold88/X
 sram_inst/hold89/X
 sram_inst/hold9/X
 sram_inst/hold90/X
 sram_inst/hold91/X
 sram_inst/hold92/X
 sram_inst/hold93/X
 sram_inst/hold94/X
 sram_inst/hold95/X
 sram_inst/hold96/X
 sram_inst/hold97/X
 sram_inst/hold98/X
 sram_inst/hold99/X
 sram_inst/i_sram_90/HI
 sram_inst/i_sram_90/LO
 sram_inst/i_sram_91/HI
 sram_inst/i_sram_91/LO
 sram_inst/i_sram_92/HI
 sram_inst/i_sram_92/LO
 sram_inst/i_sram_93/HI
 sram_inst/i_sram_93/LO
 sram_inst/i_sram_94/HI
 sram_inst/i_sram_94/LO
 sram_inst/i_sram_95/HI
 sram_inst/i_sram_95/LO
 sram_inst/i_sram_96/HI
 sram_inst/i_sram_96/LO
 sram_inst/i_sram_97/HI
 sram_inst/i_sram_97/LO
 sram_inst/i_sram_98/HI
 sram_inst/i_sram_98/LO
 sram_inst/input1/X
 sram_inst/input10/X
 sram_inst/input11/X
 sram_inst/input12/X
 sram_inst/input13/X
 sram_inst/input14/X
 sram_inst/input15/X
 sram_inst/input16/X
 sram_inst/input17/X
 sram_inst/input18/X
 sram_inst/input19/X
 sram_inst/input2/X
 sram_inst/input20/X
 sram_inst/input21/X
 sram_inst/input22/X
 sram_inst/input23/X
 sram_inst/input24/X
 sram_inst/input25/X
 sram_inst/input26/X
 sram_inst/input27/X
 sram_inst/input28/X
 sram_inst/input29/X
 sram_inst/input3/X
 sram_inst/input30/X
 sram_inst/input31/X
 sram_inst/input32/X
 sram_inst/input33/X
 sram_inst/input34/X
 sram_inst/input35/X
 sram_inst/input36/X
 sram_inst/input37/X
 sram_inst/input38/X
 sram_inst/input39/X
 sram_inst/input4/X
 sram_inst/input40/X
 sram_inst/input41/X
 sram_inst/input42/X
 sram_inst/input43/X
 sram_inst/input44/X
 sram_inst/input45/X
 sram_inst/input46/X
 sram_inst/input47/X
 sram_inst/input48/X
 sram_inst/input49/X
 sram_inst/input5/X
 sram_inst/input50/X
 sram_inst/input6/X
 sram_inst/input7/X
 sram_inst/input8/X
 sram_inst/input9/X
 user_project_420/HI
Found 84 partially unannotated drivers.
 wbs_sel_i[0]
  sram_inst/hold90/A
 wbs_sel_i[1]
  sram_inst/hold87/A
 wbs_sel_i[2]
  sram_inst/hold93/A
 wbs_sel_i[3]
  sram_inst/hold96/A
 _5332_/X
  sram_inst/input49/A
 clkbuf_leaf_30_wb_clk_i/X
  sram_inst/clkbuf_0_wb_clk_i/A
 fanout321/X
  sram_inst/hold104/A
 fanout325/X
  sram_inst/hold105/A
 fanout329/X
  sram_inst/hold106/A
 fanout333/X
  sram_inst/hold108/A
 fanout337/X
  sram_inst/hold115/A
 fanout342/X
  sram_inst/hold119/A
 fanout347/X
  sram_inst/hold118/A
 fanout351/X
  sram_inst/hold122/A
 fanout356/X
  sram_inst/hold125/A
 fanout405/X
  sram_inst/input1/A
 input15/X
  sram_inst/hold138/A
 input16/X
  sram_inst/hold137/A
 input17/X
  sram_inst/hold136/A
 input18/X
  sram_inst/hold134/A
 input19/X
  sram_inst/hold135/A
 input20/X
  sram_inst/hold133/A
 input21/X
  sram_inst/hold132/A
 input22/X
  sram_inst/hold131/A
 input23/X
  sram_inst/input12/A
 input25/X
  sram_inst/hold102/A
 input26/X
  sram_inst/hold101/A
 input27/X
  sram_inst/hold100/A
 input28/X
  sram_inst/hold99/A
 input29/X
  sram_inst/hold98/A
 input30/X
  sram_inst/hold97/A
 input31/X
  sram_inst/hold113/A
 input32/X
  sram_inst/hold110/A
 input33/X
  sram_inst/hold107/A
 input34/X
  sram_inst/hold111/A
 input36/X
  sram_inst/hold109/A
 input37/X
  sram_inst/hold114/A
 input38/X
  sram_inst/hold112/A
 input39/X
  sram_inst/hold116/A
 input4/X
  sram_inst/hold130/A
 input40/X
  sram_inst/hold117/A
 input41/X
  sram_inst/hold120/A
 input42/X
  sram_inst/hold124/A
 input43/X
  sram_inst/hold121/A
 input44/X
  sram_inst/hold123/A
 input45/X
  sram_inst/hold126/A
 input47/X
  sram_inst/hold127/A
 input48/X
  sram_inst/hold128/A
 input5/X
  sram_inst/hold129/A
 input55/X
  sram_inst/hold103/A
 input57/X
  sram_inst/input50/A
 sram_inst/output51/X
  _5333_/C
  ANTENNA_sram_inst_wbs_ack_o/DIODE
  ANTENNA__5333__C/DIODE
 sram_inst/output52/X
  _4861_/A1
  ANTENNA_sram_inst_wbs_dat_o\[0\]/DIODE
  ANTENNA__4861__A1/DIODE
 sram_inst/output53/X
  _5145_/A1
 sram_inst/output54/X
  _5157_/A1
 sram_inst/output55/X
  _5168_/A1
 sram_inst/output56/X
  _5179_/A1
 sram_inst/output57/X
  _5181_/B2
 sram_inst/output58/X
  _5196_/B1
  ANTENNA_sram_inst_wbs_dat_o\[15\]/DIODE
  ANTENNA__5196__B1/DIODE
 sram_inst/output59/X
  _5205_/A1
  ANTENNA_sram_inst_wbs_dat_o\[16\]/DIODE
  ANTENNA__5205__A1/DIODE
 sram_inst/output60/X
  _5209_/A1
  ANTENNA_sram_inst_wbs_dat_o\[17\]/DIODE
  ANTENNA__5209__A1/DIODE
 sram_inst/output61/X
  _5214_/A1
  ANTENNA_sram_inst_wbs_dat_o\[18\]/DIODE
  ANTENNA__5214__A1/DIODE
 sram_inst/output62/X
  _5219_/A1
  ANTENNA_sram_inst_wbs_dat_o\[19\]/DIODE
  ANTENNA__5219__A1/DIODE
 sram_inst/output63/X
  _4895_/A1
  ANTENNA_sram_inst_wbs_dat_o\[1\]/DIODE
  ANTENNA__4895__A1/DIODE
 sram_inst/output64/X
  _5223_/A1
  ANTENNA_sram_inst_wbs_dat_o\[20\]/DIODE
  ANTENNA__5223__A1/DIODE
 sram_inst/output65/X
  _5228_/A1
  ANTENNA_sram_inst_wbs_dat_o\[21\]/DIODE
  ANTENNA__5228__A1/DIODE
 sram_inst/output66/X
  _5232_/B2
  ANTENNA_sram_inst_wbs_dat_o\[22\]/DIODE
  ANTENNA__5232__B2/DIODE
 sram_inst/output67/X
  _5237_/A1
 sram_inst/output68/X
  _5241_/A1
  ANTENNA_sram_inst_wbs_dat_o\[24\]/DIODE
  ANTENNA__5241__A1/DIODE
 sram_inst/output69/X
  _5246_/A1
  ANTENNA_sram_inst_wbs_dat_o\[25\]/DIODE
  ANTENNA__5246__A1/DIODE
 sram_inst/output70/X
  _5251_/A1
 sram_inst/output71/X
  _5256_/A1
 sram_inst/output72/X
  _5261_/A1
 sram_inst/output73/X
  _5265_/B2
  ANTENNA_sram_inst_wbs_dat_o\[29\]/DIODE
  ANTENNA__5265__B2/DIODE
 sram_inst/output74/X
  _4919_/D
 sram_inst/output75/X
  _5270_/A1
 sram_inst/output76/X
  _5275_/A1
 sram_inst/output77/X
  _4974_/B2
  ANTENNA_sram_inst_wbs_dat_o\[3\]/DIODE
  ANTENNA__4974__B2/DIODE
 sram_inst/output78/X
  _4996_/A1
  ANTENNA_sram_inst_wbs_dat_o\[4\]/DIODE
  ANTENNA__4996__A1/DIODE
 sram_inst/output79/X
  _5038_/A1
 sram_inst/output80/X
  _5065_/A1
  ANTENNA_sram_inst_wbs_dat_o\[6\]/DIODE
  ANTENNA__5065__A1/DIODE
 sram_inst/output81/X
  _5094_/A1
  ANTENNA_sram_inst_wbs_dat_o\[7\]/DIODE
  ANTENNA__5094__A1/DIODE
 sram_inst/output82/X
  _5117_/A1
  ANTENNA_sram_inst_wbs_dat_o\[8\]/DIODE
  ANTENNA__5117__A1/DIODE
 sram_inst/output83/X
  _5131_/A1

===========================================================================
max slew violation count 204
max fanout violation count 392
max cap violation count 0
============================================================================

===========================================================================
check_setup -verbose -unconstrained_endpoints -multiple_clock -no_clock -no_input_delay -loops -generated_clocks
===========================================================================
Warning: There is 1 input port missing set_input_delay.
  uart_rx
Warning: There are 4 unconstrained endpoints.
  pwm_out
  uart_tx
  user_irq[2]
  _6837_/D
