Clock: clk
Sources: wb_clk_i 
Generated: no
Virtual: yes
Propagated: no
Period: 25.000000

===========================================================================
report_clock_properties
============================================================================
Clock                   Period          Waveform
----------------------------------------------------
clk                  25.000000    0.000000 12.500000

===========================================================================
report_clock_latency
============================================================================
Clock clk
rise -> rise
    min     max
4.650000 5.570000 source latency
5.498245         network latency _6240_/CLK
        6.735622 network latency sram_inst/_45_/CLK
---------------
10.148245 12.305622 latency
        2.157377 skew

fall -> fall
    min     max
4.650000 5.570000 source latency
5.541125         network latency _6240_/CLK
        6.789432 network latency sram_inst/_45_/CLK
---------------
10.191125 12.359431 latency
        2.168307 skew



===========================================================================
report_clock_min_period
============================================================================
clk period_min = 7.94 fmax = 125.87
