[WARNING ORD-0039] .openroad ignored with -python
Unannotated report:
['report_parasitic_annotation -report_unannotated\n',
 '============================================================================\n',
 'Found 98 unannotated drivers.\n',
 ' clkload0/Y\n',
 ' clkload1/X\n',
 ' clkload10/Y\n',
 ' clkload11/Y\n',
 ' clkload12/Y\n',
 ' clkload13/Y\n',
 ' clkload14/Y\n',
 ' clkload15/Y\n',
 ' clkload16/Y\n',
 ' clkload17/Y\n',
 ' clkload18/Y\n',
 ' clkload19/Y\n',
 ' clkload2/Y\n',
 ' clkload20/X\n',
 ' clkload21/Y\n',
 ' clkload22/Y\n',
 ' clkload23/Y\n',
 ' clkload24/Y\n',
 ' clkload25/Y\n',
 ' clkload26/Y\n',
 ' clkload27/Y\n',
 ' clkload28/Y\n',
 ' clkload29/X\n',
 ' clkload3/X\n',
 ' clkload30/Y\n',
 ' clkload31/Y\n',
 ' clkload32/Y\n',
 ' clkload33/Y\n',
 ' clkload34/Y\n',
 ' clkload35/Y\n',
 ' clkload36/Y\n',
 ' clkload37/Y\n',
 ' clkload38/X\n',
 ' clkload39/Y\n',
 ' clkload4/Y\n',
 ' clkload40/Y\n',
 ' clkload41/Y\n',
 ' clkload42/Y\n',
 ' clkload43/Y\n',
 ' clkload44/Y\n',
 ' clkload45/Y\n',
 ' clkload46/Y\n',
 ' clkload47/Y\n',
 ' clkload48/Y\n',
 ' clkload49/Y\n',
 ' clkload5/Y\n',
 ' clkload50/Y\n',
 ' clkload51/Y\n',
 ' clkload52/Y\n',
 ' clkload53/Y\n',
 ' clkload54/Y\n',
 ' clkload55/X\n',
 ' clkload56/Y\n',
 ' clkload57/Y\n',
 ' clkload58/Y\n',
 ' clkload6/Y\n',
 ' clkload7/Y\n',
 ' clkload8/Y\n',
 ' clkload9/Y\n',
 ' user_project_437/HI\n',
 ' user_project_438/HI\n',
 ' user_project_439/HI\n',
 ' user_project_440/LO\n',
 ' user_project_441/LO\n',
 ' user_project_442/LO\n',
 ' user_project_443/LO\n',
 ' user_project_444/LO\n',
 ' user_project_445/LO\n',
 ' user_project_446/LO\n',
 ' user_project_447/LO\n',
 ' user_project_448/LO\n',
 ' user_project_449/LO\n',
 ' user_project_450/LO\n',
 ' user_project_451/LO\n',
 ' user_project_452/LO\n',
 ' user_project_453/LO\n',
 ' user_project_454/LO\n',
 ' user_project_455/LO\n',
 ' user_project_456/LO\n',
 ' user_project_457/LO\n',
 ' user_project_458/LO\n',
 ' user_project_459/LO\n',
 ' user_project_460/LO\n',
 ' user_project_461/LO\n',
 ' user_project_462/LO\n',
 ' user_project_463/LO\n',
 ' user_project_464/LO\n',
 ' user_project_465/LO\n',
 ' user_project_466/LO\n',
 ' user_project_467/LO\n',
 ' user_project_468/LO\n',
 ' user_project_469/LO\n',
 ' user_project_470/LO\n',
 ' user_project_471/LO\n',
 ' user_project_472/LO\n',
 ' user_project_473/LO\n',
 ' user_project_474/LO\n',
 ' user_project_475/LO\n',
 'Found 0 partially unannotated drivers.\n',
 '\n']
Reported nets:
['clkload0/Y',
 'clkload1/X',
 'clkload10/Y',
 'clkload11/Y',
 'clkload12/Y',
 'clkload13/Y',
 'clkload14/Y',
 'clkload15/Y',
 'clkload16/Y',
 'clkload17/Y',
 'clkload18/Y',
 'clkload19/Y',
 'clkload2/Y',
 'clkload20/X',
 'clkload21/Y',
 'clkload22/Y',
 'clkload23/Y',
 'clkload24/Y',
 'clkload25/Y',
 'clkload26/Y',
 'clkload27/Y',
 'clkload28/Y',
 'clkload29/X',
 'clkload3/X',
 'clkload30/Y',
 'clkload31/Y',
 'clkload32/Y',
 'clkload33/Y',
 'clkload34/Y',
 'clkload35/Y',
 'clkload36/Y',
 'clkload37/Y',
 'clkload38/X',
 'clkload39/Y',
 'clkload4/Y',
 'clkload40/Y',
 'clkload41/Y',
 'clkload42/Y',
 'clkload43/Y',
 'clkload44/Y',
 'clkload45/Y',
 'clkload46/Y',
 'clkload47/Y',
 'clkload48/Y',
 'clkload49/Y',
 'clkload5/Y',
 'clkload50/Y',
 'clkload51/Y',
 'clkload52/Y',
 'clkload53/Y',
 'clkload54/Y',
 'clkload55/X',
 'clkload56/Y',
 'clkload57/Y',
 'clkload58/Y',
 'clkload6/Y',
 'clkload7/Y',
 'clkload8/Y',
 'clkload9/Y',
 'user_project_437/HI',
 'user_project_438/HI',
 'user_project_439/HI',
 'user_project_440/LO',
 'user_project_441/LO',
 'user_project_442/LO',
 'user_project_443/LO',
 'user_project_444/LO',
 'user_project_445/LO',
 'user_project_446/LO',
 'user_project_447/LO',
 'user_project_448/LO',
 'user_project_449/LO',
 'user_project_450/LO',
 'user_project_451/LO',
 'user_project_452/LO',
 'user_project_453/LO',
 'user_project_454/LO',
 'user_project_455/LO',
 'user_project_456/LO',
 'user_project_457/LO',
 'user_project_458/LO',
 'user_project_459/LO',
 'user_project_460/LO',
 'user_project_461/LO',
 'user_project_462/LO',
 'user_project_463/LO',
 'user_project_464/LO',
 'user_project_465/LO',
 'user_project_466/LO',
 'user_project_467/LO',
 'user_project_468/LO',
 'user_project_469/LO',
 'user_project_470/LO',
 'user_project_471/LO',
 'user_project_472/LO',
 'user_project_473/LO',
 'user_project_474/LO',
 'user_project_475/LO']
Filtered nets:
[]
done
