Clock: clk
Sources: wb_clk_i 
Generated: no
Virtual: yes
Propagated: no
Period: 25.000000

===========================================================================
report_clock_properties
============================================================================
Clock                   Period          Waveform
----------------------------------------------------
clk                  25.000000    0.000000 12.500000

===========================================================================
report_clock_latency
============================================================================
Clock clk
rise -> rise
    min     max
4.650000 5.570000 source latency
5.584203         network latency mprj/_6645_/CLK
        6.625687 network latency mprj/_6185_/CLK
---------------
10.234203 12.195687 latency
        1.961484 skew

fall -> fall
    min     max
4.650000 5.570000 source latency
5.651757         network latency mprj/_6645_/CLK
        6.652496 network latency mprj/_6185_/CLK
---------------
10.301756 12.222495 latency
        1.920739 skew



===========================================================================
report_clock_min_period
============================================================================
clk period_min = 8.09 fmax = 123.58
