151. Printing statistics.

=== user_project ===

   Number of wires:               4799
   Number of wire bits:           5623
   Number of public wires:         142
   Number of public wire bits:     966
   Number of ports:                 14
   Number of port bits:            112
   Number of memories:               0
   Number of memory bits:            0
   Number of processes:              0
   Number of cells:               5507
     $_ANDNOT_                     763
     $_AND_                         74
     $_MUX_                       1560
     $_NAND_                       113
     $_NOR_                        120
     $_NOT_                        932
     $_ORNOT_                       95
     $_OR_                         703
     $_XNOR_                        45
     $_XOR_                        346
     CF_SRAM_1024x32_wb_wrapper      1
     sky130_fd_sc_hd__dfrtp_2      437
     sky130_fd_sc_hd__dfstp_2       26
     sky130_fd_sc_hd__dfxtp_2      292

   Area for cell type $_NOT_ is unknown!
   Area for cell type $_AND_ is unknown!
   Area for cell type $_NAND_ is unknown!
   Area for cell type $_OR_ is unknown!
   Area for cell type $_NOR_ is unknown!
   Area for cell type $_XOR_ is unknown!
   Area for cell type $_XNOR_ is unknown!
   Area for cell type $_ANDNOT_ is unknown!
   Area for cell type $_ORNOT_ is unknown!
   Area for cell type $_MUX_ is unknown!
   Area for cell type \CF_SRAM_1024x32_wb_wrapper is unknown!

   Chip area for module '\user_project': 18376.374400
     of which used for sequential elements: 18376.374400 (100.00%)

