Clock: clk
Sources: wb_clk_i 
Generated: no
Virtual: yes
Propagated: no
Period: 25.000000

===========================================================================
report_clock_properties
============================================================================
Clock                   Period          Waveform
----------------------------------------------------
clk                  25.000000    0.000000 12.500000

===========================================================================
report_clock_latency
============================================================================
Clock clk
rise -> rise
    min     max
4.650000 5.570000 source latency
4.652202         network latency mprj/wb_clk_i
        5.572202 network latency mprj/wb_clk_i
---------------
9.302202 11.142202 latency
        1.840000 skew

fall -> fall
    min     max
4.650000 5.570000 source latency
4.652201         network latency mprj/wb_clk_i
        5.572201 network latency mprj/wb_clk_i
---------------
9.302200 11.142200 latency
        1.840000 skew



===========================================================================
report_clock_min_period
============================================================================
clk period_min = 0.00 fmax = inf
