Clock: clk
Sources: wb_clk_i 
Generated: no
Virtual: yes
Propagated: no
Period: 25.000000

===========================================================================
report_clock_properties
============================================================================
Clock                   Period          Waveform
----------------------------------------------------
clk                  25.000000    0.000000 12.500000

===========================================================================
report_clock_latency
============================================================================
Clock clk
rise -> rise
    min     max
4.650000 5.570000 source latency
5.266971         network latency mprj/_6645_/CLK
        6.273082 network latency mprj/_6185_/CLK
---------------
9.916970 11.843081 latency
        1.926111 skew

fall -> fall
    min     max
4.650000 5.570000 source latency
5.387696         network latency mprj/_6883_/CLK
        6.366104 network latency mprj/_6185_/CLK
---------------
10.037695 11.936104 latency
        1.898409 skew



===========================================================================
report_clock_min_period
============================================================================
clk period_min = 4.81 fmax = 207.79
