
 /----------------------------------------------------------------------------\
 |  yosys -- Yosys Open SYnthesis Suite                                       |
 |  Copyright (C) 2012 - 2024  Claire Xenia Wolf <claire@yosyshq.com>         |
 |  Distributed under an ISC-like license, type "license" to see terms        |
 \----------------------------------------------------------------------------/
 Yosys 0.46 (git sha1 e97731b9dda91fa5fa53ed87df7c34163ba59a41, clang++ 17.0.6 -fPIC -O3)
Loaded SDC plugin

1. Executing Liberty frontend: /nc/apps/pdk/ciel/sky130/versions/0fe599b2afb6708d281543108caf8310912f54af/sky130A/libs.ref/sky130_fd_sc_hd/lib/sky130_fd_sc_hd__tt_025C_1v80.lib
Imported 428 cell types from liberty file.

2. Executing Verilog-2005 frontend: /workspace/peripheral-example/verilog/gl/user_project.v
Parsing SystemVerilog input from `/workspace/peripheral-example/verilog/gl/user_project.v' to AST representation.
Generating RTLIL representation for module `\user_project'.
Successfully finished Verilog frontend.
[INFO] Using SDC file '/workspace/peripheral-example/openlane/user_project_wrapper/runs/RUN_2025-10-27_23-09-40/06-yosys-synthesis/synthesis.abc.sdc' for ABC…

3. Executing Verilog-2005 frontend: /workspace/peripheral-example/verilog/rtl/defines.v
Parsing SystemVerilog input from `/workspace/peripheral-example/verilog/rtl/defines.v' to AST representation.
Successfully finished Verilog frontend.

4. Executing Verilog-2005 frontend: /workspace/peripheral-example/verilog/rtl/user_project_wrapper.v
Parsing SystemVerilog input from `/workspace/peripheral-example/verilog/rtl/user_project_wrapper.v' to AST representation.
Storing AST representation for module `$abstract\user_project_wrapper'.
Successfully finished Verilog frontend.

5. Executing HIERARCHY pass (managing design hierarchy).

6. Executing AST frontend in derive mode using pre-parsed AST for module `\user_project_wrapper'.
Generating RTLIL representation for module `\user_project_wrapper'.

6.1. Analyzing design hierarchy..
Top module:  \user_project_wrapper

6.2. Analyzing design hierarchy..
Top module:  \user_project_wrapper
Removing unused module `$abstract\user_project_wrapper'.
Removed 1 unused modules.
Renaming module user_project_wrapper to user_project_wrapper.

7. Generating Graphviz representation of design.
Writing dot description to `/workspace/peripheral-example/openlane/user_project_wrapper/runs/RUN_2025-10-27_23-09-40/06-yosys-synthesis/hierarchy.dot'.
Dumping module user_project_wrapper to page 1.

8. Executing PROC_CLEAN pass (remove empty switches from decision trees).
Cleaned up 0 empty switches.

9. Executing PROC_RMDEAD pass (remove dead branches from decision trees).
Removed a total of 0 dead cases.

10. Executing PROC_PRUNE pass (remove redundant assignments in processes).
Removed 0 redundant assignments.
Promoted 0 assignments to connections.

11. Executing PROC_INIT pass (extract init attributes).

12. Executing PROC_ARST pass (detect async resets in processes).

13. Executing PROC_ROM pass (convert switches to ROMs).
Converted 0 switches.

14. Executing PROC_MUX pass (convert decision trees to multiplexers).

15. Executing PROC_DLATCH pass (convert process syncs to latches).

16. Executing PROC_DFF pass (convert process syncs to FFs).

17. Executing PROC_MEMWR pass (convert process memory writes to cells).

18. Executing PROC_CLEAN pass (remove empty switches from decision trees).
Cleaned up 0 empty switches.

19. Executing CHECK pass (checking for obvious problems).
Checking module user_project_wrapper...
Warning: Wire user_project_wrapper.\la_data_out [127] is used but has no driver.
Warning: Wire user_project_wrapper.\la_data_out [126] is used but has no driver.
Warning: Wire user_project_wrapper.\la_data_out [125] is used but has no driver.
Warning: Wire user_project_wrapper.\la_data_out [124] is used but has no driver.
Warning: Wire user_project_wrapper.\la_data_out [123] is used but has no driver.
Warning: Wire user_project_wrapper.\la_data_out [122] is used but has no driver.
Warning: Wire user_project_wrapper.\la_data_out [121] is used but has no driver.
Warning: Wire user_project_wrapper.\la_data_out [120] is used but has no driver.
Warning: Wire user_project_wrapper.\la_data_out [119] is used but has no driver.
Warning: Wire user_project_wrapper.\la_data_out [118] is used but has no driver.
Warning: Wire user_project_wrapper.\la_data_out [117] is used but has no driver.
Warning: Wire user_project_wrapper.\la_data_out [116] is used but has no driver.
Warning: Wire user_project_wrapper.\la_data_out [115] is used but has no driver.
Warning: Wire user_project_wrapper.\la_data_out [114] is used but has no driver.
Warning: Wire user_project_wrapper.\la_data_out [113] is used but has no driver.
Warning: Wire user_project_wrapper.\la_data_out [112] is used but has no driver.
Warning: Wire user_project_wrapper.\la_data_out [111] is used but has no driver.
Warning: Wire user_project_wrapper.\la_data_out [110] is used but has no driver.
Warning: Wire user_project_wrapper.\la_data_out [109] is used but has no driver.
Warning: Wire user_project_wrapper.\la_data_out [108] is used but has no driver.
Warning: Wire user_project_wrapper.\la_data_out [107] is used but has no driver.
Warning: Wire user_project_wrapper.\la_data_out [106] is used but has no driver.
Warning: Wire user_project_wrapper.\la_data_out [105] is used but has no driver.
Warning: Wire user_project_wrapper.\la_data_out [104] is used but has no driver.
Warning: Wire user_project_wrapper.\la_data_out [103] is used but has no driver.
Warning: Wire user_project_wrapper.\la_data_out [102] is used but has no driver.
Warning: Wire user_project_wrapper.\la_data_out [101] is used but has no driver.
Warning: Wire user_project_wrapper.\la_data_out [100] is used but has no driver.
Warning: Wire user_project_wrapper.\la_data_out [99] is used but has no driver.
Warning: Wire user_project_wrapper.\la_data_out [98] is used but has no driver.
Warning: Wire user_project_wrapper.\la_data_out [97] is used but has no driver.
Warning: Wire user_project_wrapper.\la_data_out [96] is used but has no driver.
Warning: Wire user_project_wrapper.\la_data_out [95] is used but has no driver.
Warning: Wire user_project_wrapper.\la_data_out [94] is used but has no driver.
Warning: Wire user_project_wrapper.\la_data_out [93] is used but has no driver.
Warning: Wire user_project_wrapper.\la_data_out [92] is used but has no driver.
Warning: Wire user_project_wrapper.\la_data_out [91] is used but has no driver.
Warning: Wire user_project_wrapper.\la_data_out [90] is used but has no driver.
Warning: Wire user_project_wrapper.\la_data_out [89] is used but has no driver.
Warning: Wire user_project_wrapper.\la_data_out [88] is used but has no driver.
Warning: Wire user_project_wrapper.\la_data_out [87] is used but has no driver.
Warning: Wire user_project_wrapper.\la_data_out [86] is used but has no driver.
Warning: Wire user_project_wrapper.\la_data_out [85] is used but has no driver.
Warning: Wire user_project_wrapper.\la_data_out [84] is used but has no driver.
Warning: Wire user_project_wrapper.\la_data_out [83] is used but has no driver.
Warning: Wire user_project_wrapper.\la_data_out [82] is used but has no driver.
Warning: Wire user_project_wrapper.\la_data_out [81] is used but has no driver.
Warning: Wire user_project_wrapper.\la_data_out [80] is used but has no driver.
Warning: Wire user_project_wrapper.\la_data_out [79] is used but has no driver.
Warning: Wire user_project_wrapper.\la_data_out [78] is used but has no driver.
Warning: Wire user_project_wrapper.\la_data_out [77] is used but has no driver.
Warning: Wire user_project_wrapper.\la_data_out [76] is used but has no driver.
Warning: Wire user_project_wrapper.\la_data_out [75] is used but has no driver.
Warning: Wire user_project_wrapper.\la_data_out [74] is used but has no driver.
Warning: Wire user_project_wrapper.\la_data_out [73] is used but has no driver.
Warning: Wire user_project_wrapper.\la_data_out [72] is used but has no driver.
Warning: Wire user_project_wrapper.\la_data_out [71] is used but has no driver.
Warning: Wire user_project_wrapper.\la_data_out [70] is used but has no driver.
Warning: Wire user_project_wrapper.\la_data_out [69] is used but has no driver.
Warning: Wire user_project_wrapper.\la_data_out [68] is used but has no driver.
Warning: Wire user_project_wrapper.\la_data_out [67] is used but has no driver.
Warning: Wire user_project_wrapper.\la_data_out [66] is used but has no driver.
Warning: Wire user_project_wrapper.\la_data_out [65] is used but has no driver.
Warning: Wire user_project_wrapper.\la_data_out [64] is used but has no driver.
Warning: Wire user_project_wrapper.\la_data_out [63] is used but has no driver.
Warning: Wire user_project_wrapper.\la_data_out [62] is used but has no driver.
Warning: Wire user_project_wrapper.\la_data_out [61] is used but has no driver.
Warning: Wire user_project_wrapper.\la_data_out [60] is used but has no driver.
Warning: Wire user_project_wrapper.\la_data_out [59] is used but has no driver.
Warning: Wire user_project_wrapper.\la_data_out [58] is used but has no driver.
Warning: Wire user_project_wrapper.\la_data_out [57] is used but has no driver.
Warning: Wire user_project_wrapper.\la_data_out [56] is used but has no driver.
Warning: Wire user_project_wrapper.\la_data_out [55] is used but has no driver.
Warning: Wire user_project_wrapper.\la_data_out [54] is used but has no driver.
Warning: Wire user_project_wrapper.\la_data_out [53] is used but has no driver.
Warning: Wire user_project_wrapper.\la_data_out [52] is used but has no driver.
Warning: Wire user_project_wrapper.\la_data_out [51] is used but has no driver.
Warning: Wire user_project_wrapper.\la_data_out [50] is used but has no driver.
Warning: Wire user_project_wrapper.\la_data_out [49] is used but has no driver.
Warning: Wire user_project_wrapper.\la_data_out [48] is used but has no driver.
Warning: Wire user_project_wrapper.\la_data_out [47] is used but has no driver.
Warning: Wire user_project_wrapper.\la_data_out [46] is used but has no driver.
Warning: Wire user_project_wrapper.\la_data_out [45] is used but has no driver.
Warning: Wire user_project_wrapper.\la_data_out [44] is used but has no driver.
Warning: Wire user_project_wrapper.\la_data_out [43] is used but has no driver.
Warning: Wire user_project_wrapper.\la_data_out [42] is used but has no driver.
Warning: Wire user_project_wrapper.\la_data_out [41] is used but has no driver.
Warning: Wire user_project_wrapper.\la_data_out [40] is used but has no driver.
Warning: Wire user_project_wrapper.\la_data_out [39] is used but has no driver.
Warning: Wire user_project_wrapper.\la_data_out [38] is used but has no driver.
Warning: Wire user_project_wrapper.\la_data_out [37] is used but has no driver.
Warning: Wire user_project_wrapper.\la_data_out [36] is used but has no driver.
Warning: Wire user_project_wrapper.\la_data_out [35] is used but has no driver.
Warning: Wire user_project_wrapper.\la_data_out [34] is used but has no driver.
Warning: Wire user_project_wrapper.\la_data_out [33] is used but has no driver.
Warning: Wire user_project_wrapper.\la_data_out [32] is used but has no driver.
Warning: Wire user_project_wrapper.\la_data_out [31] is used but has no driver.
Warning: Wire user_project_wrapper.\la_data_out [30] is used but has no driver.
Warning: Wire user_project_wrapper.\la_data_out [29] is used but has no driver.
Warning: Wire user_project_wrapper.\la_data_out [28] is used but has no driver.
Warning: Wire user_project_wrapper.\la_data_out [27] is used but has no driver.
Warning: Wire user_project_wrapper.\la_data_out [26] is used but has no driver.
Warning: Wire user_project_wrapper.\la_data_out [25] is used but has no driver.
Warning: Wire user_project_wrapper.\la_data_out [24] is used but has no driver.
Warning: Wire user_project_wrapper.\la_data_out [23] is used but has no driver.
Warning: Wire user_project_wrapper.\la_data_out [22] is used but has no driver.
Warning: Wire user_project_wrapper.\la_data_out [21] is used but has no driver.
Warning: Wire user_project_wrapper.\la_data_out [20] is used but has no driver.
Warning: Wire user_project_wrapper.\la_data_out [19] is used but has no driver.
Warning: Wire user_project_wrapper.\la_data_out [18] is used but has no driver.
Warning: Wire user_project_wrapper.\la_data_out [17] is used but has no driver.
Warning: Wire user_project_wrapper.\la_data_out [16] is used but has no driver.
Warning: Wire user_project_wrapper.\la_data_out [15] is used but has no driver.
Warning: Wire user_project_wrapper.\la_data_out [14] is used but has no driver.
Warning: Wire user_project_wrapper.\la_data_out [13] is used but has no driver.
Warning: Wire user_project_wrapper.\la_data_out [12] is used but has no driver.
Warning: Wire user_project_wrapper.\la_data_out [11] is used but has no driver.
Warning: Wire user_project_wrapper.\la_data_out [10] is used but has no driver.
Warning: Wire user_project_wrapper.\la_data_out [9] is used but has no driver.
Warning: Wire user_project_wrapper.\la_data_out [8] is used but has no driver.
Warning: Wire user_project_wrapper.\la_data_out [7] is used but has no driver.
Warning: Wire user_project_wrapper.\la_data_out [6] is used but has no driver.
Warning: Wire user_project_wrapper.\la_data_out [5] is used but has no driver.
Warning: Wire user_project_wrapper.\la_data_out [4] is used but has no driver.
Warning: Wire user_project_wrapper.\la_data_out [3] is used but has no driver.
Warning: Wire user_project_wrapper.\la_data_out [2] is used but has no driver.
Warning: Wire user_project_wrapper.\la_data_out [1] is used but has no driver.
Warning: Wire user_project_wrapper.\la_data_out [0] is used but has no driver.
Warning: Wire user_project_wrapper.\io_out [37] is used but has no driver.
Warning: Wire user_project_wrapper.\io_out [36] is used but has no driver.
Warning: Wire user_project_wrapper.\io_out [35] is used but has no driver.
Warning: Wire user_project_wrapper.\io_out [34] is used but has no driver.
Warning: Wire user_project_wrapper.\io_out [33] is used but has no driver.
Warning: Wire user_project_wrapper.\io_out [32] is used but has no driver.
Warning: Wire user_project_wrapper.\io_out [31] is used but has no driver.
Warning: Wire user_project_wrapper.\io_out [30] is used but has no driver.
Warning: Wire user_project_wrapper.\io_out [29] is used but has no driver.
Warning: Wire user_project_wrapper.\io_out [28] is used but has no driver.
Warning: Wire user_project_wrapper.\io_out [27] is used but has no driver.
Warning: Wire user_project_wrapper.\io_out [26] is used but has no driver.
Warning: Wire user_project_wrapper.\io_out [25] is used but has no driver.
Warning: Wire user_project_wrapper.\io_out [24] is used but has no driver.
Warning: Wire user_project_wrapper.\io_out [23] is used but has no driver.
Warning: Wire user_project_wrapper.\io_out [22] is used but has no driver.
Warning: Wire user_project_wrapper.\io_out [21] is used but has no driver.
Warning: Wire user_project_wrapper.\io_out [20] is used but has no driver.
Warning: Wire user_project_wrapper.\io_out [19] is used but has no driver.
Warning: Wire user_project_wrapper.\io_out [18] is used but has no driver.
Warning: Wire user_project_wrapper.\io_out [17] is used but has no driver.
Warning: Wire user_project_wrapper.\io_out [16] is used but has no driver.
Warning: Wire user_project_wrapper.\io_out [15] is used but has no driver.
Warning: Wire user_project_wrapper.\io_out [14] is used but has no driver.
Warning: Wire user_project_wrapper.\io_out [13] is used but has no driver.
Warning: Wire user_project_wrapper.\io_out [12] is used but has no driver.
Warning: Wire user_project_wrapper.\io_out [11] is used but has no driver.
Warning: Wire user_project_wrapper.\io_out [10] is used but has no driver.
Warning: Wire user_project_wrapper.\io_out [9] is used but has no driver.
Warning: Wire user_project_wrapper.\io_out [8] is used but has no driver.
Warning: Wire user_project_wrapper.\io_out [6] is used but has no driver.
Warning: Wire user_project_wrapper.\io_out [4] is used but has no driver.
Warning: Wire user_project_wrapper.\io_out [3] is used but has no driver.
Warning: Wire user_project_wrapper.\io_out [2] is used but has no driver.
Warning: Wire user_project_wrapper.\io_out [1] is used but has no driver.
Warning: Wire user_project_wrapper.\io_out [0] is used but has no driver.
Found and reported 164 problems.

20. Executing OPT_EXPR pass (perform const folding).
Optimizing module user_project_wrapper.

21. Executing FLATTEN pass (flatten design).

22. Executing SPLITNETS pass (splitting up multi-bit signals).

23. Executing OPT_CLEAN pass (remove unused cells and wires).
Finding unused cells or wires in module \user_project_wrapper..

24. Executing CHECK pass (checking for obvious problems).
Checking module user_project_wrapper...
Warning: Wire user_project_wrapper.\la_data_out [127] is used but has no driver.
Warning: Wire user_project_wrapper.\la_data_out [126] is used but has no driver.
Warning: Wire user_project_wrapper.\la_data_out [125] is used but has no driver.
Warning: Wire user_project_wrapper.\la_data_out [124] is used but has no driver.
Warning: Wire user_project_wrapper.\la_data_out [123] is used but has no driver.
Warning: Wire user_project_wrapper.\la_data_out [122] is used but has no driver.
Warning: Wire user_project_wrapper.\la_data_out [121] is used but has no driver.
Warning: Wire user_project_wrapper.\la_data_out [120] is used but has no driver.
Warning: Wire user_project_wrapper.\la_data_out [119] is used but has no driver.
Warning: Wire user_project_wrapper.\la_data_out [118] is used but has no driver.
Warning: Wire user_project_wrapper.\la_data_out [117] is used but has no driver.
Warning: Wire user_project_wrapper.\la_data_out [116] is used but has no driver.
Warning: Wire user_project_wrapper.\la_data_out [115] is used but has no driver.
Warning: Wire user_project_wrapper.\la_data_out [114] is used but has no driver.
Warning: Wire user_project_wrapper.\la_data_out [113] is used but has no driver.
Warning: Wire user_project_wrapper.\la_data_out [112] is used but has no driver.
Warning: Wire user_project_wrapper.\la_data_out [111] is used but has no driver.
Warning: Wire user_project_wrapper.\la_data_out [110] is used but has no driver.
Warning: Wire user_project_wrapper.\la_data_out [109] is used but has no driver.
Warning: Wire user_project_wrapper.\la_data_out [108] is used but has no driver.
Warning: Wire user_project_wrapper.\la_data_out [107] is used but has no driver.
Warning: Wire user_project_wrapper.\la_data_out [106] is used but has no driver.
Warning: Wire user_project_wrapper.\la_data_out [105] is used but has no driver.
Warning: Wire user_project_wrapper.\la_data_out [104] is used but has no driver.
Warning: Wire user_project_wrapper.\la_data_out [103] is used but has no driver.
Warning: Wire user_project_wrapper.\la_data_out [102] is used but has no driver.
Warning: Wire user_project_wrapper.\la_data_out [101] is used but has no driver.
Warning: Wire user_project_wrapper.\la_data_out [100] is used but has no driver.
Warning: Wire user_project_wrapper.\la_data_out [99] is used but has no driver.
Warning: Wire user_project_wrapper.\la_data_out [98] is used but has no driver.
Warning: Wire user_project_wrapper.\la_data_out [97] is used but has no driver.
Warning: Wire user_project_wrapper.\la_data_out [96] is used but has no driver.
Warning: Wire user_project_wrapper.\la_data_out [95] is used but has no driver.
Warning: Wire user_project_wrapper.\la_data_out [94] is used but has no driver.
Warning: Wire user_project_wrapper.\la_data_out [93] is used but has no driver.
Warning: Wire user_project_wrapper.\la_data_out [92] is used but has no driver.
Warning: Wire user_project_wrapper.\la_data_out [91] is used but has no driver.
Warning: Wire user_project_wrapper.\la_data_out [90] is used but has no driver.
Warning: Wire user_project_wrapper.\la_data_out [89] is used but has no driver.
Warning: Wire user_project_wrapper.\la_data_out [88] is used but has no driver.
Warning: Wire user_project_wrapper.\la_data_out [87] is used but has no driver.
Warning: Wire user_project_wrapper.\la_data_out [86] is used but has no driver.
Warning: Wire user_project_wrapper.\la_data_out [85] is used but has no driver.
Warning: Wire user_project_wrapper.\la_data_out [84] is used but has no driver.
Warning: Wire user_project_wrapper.\la_data_out [83] is used but has no driver.
Warning: Wire user_project_wrapper.\la_data_out [82] is used but has no driver.
Warning: Wire user_project_wrapper.\la_data_out [81] is used but has no driver.
Warning: Wire user_project_wrapper.\la_data_out [80] is used but has no driver.
Warning: Wire user_project_wrapper.\la_data_out [79] is used but has no driver.
Warning: Wire user_project_wrapper.\la_data_out [78] is used but has no driver.
Warning: Wire user_project_wrapper.\la_data_out [77] is used but has no driver.
Warning: Wire user_project_wrapper.\la_data_out [76] is used but has no driver.
Warning: Wire user_project_wrapper.\la_data_out [75] is used but has no driver.
Warning: Wire user_project_wrapper.\la_data_out [74] is used but has no driver.
Warning: Wire user_project_wrapper.\la_data_out [73] is used but has no driver.
Warning: Wire user_project_wrapper.\la_data_out [72] is used but has no driver.
Warning: Wire user_project_wrapper.\la_data_out [71] is used but has no driver.
Warning: Wire user_project_wrapper.\la_data_out [70] is used but has no driver.
Warning: Wire user_project_wrapper.\la_data_out [69] is used but has no driver.
Warning: Wire user_project_wrapper.\la_data_out [68] is used but has no driver.
Warning: Wire user_project_wrapper.\la_data_out [67] is used but has no driver.
Warning: Wire user_project_wrapper.\la_data_out [66] is used but has no driver.
Warning: Wire user_project_wrapper.\la_data_out [65] is used but has no driver.
Warning: Wire user_project_wrapper.\la_data_out [64] is used but has no driver.
Warning: Wire user_project_wrapper.\la_data_out [63] is used but has no driver.
Warning: Wire user_project_wrapper.\la_data_out [62] is used but has no driver.
Warning: Wire user_project_wrapper.\la_data_out [61] is used but has no driver.
Warning: Wire user_project_wrapper.\la_data_out [60] is used but has no driver.
Warning: Wire user_project_wrapper.\la_data_out [59] is used but has no driver.
Warning: Wire user_project_wrapper.\la_data_out [58] is used but has no driver.
Warning: Wire user_project_wrapper.\la_data_out [57] is used but has no driver.
Warning: Wire user_project_wrapper.\la_data_out [56] is used but has no driver.
Warning: Wire user_project_wrapper.\la_data_out [55] is used but has no driver.
Warning: Wire user_project_wrapper.\la_data_out [54] is used but has no driver.
Warning: Wire user_project_wrapper.\la_data_out [53] is used but has no driver.
Warning: Wire user_project_wrapper.\la_data_out [52] is used but has no driver.
Warning: Wire user_project_wrapper.\la_data_out [51] is used but has no driver.
Warning: Wire user_project_wrapper.\la_data_out [50] is used but has no driver.
Warning: Wire user_project_wrapper.\la_data_out [49] is used but has no driver.
Warning: Wire user_project_wrapper.\la_data_out [48] is used but has no driver.
Warning: Wire user_project_wrapper.\la_data_out [47] is used but has no driver.
Warning: Wire user_project_wrapper.\la_data_out [46] is used but has no driver.
Warning: Wire user_project_wrapper.\la_data_out [45] is used but has no driver.
Warning: Wire user_project_wrapper.\la_data_out [44] is used but has no driver.
Warning: Wire user_project_wrapper.\la_data_out [43] is used but has no driver.
Warning: Wire user_project_wrapper.\la_data_out [42] is used but has no driver.
Warning: Wire user_project_wrapper.\la_data_out [41] is used but has no driver.
Warning: Wire user_project_wrapper.\la_data_out [40] is used but has no driver.
Warning: Wire user_project_wrapper.\la_data_out [39] is used but has no driver.
Warning: Wire user_project_wrapper.\la_data_out [38] is used but has no driver.
Warning: Wire user_project_wrapper.\la_data_out [37] is used but has no driver.
Warning: Wire user_project_wrapper.\la_data_out [36] is used but has no driver.
Warning: Wire user_project_wrapper.\la_data_out [35] is used but has no driver.
Warning: Wire user_project_wrapper.\la_data_out [34] is used but has no driver.
Warning: Wire user_project_wrapper.\la_data_out [33] is used but has no driver.
Warning: Wire user_project_wrapper.\la_data_out [32] is used but has no driver.
Warning: Wire user_project_wrapper.\la_data_out [31] is used but has no driver.
Warning: Wire user_project_wrapper.\la_data_out [30] is used but has no driver.
Warning: Wire user_project_wrapper.\la_data_out [29] is used but has no driver.
Warning: Wire user_project_wrapper.\la_data_out [28] is used but has no driver.
Warning: Wire user_project_wrapper.\la_data_out [27] is used but has no driver.
Warning: Wire user_project_wrapper.\la_data_out [26] is used but has no driver.
Warning: Wire user_project_wrapper.\la_data_out [25] is used but has no driver.
Warning: Wire user_project_wrapper.\la_data_out [24] is used but has no driver.
Warning: Wire user_project_wrapper.\la_data_out [23] is used but has no driver.
Warning: Wire user_project_wrapper.\la_data_out [22] is used but has no driver.
Warning: Wire user_project_wrapper.\la_data_out [21] is used but has no driver.
Warning: Wire user_project_wrapper.\la_data_out [20] is used but has no driver.
Warning: Wire user_project_wrapper.\la_data_out [19] is used but has no driver.
Warning: Wire user_project_wrapper.\la_data_out [18] is used but has no driver.
Warning: Wire user_project_wrapper.\la_data_out [17] is used but has no driver.
Warning: Wire user_project_wrapper.\la_data_out [16] is used but has no driver.
Warning: Wire user_project_wrapper.\la_data_out [15] is used but has no driver.
Warning: Wire user_project_wrapper.\la_data_out [14] is used but has no driver.
Warning: Wire user_project_wrapper.\la_data_out [13] is used but has no driver.
Warning: Wire user_project_wrapper.\la_data_out [12] is used but has no driver.
Warning: Wire user_project_wrapper.\la_data_out [11] is used but has no driver.
Warning: Wire user_project_wrapper.\la_data_out [10] is used but has no driver.
Warning: Wire user_project_wrapper.\la_data_out [9] is used but has no driver.
Warning: Wire user_project_wrapper.\la_data_out [8] is used but has no driver.
Warning: Wire user_project_wrapper.\la_data_out [7] is used but has no driver.
Warning: Wire user_project_wrapper.\la_data_out [6] is used but has no driver.
Warning: Wire user_project_wrapper.\la_data_out [5] is used but has no driver.
Warning: Wire user_project_wrapper.\la_data_out [4] is used but has no driver.
Warning: Wire user_project_wrapper.\la_data_out [3] is used but has no driver.
Warning: Wire user_project_wrapper.\la_data_out [2] is used but has no driver.
Warning: Wire user_project_wrapper.\la_data_out [1] is used but has no driver.
Warning: Wire user_project_wrapper.\la_data_out [0] is used but has no driver.
Warning: Wire user_project_wrapper.\io_out [37] is used but has no driver.
Warning: Wire user_project_wrapper.\io_out [36] is used but has no driver.
Warning: Wire user_project_wrapper.\io_out [35] is used but has no driver.
Warning: Wire user_project_wrapper.\io_out [34] is used but has no driver.
Warning: Wire user_project_wrapper.\io_out [33] is used but has no driver.
Warning: Wire user_project_wrapper.\io_out [32] is used but has no driver.
Warning: Wire user_project_wrapper.\io_out [31] is used but has no driver.
Warning: Wire user_project_wrapper.\io_out [30] is used but has no driver.
Warning: Wire user_project_wrapper.\io_out [29] is used but has no driver.
Warning: Wire user_project_wrapper.\io_out [28] is used but has no driver.
Warning: Wire user_project_wrapper.\io_out [27] is used but has no driver.
Warning: Wire user_project_wrapper.\io_out [26] is used but has no driver.
Warning: Wire user_project_wrapper.\io_out [25] is used but has no driver.
Warning: Wire user_project_wrapper.\io_out [24] is used but has no driver.
Warning: Wire user_project_wrapper.\io_out [23] is used but has no driver.
Warning: Wire user_project_wrapper.\io_out [22] is used but has no driver.
Warning: Wire user_project_wrapper.\io_out [21] is used but has no driver.
Warning: Wire user_project_wrapper.\io_out [20] is used but has no driver.
Warning: Wire user_project_wrapper.\io_out [19] is used but has no driver.
Warning: Wire user_project_wrapper.\io_out [18] is used but has no driver.
Warning: Wire user_project_wrapper.\io_out [17] is used but has no driver.
Warning: Wire user_project_wrapper.\io_out [16] is used but has no driver.
Warning: Wire user_project_wrapper.\io_out [15] is used but has no driver.
Warning: Wire user_project_wrapper.\io_out [14] is used but has no driver.
Warning: Wire user_project_wrapper.\io_out [13] is used but has no driver.
Warning: Wire user_project_wrapper.\io_out [12] is used but has no driver.
Warning: Wire user_project_wrapper.\io_out [11] is used but has no driver.
Warning: Wire user_project_wrapper.\io_out [10] is used but has no driver.
Warning: Wire user_project_wrapper.\io_out [9] is used but has no driver.
Warning: Wire user_project_wrapper.\io_out [8] is used but has no driver.
Warning: Wire user_project_wrapper.\io_out [6] is used but has no driver.
Warning: Wire user_project_wrapper.\io_out [4] is used but has no driver.
Warning: Wire user_project_wrapper.\io_out [3] is used but has no driver.
Warning: Wire user_project_wrapper.\io_out [2] is used but has no driver.
Warning: Wire user_project_wrapper.\io_out [1] is used but has no driver.
Warning: Wire user_project_wrapper.\io_out [0] is used but has no driver.
Found and reported 164 problems.
{
   "creator": "Yosys 0.46 (git sha1 e97731b9dda91fa5fa53ed87df7c34163ba59a41, clang++ 17.0.6 -fPIC -O3)",
   "invocation": "stat -json -liberty /workspace/peripheral-example/openlane/user_project_wrapper/runs/RUN_2025-10-27_23-09-40/tmp/19ce9fc3a21d43e0aa5330161b613c91.lib ",
   "modules": {
      "\\user_project_wrapper": {
         "num_wires":         19,
         "num_wire_bits":     637,
         "num_pub_wires":     19,
         "num_pub_wire_bits": 637,
         "num_ports":         19,
         "num_port_bits":     637,
         "num_memories":      0,
         "num_memory_bits":   0,
         "num_processes":     0,
         "num_cells":         1,
         "num_cells_by_type": {
            "user_project": 1
         }
      }
   },
      "design": {
         "num_wires":         19,
         "num_wire_bits":     637,
         "num_pub_wires":     19,
         "num_pub_wire_bits": 637,
         "num_ports":         19,
         "num_port_bits":     637,
         "num_memories":      0,
         "num_memory_bits":   0,
         "num_processes":     0,
         "num_cells":         1,
         "num_cells_by_type": {
            "user_project": 1
         }
      }
}

25. Printing statistics.

=== user_project_wrapper ===

   Number of wires:                 19
   Number of wire bits:            637
   Number of public wires:          19
   Number of public wire bits:     637
   Number of ports:                 19
   Number of port bits:            637
   Number of memories:               0
   Number of memory bits:            0
   Number of processes:              0
   Number of cells:                  1
     user_project                    1

   Area for cell type \user_project is unknown!

26. Executing Verilog backend.

26.1. Executing BMUXMAP pass.

26.2. Executing DEMUXMAP pass.
Dumping module `\user_project_wrapper'.

27. Executing JSON backend.
