[WARNING ORD-0039] .openroad ignored with -python
Using manufacturing grid: 5 Using dbu per mircons: 1000
[WARNING] Bterm vssa2 is declared as a 'GROUND' pin. It will be ignored.
[WARNING] Bterm vdda2 is declared as a 'POWER' pin. It will be ignored.
[WARNING] Bterm vssa1 is declared as a 'GROUND' pin. It will be ignored.
[WARNING] Bterm vdda1 is declared as a 'POWER' pin. It will be ignored.
[WARNING] Bterm vssd2 is declared as a 'GROUND' pin. It will be ignored.
[WARNING] Bterm vccd2 is declared as a 'POWER' pin. It will be ignored.
[WARNING] Bterm vssd1 is declared as a 'GROUND' pin. It will be ignored.
[WARNING] Bterm vccd1 is declared as a 'POWER' pin. It will be ignored.
Found 637 block terminals in existing database...
[INFO ODB-0227] LEF file: /nc/apps/pdk/ciel/sky130/versions/0fe599b2afb6708d281543108caf8310912f54af/sky130A/libs.ref/sky130_fd_sc_hd/techlef/sky130_fd_sc_hd__nom.tlef, created 14 layers, 25 vias
[WARNING ODB-0220] WARNING (LEFPARS-2008): NOWIREEXTENSIONATPIN statement is obsolete in version 5.6 or later.
The NOWIREEXTENSIONATPIN statement will be ignored. See file /nc/apps/pdk/ciel/sky130/versions/0fe599b2afb6708d281543108caf8310912f54af/sky130A/libs.ref/sky130_fd_sc_hd/lef/sky130_ef_sc_hd.lef at line 2.

[INFO ODB-0227] LEF file: /nc/apps/pdk/ciel/sky130/versions/0fe599b2afb6708d281543108caf8310912f54af/sky130A/libs.ref/sky130_fd_sc_hd/lef/sky130_ef_sc_hd.lef, created 4 library cells
[WARNING ODB-0220] WARNING (LEFPARS-2008): NOWIREEXTENSIONATPIN statement is obsolete in version 5.6 or later.
The NOWIREEXTENSIONATPIN statement will be ignored. See file /nc/apps/pdk/ciel/sky130/versions/0fe599b2afb6708d281543108caf8310912f54af/sky130A/libs.ref/sky130_fd_sc_hd/lef/sky130_fd_sc_hd.lef at line 2.

[INFO ODB-0227] LEF file: /nc/apps/pdk/ciel/sky130/versions/0fe599b2afb6708d281543108caf8310912f54af/sky130A/libs.ref/sky130_fd_sc_hd/lef/sky130_fd_sc_hd.lef, created 437 library cells
[INFO ODB-0127] Reading DEF file: /workspace/peripheral-example/openlane/user_project_wrapper/fixed_dont_change/user_project_wrapper.def
[INFO ODB-0128] Design: user_project_wrapper
[INFO ODB-0130]     Created 645 pins.
[INFO ODB-0134] Finished DEF file: /workspace/peripheral-example/openlane/user_project_wrapper/fixed_dont_change/user_project_wrapper.def
Found 645 template_bterms…
Wrote pin analog_io[0] at layer met3 at (2917600, 1426380, 2924800, 1427580, 'PLACED')...
Wrote pin analog_io[10] at layer met2 at (2230490, 3517600, 2231050, 3524800, 'PLACED')...
Wrote pin analog_io[11] at layer met2 at (1905730, 3517600, 1906290, 3524800, 'PLACED')...
Wrote pin analog_io[12] at layer met2 at (1581430, 3517600, 1581990, 3524800, 'PLACED')...
Wrote pin analog_io[13] at layer met2 at (1257130, 3517600, 1257690, 3524800, 'PLACED')...
Wrote pin analog_io[14] at layer met2 at (932370, 3517600, 932930, 3524800, 'PLACED')...
Wrote pin analog_io[15] at layer met2 at (608070, 3517600, 608630, 3524800, 'PLACED')...
Wrote pin analog_io[16] at layer met2 at (283770, 3517600, 284330, 3524800, 'PLACED')...
Wrote pin analog_io[17] at layer met3 at (-4800, 3486100, 2400, 3487300, 'PLACED')...
Wrote pin analog_io[18] at layer met3 at (-4800, 3224980, 2400, 3226180, 'PLACED')...
Wrote pin analog_io[19] at layer met3 at (-4800, 2964540, 2400, 2965740, 'PLACED')...
Wrote pin analog_io[1] at layer met3 at (2917600, 1692260, 2924800, 1693460, 'PLACED')...
Wrote pin analog_io[20] at layer met3 at (-4800, 2703420, 2400, 2704620, 'PLACED')...
Wrote pin analog_io[21] at layer met3 at (-4800, 2442980, 2400, 2444180, 'PLACED')...
Wrote pin analog_io[22] at layer met3 at (-4800, 2182540, 2400, 2183740, 'PLACED')...
Wrote pin analog_io[23] at layer met3 at (-4800, 1921420, 2400, 1922620, 'PLACED')...
Wrote pin analog_io[24] at layer met3 at (-4800, 1660980, 2400, 1662180, 'PLACED')...
Wrote pin analog_io[25] at layer met3 at (-4800, 1399860, 2400, 1401060, 'PLACED')...
Wrote pin analog_io[26] at layer met3 at (-4800, 1139420, 2400, 1140620, 'PLACED')...
Wrote pin analog_io[27] at layer met3 at (-4800, 878980, 2400, 880180, 'PLACED')...
Wrote pin analog_io[28] at layer met3 at (-4800, 617860, 2400, 619060, 'PLACED')...
Wrote pin analog_io[2] at layer met3 at (2917600, 1958140, 2924800, 1959340, 'PLACED')...
Wrote pin analog_io[3] at layer met3 at (2917600, 2223340, 2924800, 2224540, 'PLACED')...
Wrote pin analog_io[4] at layer met3 at (2917600, 2489220, 2924800, 2490420, 'PLACED')...
Wrote pin analog_io[5] at layer met3 at (2917600, 2755100, 2924800, 2756300, 'PLACED')...
Wrote pin analog_io[6] at layer met3 at (2917600, 3020300, 2924800, 3021500, 'PLACED')...
Wrote pin analog_io[7] at layer met3 at (2917600, 3286180, 2924800, 3287380, 'PLACED')...
Wrote pin analog_io[8] at layer met2 at (2879090, 3517600, 2879650, 3524800, 'PLACED')...
Wrote pin analog_io[9] at layer met2 at (2554790, 3517600, 2555350, 3524800, 'PLACED')...
Wrote pin io_in[0] at layer met3 at (2917600, 32380, 2924800, 33580, 'PLACED')...
Wrote pin io_in[10] at layer met3 at (2917600, 2289980, 2924800, 2291180, 'PLACED')...
Wrote pin io_in[11] at layer met3 at (2917600, 2555860, 2924800, 2557060, 'PLACED')...
Wrote pin io_in[12] at layer met3 at (2917600, 2821060, 2924800, 2822260, 'PLACED')...
Wrote pin io_in[13] at layer met3 at (2917600, 3086940, 2924800, 3088140, 'PLACED')...
Wrote pin io_in[14] at layer met3 at (2917600, 3352820, 2924800, 3354020, 'PLACED')...
Wrote pin io_in[15] at layer met2 at (2798130, 3517600, 2798690, 3524800, 'PLACED')...
Wrote pin io_in[16] at layer met2 at (2473830, 3517600, 2474390, 3524800, 'PLACED')...
Wrote pin io_in[17] at layer met2 at (2149070, 3517600, 2149630, 3524800, 'PLACED')...
Wrote pin io_in[18] at layer met2 at (1824770, 3517600, 1825330, 3524800, 'PLACED')...
Wrote pin io_in[19] at layer met2 at (1500470, 3517600, 1501030, 3524800, 'PLACED')...
Wrote pin io_in[1] at layer met3 at (2917600, 230940, 2924800, 232140, 'PLACED')...
Wrote pin io_in[20] at layer met2 at (1175710, 3517600, 1176270, 3524800, 'PLACED')...
Wrote pin io_in[21] at layer met2 at (851410, 3517600, 851970, 3524800, 'PLACED')...
Wrote pin io_in[22] at layer met2 at (527110, 3517600, 527670, 3524800, 'PLACED')...
Wrote pin io_in[23] at layer met2 at (202350, 3517600, 202910, 3524800, 'PLACED')...
Wrote pin io_in[24] at layer met3 at (-4800, 3420820, 2400, 3422020, 'PLACED')...
Wrote pin io_in[25] at layer met3 at (-4800, 3159700, 2400, 3160900, 'PLACED')...
Wrote pin io_in[26] at layer met3 at (-4800, 2899260, 2400, 2900460, 'PLACED')...
Wrote pin io_in[27] at layer met3 at (-4800, 2638820, 2400, 2640020, 'PLACED')...
Wrote pin io_in[28] at layer met3 at (-4800, 2377700, 2400, 2378900, 'PLACED')...
Wrote pin io_in[29] at layer met3 at (-4800, 2117260, 2400, 2118460, 'PLACED')...
Wrote pin io_in[2] at layer met3 at (2917600, 430180, 2924800, 431380, 'PLACED')...
Wrote pin io_in[30] at layer met3 at (-4800, 1856140, 2400, 1857340, 'PLACED')...
Wrote pin io_in[31] at layer met3 at (-4800, 1595700, 2400, 1596900, 'PLACED')...
Wrote pin io_in[32] at layer met3 at (-4800, 1335260, 2400, 1336460, 'PLACED')...
Wrote pin io_in[33] at layer met3 at (-4800, 1074140, 2400, 1075340, 'PLACED')...
Wrote pin io_in[34] at layer met3 at (-4800, 813700, 2400, 814900, 'PLACED')...
Wrote pin io_in[35] at layer met3 at (-4800, 552580, 2400, 553780, 'PLACED')...
Wrote pin io_in[36] at layer met3 at (-4800, 357420, 2400, 358620, 'PLACED')...
Wrote pin io_in[37] at layer met3 at (-4800, 161580, 2400, 162780, 'PLACED')...
Wrote pin io_in[3] at layer met3 at (2917600, 629420, 2924800, 630620, 'PLACED')...
Wrote pin io_in[4] at layer met3 at (2917600, 828660, 2924800, 829860, 'PLACED')...
Wrote pin io_in[5] at layer met3 at (2917600, 1027900, 2924800, 1029100, 'PLACED')...
Wrote pin io_in[6] at layer met3 at (2917600, 1227140, 2924800, 1228340, 'PLACED')...
Wrote pin io_in[7] at layer met3 at (2917600, 1493020, 2924800, 1494220, 'PLACED')...
Wrote pin io_in[8] at layer met3 at (2917600, 1758900, 2924800, 1760100, 'PLACED')...
Wrote pin io_in[9] at layer met3 at (2917600, 2024100, 2924800, 2025300, 'PLACED')...
Wrote pin io_oeb[0] at layer met3 at (2917600, 164980, 2924800, 166180, 'PLACED')...
Wrote pin io_oeb[10] at layer met3 at (2917600, 2422580, 2924800, 2423780, 'PLACED')...
Wrote pin io_oeb[11] at layer met3 at (2917600, 2688460, 2924800, 2689660, 'PLACED')...
Wrote pin io_oeb[12] at layer met3 at (2917600, 2954340, 2924800, 2955540, 'PLACED')...
Wrote pin io_oeb[13] at layer met3 at (2917600, 3219540, 2924800, 3220740, 'PLACED')...
Wrote pin io_oeb[14] at layer met3 at (2917600, 3485420, 2924800, 3486620, 'PLACED')...
Wrote pin io_oeb[15] at layer met2 at (2635750, 3517600, 2636310, 3524800, 'PLACED')...
Wrote pin io_oeb[16] at layer met2 at (2311450, 3517600, 2312010, 3524800, 'PLACED')...
Wrote pin io_oeb[17] at layer met2 at (1987150, 3517600, 1987710, 3524800, 'PLACED')...
Wrote pin io_oeb[18] at layer met2 at (1662390, 3517600, 1662950, 3524800, 'PLACED')...
Wrote pin io_oeb[19] at layer met2 at (1338090, 3517600, 1338650, 3524800, 'PLACED')...
Wrote pin io_oeb[1] at layer met3 at (2917600, 364220, 2924800, 365420, 'PLACED')...
Wrote pin io_oeb[20] at layer met2 at (1013790, 3517600, 1014350, 3524800, 'PLACED')...
Wrote pin io_oeb[21] at layer met2 at (689030, 3517600, 689590, 3524800, 'PLACED')...
Wrote pin io_oeb[22] at layer met2 at (364730, 3517600, 365290, 3524800, 'PLACED')...
Wrote pin io_oeb[23] at layer met2 at (40430, 3517600, 40990, 3524800, 'PLACED')...
Wrote pin io_oeb[24] at layer met3 at (-4800, 3290260, 2400, 3291460, 'PLACED')...
Wrote pin io_oeb[25] at layer met3 at (-4800, 3029820, 2400, 3031020, 'PLACED')...
Wrote pin io_oeb[26] at layer met3 at (-4800, 2768700, 2400, 2769900, 'PLACED')...
Wrote pin io_oeb[27] at layer met3 at (-4800, 2508260, 2400, 2509460, 'PLACED')...
Wrote pin io_oeb[28] at layer met3 at (-4800, 2247140, 2400, 2248340, 'PLACED')...
Wrote pin io_oeb[29] at layer met3 at (-4800, 1986700, 2400, 1987900, 'PLACED')...
Wrote pin io_oeb[2] at layer met3 at (2917600, 563460, 2924800, 564660, 'PLACED')...
Wrote pin io_oeb[30] at layer met3 at (-4800, 1726260, 2400, 1727460, 'PLACED')...
Wrote pin io_oeb[31] at layer met3 at (-4800, 1465140, 2400, 1466340, 'PLACED')...
Wrote pin io_oeb[32] at layer met3 at (-4800, 1204700, 2400, 1205900, 'PLACED')...
Wrote pin io_oeb[33] at layer met3 at (-4800, 943580, 2400, 944780, 'PLACED')...
Wrote pin io_oeb[34] at layer met3 at (-4800, 683140, 2400, 684340, 'PLACED')...
Wrote pin io_oeb[35] at layer met3 at (-4800, 422700, 2400, 423900, 'PLACED')...
Wrote pin io_oeb[36] at layer met3 at (-4800, 226860, 2400, 228060, 'PLACED')...
Wrote pin io_oeb[37] at layer met3 at (-4800, 31700, 2400, 32900, 'PLACED')...
Wrote pin io_oeb[3] at layer met3 at (2917600, 762700, 2924800, 763900, 'PLACED')...
Wrote pin io_oeb[4] at layer met3 at (2917600, 961940, 2924800, 963140, 'PLACED')...
Wrote pin io_oeb[5] at layer met3 at (2917600, 1161180, 2924800, 1162380, 'PLACED')...
Wrote pin io_oeb[6] at layer met3 at (2917600, 1360420, 2924800, 1361620, 'PLACED')...
Wrote pin io_oeb[7] at layer met3 at (2917600, 1625620, 2924800, 1626820, 'PLACED')...
Wrote pin io_oeb[8] at layer met3 at (2917600, 1891500, 2924800, 1892700, 'PLACED')...
Wrote pin io_oeb[9] at layer met3 at (2917600, 2157380, 2924800, 2158580, 'PLACED')...
Wrote pin io_out[0] at layer met3 at (2917600, 98340, 2924800, 99540, 'PLACED')...
Wrote pin io_out[10] at layer met3 at (2917600, 2356620, 2924800, 2357820, 'PLACED')...
Wrote pin io_out[11] at layer met3 at (2917600, 2621820, 2924800, 2623020, 'PLACED')...
Wrote pin io_out[12] at layer met3 at (2917600, 2887700, 2924800, 2888900, 'PLACED')...
Wrote pin io_out[13] at layer met3 at (2917600, 3153580, 2924800, 3154780, 'PLACED')...
Wrote pin io_out[14] at layer met3 at (2917600, 3418780, 2924800, 3419980, 'PLACED')...
Wrote pin io_out[15] at layer met2 at (2717170, 3517600, 2717730, 3524800, 'PLACED')...
Wrote pin io_out[16] at layer met2 at (2392410, 3517600, 2392970, 3524800, 'PLACED')...
Wrote pin io_out[17] at layer met2 at (2068110, 3517600, 2068670, 3524800, 'PLACED')...
Wrote pin io_out[18] at layer met2 at (1743810, 3517600, 1744370, 3524800, 'PLACED')...
Wrote pin io_out[19] at layer met2 at (1419050, 3517600, 1419610, 3524800, 'PLACED')...
Wrote pin io_out[1] at layer met3 at (2917600, 297580, 2924800, 298780, 'PLACED')...
Wrote pin io_out[20] at layer met2 at (1094750, 3517600, 1095310, 3524800, 'PLACED')...
Wrote pin io_out[21] at layer met2 at (770450, 3517600, 771010, 3524800, 'PLACED')...
Wrote pin io_out[22] at layer met2 at (445690, 3517600, 446250, 3524800, 'PLACED')...
Wrote pin io_out[23] at layer met2 at (121390, 3517600, 121950, 3524800, 'PLACED')...
Wrote pin io_out[24] at layer met3 at (-4800, 3355540, 2400, 3356740, 'PLACED')...
Wrote pin io_out[25] at layer met3 at (-4800, 3095100, 2400, 3096300, 'PLACED')...
Wrote pin io_out[26] at layer met3 at (-4800, 2833980, 2400, 2835180, 'PLACED')...
Wrote pin io_out[27] at layer met3 at (-4800, 2573540, 2400, 2574740, 'PLACED')...
Wrote pin io_out[28] at layer met3 at (-4800, 2312420, 2400, 2313620, 'PLACED')...
Wrote pin io_out[29] at layer met3 at (-4800, 2051980, 2400, 2053180, 'PLACED')...
Wrote pin io_out[2] at layer met3 at (2917600, 496820, 2924800, 498020, 'PLACED')...
Wrote pin io_out[30] at layer met3 at (-4800, 1791540, 2400, 1792740, 'PLACED')...
Wrote pin io_out[31] at layer met3 at (-4800, 1530420, 2400, 1531620, 'PLACED')...
Wrote pin io_out[32] at layer met3 at (-4800, 1269980, 2400, 1271180, 'PLACED')...
Wrote pin io_out[33] at layer met3 at (-4800, 1008860, 2400, 1010060, 'PLACED')...
Wrote pin io_out[34] at layer met3 at (-4800, 748420, 2400, 749620, 'PLACED')...
Wrote pin io_out[35] at layer met3 at (-4800, 487300, 2400, 488500, 'PLACED')...
Wrote pin io_out[36] at layer met3 at (-4800, 292140, 2400, 293340, 'PLACED')...
Wrote pin io_out[37] at layer met3 at (-4800, 96300, 2400, 97500, 'PLACED')...
Wrote pin io_out[3] at layer met3 at (2917600, 696060, 2924800, 697260, 'PLACED')...
Wrote pin io_out[4] at layer met3 at (2917600, 895300, 2924800, 896500, 'PLACED')...
Wrote pin io_out[5] at layer met3 at (2917600, 1094540, 2924800, 1095740, 'PLACED')...
Wrote pin io_out[6] at layer met3 at (2917600, 1293780, 2924800, 1294980, 'PLACED')...
Wrote pin io_out[7] at layer met3 at (2917600, 1559660, 2924800, 1560860, 'PLACED')...
Wrote pin io_out[8] at layer met3 at (2917600, 1824860, 2924800, 1826060, 'PLACED')...
Wrote pin io_out[9] at layer met3 at (2917600, 2090740, 2924800, 2091940, 'PLACED')...
Wrote pin la_data_in[0] at layer met2 at (629230, -4800, 629790, 2400, 'PLACED')...
Wrote pin la_data_in[100] at layer met2 at (2402530, -4800, 2403090, 2400, 'PLACED')...
Wrote pin la_data_in[101] at layer met2 at (2420010, -4800, 2420570, 2400, 'PLACED')...
Wrote pin la_data_in[102] at layer met2 at (2437950, -4800, 2438510, 2400, 'PLACED')...
Wrote pin la_data_in[103] at layer met2 at (2455430, -4800, 2455990, 2400, 'PLACED')...
Wrote pin la_data_in[104] at layer met2 at (2473370, -4800, 2473930, 2400, 'PLACED')...
Wrote pin la_data_in[105] at layer met2 at (2490850, -4800, 2491410, 2400, 'PLACED')...
Wrote pin la_data_in[106] at layer met2 at (2508790, -4800, 2509350, 2400, 'PLACED')...
Wrote pin la_data_in[107] at layer met2 at (2526730, -4800, 2527290, 2400, 'PLACED')...
Wrote pin la_data_in[108] at layer met2 at (2544210, -4800, 2544770, 2400, 'PLACED')...
Wrote pin la_data_in[109] at layer met2 at (2562150, -4800, 2562710, 2400, 'PLACED')...
Wrote pin la_data_in[10] at layer met2 at (806330, -4800, 806890, 2400, 'PLACED')...
Wrote pin la_data_in[110] at layer met2 at (2579630, -4800, 2580190, 2400, 'PLACED')...
Wrote pin la_data_in[111] at layer met2 at (2597570, -4800, 2598130, 2400, 'PLACED')...
Wrote pin la_data_in[112] at layer met2 at (2615050, -4800, 2615610, 2400, 'PLACED')...
Wrote pin la_data_in[113] at layer met2 at (2632990, -4800, 2633550, 2400, 'PLACED')...
Wrote pin la_data_in[114] at layer met2 at (2650470, -4800, 2651030, 2400, 'PLACED')...
Wrote pin la_data_in[115] at layer met2 at (2668410, -4800, 2668970, 2400, 'PLACED')...
Wrote pin la_data_in[116] at layer met2 at (2685890, -4800, 2686450, 2400, 'PLACED')...
Wrote pin la_data_in[117] at layer met2 at (2703830, -4800, 2704390, 2400, 'PLACED')...
Wrote pin la_data_in[118] at layer met2 at (2721770, -4800, 2722330, 2400, 'PLACED')...
Wrote pin la_data_in[119] at layer met2 at (2739250, -4800, 2739810, 2400, 'PLACED')...
Wrote pin la_data_in[11] at layer met2 at (824270, -4800, 824830, 2400, 'PLACED')...
Wrote pin la_data_in[120] at layer met2 at (2757190, -4800, 2757750, 2400, 'PLACED')...
Wrote pin la_data_in[121] at layer met2 at (2774670, -4800, 2775230, 2400, 'PLACED')...
Wrote pin la_data_in[122] at layer met2 at (2792610, -4800, 2793170, 2400, 'PLACED')...
Wrote pin la_data_in[123] at layer met2 at (2810090, -4800, 2810650, 2400, 'PLACED')...
Wrote pin la_data_in[124] at layer met2 at (2828030, -4800, 2828590, 2400, 'PLACED')...
Wrote pin la_data_in[125] at layer met2 at (2845510, -4800, 2846070, 2400, 'PLACED')...
Wrote pin la_data_in[126] at layer met2 at (2863450, -4800, 2864010, 2400, 'PLACED')...
Wrote pin la_data_in[127] at layer met2 at (2881390, -4800, 2881950, 2400, 'PLACED')...
Wrote pin la_data_in[12] at layer met2 at (841750, -4800, 842310, 2400, 'PLACED')...
Wrote pin la_data_in[13] at layer met2 at (859690, -4800, 860250, 2400, 'PLACED')...
Wrote pin la_data_in[14] at layer met2 at (877170, -4800, 877730, 2400, 'PLACED')...
Wrote pin la_data_in[15] at layer met2 at (895110, -4800, 895670, 2400, 'PLACED')...
Wrote pin la_data_in[16] at layer met2 at (912590, -4800, 913150, 2400, 'PLACED')...
Wrote pin la_data_in[17] at layer met2 at (930530, -4800, 931090, 2400, 'PLACED')...
Wrote pin la_data_in[18] at layer met2 at (948470, -4800, 949030, 2400, 'PLACED')...
Wrote pin la_data_in[19] at layer met2 at (965950, -4800, 966510, 2400, 'PLACED')...
Wrote pin la_data_in[1] at layer met2 at (646710, -4800, 647270, 2400, 'PLACED')...
Wrote pin la_data_in[20] at layer met2 at (983890, -4800, 984450, 2400, 'PLACED')...
Wrote pin la_data_in[21] at layer met2 at (1001370, -4800, 1001930, 2400, 'PLACED')...
Wrote pin la_data_in[22] at layer met2 at (1019310, -4800, 1019870, 2400, 'PLACED')...
Wrote pin la_data_in[23] at layer met2 at (1036790, -4800, 1037350, 2400, 'PLACED')...
Wrote pin la_data_in[24] at layer met2 at (1054730, -4800, 1055290, 2400, 'PLACED')...
Wrote pin la_data_in[25] at layer met2 at (1072210, -4800, 1072770, 2400, 'PLACED')...
Wrote pin la_data_in[26] at layer met2 at (1090150, -4800, 1090710, 2400, 'PLACED')...
Wrote pin la_data_in[27] at layer met2 at (1107630, -4800, 1108190, 2400, 'PLACED')...
Wrote pin la_data_in[28] at layer met2 at (1125570, -4800, 1126130, 2400, 'PLACED')...
Wrote pin la_data_in[29] at layer met2 at (1143510, -4800, 1144070, 2400, 'PLACED')...
Wrote pin la_data_in[2] at layer met2 at (664650, -4800, 665210, 2400, 'PLACED')...
Wrote pin la_data_in[30] at layer met2 at (1160990, -4800, 1161550, 2400, 'PLACED')...
Wrote pin la_data_in[31] at layer met2 at (1178930, -4800, 1179490, 2400, 'PLACED')...
Wrote pin la_data_in[32] at layer met2 at (1196410, -4800, 1196970, 2400, 'PLACED')...
Wrote pin la_data_in[33] at layer met2 at (1214350, -4800, 1214910, 2400, 'PLACED')...
Wrote pin la_data_in[34] at layer met2 at (1231830, -4800, 1232390, 2400, 'PLACED')...
Wrote pin la_data_in[35] at layer met2 at (1249770, -4800, 1250330, 2400, 'PLACED')...
Wrote pin la_data_in[36] at layer met2 at (1267250, -4800, 1267810, 2400, 'PLACED')...
Wrote pin la_data_in[37] at layer met2 at (1285190, -4800, 1285750, 2400, 'PLACED')...
Wrote pin la_data_in[38] at layer met2 at (1303130, -4800, 1303690, 2400, 'PLACED')...
Wrote pin la_data_in[39] at layer met2 at (1320610, -4800, 1321170, 2400, 'PLACED')...
Wrote pin la_data_in[3] at layer met2 at (682130, -4800, 682690, 2400, 'PLACED')...
Wrote pin la_data_in[40] at layer met2 at (1338550, -4800, 1339110, 2400, 'PLACED')...
Wrote pin la_data_in[41] at layer met2 at (1356030, -4800, 1356590, 2400, 'PLACED')...
Wrote pin la_data_in[42] at layer met2 at (1373970, -4800, 1374530, 2400, 'PLACED')...
Wrote pin la_data_in[43] at layer met2 at (1391450, -4800, 1392010, 2400, 'PLACED')...
Wrote pin la_data_in[44] at layer met2 at (1409390, -4800, 1409950, 2400, 'PLACED')...
Wrote pin la_data_in[45] at layer met2 at (1426870, -4800, 1427430, 2400, 'PLACED')...
Wrote pin la_data_in[46] at layer met2 at (1444810, -4800, 1445370, 2400, 'PLACED')...
Wrote pin la_data_in[47] at layer met2 at (1462750, -4800, 1463310, 2400, 'PLACED')...
Wrote pin la_data_in[48] at layer met2 at (1480230, -4800, 1480790, 2400, 'PLACED')...
Wrote pin la_data_in[49] at layer met2 at (1498170, -4800, 1498730, 2400, 'PLACED')...
Wrote pin la_data_in[4] at layer met2 at (700070, -4800, 700630, 2400, 'PLACED')...
Wrote pin la_data_in[50] at layer met2 at (1515650, -4800, 1516210, 2400, 'PLACED')...
Wrote pin la_data_in[51] at layer met2 at (1533590, -4800, 1534150, 2400, 'PLACED')...
Wrote pin la_data_in[52] at layer met2 at (1551070, -4800, 1551630, 2400, 'PLACED')...
Wrote pin la_data_in[53] at layer met2 at (1569010, -4800, 1569570, 2400, 'PLACED')...
Wrote pin la_data_in[54] at layer met2 at (1586490, -4800, 1587050, 2400, 'PLACED')...
Wrote pin la_data_in[55] at layer met2 at (1604430, -4800, 1604990, 2400, 'PLACED')...
Wrote pin la_data_in[56] at layer met2 at (1621910, -4800, 1622470, 2400, 'PLACED')...
Wrote pin la_data_in[57] at layer met2 at (1639850, -4800, 1640410, 2400, 'PLACED')...
Wrote pin la_data_in[58] at layer met2 at (1657790, -4800, 1658350, 2400, 'PLACED')...
Wrote pin la_data_in[59] at layer met2 at (1675270, -4800, 1675830, 2400, 'PLACED')...
Wrote pin la_data_in[5] at layer met2 at (717550, -4800, 718110, 2400, 'PLACED')...
Wrote pin la_data_in[60] at layer met2 at (1693210, -4800, 1693770, 2400, 'PLACED')...
Wrote pin la_data_in[61] at layer met2 at (1710690, -4800, 1711250, 2400, 'PLACED')...
Wrote pin la_data_in[62] at layer met2 at (1728630, -4800, 1729190, 2400, 'PLACED')...
Wrote pin la_data_in[63] at layer met2 at (1746110, -4800, 1746670, 2400, 'PLACED')...
Wrote pin la_data_in[64] at layer met2 at (1764050, -4800, 1764610, 2400, 'PLACED')...
Wrote pin la_data_in[65] at layer met2 at (1781530, -4800, 1782090, 2400, 'PLACED')...
Wrote pin la_data_in[66] at layer met2 at (1799470, -4800, 1800030, 2400, 'PLACED')...
Wrote pin la_data_in[67] at layer met2 at (1817410, -4800, 1817970, 2400, 'PLACED')...
Wrote pin la_data_in[68] at layer met2 at (1834890, -4800, 1835450, 2400, 'PLACED')...
Wrote pin la_data_in[69] at layer met2 at (1852830, -4800, 1853390, 2400, 'PLACED')...
Wrote pin la_data_in[6] at layer met2 at (735490, -4800, 736050, 2400, 'PLACED')...
Wrote pin la_data_in[70] at layer met2 at (1870310, -4800, 1870870, 2400, 'PLACED')...
Wrote pin la_data_in[71] at layer met2 at (1888250, -4800, 1888810, 2400, 'PLACED')...
Wrote pin la_data_in[72] at layer met2 at (1905730, -4800, 1906290, 2400, 'PLACED')...
Wrote pin la_data_in[73] at layer met2 at (1923670, -4800, 1924230, 2400, 'PLACED')...
Wrote pin la_data_in[74] at layer met2 at (1941150, -4800, 1941710, 2400, 'PLACED')...
Wrote pin la_data_in[75] at layer met2 at (1959090, -4800, 1959650, 2400, 'PLACED')...
Wrote pin la_data_in[76] at layer met2 at (1976570, -4800, 1977130, 2400, 'PLACED')...
Wrote pin la_data_in[77] at layer met2 at (1994510, -4800, 1995070, 2400, 'PLACED')...
Wrote pin la_data_in[78] at layer met2 at (2012450, -4800, 2013010, 2400, 'PLACED')...
Wrote pin la_data_in[79] at layer met2 at (2029930, -4800, 2030490, 2400, 'PLACED')...
Wrote pin la_data_in[7] at layer met2 at (752970, -4800, 753530, 2400, 'PLACED')...
Wrote pin la_data_in[80] at layer met2 at (2047870, -4800, 2048430, 2400, 'PLACED')...
Wrote pin la_data_in[81] at layer met2 at (2065350, -4800, 2065910, 2400, 'PLACED')...
Wrote pin la_data_in[82] at layer met2 at (2083290, -4800, 2083850, 2400, 'PLACED')...
Wrote pin la_data_in[83] at layer met2 at (2100770, -4800, 2101330, 2400, 'PLACED')...
Wrote pin la_data_in[84] at layer met2 at (2118710, -4800, 2119270, 2400, 'PLACED')...
Wrote pin la_data_in[85] at layer met2 at (2136190, -4800, 2136750, 2400, 'PLACED')...
Wrote pin la_data_in[86] at layer met2 at (2154130, -4800, 2154690, 2400, 'PLACED')...
Wrote pin la_data_in[87] at layer met2 at (2172070, -4800, 2172630, 2400, 'PLACED')...
Wrote pin la_data_in[88] at layer met2 at (2189550, -4800, 2190110, 2400, 'PLACED')...
Wrote pin la_data_in[89] at layer met2 at (2207490, -4800, 2208050, 2400, 'PLACED')...
Wrote pin la_data_in[8] at layer met2 at (770910, -4800, 771470, 2400, 'PLACED')...
Wrote pin la_data_in[90] at layer met2 at (2224970, -4800, 2225530, 2400, 'PLACED')...
Wrote pin la_data_in[91] at layer met2 at (2242910, -4800, 2243470, 2400, 'PLACED')...
Wrote pin la_data_in[92] at layer met2 at (2260390, -4800, 2260950, 2400, 'PLACED')...
Wrote pin la_data_in[93] at layer met2 at (2278330, -4800, 2278890, 2400, 'PLACED')...
Wrote pin la_data_in[94] at layer met2 at (2295810, -4800, 2296370, 2400, 'PLACED')...
Wrote pin la_data_in[95] at layer met2 at (2313750, -4800, 2314310, 2400, 'PLACED')...
Wrote pin la_data_in[96] at layer met2 at (2331230, -4800, 2331790, 2400, 'PLACED')...
Wrote pin la_data_in[97] at layer met2 at (2349170, -4800, 2349730, 2400, 'PLACED')...
Wrote pin la_data_in[98] at layer met2 at (2367110, -4800, 2367670, 2400, 'PLACED')...
Wrote pin la_data_in[99] at layer met2 at (2384590, -4800, 2385150, 2400, 'PLACED')...
Wrote pin la_data_in[9] at layer met2 at (788850, -4800, 789410, 2400, 'PLACED')...
Wrote pin la_data_out[0] at layer met2 at (634750, -4800, 635310, 2400, 'PLACED')...
Wrote pin la_data_out[100] at layer met2 at (2408510, -4800, 2409070, 2400, 'PLACED')...
Wrote pin la_data_out[101] at layer met2 at (2425990, -4800, 2426550, 2400, 'PLACED')...
Wrote pin la_data_out[102] at layer met2 at (2443930, -4800, 2444490, 2400, 'PLACED')...
Wrote pin la_data_out[103] at layer met2 at (2461410, -4800, 2461970, 2400, 'PLACED')...
Wrote pin la_data_out[104] at layer met2 at (2479350, -4800, 2479910, 2400, 'PLACED')...
Wrote pin la_data_out[105] at layer met2 at (2496830, -4800, 2497390, 2400, 'PLACED')...
Wrote pin la_data_out[106] at layer met2 at (2514770, -4800, 2515330, 2400, 'PLACED')...
Wrote pin la_data_out[107] at layer met2 at (2532250, -4800, 2532810, 2400, 'PLACED')...
Wrote pin la_data_out[108] at layer met2 at (2550190, -4800, 2550750, 2400, 'PLACED')...
Wrote pin la_data_out[109] at layer met2 at (2567670, -4800, 2568230, 2400, 'PLACED')...
Wrote pin la_data_out[10] at layer met2 at (812310, -4800, 812870, 2400, 'PLACED')...
Wrote pin la_data_out[110] at layer met2 at (2585610, -4800, 2586170, 2400, 'PLACED')...
Wrote pin la_data_out[111] at layer met2 at (2603550, -4800, 2604110, 2400, 'PLACED')...
Wrote pin la_data_out[112] at layer met2 at (2621030, -4800, 2621590, 2400, 'PLACED')...
Wrote pin la_data_out[113] at layer met2 at (2638970, -4800, 2639530, 2400, 'PLACED')...
Wrote pin la_data_out[114] at layer met2 at (2656450, -4800, 2657010, 2400, 'PLACED')...
Wrote pin la_data_out[115] at layer met2 at (2674390, -4800, 2674950, 2400, 'PLACED')...
Wrote pin la_data_out[116] at layer met2 at (2691870, -4800, 2692430, 2400, 'PLACED')...
Wrote pin la_data_out[117] at layer met2 at (2709810, -4800, 2710370, 2400, 'PLACED')...
Wrote pin la_data_out[118] at layer met2 at (2727290, -4800, 2727850, 2400, 'PLACED')...
Wrote pin la_data_out[119] at layer met2 at (2745230, -4800, 2745790, 2400, 'PLACED')...
Wrote pin la_data_out[11] at layer met2 at (830250, -4800, 830810, 2400, 'PLACED')...
Wrote pin la_data_out[120] at layer met2 at (2763170, -4800, 2763730, 2400, 'PLACED')...
Wrote pin la_data_out[121] at layer met2 at (2780650, -4800, 2781210, 2400, 'PLACED')...
Wrote pin la_data_out[122] at layer met2 at (2798590, -4800, 2799150, 2400, 'PLACED')...
Wrote pin la_data_out[123] at layer met2 at (2816070, -4800, 2816630, 2400, 'PLACED')...
Wrote pin la_data_out[124] at layer met2 at (2834010, -4800, 2834570, 2400, 'PLACED')...
Wrote pin la_data_out[125] at layer met2 at (2851490, -4800, 2852050, 2400, 'PLACED')...
Wrote pin la_data_out[126] at layer met2 at (2869430, -4800, 2869990, 2400, 'PLACED')...
Wrote pin la_data_out[127] at layer met2 at (2886910, -4800, 2887470, 2400, 'PLACED')...
Wrote pin la_data_out[12] at layer met2 at (847730, -4800, 848290, 2400, 'PLACED')...
Wrote pin la_data_out[13] at layer met2 at (865670, -4800, 866230, 2400, 'PLACED')...
Wrote pin la_data_out[14] at layer met2 at (883150, -4800, 883710, 2400, 'PLACED')...
Wrote pin la_data_out[15] at layer met2 at (901090, -4800, 901650, 2400, 'PLACED')...
Wrote pin la_data_out[16] at layer met2 at (918570, -4800, 919130, 2400, 'PLACED')...
Wrote pin la_data_out[17] at layer met2 at (936510, -4800, 937070, 2400, 'PLACED')...
Wrote pin la_data_out[18] at layer met2 at (953990, -4800, 954550, 2400, 'PLACED')...
Wrote pin la_data_out[19] at layer met2 at (971930, -4800, 972490, 2400, 'PLACED')...
Wrote pin la_data_out[1] at layer met2 at (652690, -4800, 653250, 2400, 'PLACED')...
Wrote pin la_data_out[20] at layer met2 at (989410, -4800, 989970, 2400, 'PLACED')...
Wrote pin la_data_out[21] at layer met2 at (1007350, -4800, 1007910, 2400, 'PLACED')...
Wrote pin la_data_out[22] at layer met2 at (1025290, -4800, 1025850, 2400, 'PLACED')...
Wrote pin la_data_out[23] at layer met2 at (1042770, -4800, 1043330, 2400, 'PLACED')...
Wrote pin la_data_out[24] at layer met2 at (1060710, -4800, 1061270, 2400, 'PLACED')...
Wrote pin la_data_out[25] at layer met2 at (1078190, -4800, 1078750, 2400, 'PLACED')...
Wrote pin la_data_out[26] at layer met2 at (1096130, -4800, 1096690, 2400, 'PLACED')...
Wrote pin la_data_out[27] at layer met2 at (1113610, -4800, 1114170, 2400, 'PLACED')...
Wrote pin la_data_out[28] at layer met2 at (1131550, -4800, 1132110, 2400, 'PLACED')...
Wrote pin la_data_out[29] at layer met2 at (1149030, -4800, 1149590, 2400, 'PLACED')...
Wrote pin la_data_out[2] at layer met2 at (670630, -4800, 671190, 2400, 'PLACED')...
Wrote pin la_data_out[30] at layer met2 at (1166970, -4800, 1167530, 2400, 'PLACED')...
Wrote pin la_data_out[31] at layer met2 at (1184910, -4800, 1185470, 2400, 'PLACED')...
Wrote pin la_data_out[32] at layer met2 at (1202390, -4800, 1202950, 2400, 'PLACED')...
Wrote pin la_data_out[33] at layer met2 at (1220330, -4800, 1220890, 2400, 'PLACED')...
Wrote pin la_data_out[34] at layer met2 at (1237810, -4800, 1238370, 2400, 'PLACED')...
Wrote pin la_data_out[35] at layer met2 at (1255750, -4800, 1256310, 2400, 'PLACED')...
Wrote pin la_data_out[36] at layer met2 at (1273230, -4800, 1273790, 2400, 'PLACED')...
Wrote pin la_data_out[37] at layer met2 at (1291170, -4800, 1291730, 2400, 'PLACED')...
Wrote pin la_data_out[38] at layer met2 at (1308650, -4800, 1309210, 2400, 'PLACED')...
Wrote pin la_data_out[39] at layer met2 at (1326590, -4800, 1327150, 2400, 'PLACED')...
Wrote pin la_data_out[3] at layer met2 at (688110, -4800, 688670, 2400, 'PLACED')...
Wrote pin la_data_out[40] at layer met2 at (1344070, -4800, 1344630, 2400, 'PLACED')...
Wrote pin la_data_out[41] at layer met2 at (1362010, -4800, 1362570, 2400, 'PLACED')...
Wrote pin la_data_out[42] at layer met2 at (1379950, -4800, 1380510, 2400, 'PLACED')...
Wrote pin la_data_out[43] at layer met2 at (1397430, -4800, 1397990, 2400, 'PLACED')...
Wrote pin la_data_out[44] at layer met2 at (1415370, -4800, 1415930, 2400, 'PLACED')...
Wrote pin la_data_out[45] at layer met2 at (1432850, -4800, 1433410, 2400, 'PLACED')...
Wrote pin la_data_out[46] at layer met2 at (1450790, -4800, 1451350, 2400, 'PLACED')...
Wrote pin la_data_out[47] at layer met2 at (1468270, -4800, 1468830, 2400, 'PLACED')...
Wrote pin la_data_out[48] at layer met2 at (1486210, -4800, 1486770, 2400, 'PLACED')...
Wrote pin la_data_out[49] at layer met2 at (1503690, -4800, 1504250, 2400, 'PLACED')...
Wrote pin la_data_out[4] at layer met2 at (706050, -4800, 706610, 2400, 'PLACED')...
Wrote pin la_data_out[50] at layer met2 at (1521630, -4800, 1522190, 2400, 'PLACED')...
Wrote pin la_data_out[51] at layer met2 at (1539570, -4800, 1540130, 2400, 'PLACED')...
Wrote pin la_data_out[52] at layer met2 at (1557050, -4800, 1557610, 2400, 'PLACED')...
Wrote pin la_data_out[53] at layer met2 at (1574990, -4800, 1575550, 2400, 'PLACED')...
Wrote pin la_data_out[54] at layer met2 at (1592470, -4800, 1593030, 2400, 'PLACED')...
Wrote pin la_data_out[55] at layer met2 at (1610410, -4800, 1610970, 2400, 'PLACED')...
Wrote pin la_data_out[56] at layer met2 at (1627890, -4800, 1628450, 2400, 'PLACED')...
Wrote pin la_data_out[57] at layer met2 at (1645830, -4800, 1646390, 2400, 'PLACED')...
Wrote pin la_data_out[58] at layer met2 at (1663310, -4800, 1663870, 2400, 'PLACED')...
Wrote pin la_data_out[59] at layer met2 at (1681250, -4800, 1681810, 2400, 'PLACED')...
Wrote pin la_data_out[5] at layer met2 at (723530, -4800, 724090, 2400, 'PLACED')...
Wrote pin la_data_out[60] at layer met2 at (1699190, -4800, 1699750, 2400, 'PLACED')...
Wrote pin la_data_out[61] at layer met2 at (1716670, -4800, 1717230, 2400, 'PLACED')...
Wrote pin la_data_out[62] at layer met2 at (1734610, -4800, 1735170, 2400, 'PLACED')...
Wrote pin la_data_out[63] at layer met2 at (1752090, -4800, 1752650, 2400, 'PLACED')...
Wrote pin la_data_out[64] at layer met2 at (1770030, -4800, 1770590, 2400, 'PLACED')...
Wrote pin la_data_out[65] at layer met2 at (1787510, -4800, 1788070, 2400, 'PLACED')...
Wrote pin la_data_out[66] at layer met2 at (1805450, -4800, 1806010, 2400, 'PLACED')...
Wrote pin la_data_out[67] at layer met2 at (1822930, -4800, 1823490, 2400, 'PLACED')...
Wrote pin la_data_out[68] at layer met2 at (1840870, -4800, 1841430, 2400, 'PLACED')...
Wrote pin la_data_out[69] at layer met2 at (1858350, -4800, 1858910, 2400, 'PLACED')...
Wrote pin la_data_out[6] at layer met2 at (741470, -4800, 742030, 2400, 'PLACED')...
Wrote pin la_data_out[70] at layer met2 at (1876290, -4800, 1876850, 2400, 'PLACED')...
Wrote pin la_data_out[71] at layer met2 at (1894230, -4800, 1894790, 2400, 'PLACED')...
Wrote pin la_data_out[72] at layer met2 at (1911710, -4800, 1912270, 2400, 'PLACED')...
Wrote pin la_data_out[73] at layer met2 at (1929650, -4800, 1930210, 2400, 'PLACED')...
Wrote pin la_data_out[74] at layer met2 at (1947130, -4800, 1947690, 2400, 'PLACED')...
Wrote pin la_data_out[75] at layer met2 at (1965070, -4800, 1965630, 2400, 'PLACED')...
Wrote pin la_data_out[76] at layer met2 at (1982550, -4800, 1983110, 2400, 'PLACED')...
Wrote pin la_data_out[77] at layer met2 at (2000490, -4800, 2001050, 2400, 'PLACED')...
Wrote pin la_data_out[78] at layer met2 at (2017970, -4800, 2018530, 2400, 'PLACED')...
Wrote pin la_data_out[79] at layer met2 at (2035910, -4800, 2036470, 2400, 'PLACED')...
Wrote pin la_data_out[7] at layer met2 at (758950, -4800, 759510, 2400, 'PLACED')...
Wrote pin la_data_out[80] at layer met2 at (2053850, -4800, 2054410, 2400, 'PLACED')...
Wrote pin la_data_out[81] at layer met2 at (2071330, -4800, 2071890, 2400, 'PLACED')...
Wrote pin la_data_out[82] at layer met2 at (2089270, -4800, 2089830, 2400, 'PLACED')...
Wrote pin la_data_out[83] at layer met2 at (2106750, -4800, 2107310, 2400, 'PLACED')...
Wrote pin la_data_out[84] at layer met2 at (2124690, -4800, 2125250, 2400, 'PLACED')...
Wrote pin la_data_out[85] at layer met2 at (2142170, -4800, 2142730, 2400, 'PLACED')...
Wrote pin la_data_out[86] at layer met2 at (2160110, -4800, 2160670, 2400, 'PLACED')...
Wrote pin la_data_out[87] at layer met2 at (2177590, -4800, 2178150, 2400, 'PLACED')...
Wrote pin la_data_out[88] at layer met2 at (2195530, -4800, 2196090, 2400, 'PLACED')...
Wrote pin la_data_out[89] at layer met2 at (2213010, -4800, 2213570, 2400, 'PLACED')...
Wrote pin la_data_out[8] at layer met2 at (776890, -4800, 777450, 2400, 'PLACED')...
Wrote pin la_data_out[90] at layer met2 at (2230950, -4800, 2231510, 2400, 'PLACED')...
Wrote pin la_data_out[91] at layer met2 at (2248890, -4800, 2249450, 2400, 'PLACED')...
Wrote pin la_data_out[92] at layer met2 at (2266370, -4800, 2266930, 2400, 'PLACED')...
Wrote pin la_data_out[93] at layer met2 at (2284310, -4800, 2284870, 2400, 'PLACED')...
Wrote pin la_data_out[94] at layer met2 at (2301790, -4800, 2302350, 2400, 'PLACED')...
Wrote pin la_data_out[95] at layer met2 at (2319730, -4800, 2320290, 2400, 'PLACED')...
Wrote pin la_data_out[96] at layer met2 at (2337210, -4800, 2337770, 2400, 'PLACED')...
Wrote pin la_data_out[97] at layer met2 at (2355150, -4800, 2355710, 2400, 'PLACED')...
Wrote pin la_data_out[98] at layer met2 at (2372630, -4800, 2373190, 2400, 'PLACED')...
Wrote pin la_data_out[99] at layer met2 at (2390570, -4800, 2391130, 2400, 'PLACED')...
Wrote pin la_data_out[9] at layer met2 at (794370, -4800, 794930, 2400, 'PLACED')...
Wrote pin la_oenb[0] at layer met2 at (640730, -4800, 641290, 2400, 'PLACED')...
Wrote pin la_oenb[100] at layer met2 at (2414030, -4800, 2414590, 2400, 'PLACED')...
Wrote pin la_oenb[101] at layer met2 at (2431970, -4800, 2432530, 2400, 'PLACED')...
Wrote pin la_oenb[102] at layer met2 at (2449450, -4800, 2450010, 2400, 'PLACED')...
Wrote pin la_oenb[103] at layer met2 at (2467390, -4800, 2467950, 2400, 'PLACED')...
Wrote pin la_oenb[104] at layer met2 at (2485330, -4800, 2485890, 2400, 'PLACED')...
Wrote pin la_oenb[105] at layer met2 at (2502810, -4800, 2503370, 2400, 'PLACED')...
Wrote pin la_oenb[106] at layer met2 at (2520750, -4800, 2521310, 2400, 'PLACED')...
Wrote pin la_oenb[107] at layer met2 at (2538230, -4800, 2538790, 2400, 'PLACED')...
Wrote pin la_oenb[108] at layer met2 at (2556170, -4800, 2556730, 2400, 'PLACED')...
Wrote pin la_oenb[109] at layer met2 at (2573650, -4800, 2574210, 2400, 'PLACED')...
Wrote pin la_oenb[10] at layer met2 at (818290, -4800, 818850, 2400, 'PLACED')...
Wrote pin la_oenb[110] at layer met2 at (2591590, -4800, 2592150, 2400, 'PLACED')...
Wrote pin la_oenb[111] at layer met2 at (2609070, -4800, 2609630, 2400, 'PLACED')...
Wrote pin la_oenb[112] at layer met2 at (2627010, -4800, 2627570, 2400, 'PLACED')...
Wrote pin la_oenb[113] at layer met2 at (2644950, -4800, 2645510, 2400, 'PLACED')...
Wrote pin la_oenb[114] at layer met2 at (2662430, -4800, 2662990, 2400, 'PLACED')...
Wrote pin la_oenb[115] at layer met2 at (2680370, -4800, 2680930, 2400, 'PLACED')...
Wrote pin la_oenb[116] at layer met2 at (2697850, -4800, 2698410, 2400, 'PLACED')...
Wrote pin la_oenb[117] at layer met2 at (2715790, -4800, 2716350, 2400, 'PLACED')...
Wrote pin la_oenb[118] at layer met2 at (2733270, -4800, 2733830, 2400, 'PLACED')...
Wrote pin la_oenb[119] at layer met2 at (2751210, -4800, 2751770, 2400, 'PLACED')...
Wrote pin la_oenb[11] at layer met2 at (835770, -4800, 836330, 2400, 'PLACED')...
Wrote pin la_oenb[120] at layer met2 at (2768690, -4800, 2769250, 2400, 'PLACED')...
Wrote pin la_oenb[121] at layer met2 at (2786630, -4800, 2787190, 2400, 'PLACED')...
Wrote pin la_oenb[122] at layer met2 at (2804110, -4800, 2804670, 2400, 'PLACED')...
Wrote pin la_oenb[123] at layer met2 at (2822050, -4800, 2822610, 2400, 'PLACED')...
Wrote pin la_oenb[124] at layer met2 at (2839990, -4800, 2840550, 2400, 'PLACED')...
Wrote pin la_oenb[125] at layer met2 at (2857470, -4800, 2858030, 2400, 'PLACED')...
Wrote pin la_oenb[126] at layer met2 at (2875410, -4800, 2875970, 2400, 'PLACED')...
Wrote pin la_oenb[127] at layer met2 at (2892890, -4800, 2893450, 2400, 'PLACED')...
Wrote pin la_oenb[12] at layer met2 at (853710, -4800, 854270, 2400, 'PLACED')...
Wrote pin la_oenb[13] at layer met2 at (871190, -4800, 871750, 2400, 'PLACED')...
Wrote pin la_oenb[14] at layer met2 at (889130, -4800, 889690, 2400, 'PLACED')...
Wrote pin la_oenb[15] at layer met2 at (907070, -4800, 907630, 2400, 'PLACED')...
Wrote pin la_oenb[16] at layer met2 at (924550, -4800, 925110, 2400, 'PLACED')...
Wrote pin la_oenb[17] at layer met2 at (942490, -4800, 943050, 2400, 'PLACED')...
Wrote pin la_oenb[18] at layer met2 at (959970, -4800, 960530, 2400, 'PLACED')...
Wrote pin la_oenb[19] at layer met2 at (977910, -4800, 978470, 2400, 'PLACED')...
Wrote pin la_oenb[1] at layer met2 at (658670, -4800, 659230, 2400, 'PLACED')...
Wrote pin la_oenb[20] at layer met2 at (995390, -4800, 995950, 2400, 'PLACED')...
Wrote pin la_oenb[21] at layer met2 at (1013330, -4800, 1013890, 2400, 'PLACED')...
Wrote pin la_oenb[22] at layer met2 at (1030810, -4800, 1031370, 2400, 'PLACED')...
Wrote pin la_oenb[23] at layer met2 at (1048750, -4800, 1049310, 2400, 'PLACED')...
Wrote pin la_oenb[24] at layer met2 at (1066690, -4800, 1067250, 2400, 'PLACED')...
Wrote pin la_oenb[25] at layer met2 at (1084170, -4800, 1084730, 2400, 'PLACED')...
Wrote pin la_oenb[26] at layer met2 at (1102110, -4800, 1102670, 2400, 'PLACED')...
Wrote pin la_oenb[27] at layer met2 at (1119590, -4800, 1120150, 2400, 'PLACED')...
Wrote pin la_oenb[28] at layer met2 at (1137530, -4800, 1138090, 2400, 'PLACED')...
Wrote pin la_oenb[29] at layer met2 at (1155010, -4800, 1155570, 2400, 'PLACED')...
Wrote pin la_oenb[2] at layer met2 at (676150, -4800, 676710, 2400, 'PLACED')...
Wrote pin la_oenb[30] at layer met2 at (1172950, -4800, 1173510, 2400, 'PLACED')...
Wrote pin la_oenb[31] at layer met2 at (1190430, -4800, 1190990, 2400, 'PLACED')...
Wrote pin la_oenb[32] at layer met2 at (1208370, -4800, 1208930, 2400, 'PLACED')...
Wrote pin la_oenb[33] at layer met2 at (1225850, -4800, 1226410, 2400, 'PLACED')...
Wrote pin la_oenb[34] at layer met2 at (1243790, -4800, 1244350, 2400, 'PLACED')...
Wrote pin la_oenb[35] at layer met2 at (1261730, -4800, 1262290, 2400, 'PLACED')...
Wrote pin la_oenb[36] at layer met2 at (1279210, -4800, 1279770, 2400, 'PLACED')...
Wrote pin la_oenb[37] at layer met2 at (1297150, -4800, 1297710, 2400, 'PLACED')...
Wrote pin la_oenb[38] at layer met2 at (1314630, -4800, 1315190, 2400, 'PLACED')...
Wrote pin la_oenb[39] at layer met2 at (1332570, -4800, 1333130, 2400, 'PLACED')...
Wrote pin la_oenb[3] at layer met2 at (694090, -4800, 694650, 2400, 'PLACED')...
Wrote pin la_oenb[40] at layer met2 at (1350050, -4800, 1350610, 2400, 'PLACED')...
Wrote pin la_oenb[41] at layer met2 at (1367990, -4800, 1368550, 2400, 'PLACED')...
Wrote pin la_oenb[42] at layer met2 at (1385470, -4800, 1386030, 2400, 'PLACED')...
Wrote pin la_oenb[43] at layer met2 at (1403410, -4800, 1403970, 2400, 'PLACED')...
Wrote pin la_oenb[44] at layer met2 at (1421350, -4800, 1421910, 2400, 'PLACED')...
Wrote pin la_oenb[45] at layer met2 at (1438830, -4800, 1439390, 2400, 'PLACED')...
Wrote pin la_oenb[46] at layer met2 at (1456770, -4800, 1457330, 2400, 'PLACED')...
Wrote pin la_oenb[47] at layer met2 at (1474250, -4800, 1474810, 2400, 'PLACED')...
Wrote pin la_oenb[48] at layer met2 at (1492190, -4800, 1492750, 2400, 'PLACED')...
Wrote pin la_oenb[49] at layer met2 at (1509670, -4800, 1510230, 2400, 'PLACED')...
Wrote pin la_oenb[4] at layer met2 at (712030, -4800, 712590, 2400, 'PLACED')...
Wrote pin la_oenb[50] at layer met2 at (1527610, -4800, 1528170, 2400, 'PLACED')...
Wrote pin la_oenb[51] at layer met2 at (1545090, -4800, 1545650, 2400, 'PLACED')...
Wrote pin la_oenb[52] at layer met2 at (1563030, -4800, 1563590, 2400, 'PLACED')...
Wrote pin la_oenb[53] at layer met2 at (1580970, -4800, 1581530, 2400, 'PLACED')...
Wrote pin la_oenb[54] at layer met2 at (1598450, -4800, 1599010, 2400, 'PLACED')...
Wrote pin la_oenb[55] at layer met2 at (1616390, -4800, 1616950, 2400, 'PLACED')...
Wrote pin la_oenb[56] at layer met2 at (1633870, -4800, 1634430, 2400, 'PLACED')...
Wrote pin la_oenb[57] at layer met2 at (1651810, -4800, 1652370, 2400, 'PLACED')...
Wrote pin la_oenb[58] at layer met2 at (1669290, -4800, 1669850, 2400, 'PLACED')...
Wrote pin la_oenb[59] at layer met2 at (1687230, -4800, 1687790, 2400, 'PLACED')...
Wrote pin la_oenb[5] at layer met2 at (729510, -4800, 730070, 2400, 'PLACED')...
Wrote pin la_oenb[60] at layer met2 at (1704710, -4800, 1705270, 2400, 'PLACED')...
Wrote pin la_oenb[61] at layer met2 at (1722650, -4800, 1723210, 2400, 'PLACED')...
Wrote pin la_oenb[62] at layer met2 at (1740130, -4800, 1740690, 2400, 'PLACED')...
Wrote pin la_oenb[63] at layer met2 at (1758070, -4800, 1758630, 2400, 'PLACED')...
Wrote pin la_oenb[64] at layer met2 at (1776010, -4800, 1776570, 2400, 'PLACED')...
Wrote pin la_oenb[65] at layer met2 at (1793490, -4800, 1794050, 2400, 'PLACED')...
Wrote pin la_oenb[66] at layer met2 at (1811430, -4800, 1811990, 2400, 'PLACED')...
Wrote pin la_oenb[67] at layer met2 at (1828910, -4800, 1829470, 2400, 'PLACED')...
Wrote pin la_oenb[68] at layer met2 at (1846850, -4800, 1847410, 2400, 'PLACED')...
Wrote pin la_oenb[69] at layer met2 at (1864330, -4800, 1864890, 2400, 'PLACED')...
Wrote pin la_oenb[6] at layer met2 at (747450, -4800, 748010, 2400, 'PLACED')...
Wrote pin la_oenb[70] at layer met2 at (1882270, -4800, 1882830, 2400, 'PLACED')...
Wrote pin la_oenb[71] at layer met2 at (1899750, -4800, 1900310, 2400, 'PLACED')...
Wrote pin la_oenb[72] at layer met2 at (1917690, -4800, 1918250, 2400, 'PLACED')...
Wrote pin la_oenb[73] at layer met2 at (1935630, -4800, 1936190, 2400, 'PLACED')...
Wrote pin la_oenb[74] at layer met2 at (1953110, -4800, 1953670, 2400, 'PLACED')...
Wrote pin la_oenb[75] at layer met2 at (1971050, -4800, 1971610, 2400, 'PLACED')...
Wrote pin la_oenb[76] at layer met2 at (1988530, -4800, 1989090, 2400, 'PLACED')...
Wrote pin la_oenb[77] at layer met2 at (2006470, -4800, 2007030, 2400, 'PLACED')...
Wrote pin la_oenb[78] at layer met2 at (2023950, -4800, 2024510, 2400, 'PLACED')...
Wrote pin la_oenb[79] at layer met2 at (2041890, -4800, 2042450, 2400, 'PLACED')...
Wrote pin la_oenb[7] at layer met2 at (764930, -4800, 765490, 2400, 'PLACED')...
Wrote pin la_oenb[80] at layer met2 at (2059370, -4800, 2059930, 2400, 'PLACED')...
Wrote pin la_oenb[81] at layer met2 at (2077310, -4800, 2077870, 2400, 'PLACED')...
Wrote pin la_oenb[82] at layer met2 at (2094790, -4800, 2095350, 2400, 'PLACED')...
Wrote pin la_oenb[83] at layer met2 at (2112730, -4800, 2113290, 2400, 'PLACED')...
Wrote pin la_oenb[84] at layer met2 at (2130670, -4800, 2131230, 2400, 'PLACED')...
Wrote pin la_oenb[85] at layer met2 at (2148150, -4800, 2148710, 2400, 'PLACED')...
Wrote pin la_oenb[86] at layer met2 at (2166090, -4800, 2166650, 2400, 'PLACED')...
Wrote pin la_oenb[87] at layer met2 at (2183570, -4800, 2184130, 2400, 'PLACED')...
Wrote pin la_oenb[88] at layer met2 at (2201510, -4800, 2202070, 2400, 'PLACED')...
Wrote pin la_oenb[89] at layer met2 at (2218990, -4800, 2219550, 2400, 'PLACED')...
Wrote pin la_oenb[8] at layer met2 at (782870, -4800, 783430, 2400, 'PLACED')...
Wrote pin la_oenb[90] at layer met2 at (2236930, -4800, 2237490, 2400, 'PLACED')...
Wrote pin la_oenb[91] at layer met2 at (2254410, -4800, 2254970, 2400, 'PLACED')...
Wrote pin la_oenb[92] at layer met2 at (2272350, -4800, 2272910, 2400, 'PLACED')...
Wrote pin la_oenb[93] at layer met2 at (2290290, -4800, 2290850, 2400, 'PLACED')...
Wrote pin la_oenb[94] at layer met2 at (2307770, -4800, 2308330, 2400, 'PLACED')...
Wrote pin la_oenb[95] at layer met2 at (2325710, -4800, 2326270, 2400, 'PLACED')...
Wrote pin la_oenb[96] at layer met2 at (2343190, -4800, 2343750, 2400, 'PLACED')...
Wrote pin la_oenb[97] at layer met2 at (2361130, -4800, 2361690, 2400, 'PLACED')...
Wrote pin la_oenb[98] at layer met2 at (2378610, -4800, 2379170, 2400, 'PLACED')...
Wrote pin la_oenb[99] at layer met2 at (2396550, -4800, 2397110, 2400, 'PLACED')...
Wrote pin la_oenb[9] at layer met2 at (800350, -4800, 800910, 2400, 'PLACED')...
Wrote pin user_clock2 at layer met2 at (2898870, -4800, 2899430, 2400, 'PLACED')...
Wrote pin user_irq[0] at layer met2 at (2904850, -4800, 2905410, 2400, 'PLACED')...
Wrote pin user_irq[1] at layer met2 at (2910830, -4800, 2911390, 2400, 'PLACED')...
Wrote pin user_irq[2] at layer met2 at (2916810, -4800, 2917370, 2400, 'PLACED')...
Wrote pin wb_clk_i at layer met2 at (2710, -4800, 3270, 2400, 'PLACED')...
Wrote pin wb_rst_i at layer met2 at (8230, -4800, 8790, 2400, 'PLACED')...
Wrote pin wbs_ack_o at layer met2 at (14210, -4800, 14770, 2400, 'PLACED')...
Wrote pin wbs_adr_i[0] at layer met2 at (38130, -4800, 38690, 2400, 'PLACED')...
Wrote pin wbs_adr_i[10] at layer met2 at (239150, -4800, 239710, 2400, 'PLACED')...
Wrote pin wbs_adr_i[11] at layer met2 at (256630, -4800, 257190, 2400, 'PLACED')...
Wrote pin wbs_adr_i[12] at layer met2 at (274570, -4800, 275130, 2400, 'PLACED')...
Wrote pin wbs_adr_i[13] at layer met2 at (292050, -4800, 292610, 2400, 'PLACED')...
Wrote pin wbs_adr_i[14] at layer met2 at (309990, -4800, 310550, 2400, 'PLACED')...
Wrote pin wbs_adr_i[15] at layer met2 at (327470, -4800, 328030, 2400, 'PLACED')...
Wrote pin wbs_adr_i[16] at layer met2 at (345410, -4800, 345970, 2400, 'PLACED')...
Wrote pin wbs_adr_i[17] at layer met2 at (362890, -4800, 363450, 2400, 'PLACED')...
Wrote pin wbs_adr_i[18] at layer met2 at (380830, -4800, 381390, 2400, 'PLACED')...
Wrote pin wbs_adr_i[19] at layer met2 at (398310, -4800, 398870, 2400, 'PLACED')...
Wrote pin wbs_adr_i[1] at layer met2 at (61590, -4800, 62150, 2400, 'PLACED')...
Wrote pin wbs_adr_i[20] at layer met2 at (416250, -4800, 416810, 2400, 'PLACED')...
Wrote pin wbs_adr_i[21] at layer met2 at (434190, -4800, 434750, 2400, 'PLACED')...
Wrote pin wbs_adr_i[22] at layer met2 at (451670, -4800, 452230, 2400, 'PLACED')...
Wrote pin wbs_adr_i[23] at layer met2 at (469610, -4800, 470170, 2400, 'PLACED')...
Wrote pin wbs_adr_i[24] at layer met2 at (487090, -4800, 487650, 2400, 'PLACED')...
Wrote pin wbs_adr_i[25] at layer met2 at (505030, -4800, 505590, 2400, 'PLACED')...
Wrote pin wbs_adr_i[26] at layer met2 at (522510, -4800, 523070, 2400, 'PLACED')...
Wrote pin wbs_adr_i[27] at layer met2 at (540450, -4800, 541010, 2400, 'PLACED')...
Wrote pin wbs_adr_i[28] at layer met2 at (557930, -4800, 558490, 2400, 'PLACED')...
Wrote pin wbs_adr_i[29] at layer met2 at (575870, -4800, 576430, 2400, 'PLACED')...
Wrote pin wbs_adr_i[2] at layer met2 at (85050, -4800, 85610, 2400, 'PLACED')...
Wrote pin wbs_adr_i[30] at layer met2 at (593810, -4800, 594370, 2400, 'PLACED')...
Wrote pin wbs_adr_i[31] at layer met2 at (611290, -4800, 611850, 2400, 'PLACED')...
Wrote pin wbs_adr_i[3] at layer met2 at (108970, -4800, 109530, 2400, 'PLACED')...
Wrote pin wbs_adr_i[4] at layer met2 at (132430, -4800, 132990, 2400, 'PLACED')...
Wrote pin wbs_adr_i[5] at layer met2 at (150370, -4800, 150930, 2400, 'PLACED')...
Wrote pin wbs_adr_i[6] at layer met2 at (167850, -4800, 168410, 2400, 'PLACED')...
Wrote pin wbs_adr_i[7] at layer met2 at (185790, -4800, 186350, 2400, 'PLACED')...
Wrote pin wbs_adr_i[8] at layer met2 at (203270, -4800, 203830, 2400, 'PLACED')...
Wrote pin wbs_adr_i[9] at layer met2 at (221210, -4800, 221770, 2400, 'PLACED')...
Wrote pin wbs_cyc_i at layer met2 at (20190, -4800, 20750, 2400, 'PLACED')...
Wrote pin wbs_dat_i[0] at layer met2 at (43650, -4800, 44210, 2400, 'PLACED')...
Wrote pin wbs_dat_i[10] at layer met2 at (244670, -4800, 245230, 2400, 'PLACED')...
Wrote pin wbs_dat_i[11] at layer met2 at (262610, -4800, 263170, 2400, 'PLACED')...
Wrote pin wbs_dat_i[12] at layer met2 at (280090, -4800, 280650, 2400, 'PLACED')...
Wrote pin wbs_dat_i[13] at layer met2 at (298030, -4800, 298590, 2400, 'PLACED')...
Wrote pin wbs_dat_i[14] at layer met2 at (315970, -4800, 316530, 2400, 'PLACED')...
Wrote pin wbs_dat_i[15] at layer met2 at (333450, -4800, 334010, 2400, 'PLACED')...
Wrote pin wbs_dat_i[16] at layer met2 at (351390, -4800, 351950, 2400, 'PLACED')...
Wrote pin wbs_dat_i[17] at layer met2 at (368870, -4800, 369430, 2400, 'PLACED')...
Wrote pin wbs_dat_i[18] at layer met2 at (386810, -4800, 387370, 2400, 'PLACED')...
Wrote pin wbs_dat_i[19] at layer met2 at (404290, -4800, 404850, 2400, 'PLACED')...
Wrote pin wbs_dat_i[1] at layer met2 at (67570, -4800, 68130, 2400, 'PLACED')...
Wrote pin wbs_dat_i[20] at layer met2 at (422230, -4800, 422790, 2400, 'PLACED')...
Wrote pin wbs_dat_i[21] at layer met2 at (439710, -4800, 440270, 2400, 'PLACED')...
Wrote pin wbs_dat_i[22] at layer met2 at (457650, -4800, 458210, 2400, 'PLACED')...
Wrote pin wbs_dat_i[23] at layer met2 at (475590, -4800, 476150, 2400, 'PLACED')...
Wrote pin wbs_dat_i[24] at layer met2 at (493070, -4800, 493630, 2400, 'PLACED')...
Wrote pin wbs_dat_i[25] at layer met2 at (511010, -4800, 511570, 2400, 'PLACED')...
Wrote pin wbs_dat_i[26] at layer met2 at (528490, -4800, 529050, 2400, 'PLACED')...
Wrote pin wbs_dat_i[27] at layer met2 at (546430, -4800, 546990, 2400, 'PLACED')...
Wrote pin wbs_dat_i[28] at layer met2 at (563910, -4800, 564470, 2400, 'PLACED')...
Wrote pin wbs_dat_i[29] at layer met2 at (581850, -4800, 582410, 2400, 'PLACED')...
Wrote pin wbs_dat_i[2] at layer met2 at (91030, -4800, 91590, 2400, 'PLACED')...
Wrote pin wbs_dat_i[30] at layer met2 at (599330, -4800, 599890, 2400, 'PLACED')...
Wrote pin wbs_dat_i[31] at layer met2 at (617270, -4800, 617830, 2400, 'PLACED')...
Wrote pin wbs_dat_i[3] at layer met2 at (114950, -4800, 115510, 2400, 'PLACED')...
Wrote pin wbs_dat_i[4] at layer met2 at (138410, -4800, 138970, 2400, 'PLACED')...
Wrote pin wbs_dat_i[5] at layer met2 at (156350, -4800, 156910, 2400, 'PLACED')...
Wrote pin wbs_dat_i[6] at layer met2 at (173830, -4800, 174390, 2400, 'PLACED')...
Wrote pin wbs_dat_i[7] at layer met2 at (191770, -4800, 192330, 2400, 'PLACED')...
Wrote pin wbs_dat_i[8] at layer met2 at (209250, -4800, 209810, 2400, 'PLACED')...
Wrote pin wbs_dat_i[9] at layer met2 at (227190, -4800, 227750, 2400, 'PLACED')...
Wrote pin wbs_dat_o[0] at layer met2 at (49630, -4800, 50190, 2400, 'PLACED')...
Wrote pin wbs_dat_o[10] at layer met2 at (250650, -4800, 251210, 2400, 'PLACED')...
Wrote pin wbs_dat_o[11] at layer met2 at (268590, -4800, 269150, 2400, 'PLACED')...
Wrote pin wbs_dat_o[12] at layer met2 at (286070, -4800, 286630, 2400, 'PLACED')...
Wrote pin wbs_dat_o[13] at layer met2 at (304010, -4800, 304570, 2400, 'PLACED')...
Wrote pin wbs_dat_o[14] at layer met2 at (321490, -4800, 322050, 2400, 'PLACED')...
Wrote pin wbs_dat_o[15] at layer met2 at (339430, -4800, 339990, 2400, 'PLACED')...
Wrote pin wbs_dat_o[16] at layer met2 at (357370, -4800, 357930, 2400, 'PLACED')...
Wrote pin wbs_dat_o[17] at layer met2 at (374850, -4800, 375410, 2400, 'PLACED')...
Wrote pin wbs_dat_o[18] at layer met2 at (392790, -4800, 393350, 2400, 'PLACED')...
Wrote pin wbs_dat_o[19] at layer met2 at (410270, -4800, 410830, 2400, 'PLACED')...
Wrote pin wbs_dat_o[1] at layer met2 at (73550, -4800, 74110, 2400, 'PLACED')...
Wrote pin wbs_dat_o[20] at layer met2 at (428210, -4800, 428770, 2400, 'PLACED')...
Wrote pin wbs_dat_o[21] at layer met2 at (445690, -4800, 446250, 2400, 'PLACED')...
Wrote pin wbs_dat_o[22] at layer met2 at (463630, -4800, 464190, 2400, 'PLACED')...
Wrote pin wbs_dat_o[23] at layer met2 at (481110, -4800, 481670, 2400, 'PLACED')...
Wrote pin wbs_dat_o[24] at layer met2 at (499050, -4800, 499610, 2400, 'PLACED')...
Wrote pin wbs_dat_o[25] at layer met2 at (516530, -4800, 517090, 2400, 'PLACED')...
Wrote pin wbs_dat_o[26] at layer met2 at (534470, -4800, 535030, 2400, 'PLACED')...
Wrote pin wbs_dat_o[27] at layer met2 at (552410, -4800, 552970, 2400, 'PLACED')...
Wrote pin wbs_dat_o[28] at layer met2 at (569890, -4800, 570450, 2400, 'PLACED')...
Wrote pin wbs_dat_o[29] at layer met2 at (587830, -4800, 588390, 2400, 'PLACED')...
Wrote pin wbs_dat_o[2] at layer met2 at (97010, -4800, 97570, 2400, 'PLACED')...
Wrote pin wbs_dat_o[30] at layer met2 at (605310, -4800, 605870, 2400, 'PLACED')...
Wrote pin wbs_dat_o[31] at layer met2 at (623250, -4800, 623810, 2400, 'PLACED')...
Wrote pin wbs_dat_o[3] at layer met2 at (120930, -4800, 121490, 2400, 'PLACED')...
Wrote pin wbs_dat_o[4] at layer met2 at (144390, -4800, 144950, 2400, 'PLACED')...
Wrote pin wbs_dat_o[5] at layer met2 at (161870, -4800, 162430, 2400, 'PLACED')...
Wrote pin wbs_dat_o[6] at layer met2 at (179810, -4800, 180370, 2400, 'PLACED')...
Wrote pin wbs_dat_o[7] at layer met2 at (197750, -4800, 198310, 2400, 'PLACED')...
Wrote pin wbs_dat_o[8] at layer met2 at (215230, -4800, 215790, 2400, 'PLACED')...
Wrote pin wbs_dat_o[9] at layer met2 at (233170, -4800, 233730, 2400, 'PLACED')...
Wrote pin wbs_sel_i[0] at layer met2 at (55610, -4800, 56170, 2400, 'PLACED')...
Wrote pin wbs_sel_i[1] at layer met2 at (79530, -4800, 80090, 2400, 'PLACED')...
Wrote pin wbs_sel_i[2] at layer met2 at (102990, -4800, 103550, 2400, 'PLACED')...
Wrote pin wbs_sel_i[3] at layer met2 at (126450, -4800, 127010, 2400, 'PLACED')...
Wrote pin wbs_stb_i at layer met2 at (26170, -4800, 26730, 2400, 'PLACED')...
Wrote pin wbs_we_i at layer met2 at (32150, -4800, 32710, 2400, 'PLACED')...
[INFO ODB-0227] LEF file: /nc/apps/pdk/ciel/sky130/versions/0fe599b2afb6708d281543108caf8310912f54af/sky130A/libs.ref/sky130_fd_sc_hd/techlef/sky130_fd_sc_hd__nom.tlef, created 14 layers, 25 vias
[WARNING ODB-0220] WARNING (LEFPARS-2008): NOWIREEXTENSIONATPIN statement is obsolete in version 5.6 or later.
The NOWIREEXTENSIONATPIN statement will be ignored. See file /nc/apps/pdk/ciel/sky130/versions/0fe599b2afb6708d281543108caf8310912f54af/sky130A/libs.ref/sky130_fd_sc_hd/lef/sky130_ef_sc_hd.lef at line 2.

[INFO ODB-0227] LEF file: /nc/apps/pdk/ciel/sky130/versions/0fe599b2afb6708d281543108caf8310912f54af/sky130A/libs.ref/sky130_fd_sc_hd/lef/sky130_ef_sc_hd.lef, created 4 library cells
[WARNING ODB-0220] WARNING (LEFPARS-2008): NOWIREEXTENSIONATPIN statement is obsolete in version 5.6 or later.
The NOWIREEXTENSIONATPIN statement will be ignored. See file /nc/apps/pdk/ciel/sky130/versions/0fe599b2afb6708d281543108caf8310912f54af/sky130A/libs.ref/sky130_fd_sc_hd/lef/sky130_fd_sc_hd.lef at line 2.

[INFO ODB-0227] LEF file: /nc/apps/pdk/ciel/sky130/versions/0fe599b2afb6708d281543108caf8310912f54af/sky130A/libs.ref/sky130_fd_sc_hd/lef/sky130_fd_sc_hd.lef, created 437 library cells
[INFO ODB-0127] Reading DEF file: /workspace/peripheral-example/openlane/user_project_wrapper/fixed_dont_change/user_project_wrapper.def
[INFO ODB-0128] Design: user_project_wrapper
[INFO ODB-0130]     Created 645 pins.
[INFO ODB-0134] Finished DEF file: /workspace/peripheral-example/openlane/user_project_wrapper/fixed_dont_change/user_project_wrapper.def
