Clock: clk
Sources: wb_clk_i 
Generated: no
Virtual: yes
Propagated: no
Period: 25.000000

===========================================================================
report_clock_properties
============================================================================
Clock                   Period          Waveform
----------------------------------------------------
clk                  25.000000    0.000000 12.500000

===========================================================================
report_clock_latency
============================================================================
Clock clk
rise -> rise
    min     max
4.650000 5.570000 source latency
5.286247         network latency _6256_/CLK
        5.824277 network latency sram_inst/wb_clk_i
---------------
9.936247 11.394278 latency
        1.458031 skew

fall -> fall
    min     max
4.650000 5.570000 source latency
5.406292         network latency _6256_/CLK
        5.988650 network latency sram_inst/wb_clk_i
---------------
10.056293 11.558649 latency
        1.502357 skew



===========================================================================
report_clock_min_period
============================================================================
clk period_min = 4.80 fmax = 208.55
