
===========================================================================
report_checks -unconstrained
===========================================================================
======================= nom_tt_025C_1v80 Corner ===================================

Startpoint: wb_rst_i (input port clocked by clk)
Endpoint: _6209_ (recovery check against rising-edge clock clk)
Path Group: asynchronous
Path Type: max

Fanout         Cap        Slew       Delay        Time   Description
---------------------------------------------------------------------------------------------
                                  0.000000    0.000000   clock clk (rise edge)
                                  5.570000    5.570000   clock network delay (propagated)
                                 12.500000   18.070000 v input external delay
     2    0.005169    0.000000    0.000000   18.070000 v wb_rst_i (in)
                                                         wb_rst_i (net)
                      0.000167    0.000083   18.070084 v input2/A (sky130_fd_sc_hd__clkbuf_2)
     3    0.020768    0.084492    0.131394   18.201477 v input2/X (sky130_fd_sc_hd__clkbuf_2)
                                                         net2 (net)
                      0.084632    0.002458   18.203936 v fanout418/A (sky130_fd_sc_hd__clkbuf_8)
    13    0.076080    0.090524    0.205549   18.409485 v fanout418/X (sky130_fd_sc_hd__clkbuf_8)
                                                         net418 (net)
                      0.093035    0.011767   18.421251 v fanout405/A (sky130_fd_sc_hd__buf_2)
    11    0.039807    0.098438    0.210575   18.631826 v fanout405/X (sky130_fd_sc_hd__buf_2)
                                                         net405 (net)
                      0.098439    0.000583   18.632408 v fanout399/A (sky130_fd_sc_hd__clkbuf_2)
    11    0.034267    0.131709    0.211786   18.844194 v fanout399/X (sky130_fd_sc_hd__clkbuf_2)
                                                         net399 (net)
                      0.131725    0.001483   18.845678 v fanout398/A (sky130_fd_sc_hd__buf_2)
    11    0.034994    0.091229    0.219611   19.065289 v fanout398/X (sky130_fd_sc_hd__buf_2)
                                                         net398 (net)
                      0.091230    0.000497   19.065786 v fanout394/A (sky130_fd_sc_hd__buf_4)
    19    0.061216    0.086359    0.215030   19.280815 v fanout394/X (sky130_fd_sc_hd__buf_4)
                                                         net394 (net)
                      0.086363    0.000876   19.281691 v fanout393/A (sky130_fd_sc_hd__buf_4)
    10    0.054513    0.078784    0.207594   19.489285 v fanout393/X (sky130_fd_sc_hd__buf_4)
                                                         net393 (net)
                      0.078872    0.002345   19.491631 v _5683_/A (sky130_fd_sc_hd__inv_2)
     1    0.004637    0.035492    0.059760   19.551390 ^ _5683_/Y (sky130_fd_sc_hd__inv_2)
                                                         _0059_ (net)
                      0.035492    0.000131   19.551521 ^ _6209_/SET_B (sky130_fd_sc_hd__dfstp_1)
                                             19.551521   data arrival time

                                 25.000000   25.000000   clock clk (rise edge)
                                  4.650000   29.650000   clock source latency
     2    0.042942    0.610000    0.000000   29.650000 ^ wb_clk_i (in)
                                                         wb_clk_i (net)
                      0.617960    0.003981   29.653980 ^ clkbuf_0_wb_clk_i/A (sky130_fd_sc_hd__clkbuf_16)
    17    0.100757    0.123922    0.324587   29.978567 ^ clkbuf_0_wb_clk_i/X (sky130_fd_sc_hd__clkbuf_16)
                                                         clknet_0_wb_clk_i (net)
                      0.124089    0.004146   29.982712 ^ clkbuf_3_5_0_wb_clk_i/A (sky130_fd_sc_hd__clkbuf_8)
    19    0.089310    0.159488    0.243425   30.226137 ^ clkbuf_3_5_0_wb_clk_i/X (sky130_fd_sc_hd__clkbuf_8)
                                                         clknet_3_5_0_wb_clk_i (net)
                      0.159606    0.002306   30.228443 ^ clkbuf_leaf_47_wb_clk_i/A (sky130_fd_sc_hd__clkbuf_8)
    12    0.055975    0.107517    0.215834   30.444277 ^ clkbuf_leaf_47_wb_clk_i/X (sky130_fd_sc_hd__clkbuf_8)
                                                         clknet_leaf_47_wb_clk_i (net)
                      0.107544    0.001656   30.445932 ^ _6209_/CLK (sky130_fd_sc_hd__dfstp_1)
                                 -0.250000   30.195932   clock uncertainty
                                  0.000000   30.195932   clock reconvergence pessimism
                                  0.155923   30.351854   library recovery time
                                             30.351854   data required time
---------------------------------------------------------------------------------------------
                                             30.351854   data required time
                                            -19.551521   data arrival time
---------------------------------------------------------------------------------------------
                                             10.800332   slack (MET)


Startpoint: wbs_adr_i[9] (input port clocked by clk)
Endpoint: wbs_dat_o[1] (output port clocked by clk)
Path Group: clk
Path Type: max

Fanout         Cap        Slew       Delay        Time   Description
---------------------------------------------------------------------------------------------
                                  0.000000    0.000000   clock clk (rise edge)
                                  5.570000    5.570000   clock network delay (propagated)
                                  3.890000    9.460000 v input external delay
     2    0.004069    0.920000    0.000000    9.460000 v wbs_adr_i[9] (in)
                                                         wbs_adr_i[9] (net)
                      0.920109    0.000054    9.460054 v hold120/A (sky130_fd_sc_hd__dlygate4sd3_1)
     1    0.002235    0.050277    0.851125   10.311179 v hold120/X (sky130_fd_sc_hd__dlygate4sd3_1)
                                                         net540 (net)
                      0.050277    0.000044   10.311223 v input22/A (sky130_fd_sc_hd__clkbuf_4)
     7    0.050923    0.109114    0.204275   10.515498 v input22/X (sky130_fd_sc_hd__clkbuf_4)
                                                         net22 (net)
                      0.110484    0.009817   10.525315 v _3130_/A (sky130_fd_sc_hd__or4_1)
     1    0.002391    0.078697    0.526036   11.051352 v _3130_/X (sky130_fd_sc_hd__or4_1)
                                                         _1297_ (net)
                      0.078697    0.000053   11.051405 v hold26/A (sky130_fd_sc_hd__dlygate4sd3_1)
     2    0.007673    0.077675    0.596032   11.647436 v hold26/X (sky130_fd_sc_hd__dlygate4sd3_1)
                                                         net446 (net)
                      0.077675    0.000229   11.647665 v _3132_/B (sky130_fd_sc_hd__or2_2)
     1    0.003521    0.056513    0.282911   11.930576 v _3132_/X (sky130_fd_sc_hd__or2_2)
                                                         _1299_ (net)
                      0.056513    0.000124   11.930700 v hold27/A (sky130_fd_sc_hd__dlygate4sd3_1)
     4    0.020551    0.135275    0.647916   12.578616 v hold27/X (sky130_fd_sc_hd__dlygate4sd3_1)
                                                         net447 (net)
                      0.135275    0.000315   12.578931 v _3296_/A (sky130_fd_sc_hd__or2_2)
     8    0.027508    0.116407    0.405789   12.984720 v _3296_/X (sky130_fd_sc_hd__or2_2)
                                                         _1457_ (net)
                      0.116407    0.000359   12.985079 v _3315_/B (sky130_fd_sc_hd__or2_2)
     5    0.017054    0.091264    0.350274   13.335354 v _3315_/X (sky130_fd_sc_hd__or2_2)
                                                         _1462_ (net)
                      0.091266    0.000495   13.335849 v hold98/A (sky130_fd_sc_hd__dlygate4sd3_1)
     1    0.006031    0.069010    0.591070   13.926919 v hold98/X (sky130_fd_sc_hd__dlygate4sd3_1)
                                                         net518 (net)
                      0.069010    0.000276   13.927195 v fanout180/A (sky130_fd_sc_hd__clkbuf_2)
     5    0.021501    0.087280    0.163693   14.090888 v fanout180/X (sky130_fd_sc_hd__clkbuf_2)
                                                         net180 (net)
                      0.087285    0.000735   14.091622 v _4889_/A2 (sky130_fd_sc_hd__o221a_1)
     1    0.004655    0.055030    0.261900   14.353522 v _4889_/X (sky130_fd_sc_hd__o221a_1)
                                                         _2620_ (net)
                      0.055030    0.000191   14.353713 v _4890_/B2 (sky130_fd_sc_hd__a221o_1)
     1    0.006051    0.068496    0.337952   14.691666 v _4890_/X (sky130_fd_sc_hd__a221o_1)
                                                         _2621_ (net)
                      0.068496    0.000292   14.691957 v _4891_/B2 (sky130_fd_sc_hd__a221o_1)
     1    0.002431    0.049595    0.316770   15.008727 v _4891_/X (sky130_fd_sc_hd__a221o_1)
                                                         _2622_ (net)
                      0.049595    0.000048   15.008775 v _4892_/B1 (sky130_fd_sc_hd__o211a_1)
     1    0.008797    0.065863    0.150655   15.159430 v _4892_/X (sky130_fd_sc_hd__o211a_1)
                                                         _2623_ (net)
                      0.065863    0.000316   15.159746 v _4893_/B1 (sky130_fd_sc_hd__a211o_1)
     1    0.003013    0.048358    0.268971   15.428717 v _4893_/X (sky130_fd_sc_hd__a211o_1)
                                                         _2624_ (net)
                      0.048358    0.000071   15.428787 v _4894_/C1 (sky130_fd_sc_hd__o211a_1)
     1    0.005106    0.048941    0.116728   15.545515 v _4894_/X (sky130_fd_sc_hd__o211a_1)
                                                         _2625_ (net)
                      0.048941    0.000181   15.545696 v _4895_/D1 (sky130_fd_sc_hd__a2111o_4)
     3    0.031692    0.107881    0.407029   15.952725 v _4895_/X (sky130_fd_sc_hd__a2111o_4)
                                                         net74 (net)
                      0.107914    0.001785   15.954511 v output74/A (sky130_fd_sc_hd__buf_12)
     1    0.191932    0.104565    0.219879   16.174391 v output74/X (sky130_fd_sc_hd__buf_12)
                                                         wbs_dat_o[1] (net)
                      0.105227    0.006645   16.181036 v wbs_dat_o[1] (out)
                                             16.181036   data arrival time

                                 25.000000   25.000000   clock clk (rise edge)
                                  4.650000   29.650000   clock network delay (propagated)
                                 -0.250000   29.400000   clock uncertainty
                                  0.000000   29.400000   clock reconvergence pessimism
                                 -3.620000   25.779999   output external delay
                                             25.779999   data required time
---------------------------------------------------------------------------------------------
                                             25.779999   data required time
                                            -16.181036   data arrival time
---------------------------------------------------------------------------------------------
                                              9.598964   slack (MET)




===========================================================================
report_checks --slack_max -0.01
============================================================================
======================= nom_tt_025C_1v80 Corner ===================================

No paths found.


===========================================================================
 report_check_types -max_slew -max_cap -max_fanout -violators
============================================================================
======================= nom_tt_025C_1v80 Corner ===================================

max slew

Pin                                        Limit        Slew       Slack
------------------------------------------------------------------------
sram_inst/wbs_adr_i[25]                 0.750000    0.935704   -0.185704 (VIOLATED)
ANTENNA_sram_inst_wbs_adr_i[25]/DIODE    0.750000    0.935701   -0.185701 (VIOLATED)
ANTENNA_sram_inst_wbs_adr_i[29]/DIODE    0.750000    0.935575   -0.185575 (VIOLATED)
sram_inst/wbs_adr_i[29]                 0.750000    0.935558   -0.185558 (VIOLATED)
ANTENNA_sram_inst_wbs_adr_i[31]/DIODE    0.750000    0.935427   -0.185427 (VIOLATED)
sram_inst/wbs_adr_i[31]                 0.750000    0.935413   -0.185413 (VIOLATED)
ANTENNA_sram_inst_wbs_adr_i[30]/DIODE    0.750000    0.935410   -0.185410 (VIOLATED)
sram_inst/wbs_adr_i[30]                 0.750000    0.935393   -0.185393 (VIOLATED)
ANTENNA_sram_inst_wbs_adr_i[26]/DIODE    0.750000    0.923670   -0.173670 (VIOLATED)
sram_inst/wbs_adr_i[26]                 0.750000    0.923653   -0.173653 (VIOLATED)
ANTENNA_sram_inst_wbs_adr_i[24]/DIODE    0.750000    0.923051   -0.173051 (VIOLATED)
sram_inst/wbs_adr_i[24]                 0.750000    0.923034   -0.173034 (VIOLATED)
ANTENNA_sram_inst_wbs_adr_i[20]/DIODE    0.750000    0.923001   -0.173001 (VIOLATED)
sram_inst/wbs_adr_i[20]                 0.750000    0.922984   -0.172984 (VIOLATED)
ANTENNA_sram_inst_wbs_adr_i[21]/DIODE    0.750000    0.922967   -0.172968 (VIOLATED)
ANTENNA_sram_inst_wbs_adr_i[22]/DIODE    0.750000    0.922967   -0.172968 (VIOLATED)
ANTENNA_sram_inst_wbs_adr_i[23]/DIODE    0.750000    0.922967   -0.172968 (VIOLATED)
ANTENNA_sram_inst_wbs_adr_i[27]/DIODE    0.750000    0.922967   -0.172968 (VIOLATED)
ANTENNA_sram_inst_wbs_adr_i[28]/DIODE    0.750000    0.922967   -0.172968 (VIOLATED)
sram_inst/wbs_adr_i[21]                 0.750000    0.922951   -0.172951 (VIOLATED)
sram_inst/wbs_adr_i[22]                 0.750000    0.922951   -0.172951 (VIOLATED)
sram_inst/wbs_adr_i[23]                 0.750000    0.922951   -0.172951 (VIOLATED)
sram_inst/wbs_adr_i[27]                 0.750000    0.922951   -0.172951 (VIOLATED)
sram_inst/wbs_adr_i[28]                 0.750000    0.922951   -0.172951 (VIOLATED)
input8/A                                0.750000    0.920200   -0.170200 (VIOLATED)
ANTENNA_input12_A/DIODE                 0.750000    0.920195   -0.170195 (VIOLATED)
input12/A                               0.750000    0.920194   -0.170194 (VIOLATED)
input13/A                               0.750000    0.920194   -0.170194 (VIOLATED)
input17/A                               0.750000    0.920187   -0.170187 (VIOLATED)
input4/A                                0.750000    0.920180   -0.170180 (VIOLATED)
ANTENNA_input8_A/DIODE                  0.750000    0.920178   -0.170178 (VIOLATED)
input5/A                                0.750000    0.920174   -0.170174 (VIOLATED)
ANTENNA_input13_A/DIODE                 0.750000    0.920170   -0.170170 (VIOLATED)
ANTENNA_input17_A/DIODE                 0.750000    0.920162   -0.170162 (VIOLATED)
hold71/A                                0.750000    0.920158   -0.170158 (VIOLATED)
hold66/A                                0.750000    0.920157   -0.170157 (VIOLATED)
ANTENNA_hold128_A/DIODE                 0.750000    0.920157   -0.170157 (VIOLATED)
hold38/A                                0.750000    0.920149   -0.170149 (VIOLATED)
hold24/A                                0.750000    0.920147   -0.170147 (VIOLATED)
ANTENNA_hold66_A/DIODE                  0.750000    0.920144   -0.170144 (VIOLATED)
input7/A                                0.750000    0.920144   -0.170144 (VIOLATED)
hold16/A                                0.750000    0.920143   -0.170143 (VIOLATED)
hold135/A                               0.750000    0.920142   -0.170142 (VIOLATED)
ANTENNA_hold137_A/DIODE                 0.750000    0.920141   -0.170141 (VIOLATED)
hold108/A                               0.750000    0.920140   -0.170140 (VIOLATED)
ANTENNA_input4_A/DIODE                  0.750000    0.920133   -0.170133 (VIOLATED)
hold128/A                               0.750000    0.920133   -0.170133 (VIOLATED)
ANTENNA_input7_A/DIODE                  0.750000    0.920132   -0.170132 (VIOLATED)
ANTENNA_hold24_A/DIODE                  0.750000    0.920131   -0.170131 (VIOLATED)
ANTENNA_hold71_A/DIODE                  0.750000    0.920130   -0.170130 (VIOLATED)
hold137/A                               0.750000    0.920127   -0.170127 (VIOLATED)
ANTENNA_hold16_A/DIODE                  0.750000    0.920123   -0.170123 (VIOLATED)
ANTENNA_hold135_A/DIODE                 0.750000    0.920119   -0.170119 (VIOLATED)
ANTENNA_input5_A/DIODE                  0.750000    0.920119   -0.170119 (VIOLATED)
hold115/A                               0.750000    0.920117   -0.170117 (VIOLATED)
hold120/A                               0.750000    0.920117   -0.170117 (VIOLATED)
hold95/A                                0.750000    0.920117   -0.170117 (VIOLATED)
ANTENNA_hold108_A/DIODE                 0.750000    0.920111   -0.170111 (VIOLATED)
hold192/A                               0.750000    0.920110   -0.170110 (VIOLATED)
ANTENNA_hold38_A/DIODE                  0.750000    0.920105   -0.170105 (VIOLATED)
ANTENNA_hold115_A/DIODE                 0.750000    0.920098   -0.170098 (VIOLATED)
ANTENNA_hold120_A/DIODE                 0.750000    0.920098   -0.170098 (VIOLATED)
ANTENNA_hold95_A/DIODE                  0.750000    0.920098   -0.170098 (VIOLATED)
ANTENNA_hold192_A/DIODE                 0.750000    0.920093   -0.170093 (VIOLATED)
wbs_adr_i[0]                            0.750000    0.920000   -0.170000 (VIOLATED)
wbs_adr_i[10]                           0.750000    0.920000   -0.170000 (VIOLATED)
wbs_adr_i[11]                           0.750000    0.920000   -0.170000 (VIOLATED)
wbs_adr_i[12]                           0.750000    0.920000   -0.170000 (VIOLATED)
wbs_adr_i[13]                           0.750000    0.920000   -0.170000 (VIOLATED)
wbs_adr_i[14]                           0.750000    0.920000   -0.170000 (VIOLATED)
wbs_adr_i[15]                           0.750000    0.920000   -0.170000 (VIOLATED)
wbs_adr_i[16]                           0.750000    0.920000   -0.170000 (VIOLATED)
wbs_adr_i[17]                           0.750000    0.920000   -0.170000 (VIOLATED)
wbs_adr_i[18]                           0.750000    0.920000   -0.170000 (VIOLATED)
wbs_adr_i[19]                           0.750000    0.920000   -0.170000 (VIOLATED)
wbs_adr_i[1]                            0.750000    0.920000   -0.170000 (VIOLATED)
wbs_adr_i[20]                           0.750000    0.920000   -0.170000 (VIOLATED)
wbs_adr_i[21]                           0.750000    0.920000   -0.170000 (VIOLATED)
wbs_adr_i[22]                           0.750000    0.920000   -0.170000 (VIOLATED)
wbs_adr_i[23]                           0.750000    0.920000   -0.170000 (VIOLATED)
wbs_adr_i[24]                           0.750000    0.920000   -0.170000 (VIOLATED)
wbs_adr_i[25]                           0.750000    0.920000   -0.170000 (VIOLATED)
wbs_adr_i[26]                           0.750000    0.920000   -0.170000 (VIOLATED)
wbs_adr_i[27]                           0.750000    0.920000   -0.170000 (VIOLATED)
wbs_adr_i[28]                           0.750000    0.920000   -0.170000 (VIOLATED)
wbs_adr_i[29]                           0.750000    0.920000   -0.170000 (VIOLATED)
wbs_adr_i[2]                            0.750000    0.920000   -0.170000 (VIOLATED)
wbs_adr_i[30]                           0.750000    0.920000   -0.170000 (VIOLATED)
wbs_adr_i[31]                           0.750000    0.920000   -0.170000 (VIOLATED)
wbs_adr_i[3]                            0.750000    0.920000   -0.170000 (VIOLATED)
wbs_adr_i[4]                            0.750000    0.920000   -0.170000 (VIOLATED)
wbs_adr_i[5]                            0.750000    0.920000   -0.170000 (VIOLATED)
wbs_adr_i[6]                            0.750000    0.920000   -0.170000 (VIOLATED)
wbs_adr_i[7]                            0.750000    0.920000   -0.170000 (VIOLATED)
wbs_adr_i[8]                            0.750000    0.920000   -0.170000 (VIOLATED)
wbs_adr_i[9]                            0.750000    0.920000   -0.170000 (VIOLATED)
ANTENNA_hold1_A/DIODE                   0.750000    0.840414   -0.090414 (VIOLATED)
hold1/A                                 0.750000    0.840334   -0.090334 (VIOLATED)
ANTENNA_hold9_A/DIODE                   0.750000    0.840273   -0.090273 (VIOLATED)
ANTENNA_hold52_A/DIODE                  0.750000    0.840250   -0.090250 (VIOLATED)
ANTENNA_hold46_A/DIODE                  0.750000    0.840232   -0.090232 (VIOLATED)
ANTENNA_hold3_A/DIODE                   0.750000    0.840209   -0.090209 (VIOLATED)
hold9/A                                 0.750000    0.840203   -0.090203 (VIOLATED)
ANTENNA_hold31_A/DIODE                  0.750000    0.840195   -0.090195 (VIOLATED)
hold79/A                                0.750000    0.840193   -0.090193 (VIOLATED)
ANTENNA_hold57_A/DIODE                  0.750000    0.840190   -0.090190 (VIOLATED)
ANTENNA_hold11_A/DIODE                  0.750000    0.840183   -0.090184 (VIOLATED)
hold31/A                                0.750000    0.840181   -0.090181 (VIOLATED)
ANTENNA_hold126_A/DIODE                 0.750000    0.840180   -0.090180 (VIOLATED)
hold3/A                                 0.750000    0.840175   -0.090175 (VIOLATED)
hold57/A                                0.750000    0.840174   -0.090174 (VIOLATED)
ANTENNA_hold103_A/DIODE                 0.750000    0.840173   -0.090173 (VIOLATED)
hold52/A                                0.750000    0.840169   -0.090169 (VIOLATED)
hold35/A                                0.750000    0.840165   -0.090165 (VIOLATED)
ANTENNA_hold35_A/DIODE                  0.750000    0.840164   -0.090164 (VIOLATED)
hold7/A                                 0.750000    0.840164   -0.090164 (VIOLATED)
hold33/A                                0.750000    0.840162   -0.090162 (VIOLATED)
hold21/A                                0.750000    0.840161   -0.090161 (VIOLATED)
ANTENNA_hold7_A/DIODE                   0.750000    0.840160   -0.090160 (VIOLATED)
ANTENNA_hold33_A/DIODE                  0.750000    0.840158   -0.090158 (VIOLATED)
hold46/A                                0.750000    0.840157   -0.090157 (VIOLATED)
ANTENNA_hold132_A/DIODE                 0.750000    0.840156   -0.090156 (VIOLATED)
ANTENNA_hold131_A/DIODE                 0.750000    0.840154   -0.090154 (VIOLATED)
ANTENNA_hold79_A/DIODE                  0.750000    0.840153   -0.090153 (VIOLATED)
hold112/A                               0.750000    0.840153   -0.090153 (VIOLATED)
hold131/A                               0.750000    0.840152   -0.090152 (VIOLATED)
ANTENNA_hold14_A/DIODE                  0.750000    0.840152   -0.090152 (VIOLATED)
hold105/A                               0.750000    0.840151   -0.090151 (VIOLATED)
ANTENNA_hold105_A/DIODE                 0.750000    0.840148   -0.090148 (VIOLATED)
ANTENNA_hold21_A/DIODE                  0.750000    0.840147   -0.090147 (VIOLATED)
hold101/A                               0.750000    0.840147   -0.090147 (VIOLATED)
hold11/A                                0.750000    0.840146   -0.090146 (VIOLATED)
ANTENNA_hold112_A/DIODE                 0.750000    0.840145   -0.090145 (VIOLATED)
hold126/A                               0.750000    0.840145   -0.090145 (VIOLATED)
ANTENNA_hold29_A/DIODE                  0.750000    0.840143   -0.090143 (VIOLATED)
hold75/A                                0.750000    0.840142   -0.090142 (VIOLATED)
ANTENNA_hold50_A/DIODE                  0.750000    0.840142   -0.090142 (VIOLATED)
hold14/A                                0.750000    0.840140   -0.090140 (VIOLATED)
hold29/A                                0.750000    0.840139   -0.090139 (VIOLATED)
ANTENNA_hold114_A/DIODE                 0.750000    0.840139   -0.090139 (VIOLATED)
hold44/A                                0.750000    0.840138   -0.090138 (VIOLATED)
hold19/A                                0.750000    0.840137   -0.090137 (VIOLATED)
ANTENNA_hold101_A/DIODE                 0.750000    0.840132   -0.090132 (VIOLATED)
hold132/A                               0.750000    0.840131   -0.090131 (VIOLATED)
hold50/A                                0.750000    0.840129   -0.090129 (VIOLATED)
hold103/A                               0.750000    0.840127   -0.090127 (VIOLATED)
hold60/A                                0.750000    0.840122   -0.090122 (VIOLATED)
hold114/A                               0.750000    0.840119   -0.090119 (VIOLATED)
ANTENNA_hold75_A/DIODE                  0.750000    0.840118   -0.090118 (VIOLATED)
ANTENNA_hold60_A/DIODE                  0.750000    0.840118   -0.090118 (VIOLATED)
hold55/A                                0.750000    0.840117   -0.090117 (VIOLATED)
hold62/A                                0.750000    0.840116   -0.090116 (VIOLATED)
hold42/A                                0.750000    0.840115   -0.090115 (VIOLATED)
hold5/A                                 0.750000    0.840115   -0.090115 (VIOLATED)
ANTENNA_hold42_A/DIODE                  0.750000    0.840110   -0.090110 (VIOLATED)
ANTENNA_hold44_A/DIODE                  0.750000    0.840108   -0.090108 (VIOLATED)
ANTENNA_hold5_A/DIODE                   0.750000    0.840102   -0.090102 (VIOLATED)
ANTENNA_hold19_A/DIODE                  0.750000    0.840101   -0.090101 (VIOLATED)
ANTENNA_hold55_A/DIODE                  0.750000    0.840098   -0.090098 (VIOLATED)
ANTENNA_hold62_A/DIODE                  0.750000    0.840097   -0.090097 (VIOLATED)
wbs_dat_i[0]                            0.750000    0.840000   -0.090000 (VIOLATED)
wbs_dat_i[10]                           0.750000    0.840000   -0.090000 (VIOLATED)
wbs_dat_i[11]                           0.750000    0.840000   -0.090000 (VIOLATED)
wbs_dat_i[12]                           0.750000    0.840000   -0.090000 (VIOLATED)
wbs_dat_i[13]                           0.750000    0.840000   -0.090000 (VIOLATED)
wbs_dat_i[14]                           0.750000    0.840000   -0.090000 (VIOLATED)
wbs_dat_i[15]                           0.750000    0.840000   -0.090000 (VIOLATED)
wbs_dat_i[16]                           0.750000    0.840000   -0.090000 (VIOLATED)
wbs_dat_i[17]                           0.750000    0.840000   -0.090000 (VIOLATED)
wbs_dat_i[18]                           0.750000    0.840000   -0.090000 (VIOLATED)
wbs_dat_i[19]                           0.750000    0.840000   -0.090000 (VIOLATED)
wbs_dat_i[1]                            0.750000    0.840000   -0.090000 (VIOLATED)
wbs_dat_i[20]                           0.750000    0.840000   -0.090000 (VIOLATED)
wbs_dat_i[21]                           0.750000    0.840000   -0.090000 (VIOLATED)
wbs_dat_i[22]                           0.750000    0.840000   -0.090000 (VIOLATED)
wbs_dat_i[23]                           0.750000    0.840000   -0.090000 (VIOLATED)
wbs_dat_i[24]                           0.750000    0.840000   -0.090000 (VIOLATED)
wbs_dat_i[25]                           0.750000    0.840000   -0.090000 (VIOLATED)
wbs_dat_i[26]                           0.750000    0.840000   -0.090000 (VIOLATED)
wbs_dat_i[27]                           0.750000    0.840000   -0.090000 (VIOLATED)
wbs_dat_i[28]                           0.750000    0.840000   -0.090000 (VIOLATED)
wbs_dat_i[29]                           0.750000    0.840000   -0.090000 (VIOLATED)
wbs_dat_i[2]                            0.750000    0.840000   -0.090000 (VIOLATED)
wbs_dat_i[30]                           0.750000    0.840000   -0.090000 (VIOLATED)
wbs_dat_i[31]                           0.750000    0.840000   -0.090000 (VIOLATED)
wbs_dat_i[3]                            0.750000    0.840000   -0.090000 (VIOLATED)
wbs_dat_i[4]                            0.750000    0.840000   -0.090000 (VIOLATED)
wbs_dat_i[5]                            0.750000    0.840000   -0.090000 (VIOLATED)
wbs_dat_i[6]                            0.750000    0.840000   -0.090000 (VIOLATED)
wbs_dat_i[7]                            0.750000    0.840000   -0.090000 (VIOLATED)
wbs_dat_i[8]                            0.750000    0.840000   -0.090000 (VIOLATED)
wbs_dat_i[9]                            0.750000    0.840000   -0.090000 (VIOLATED)

max fanout

Pin                                   Limit Fanout  Slack
---------------------------------------------------------
clkbuf_leaf_43_wb_clk_i/X                10     47    -37 (VIOLATED)
clkbuf_leaf_58_wb_clk_i/X                10     41    -31 (VIOLATED)
clkbuf_leaf_22_wb_clk_i/X                10     35    -25 (VIOLATED)
clkbuf_leaf_37_wb_clk_i/X                10     35    -25 (VIOLATED)
clkbuf_leaf_5_wb_clk_i/X                 10     33    -23 (VIOLATED)
clkbuf_leaf_30_wb_clk_i/X                10     27    -17 (VIOLATED)
clkbuf_leaf_9_wb_clk_i/X                 10     27    -17 (VIOLATED)
clkbuf_3_0_0_wb_clk_i/X                  10     25    -15 (VIOLATED)
clkbuf_3_2_0_wb_clk_i/X                  10     25    -15 (VIOLATED)
clkbuf_leaf_41_wb_clk_i/X                10     23    -13 (VIOLATED)
_3354_/Y                                 10     21    -11 (VIOLATED)
_4291_/Y                                 10     21    -11 (VIOLATED)
_4817_/Y                                 10     21    -11 (VIOLATED)
_6285_/Q                                 10     21    -11 (VIOLATED)
_6289_/Q                                 10     21    -11 (VIOLATED)
_6294_/Q                                 10     21    -11 (VIOLATED)
_6871_/Q                                 10     21    -11 (VIOLATED)
fanout101/X                              10     21    -11 (VIOLATED)
fanout102/X                              10     21    -11 (VIOLATED)
fanout104/X                              10     21    -11 (VIOLATED)
fanout106/X                              10     21    -11 (VIOLATED)
fanout108/X                              10     21    -11 (VIOLATED)
fanout110/X                              10     21    -11 (VIOLATED)
fanout112/X                              10     21    -11 (VIOLATED)
fanout114/X                              10     21    -11 (VIOLATED)
fanout116/X                              10     21    -11 (VIOLATED)
fanout118/X                              10     21    -11 (VIOLATED)
fanout119/X                              10     21    -11 (VIOLATED)
fanout121/X                              10     21    -11 (VIOLATED)
fanout123/X                              10     21    -11 (VIOLATED)
fanout125/X                              10     21    -11 (VIOLATED)
fanout128/X                              10     21    -11 (VIOLATED)
fanout133/X                              10     21    -11 (VIOLATED)
fanout137/X                              10     21    -11 (VIOLATED)
fanout139/X                              10     21    -11 (VIOLATED)
fanout146/X                              10     21    -11 (VIOLATED)
fanout147/X                              10     21    -11 (VIOLATED)
fanout148/X                              10     21    -11 (VIOLATED)
fanout150/X                              10     21    -11 (VIOLATED)
fanout152/X                              10     21    -11 (VIOLATED)
fanout153/X                              10     21    -11 (VIOLATED)
fanout154/X                              10     21    -11 (VIOLATED)
fanout156/X                              10     21    -11 (VIOLATED)
fanout158/X                              10     21    -11 (VIOLATED)
fanout160/X                              10     21    -11 (VIOLATED)
fanout162/X                              10     21    -11 (VIOLATED)
fanout165/X                              10     21    -11 (VIOLATED)
fanout167/X                              10     21    -11 (VIOLATED)
fanout169/X                              10     21    -11 (VIOLATED)
fanout171/X                              10     21    -11 (VIOLATED)
fanout172/X                              10     21    -11 (VIOLATED)
fanout175/X                              10     21    -11 (VIOLATED)
fanout176/X                              10     21    -11 (VIOLATED)
fanout177/X                              10     21    -11 (VIOLATED)
fanout179/X                              10     21    -11 (VIOLATED)
fanout181/X                              10     21    -11 (VIOLATED)
fanout182/X                              10     21    -11 (VIOLATED)
fanout183/X                              10     21    -11 (VIOLATED)
fanout185/X                              10     21    -11 (VIOLATED)
fanout186/X                              10     21    -11 (VIOLATED)
fanout189/X                              10     21    -11 (VIOLATED)
fanout191/X                              10     21    -11 (VIOLATED)
fanout193/X                              10     21    -11 (VIOLATED)
fanout195/X                              10     21    -11 (VIOLATED)
fanout197/X                              10     21    -11 (VIOLATED)
fanout199/X                              10     21    -11 (VIOLATED)
fanout201/X                              10     21    -11 (VIOLATED)
fanout202/X                              10     21    -11 (VIOLATED)
fanout203/X                              10     21    -11 (VIOLATED)
fanout204/X                              10     21    -11 (VIOLATED)
fanout205/X                              10     21    -11 (VIOLATED)
fanout207/X                              10     21    -11 (VIOLATED)
fanout209/X                              10     21    -11 (VIOLATED)
fanout212/X                              10     21    -11 (VIOLATED)
fanout216/X                              10     21    -11 (VIOLATED)
fanout217/X                              10     21    -11 (VIOLATED)
fanout224/X                              10     21    -11 (VIOLATED)
fanout225/X                              10     21    -11 (VIOLATED)
fanout228/X                              10     21    -11 (VIOLATED)
fanout230/X                              10     21    -11 (VIOLATED)
fanout231/X                              10     21    -11 (VIOLATED)
fanout233/X                              10     21    -11 (VIOLATED)
fanout235/X                              10     21    -11 (VIOLATED)
fanout236/X                              10     21    -11 (VIOLATED)
fanout237/X                              10     21    -11 (VIOLATED)
fanout239/X                              10     21    -11 (VIOLATED)
fanout241/X                              10     21    -11 (VIOLATED)
fanout243/X                              10     21    -11 (VIOLATED)
fanout245/X                              10     21    -11 (VIOLATED)
fanout247/X                              10     21    -11 (VIOLATED)
fanout253/X                              10     21    -11 (VIOLATED)
fanout254/X                              10     21    -11 (VIOLATED)
fanout255/X                              10     21    -11 (VIOLATED)
fanout256/X                              10     21    -11 (VIOLATED)
fanout258/X                              10     21    -11 (VIOLATED)
fanout259/X                              10     21    -11 (VIOLATED)
fanout260/X                              10     21    -11 (VIOLATED)
fanout262/X                              10     21    -11 (VIOLATED)
fanout265/X                              10     21    -11 (VIOLATED)
fanout266/X                              10     21    -11 (VIOLATED)
fanout268/X                              10     21    -11 (VIOLATED)
fanout269/X                              10     21    -11 (VIOLATED)
fanout271/X                              10     21    -11 (VIOLATED)
fanout273/X                              10     21    -11 (VIOLATED)
fanout275/X                              10     21    -11 (VIOLATED)
fanout276/X                              10     21    -11 (VIOLATED)
fanout277/X                              10     21    -11 (VIOLATED)
fanout278/X                              10     21    -11 (VIOLATED)
fanout280/X                              10     21    -11 (VIOLATED)
fanout281/X                              10     21    -11 (VIOLATED)
fanout283/X                              10     21    -11 (VIOLATED)
fanout284/X                              10     21    -11 (VIOLATED)
fanout285/X                              10     21    -11 (VIOLATED)
fanout286/X                              10     21    -11 (VIOLATED)
fanout288/X                              10     21    -11 (VIOLATED)
fanout291/X                              10     21    -11 (VIOLATED)
fanout292/X                              10     21    -11 (VIOLATED)
fanout293/X                              10     21    -11 (VIOLATED)
fanout294/X                              10     21    -11 (VIOLATED)
fanout295/X                              10     21    -11 (VIOLATED)
fanout298/X                              10     21    -11 (VIOLATED)
fanout299/X                              10     21    -11 (VIOLATED)
fanout302/X                              10     21    -11 (VIOLATED)
fanout303/X                              10     21    -11 (VIOLATED)
fanout304/X                              10     21    -11 (VIOLATED)
fanout305/X                              10     21    -11 (VIOLATED)
fanout306/X                              10     21    -11 (VIOLATED)
fanout307/X                              10     21    -11 (VIOLATED)
fanout308/X                              10     21    -11 (VIOLATED)
fanout310/X                              10     21    -11 (VIOLATED)
fanout315/X                              10     21    -11 (VIOLATED)
fanout316/X                              10     21    -11 (VIOLATED)
fanout317/X                              10     21    -11 (VIOLATED)
fanout318/X                              10     21    -11 (VIOLATED)
fanout320/X                              10     21    -11 (VIOLATED)
fanout322/X                              10     21    -11 (VIOLATED)
fanout324/X                              10     21    -11 (VIOLATED)
fanout326/X                              10     21    -11 (VIOLATED)
fanout328/X                              10     21    -11 (VIOLATED)
fanout330/X                              10     21    -11 (VIOLATED)
fanout332/X                              10     21    -11 (VIOLATED)
fanout334/X                              10     21    -11 (VIOLATED)
fanout335/X                              10     21    -11 (VIOLATED)
fanout336/X                              10     21    -11 (VIOLATED)
fanout338/X                              10     21    -11 (VIOLATED)
fanout341/X                              10     21    -11 (VIOLATED)
fanout343/X                              10     21    -11 (VIOLATED)
fanout346/X                              10     21    -11 (VIOLATED)
fanout348/X                              10     21    -11 (VIOLATED)
fanout349/X                              10     21    -11 (VIOLATED)
fanout350/X                              10     21    -11 (VIOLATED)
fanout352/X                              10     21    -11 (VIOLATED)
fanout353/X                              10     21    -11 (VIOLATED)
fanout355/X                              10     21    -11 (VIOLATED)
fanout357/X                              10     21    -11 (VIOLATED)
fanout363/X                              10     21    -11 (VIOLATED)
fanout379/X                              10     21    -11 (VIOLATED)
fanout410/X                              10     21    -11 (VIOLATED)
fanout414/X                              10     21    -11 (VIOLATED)
fanout416/X                              10     21    -11 (VIOLATED)
fanout417/X                              10     21    -11 (VIOLATED)
fanout419/X                              10     21    -11 (VIOLATED)
fanout95/X                               10     21    -11 (VIOLATED)
fanout97/X                               10     21    -11 (VIOLATED)
clkbuf_leaf_64_wb_clk_i/X                10     20    -10 (VIOLATED)
_3267_/Y                                 10     19     -9 (VIOLATED)
_3355_/Y                                 10     19     -9 (VIOLATED)
_3546_/Y                                 10     19     -9 (VIOLATED)
_4809_/Y                                 10     19     -9 (VIOLATED)
_5340_/Y                                 10     19     -9 (VIOLATED)
_5361_/Y                                 10     19     -9 (VIOLATED)
_5371_/Y                                 10     19     -9 (VIOLATED)
_5382_/Y                                 10     19     -9 (VIOLATED)
_5404_/Y                                 10     19     -9 (VIOLATED)
_5416_/X                                 10     19     -9 (VIOLATED)
_5426_/X                                 10     19     -9 (VIOLATED)
_5436_/X                                 10     19     -9 (VIOLATED)
_5448_/Y                                 10     19     -9 (VIOLATED)
_5459_/Y                                 10     19     -9 (VIOLATED)
_5469_/X                                 10     19     -9 (VIOLATED)
_5479_/X                                 10     19     -9 (VIOLATED)
_5490_/Y                                 10     19     -9 (VIOLATED)
_5500_/Y                                 10     19     -9 (VIOLATED)
_5510_/Y                                 10     19     -9 (VIOLATED)
_5520_/Y                                 10     19     -9 (VIOLATED)
_5530_/Y                                 10     19     -9 (VIOLATED)
_5540_/X                                 10     19     -9 (VIOLATED)
_5550_/Y                                 10     19     -9 (VIOLATED)
_5570_/Y                                 10     19     -9 (VIOLATED)
_5580_/Y                                 10     19     -9 (VIOLATED)
_5590_/Y                                 10     19     -9 (VIOLATED)
_5600_/X                                 10     19     -9 (VIOLATED)
_5620_/Y                                 10     19     -9 (VIOLATED)
_5640_/Y                                 10     19     -9 (VIOLATED)
_5652_/X                                 10     19     -9 (VIOLATED)
_5662_/Y                                 10     19     -9 (VIOLATED)
_6233_/Q                                 10     19     -9 (VIOLATED)
_6234_/Q                                 10     19     -9 (VIOLATED)
_6268_/Q                                 10     19     -9 (VIOLATED)
_6270_/Q                                 10     19     -9 (VIOLATED)
_6271_/Q                                 10     19     -9 (VIOLATED)
_6290_/Q                                 10     19     -9 (VIOLATED)
_6296_/Q                                 10     19     -9 (VIOLATED)
_6325_/Q                                 10     19     -9 (VIOLATED)
clkbuf_3_1_0_wb_clk_i/X                  10     19     -9 (VIOLATED)
clkbuf_3_4_0_wb_clk_i/X                  10     19     -9 (VIOLATED)
clkbuf_3_5_0_wb_clk_i/X                  10     19     -9 (VIOLATED)
clkbuf_leaf_60_wb_clk_i/X                10     19     -9 (VIOLATED)
clkbuf_leaf_61_wb_clk_i/X                10     19     -9 (VIOLATED)
fanout115/X                              10     19     -9 (VIOLATED)
fanout122/X                              10     19     -9 (VIOLATED)
fanout124/X                              10     19     -9 (VIOLATED)
fanout198/X                              10     19     -9 (VIOLATED)
fanout213/X                              10     19     -9 (VIOLATED)
fanout234/X                              10     19     -9 (VIOLATED)
fanout238/X                              10     19     -9 (VIOLATED)
fanout244/X                              10     19     -9 (VIOLATED)
fanout246/X                              10     19     -9 (VIOLATED)
fanout327/X                              10     19     -9 (VIOLATED)
fanout394/X                              10     19     -9 (VIOLATED)
fanout96/X                               10     19     -9 (VIOLATED)
hold76/X                                 10     19     -9 (VIOLATED)
hold80/X                                 10     19     -9 (VIOLATED)
clkbuf_leaf_4_wb_clk_i/X                 10     18     -8 (VIOLATED)
_3472_/X                                 10     17     -7 (VIOLATED)
_3476_/Y                                 10     17     -7 (VIOLATED)
_3861_/X                                 10     17     -7 (VIOLATED)
_3891_/X                                 10     17     -7 (VIOLATED)
_4282_/X                                 10     17     -7 (VIOLATED)
_4355_/X                                 10     17     -7 (VIOLATED)
_4405_/Y                                 10     17     -7 (VIOLATED)
_6237_/Q                                 10     17     -7 (VIOLATED)
_6238_/Q                                 10     17     -7 (VIOLATED)
_6252_/Q                                 10     17     -7 (VIOLATED)
_6253_/Q                                 10     17     -7 (VIOLATED)
_6255_/Q                                 10     17     -7 (VIOLATED)
_6257_/Q                                 10     17     -7 (VIOLATED)
_6286_/Q                                 10     17     -7 (VIOLATED)
_6874_/Q                                 10     17     -7 (VIOLATED)
_6876_/Q                                 10     17     -7 (VIOLATED)
clkbuf_0_wb_clk_i/X                      10     17     -7 (VIOLATED)
clkbuf_3_3_0_wb_clk_i/X                  10     17     -7 (VIOLATED)
clkbuf_3_6_0_wb_clk_i/X                  10     17     -7 (VIOLATED)
clkbuf_3_7_0_wb_clk_i/X                  10     17     -7 (VIOLATED)
clkbuf_leaf_18_wb_clk_i/X                10     17     -7 (VIOLATED)
clkbuf_leaf_65_wb_clk_i/X                10     17     -7 (VIOLATED)
clkbuf_leaf_67_wb_clk_i/X                10     17     -7 (VIOLATED)
fanout113/X                              10     17     -7 (VIOLATED)
fanout117/X                              10     17     -7 (VIOLATED)
fanout120/X                              10     17     -7 (VIOLATED)
fanout126/X                              10     17     -7 (VIOLATED)
fanout134/X                              10     17     -7 (VIOLATED)
fanout145/X                              10     17     -7 (VIOLATED)
fanout151/X                              10     17     -7 (VIOLATED)
fanout242/X                              10     17     -7 (VIOLATED)
fanout351/X                              10     17     -7 (VIOLATED)
fanout366/X                              10     17     -7 (VIOLATED)
fanout384/X                              10     17     -7 (VIOLATED)
fanout404/X                              10     17     -7 (VIOLATED)
hold58/X                                 10     17     -7 (VIOLATED)
hold63/X                                 10     17     -7 (VIOLATED)
clkbuf_leaf_12_wb_clk_i/X                10     16     -6 (VIOLATED)
clkbuf_leaf_17_wb_clk_i/X                10     16     -6 (VIOLATED)
_3548_/X                                 10     15     -5 (VIOLATED)
_4128_/X                                 10     15     -5 (VIOLATED)
_4144_/X                                 10     15     -5 (VIOLATED)
_4145_/Y                                 10     15     -5 (VIOLATED)
_4808_/Y                                 10     15     -5 (VIOLATED)
_5016_/X                                 10     15     -5 (VIOLATED)
_6235_/Q                                 10     15     -5 (VIOLATED)
_6240_/Q                                 10     15     -5 (VIOLATED)
_6241_/Q                                 10     15     -5 (VIOLATED)
clkbuf_leaf_28_wb_clk_i/X                10     15     -5 (VIOLATED)
clkbuf_leaf_44_wb_clk_i/X                10     15     -5 (VIOLATED)
fanout105/X                              10     15     -5 (VIOLATED)
fanout109/X                              10     15     -5 (VIOLATED)
fanout159/X                              10     15     -5 (VIOLATED)
fanout161/X                              10     15     -5 (VIOLATED)
fanout190/X                              10     15     -5 (VIOLATED)
fanout194/X                              10     15     -5 (VIOLATED)
fanout208/X                              10     15     -5 (VIOLATED)
fanout218/X                              10     15     -5 (VIOLATED)
fanout219/X                              10     15     -5 (VIOLATED)
fanout227/X                              10     15     -5 (VIOLATED)
fanout282/X                              10     15     -5 (VIOLATED)
fanout333/X                              10     15     -5 (VIOLATED)
fanout344/X                              10     15     -5 (VIOLATED)
fanout345/X                              10     15     -5 (VIOLATED)
fanout361/X                              10     15     -5 (VIOLATED)
fanout374/X                              10     15     -5 (VIOLATED)
fanout378/X                              10     15     -5 (VIOLATED)
fanout98/X                               10     15     -5 (VIOLATED)
hold20/X                                 10     15     -5 (VIOLATED)
hold56/X                                 10     15     -5 (VIOLATED)
clkbuf_leaf_0_wb_clk_i/X                 10     14     -4 (VIOLATED)
clkbuf_leaf_11_wb_clk_i/X                10     14     -4 (VIOLATED)
clkbuf_leaf_13_wb_clk_i/X                10     14     -4 (VIOLATED)
clkbuf_leaf_16_wb_clk_i/X                10     14     -4 (VIOLATED)
clkbuf_leaf_20_wb_clk_i/X                10     14     -4 (VIOLATED)
clkbuf_leaf_3_wb_clk_i/X                 10     14     -4 (VIOLATED)
clkbuf_leaf_49_wb_clk_i/X                10     14     -4 (VIOLATED)
clkbuf_leaf_54_wb_clk_i/X                10     14     -4 (VIOLATED)
_3091_/Y                                 10     13     -3 (VIOLATED)
_3107_/Y                                 10     13     -3 (VIOLATED)
_3111_/Y                                 10     13     -3 (VIOLATED)
_3408_/Y                                 10     13     -3 (VIOLATED)
_3425_/X                                 10     13     -3 (VIOLATED)
_3609_/X                                 10     13     -3 (VIOLATED)
_4292_/X                                 10     13     -3 (VIOLATED)
_5121_/X                                 10     13     -3 (VIOLATED)
_6236_/Q                                 10     13     -3 (VIOLATED)
_6239_/Q                                 10     13     -3 (VIOLATED)
_6254_/Q                                 10     13     -3 (VIOLATED)
_6258_/Q                                 10     13     -3 (VIOLATED)
_6262_/Q                                 10     13     -3 (VIOLATED)
_6675_/Q                                 10     13     -3 (VIOLATED)
_6714_/Q                                 10     13     -3 (VIOLATED)
clkbuf_leaf_10_wb_clk_i/X                10     13     -3 (VIOLATED)
clkbuf_leaf_2_wb_clk_i/X                 10     13     -3 (VIOLATED)
clkbuf_leaf_59_wb_clk_i/X                10     13     -3 (VIOLATED)
clkbuf_leaf_62_wb_clk_i/X                10     13     -3 (VIOLATED)
fanout144/X                              10     13     -3 (VIOLATED)
fanout163/X                              10     13     -3 (VIOLATED)
fanout174/X                              10     13     -3 (VIOLATED)
fanout196/X                              10     13     -3 (VIOLATED)
fanout279/X                              10     13     -3 (VIOLATED)
fanout287/X                              10     13     -3 (VIOLATED)
fanout339/X                              10     13     -3 (VIOLATED)
fanout340/X                              10     13     -3 (VIOLATED)
fanout367/X                              10     13     -3 (VIOLATED)
fanout392/X                              10     13     -3 (VIOLATED)
fanout407/X                              10     13     -3 (VIOLATED)
fanout415/X                              10     13     -3 (VIOLATED)
fanout418/X                              10     13     -3 (VIOLATED)
input23/X                                10     13     -3 (VIOLATED)
input56/X                                10     13     -3 (VIOLATED)
input57/X                                10     13     -3 (VIOLATED)
clkbuf_leaf_1_wb_clk_i/X                 10     12     -2 (VIOLATED)
clkbuf_leaf_42_wb_clk_i/X                10     12     -2 (VIOLATED)
clkbuf_leaf_47_wb_clk_i/X                10     12     -2 (VIOLATED)
clkbuf_leaf_51_wb_clk_i/X                10     12     -2 (VIOLATED)
clkbuf_leaf_53_wb_clk_i/X                10     12     -2 (VIOLATED)
clkbuf_leaf_55_wb_clk_i/X                10     12     -2 (VIOLATED)
clkbuf_leaf_57_wb_clk_i/X                10     12     -2 (VIOLATED)
_3099_/Y                                 10     11        (VIOLATED)
_3102_/Y                                 10     11        (VIOLATED)
_3115_/Y                                 10     11        (VIOLATED)
_3298_/X                                 10     11        (VIOLATED)
_3314_/Y                                 10     11        (VIOLATED)
_3952_/Y                                 10     11        (VIOLATED)
_4433_/Y                                 10     11        (VIOLATED)
_4814_/X                                 10     11        (VIOLATED)
_6690_/Q                                 10     11        (VIOLATED)
_6873_/Q                                 10     11        (VIOLATED)
_6888_/Q                                 10     11        (VIOLATED)
clkbuf_leaf_15_wb_clk_i/X                10     11        (VIOLATED)
clkbuf_leaf_21_wb_clk_i/X                10     11        (VIOLATED)
clkbuf_leaf_23_wb_clk_i/X                10     11        (VIOLATED)
clkbuf_leaf_26_wb_clk_i/X                10     11        (VIOLATED)
clkbuf_leaf_34_wb_clk_i/X                10     11        (VIOLATED)
clkbuf_leaf_35_wb_clk_i/X                10     11        (VIOLATED)
clkbuf_leaf_38_wb_clk_i/X                10     11        (VIOLATED)
fanout168/X                              10     11        (VIOLATED)
fanout188/X                              10     11        (VIOLATED)
fanout206/X                              10     11        (VIOLATED)
fanout211/X                              10     11        (VIOLATED)
fanout223/X                              10     11        (VIOLATED)
fanout250/X                              10     11        (VIOLATED)
fanout252/X                              10     11        (VIOLATED)
fanout263/X                              10     11        (VIOLATED)
fanout274/X                              10     11        (VIOLATED)
fanout290/X                              10     11        (VIOLATED)
fanout309/X                              10     11        (VIOLATED)
fanout321/X                              10     11        (VIOLATED)
fanout325/X                              10     11        (VIOLATED)
fanout329/X                              10     11        (VIOLATED)
fanout337/X                              10     11        (VIOLATED)
fanout342/X                              10     11        (VIOLATED)
fanout347/X                              10     11        (VIOLATED)
fanout356/X                              10     11        (VIOLATED)
fanout383/X                              10     11        (VIOLATED)
fanout398/X                              10     11        (VIOLATED)
fanout399/X                              10     11        (VIOLATED)
fanout405/X                              10     11        (VIOLATED)
input10/X                                10     11        (VIOLATED)
input12/X                                10     11        (VIOLATED)
input13/X                                10     11        (VIOLATED)
input14/X                                10     11        (VIOLATED)
input16/X                                10     11        (VIOLATED)
max_cap132/X                             10     11        (VIOLATED)



===========================================================================
report_parasitic_annotation -report_unannotated
============================================================================
Found 68 unannotated drivers.
 clkload0/X
 clkload1/Y
 clkload10/Y
 clkload11/Y
 clkload12/Y
 clkload13/Y
 clkload14/Y
 clkload15/Y
 clkload16/Y
 clkload17/Y
 clkload18/Y
 clkload19/Y
 clkload2/Y
 clkload20/Y
 clkload21/X
 clkload22/Y
 clkload23/Y
 clkload24/Y
 clkload25/Y
 clkload26/Y
 clkload27/Y
 clkload28/Y
 clkload29/X
 clkload3/Y
 clkload30/Y
 clkload31/Y
 clkload32/Y
 clkload33/Y
 clkload34/Y
 clkload35/Y
 clkload36/Y
 clkload37/Y
 clkload38/Y
 clkload39/Y
 clkload4/Y
 clkload40/X
 clkload41/Y
 clkload42/Y
 clkload43/Y
 clkload44/Y
 clkload45/Y
 clkload46/Y
 clkload47/Y
 clkload48/Y
 clkload49/Y
 clkload5/Y
 clkload50/Y
 clkload51/Y
 clkload52/Y
 clkload53/Y
 clkload54/Y
 clkload55/Y
 clkload56/Y
 clkload57/Y
 clkload58/Y
 clkload59/Y
 clkload6/Y
 clkload60/Y
 clkload61/X
 clkload62/Y
 clkload63/Y
 clkload64/X
 clkload65/Y
 clkload66/Y
 clkload7/Y
 clkload8/Y
 clkload9/Y
 user_project_420/HI
Found 0 partially unannotated drivers.

===========================================================================
max slew violation count 192
Writing metric design__max_slew_violation__count__corner:nom_tt_025C_1v80: 192
max fanout violation count 390
Writing metric design__max_fanout_violation__count__corner:nom_tt_025C_1v80: 390
max cap violation count 0
Writing metric design__max_cap_violation__count__corner:nom_tt_025C_1v80: 0
============================================================================

===========================================================================
check_setup -verbose -unconstrained_endpoints -multiple_clock -no_clock -no_input_delay -loops -generated_clocks
===========================================================================
Warning: There is 1 input port missing set_input_delay.
  uart_rx
Warning: There are 4 unconstrained endpoints.
  pwm_out
  uart_tx
  user_irq[2]
  _6837_/D
