┏━━━━━━━┳━━━━━━━━━┳━━━━━━━━━━┳━━━━━━━━━━━━━━┳━━━━━━━━━━━━━━━━━━━━━━━━━┳━━━━━━━┓
┃ P / R ┃ Partial ┃ Required ┃ Net          ┃ Pin                     ┃ Layer ┃
┡━━━━━━━╇━━━━━━━━━╇━━━━━━━━━━╇━━━━━━━━━━━━━━╇━━━━━━━━━━━━━━━━━━━━━━━━━╇━━━━━━━┩
│ 5.72  │ 2287.05 │ 400.00   │ net5         │ sram_inst/wbs_adr_i[11] │ met3  │
│ 5.72  │ 2286.86 │ 400.00   │ wbs_sel_i[0] │ sram_inst/wbs_sel_i[0]  │ met4  │
│ 5.28  │ 2111.62 │ 400.00   │ wbs_sel_i[3] │ sram_inst/wbs_sel_i[3]  │ met4  │
│ 5.06  │ 2024.19 │ 400.00   │ net21        │ sram_inst/wbs_adr_i[8]  │ met3  │
│ 5.06  │ 2024.00 │ 400.00   │ wbs_sel_i[1] │ sram_inst/wbs_sel_i[1]  │ met4  │
│ 5.06  │ 2024.00 │ 400.00   │ wbs_sel_i[2] │ sram_inst/wbs_sel_i[2]  │ met4  │
│ 3.97  │ 1586.10 │ 400.00   │ net19        │ sram_inst/wbs_adr_i[6]  │ met3  │
│ 3.22  │ 1286.59 │ 400.00   │ net956       │ _6891_/A                │ met1  │
│ 3.09  │ 1234.03 │ 400.00   │ pwm_inst.IRQ │ hold350/A               │ met2  │
│ 2.71  │ 1084.56 │ 400.00   │ net15        │ hold138/A               │ met1  │
│ 2.43  │ 972.76  │ 400.00   │ pwm_inst.IRQ │ hold350/A               │ met3  │
│ 2.43  │ 972.76  │ 400.00   │ net44        │ sram_inst/wbs_dat_i[28] │ met3  │
│ 2.43  │ 972.76  │ 400.00   │ net47        │ sram_inst/wbs_dat_i[30] │ met3  │
│ 2.43  │ 972.76  │ 400.00   │ net342       │ sram_inst/wbs_dat_i[3]  │ met3  │
│ 2.21  │ 885.14  │ 400.00   │ net48        │ sram_inst/wbs_dat_i[31] │ met3  │
│ 2.21  │ 884.15  │ 400.00   │ net192       │ output58/A              │ met4  │
│ 2.11  │ 844.63  │ 400.00   │ net770       │ _6890_/A                │ met1  │
│ 2.02  │ 807.47  │ 400.00   │ _1955_       │ _5124_/B1               │ met3  │
│ 1.79  │ 716.16  │ 400.00   │ net18        │ _3133_/B                │ met3  │
│ 1.79  │ 716.16  │ 400.00   │ net18        │ _4146_/D_N              │ met3  │
│ 1.79  │ 716.16  │ 400.00   │ net18        │ sram_inst/wbs_adr_i[5]  │ met3  │
│ 1.77  │ 709.90  │ 400.00   │ net15        │ sram_inst/wbs_adr_i[2]  │ met3  │
│ 1.74  │ 697.47  │ 400.00   │ net47        │ sram_inst/wbs_dat_i[30] │ met2  │
│ 1.72  │ 689.62  │ 400.00   │ net349       │ fanout348/A             │ met1  │
│ 1.57  │ 629.04  │ 400.00   │ _2592_       │ _5334_/A3               │ met3  │
│ 1.56  │ 622.29  │ 400.00   │ net30        │ sram_inst/wbs_dat_i[15] │ met3  │
│ 1.56  │ 622.29  │ 400.00   │ net40        │ sram_inst/wbs_dat_i[24] │ met3  │
│ 1.56  │ 622.29  │ 400.00   │ net41        │ sram_inst/wbs_dat_i[25] │ met3  │
│ 1.56  │ 622.29  │ 400.00   │ net42        │ sram_inst/wbs_dat_i[26] │ met3  │
│ 1.51  │ 602.36  │ 400.00   │ net14        │ _4965_/A                │ met2  │
│ 1.48  │ 591.03  │ 400.00   │ net3         │ _4965_/B                │ met2  │
│ 1.46  │ 583.33  │ 400.00   │ net335       │ _3309_/A0               │ met1  │
│ 1.41  │ 562.57  │ 400.00   │ net57        │ sram_inst/wbs_we_i      │ met3  │
│ 1.39  │ 556.00  │ 400.00   │ net22        │ hold121/A               │ met1  │
│ 1.38  │ 550.03  │ 400.00   │ net213       │ fanout212/A             │ met1  │
│ 1.37  │ 548.00  │ 400.00   │ net500       │ _4299_/A1               │ met1  │
│ 1.36  │ 544.22  │ 400.00   │ net45        │ sram_inst/wbs_dat_i[29] │ met2  │
│ 1.36  │ 544.22  │ 400.00   │ net45        │ hold10/A                │ met2  │
│ 1.34  │ 534.67  │ 400.00   │ net26        │ sram_inst/wbs_dat_i[11] │ met3  │
│ 1.34  │ 534.67  │ 400.00   │ net29        │ sram_inst/wbs_dat_i[14] │ met3  │
│ 1.34  │ 534.67  │ 400.00   │ net55        │ sram_inst/wbs_dat_i[9]  │ met3  │
│ 1.34  │ 534.67  │ 400.00   │ net483       │ _3300_/A0               │ met3  │
│ 1.30  │ 521.87  │ 400.00   │ net344       │ _3345_/A0               │ met1  │
│ 1.28  │ 510.94  │ 400.00   │ _2073_       │ _4104_/A2               │ met1  │
│ 1.21  │ 484.14  │ 400.00   │ net17        │ sram_inst/wbs_adr_i[4]  │ met2  │
│ 1.19  │ 475.00  │ 400.00   │ net324       │ _3318_/A0               │ met1  │
│ 1.18  │ 472.11  │ 400.00   │ net351       │ _4358_/A1               │ met1  │
│ 1.18  │ 471.61  │ 400.00   │ net112       │ _5562_/A1               │ met1  │
│ 1.12  │ 447.37  │ 400.00   │ net7         │ _3329_/B                │ met3  │
│ 1.12  │ 447.05  │ 400.00   │ net25        │ sram_inst/wbs_dat_i[10] │ met3  │
│ 1.12  │ 447.05  │ 400.00   │ net31        │ sram_inst/wbs_dat_i[16] │ met3  │
│ 1.11  │ 443.91  │ 400.00   │ net317       │ _4169_/A0               │ met1  │
│ 1.11  │ 443.91  │ 400.00   │ net317       │ _4206_/A0               │ met1  │
│ 1.10  │ 439.22  │ 400.00   │ _1805_       │ fanout126/A             │ met1  │
│ 1.05  │ 418.44  │ 400.00   │ net133       │ _5508_/A1               │ met1  │
│ 1.05  │ 418.44  │ 400.00   │ net133       │ _5598_/A1               │ met1  │
│ 1.04  │ 417.17  │ 400.00   │ net110       │ _5362_/A1               │ met1  │
│ 1.03  │ 410.86  │ 400.00   │ net211       │ fanout208/A             │ met1  │
│ 1.01  │ 403.73  │ 400.00   │ _2615_       │ _4895_/C1               │ met3  │
│ 1.01  │ 402.55  │ 400.00   │ net353       │ _3340_/A1               │ met1  │
│ 1.01  │ 402.55  │ 400.00   │ net353       │ _5336_/A                │ met1  │
└───────┴─────────┴──────────┴──────────────┴─────────────────────────┴───────┘
