[WARNING ORD-0039] .openroad ignored with -python
                                Cells by Master                                 
┏━━━━━━━━━━━━━━━━━━━━━━━━━━━━━━━━━━━━━━━━━━━━━━━━━━━━━━━━━━━━━━━━┳━━━━━━━━━━━━━┓
┃ Cell                                                           ┃ Count       ┃
┡━━━━━━━━━━━━━━━━━━━━━━━━━━━━━━━━━━━━━━━━━━━━━━━━━━━━━━━━━━━━━━━━╇━━━━━━━━━━━━━┩
│ CF_SRAM_1024x32_wb_wrapper                                     │ 1           │
│ sky130_ef_sc_hd__decap_12                                      │ 14598       │
│ sky130_fd_sc_hd__a2111o_1                                      │ 3           │
│ sky130_fd_sc_hd__a2111o_4                                      │ 3           │
│ sky130_fd_sc_hd__a211o_1                                       │ 44          │
│ sky130_fd_sc_hd__a211o_2                                       │ 14          │
│ sky130_fd_sc_hd__a211oi_1                                      │ 3           │
│ sky130_fd_sc_hd__a211oi_4                                      │ 1           │
│ sky130_fd_sc_hd__a21bo_1                                       │ 13          │
│ sky130_fd_sc_hd__a21boi_1                                      │ 5           │
│ sky130_fd_sc_hd__a21o_1                                        │ 49          │
│ sky130_fd_sc_hd__a21o_2                                        │ 2           │
│ sky130_fd_sc_hd__a21o_4                                        │ 1           │
│ sky130_fd_sc_hd__a21oi_1                                       │ 52          │
│ sky130_fd_sc_hd__a21oi_2                                       │ 4           │
│ sky130_fd_sc_hd__a21oi_4                                       │ 1           │
│ sky130_fd_sc_hd__a221o_1                                       │ 70          │
│ sky130_fd_sc_hd__a221o_2                                       │ 1           │
│ sky130_fd_sc_hd__a22o_1                                        │ 85          │
│ sky130_fd_sc_hd__a22o_2                                        │ 3           │
│ sky130_fd_sc_hd__a22oi_1                                       │ 5           │
│ sky130_fd_sc_hd__a2bb2o_1                                      │ 20          │
│ sky130_fd_sc_hd__a2bb2o_2                                      │ 1           │
│ sky130_fd_sc_hd__a311o_1                                       │ 3           │
│ sky130_fd_sc_hd__a31o_1                                        │ 31          │
│ sky130_fd_sc_hd__a31o_2                                        │ 3           │
│ sky130_fd_sc_hd__a31oi_1                                       │ 2           │
│ sky130_fd_sc_hd__a32o_1                                        │ 43          │
│ sky130_fd_sc_hd__a32o_2                                        │ 2           │
│ sky130_fd_sc_hd__a41o_1                                        │ 3           │
│ sky130_fd_sc_hd__and2_1                                        │ 48          │
│ sky130_fd_sc_hd__and2_2                                        │ 3           │
│ sky130_fd_sc_hd__and2_4                                        │ 1           │
│ sky130_fd_sc_hd__and2b_1                                       │ 15          │
│ sky130_fd_sc_hd__and2b_2                                       │ 2           │
│ sky130_fd_sc_hd__and2b_4                                       │ 3           │
│ sky130_fd_sc_hd__and3_1                                        │ 49          │
│ sky130_fd_sc_hd__and3_2                                        │ 1           │
│ sky130_fd_sc_hd__and3_4                                        │ 2           │
│ sky130_fd_sc_hd__and3b_1                                       │ 15          │
│ sky130_fd_sc_hd__and4_1                                        │ 11          │
│ sky130_fd_sc_hd__and4_2                                        │ 7           │
│ sky130_fd_sc_hd__and4b_1                                       │ 6           │
│ sky130_fd_sc_hd__and4b_2                                       │ 2           │
│ sky130_fd_sc_hd__and4bb_1                                      │ 3           │
│ sky130_fd_sc_hd__and4bb_2                                      │ 1           │
│ sky130_fd_sc_hd__buf_1                                         │ 4           │
│ sky130_fd_sc_hd__buf_12                                        │ 37          │
│ sky130_fd_sc_hd__buf_2                                         │ 91          │
│ sky130_fd_sc_hd__buf_4                                         │ 93          │
│ sky130_fd_sc_hd__buf_6                                         │ 1           │
│ sky130_fd_sc_hd__bufinv_16                                     │ 6           │
│ sky130_fd_sc_hd__clkbuf_1                                      │ 7           │
│ sky130_fd_sc_hd__clkbuf_16                                     │ 4           │
│ sky130_fd_sc_hd__clkbuf_2                                      │ 41          │
│ sky130_fd_sc_hd__clkbuf_4                                      │ 170         │
│ sky130_fd_sc_hd__clkbuf_8                                      │ 80          │
│ sky130_fd_sc_hd__clkinv_1                                      │ 2           │
│ sky130_fd_sc_hd__clkinv_2                                      │ 3           │
│ sky130_fd_sc_hd__clkinv_4                                      │ 7           │
│ sky130_fd_sc_hd__clkinv_8                                      │ 10          │
│ sky130_fd_sc_hd__conb_1                                        │ 1           │
│ sky130_fd_sc_hd__decap_3                                       │ 1655        │
│ sky130_fd_sc_hd__decap_4                                       │ 1087        │
│ sky130_fd_sc_hd__decap_6                                       │ 3360        │
│ sky130_fd_sc_hd__decap_8                                       │ 832         │
│ sky130_fd_sc_hd__dfrtp_1                                       │ 330         │
│ sky130_fd_sc_hd__dfrtp_2                                       │ 47          │
│ sky130_fd_sc_hd__dfrtp_4                                       │ 60          │
│ sky130_fd_sc_hd__dfstp_1                                       │ 24          │
│ sky130_fd_sc_hd__dfstp_2                                       │ 1           │
│ sky130_fd_sc_hd__dfstp_4                                       │ 1           │
│ sky130_fd_sc_hd__dfxtp_1                                       │ 292         │
│ sky130_fd_sc_hd__diode_2                                       │ 4337        │
│ sky130_fd_sc_hd__dlygate4sd3_1                                 │ 620         │
│ sky130_fd_sc_hd__dlymetal6s2s_1                                │ 4           │
│ sky130_fd_sc_hd__fill_1                                        │ 5260        │
│ sky130_fd_sc_hd__fill_2                                        │ 642         │
│ sky130_fd_sc_hd__inv_12                                        │ 5           │
│ sky130_fd_sc_hd__inv_16                                        │ 5           │
│ sky130_fd_sc_hd__inv_2                                         │ 557         │
│ sky130_fd_sc_hd__inv_4                                         │ 1           │
│ sky130_fd_sc_hd__inv_6                                         │ 13          │
│ sky130_fd_sc_hd__inv_8                                         │ 8           │
│ sky130_fd_sc_hd__mux2_1                                        │ 693         │
│ sky130_fd_sc_hd__mux2_2                                        │ 1           │
│ sky130_fd_sc_hd__mux2_4                                        │ 1           │
│ sky130_fd_sc_hd__mux4_1                                        │ 9           │
│ sky130_fd_sc_hd__nand2_1                                       │ 124         │
│ sky130_fd_sc_hd__nand2_2                                       │ 13          │
│ sky130_fd_sc_hd__nand2_4                                       │ 5           │
│ sky130_fd_sc_hd__nand2b_1                                      │ 9           │
│ sky130_fd_sc_hd__nand2b_4                                      │ 4           │
│ sky130_fd_sc_hd__nand3_1                                       │ 5           │
│ sky130_fd_sc_hd__nand3b_1                                      │ 1           │
│ sky130_fd_sc_hd__nand3b_2                                      │ 1           │
│ sky130_fd_sc_hd__nand4_2                                       │ 1           │
│ sky130_fd_sc_hd__nand4_4                                       │ 1           │
│ sky130_fd_sc_hd__nor2_1                                        │ 96          │
│ sky130_fd_sc_hd__nor2_2                                        │ 11          │
│ sky130_fd_sc_hd__nor2_4                                        │ 31          │
│ sky130_fd_sc_hd__nor3_1                                        │ 3           │
│ sky130_fd_sc_hd__nor3_2                                        │ 1           │
│ sky130_fd_sc_hd__nor3b_1                                       │ 1           │
│ sky130_fd_sc_hd__nor4_1                                        │ 3           │
│ sky130_fd_sc_hd__nor4b_1                                       │ 1           │
│ sky130_fd_sc_hd__o2111a_1                                      │ 1           │
│ sky130_fd_sc_hd__o211a_1                                       │ 61          │
│ sky130_fd_sc_hd__o211a_4                                       │ 1           │
│ sky130_fd_sc_hd__o211ai_1                                      │ 4           │
│ sky130_fd_sc_hd__o21a_1                                        │ 54          │
│ sky130_fd_sc_hd__o21ai_1                                       │ 65          │
│ sky130_fd_sc_hd__o21ai_2                                       │ 2           │
│ sky130_fd_sc_hd__o21ai_4                                       │ 2           │
│ sky130_fd_sc_hd__o21ba_1                                       │ 14          │
│ sky130_fd_sc_hd__o21bai_1                                      │ 1           │
│ sky130_fd_sc_hd__o221a_1                                       │ 108         │
│ sky130_fd_sc_hd__o221ai_1                                      │ 6           │
│ sky130_fd_sc_hd__o22a_1                                        │ 54          │
│ sky130_fd_sc_hd__o22ai_1                                       │ 2           │
│ sky130_fd_sc_hd__o2bb2a_1                                      │ 15          │
│ sky130_fd_sc_hd__o311a_1                                       │ 4           │
│ sky130_fd_sc_hd__o31a_1                                        │ 24          │
│ sky130_fd_sc_hd__o31ai_1                                       │ 1           │
│ sky130_fd_sc_hd__o32a_1                                        │ 1           │
│ sky130_fd_sc_hd__o41ai_4                                       │ 1           │
│ sky130_fd_sc_hd__or2_1                                         │ 133         │
│ sky130_fd_sc_hd__or2_2                                         │ 19          │
│ sky130_fd_sc_hd__or2_4                                         │ 8           │
│ sky130_fd_sc_hd__or3_1                                         │ 25          │
│ sky130_fd_sc_hd__or3_2                                         │ 6           │
│ sky130_fd_sc_hd__or3_4                                         │ 10          │
│ sky130_fd_sc_hd__or3b_1                                        │ 19          │
│ sky130_fd_sc_hd__or3b_4                                        │ 4           │
│ sky130_fd_sc_hd__or4_1                                         │ 45          │
│ sky130_fd_sc_hd__or4_2                                         │ 13          │
│ sky130_fd_sc_hd__or4_4                                         │ 6           │
│ sky130_fd_sc_hd__or4b_1                                        │ 8           │
│ sky130_fd_sc_hd__or4b_4                                        │ 3           │
│ sky130_fd_sc_hd__or4bb_2                                       │ 1           │
│ sky130_fd_sc_hd__or4bb_4                                       │ 1           │
│ sky130_fd_sc_hd__tapvpwrvgnd_1                                 │ 4884        │
│ sky130_fd_sc_hd__xnor2_1                                       │ 82          │
│ sky130_fd_sc_hd__xor2_1                                        │ 75          │
└────────────────────────────────────────────────────────────────┴─────────────┘
                               Cells by Function                                
┏━━━━━━━━━━━━━━━━━━━━━━━━━━━━━━━━━━━━━━━━━━━━━━━━━━━━━━━━━━━━━━━┳━━━━━━━━━━━━━━┓
┃ Cell Function                                                 ┃ Count        ┃
┡━━━━━━━━━━━━━━━━━━━━━━━━━━━━━━━━━━━━━━━━━━━━━━━━━━━━━━━━━━━━━━━╇━━━━━━━━━━━━━━┩
│ sky130_ef_sc_hd__decap                                        │ 14598        │
│ sky130_fd_sc_hd__a2111o                                       │ 6            │
│ sky130_fd_sc_hd__a211o                                        │ 58           │
│ sky130_fd_sc_hd__a211oi                                       │ 4            │
│ sky130_fd_sc_hd__a21bo                                        │ 13           │
│ sky130_fd_sc_hd__a21boi                                       │ 5            │
│ sky130_fd_sc_hd__a21o                                         │ 52           │
│ sky130_fd_sc_hd__a21oi                                        │ 57           │
│ sky130_fd_sc_hd__a221o                                        │ 71           │
│ sky130_fd_sc_hd__a22o                                         │ 88           │
│ sky130_fd_sc_hd__a22oi                                        │ 5            │
│ sky130_fd_sc_hd__a2bb2o                                       │ 21           │
│ sky130_fd_sc_hd__a311o                                        │ 3            │
│ sky130_fd_sc_hd__a31o                                         │ 34           │
│ sky130_fd_sc_hd__a31oi                                        │ 2            │
│ sky130_fd_sc_hd__a32o                                         │ 45           │
│ sky130_fd_sc_hd__a41o                                         │ 3            │
│ sky130_fd_sc_hd__and2                                         │ 52           │
│ sky130_fd_sc_hd__and2b                                        │ 20           │
│ sky130_fd_sc_hd__and3                                         │ 52           │
│ sky130_fd_sc_hd__and3b                                        │ 15           │
│ sky130_fd_sc_hd__and4                                         │ 18           │
│ sky130_fd_sc_hd__and4b                                        │ 8            │
│ sky130_fd_sc_hd__and4bb                                       │ 4            │
│ sky130_fd_sc_hd__buf                                          │ 226          │
│ sky130_fd_sc_hd__bufinv                                       │ 6            │
│ sky130_fd_sc_hd__clkbuf                                       │ 302          │
│ sky130_fd_sc_hd__clkinv                                       │ 22           │
│ sky130_fd_sc_hd__conb                                         │ 1            │
│ sky130_fd_sc_hd__decap                                        │ 6934         │
│ sky130_fd_sc_hd__dfrtp                                        │ 437          │
│ sky130_fd_sc_hd__dfstp                                        │ 26           │
│ sky130_fd_sc_hd__dfxtp                                        │ 292          │
│ sky130_fd_sc_hd__diode                                        │ 4337         │
│ sky130_fd_sc_hd__dlygate4sd3                                  │ 620          │
│ sky130_fd_sc_hd__dlymetal6s2s                                 │ 4            │
│ sky130_fd_sc_hd__fill                                         │ 5902         │
│ sky130_fd_sc_hd__inv                                          │ 589          │
│ sky130_fd_sc_hd__mux2                                         │ 695          │
│ sky130_fd_sc_hd__mux4                                         │ 9            │
│ sky130_fd_sc_hd__nand2                                        │ 142          │
│ sky130_fd_sc_hd__nand2b                                       │ 13           │
│ sky130_fd_sc_hd__nand3                                        │ 5            │
│ sky130_fd_sc_hd__nand3b                                       │ 2            │
│ sky130_fd_sc_hd__nand4                                        │ 2            │
│ sky130_fd_sc_hd__nor2                                         │ 138          │
│ sky130_fd_sc_hd__nor3                                         │ 4            │
│ sky130_fd_sc_hd__nor3b                                        │ 1            │
│ sky130_fd_sc_hd__nor4                                         │ 3            │
│ sky130_fd_sc_hd__nor4b                                        │ 1            │
│ sky130_fd_sc_hd__o2111a                                       │ 1            │
│ sky130_fd_sc_hd__o211a                                        │ 62           │
│ sky130_fd_sc_hd__o211ai                                       │ 4            │
│ sky130_fd_sc_hd__o21a                                         │ 54           │
│ sky130_fd_sc_hd__o21ai                                        │ 69           │
│ sky130_fd_sc_hd__o21ba                                        │ 14           │
│ sky130_fd_sc_hd__o21bai                                       │ 1            │
│ sky130_fd_sc_hd__o221a                                        │ 108          │
│ sky130_fd_sc_hd__o221ai                                       │ 6            │
│ sky130_fd_sc_hd__o22a                                         │ 54           │
│ sky130_fd_sc_hd__o22ai                                        │ 2            │
│ sky130_fd_sc_hd__o2bb2a                                       │ 15           │
│ sky130_fd_sc_hd__o311a                                        │ 4            │
│ sky130_fd_sc_hd__o31a                                         │ 24           │
│ sky130_fd_sc_hd__o31ai                                        │ 1            │
│ sky130_fd_sc_hd__o32a                                         │ 1            │
│ sky130_fd_sc_hd__o41ai                                        │ 1            │
│ sky130_fd_sc_hd__or2                                          │ 160          │
│ sky130_fd_sc_hd__or3                                          │ 41           │
│ sky130_fd_sc_hd__or3b                                         │ 23           │
│ sky130_fd_sc_hd__or4                                          │ 64           │
│ sky130_fd_sc_hd__or4b                                         │ 11           │
│ sky130_fd_sc_hd__or4bb                                        │ 2            │
│ sky130_fd_sc_hd__tapvpwrvgnd                                  │ 4884         │
│ sky130_fd_sc_hd__xnor2                                        │ 82           │
│ sky130_fd_sc_hd__xor2                                         │ 75           │
└───────────────────────────────────────────────────────────────┴──────────────┘
                                  Cells by SCL                                  
┏━━━━━━━━━━━━━━━━━━━━━━━━━━━━━━━━━━━━━━━━━━━━━━━━━━━━━━━┳━━━━━━━━━━━━━━━━━━━━━━┓
┃ SCL                                                   ┃ Count                ┃
┡━━━━━━━━━━━━━━━━━━━━━━━━━━━━━━━━━━━━━━━━━━━━━━━━━━━━━━━╇━━━━━━━━━━━━━━━━━━━━━━┩
│ sky130_ef_sc_hd                                       │ 14598                │
│ sky130_fd_sc_hd                                       │ 27112                │
└───────────────────────────────────────────────────────┴──────────────────────┘
                             Buffers by Cell Master                             
┏━━━━━━━━━━━━━━━━━━━━━━━━━━━━━━━━━━━━━━━━━━━━━━━━━━━━━━━━━━━━━━━━┳━━━━━━━━━━━━━┓
┃ Buffer                                                         ┃ Count       ┃
┡━━━━━━━━━━━━━━━━━━━━━━━━━━━━━━━━━━━━━━━━━━━━━━━━━━━━━━━━━━━━━━━━╇━━━━━━━━━━━━━┩
│ sky130_fd_sc_hd__buf_1                                         │ 4           │
│ sky130_fd_sc_hd__buf_12                                        │ 37          │
│ sky130_fd_sc_hd__buf_2                                         │ 91          │
│ sky130_fd_sc_hd__buf_4                                         │ 93          │
│ sky130_fd_sc_hd__buf_6                                         │ 1           │
│ sky130_fd_sc_hd__clkbuf_1                                      │ 7           │
│ sky130_fd_sc_hd__clkbuf_16                                     │ 4           │
│ sky130_fd_sc_hd__clkbuf_2                                      │ 41          │
│ sky130_fd_sc_hd__clkbuf_4                                      │ 170         │
│ sky130_fd_sc_hd__clkbuf_8                                      │ 80          │
│ sky130_fd_sc_hd__dlygate4sd3_1                                 │ 620         │
│ sky130_fd_sc_hd__dlymetal6s2s_1                                │ 4           │
└────────────────────────────────────────────────────────────────┴─────────────┘
