
===========================================================================
report_checks -unconstrained
===========================================================================
======================= min_ss_100C_1v60 Corner ===================================

Startpoint: wb_rst_i (input port clocked by clk)
Endpoint: _6209_ (recovery check against rising-edge clock clk)
Path Group: asynchronous
Path Type: max

Fanout         Cap        Slew       Delay        Time   Description
---------------------------------------------------------------------------------------------
                                  0.000000    0.000000   clock clk (rise edge)
                                  5.570000    5.570000   clock network delay (propagated)
                                 12.500000   18.070000 v input external delay
     2    0.003904    0.000000    0.000000   18.070000 v wb_rst_i (in)
                                                         wb_rst_i (net)
                      0.000047    0.000023   18.070023 v input2/A (sky130_fd_sc_hd__clkbuf_2)
     3    0.026596    0.191122    0.266954   18.336977 v input2/X (sky130_fd_sc_hd__clkbuf_2)
                                                         net2 (net)
                      0.191231    0.002469   18.339445 v fanout418/A (sky130_fd_sc_hd__clkbuf_8)
    13    0.128381    0.238644    0.458313   18.797758 v fanout418/X (sky130_fd_sc_hd__clkbuf_8)
                                                         net418 (net)
                      0.239931    0.014285   18.812044 v fanout405/A (sky130_fd_sc_hd__buf_2)
    11    0.056383    0.254535    0.496334   19.308378 v fanout405/X (sky130_fd_sc_hd__buf_2)
                                                         net405 (net)
                      0.254535    0.000147   19.308525 v fanout399/A (sky130_fd_sc_hd__clkbuf_2)
    11    0.044333    0.307554    0.470177   19.778702 v fanout399/X (sky130_fd_sc_hd__clkbuf_2)
                                                         net399 (net)
                      0.307563    0.001940   19.780642 v fanout398/A (sky130_fd_sc_hd__buf_2)
    11    0.047547    0.219582    0.499565   20.280207 v fanout398/X (sky130_fd_sc_hd__buf_2)
                                                         net398 (net)
                      0.219582    0.000099   20.280306 v fanout394/A (sky130_fd_sc_hd__buf_4)
    19    0.068366    0.170562    0.433452   20.713758 v fanout394/X (sky130_fd_sc_hd__buf_4)
                                                         net394 (net)
                      0.170562    0.000288   20.714046 v fanout393/A (sky130_fd_sc_hd__buf_4)
    10    0.058426    0.150577    0.393296   21.107342 v fanout393/X (sky130_fd_sc_hd__buf_4)
                                                         net393 (net)
                      0.150594    0.001672   21.109015 v _5683_/A (sky130_fd_sc_hd__inv_2)
     1    0.003844    0.056534    0.102590   21.211603 ^ _5683_/Y (sky130_fd_sc_hd__inv_2)
                                                         _0059_ (net)
                      0.056534    0.000034   21.211637 ^ _6209_/SET_B (sky130_fd_sc_hd__dfstp_1)
                                             21.211637   data arrival time

                                 25.000000   25.000000   clock clk (rise edge)
                                  4.650000   29.650000   clock source latency
     2    0.065248    0.610000    0.000000   29.650000 ^ wb_clk_i (in)
                                                         wb_clk_i (net)
                      0.619980    0.004990   29.654989 ^ clkbuf_0_wb_clk_i/A (sky130_fd_sc_hd__clkbuf_16)
    17    0.140460    0.236721    0.592674   30.247663 ^ clkbuf_0_wb_clk_i/X (sky130_fd_sc_hd__clkbuf_16)
                                                         clknet_0_wb_clk_i (net)
                      0.236752    0.002821   30.250484 ^ clkbuf_3_5_0_wb_clk_i/A (sky130_fd_sc_hd__clkbuf_8)
    19    0.108311    0.297577    0.479751   30.730236 ^ clkbuf_3_5_0_wb_clk_i/X (sky130_fd_sc_hd__clkbuf_8)
                                                         clknet_3_5_0_wb_clk_i (net)
                      0.297577    0.000913   30.731148 ^ clkbuf_leaf_47_wb_clk_i/A (sky130_fd_sc_hd__clkbuf_8)
    12    0.056752    0.171369    0.410679   31.141829 ^ clkbuf_leaf_47_wb_clk_i/X (sky130_fd_sc_hd__clkbuf_8)
                                                         clknet_leaf_47_wb_clk_i (net)
                      0.171369    0.000703   31.142530 ^ _6209_/CLK (sky130_fd_sc_hd__dfstp_1)
                                 -0.250000   30.892530   clock uncertainty
                                  0.000000   30.892530   clock reconvergence pessimism
                                  0.300646   31.193174   library recovery time
                                             31.193174   data required time
---------------------------------------------------------------------------------------------
                                             31.193174   data required time
                                            -21.211637   data arrival time
---------------------------------------------------------------------------------------------
                                              9.981538   slack (MET)


Startpoint: wbs_adr_i[9] (input port clocked by clk)
Endpoint: wbs_dat_o[1] (output port clocked by clk)
Path Group: clk
Path Type: max

Fanout         Cap        Slew       Delay        Time   Description
---------------------------------------------------------------------------------------------
                                  0.000000    0.000000   clock clk (rise edge)
                                  5.570000    5.570000   clock network delay (propagated)
                                  3.890000    9.460000 v input external delay
     2    0.003324    0.920000    0.000000    9.460000 v wbs_adr_i[9] (in)
                                                         wbs_adr_i[9] (net)
                      0.920038    0.000020    9.460020 v hold120/A (sky130_fd_sc_hd__dlygate4sd3_1)
     1    0.002144    0.103147    1.495222   10.955241 v hold120/X (sky130_fd_sc_hd__dlygate4sd3_1)
                                                         net540 (net)
                      0.103147    0.000008   10.955250 v input22/A (sky130_fd_sc_hd__clkbuf_4)
     7    0.083968    0.300288    0.457911   11.413160 v input22/X (sky130_fd_sc_hd__clkbuf_4)
                                                         net22 (net)
                      0.300949    0.011747   11.424908 v _3130_/A (sky130_fd_sc_hd__or4_1)
     1    0.002109    0.170972    1.264394   12.689301 v _3130_/X (sky130_fd_sc_hd__or4_1)
                                                         _1297_ (net)
                      0.170972    0.000012   12.689314 v hold26/A (sky130_fd_sc_hd__dlygate4sd3_1)
     2    0.007431    0.150841    1.233628   13.922942 v hold26/X (sky130_fd_sc_hd__dlygate4sd3_1)
                                                         net446 (net)
                      0.150841    0.000034   13.922976 v _3132_/B (sky130_fd_sc_hd__or2_2)
     1    0.003331    0.113117    0.651174   14.574150 v _3132_/X (sky130_fd_sc_hd__or2_2)
                                                         _1299_ (net)
                      0.113117    0.000049   14.574199 v hold27/A (sky130_fd_sc_hd__dlygate4sd3_1)
     4    0.027515    0.318111    1.383575   15.957774 v hold27/X (sky130_fd_sc_hd__dlygate4sd3_1)
                                                         net447 (net)
                      0.318111    0.000442   15.958217 v _3296_/A (sky130_fd_sc_hd__or2_2)
     8    0.032503    0.243256    0.947919   16.906136 v _3296_/X (sky130_fd_sc_hd__or2_2)
                                                         _1457_ (net)
                      0.243256    0.000306   16.906441 v _3315_/B (sky130_fd_sc_hd__or2_2)
     5    0.024477    0.211029    0.838789   17.745230 v _3315_/X (sky130_fd_sc_hd__or2_2)
                                                         _1462_ (net)
                      0.211029    0.000281   17.745510 v hold98/A (sky130_fd_sc_hd__dlygate4sd3_1)
     1    0.008520    0.161287    1.265397   19.010906 v hold98/X (sky130_fd_sc_hd__dlygate4sd3_1)
                                                         net518 (net)
                      0.161287    0.000282   19.011190 v fanout180/A (sky130_fd_sc_hd__clkbuf_2)
     5    0.026645    0.191113    0.342897   19.354088 v fanout180/X (sky130_fd_sc_hd__clkbuf_2)
                                                         net180 (net)
                      0.191113    0.000538   19.354626 v _4889_/A2 (sky130_fd_sc_hd__o221a_1)
     1    0.004964    0.114457    0.519801   19.874426 v _4889_/X (sky130_fd_sc_hd__o221a_1)
                                                         _2620_ (net)
                      0.114457    0.000091   19.874517 v _4890_/B2 (sky130_fd_sc_hd__a221o_1)
     1    0.008938    0.150620    0.676740   20.551258 v _4890_/X (sky130_fd_sc_hd__a221o_1)
                                                         _2621_ (net)
                      0.150620    0.000304   20.551561 v _4891_/B2 (sky130_fd_sc_hd__a221o_1)
     1    0.002539    0.091874    0.613461   21.165022 v _4891_/X (sky130_fd_sc_hd__a221o_1)
                                                         _2622_ (net)
                      0.091874    0.000012   21.165035 v _4892_/B1 (sky130_fd_sc_hd__o211a_1)
     1    0.014999    0.172531    0.337225   21.502260 v _4892_/X (sky130_fd_sc_hd__o211a_1)
                                                         _2623_ (net)
                      0.172531    0.000217   21.502478 v _4893_/B1 (sky130_fd_sc_hd__a211o_1)
     1    0.002717    0.086999    0.532655   22.035131 v _4893_/X (sky130_fd_sc_hd__a211o_1)
                                                         _2624_ (net)
                      0.086999    0.000025   22.035156 v _4894_/C1 (sky130_fd_sc_hd__o211a_1)
     1    0.005148    0.092645    0.228157   22.263313 v _4894_/X (sky130_fd_sc_hd__o211a_1)
                                                         _2625_ (net)
                      0.092645    0.000062   22.263376 v _4895_/D1 (sky130_fd_sc_hd__a2111o_4)
     3    0.050403    0.232863    0.839849   23.103226 v _4895_/X (sky130_fd_sc_hd__a2111o_4)
                                                         net74 (net)
                      0.232866    0.001398   23.104624 v output74/A (sky130_fd_sc_hd__buf_12)
     1    0.190988    0.173827    0.421402   23.526024 v output74/X (sky130_fd_sc_hd__buf_12)
                                                         wbs_dat_o[1] (net)
                      0.173852    0.002052   23.528076 v wbs_dat_o[1] (out)
                                             23.528076   data arrival time

                                 25.000000   25.000000   clock clk (rise edge)
                                  4.650000   29.650000   clock network delay (propagated)
                                 -0.250000   29.400000   clock uncertainty
                                  0.000000   29.400000   clock reconvergence pessimism
                                 -3.620000   25.779999   output external delay
                                             25.779999   data required time
---------------------------------------------------------------------------------------------
                                             25.779999   data required time
                                            -23.528076   data arrival time
---------------------------------------------------------------------------------------------
                                              2.251923   slack (MET)




===========================================================================
report_checks --slack_max -0.01
============================================================================
======================= min_ss_100C_1v60 Corner ===================================

No paths found.


===========================================================================
 report_check_types -max_slew -max_cap -max_fanout -violators
============================================================================
======================= min_ss_100C_1v60 Corner ===================================

max slew

Pin                                        Limit        Slew       Slack
------------------------------------------------------------------------
ANTENNA__6891__A/DIODE                  0.750000    1.283663   -0.533663 (VIOLATED)
_6891_/A                                0.750000    1.283663   -0.533663 (VIOLATED)
ANTENNA_hold536_X/DIODE                 0.750000    1.283098   -0.533098 (VIOLATED)
hold536/X                               0.750000    1.283098   -0.533098 (VIOLATED)
ANTENNA__6890__A/DIODE                  0.750000    1.191486   -0.441487 (VIOLATED)
_6890_/A                                0.750000    1.191487   -0.441487 (VIOLATED)
ANTENNA_hold350_X/DIODE                 0.750000    1.191012   -0.441012 (VIOLATED)
hold350/X                               0.750000    1.191012   -0.441012 (VIOLATED)
ANTENNA__3955__A0/DIODE                 0.750000    1.113132   -0.363132 (VIOLATED)
ANTENNA__4163__A0/DIODE                 0.750000    1.113132   -0.363132 (VIOLATED)
ANTENNA__4200__A0/DIODE                 0.750000    1.113132   -0.363132 (VIOLATED)
ANTENNA__4246__A0/DIODE                 0.750000    1.113132   -0.363132 (VIOLATED)
ANTENNA__4265__A1/DIODE                 0.750000    1.113132   -0.363132 (VIOLATED)
ANTENNA__4294__A1/DIODE                 0.750000    1.113132   -0.363132 (VIOLATED)
ANTENNA__4740__A0/DIODE                 0.750000    1.113132   -0.363132 (VIOLATED)
ANTENNA_hold56_X/DIODE                  0.750000    1.113132   -0.363132 (VIOLATED)
_3955_/A0                               0.750000    1.113132   -0.363132 (VIOLATED)
_4163_/A0                               0.750000    1.113132   -0.363132 (VIOLATED)
_4200_/A0                               0.750000    1.113132   -0.363132 (VIOLATED)
_4246_/A0                               0.750000    1.113132   -0.363132 (VIOLATED)
_4265_/A1                               0.750000    1.113132   -0.363132 (VIOLATED)
_4294_/A1                               0.750000    1.113132   -0.363132 (VIOLATED)
_4740_/A0                               0.750000    1.113132   -0.363132 (VIOLATED)
hold56/X                                0.750000    1.113132   -0.363132 (VIOLATED)
ANTENNA__5150__C1/DIODE                 0.750000    1.045090   -0.295090 (VIOLATED)
_5150_/C1                               0.750000    1.045090   -0.295090 (VIOLATED)
ANTENNA__4962__A2/DIODE                 0.750000    1.045087   -0.295087 (VIOLATED)
_4962_/A2                               0.750000    1.045087   -0.295087 (VIOLATED)
ANTENNA__5001__A2/DIODE                 0.750000    1.045086   -0.295086 (VIOLATED)
_5001_/A2                               0.750000    1.045086   -0.295086 (VIOLATED)
ANTENNA__5009__A2/DIODE                 0.750000    1.045085   -0.295085 (VIOLATED)
_5009_/A2                               0.750000    1.045085   -0.295085 (VIOLATED)
ANTENNA__3314__Y/DIODE                  0.750000    1.045082   -0.295082 (VIOLATED)
ANTENNA_fanout181_A/DIODE               0.750000    1.045082   -0.295082 (VIOLATED)
_3314_/Y                                0.750000    1.045082   -0.295082 (VIOLATED)
fanout181/A                             0.750000    1.045082   -0.295082 (VIOLATED)
ANTENNA_sram_inst_wbs_adr_i[30]/DIODE    0.750000    0.952457   -0.202457 (VIOLATED)
ANTENNA__4976__C1/DIODE                 0.750000    0.951873   -0.201873 (VIOLATED)
_4976_/C1                               0.750000    0.951873   -0.201873 (VIOLATED)
_5108_/C1                               0.750000    0.951872   -0.201872 (VIOLATED)
ANTENNA__5108__C1/DIODE                 0.750000    0.951872   -0.201872 (VIOLATED)
ANTENNA__3351__Y/DIODE                  0.750000    0.951870   -0.201870 (VIOLATED)
ANTENNA__5121__A_N/DIODE                0.750000    0.951870   -0.201870 (VIOLATED)
_3351_/Y                                0.750000    0.951870   -0.201870 (VIOLATED)
_5121_/A_N                              0.750000    0.951870   -0.201870 (VIOLATED)
ANTENNA_sram_inst_wbs_adr_i[29]/DIODE    0.750000    0.950054   -0.200054 (VIOLATED)
ANTENNA_sram_inst_wbs_adr_i[25]/DIODE    0.750000    0.944487   -0.194487 (VIOLATED)
ANTENNA_sram_inst_wbs_adr_i[31]/DIODE    0.750000    0.943466   -0.193466 (VIOLATED)
ANTENNA_sram_inst_wbs_adr_i[22]/DIODE    0.750000    0.926467   -0.176468 (VIOLATED)
ANTENNA_sram_inst_wbs_adr_i[27]/DIODE    0.750000    0.925986   -0.175986 (VIOLATED)
ANTENNA_sram_inst_wbs_adr_i[21]/DIODE    0.750000    0.925977   -0.175977 (VIOLATED)
ANTENNA_sram_inst_wbs_adr_i[23]/DIODE    0.750000    0.925854   -0.175854 (VIOLATED)
ANTENNA_sram_inst_wbs_adr_i[28]/DIODE    0.750000    0.925794   -0.175794 (VIOLATED)
ANTENNA_sram_inst_wbs_adr_i[26]/DIODE    0.750000    0.925597   -0.175597 (VIOLATED)
ANTENNA_sram_inst_wbs_adr_i[20]/DIODE    0.750000    0.925513   -0.175513 (VIOLATED)
ANTENNA_sram_inst_wbs_adr_i[24]/DIODE    0.750000    0.924577   -0.174577 (VIOLATED)
input12/A                               0.750000    0.920108   -0.170108 (VIOLATED)
ANTENNA_input12_A/DIODE                 0.750000    0.920107   -0.170107 (VIOLATED)
hold38/A                                0.750000    0.920084   -0.170084 (VIOLATED)
ANTENNA_hold135_A/DIODE                 0.750000    0.920078   -0.170078 (VIOLATED)
ANTENNA_hold24_A/DIODE                  0.750000    0.920077   -0.170077 (VIOLATED)
ANTENNA_hold38_A/DIODE                  0.750000    0.920077   -0.170077 (VIOLATED)
ANTENNA_hold16_A/DIODE                  0.750000    0.920076   -0.170076 (VIOLATED)
ANTENNA_input8_A/DIODE                  0.750000    0.920075   -0.170075 (VIOLATED)
ANTENNA_input7_A/DIODE                  0.750000    0.920072   -0.170073 (VIOLATED)
hold24/A                                0.750000    0.920072   -0.170073 (VIOLATED)
input8/A                                0.750000    0.920071   -0.170071 (VIOLATED)
hold16/A                                0.750000    0.920068   -0.170068 (VIOLATED)
input17/A                               0.750000    0.920067   -0.170067 (VIOLATED)
hold135/A                               0.750000    0.920067   -0.170067 (VIOLATED)
input13/A                               0.750000    0.920065   -0.170065 (VIOLATED)
input7/A                                0.750000    0.920061   -0.170061 (VIOLATED)
ANTENNA_input17_A/DIODE                 0.750000    0.920060   -0.170060 (VIOLATED)
hold108/A                               0.750000    0.920056   -0.170056 (VIOLATED)
ANTENNA_input13_A/DIODE                 0.750000    0.920053   -0.170054 (VIOLATED)
ANTENNA_hold137_A/DIODE                 0.750000    0.920053   -0.170053 (VIOLATED)
input5/A                                0.750000    0.920052   -0.170052 (VIOLATED)
ANTENNA_hold108_A/DIODE                 0.750000    0.920051   -0.170051 (VIOLATED)
hold66/A                                0.750000    0.920049   -0.170049 (VIOLATED)
input4/A                                0.750000    0.920049   -0.170049 (VIOLATED)
ANTENNA_input5_A/DIODE                  0.750000    0.920048   -0.170048 (VIOLATED)
ANTENNA_hold66_A/DIODE                  0.750000    0.920044   -0.170044 (VIOLATED)
ANTENNA_input4_A/DIODE                  0.750000    0.920044   -0.170044 (VIOLATED)
ANTENNA_hold128_A/DIODE                 0.750000    0.920044   -0.170044 (VIOLATED)
hold137/A                               0.750000    0.920042   -0.170042 (VIOLATED)
hold128/A                               0.750000    0.920041   -0.170041 (VIOLATED)
hold120/A                               0.750000    0.920040   -0.170041 (VIOLATED)
hold95/A                                0.750000    0.920040   -0.170041 (VIOLATED)
ANTENNA_hold192_A/DIODE                 0.750000    0.920040   -0.170040 (VIOLATED)
hold192/A                               0.750000    0.920040   -0.170040 (VIOLATED)
hold115/A                               0.750000    0.920040   -0.170040 (VIOLATED)
hold71/A                                0.750000    0.920040   -0.170040 (VIOLATED)
ANTENNA_hold71_A/DIODE                  0.750000    0.920037   -0.170037 (VIOLATED)
ANTENNA_hold120_A/DIODE                 0.750000    0.920036   -0.170036 (VIOLATED)
ANTENNA_hold95_A/DIODE                  0.750000    0.920036   -0.170036 (VIOLATED)
ANTENNA_hold115_A/DIODE                 0.750000    0.920036   -0.170036 (VIOLATED)
wbs_adr_i[0]                            0.750000    0.920000   -0.170000 (VIOLATED)
wbs_adr_i[10]                           0.750000    0.920000   -0.170000 (VIOLATED)
wbs_adr_i[11]                           0.750000    0.920000   -0.170000 (VIOLATED)
wbs_adr_i[12]                           0.750000    0.920000   -0.170000 (VIOLATED)
wbs_adr_i[13]                           0.750000    0.920000   -0.170000 (VIOLATED)
wbs_adr_i[14]                           0.750000    0.920000   -0.170000 (VIOLATED)
wbs_adr_i[15]                           0.750000    0.920000   -0.170000 (VIOLATED)
wbs_adr_i[16]                           0.750000    0.920000   -0.170000 (VIOLATED)
wbs_adr_i[17]                           0.750000    0.920000   -0.170000 (VIOLATED)
wbs_adr_i[18]                           0.750000    0.920000   -0.170000 (VIOLATED)
wbs_adr_i[19]                           0.750000    0.920000   -0.170000 (VIOLATED)
wbs_adr_i[1]                            0.750000    0.920000   -0.170000 (VIOLATED)
wbs_adr_i[20]                           0.750000    0.920000   -0.170000 (VIOLATED)
wbs_adr_i[21]                           0.750000    0.920000   -0.170000 (VIOLATED)
wbs_adr_i[22]                           0.750000    0.920000   -0.170000 (VIOLATED)
wbs_adr_i[23]                           0.750000    0.920000   -0.170000 (VIOLATED)
wbs_adr_i[24]                           0.750000    0.920000   -0.170000 (VIOLATED)
wbs_adr_i[25]                           0.750000    0.920000   -0.170000 (VIOLATED)
wbs_adr_i[26]                           0.750000    0.920000   -0.170000 (VIOLATED)
wbs_adr_i[27]                           0.750000    0.920000   -0.170000 (VIOLATED)
wbs_adr_i[28]                           0.750000    0.920000   -0.170000 (VIOLATED)
wbs_adr_i[29]                           0.750000    0.920000   -0.170000 (VIOLATED)
wbs_adr_i[2]                            0.750000    0.920000   -0.170000 (VIOLATED)
wbs_adr_i[30]                           0.750000    0.920000   -0.170000 (VIOLATED)
wbs_adr_i[31]                           0.750000    0.920000   -0.170000 (VIOLATED)
wbs_adr_i[3]                            0.750000    0.920000   -0.170000 (VIOLATED)
wbs_adr_i[4]                            0.750000    0.920000   -0.170000 (VIOLATED)
wbs_adr_i[5]                            0.750000    0.920000   -0.170000 (VIOLATED)
wbs_adr_i[6]                            0.750000    0.920000   -0.170000 (VIOLATED)
wbs_adr_i[7]                            0.750000    0.920000   -0.170000 (VIOLATED)
wbs_adr_i[8]                            0.750000    0.920000   -0.170000 (VIOLATED)
wbs_adr_i[9]                            0.750000    0.920000   -0.170000 (VIOLATED)
ANTENNA_fanout200_A/DIODE               0.750000    0.887773   -0.137773 (VIOLATED)
fanout200/A                             0.750000    0.887773   -0.137773 (VIOLATED)
fanout199/A                             0.750000    0.887772   -0.137772 (VIOLATED)
ANTENNA_fanout199_A/DIODE               0.750000    0.887772   -0.137772 (VIOLATED)
ANTENNA__4400__Y/DIODE                  0.750000    0.887768   -0.137768 (VIOLATED)
ANTENNA_fanout198_A/DIODE               0.750000    0.887768   -0.137768 (VIOLATED)
_4400_/Y                                0.750000    0.887768   -0.137768 (VIOLATED)
fanout198/A                             0.750000    0.887768   -0.137768 (VIOLATED)
_5181_/A2                               0.750000    0.866746   -0.116746 (VIOLATED)
ANTENNA__5181__A2/DIODE                 0.750000    0.866746   -0.116746 (VIOLATED)
_5197_/A2                               0.750000    0.866744   -0.116744 (VIOLATED)
ANTENNA__5197__A2/DIODE                 0.750000    0.866743   -0.116743 (VIOLATED)
ANTENNA__4996__B2/DIODE                 0.750000    0.866741   -0.116741 (VIOLATED)
_4996_/B2                               0.750000    0.866741   -0.116741 (VIOLATED)
ANTENNA_fanout253_A/DIODE               0.750000    0.866740   -0.116741 (VIOLATED)
fanout253/A                             0.750000    0.866741   -0.116741 (VIOLATED)
ANTENNA__3125__Y/DIODE                  0.750000    0.866736   -0.116736 (VIOLATED)
_3125_/Y                                0.750000    0.866736   -0.116736 (VIOLATED)
_3984_/C1                               0.750000    0.862483   -0.112483 (VIOLATED)
_3986_/A                                0.750000    0.862483   -0.112483 (VIOLATED)
ANTENNA__3984__C1/DIODE                 0.750000    0.862483   -0.112483 (VIOLATED)
ANTENNA__3986__A/DIODE                  0.750000    0.862483   -0.112483 (VIOLATED)
_3972_/A1                               0.750000    0.862481   -0.112482 (VIOLATED)
ANTENNA__3972__A1/DIODE                 0.750000    0.862481   -0.112481 (VIOLATED)
ANTENNA__4038__A/DIODE                  0.750000    0.862480   -0.112480 (VIOLATED)
_4038_/A                                0.750000    0.862480   -0.112480 (VIOLATED)
_4023_/A2                               0.750000    0.862474   -0.112474 (VIOLATED)
ANTENNA__4023__A2/DIODE                 0.750000    0.862474   -0.112474 (VIOLATED)
ANTENNA__4027__A2/DIODE                 0.750000    0.862473   -0.112473 (VIOLATED)
_4027_/A2                               0.750000    0.862472   -0.112472 (VIOLATED)
ANTENNA__4025__A2/DIODE                 0.750000    0.862468   -0.112468 (VIOLATED)
_4025_/A2                               0.750000    0.862467   -0.112467 (VIOLATED)
ANTENNA__4794__B1_N/DIODE               0.750000    0.862446   -0.112446 (VIOLATED)
_4794_/B1_N                             0.750000    0.862446   -0.112446 (VIOLATED)
ANTENNA__3546__Y/DIODE                  0.750000    0.862444   -0.112444 (VIOLATED)
ANTENNA__3547__B/DIODE                  0.750000    0.862444   -0.112444 (VIOLATED)
_3546_/Y                                0.750000    0.862444   -0.112444 (VIOLATED)
_3547_/B                                0.750000    0.862444   -0.112444 (VIOLATED)
ANTENNA_hold1_A/DIODE                   0.750000    0.840352   -0.090352 (VIOLATED)
hold1/A                                 0.750000    0.840292   -0.090292 (VIOLATED)
ANTENNA_hold46_A/DIODE                  0.750000    0.840224   -0.090224 (VIOLATED)
ANTENNA_hold9_A/DIODE                   0.750000    0.840202   -0.090202 (VIOLATED)
ANTENNA_hold52_A/DIODE                  0.750000    0.840182   -0.090182 (VIOLATED)
ANTENNA_hold3_A/DIODE                   0.750000    0.840158   -0.090158 (VIOLATED)
hold79/A                                0.750000    0.840121   -0.090121 (VIOLATED)
ANTENNA_hold35_A/DIODE                  0.750000    0.840118   -0.090118 (VIOLATED)
ANTENNA_hold112_A/DIODE                 0.750000    0.840118   -0.090118 (VIOLATED)
hold9/A                                 0.750000    0.840115   -0.090115 (VIOLATED)
ANTENNA_hold103_A/DIODE                 0.750000    0.840113   -0.090113 (VIOLATED)
ANTENNA_hold132_A/DIODE                 0.750000    0.840106   -0.090106 (VIOLATED)
hold3/A                                 0.750000    0.840104   -0.090104 (VIOLATED)
ANTENNA_hold7_A/DIODE                   0.750000    0.840098   -0.090098 (VIOLATED)
ANTENNA_hold29_A/DIODE                  0.750000    0.840095   -0.090095 (VIOLATED)
hold101/A                               0.750000    0.840093   -0.090093 (VIOLATED)
ANTENNA_hold31_A/DIODE                  0.750000    0.840090   -0.090090 (VIOLATED)
hold112/A                               0.750000    0.840090   -0.090090 (VIOLATED)
ANTENNA_hold105_A/DIODE                 0.750000    0.840089   -0.090089 (VIOLATED)
ANTENNA_hold33_A/DIODE                  0.750000    0.840089   -0.090089 (VIOLATED)
hold7/A                                 0.750000    0.840089   -0.090089 (VIOLATED)
ANTENNA_hold44_A/DIODE                  0.750000    0.840087   -0.090087 (VIOLATED)
ANTENNA_hold131_A/DIODE                 0.750000    0.840085   -0.090085 (VIOLATED)
hold35/A                                0.750000    0.840084   -0.090084 (VIOLATED)
hold52/A                                0.750000    0.840084   -0.090084 (VIOLATED)
ANTENNA_hold79_A/DIODE                  0.750000    0.840081   -0.090081 (VIOLATED)
ANTENNA_hold57_A/DIODE                  0.750000    0.840080   -0.090080 (VIOLATED)
ANTENNA_hold11_A/DIODE                  0.750000    0.840080   -0.090080 (VIOLATED)
hold105/A                               0.750000    0.840077   -0.090077 (VIOLATED)
hold57/A                                0.750000    0.840077   -0.090077 (VIOLATED)
ANTENNA_hold14_A/DIODE                  0.750000    0.840076   -0.090076 (VIOLATED)
hold44/A                                0.750000    0.840075   -0.090075 (VIOLATED)
hold33/A                                0.750000    0.840071   -0.090071 (VIOLATED)
ANTENNA_hold101_A/DIODE                 0.750000    0.840071   -0.090071 (VIOLATED)
hold103/A                               0.750000    0.840071   -0.090071 (VIOLATED)
hold46/A                                0.750000    0.840068   -0.090068 (VIOLATED)
hold29/A                                0.750000    0.840064   -0.090064 (VIOLATED)
ANTENNA_hold126_A/DIODE                 0.750000    0.840063   -0.090063 (VIOLATED)
hold19/A                                0.750000    0.840063   -0.090063 (VIOLATED)
hold131/A                               0.750000    0.840061   -0.090061 (VIOLATED)
hold132/A                               0.750000    0.840060   -0.090060 (VIOLATED)
hold31/A                                0.750000    0.840060   -0.090060 (VIOLATED)
ANTENNA_hold75_A/DIODE                  0.750000    0.840057   -0.090057 (VIOLATED)
hold14/A                                0.750000    0.840057   -0.090057 (VIOLATED)
hold75/A                                0.750000    0.840055   -0.090055 (VIOLATED)
hold11/A                                0.750000    0.840054   -0.090054 (VIOLATED)
ANTENNA_hold114_A/DIODE                 0.750000    0.840053   -0.090053 (VIOLATED)
hold114/A                               0.750000    0.840053   -0.090053 (VIOLATED)
ANTENNA_hold62_A/DIODE                  0.750000    0.840052   -0.090052 (VIOLATED)
ANTENNA_hold50_A/DIODE                  0.750000    0.840052   -0.090052 (VIOLATED)
ANTENNA_hold19_A/DIODE                  0.750000    0.840049   -0.090049 (VIOLATED)
ANTENNA_hold5_A/DIODE                   0.750000    0.840048   -0.090048 (VIOLATED)
hold126/A                               0.750000    0.840048   -0.090048 (VIOLATED)
hold62/A                                0.750000    0.840047   -0.090047 (VIOLATED)
hold21/A                                0.750000    0.840046   -0.090046 (VIOLATED)
ANTENNA_hold42_A/DIODE                  0.750000    0.840044   -0.090044 (VIOLATED)
hold50/A                                0.750000    0.840044   -0.090044 (VIOLATED)
ANTENNA_hold21_A/DIODE                  0.750000    0.840041   -0.090041 (VIOLATED)
hold5/A                                 0.750000    0.840040   -0.090040 (VIOLATED)
hold55/A                                0.750000    0.840040   -0.090040 (VIOLATED)
hold42/A                                0.750000    0.840039   -0.090039 (VIOLATED)
hold60/A                                0.750000    0.840038   -0.090039 (VIOLATED)
ANTENNA_hold60_A/DIODE                  0.750000    0.840037   -0.090037 (VIOLATED)
ANTENNA_hold55_A/DIODE                  0.750000    0.840036   -0.090036 (VIOLATED)
wbs_dat_i[0]                            0.750000    0.840000   -0.090000 (VIOLATED)
wbs_dat_i[10]                           0.750000    0.840000   -0.090000 (VIOLATED)
wbs_dat_i[11]                           0.750000    0.840000   -0.090000 (VIOLATED)
wbs_dat_i[12]                           0.750000    0.840000   -0.090000 (VIOLATED)
wbs_dat_i[13]                           0.750000    0.840000   -0.090000 (VIOLATED)
wbs_dat_i[14]                           0.750000    0.840000   -0.090000 (VIOLATED)
wbs_dat_i[15]                           0.750000    0.840000   -0.090000 (VIOLATED)
wbs_dat_i[16]                           0.750000    0.840000   -0.090000 (VIOLATED)
wbs_dat_i[17]                           0.750000    0.840000   -0.090000 (VIOLATED)
wbs_dat_i[18]                           0.750000    0.840000   -0.090000 (VIOLATED)
wbs_dat_i[19]                           0.750000    0.840000   -0.090000 (VIOLATED)
wbs_dat_i[1]                            0.750000    0.840000   -0.090000 (VIOLATED)
wbs_dat_i[20]                           0.750000    0.840000   -0.090000 (VIOLATED)
wbs_dat_i[21]                           0.750000    0.840000   -0.090000 (VIOLATED)
wbs_dat_i[22]                           0.750000    0.840000   -0.090000 (VIOLATED)
wbs_dat_i[23]                           0.750000    0.840000   -0.090000 (VIOLATED)
wbs_dat_i[24]                           0.750000    0.840000   -0.090000 (VIOLATED)
wbs_dat_i[25]                           0.750000    0.840000   -0.090000 (VIOLATED)
wbs_dat_i[26]                           0.750000    0.840000   -0.090000 (VIOLATED)
wbs_dat_i[27]                           0.750000    0.840000   -0.090000 (VIOLATED)
wbs_dat_i[28]                           0.750000    0.840000   -0.090000 (VIOLATED)
wbs_dat_i[29]                           0.750000    0.840000   -0.090000 (VIOLATED)
wbs_dat_i[2]                            0.750000    0.840000   -0.090000 (VIOLATED)
wbs_dat_i[30]                           0.750000    0.840000   -0.090000 (VIOLATED)
wbs_dat_i[31]                           0.750000    0.840000   -0.090000 (VIOLATED)
wbs_dat_i[3]                            0.750000    0.840000   -0.090000 (VIOLATED)
wbs_dat_i[4]                            0.750000    0.840000   -0.090000 (VIOLATED)
wbs_dat_i[5]                            0.750000    0.840000   -0.090000 (VIOLATED)
wbs_dat_i[6]                            0.750000    0.840000   -0.090000 (VIOLATED)
wbs_dat_i[7]                            0.750000    0.840000   -0.090000 (VIOLATED)
wbs_dat_i[8]                            0.750000    0.840000   -0.090000 (VIOLATED)
wbs_dat_i[9]                            0.750000    0.840000   -0.090000 (VIOLATED)
ANTENNA__5212__B1/DIODE                 0.750000    0.835007   -0.085007 (VIOLATED)
_5212_/B1                               0.750000    0.835007   -0.085007 (VIOLATED)
_4971_/C1                               0.750000    0.835007   -0.085007 (VIOLATED)
ANTENNA__4963__Y/DIODE                  0.750000    0.835005   -0.085006 (VIOLATED)
ANTENNA__4971__C1/DIODE                 0.750000    0.835005   -0.085006 (VIOLATED)
ANTENNA_fanout153_A/DIODE               0.750000    0.835005   -0.085006 (VIOLATED)
_4963_/Y                                0.750000    0.835005   -0.085006 (VIOLATED)
fanout153/A                             0.750000    0.835005   -0.085006 (VIOLATED)
_4482_/A2                               0.750000    0.803352   -0.053352 (VIOLATED)
ANTENNA__4482__A2/DIODE                 0.750000    0.803352   -0.053352 (VIOLATED)
_4453_/B2                               0.750000    0.803351   -0.053351 (VIOLATED)
ANTENNA_fanout118_A/DIODE               0.750000    0.803351   -0.053351 (VIOLATED)
ANTENNA__4453__B2/DIODE                 0.750000    0.803351   -0.053351 (VIOLATED)
fanout118/A                             0.750000    0.803351   -0.053351 (VIOLATED)
_4436_/A2                               0.750000    0.803350   -0.053350 (VIOLATED)
ANTENNA__4436__A2/DIODE                 0.750000    0.803350   -0.053350 (VIOLATED)
ANTENNA__4569__A1/DIODE                 0.750000    0.803349   -0.053350 (VIOLATED)
_4569_/A1                               0.750000    0.803349   -0.053350 (VIOLATED)
ANTENNA__4433__Y/DIODE                  0.750000    0.803346   -0.053346 (VIOLATED)
_4433_/Y                                0.750000    0.803346   -0.053346 (VIOLATED)
ANTENNA__5341__S/DIODE                  0.750000    0.800475   -0.050475 (VIOLATED)
_5341_/S                                0.750000    0.800475   -0.050475 (VIOLATED)
_5345_/S                                0.750000    0.800471   -0.050471 (VIOLATED)
ANTENNA__5345__S/DIODE                  0.750000    0.800471   -0.050471 (VIOLATED)
_5343_/S                                0.750000    0.800457   -0.050457 (VIOLATED)
ANTENNA__5343__S/DIODE                  0.750000    0.800452   -0.050452 (VIOLATED)
_5349_/S                                0.750000    0.800444   -0.050444 (VIOLATED)
ANTENNA__5349__S/DIODE                  0.750000    0.800444   -0.050444 (VIOLATED)
_5344_/S                                0.750000    0.800435   -0.050435 (VIOLATED)
ANTENNA__5344__S/DIODE                  0.750000    0.800430   -0.050430 (VIOLATED)
_5346_/S                                0.750000    0.800413   -0.050413 (VIOLATED)
ANTENNA__5346__S/DIODE                  0.750000    0.800410   -0.050410 (VIOLATED)
_5342_/S                                0.750000    0.800364   -0.050364 (VIOLATED)
ANTENNA__5342__S/DIODE                  0.750000    0.800354   -0.050354 (VIOLATED)
_5347_/S                                0.750000    0.800314   -0.050314 (VIOLATED)
ANTENNA__5347__S/DIODE                  0.750000    0.800310   -0.050310 (VIOLATED)
_5348_/S                                0.750000    0.800305   -0.050305 (VIOLATED)
ANTENNA__5348__S/DIODE                  0.750000    0.800304   -0.050304 (VIOLATED)
ANTENNA__5340__Y/DIODE                  0.750000    0.800280   -0.050280 (VIOLATED)
_5340_/Y                                0.750000    0.800280   -0.050280 (VIOLATED)
_4140_/Y                                0.750000    0.789589   -0.039589 (VIOLATED)
_4433_/A                                0.750000    0.789589   -0.039589 (VIOLATED)
_4434_/A                                0.750000    0.789589   -0.039589 (VIOLATED)
max_cap132/A                            0.750000    0.789589   -0.039589 (VIOLATED)
fanout196/A                             0.750000    0.788492   -0.038492 (VIOLATED)
ANTENNA_fanout196_A/DIODE               0.750000    0.788492   -0.038492 (VIOLATED)
fanout195/A                             0.750000    0.788491   -0.038491 (VIOLATED)
ANTENNA_fanout195_A/DIODE               0.750000    0.788490   -0.038490 (VIOLATED)
ANTENNA__4438__Y/DIODE                  0.750000    0.788479   -0.038479 (VIOLATED)
ANTENNA_fanout194_A/DIODE               0.750000    0.788479   -0.038479 (VIOLATED)
_4438_/Y                                0.750000    0.788479   -0.038479 (VIOLATED)
fanout194/A                             0.750000    0.788479   -0.038479 (VIOLATED)
ANTENNA__5383__S/DIODE                  0.750000    0.787222   -0.037222 (VIOLATED)
_5383_/S                                0.750000    0.787222   -0.037222 (VIOLATED)
_5387_/S                                0.750000    0.787216   -0.037216 (VIOLATED)
ANTENNA__5387__S/DIODE                  0.750000    0.787216   -0.037216 (VIOLATED)
_5385_/S                                0.750000    0.787211   -0.037211 (VIOLATED)
ANTENNA__5385__S/DIODE                  0.750000    0.787210   -0.037211 (VIOLATED)
_5391_/S                                0.750000    0.787205   -0.037205 (VIOLATED)
ANTENNA__5391__S/DIODE                  0.750000    0.787202   -0.037202 (VIOLATED)
_5386_/S                                0.750000    0.787197   -0.037197 (VIOLATED)
ANTENNA__5386__S/DIODE                  0.750000    0.787196   -0.037196 (VIOLATED)
_5388_/S                                0.750000    0.787183   -0.037183 (VIOLATED)
ANTENNA__5388__S/DIODE                  0.750000    0.787164   -0.037164 (VIOLATED)
_5384_/S                                0.750000    0.787124   -0.037124 (VIOLATED)
ANTENNA__5384__S/DIODE                  0.750000    0.787114   -0.037114 (VIOLATED)
_5390_/S                                0.750000    0.787085   -0.037085 (VIOLATED)
ANTENNA__5390__S/DIODE                  0.750000    0.787083   -0.037083 (VIOLATED)
ANTENNA__5389__S/DIODE                  0.750000    0.787075   -0.037075 (VIOLATED)
_5389_/S                                0.750000    0.787075   -0.037075 (VIOLATED)
ANTENNA__5382__Y/DIODE                  0.750000    0.787056   -0.037056 (VIOLATED)
_5382_/Y                                0.750000    0.787056   -0.037056 (VIOLATED)
ANTENNA__3257__Y/DIODE                  0.750000    0.776681   -0.026681 (VIOLATED)
ANTENNA__3288__D_N/DIODE                0.750000    0.776681   -0.026681 (VIOLATED)
ANTENNA__4403__A1/DIODE                 0.750000    0.776681   -0.026681 (VIOLATED)
_3257_/Y                                0.750000    0.776681   -0.026681 (VIOLATED)
_3288_/D_N                              0.750000    0.776681   -0.026681 (VIOLATED)
_4403_/A1                               0.750000    0.776681   -0.026681 (VIOLATED)
ANTENNA__5017__B1/DIODE                 0.750000    0.776086   -0.026086 (VIOLATED)
_5017_/B1                               0.750000    0.776086   -0.026086 (VIOLATED)
_5075_/B1                               0.750000    0.776085   -0.026086 (VIOLATED)
ANTENNA__5075__B1/DIODE                 0.750000    0.776085   -0.026085 (VIOLATED)
ANTENNA__4824__A1/DIODE                 0.750000    0.776085   -0.026085 (VIOLATED)
_4824_/A1                               0.750000    0.776085   -0.026085 (VIOLATED)
_5130_/A1                               0.750000    0.776085   -0.026085 (VIOLATED)
ANTENNA__5185__B1/DIODE                 0.750000    0.776085   -0.026085 (VIOLATED)
_5185_/B1                               0.750000    0.776085   -0.026085 (VIOLATED)
ANTENNA__5130__A1/DIODE                 0.750000    0.776085   -0.026085 (VIOLATED)
_5068_/A1                               0.750000    0.776084   -0.026084 (VIOLATED)
ANTENNA__5068__A1/DIODE                 0.750000    0.776084   -0.026084 (VIOLATED)
_5142_/A                                0.750000    0.776084   -0.026084 (VIOLATED)
ANTENNA__5142__A/DIODE                  0.750000    0.776084   -0.026084 (VIOLATED)
ANTENNA__4808__Y/DIODE                  0.750000    0.776082   -0.026082 (VIOLATED)
_4808_/Y                                0.750000    0.776082   -0.026082 (VIOLATED)
ANTENNA__4332__X/DIODE                  0.750000    0.770253   -0.020253 (VIOLATED)
ANTENNA__4343__B/DIODE                  0.750000    0.770253   -0.020253 (VIOLATED)
_4332_/X                                0.750000    0.770253   -0.020253 (VIOLATED)
_4343_/B                                0.750000    0.770253   -0.020253 (VIOLATED)
ANTENNA__4313__X/DIODE                  0.750000    0.756138   -0.006138 (VIOLATED)
ANTENNA__4347__A/DIODE                  0.750000    0.756138   -0.006138 (VIOLATED)
_4313_/X                                0.750000    0.756138   -0.006138 (VIOLATED)
_4347_/A                                0.750000    0.756138   -0.006138 (VIOLATED)

max fanout

Pin                                   Limit Fanout  Slack
---------------------------------------------------------
clkbuf_leaf_43_wb_clk_i/X                10     47    -37 (VIOLATED)
clkbuf_leaf_58_wb_clk_i/X                10     41    -31 (VIOLATED)
clkbuf_leaf_22_wb_clk_i/X                10     35    -25 (VIOLATED)
clkbuf_leaf_37_wb_clk_i/X                10     35    -25 (VIOLATED)
clkbuf_leaf_5_wb_clk_i/X                 10     33    -23 (VIOLATED)
clkbuf_leaf_30_wb_clk_i/X                10     27    -17 (VIOLATED)
clkbuf_leaf_9_wb_clk_i/X                 10     27    -17 (VIOLATED)
clkbuf_3_0_0_wb_clk_i/X                  10     25    -15 (VIOLATED)
clkbuf_3_2_0_wb_clk_i/X                  10     25    -15 (VIOLATED)
clkbuf_leaf_41_wb_clk_i/X                10     23    -13 (VIOLATED)
_3354_/Y                                 10     21    -11 (VIOLATED)
_4291_/Y                                 10     21    -11 (VIOLATED)
_4817_/Y                                 10     21    -11 (VIOLATED)
_6285_/Q                                 10     21    -11 (VIOLATED)
_6289_/Q                                 10     21    -11 (VIOLATED)
_6294_/Q                                 10     21    -11 (VIOLATED)
_6871_/Q                                 10     21    -11 (VIOLATED)
fanout101/X                              10     21    -11 (VIOLATED)
fanout102/X                              10     21    -11 (VIOLATED)
fanout104/X                              10     21    -11 (VIOLATED)
fanout106/X                              10     21    -11 (VIOLATED)
fanout108/X                              10     21    -11 (VIOLATED)
fanout110/X                              10     21    -11 (VIOLATED)
fanout112/X                              10     21    -11 (VIOLATED)
fanout114/X                              10     21    -11 (VIOLATED)
fanout116/X                              10     21    -11 (VIOLATED)
fanout118/X                              10     21    -11 (VIOLATED)
fanout119/X                              10     21    -11 (VIOLATED)
fanout121/X                              10     21    -11 (VIOLATED)
fanout123/X                              10     21    -11 (VIOLATED)
fanout125/X                              10     21    -11 (VIOLATED)
fanout128/X                              10     21    -11 (VIOLATED)
fanout133/X                              10     21    -11 (VIOLATED)
fanout137/X                              10     21    -11 (VIOLATED)
fanout139/X                              10     21    -11 (VIOLATED)
fanout146/X                              10     21    -11 (VIOLATED)
fanout147/X                              10     21    -11 (VIOLATED)
fanout148/X                              10     21    -11 (VIOLATED)
fanout150/X                              10     21    -11 (VIOLATED)
fanout152/X                              10     21    -11 (VIOLATED)
fanout153/X                              10     21    -11 (VIOLATED)
fanout154/X                              10     21    -11 (VIOLATED)
fanout156/X                              10     21    -11 (VIOLATED)
fanout158/X                              10     21    -11 (VIOLATED)
fanout160/X                              10     21    -11 (VIOLATED)
fanout162/X                              10     21    -11 (VIOLATED)
fanout165/X                              10     21    -11 (VIOLATED)
fanout167/X                              10     21    -11 (VIOLATED)
fanout169/X                              10     21    -11 (VIOLATED)
fanout171/X                              10     21    -11 (VIOLATED)
fanout172/X                              10     21    -11 (VIOLATED)
fanout175/X                              10     21    -11 (VIOLATED)
fanout176/X                              10     21    -11 (VIOLATED)
fanout177/X                              10     21    -11 (VIOLATED)
fanout179/X                              10     21    -11 (VIOLATED)
fanout181/X                              10     21    -11 (VIOLATED)
fanout182/X                              10     21    -11 (VIOLATED)
fanout183/X                              10     21    -11 (VIOLATED)
fanout185/X                              10     21    -11 (VIOLATED)
fanout186/X                              10     21    -11 (VIOLATED)
fanout189/X                              10     21    -11 (VIOLATED)
fanout191/X                              10     21    -11 (VIOLATED)
fanout193/X                              10     21    -11 (VIOLATED)
fanout195/X                              10     21    -11 (VIOLATED)
fanout197/X                              10     21    -11 (VIOLATED)
fanout199/X                              10     21    -11 (VIOLATED)
fanout201/X                              10     21    -11 (VIOLATED)
fanout202/X                              10     21    -11 (VIOLATED)
fanout203/X                              10     21    -11 (VIOLATED)
fanout204/X                              10     21    -11 (VIOLATED)
fanout205/X                              10     21    -11 (VIOLATED)
fanout207/X                              10     21    -11 (VIOLATED)
fanout209/X                              10     21    -11 (VIOLATED)
fanout212/X                              10     21    -11 (VIOLATED)
fanout216/X                              10     21    -11 (VIOLATED)
fanout217/X                              10     21    -11 (VIOLATED)
fanout224/X                              10     21    -11 (VIOLATED)
fanout225/X                              10     21    -11 (VIOLATED)
fanout228/X                              10     21    -11 (VIOLATED)
fanout230/X                              10     21    -11 (VIOLATED)
fanout231/X                              10     21    -11 (VIOLATED)
fanout233/X                              10     21    -11 (VIOLATED)
fanout235/X                              10     21    -11 (VIOLATED)
fanout236/X                              10     21    -11 (VIOLATED)
fanout237/X                              10     21    -11 (VIOLATED)
fanout239/X                              10     21    -11 (VIOLATED)
fanout241/X                              10     21    -11 (VIOLATED)
fanout243/X                              10     21    -11 (VIOLATED)
fanout245/X                              10     21    -11 (VIOLATED)
fanout247/X                              10     21    -11 (VIOLATED)
fanout253/X                              10     21    -11 (VIOLATED)
fanout254/X                              10     21    -11 (VIOLATED)
fanout255/X                              10     21    -11 (VIOLATED)
fanout256/X                              10     21    -11 (VIOLATED)
fanout258/X                              10     21    -11 (VIOLATED)
fanout259/X                              10     21    -11 (VIOLATED)
fanout260/X                              10     21    -11 (VIOLATED)
fanout262/X                              10     21    -11 (VIOLATED)
fanout265/X                              10     21    -11 (VIOLATED)
fanout266/X                              10     21    -11 (VIOLATED)
fanout268/X                              10     21    -11 (VIOLATED)
fanout269/X                              10     21    -11 (VIOLATED)
fanout271/X                              10     21    -11 (VIOLATED)
fanout273/X                              10     21    -11 (VIOLATED)
fanout275/X                              10     21    -11 (VIOLATED)
fanout276/X                              10     21    -11 (VIOLATED)
fanout277/X                              10     21    -11 (VIOLATED)
fanout278/X                              10     21    -11 (VIOLATED)
fanout280/X                              10     21    -11 (VIOLATED)
fanout281/X                              10     21    -11 (VIOLATED)
fanout283/X                              10     21    -11 (VIOLATED)
fanout284/X                              10     21    -11 (VIOLATED)
fanout285/X                              10     21    -11 (VIOLATED)
fanout286/X                              10     21    -11 (VIOLATED)
fanout288/X                              10     21    -11 (VIOLATED)
fanout291/X                              10     21    -11 (VIOLATED)
fanout292/X                              10     21    -11 (VIOLATED)
fanout293/X                              10     21    -11 (VIOLATED)
fanout294/X                              10     21    -11 (VIOLATED)
fanout295/X                              10     21    -11 (VIOLATED)
fanout298/X                              10     21    -11 (VIOLATED)
fanout299/X                              10     21    -11 (VIOLATED)
fanout302/X                              10     21    -11 (VIOLATED)
fanout303/X                              10     21    -11 (VIOLATED)
fanout304/X                              10     21    -11 (VIOLATED)
fanout305/X                              10     21    -11 (VIOLATED)
fanout306/X                              10     21    -11 (VIOLATED)
fanout307/X                              10     21    -11 (VIOLATED)
fanout308/X                              10     21    -11 (VIOLATED)
fanout310/X                              10     21    -11 (VIOLATED)
fanout315/X                              10     21    -11 (VIOLATED)
fanout316/X                              10     21    -11 (VIOLATED)
fanout317/X                              10     21    -11 (VIOLATED)
fanout318/X                              10     21    -11 (VIOLATED)
fanout320/X                              10     21    -11 (VIOLATED)
fanout322/X                              10     21    -11 (VIOLATED)
fanout324/X                              10     21    -11 (VIOLATED)
fanout326/X                              10     21    -11 (VIOLATED)
fanout328/X                              10     21    -11 (VIOLATED)
fanout330/X                              10     21    -11 (VIOLATED)
fanout332/X                              10     21    -11 (VIOLATED)
fanout334/X                              10     21    -11 (VIOLATED)
fanout335/X                              10     21    -11 (VIOLATED)
fanout336/X                              10     21    -11 (VIOLATED)
fanout338/X                              10     21    -11 (VIOLATED)
fanout341/X                              10     21    -11 (VIOLATED)
fanout343/X                              10     21    -11 (VIOLATED)
fanout346/X                              10     21    -11 (VIOLATED)
fanout348/X                              10     21    -11 (VIOLATED)
fanout349/X                              10     21    -11 (VIOLATED)
fanout350/X                              10     21    -11 (VIOLATED)
fanout352/X                              10     21    -11 (VIOLATED)
fanout353/X                              10     21    -11 (VIOLATED)
fanout355/X                              10     21    -11 (VIOLATED)
fanout357/X                              10     21    -11 (VIOLATED)
fanout363/X                              10     21    -11 (VIOLATED)
fanout379/X                              10     21    -11 (VIOLATED)
fanout410/X                              10     21    -11 (VIOLATED)
fanout414/X                              10     21    -11 (VIOLATED)
fanout416/X                              10     21    -11 (VIOLATED)
fanout417/X                              10     21    -11 (VIOLATED)
fanout419/X                              10     21    -11 (VIOLATED)
fanout95/X                               10     21    -11 (VIOLATED)
fanout97/X                               10     21    -11 (VIOLATED)
clkbuf_leaf_64_wb_clk_i/X                10     20    -10 (VIOLATED)
_3267_/Y                                 10     19     -9 (VIOLATED)
_3355_/Y                                 10     19     -9 (VIOLATED)
_3546_/Y                                 10     19     -9 (VIOLATED)
_4809_/Y                                 10     19     -9 (VIOLATED)
_5340_/Y                                 10     19     -9 (VIOLATED)
_5361_/Y                                 10     19     -9 (VIOLATED)
_5371_/Y                                 10     19     -9 (VIOLATED)
_5382_/Y                                 10     19     -9 (VIOLATED)
_5404_/Y                                 10     19     -9 (VIOLATED)
_5416_/X                                 10     19     -9 (VIOLATED)
_5426_/X                                 10     19     -9 (VIOLATED)
_5436_/X                                 10     19     -9 (VIOLATED)
_5448_/Y                                 10     19     -9 (VIOLATED)
_5459_/Y                                 10     19     -9 (VIOLATED)
_5469_/X                                 10     19     -9 (VIOLATED)
_5479_/X                                 10     19     -9 (VIOLATED)
_5490_/Y                                 10     19     -9 (VIOLATED)
_5500_/Y                                 10     19     -9 (VIOLATED)
_5510_/Y                                 10     19     -9 (VIOLATED)
_5520_/Y                                 10     19     -9 (VIOLATED)
_5530_/Y                                 10     19     -9 (VIOLATED)
_5540_/X                                 10     19     -9 (VIOLATED)
_5550_/Y                                 10     19     -9 (VIOLATED)
_5570_/Y                                 10     19     -9 (VIOLATED)
_5580_/Y                                 10     19     -9 (VIOLATED)
_5590_/Y                                 10     19     -9 (VIOLATED)
_5600_/X                                 10     19     -9 (VIOLATED)
_5620_/Y                                 10     19     -9 (VIOLATED)
_5640_/Y                                 10     19     -9 (VIOLATED)
_5652_/X                                 10     19     -9 (VIOLATED)
_5662_/Y                                 10     19     -9 (VIOLATED)
_6233_/Q                                 10     19     -9 (VIOLATED)
_6234_/Q                                 10     19     -9 (VIOLATED)
_6268_/Q                                 10     19     -9 (VIOLATED)
_6270_/Q                                 10     19     -9 (VIOLATED)
_6271_/Q                                 10     19     -9 (VIOLATED)
_6290_/Q                                 10     19     -9 (VIOLATED)
_6296_/Q                                 10     19     -9 (VIOLATED)
_6325_/Q                                 10     19     -9 (VIOLATED)
clkbuf_3_1_0_wb_clk_i/X                  10     19     -9 (VIOLATED)
clkbuf_3_4_0_wb_clk_i/X                  10     19     -9 (VIOLATED)
clkbuf_3_5_0_wb_clk_i/X                  10     19     -9 (VIOLATED)
clkbuf_leaf_60_wb_clk_i/X                10     19     -9 (VIOLATED)
clkbuf_leaf_61_wb_clk_i/X                10     19     -9 (VIOLATED)
fanout115/X                              10     19     -9 (VIOLATED)
fanout122/X                              10     19     -9 (VIOLATED)
fanout124/X                              10     19     -9 (VIOLATED)
fanout198/X                              10     19     -9 (VIOLATED)
fanout213/X                              10     19     -9 (VIOLATED)
fanout234/X                              10     19     -9 (VIOLATED)
fanout238/X                              10     19     -9 (VIOLATED)
fanout244/X                              10     19     -9 (VIOLATED)
fanout246/X                              10     19     -9 (VIOLATED)
fanout327/X                              10     19     -9 (VIOLATED)
fanout394/X                              10     19     -9 (VIOLATED)
fanout96/X                               10     19     -9 (VIOLATED)
hold76/X                                 10     19     -9 (VIOLATED)
hold80/X                                 10     19     -9 (VIOLATED)
clkbuf_leaf_4_wb_clk_i/X                 10     18     -8 (VIOLATED)
_3472_/X                                 10     17     -7 (VIOLATED)
_3476_/Y                                 10     17     -7 (VIOLATED)
_3861_/X                                 10     17     -7 (VIOLATED)
_3891_/X                                 10     17     -7 (VIOLATED)
_4282_/X                                 10     17     -7 (VIOLATED)
_4355_/X                                 10     17     -7 (VIOLATED)
_4405_/Y                                 10     17     -7 (VIOLATED)
_6237_/Q                                 10     17     -7 (VIOLATED)
_6238_/Q                                 10     17     -7 (VIOLATED)
_6252_/Q                                 10     17     -7 (VIOLATED)
_6253_/Q                                 10     17     -7 (VIOLATED)
_6255_/Q                                 10     17     -7 (VIOLATED)
_6257_/Q                                 10     17     -7 (VIOLATED)
_6286_/Q                                 10     17     -7 (VIOLATED)
_6874_/Q                                 10     17     -7 (VIOLATED)
_6876_/Q                                 10     17     -7 (VIOLATED)
clkbuf_0_wb_clk_i/X                      10     17     -7 (VIOLATED)
clkbuf_3_3_0_wb_clk_i/X                  10     17     -7 (VIOLATED)
clkbuf_3_6_0_wb_clk_i/X                  10     17     -7 (VIOLATED)
clkbuf_3_7_0_wb_clk_i/X                  10     17     -7 (VIOLATED)
clkbuf_leaf_18_wb_clk_i/X                10     17     -7 (VIOLATED)
clkbuf_leaf_65_wb_clk_i/X                10     17     -7 (VIOLATED)
clkbuf_leaf_67_wb_clk_i/X                10     17     -7 (VIOLATED)
fanout113/X                              10     17     -7 (VIOLATED)
fanout117/X                              10     17     -7 (VIOLATED)
fanout120/X                              10     17     -7 (VIOLATED)
fanout126/X                              10     17     -7 (VIOLATED)
fanout134/X                              10     17     -7 (VIOLATED)
fanout145/X                              10     17     -7 (VIOLATED)
fanout151/X                              10     17     -7 (VIOLATED)
fanout242/X                              10     17     -7 (VIOLATED)
fanout351/X                              10     17     -7 (VIOLATED)
fanout366/X                              10     17     -7 (VIOLATED)
fanout384/X                              10     17     -7 (VIOLATED)
fanout404/X                              10     17     -7 (VIOLATED)
hold58/X                                 10     17     -7 (VIOLATED)
hold63/X                                 10     17     -7 (VIOLATED)
clkbuf_leaf_12_wb_clk_i/X                10     16     -6 (VIOLATED)
clkbuf_leaf_17_wb_clk_i/X                10     16     -6 (VIOLATED)
_3548_/X                                 10     15     -5 (VIOLATED)
_4128_/X                                 10     15     -5 (VIOLATED)
_4144_/X                                 10     15     -5 (VIOLATED)
_4145_/Y                                 10     15     -5 (VIOLATED)
_4808_/Y                                 10     15     -5 (VIOLATED)
_5016_/X                                 10     15     -5 (VIOLATED)
_6235_/Q                                 10     15     -5 (VIOLATED)
_6240_/Q                                 10     15     -5 (VIOLATED)
_6241_/Q                                 10     15     -5 (VIOLATED)
clkbuf_leaf_28_wb_clk_i/X                10     15     -5 (VIOLATED)
clkbuf_leaf_44_wb_clk_i/X                10     15     -5 (VIOLATED)
fanout105/X                              10     15     -5 (VIOLATED)
fanout109/X                              10     15     -5 (VIOLATED)
fanout159/X                              10     15     -5 (VIOLATED)
fanout161/X                              10     15     -5 (VIOLATED)
fanout190/X                              10     15     -5 (VIOLATED)
fanout194/X                              10     15     -5 (VIOLATED)
fanout208/X                              10     15     -5 (VIOLATED)
fanout218/X                              10     15     -5 (VIOLATED)
fanout219/X                              10     15     -5 (VIOLATED)
fanout227/X                              10     15     -5 (VIOLATED)
fanout282/X                              10     15     -5 (VIOLATED)
fanout333/X                              10     15     -5 (VIOLATED)
fanout344/X                              10     15     -5 (VIOLATED)
fanout345/X                              10     15     -5 (VIOLATED)
fanout361/X                              10     15     -5 (VIOLATED)
fanout374/X                              10     15     -5 (VIOLATED)
fanout378/X                              10     15     -5 (VIOLATED)
fanout98/X                               10     15     -5 (VIOLATED)
hold20/X                                 10     15     -5 (VIOLATED)
hold56/X                                 10     15     -5 (VIOLATED)
sram_inst/fanout84/X                     10     15     -5 (VIOLATED)
sram_inst/fanout85/X                     10     15     -5 (VIOLATED)
sram_inst/fanout86/X                     10     15     -5 (VIOLATED)
sram_inst/fanout87/X                     10     15     -5 (VIOLATED)
sram_inst/fanout88/X                     10     15     -5 (VIOLATED)
sram_inst/fanout89/X                     10     15     -5 (VIOLATED)
clkbuf_leaf_0_wb_clk_i/X                 10     14     -4 (VIOLATED)
clkbuf_leaf_11_wb_clk_i/X                10     14     -4 (VIOLATED)
clkbuf_leaf_13_wb_clk_i/X                10     14     -4 (VIOLATED)
clkbuf_leaf_16_wb_clk_i/X                10     14     -4 (VIOLATED)
clkbuf_leaf_20_wb_clk_i/X                10     14     -4 (VIOLATED)
clkbuf_leaf_3_wb_clk_i/X                 10     14     -4 (VIOLATED)
clkbuf_leaf_49_wb_clk_i/X                10     14     -4 (VIOLATED)
clkbuf_leaf_54_wb_clk_i/X                10     14     -4 (VIOLATED)
_3091_/Y                                 10     13     -3 (VIOLATED)
_3107_/Y                                 10     13     -3 (VIOLATED)
_3111_/Y                                 10     13     -3 (VIOLATED)
_3408_/Y                                 10     13     -3 (VIOLATED)
_3425_/X                                 10     13     -3 (VIOLATED)
_3609_/X                                 10     13     -3 (VIOLATED)
_4292_/X                                 10     13     -3 (VIOLATED)
_5121_/X                                 10     13     -3 (VIOLATED)
_6236_/Q                                 10     13     -3 (VIOLATED)
_6239_/Q                                 10     13     -3 (VIOLATED)
_6254_/Q                                 10     13     -3 (VIOLATED)
_6258_/Q                                 10     13     -3 (VIOLATED)
_6262_/Q                                 10     13     -3 (VIOLATED)
_6675_/Q                                 10     13     -3 (VIOLATED)
_6714_/Q                                 10     13     -3 (VIOLATED)
clkbuf_leaf_10_wb_clk_i/X                10     13     -3 (VIOLATED)
clkbuf_leaf_2_wb_clk_i/X                 10     13     -3 (VIOLATED)
clkbuf_leaf_59_wb_clk_i/X                10     13     -3 (VIOLATED)
clkbuf_leaf_62_wb_clk_i/X                10     13     -3 (VIOLATED)
fanout144/X                              10     13     -3 (VIOLATED)
fanout163/X                              10     13     -3 (VIOLATED)
fanout174/X                              10     13     -3 (VIOLATED)
fanout196/X                              10     13     -3 (VIOLATED)
fanout279/X                              10     13     -3 (VIOLATED)
fanout287/X                              10     13     -3 (VIOLATED)
fanout339/X                              10     13     -3 (VIOLATED)
fanout340/X                              10     13     -3 (VIOLATED)
fanout367/X                              10     13     -3 (VIOLATED)
fanout392/X                              10     13     -3 (VIOLATED)
fanout407/X                              10     13     -3 (VIOLATED)
fanout415/X                              10     13     -3 (VIOLATED)
fanout418/X                              10     13     -3 (VIOLATED)
input23/X                                10     13     -3 (VIOLATED)
input56/X                                10     13     -3 (VIOLATED)
input57/X                                10     13     -3 (VIOLATED)
clkbuf_leaf_1_wb_clk_i/X                 10     12     -2 (VIOLATED)
clkbuf_leaf_42_wb_clk_i/X                10     12     -2 (VIOLATED)
clkbuf_leaf_47_wb_clk_i/X                10     12     -2 (VIOLATED)
clkbuf_leaf_51_wb_clk_i/X                10     12     -2 (VIOLATED)
clkbuf_leaf_53_wb_clk_i/X                10     12     -2 (VIOLATED)
clkbuf_leaf_55_wb_clk_i/X                10     12     -2 (VIOLATED)
clkbuf_leaf_57_wb_clk_i/X                10     12     -2 (VIOLATED)
_3099_/Y                                 10     11        (VIOLATED)
_3102_/Y                                 10     11        (VIOLATED)
_3115_/Y                                 10     11        (VIOLATED)
_3298_/X                                 10     11        (VIOLATED)
_3314_/Y                                 10     11        (VIOLATED)
_3952_/Y                                 10     11        (VIOLATED)
_4433_/Y                                 10     11        (VIOLATED)
_4814_/X                                 10     11        (VIOLATED)
_6690_/Q                                 10     11        (VIOLATED)
_6873_/Q                                 10     11        (VIOLATED)
_6888_/Q                                 10     11        (VIOLATED)
clkbuf_leaf_15_wb_clk_i/X                10     11        (VIOLATED)
clkbuf_leaf_21_wb_clk_i/X                10     11        (VIOLATED)
clkbuf_leaf_23_wb_clk_i/X                10     11        (VIOLATED)
clkbuf_leaf_26_wb_clk_i/X                10     11        (VIOLATED)
clkbuf_leaf_34_wb_clk_i/X                10     11        (VIOLATED)
clkbuf_leaf_35_wb_clk_i/X                10     11        (VIOLATED)
clkbuf_leaf_38_wb_clk_i/X                10     11        (VIOLATED)
fanout168/X                              10     11        (VIOLATED)
fanout188/X                              10     11        (VIOLATED)
fanout206/X                              10     11        (VIOLATED)
fanout211/X                              10     11        (VIOLATED)
fanout223/X                              10     11        (VIOLATED)
fanout250/X                              10     11        (VIOLATED)
fanout252/X                              10     11        (VIOLATED)
fanout263/X                              10     11        (VIOLATED)
fanout274/X                              10     11        (VIOLATED)
fanout290/X                              10     11        (VIOLATED)
fanout309/X                              10     11        (VIOLATED)
fanout321/X                              10     11        (VIOLATED)
fanout325/X                              10     11        (VIOLATED)
fanout329/X                              10     11        (VIOLATED)
fanout337/X                              10     11        (VIOLATED)
fanout342/X                              10     11        (VIOLATED)
fanout347/X                              10     11        (VIOLATED)
fanout356/X                              10     11        (VIOLATED)
fanout383/X                              10     11        (VIOLATED)
fanout398/X                              10     11        (VIOLATED)
fanout399/X                              10     11        (VIOLATED)
fanout405/X                              10     11        (VIOLATED)
input16/X                                10     11        (VIOLATED)
max_cap132/X                             10     11        (VIOLATED)



===========================================================================
report_parasitic_annotation -report_unannotated
============================================================================
Found 320 unannotated drivers.
 clkload0/X
 clkload1/Y
 clkload10/Y
 clkload11/Y
 clkload12/Y
 clkload13/Y
 clkload14/Y
 clkload15/Y
 clkload16/Y
 clkload17/Y
 clkload18/Y
 clkload19/Y
 clkload2/Y
 clkload20/Y
 clkload21/X
 clkload22/Y
 clkload23/Y
 clkload24/Y
 clkload25/Y
 clkload26/Y
 clkload27/Y
 clkload28/Y
 clkload29/X
 clkload3/Y
 clkload30/Y
 clkload31/Y
 clkload32/Y
 clkload33/Y
 clkload34/Y
 clkload35/Y
 clkload36/Y
 clkload37/Y
 clkload38/Y
 clkload39/Y
 clkload4/Y
 clkload40/X
 clkload41/Y
 clkload42/Y
 clkload43/Y
 clkload44/Y
 clkload45/Y
 clkload46/Y
 clkload47/Y
 clkload48/Y
 clkload49/Y
 clkload5/Y
 clkload50/Y
 clkload51/Y
 clkload52/Y
 clkload53/Y
 clkload54/Y
 clkload55/Y
 clkload56/Y
 clkload57/Y
 clkload58/Y
 clkload59/Y
 clkload6/Y
 clkload60/Y
 clkload61/X
 clkload62/Y
 clkload63/Y
 clkload64/X
 clkload65/Y
 clkload66/Y
 clkload7/Y
 clkload8/Y
 clkload9/Y
 sram_inst/_10_/Y
 sram_inst/_11_/Y
 sram_inst/_12_/X
 sram_inst/_13_/X
 sram_inst/_14_/X
 sram_inst/_15_/X
 sram_inst/_16_/X
 sram_inst/_17_/X
 sram_inst/_18_/X
 sram_inst/_19_/X
 sram_inst/_20_/X
 sram_inst/_21_/X
 sram_inst/_22_/X
 sram_inst/_23_/X
 sram_inst/_24_/X
 sram_inst/_25_/X
 sram_inst/_26_/X
 sram_inst/_27_/X
 sram_inst/_28_/X
 sram_inst/_29_/X
 sram_inst/_30_/X
 sram_inst/_31_/X
 sram_inst/_32_/X
 sram_inst/_33_/X
 sram_inst/_34_/X
 sram_inst/_35_/X
 sram_inst/_36_/X
 sram_inst/_37_/X
 sram_inst/_38_/X
 sram_inst/_39_/X
 sram_inst/_40_/X
 sram_inst/_41_/X
 sram_inst/_42_/X
 sram_inst/_43_/X
 sram_inst/_44_/X
 sram_inst/_45_/Q
 sram_inst/clkbuf_0_wb_clk_i/X
 sram_inst/clkbuf_1_0__f_wb_clk_i/X
 sram_inst/clkbuf_1_1__f_wb_clk_i/X
 sram_inst/clkload0/Y
 sram_inst/fanout84/X
 sram_inst/fanout85/X
 sram_inst/fanout86/X
 sram_inst/fanout87/X
 sram_inst/fanout88/X
 sram_inst/fanout89/X
 sram_inst/hold1/X
 sram_inst/hold10/X
 sram_inst/hold100/X
 sram_inst/hold101/X
 sram_inst/hold102/X
 sram_inst/hold103/X
 sram_inst/hold104/X
 sram_inst/hold105/X
 sram_inst/hold106/X
 sram_inst/hold107/X
 sram_inst/hold108/X
 sram_inst/hold109/X
 sram_inst/hold11/X
 sram_inst/hold110/X
 sram_inst/hold111/X
 sram_inst/hold112/X
 sram_inst/hold113/X
 sram_inst/hold114/X
 sram_inst/hold115/X
 sram_inst/hold116/X
 sram_inst/hold117/X
 sram_inst/hold118/X
 sram_inst/hold119/X
 sram_inst/hold12/X
 sram_inst/hold120/X
 sram_inst/hold121/X
 sram_inst/hold122/X
 sram_inst/hold123/X
 sram_inst/hold124/X
 sram_inst/hold125/X
 sram_inst/hold126/X
 sram_inst/hold127/X
 sram_inst/hold128/X
 sram_inst/hold129/X
 sram_inst/hold13/X
 sram_inst/hold130/X
 sram_inst/hold131/X
 sram_inst/hold132/X
 sram_inst/hold133/X
 sram_inst/hold134/X
 sram_inst/hold135/X
 sram_inst/hold136/X
 sram_inst/hold137/X
 sram_inst/hold138/X
 sram_inst/hold14/X
 sram_inst/hold15/X
 sram_inst/hold16/X
 sram_inst/hold17/X
 sram_inst/hold18/X
 sram_inst/hold19/X
 sram_inst/hold2/X
 sram_inst/hold20/X
 sram_inst/hold21/X
 sram_inst/hold22/X
 sram_inst/hold23/X
 sram_inst/hold24/X
 sram_inst/hold25/X
 sram_inst/hold26/X
 sram_inst/hold27/X
 sram_inst/hold28/X
 sram_inst/hold29/X
 sram_inst/hold3/X
 sram_inst/hold30/X
 sram_inst/hold31/X
 sram_inst/hold32/X
 sram_inst/hold33/X
 sram_inst/hold34/X
 sram_inst/hold35/X
 sram_inst/hold36/X
 sram_inst/hold37/X
 sram_inst/hold38/X
 sram_inst/hold39/X
 sram_inst/hold4/X
 sram_inst/hold40/X
 sram_inst/hold41/X
 sram_inst/hold42/X
 sram_inst/hold43/X
 sram_inst/hold44/X
 sram_inst/hold45/X
 sram_inst/hold46/X
 sram_inst/hold47/X
 sram_inst/hold48/X
 sram_inst/hold49/X
 sram_inst/hold5/X
 sram_inst/hold50/X
 sram_inst/hold51/X
 sram_inst/hold52/X
 sram_inst/hold53/X
 sram_inst/hold54/X
 sram_inst/hold55/X
 sram_inst/hold56/X
 sram_inst/hold57/X
 sram_inst/hold58/X
 sram_inst/hold59/X
 sram_inst/hold6/X
 sram_inst/hold60/X
 sram_inst/hold61/X
 sram_inst/hold62/X
 sram_inst/hold63/X
 sram_inst/hold64/X
 sram_inst/hold65/X
 sram_inst/hold66/X
 sram_inst/hold67/X
 sram_inst/hold68/X
 sram_inst/hold69/X
 sram_inst/hold7/X
 sram_inst/hold70/X
 sram_inst/hold71/X
 sram_inst/hold72/X
 sram_inst/hold73/X
 sram_inst/hold74/X
 sram_inst/hold75/X
 sram_inst/hold76/X
 sram_inst/hold77/X
 sram_inst/hold78/X
 sram_inst/hold79/X
 sram_inst/hold8/X
 sram_inst/hold80/X
 sram_inst/hold81/X
 sram_inst/hold82/X
 sram_inst/hold83/X
 sram_inst/hold84/X
 sram_inst/hold85/X
 sram_inst/hold86/X
 sram_inst/hold87/X
 sram_inst/hold88/X
 sram_inst/hold89/X
 sram_inst/hold9/X
 sram_inst/hold90/X
 sram_inst/hold91/X
 sram_inst/hold92/X
 sram_inst/hold93/X
 sram_inst/hold94/X
 sram_inst/hold95/X
 sram_inst/hold96/X
 sram_inst/hold97/X
 sram_inst/hold98/X
 sram_inst/hold99/X
 sram_inst/i_sram_90/HI
 sram_inst/i_sram_90/LO
 sram_inst/i_sram_91/HI
 sram_inst/i_sram_91/LO
 sram_inst/i_sram_92/HI
 sram_inst/i_sram_92/LO
 sram_inst/i_sram_93/HI
 sram_inst/i_sram_93/LO
 sram_inst/i_sram_94/HI
 sram_inst/i_sram_94/LO
 sram_inst/i_sram_95/HI
 sram_inst/i_sram_95/LO
 sram_inst/i_sram_96/HI
 sram_inst/i_sram_96/LO
 sram_inst/i_sram_97/HI
 sram_inst/i_sram_97/LO
 sram_inst/i_sram_98/HI
 sram_inst/i_sram_98/LO
 sram_inst/input1/X
 sram_inst/input10/X
 sram_inst/input11/X
 sram_inst/input12/X
 sram_inst/input13/X
 sram_inst/input14/X
 sram_inst/input15/X
 sram_inst/input16/X
 sram_inst/input17/X
 sram_inst/input18/X
 sram_inst/input19/X
 sram_inst/input2/X
 sram_inst/input20/X
 sram_inst/input21/X
 sram_inst/input22/X
 sram_inst/input23/X
 sram_inst/input24/X
 sram_inst/input25/X
 sram_inst/input26/X
 sram_inst/input27/X
 sram_inst/input28/X
 sram_inst/input29/X
 sram_inst/input3/X
 sram_inst/input30/X
 sram_inst/input31/X
 sram_inst/input32/X
 sram_inst/input33/X
 sram_inst/input34/X
 sram_inst/input35/X
 sram_inst/input36/X
 sram_inst/input37/X
 sram_inst/input38/X
 sram_inst/input39/X
 sram_inst/input4/X
 sram_inst/input40/X
 sram_inst/input41/X
 sram_inst/input42/X
 sram_inst/input43/X
 sram_inst/input44/X
 sram_inst/input45/X
 sram_inst/input46/X
 sram_inst/input47/X
 sram_inst/input48/X
 sram_inst/input49/X
 sram_inst/input5/X
 sram_inst/input50/X
 sram_inst/input6/X
 sram_inst/input7/X
 sram_inst/input8/X
 sram_inst/input9/X
 user_project_420/HI
Found 84 partially unannotated drivers.
 wbs_sel_i[0]
  sram_inst/hold90/A
 wbs_sel_i[1]
  sram_inst/hold87/A
 wbs_sel_i[2]
  sram_inst/hold93/A
 wbs_sel_i[3]
  sram_inst/hold96/A
 _5332_/X
  sram_inst/input49/A
 clkbuf_leaf_30_wb_clk_i/X
  sram_inst/clkbuf_0_wb_clk_i/A
 fanout321/X
  sram_inst/hold104/A
 fanout325/X
  sram_inst/hold105/A
 fanout329/X
  sram_inst/hold106/A
 fanout333/X
  sram_inst/hold108/A
 fanout337/X
  sram_inst/hold115/A
 fanout342/X
  sram_inst/hold119/A
 fanout347/X
  sram_inst/hold118/A
 fanout351/X
  sram_inst/hold122/A
 fanout356/X
  sram_inst/hold125/A
 fanout405/X
  sram_inst/input1/A
 input15/X
  sram_inst/hold138/A
 input16/X
  sram_inst/hold137/A
 input17/X
  sram_inst/hold136/A
 input18/X
  sram_inst/hold134/A
 input19/X
  sram_inst/hold135/A
 input20/X
  sram_inst/hold133/A
 input21/X
  sram_inst/hold132/A
 input22/X
  sram_inst/hold131/A
 input23/X
  sram_inst/input12/A
 input25/X
  sram_inst/hold102/A
 input26/X
  sram_inst/hold101/A
 input27/X
  sram_inst/hold100/A
 input28/X
  sram_inst/hold99/A
 input29/X
  sram_inst/hold98/A
 input30/X
  sram_inst/hold97/A
 input31/X
  sram_inst/hold113/A
 input32/X
  sram_inst/hold110/A
 input33/X
  sram_inst/hold107/A
 input34/X
  sram_inst/hold111/A
 input36/X
  sram_inst/hold109/A
 input37/X
  sram_inst/hold114/A
 input38/X
  sram_inst/hold112/A
 input39/X
  sram_inst/hold116/A
 input4/X
  sram_inst/hold130/A
 input40/X
  sram_inst/hold117/A
 input41/X
  sram_inst/hold120/A
 input42/X
  sram_inst/hold124/A
 input43/X
  sram_inst/hold121/A
 input44/X
  sram_inst/hold123/A
 input45/X
  sram_inst/hold126/A
 input47/X
  sram_inst/hold127/A
 input48/X
  sram_inst/hold128/A
 input5/X
  sram_inst/hold129/A
 input55/X
  sram_inst/hold103/A
 input57/X
  sram_inst/input50/A
 sram_inst/output51/X
  _5333_/C
  ANTENNA_sram_inst_wbs_ack_o/DIODE
  ANTENNA__5333__C/DIODE
 sram_inst/output52/X
  _4861_/A1
  ANTENNA_sram_inst_wbs_dat_o\[0\]/DIODE
  ANTENNA__4861__A1/DIODE
 sram_inst/output53/X
  _5145_/A1
 sram_inst/output54/X
  _5157_/A1
 sram_inst/output55/X
  _5168_/A1
 sram_inst/output56/X
  _5179_/A1
 sram_inst/output57/X
  _5181_/B2
 sram_inst/output58/X
  _5196_/B1
  ANTENNA_sram_inst_wbs_dat_o\[15\]/DIODE
  ANTENNA__5196__B1/DIODE
 sram_inst/output59/X
  _5205_/A1
  ANTENNA_sram_inst_wbs_dat_o\[16\]/DIODE
  ANTENNA__5205__A1/DIODE
 sram_inst/output60/X
  _5209_/A1
  ANTENNA_sram_inst_wbs_dat_o\[17\]/DIODE
  ANTENNA__5209__A1/DIODE
 sram_inst/output61/X
  _5214_/A1
  ANTENNA_sram_inst_wbs_dat_o\[18\]/DIODE
  ANTENNA__5214__A1/DIODE
 sram_inst/output62/X
  _5219_/A1
  ANTENNA_sram_inst_wbs_dat_o\[19\]/DIODE
  ANTENNA__5219__A1/DIODE
 sram_inst/output63/X
  _4895_/A1
  ANTENNA_sram_inst_wbs_dat_o\[1\]/DIODE
  ANTENNA__4895__A1/DIODE
 sram_inst/output64/X
  _5223_/A1
  ANTENNA_sram_inst_wbs_dat_o\[20\]/DIODE
  ANTENNA__5223__A1/DIODE
 sram_inst/output65/X
  _5228_/A1
  ANTENNA_sram_inst_wbs_dat_o\[21\]/DIODE
  ANTENNA__5228__A1/DIODE
 sram_inst/output66/X
  _5232_/B2
  ANTENNA_sram_inst_wbs_dat_o\[22\]/DIODE
  ANTENNA__5232__B2/DIODE
 sram_inst/output67/X
  _5237_/A1
 sram_inst/output68/X
  _5241_/A1
  ANTENNA_sram_inst_wbs_dat_o\[24\]/DIODE
  ANTENNA__5241__A1/DIODE
 sram_inst/output69/X
  _5246_/A1
  ANTENNA_sram_inst_wbs_dat_o\[25\]/DIODE
  ANTENNA__5246__A1/DIODE
 sram_inst/output70/X
  _5251_/A1
 sram_inst/output71/X
  _5256_/A1
 sram_inst/output72/X
  _5261_/A1
 sram_inst/output73/X
  _5265_/B2
  ANTENNA_sram_inst_wbs_dat_o\[29\]/DIODE
  ANTENNA__5265__B2/DIODE
 sram_inst/output74/X
  _4919_/D
 sram_inst/output75/X
  _5270_/A1
 sram_inst/output76/X
  _5275_/A1
 sram_inst/output77/X
  _4974_/B2
  ANTENNA_sram_inst_wbs_dat_o\[3\]/DIODE
  ANTENNA__4974__B2/DIODE
 sram_inst/output78/X
  _4996_/A1
  ANTENNA_sram_inst_wbs_dat_o\[4\]/DIODE
  ANTENNA__4996__A1/DIODE
 sram_inst/output79/X
  _5038_/A1
 sram_inst/output80/X
  _5065_/A1
  ANTENNA_sram_inst_wbs_dat_o\[6\]/DIODE
  ANTENNA__5065__A1/DIODE
 sram_inst/output81/X
  _5094_/A1
  ANTENNA_sram_inst_wbs_dat_o\[7\]/DIODE
  ANTENNA__5094__A1/DIODE
 sram_inst/output82/X
  _5117_/A1
  ANTENNA_sram_inst_wbs_dat_o\[8\]/DIODE
  ANTENNA__5117__A1/DIODE
 sram_inst/output83/X
  _5131_/A1

===========================================================================
max slew violation count 364
max fanout violation count 392
max cap violation count 0
============================================================================

===========================================================================
check_setup -verbose -unconstrained_endpoints -multiple_clock -no_clock -no_input_delay -loops -generated_clocks
===========================================================================
Warning: There is 1 input port missing set_input_delay.
  uart_rx
Warning: There are 4 unconstrained endpoints.
  pwm_out
  uart_tx
  user_irq[2]
  _6837_/D
