Clock: clk
Sources: wb_clk_i 
Generated: no
Virtual: yes
Propagated: no
Period: 25.000000

===========================================================================
report_clock_properties
============================================================================
Clock                   Period          Waveform
----------------------------------------------------
clk                  25.000000    0.000000 12.500000

===========================================================================
report_clock_latency
============================================================================
Clock clk
rise -> rise
    min     max
4.650000 5.570000 source latency
6.077521         network latency _6732_/CLK
        7.557404 network latency sram_inst/_45_/CLK
---------------
10.727521 13.127403 latency
        2.399883 skew

fall -> fall
    min     max
4.650000 5.570000 source latency
6.027595         network latency _6240_/CLK
        7.524601 network latency sram_inst/_45_/CLK
---------------
10.677594 13.094602 latency
        2.417007 skew



===========================================================================
report_clock_min_period
============================================================================
clk period_min = 17.87 fmax = 55.95
