Clock: clk
Sources: wb_clk_i 
Generated: no
Virtual: yes
Propagated: no
Period: 25.000000

===========================================================================
report_clock_properties
============================================================================
Clock                   Period          Waveform
----------------------------------------------------
clk                  25.000000    0.000000 12.500000

===========================================================================
report_clock_latency
============================================================================
Clock clk
rise -> rise
    min     max
4.650000 5.570000 source latency
5.476460         network latency _6240_/CLK
        6.711308 network latency sram_inst/_45_/CLK
---------------
10.126460 12.281308 latency
        2.154848 skew

fall -> fall
    min     max
4.650000 5.570000 source latency
5.524051         network latency _6240_/CLK
        6.770254 network latency sram_inst/_45_/CLK
---------------
10.174050 12.340254 latency
        2.166203 skew



===========================================================================
report_clock_min_period
============================================================================
clk period_min = 7.88 fmax = 126.92
