Reading OpenROAD database at '/workspace/peripheral-example/openlane/user_project_wrapper/runs/RUN_2025-10-27_23-09-40/17-openroad-cutrows/user_project_wrapper.odb'…
Reading library file at '/nc/apps/pdk/ciel/sky130/versions/0fe599b2afb6708d281543108caf8310912f54af/sky130A/libs.ref/sky130_fd_sc_hd/lib/sky130_fd_sc_hd__tt_025C_1v80.lib'…
Reading library file at '/workspace/peripheral-example/lib/user_project.lib'…
Reading macro library file at '/workspace/peripheral-example/lib/user_project.lib'…
[WARNING STA-1140] /workspace/peripheral-example/lib/user_project.lib line 1, library user_project already exists.
Reading design constraints file at '/workspace/peripheral-example/openlane/user_project_wrapper/signoff.sdc'…
[INFO]: Creating clock {clk} for port wb_clk_i with period: 25
[INFO]: Setting clock uncertainity to: 0.25
[INFO]: Setting clock transition to: 0.1499999999999999944488848768742172978818416595458984375
[INFO]: Setting maximum transition to: 1.5
[INFO]: Setting maximum fanout to: 10
[INFO]: Setting timing derate to: 0 %
[INFO]: Setting clock latency range: 4.65 : 5.57
[INFO]: Setting clock transition: 0.61
[INFO] Setting global connections...
mprj matched with mprj
[WARNING PDN-0239] Core ring shape falls outside the die bounds.
[INFO PDN-0001] Inserting grid: stdcell_grid
[INFO PDN-0001] Inserting grid: macro - mprj
[WARNING PDN-0110] No via inserted between met4 and met5 at (391.5400, 212.9300) - (393.1400, 214.3000) on vssd1
Setting global connections for newly added cells…
[INFO] Setting global connections...
mprj matched with mprj
Updating metrics…
Cell type report:                       Count       Area
  Macro                                     1  552094.57
  Total                                     1  552094.57
Writing OpenROAD database to '/workspace/peripheral-example/openlane/user_project_wrapper/runs/RUN_2025-10-27_23-09-40/19-openroad-generatepdn/user_project_wrapper.odb'…
Writing netlist to '/workspace/peripheral-example/openlane/user_project_wrapper/runs/RUN_2025-10-27_23-09-40/19-openroad-generatepdn/user_project_wrapper.nl.v'…
Writing powered netlist to '/workspace/peripheral-example/openlane/user_project_wrapper/runs/RUN_2025-10-27_23-09-40/19-openroad-generatepdn/user_project_wrapper.pnl.v'…
Writing layout to '/workspace/peripheral-example/openlane/user_project_wrapper/runs/RUN_2025-10-27_23-09-40/19-openroad-generatepdn/user_project_wrapper.def'…
Writing timing constraints to '/workspace/peripheral-example/openlane/user_project_wrapper/runs/RUN_2025-10-27_23-09-40/19-openroad-generatepdn/user_project_wrapper.sdc'…
[INFO PSM-0040] All shapes on net vccd1 are connected.
[INFO PSM-0040] All shapes on net vccd2 are connected.
[INFO PSM-0040] All shapes on net vdda1 are connected.
[INFO PSM-0040] All shapes on net vdda2 are connected.
[INFO PSM-0040] All shapes on net vssd1 are connected.
[INFO PSM-0040] All shapes on net vssd2 are connected.
[INFO PSM-0040] All shapes on net vssa1 are connected.
[INFO PSM-0040] All shapes on net vssa2 are connected.
