
22. Executing PROC_DLATCH pass (convert process syncs to latches).
No latch inferred for signal `\user_project.\dat_o[0]' from process `\user_project.$proc$/workspace/peripheral-example/verilog/rtl/user_project.v:0$267'.
No latch inferred for signal `\user_project.\dat_o[1]' from process `\user_project.$proc$/workspace/peripheral-example/verilog/rtl/user_project.v:0$267'.
No latch inferred for signal `\user_project.\dat_o[2]' from process `\user_project.$proc$/workspace/peripheral-example/verilog/rtl/user_project.v:0$267'.
No latch inferred for signal `\user_project.\mux_dat_o' from process `\user_project.$proc$/workspace/peripheral-example/verilog/rtl/user_project.v:44$266'.
No latch inferred for signal `$paramod$b4c45ad6b7a50c506f0a9649f786147095b9aae3\UART_TX.\tx_done' from process `$paramod$b4c45ad6b7a50c506f0a9649f786147095b9aae3\UART_TX.$proc$/workspace/peripheral-example/ip/CF_UART/hdl/rtl/CF_UART.v:483$553'.
No latch inferred for signal `$paramod$b4c45ad6b7a50c506f0a9649f786147095b9aae3\UART_TX.\next_state' from process `$paramod$b4c45ad6b7a50c506f0a9649f786147095b9aae3\UART_TX.$proc$/workspace/peripheral-example/ip/CF_UART/hdl/rtl/CF_UART.v:483$553'.
No latch inferred for signal `$paramod$b4c45ad6b7a50c506f0a9649f786147095b9aae3\UART_TX.\b_next' from process `$paramod$b4c45ad6b7a50c506f0a9649f786147095b9aae3\UART_TX.$proc$/workspace/peripheral-example/ip/CF_UART/hdl/rtl/CF_UART.v:483$553'.
No latch inferred for signal `$paramod$b4c45ad6b7a50c506f0a9649f786147095b9aae3\UART_TX.\count_next' from process `$paramod$b4c45ad6b7a50c506f0a9649f786147095b9aae3\UART_TX.$proc$/workspace/peripheral-example/ip/CF_UART/hdl/rtl/CF_UART.v:483$553'.
No latch inferred for signal `$paramod$b4c45ad6b7a50c506f0a9649f786147095b9aae3\UART_TX.\data_next' from process `$paramod$b4c45ad6b7a50c506f0a9649f786147095b9aae3\UART_TX.$proc$/workspace/peripheral-example/ip/CF_UART/hdl/rtl/CF_UART.v:483$553'.
No latch inferred for signal `$paramod$b4c45ad6b7a50c506f0a9649f786147095b9aae3\UART_TX.\tx_next' from process `$paramod$b4c45ad6b7a50c506f0a9649f786147095b9aae3\UART_TX.$proc$/workspace/peripheral-example/ip/CF_UART/hdl/rtl/CF_UART.v:483$553'.
No latch inferred for signal `$paramod$0c8e12aec8bade0d4c7e5b2f6ebf181d63aab499\cf_util_fifo.\w_ptr_next' from process `$paramod$0c8e12aec8bade0d4c7e5b2f6ebf181d63aab499\cf_util_fifo.$proc$/nc/ip/CF_IP_UTIL/v1.0.0/hdl/cf_util_lib.v:230$539'.
No latch inferred for signal `$paramod$0c8e12aec8bade0d4c7e5b2f6ebf181d63aab499\cf_util_fifo.\w_ptr_succ' from process `$paramod$0c8e12aec8bade0d4c7e5b2f6ebf181d63aab499\cf_util_fifo.$proc$/nc/ip/CF_IP_UTIL/v1.0.0/hdl/cf_util_lib.v:230$539'.
No latch inferred for signal `$paramod$0c8e12aec8bade0d4c7e5b2f6ebf181d63aab499\cf_util_fifo.\r_ptr_next' from process `$paramod$0c8e12aec8bade0d4c7e5b2f6ebf181d63aab499\cf_util_fifo.$proc$/nc/ip/CF_IP_UTIL/v1.0.0/hdl/cf_util_lib.v:230$539'.
No latch inferred for signal `$paramod$0c8e12aec8bade0d4c7e5b2f6ebf181d63aab499\cf_util_fifo.\r_ptr_succ' from process `$paramod$0c8e12aec8bade0d4c7e5b2f6ebf181d63aab499\cf_util_fifo.$proc$/nc/ip/CF_IP_UTIL/v1.0.0/hdl/cf_util_lib.v:230$539'.
No latch inferred for signal `$paramod$0c8e12aec8bade0d4c7e5b2f6ebf181d63aab499\cf_util_fifo.\level_next' from process `$paramod$0c8e12aec8bade0d4c7e5b2f6ebf181d63aab499\cf_util_fifo.$proc$/nc/ip/CF_IP_UTIL/v1.0.0/hdl/cf_util_lib.v:230$539'.
No latch inferred for signal `$paramod$0c8e12aec8bade0d4c7e5b2f6ebf181d63aab499\cf_util_fifo.\full_next' from process `$paramod$0c8e12aec8bade0d4c7e5b2f6ebf181d63aab499\cf_util_fifo.$proc$/nc/ip/CF_IP_UTIL/v1.0.0/hdl/cf_util_lib.v:230$539'.
No latch inferred for signal `$paramod$0c8e12aec8bade0d4c7e5b2f6ebf181d63aab499\cf_util_fifo.\empty_next' from process `$paramod$0c8e12aec8bade0d4c7e5b2f6ebf181d63aab499\cf_util_fifo.$proc$/nc/ip/CF_IP_UTIL/v1.0.0/hdl/cf_util_lib.v:230$539'.
No latch inferred for signal `$paramod$b4c45ad6b7a50c506f0a9649f786147095b9aae3\UART_RX.\rx_done' from process `$paramod$b4c45ad6b7a50c506f0a9649f786147095b9aae3\UART_RX.$proc$/workspace/peripheral-example/ip/CF_UART/hdl/rtl/CF_UART.v:313$490'.
No latch inferred for signal `$paramod$b4c45ad6b7a50c506f0a9649f786147095b9aae3\UART_RX.\next_state' from process `$paramod$b4c45ad6b7a50c506f0a9649f786147095b9aae3\UART_RX.$proc$/workspace/peripheral-example/ip/CF_UART/hdl/rtl/CF_UART.v:313$490'.
No latch inferred for signal `$paramod$b4c45ad6b7a50c506f0a9649f786147095b9aae3\UART_RX.\b_next' from process `$paramod$b4c45ad6b7a50c506f0a9649f786147095b9aae3\UART_RX.$proc$/workspace/peripheral-example/ip/CF_UART/hdl/rtl/CF_UART.v:313$490'.
No latch inferred for signal `$paramod$b4c45ad6b7a50c506f0a9649f786147095b9aae3\UART_RX.\count_next' from process `$paramod$b4c45ad6b7a50c506f0a9649f786147095b9aae3\UART_RX.$proc$/workspace/peripheral-example/ip/CF_UART/hdl/rtl/CF_UART.v:313$490'.
No latch inferred for signal `$paramod$b4c45ad6b7a50c506f0a9649f786147095b9aae3\UART_RX.\data_next' from process `$paramod$b4c45ad6b7a50c506f0a9649f786147095b9aae3\UART_RX.$proc$/workspace/peripheral-example/ip/CF_UART/hdl/rtl/CF_UART.v:313$490'.
No latch inferred for signal `$paramod$b4c45ad6b7a50c506f0a9649f786147095b9aae3\UART_RX.\p_error_next' from process `$paramod$b4c45ad6b7a50c506f0a9649f786147095b9aae3\UART_RX.$proc$/workspace/peripheral-example/ip/CF_UART/hdl/rtl/CF_UART.v:313$490'.
No latch inferred for signal `$paramod$b4c45ad6b7a50c506f0a9649f786147095b9aae3\UART_RX.\f_error_next' from process `$paramod$b4c45ad6b7a50c506f0a9649f786147095b9aae3\UART_RX.$proc$/workspace/peripheral-example/ip/CF_UART/hdl/rtl/CF_UART.v:313$490'.
No latch inferred for signal `$paramod\CF_TMR32\PRW=s32'00000000000000000000000000010000.\pwm1_reg_next' from process `$paramod\CF_TMR32\PRW=s32'00000000000000000000000000010000.$proc$/workspace/peripheral-example/ip/CF_TMR32/hdl/rtl/CF_TMR32.v:199$380'.
No latch inferred for signal `$paramod\CF_TMR32\PRW=s32'00000000000000000000000000010000.\pwm_action$func$/workspace/peripheral-example/ip/CF_TMR32/hdl/rtl/CF_TMR32.v:201$274.$result' from process `$paramod\CF_TMR32\PRW=s32'00000000000000000000000000010000.$proc$/workspace/peripheral-example/ip/CF_TMR32/hdl/rtl/CF_TMR32.v:199$380'.
No latch inferred for signal `$paramod\CF_TMR32\PRW=s32'00000000000000000000000000010000.\pwm_action$func$/workspace/peripheral-example/ip/CF_TMR32/hdl/rtl/CF_TMR32.v:201$274.action' from process `$paramod\CF_TMR32\PRW=s32'00000000000000000000000000010000.$proc$/workspace/peripheral-example/ip/CF_TMR32/hdl/rtl/CF_TMR32.v:199$380'.
No latch inferred for signal `$paramod\CF_TMR32\PRW=s32'00000000000000000000000000010000.\pwm_action$func$/workspace/peripheral-example/ip/CF_TMR32/hdl/rtl/CF_TMR32.v:201$274.sig' from process `$paramod\CF_TMR32\PRW=s32'00000000000000000000000000010000.$proc$/workspace/peripheral-example/ip/CF_TMR32/hdl/rtl/CF_TMR32.v:199$380'.
No latch inferred for signal `$paramod\CF_TMR32\PRW=s32'00000000000000000000000000010000.\pwm_action$func$/workspace/peripheral-example/ip/CF_TMR32/hdl/rtl/CF_TMR32.v:202$275.$result' from process `$paramod\CF_TMR32\PRW=s32'00000000000000000000000000010000.$proc$/workspace/peripheral-example/ip/CF_TMR32/hdl/rtl/CF_TMR32.v:199$380'.
No latch inferred for signal `$paramod\CF_TMR32\PRW=s32'00000000000000000000000000010000.\pwm_action$func$/workspace/peripheral-example/ip/CF_TMR32/hdl/rtl/CF_TMR32.v:202$275.action' from process `$paramod\CF_TMR32\PRW=s32'00000000000000000000000000010000.$proc$/workspace/peripheral-example/ip/CF_TMR32/hdl/rtl/CF_TMR32.v:199$380'.
No latch inferred for signal `$paramod\CF_TMR32\PRW=s32'00000000000000000000000000010000.\pwm_action$func$/workspace/peripheral-example/ip/CF_TMR32/hdl/rtl/CF_TMR32.v:202$275.sig' from process `$paramod\CF_TMR32\PRW=s32'00000000000000000000000000010000.$proc$/workspace/peripheral-example/ip/CF_TMR32/hdl/rtl/CF_TMR32.v:199$380'.
No latch inferred for signal `$paramod\CF_TMR32\PRW=s32'00000000000000000000000000010000.\pwm_action$func$/workspace/peripheral-example/ip/CF_TMR32/hdl/rtl/CF_TMR32.v:203$276.$result' from process `$paramod\CF_TMR32\PRW=s32'00000000000000000000000000010000.$proc$/workspace/peripheral-example/ip/CF_TMR32/hdl/rtl/CF_TMR32.v:199$380'.
No latch inferred for signal `$paramod\CF_TMR32\PRW=s32'00000000000000000000000000010000.\pwm_action$func$/workspace/peripheral-example/ip/CF_TMR32/hdl/rtl/CF_TMR32.v:203$276.action' from process `$paramod\CF_TMR32\PRW=s32'00000000000000000000000000010000.$proc$/workspace/peripheral-example/ip/CF_TMR32/hdl/rtl/CF_TMR32.v:199$380'.
No latch inferred for signal `$paramod\CF_TMR32\PRW=s32'00000000000000000000000000010000.\pwm_action$func$/workspace/peripheral-example/ip/CF_TMR32/hdl/rtl/CF_TMR32.v:203$276.sig' from process `$paramod\CF_TMR32\PRW=s32'00000000000000000000000000010000.$proc$/workspace/peripheral-example/ip/CF_TMR32/hdl/rtl/CF_TMR32.v:199$380'.
No latch inferred for signal `$paramod\CF_TMR32\PRW=s32'00000000000000000000000000010000.\pwm_action$func$/workspace/peripheral-example/ip/CF_TMR32/hdl/rtl/CF_TMR32.v:204$277.$result' from process `$paramod\CF_TMR32\PRW=s32'00000000000000000000000000010000.$proc$/workspace/peripheral-example/ip/CF_TMR32/hdl/rtl/CF_TMR32.v:199$380'.
No latch inferred for signal `$paramod\CF_TMR32\PRW=s32'00000000000000000000000000010000.\pwm_action$func$/workspace/peripheral-example/ip/CF_TMR32/hdl/rtl/CF_TMR32.v:204$277.action' from process `$paramod\CF_TMR32\PRW=s32'00000000000000000000000000010000.$proc$/workspace/peripheral-example/ip/CF_TMR32/hdl/rtl/CF_TMR32.v:199$380'.
No latch inferred for signal `$paramod\CF_TMR32\PRW=s32'00000000000000000000000000010000.\pwm_action$func$/workspace/peripheral-example/ip/CF_TMR32/hdl/rtl/CF_TMR32.v:204$277.sig' from process `$paramod\CF_TMR32\PRW=s32'00000000000000000000000000010000.$proc$/workspace/peripheral-example/ip/CF_TMR32/hdl/rtl/CF_TMR32.v:199$380'.
No latch inferred for signal `$paramod\CF_TMR32\PRW=s32'00000000000000000000000000010000.\pwm_action$func$/workspace/peripheral-example/ip/CF_TMR32/hdl/rtl/CF_TMR32.v:205$278.$result' from process `$paramod\CF_TMR32\PRW=s32'00000000000000000000000000010000.$proc$/workspace/peripheral-example/ip/CF_TMR32/hdl/rtl/CF_TMR32.v:199$380'.
No latch inferred for signal `$paramod\CF_TMR32\PRW=s32'00000000000000000000000000010000.\pwm_action$func$/workspace/peripheral-example/ip/CF_TMR32/hdl/rtl/CF_TMR32.v:205$278.action' from process `$paramod\CF_TMR32\PRW=s32'00000000000000000000000000010000.$proc$/workspace/peripheral-example/ip/CF_TMR32/hdl/rtl/CF_TMR32.v:199$380'.
No latch inferred for signal `$paramod\CF_TMR32\PRW=s32'00000000000000000000000000010000.\pwm_action$func$/workspace/peripheral-example/ip/CF_TMR32/hdl/rtl/CF_TMR32.v:205$278.sig' from process `$paramod\CF_TMR32\PRW=s32'00000000000000000000000000010000.$proc$/workspace/peripheral-example/ip/CF_TMR32/hdl/rtl/CF_TMR32.v:199$380'.
No latch inferred for signal `$paramod\CF_TMR32\PRW=s32'00000000000000000000000000010000.\pwm_action$func$/workspace/peripheral-example/ip/CF_TMR32/hdl/rtl/CF_TMR32.v:206$279.$result' from process `$paramod\CF_TMR32\PRW=s32'00000000000000000000000000010000.$proc$/workspace/peripheral-example/ip/CF_TMR32/hdl/rtl/CF_TMR32.v:199$380'.
No latch inferred for signal `$paramod\CF_TMR32\PRW=s32'00000000000000000000000000010000.\pwm_action$func$/workspace/peripheral-example/ip/CF_TMR32/hdl/rtl/CF_TMR32.v:206$279.action' from process `$paramod\CF_TMR32\PRW=s32'00000000000000000000000000010000.$proc$/workspace/peripheral-example/ip/CF_TMR32/hdl/rtl/CF_TMR32.v:199$380'.
No latch inferred for signal `$paramod\CF_TMR32\PRW=s32'00000000000000000000000000010000.\pwm_action$func$/workspace/peripheral-example/ip/CF_TMR32/hdl/rtl/CF_TMR32.v:206$279.sig' from process `$paramod\CF_TMR32\PRW=s32'00000000000000000000000000010000.$proc$/workspace/peripheral-example/ip/CF_TMR32/hdl/rtl/CF_TMR32.v:199$380'.
No latch inferred for signal `$paramod\CF_TMR32\PRW=s32'00000000000000000000000000010000.\pwm0_reg_next' from process `$paramod\CF_TMR32\PRW=s32'00000000000000000000000000010000.$proc$/workspace/peripheral-example/ip/CF_TMR32/hdl/rtl/CF_TMR32.v:187$331'.
No latch inferred for signal `$paramod\CF_TMR32\PRW=s32'00000000000000000000000000010000.\pwm_action$func$/workspace/peripheral-example/ip/CF_TMR32/hdl/rtl/CF_TMR32.v:192$271.$result' from process `$paramod\CF_TMR32\PRW=s32'00000000000000000000000000010000.$proc$/workspace/peripheral-example/ip/CF_TMR32/hdl/rtl/CF_TMR32.v:187$331'.
No latch inferred for signal `$paramod\CF_TMR32\PRW=s32'00000000000000000000000000010000.\pwm_action$func$/workspace/peripheral-example/ip/CF_TMR32/hdl/rtl/CF_TMR32.v:191$270.sig' from process `$paramod\CF_TMR32\PRW=s32'00000000000000000000000000010000.$proc$/workspace/peripheral-example/ip/CF_TMR32/hdl/rtl/CF_TMR32.v:187$331'.
No latch inferred for signal `$paramod\CF_TMR32\PRW=s32'00000000000000000000000000010000.\pwm_action$func$/workspace/peripheral-example/ip/CF_TMR32/hdl/rtl/CF_TMR32.v:191$270.action' from process `$paramod\CF_TMR32\PRW=s32'00000000000000000000000000010000.$proc$/workspace/peripheral-example/ip/CF_TMR32/hdl/rtl/CF_TMR32.v:187$331'.
No latch inferred for signal `$paramod\CF_TMR32\PRW=s32'00000000000000000000000000010000.\pwm_action$func$/workspace/peripheral-example/ip/CF_TMR32/hdl/rtl/CF_TMR32.v:191$270.$result' from process `$paramod\CF_TMR32\PRW=s32'00000000000000000000000000010000.$proc$/workspace/peripheral-example/ip/CF_TMR32/hdl/rtl/CF_TMR32.v:187$331'.
No latch inferred for signal `$paramod\CF_TMR32\PRW=s32'00000000000000000000000000010000.\pwm_action$func$/workspace/peripheral-example/ip/CF_TMR32/hdl/rtl/CF_TMR32.v:190$269.sig' from process `$paramod\CF_TMR32\PRW=s32'00000000000000000000000000010000.$proc$/workspace/peripheral-example/ip/CF_TMR32/hdl/rtl/CF_TMR32.v:187$331'.
No latch inferred for signal `$paramod\CF_TMR32\PRW=s32'00000000000000000000000000010000.\pwm_action$func$/workspace/peripheral-example/ip/CF_TMR32/hdl/rtl/CF_TMR32.v:190$269.action' from process `$paramod\CF_TMR32\PRW=s32'00000000000000000000000000010000.$proc$/workspace/peripheral-example/ip/CF_TMR32/hdl/rtl/CF_TMR32.v:187$331'.
No latch inferred for signal `$paramod\CF_TMR32\PRW=s32'00000000000000000000000000010000.\pwm_action$func$/workspace/peripheral-example/ip/CF_TMR32/hdl/rtl/CF_TMR32.v:190$269.$result' from process `$paramod\CF_TMR32\PRW=s32'00000000000000000000000000010000.$proc$/workspace/peripheral-example/ip/CF_TMR32/hdl/rtl/CF_TMR32.v:187$331'.
No latch inferred for signal `$paramod\CF_TMR32\PRW=s32'00000000000000000000000000010000.\pwm_action$func$/workspace/peripheral-example/ip/CF_TMR32/hdl/rtl/CF_TMR32.v:189$268.sig' from process `$paramod\CF_TMR32\PRW=s32'00000000000000000000000000010000.$proc$/workspace/peripheral-example/ip/CF_TMR32/hdl/rtl/CF_TMR32.v:187$331'.
No latch inferred for signal `$paramod\CF_TMR32\PRW=s32'00000000000000000000000000010000.\pwm_action$func$/workspace/peripheral-example/ip/CF_TMR32/hdl/rtl/CF_TMR32.v:189$268.action' from process `$paramod\CF_TMR32\PRW=s32'00000000000000000000000000010000.$proc$/workspace/peripheral-example/ip/CF_TMR32/hdl/rtl/CF_TMR32.v:187$331'.
No latch inferred for signal `$paramod\CF_TMR32\PRW=s32'00000000000000000000000000010000.\pwm_action$func$/workspace/peripheral-example/ip/CF_TMR32/hdl/rtl/CF_TMR32.v:189$268.$result' from process `$paramod\CF_TMR32\PRW=s32'00000000000000000000000000010000.$proc$/workspace/peripheral-example/ip/CF_TMR32/hdl/rtl/CF_TMR32.v:187$331'.
No latch inferred for signal `$paramod\CF_TMR32\PRW=s32'00000000000000000000000000010000.\pwm_action$func$/workspace/peripheral-example/ip/CF_TMR32/hdl/rtl/CF_TMR32.v:193$272.$result' from process `$paramod\CF_TMR32\PRW=s32'00000000000000000000000000010000.$proc$/workspace/peripheral-example/ip/CF_TMR32/hdl/rtl/CF_TMR32.v:187$331'.
No latch inferred for signal `$paramod\CF_TMR32\PRW=s32'00000000000000000000000000010000.\pwm_action$func$/workspace/peripheral-example/ip/CF_TMR32/hdl/rtl/CF_TMR32.v:192$271.action' from process `$paramod\CF_TMR32\PRW=s32'00000000000000000000000000010000.$proc$/workspace/peripheral-example/ip/CF_TMR32/hdl/rtl/CF_TMR32.v:187$331'.
No latch inferred for signal `$paramod\CF_TMR32\PRW=s32'00000000000000000000000000010000.\pwm_action$func$/workspace/peripheral-example/ip/CF_TMR32/hdl/rtl/CF_TMR32.v:192$271.sig' from process `$paramod\CF_TMR32\PRW=s32'00000000000000000000000000010000.$proc$/workspace/peripheral-example/ip/CF_TMR32/hdl/rtl/CF_TMR32.v:187$331'.
No latch inferred for signal `$paramod\CF_TMR32\PRW=s32'00000000000000000000000000010000.\pwm_action$func$/workspace/peripheral-example/ip/CF_TMR32/hdl/rtl/CF_TMR32.v:193$272.action' from process `$paramod\CF_TMR32\PRW=s32'00000000000000000000000000010000.$proc$/workspace/peripheral-example/ip/CF_TMR32/hdl/rtl/CF_TMR32.v:187$331'.
No latch inferred for signal `$paramod\CF_TMR32\PRW=s32'00000000000000000000000000010000.\pwm_action$func$/workspace/peripheral-example/ip/CF_TMR32/hdl/rtl/CF_TMR32.v:193$272.sig' from process `$paramod\CF_TMR32\PRW=s32'00000000000000000000000000010000.$proc$/workspace/peripheral-example/ip/CF_TMR32/hdl/rtl/CF_TMR32.v:187$331'.
No latch inferred for signal `$paramod\CF_TMR32\PRW=s32'00000000000000000000000000010000.\pwm_action$func$/workspace/peripheral-example/ip/CF_TMR32/hdl/rtl/CF_TMR32.v:194$273.$result' from process `$paramod\CF_TMR32\PRW=s32'00000000000000000000000000010000.$proc$/workspace/peripheral-example/ip/CF_TMR32/hdl/rtl/CF_TMR32.v:187$331'.
No latch inferred for signal `$paramod\CF_TMR32\PRW=s32'00000000000000000000000000010000.\pwm_action$func$/workspace/peripheral-example/ip/CF_TMR32/hdl/rtl/CF_TMR32.v:194$273.action' from process `$paramod\CF_TMR32\PRW=s32'00000000000000000000000000010000.$proc$/workspace/peripheral-example/ip/CF_TMR32/hdl/rtl/CF_TMR32.v:187$331'.
No latch inferred for signal `$paramod\CF_TMR32\PRW=s32'00000000000000000000000000010000.\pwm_action$func$/workspace/peripheral-example/ip/CF_TMR32/hdl/rtl/CF_TMR32.v:194$273.sig' from process `$paramod\CF_TMR32\PRW=s32'00000000000000000000000000010000.$proc$/workspace/peripheral-example/ip/CF_TMR32/hdl/rtl/CF_TMR32.v:187$331'.
No latch inferred for signal `$paramod\CF_TMR32\PRW=s32'00000000000000000000000000010000.\tmr_reg_next' from process `$paramod\CF_TMR32\PRW=s32'00000000000000000000000000010000.$proc$/workspace/peripheral-example/ip/CF_TMR32/hdl/rtl/CF_TMR32.v:110$302'.
