Clock: clk
Sources: wb_clk_i 
Generated: no
Virtual: yes
Propagated: no
Period: 25.000000

===========================================================================
report_clock_properties
============================================================================
Clock                   Period          Waveform
----------------------------------------------------
clk                  25.000000    0.000000 12.500000

===========================================================================
report_clock_latency
============================================================================
Clock clk
rise -> rise
    min     max
4.650000 5.570000 source latency
5.057670         network latency sram_inst/wb_clk_i
        6.603119 network latency _6185_/CLK
---------------
9.707669 12.173120 latency
        2.465450 skew

fall -> fall
    min     max
4.650000 5.570000 source latency
5.641807         network latency _6645_/CLK
        6.108167 network latency sram_inst/wb_clk_i
---------------
10.291807 11.678166 latency
        1.386359 skew



===========================================================================
report_clock_min_period
============================================================================
clk period_min = 8.02 fmax = 124.64
