Clock: clk
Sources: wb_clk_i 
Generated: no
Virtual: yes
Propagated: no
Period: 25.000000

===========================================================================
report_clock_properties
============================================================================
Clock                   Period          Waveform
----------------------------------------------------
clk                  25.000000    0.000000 12.500000

===========================================================================
report_clock_latency
============================================================================
Clock clk
rise -> rise
    min     max
4.650000 5.570000 source latency
5.055003         network latency sram_inst/wb_clk_i
        6.576082 network latency _6185_/CLK
---------------
9.705004 12.146082 latency
        2.441078 skew

fall -> fall
    min     max
4.650000 5.570000 source latency
5.626042         network latency _6645_/CLK
        6.105062 network latency sram_inst/wb_clk_i
---------------
10.276042 11.675061 latency
        1.399020 skew



===========================================================================
report_clock_min_period
============================================================================
clk period_min = 7.95 fmax = 125.78
