
===========================================================================
Violator List
============================================================================
[hold in-reg] wbs_dat_i[28] -> _6261_/D : -0.158543
[hold in-reg] wbs_dat_i[26] -> _6259_/D : -0.158502
[hold in-reg] wbs_dat_i[27] -> _6260_/D : -0.158486
[hold in-reg] wbs_dat_i[29] -> _6262_/D : -0.158198
[hold in-reg] wbs_dat_i[23] -> _6256_/D : -0.158006
[hold in-reg] wbs_dat_i[16] -> _6249_/D : -0.157989
[hold in-reg] wbs_dat_i[30] -> _6263_/D : -0.157803
[hold in-reg] wbs_dat_i[22] -> _6433_/D : -0.156664
[hold in-reg] wbs_dat_i[21] -> _6432_/D : -0.156637
[hold in-reg] wbs_dat_i[23] -> _6434_/D : -0.156588
[hold in-reg] wbs_dat_i[31] -> _6264_/D : -0.156505
[hold in-reg] wbs_dat_i[25] -> _6373_/D : -0.156486
[hold in-reg] wbs_dat_i[9] -> _6242_/D : -0.156325
[hold in-reg] wbs_dat_i[25] -> _6436_/D : -0.156264
[hold in-reg] wbs_dat_i[24] -> _6372_/D : -0.156254
[hold in-reg] wbs_dat_i[24] -> _6435_/D : -0.156116
[hold in-reg] wbs_dat_i[26] -> _6374_/D : -0.156107
[hold in-reg] wbs_dat_i[29] -> _6377_/D : -0.155992
[hold in-reg] wbs_dat_i[29] -> _6440_/D : -0.155965
[hold in-reg] wbs_dat_i[28] -> _6439_/D : -0.155961
[hold in-reg] wbs_dat_i[22] -> _6370_/D : -0.155825
[hold in-reg] wbs_dat_i[23] -> _6371_/D : -0.155807
[hold in-reg] wbs_dat_i[20] -> _6431_/D : -0.155784
[hold in-reg] wbs_dat_i[20] -> _6368_/D : -0.155778
[hold in-reg] wbs_dat_i[18] -> _6429_/D : -0.155772
[hold in-reg] wbs_dat_i[19] -> _6430_/D : -0.155727
[hold in-reg] wbs_dat_i[10] -> _6243_/D : -0.155596
[hold in-reg] wbs_dat_i[26] -> _6437_/D : -0.155413
[hold in-reg] wbs_dat_i[25] -> _6258_/D : -0.155393
[hold in-reg] wbs_dat_i[28] -> _6376_/D : -0.155375
[hold in-reg] wbs_dat_i[19] -> _6367_/D : -0.155372
[hold in-reg] wbs_dat_i[15] -> _6426_/D : -0.155192
[hold in-reg] wbs_dat_i[14] -> _6655_/D : -0.155156
[hold in-reg] wbs_dat_i[16] -> _6427_/D : -0.154905
[hold in-reg] wbs_dat_i[21] -> _6369_/D : -0.154901
[hold in-reg] wbs_dat_i[27] -> _6438_/D : -0.154895
[hold in-reg] wbs_dat_i[17] -> _6250_/D : -0.154802
[hold in-reg] wbs_dat_i[17] -> _6365_/D : -0.154795
[hold in-reg] wbs_dat_i[16] -> _6364_/D : -0.154790
[hold in-reg] wbs_dat_i[14] -> _6362_/D : -0.154617
[hold in-reg] wbs_dat_i[15] -> _6363_/D : -0.154611
[hold in-reg] wbs_dat_i[15] -> _6656_/D : -0.154608
[hold in-reg] wbs_dat_i[17] -> _6428_/D : -0.154577
[hold in-reg] wbs_dat_i[13] -> _6654_/D : -0.154513
[hold in-reg] wbs_dat_i[24] -> _6257_/D : -0.154485
[hold in-reg] wbs_dat_i[13] -> _6246_/D : -0.154404
[hold in-reg] wbs_dat_i[11] -> _6652_/D : -0.154385
[hold in-reg] wbs_dat_i[18] -> _6366_/D : -0.154275
[hold in-reg] wbs_dat_i[9] -> _6420_/D : -0.154197
[hold in-reg] wbs_dat_i[22] -> _6255_/D : -0.154193
[hold in-reg] wbs_dat_i[12] -> _6458_/D : -0.154172
[hold in-reg] wbs_dat_i[13] -> _6424_/D : -0.153933
[hold in-reg] wbs_dat_i[20] -> _6253_/D : -0.153919
[hold in-reg] wbs_dat_i[11] -> _6457_/D : -0.153912
[hold in-reg] wbs_dat_i[10] -> _6651_/D : -0.153660
[hold in-reg] wbs_dat_i[12] -> _6423_/D : -0.153645
[hold in-reg] wbs_dat_i[12] -> _6360_/D : -0.153639
[hold in-reg] wbs_dat_i[13] -> _6361_/D : -0.153536
[hold in-reg] wbs_dat_i[15] -> _6461_/D : -0.153282
[hold in-reg] wbs_dat_i[9] -> _6455_/D : -0.153279
[hold in-reg] wbs_dat_i[12] -> _6653_/D : -0.153254
[hold in-reg] wbs_dat_i[14] -> _6425_/D : -0.153146
[hold in-reg] wbs_dat_i[9] -> _6357_/D : -0.153028
[hold in-reg] wbs_dat_i[19] -> _6252_/D : -0.152915
[hold in-reg] wbs_dat_i[13] -> _6459_/D : -0.152485
[hold in-reg] wbs_dat_i[2] -> _6235_/D : -0.152471
[hold in-reg] wbs_dat_i[14] -> _6460_/D : -0.152460
[hold in-reg] wbs_dat_i[1] -> _6234_/D : -0.152402
[hold in-reg] wbs_dat_i[6] -> _6239_/D : -0.152035
[hold in-reg] wbs_dat_i[10] -> _6456_/D : -0.151608
[hold in-reg] wbs_dat_i[0] -> _6446_/D : -0.151188
[hold in-reg] wbs_dat_i[9] -> _6650_/D : -0.151059
[hold in-reg] wbs_dat_i[5] -> _6238_/D : -0.150914
[hold in-reg] wbs_dat_i[3] -> _6236_/D : -0.150882
[hold in-reg] wbs_dat_i[7] -> _6240_/D : -0.150331
[hold in-reg] wbs_dat_i[2] -> _6643_/D : -0.149688
[hold in-reg] wbs_dat_i[7] -> _6453_/D : -0.149131
[hold in-reg] wbs_dat_i[6] -> _6452_/D : -0.149111
[hold in-reg] wbs_dat_i[6] -> _6647_/D : -0.149039
[hold in-reg] wbs_dat_i[8] -> _6454_/D : -0.149036
[hold in-reg] wbs_dat_i[4] -> _6237_/D : -0.148951
[hold in-reg] wbs_dat_i[8] -> _6241_/D : -0.148894
[hold in-reg] wbs_dat_i[3] -> _6644_/D : -0.148305
[hold in-reg] wbs_dat_i[15] -> _6321_/D : -0.148288
[hold in-reg] wbs_dat_i[9] -> _6848_/D : -0.148167
[hold in-reg] wbs_dat_i[2] -> _6327_/D : -0.148072
[hold in-reg] wbs_dat_i[9] -> _6818_/D : -0.148020
[hold in-reg] wbs_dat_i[2] -> _6304_/D : -0.147906
[hold in-reg] wbs_dat_i[15] -> _6347_/D : -0.147878
[hold in-reg] wbs_dat_i[1] -> _6642_/D : -0.147594
[hold in-reg] wbs_dat_i[5] -> _6451_/D : -0.147157
[hold in-reg] wbs_dat_i[4] -> _6352_/D : -0.146818
[hold in-reg] wbs_dat_i[9] -> _6341_/D : -0.146523
[hold in-reg] wbs_dat_i[2] -> _6383_/D : -0.146359
[hold in-reg] wbs_dat_i[4] -> _6450_/D : -0.146245
[hold in-reg] wbs_dat_i[31] -> _6379_/D : -0.146231
[hold in-reg] wbs_dat_i[8] -> _6649_/D : -0.146058
[hold in-reg] wbs_dat_i[18] -> _6251_/D : -0.145851
[hold in-reg] wbs_dat_i[31] -> _6442_/D : -0.145733
[hold in-reg] wbs_dat_i[11] -> _6343_/D : -0.145648
[hold in-reg] wbs_dat_i[4] -> _6415_/D : -0.145578
[hold in-reg] wbs_dat_i[5] -> _6646_/D : -0.145553
[hold in-reg] wbs_dat_i[12] -> _6245_/D : -0.145490
[hold in-reg] wbs_dat_i[1] -> _6303_/D : -0.145418
[hold in-reg] wbs_dat_i[13] -> _6345_/D : -0.145361
[hold in-reg] wbs_dat_i[21] -> _6254_/D : -0.145261
[hold in-reg] wbs_dat_i[7] -> _6648_/D : -0.145155
[hold in-reg] wbs_dat_i[0] -> _6233_/D : -0.145023
[hold in-reg] wbs_dat_i[14] -> _6247_/D : -0.144947
[hold in-reg] wbs_dat_i[27] -> _6375_/D : -0.144927
[hold in-reg] wbs_dat_i[30] -> _6441_/D : -0.144921
[hold in-reg] wbs_dat_i[1] -> _6326_/D : -0.144873
[hold in-reg] wbs_dat_i[30] -> _6378_/D : -0.144841
[hold in-reg] wbs_dat_i[0] -> _6641_/D : -0.144822
[hold in-reg] wbs_dat_i[4] -> _6645_/D : -0.144653
[hold in-reg] wbs_dat_i[1] -> _6382_/D : -0.144651
[hold in-reg] wbs_dat_i[3] -> _6449_/D : -0.144535
[hold in-reg] wbs_dat_i[11] -> _6422_/D : -0.144255
[hold in-reg] wbs_dat_i[10] -> _6358_/D : -0.144238
[hold in-reg] wbs_dat_i[10] -> _6879_/D : -0.143862
[hold in-reg] wbs_dat_i[11] -> _6359_/D : -0.143752
[hold in-reg] wbs_dat_i[5] -> _6330_/D : -0.143475
[hold in-reg] wbs_dat_i[15] -> _6248_/D : -0.143445
[hold in-reg] wbs_dat_i[0] -> _6302_/D : -0.143225
[hold in-reg] wbs_dat_i[12] -> _6344_/D : -0.142834
[hold in-reg] wbs_dat_i[12] -> _6881_/D : -0.142676
[hold in-reg] wbs_dat_i[0] -> _6325_/D : -0.142609
[hold in-reg] wbs_dat_i[11] -> _6244_/D : -0.142422
[hold in-reg] wbs_dat_i[0] -> _6381_/D : -0.142341
[hold in-reg] wbs_dat_i[10] -> _6421_/D : -0.142192
[hold in-reg] wbs_dat_i[2] -> _6334_/D : -0.141969
[hold in-reg] wbs_dat_i[10] -> _6342_/D : -0.141765
[hold in-reg] wbs_dat_i[9] -> _6390_/D : -0.141716
[hold in-reg] wbs_dat_i[2] -> _6350_/D : -0.141206
[hold in-reg] wbs_dat_i[1] -> _6412_/D : -0.141089
[hold in-reg] wbs_dat_i[9] -> _6878_/D : -0.141079
[hold in-reg] wbs_dat_i[1] -> _6349_/D : -0.140758
[hold in-reg] wbs_dat_i[10] -> _6391_/D : -0.140571
[hold in-reg] wbs_dat_i[2] -> _6413_/D : -0.140551
[hold in-reg] wbs_dat_i[11] -> _6392_/D : -0.139742
[hold in-reg] wbs_dat_i[8] -> _6817_/D : -0.139440
[hold in-reg] wbs_dat_i[7] -> _6355_/D : -0.139421
[hold in-reg] wbs_dat_i[6] -> _6354_/D : -0.139347
[hold in-reg] wbs_dat_i[11] -> _6880_/D : -0.139296
[hold in-reg] wbs_dat_i[2] -> _6448_/D : -0.139087
[hold in-reg] wbs_dat_i[8] -> _6847_/D : -0.138765
[hold in-reg] wbs_dat_i[8] -> _6356_/D : -0.138672
[hold in-reg] wbs_dat_i[5] -> _6416_/D : -0.138495
[hold in-reg] wbs_dat_i[1] -> _6885_/D : -0.138421
[hold in-reg] wbs_dat_i[7] -> _6418_/D : -0.138265
[hold in-reg] wbs_dat_i[3] -> _6812_/D : -0.138257
[hold in-reg] wbs_dat_i[0] -> _6884_/D : -0.138077
[hold in-reg] wbs_dat_i[13] -> _6319_/D : -0.138004
[hold in-reg] wbs_dat_i[11] -> _6317_/D : -0.137954
[hold in-reg] wbs_dat_i[3] -> _6414_/D : -0.137860
[hold in-reg] wbs_dat_i[14] -> _6346_/D : -0.137766
[hold in-reg] wbs_dat_i[3] -> _6351_/D : -0.137701
[hold in-reg] wbs_dat_i[9] -> _6315_/D : -0.137549
[hold in-reg] wbs_dat_i[12] -> _6318_/D : -0.137494
[hold in-reg] wbs_dat_i[1] -> _6447_/D : -0.137403
[hold in-reg] wbs_dat_i[14] -> _6320_/D : -0.137393
[hold in-reg] wbs_dat_i[8] -> _6419_/D : -0.137160
[hold in-reg] wbs_dat_i[10] -> _6316_/D : -0.137058
[hold in-reg] wbs_dat_i[6] -> _6417_/D : -0.136912
[hold in-reg] wbs_dat_i[7] -> _6388_/D : -0.136771
[hold in-reg] wbs_dat_i[0] -> _6348_/D : -0.136693
[hold in-reg] wbs_dat_i[13] -> _6882_/D : -0.136579
[hold in-reg] wbs_dat_i[3] -> _6384_/D : -0.136373
[hold in-reg] wbs_dat_i[0] -> _6809_/D : -0.136089
[hold in-reg] wbs_dat_i[6] -> _6815_/D : -0.136055
[hold in-reg] wbs_dat_i[3] -> _6887_/D : -0.135894
[hold in-reg] wbs_dat_i[5] -> _6353_/D : -0.135816
[hold in-reg] wbs_dat_i[0] -> _6411_/D : -0.135664
[hold in-reg] wbs_dat_i[2] -> _6464_/D : -0.135657
[hold in-reg] wbs_dat_i[7] -> _6339_/D : -0.135610
[hold in-reg] wbs_dat_i[2] -> _6308_/D : -0.135345
[hold in-reg] wbs_dat_i[0] -> _6332_/D : -0.135262
[hold in-reg] wbs_dat_i[8] -> _6340_/D : -0.135182
[hold in-reg] wbs_dat_i[3] -> _6335_/D : -0.134966
[hold in-reg] wbs_dat_i[6] -> _6338_/D : -0.134944
[hold in-reg] wbs_dat_i[6] -> _6468_/D : -0.134813
[hold in-reg] wbs_dat_i[1] -> _6307_/D : -0.134797
[hold in-reg] wbs_dat_i[6] -> _6387_/D : -0.134790
[hold in-reg] wbs_dat_i[1] -> _6333_/D : -0.134523
[hold in-reg] wbs_dat_i[1] -> _6852_/D : -0.134406
[hold in-reg] wbs_dat_i[4] -> _6336_/D : -0.134388
[hold in-reg] wbs_dat_i[5] -> _6814_/D : -0.134098
[hold in-reg] wbs_dat_i[4] -> _6466_/D : -0.134087
[hold in-reg] wbs_dat_i[6] -> _6331_/D : -0.134019
[hold in-reg] wbs_dat_i[5] -> _6337_/D : -0.133993
[hold in-reg] wbs_dat_i[1] -> _6840_/D : -0.133971
[hold in-reg] wbs_dat_i[7] -> _6469_/D : -0.133790
[hold in-reg] wbs_dat_i[5] -> _6386_/D : -0.133699
[hold in-reg] wbs_dat_i[3] -> _6328_/D : -0.133573
[hold in-reg] wbs_dat_i[1] -> _6860_/D : -0.133548
[hold in-reg] wbs_dat_i[4] -> _6310_/D : -0.133331
[hold in-reg] wbs_dat_i[8] -> _6389_/D : -0.133091
[hold in-reg] wbs_dat_i[1] -> _6323_/D : -0.133063
[hold in-reg] wbs_dat_i[8] -> _6314_/D : -0.133045
[hold in-reg] wbs_dat_i[6] -> _6312_/D : -0.133036
[hold in-reg] wbs_dat_i[1] -> _6463_/D : -0.133033
[hold in-reg] wbs_dat_i[4] -> _6329_/D : -0.132982
[hold in-reg] wbs_dat_i[6] -> _6845_/D : -0.132967
[hold in-reg] wbs_dat_i[5] -> _6844_/D : -0.132923
[hold in-reg] wbs_dat_i[3] -> _6309_/D : -0.132868
[hold in-reg] wbs_dat_i[7] -> _6313_/D : -0.132714
[hold in-reg] wbs_dat_i[3] -> _6465_/D : -0.132587
[hold in-reg] wbs_dat_i[4] -> _6385_/D : -0.132585
[hold in-reg] wbs_dat_i[2] -> _6324_/D : -0.132514
[hold in-reg] wbs_dat_i[8] -> _6877_/D : -0.132452
[hold in-reg] wbs_dat_i[7] -> _6866_/D : -0.132326
[hold in-reg] wbs_dat_i[3] -> _6842_/D : -0.132234
[hold in-reg] wbs_dat_i[2] -> _6886_/D : -0.132206
[hold in-reg] wbs_dat_i[4] -> _6888_/D : -0.132173
[hold in-reg] wbs_dat_i[7] -> _6846_/D : -0.132126
[hold in-reg] wbs_dat_i[0] -> _6443_/D : -0.132105
[hold in-reg] wbs_dat_i[2] -> _6445_/D : -0.132010
[hold in-reg] wbs_dat_i[2] -> _6811_/D : -0.131992
[hold in-reg] wbs_dat_i[1] -> _6810_/D : -0.131942
[hold in-reg] wbs_dat_i[5] -> _6311_/D : -0.131912
[hold in-reg] wbs_dat_i[3] -> _6854_/D : -0.131902
[hold in-reg] wbs_dat_i[6] -> _6865_/D : -0.131745
[hold in-reg] wbs_dat_i[2] -> _6841_/D : -0.131626
[hold in-reg] wbs_dat_i[2] -> _6853_/D : -0.131603
[hold in-reg] wbs_dat_i[7] -> _6816_/D : -0.131485
[hold in-reg] wbs_dat_i[5] -> _6467_/D : -0.131332
[hold in-reg] wbs_dat_i[0] -> _6851_/D : -0.131228
[hold in-reg] wbs_dat_i[4] -> _6813_/D : -0.130982
[hold in-reg] wbs_dat_i[0] -> _6306_/D : -0.130693
[hold in-reg] wbs_dat_i[0] -> _6855_/D : -0.130625
[hold in-reg] wbs_dat_i[0] -> _6462_/D : -0.130319
[hold in-reg] wbs_dat_i[1] -> _6856_/D : -0.130250
[hold in-reg] wbs_dat_i[5] -> _6864_/D : -0.130014
[hold in-reg] wbs_dat_i[4] -> _6863_/D : -0.129656
[hold in-reg] wbs_dat_i[8] -> _6867_/D : -0.129383
[hold in-reg] wbs_dat_i[0] -> _6849_/D : -0.129285
[hold in-reg] wbs_dat_i[2] -> _6857_/D : -0.129099
[hold in-reg] wbs_dat_i[3] -> _6862_/D : -0.128074
[hold in-reg] wbs_dat_i[1] -> _6444_/D : -0.128061
[hold in-reg] wbs_dat_i[0] -> _6839_/D : -0.127998
[hold in-reg] wbs_dat_i[3] -> _6858_/D : -0.127523
[hold in-reg] wbs_dat_i[0] -> _6322_/D : -0.127469
[hold in-reg] wbs_dat_i[2] -> _6861_/D : -0.127048
[hold in-reg] wbs_dat_i[4] -> _6843_/D : -0.126233
[hold in-reg] wbs_dat_i[0] -> _6859_/D : -0.125172
[hold in-reg] wbs_dat_i[1] -> _6870_/D : -0.121486
[hold in-reg] wbs_dat_i[2] -> _6871_/D : -0.118826
[hold in-reg] wbs_dat_i[0] -> _6869_/D : -0.117385
[hold in-reg] wbs_dat_i[7] -> _6876_/D : -0.116995
[hold in-reg] wbs_dat_i[6] -> _6875_/D : -0.116298
[hold in-reg] wbs_dat_i[5] -> _6874_/D : -0.115356
[hold in-reg] wbs_dat_i[4] -> _6873_/D : -0.115324
[hold in-reg] wbs_dat_i[8] -> _6579_/D : -0.114379
[hold in-reg] wbs_dat_i[8] -> _6410_/D : -0.114347
[hold in-reg] wbs_dat_i[2] -> _6404_/D : -0.113509
[hold in-reg] wbs_dat_i[8] -> _6401_/D : -0.113369
[hold in-reg] wbs_dat_i[2] -> _6202_/D : -0.112760
[hold in-reg] wbs_dat_i[8] -> _6208_/D : -0.112451
[hold in-reg] wbs_dat_i[8] -> _6665_/D : -0.112047
[hold in-reg] wbs_dat_i[3] -> _6872_/D : -0.112042
[hold in-reg] wbs_dat_i[2] -> _6573_/D : -0.111263
[hold in-reg] wbs_dat_i[2] -> _6395_/D : -0.110740
[hold in-reg] wbs_dat_i[8] -> _6634_/D : -0.109744
[hold in-reg] wbs_dat_i[2] -> _6628_/D : -0.109393
[hold in-reg] wbs_dat_i[6] -> _6399_/D : -0.105702
[hold in-reg] wbs_dat_i[6] -> _6632_/D : -0.105674
[hold in-reg] wbs_dat_i[6] -> _6577_/D : -0.105617
[hold in-reg] wbs_dat_i[6] -> _6408_/D : -0.105564
[hold in-reg] wbs_dat_i[0] -> _6393_/D : -0.101462
[hold in-reg] wbs_dat_i[0] -> _6571_/D : -0.100616
[hold in-reg] wbs_dat_i[6] -> _6825_/D : -0.097765
[hold in-reg] wbs_dat_i[8] -> _6827_/D : -0.097228
[hold in-reg] wbs_dat_i[0] -> _6819_/D : -0.095980
[hold in-reg] wbs_dat_i[1] -> _6820_/D : -0.095845
[hold in-reg] wbs_dat_i[7] -> _6826_/D : -0.095743
[hold in-reg] wbs_dat_i[8] -> _6588_/D : -0.095671
[hold in-reg] wbs_dat_i[3] -> _6822_/D : -0.095079
[hold in-reg] wbs_dat_i[8] -> _6487_/D : -0.095074
[hold in-reg] wbs_dat_i[2] -> _6821_/D : -0.095051
[hold in-reg] wbs_dat_i[6] -> _6834_/D : -0.094602
[hold in-reg] wbs_dat_i[7] -> _6409_/D : -0.094561
[hold in-reg] wbs_dat_i[6] -> _6586_/D : -0.093657
[hold in-reg] wbs_dat_i[1] -> _6480_/D : -0.093642
[hold in-reg] wbs_dat_i[8] -> _6836_/D : -0.093449
[hold in-reg] wbs_dat_i[3] -> _6831_/D : -0.093375
[hold in-reg] wbs_dat_i[4] -> _6823_/D : -0.093361
[hold in-reg] wbs_dat_i[6] -> _6485_/D : -0.093134
[hold in-reg] wbs_dat_i[1] -> _6581_/D : -0.093131
[hold in-reg] wbs_dat_i[0] -> _6868_/D : -0.093002
[hold in-reg] wbs_dat_i[0] -> _6828_/D : -0.092898
[hold in-reg] wbs_dat_i[7] -> _6486_/D : -0.092884
[hold in-reg] wbs_dat_i[1] -> _6535_/D : -0.092827
[hold in-reg] wbs_dat_i[7] -> _6587_/D : -0.092603
[hold in-reg] wbs_dat_i[7] -> _6835_/D : -0.092592
[hold in-reg] wbs_dat_i[1] -> _6829_/D : -0.092411
[hold in-reg] wbs_dat_i[0] -> _6488_/D : -0.092329
[hold in-reg] wbs_dat_i[7] -> _6633_/D : -0.092303
[hold in-reg] wbs_dat_i[4] -> _6584_/D : -0.092242
[hold in-reg] wbs_dat_i[2] -> _6536_/D : -0.092182
[hold in-reg] wbs_dat_i[5] -> _6824_/D : -0.092095
[hold in-reg] wbs_dat_i[0] -> _6626_/D : -0.092041
[hold in-reg] wbs_dat_i[1] -> _6554_/D : -0.091984
[hold in-reg] wbs_dat_i[2] -> _6555_/D : -0.091790
[hold in-reg] wbs_dat_i[0] -> _6402_/D : -0.091778
[hold in-reg] wbs_dat_i[3] -> _6583_/D : -0.091723
[hold in-reg] wbs_dat_i[0] -> _6479_/D : -0.091520
[hold in-reg] wbs_dat_i[3] -> _6482_/D : -0.091308
[hold in-reg] wbs_dat_i[2] -> _6490_/D : -0.091248
[hold in-reg] wbs_dat_i[0] -> _6580_/D : -0.091067
[hold in-reg] wbs_dat_i[2] -> _6791_/D : -0.090922
[hold in-reg] wbs_dat_i[1] -> _6394_/D : -0.090906
[hold in-reg] wbs_dat_i[1] -> _6489_/D : -0.090904
[hold in-reg] wbs_dat_i[8] -> _6542_/D : -0.090873
[hold in-reg] wbs_dat_i[1] -> _6790_/D : -0.090835
[hold in-reg] wbs_dat_i[2] -> _6830_/D : -0.090572
[hold in-reg] wbs_dat_i[4] -> _6492_/D : -0.090560
[hold in-reg] wbs_dat_i[4] -> _6557_/D : -0.090463
[hold in-reg] wbs_dat_i[8] -> _6496_/D : -0.090304
[hold in-reg] wbs_dat_i[1] -> _6781_/D : -0.090191
[hold in-reg] wbs_dat_i[5] -> _6833_/D : -0.090176
[hold in-reg] wbs_dat_i[8] -> _6797_/D : -0.090156
[hold in-reg] wbs_dat_i[4] -> _6793_/D : -0.089872
[hold in-reg] wbs_dat_i[1] -> _6201_/D : -0.089853
[hold in-reg] wbs_dat_i[4] -> _6832_/D : -0.089734
[hold in-reg] wbs_dat_i[1] -> _6572_/D : -0.089528
[hold in-reg] wbs_dat_i[4] -> _6483_/D : -0.089477
[hold in-reg] wbs_dat_i[3] -> _6491_/D : -0.089446
[hold in-reg] wbs_dat_i[2] -> _6582_/D : -0.089427
[hold in-reg] wbs_dat_i[2] -> _6481_/D : -0.089419
[hold in-reg] wbs_dat_i[5] -> _6585_/D : -0.089263
[hold in-reg] wbs_dat_i[1] -> _6658_/D : -0.089128
[hold in-reg] wbs_dat_i[1] -> _6627_/D : -0.089126
[hold in-reg] wbs_dat_i[3] -> _6537_/D : -0.088920
[hold in-reg] wbs_dat_i[1] -> _6799_/D : -0.088809
[hold in-reg] wbs_dat_i[3] -> _6556_/D : -0.088589
[hold in-reg] wbs_dat_i[3] -> _6792_/D : -0.088532
[hold in-reg] wbs_dat_i[0] -> _6534_/D : -0.088445
[hold in-reg] wbs_dat_i[5] -> _6484_/D : -0.088408
[hold in-reg] wbs_dat_i[5] -> _6539_/D : -0.088233
[hold in-reg] wbs_dat_i[1] -> _6403_/D : -0.088231
[hold in-reg] wbs_dat_i[3] -> _6396_/D : -0.088216
[hold in-reg] wbs_dat_i[8] -> _6561_/D : -0.088109
[hold in-reg] wbs_dat_i[5] -> _6558_/D : -0.087999
[hold in-reg] wbs_dat_i[0] -> _6553_/D : -0.087856
[hold in-reg] wbs_dat_i[7] -> _6541_/D : -0.087690
[hold in-reg] wbs_dat_i[3] -> _6574_/D : -0.087648
[hold in-reg] wbs_dat_i[3] -> _6783_/D : -0.087538
[hold in-reg] wbs_dat_i[0] -> _6789_/D : -0.087528
[hold in-reg] wbs_dat_i[7] -> _6796_/D : -0.087502
[hold in-reg] wbs_dat_i[6] -> _6540_/D : -0.087343
[hold in-reg] wbs_dat_i[3] -> _6660_/D : -0.087339
[hold in-reg] wbs_dat_i[3] -> _6801_/D : -0.087043
[hold in-reg] wbs_dat_i[3] -> _6203_/D : -0.087032
[hold in-reg] wbs_dat_i[7] -> _6495_/D : -0.086908
[hold in-reg] wbs_dat_i[5] -> _6493_/D : -0.086668
[hold in-reg] wbs_dat_i[4] -> _6406_/D : -0.086464
[hold in-reg] wbs_dat_i[8] -> _6788_/D : -0.086457
[hold in-reg] wbs_dat_i[4] -> _6630_/D : -0.086377
[hold in-reg] wbs_dat_i[3] -> _6629_/D : -0.086315
[hold in-reg] wbs_dat_i[6] -> _6494_/D : -0.086291
[hold in-reg] wbs_dat_i[4] -> _6538_/D : -0.086248
[hold in-reg] wbs_dat_i[6] -> _6795_/D : -0.086139
[hold in-reg] wbs_dat_i[5] -> _6794_/D : -0.086107
[hold in-reg] wbs_dat_i[4] -> _6784_/D : -0.085813
[hold in-reg] wbs_dat_i[3] -> _6405_/D : -0.085786
[hold in-reg] wbs_dat_i[7] -> _6560_/D : -0.085536
[hold in-reg] wbs_dat_i[2] -> _6782_/D : -0.085522
[hold in-reg] wbs_dat_i[2] -> _6659_/D : -0.085517
[hold in-reg] wbs_dat_i[0] -> _6798_/D : -0.085070
[hold in-reg] wbs_dat_i[0] -> _6780_/D : -0.085020
[hold in-reg] wbs_dat_i[8] -> _6806_/D : -0.084949
[hold in-reg] wbs_dat_i[0] -> _6657_/D : -0.084609
[hold in-reg] wbs_dat_i[4] -> _6802_/D : -0.084573
[hold in-reg] wbs_dat_i[6] -> _6786_/D : -0.084550
[hold in-reg] wbs_dat_i[6] -> _6559_/D : -0.084338
[hold in-reg] wbs_dat_i[2] -> _6800_/D : -0.084289
[hold in-reg] wbs_dat_i[7] -> _6400_/D : -0.084271
[hold in-reg] wbs_dat_i[4] -> _6661_/D : -0.084255
[hold in-reg] wbs_dat_i[6] -> _6663_/D : -0.084191
[hold in-reg] wbs_dat_i[4] -> _6204_/D : -0.083983
[hold in-reg] wbs_dat_i[7] -> _6578_/D : -0.083812
[hold in-reg] wbs_dat_i[7] -> _6805_/D : -0.083187
[hold in-reg] wbs_dat_i[0] -> _6200_/D : -0.083149
[hold in-reg] wbs_dat_i[6] -> _6804_/D : -0.083118
[hold in-reg] wbs_dat_i[7] -> _6207_/D : -0.083036
[hold in-reg] wbs_dat_i[4] -> _6575_/D : -0.082756
[hold in-reg] wbs_dat_i[7] -> _6664_/D : -0.082679
[hold in-reg] wbs_dat_i[7] -> _6787_/D : -0.082471
[hold in-reg] wbs_dat_i[4] -> _6397_/D : -0.082347
[hold in-reg] wbs_dat_i[6] -> _6206_/D : -0.082249
[hold in-reg] wbs_dat_i[5] -> _6662_/D : -0.081991
[hold in-reg] wbs_dat_i[5] -> _6407_/D : -0.081978
[hold in-reg] wbs_dat_i[5] -> _6205_/D : -0.081905
[hold in-reg] wbs_dat_i[5] -> _6398_/D : -0.081325
[hold in-reg] wbs_dat_i[5] -> _6803_/D : -0.081014
[hold in-reg] wbs_dat_i[5] -> _6785_/D : -0.080839
[hold in-reg] wbs_dat_i[5] -> _6576_/D : -0.079414
[hold in-reg] wbs_dat_i[5] -> _6631_/D : -0.078807
Writing metric timing__hold_vio__count__corner:nom_tt_025C_1v80: 398
Writing metric timing__hold_r2r__ws__corner:nom_tt_025C_1v80: 0.115091
Writing metric timing__hold_r2r_vio__count__corner:nom_tt_025C_1v80: 0
Writing metric timing__setup_vio__count__corner:nom_tt_025C_1v80: 0
Writing metric timing__setup_r2r__ws__corner:nom_tt_025C_1v80: 16.609566
Writing metric timing__setup_r2r_vio__count__corner:nom_tt_025C_1v80: 0
