Clock: clk
Sources: wb_clk_i 
Generated: no
Virtual: yes
Propagated: no
Period: 25.000000

===========================================================================
report_clock_properties
============================================================================
Clock                   Period          Waveform
----------------------------------------------------
clk                  25.000000    0.000000 12.500000

===========================================================================
report_clock_latency
============================================================================
Clock clk
rise -> rise
    min     max
4.650000 5.570000 source latency
5.353734         network latency sram_inst/wb_clk_i
        7.348612 network latency _6185_/CLK
---------------
10.003734 12.918612 latency
        2.914879 skew

fall -> fall
    min     max
4.650000 5.570000 source latency
5.446479         network latency sram_inst/wb_clk_i
        7.291707 network latency _6185_/CLK
---------------
10.096478 12.861707 latency
        2.765228 skew



===========================================================================
report_clock_min_period
============================================================================
clk period_min = 18.19 fmax = 54.99
