Clock: clk
Sources: wb_clk_i 
Generated: no
Virtual: yes
Propagated: no
Period: 25.000000

===========================================================================
report_clock_properties
============================================================================
Clock                   Period          Waveform
----------------------------------------------------
clk                  25.000000    0.000000 12.500000

===========================================================================
report_clock_latency
============================================================================
Clock clk
rise -> rise
    min     max
4.650000 5.570000 source latency
5.214111         network latency _6271_/CLK
        6.349905 network latency sram_inst/_45_/CLK
---------------
9.864111 11.919905 latency
        2.055794 skew

fall -> fall
    min     max
4.650000 5.570000 source latency
5.320819         network latency _6271_/CLK
        6.465723 network latency sram_inst/_45_/CLK
---------------
9.970819 12.035722 latency
        2.064903 skew



===========================================================================
report_clock_min_period
============================================================================
clk period_min = 4.84 fmax = 206.77
