
===========================================================================
report_checks -unconstrained
===========================================================================
======================= nom_ff_n40C_1v95 Corner ===================================

Startpoint: wb_rst_i (input port clocked by clk)
Endpoint: _6209_ (recovery check against rising-edge clock clk)
Path Group: asynchronous
Path Type: max

Fanout         Cap        Slew       Delay        Time   Description
---------------------------------------------------------------------------------------------
                                  0.000000    0.000000   clock clk (rise edge)
                                  5.570000    5.570000   clock network delay (propagated)
                                 12.500000   18.070000 v input external delay
     2    0.003929    0.000000    0.000000   18.070000 v wb_rst_i (in)
                                                         wb_rst_i (net)
                      0.000091    0.000046   18.070045 v input2/A (sky130_fd_sc_hd__buf_4)
     9    0.108922    0.101191    0.131401   18.201447 v input2/X (sky130_fd_sc_hd__buf_4)
                                                         net2 (net)
                      0.116682    0.030047   18.231493 v fanout426/A (sky130_fd_sc_hd__clkbuf_4)
    11    0.062009    0.089570    0.184404   18.415897 v fanout426/X (sky130_fd_sc_hd__clkbuf_4)
                                                         net426 (net)
                      0.089579    0.000771   18.416668 v fanout421/A (sky130_fd_sc_hd__clkbuf_2)
    11    0.044225    0.115975    0.169152   18.585819 v fanout421/X (sky130_fd_sc_hd__clkbuf_2)
                                                         net421 (net)
                      0.116001    0.001673   18.587494 v fanout420/A (sky130_fd_sc_hd__buf_2)
    13    0.050019    0.084882    0.169523   18.757015 v fanout420/X (sky130_fd_sc_hd__buf_2)
                                                         net420 (net)
                      0.084947    0.000997   18.758013 v fanout416/A (sky130_fd_sc_hd__clkbuf_4)
     8    0.053163    0.080629    0.164055   18.922068 v fanout416/X (sky130_fd_sc_hd__clkbuf_4)
                                                         net416 (net)
                      0.080639    0.000949   18.923018 v fanout415/A (sky130_fd_sc_hd__buf_4)
    10    0.059424    0.063346    0.150381   19.073397 v fanout415/X (sky130_fd_sc_hd__buf_4)
                                                         net415 (net)
                      0.063385    0.001434   19.074831 v _5683_/A (sky130_fd_sc_hd__inv_2)
     1    0.003837    0.025537    0.041352   19.116182 ^ _5683_/Y (sky130_fd_sc_hd__inv_2)
                                                         _0059_ (net)
                      0.025537    0.000075   19.116257 ^ _6209_/SET_B (sky130_fd_sc_hd__dfstp_1)
                                             19.116257   data arrival time

                                 25.000000   25.000000   clock clk (rise edge)
                                  4.650000   29.650000   clock source latency
     4    0.092103    0.610000    0.000000   29.650000 ^ wb_clk_i (in)
                                                         wb_clk_i (net)
                      0.628389    0.009194   29.659193 ^ clkbuf_regs_0_clk/A (sky130_fd_sc_hd__clkbuf_16)
     1    0.008520    0.040393    0.129694   29.788887 ^ clkbuf_regs_0_clk/X (sky130_fd_sc_hd__clkbuf_16)
                                                         wb_clk_i_regs (net)
                      0.040393    0.000265   29.789152 ^ clkbuf_0_wb_clk_i_regs/A (sky130_fd_sc_hd__clkbuf_16)
    17    0.149833    0.125389    0.155749   29.944901 ^ clkbuf_0_wb_clk_i_regs/X (sky130_fd_sc_hd__clkbuf_16)
                                                         clknet_0_wb_clk_i_regs (net)
                      0.126887    0.010896   29.955797 ^ clkbuf_3_4_0_wb_clk_i_regs/A (sky130_fd_sc_hd__clkbuf_8)
    19    0.114802    0.153648    0.196923   30.152719 ^ clkbuf_3_4_0_wb_clk_i_regs/X (sky130_fd_sc_hd__clkbuf_8)
                                                         clknet_3_4_0_wb_clk_i_regs (net)
                      0.153740    0.003087   30.155807 ^ clkbuf_leaf_49_wb_clk_i_regs/A (sky130_fd_sc_hd__clkbuf_8)
    14    0.061001    0.087749    0.154682   30.310490 ^ clkbuf_leaf_49_wb_clk_i_regs/X (sky130_fd_sc_hd__clkbuf_8)
                                                         clknet_leaf_49_wb_clk_i_regs (net)
                      0.087777    0.001485   30.311974 ^ _6209_/CLK (sky130_fd_sc_hd__dfstp_1)
                                 -0.250000   30.061974   clock uncertainty
                                  0.000000   30.061974   clock reconvergence pessimism
                                  0.092872   30.154844   library recovery time
                                             30.154844   data required time
---------------------------------------------------------------------------------------------
                                             30.154844   data required time
                                            -19.116257   data arrival time
---------------------------------------------------------------------------------------------
                                             11.038588   slack (MET)


Startpoint: wb_rst_i (input port clocked by clk)
Endpoint: _6807_ (rising edge-triggered flip-flop clocked by clk)
Path Group: clk
Path Type: max

Fanout         Cap        Slew       Delay        Time   Description
---------------------------------------------------------------------------------------------
                                  0.000000    0.000000   clock clk (rise edge)
                                  5.570000    5.570000   clock network delay (propagated)
                                 12.500000   18.070000 ^ input external delay
     2    0.004223    0.000000    0.000000   18.070000 ^ wb_rst_i (in)
                                                         wb_rst_i (net)
                      0.000100    0.000050   18.070049 ^ input2/A (sky130_fd_sc_hd__buf_4)
     9    0.109893    0.229440    0.183956   18.254005 ^ input2/X (sky130_fd_sc_hd__buf_4)
                                                         net2 (net)
                      0.231674    0.018549   18.272554 ^ fanout387/A (sky130_fd_sc_hd__buf_2)
     6    0.038070    0.141607    0.179668   18.452221 ^ fanout387/X (sky130_fd_sc_hd__buf_2)
                                                         net387 (net)
                      0.141651    0.002069   18.454290 ^ fanout386/A (sky130_fd_sc_hd__buf_4)
    17    0.078259    0.164160    0.187905   18.642197 ^ fanout386/X (sky130_fd_sc_hd__buf_4)
                                                         net386 (net)
                      0.164372    0.004858   18.647055 ^ fanout385/A (sky130_fd_sc_hd__buf_4)
    21    0.076032    0.159576    0.187951   18.835005 ^ fanout385/X (sky130_fd_sc_hd__buf_4)
                                                         net385 (net)
                      0.159714    0.003849   18.838854 ^ fanout384/A (sky130_fd_sc_hd__buf_4)
    10    0.066278    0.140006    0.174003   19.012857 ^ fanout384/X (sky130_fd_sc_hd__buf_4)
                                                         net384 (net)
                      0.140117    0.003242   19.016100 ^ _3119_/A (sky130_fd_sc_hd__inv_2)
     2    0.007504    0.035849    0.026102   19.042202 v _3119_/Y (sky130_fd_sc_hd__inv_2)
                                                         _0047_ (net)
                      0.035850    0.000103   19.042305 v _5650_/D (sky130_fd_sc_hd__and4bb_1)
     1    0.002670    0.030082    0.124714   19.167019 v _5650_/X (sky130_fd_sc_hd__and4bb_1)
                                                         _3044_ (net)
                      0.030082    0.000053   19.167072 v _5651_/B2 (sky130_fd_sc_hd__o22a_1)
     1    0.002194    0.024657    0.085377   19.252449 v _5651_/X (sky130_fd_sc_hd__o22a_1)
                                                         _1148_ (net)
                      0.024657    0.000062   19.252512 v _6807_/D (sky130_fd_sc_hd__dfxtp_1)
                                             19.252512   data arrival time

                                 25.000000   25.000000   clock clk (rise edge)
                                  4.650000   29.650000   clock source latency
     4    0.092103    0.610000    0.000000   29.650000 ^ wb_clk_i (in)
                                                         wb_clk_i (net)
                      0.628389    0.009194   29.659193 ^ clkbuf_regs_0_clk/A (sky130_fd_sc_hd__clkbuf_16)
     1    0.008520    0.040393    0.129694   29.788887 ^ clkbuf_regs_0_clk/X (sky130_fd_sc_hd__clkbuf_16)
                                                         wb_clk_i_regs (net)
                      0.040393    0.000265   29.789152 ^ clkbuf_0_wb_clk_i_regs/A (sky130_fd_sc_hd__clkbuf_16)
    17    0.149833    0.125389    0.155749   29.944901 ^ clkbuf_0_wb_clk_i_regs/X (sky130_fd_sc_hd__clkbuf_16)
                                                         clknet_0_wb_clk_i_regs (net)
                      0.125617    0.004377   29.949278 ^ clkbuf_3_3_0_wb_clk_i_regs/A (sky130_fd_sc_hd__clkbuf_8)
    19    0.115671    0.154103    0.198021   30.147299 ^ clkbuf_3_3_0_wb_clk_i_regs/X (sky130_fd_sc_hd__clkbuf_8)
                                                         clknet_3_3_0_wb_clk_i_regs (net)
                      0.154223    0.003524   30.150824 ^ clkbuf_leaf_25_wb_clk_i_regs/A (sky130_fd_sc_hd__clkbuf_8)
    11    0.047144    0.071112    0.142585   30.293407 ^ clkbuf_leaf_25_wb_clk_i_regs/X (sky130_fd_sc_hd__clkbuf_8)
                                                         clknet_leaf_25_wb_clk_i_regs (net)
                      0.071121    0.000817   30.294226 ^ _6807_/CLK (sky130_fd_sc_hd__dfxtp_1)
                                 -0.250000   30.044224   clock uncertainty
                                  0.000000   30.044224   clock reconvergence pessimism
                                 -0.063620   29.980602   library setup time
                                             29.980602   data required time
---------------------------------------------------------------------------------------------
                                             29.980602   data required time
                                            -19.252512   data arrival time
---------------------------------------------------------------------------------------------
                                             10.728090   slack (MET)




===========================================================================
report_checks --slack_max -0.01
============================================================================
======================= nom_ff_n40C_1v95 Corner ===================================

No paths found.


===========================================================================
 report_check_types -max_slew -max_cap -max_fanout -violators
============================================================================
======================= nom_ff_n40C_1v95 Corner ===================================

max slew

Pin                                        Limit        Slew       Slack
------------------------------------------------------------------------
ANTENNA_input13_A/DIODE                 0.750000    0.920183   -0.170183 (VIOLATED)
ANTENNA_hold30_A/DIODE                  0.750000    0.920161   -0.170161 (VIOLATED)
input13/A                               0.750000    0.920148   -0.170148 (VIOLATED)
ANTENNA_hold159_A/DIODE                 0.750000    0.920131   -0.170131 (VIOLATED)
ANTENNA_hold15_A/DIODE                  0.750000    0.920125   -0.170125 (VIOLATED)
hold68/A                                0.750000    0.920123   -0.170123 (VIOLATED)
ANTENNA_hold147_A/DIODE                 0.750000    0.920120   -0.170120 (VIOLATED)
hold30/A                                0.750000    0.920118   -0.170118 (VIOLATED)
ANTENNA_hold74_A/DIODE                  0.750000    0.920117   -0.170117 (VIOLATED)
input17/A                               0.750000    0.920115   -0.170115 (VIOLATED)
hold43/A                                0.750000    0.920114   -0.170114 (VIOLATED)
ANTENNA_hold58_A/DIODE                  0.750000    0.920113   -0.170113 (VIOLATED)
ANTENNA_hold136_A/DIODE                 0.750000    0.920111   -0.170111 (VIOLATED)
ANTENNA_hold68_A/DIODE                  0.750000    0.920111   -0.170111 (VIOLATED)
hold147/A                               0.750000    0.920110   -0.170110 (VIOLATED)
ANTENNA_hold52_A/DIODE                  0.750000    0.920109   -0.170109 (VIOLATED)
hold136/A                               0.750000    0.920108   -0.170108 (VIOLATED)
hold52/A                                0.750000    0.920107   -0.170107 (VIOLATED)
hold15/A                                0.750000    0.920107   -0.170107 (VIOLATED)
input16/A                               0.750000    0.920107   -0.170107 (VIOLATED)
hold58/A                                0.750000    0.920106   -0.170106 (VIOLATED)
hold74/A                                0.750000    0.920105   -0.170105 (VIOLATED)
input23/A                               0.750000    0.920104   -0.170104 (VIOLATED)
input26/A                               0.750000    0.920103   -0.170103 (VIOLATED)
hold159/A                               0.750000    0.920100   -0.170100 (VIOLATED)
hold72/A                                0.750000    0.920099   -0.170099 (VIOLATED)
input24/A                               0.750000    0.920099   -0.170099 (VIOLATED)
hold162/A                               0.750000    0.920096   -0.170096 (VIOLATED)
input18/A                               0.750000    0.920096   -0.170096 (VIOLATED)
hold343/A                               0.750000    0.920096   -0.170096 (VIOLATED)
input20/A                               0.750000    0.920095   -0.170095 (VIOLATED)
input19/A                               0.750000    0.920093   -0.170093 (VIOLATED)
input22/A                               0.750000    0.920093   -0.170093 (VIOLATED)
input27/A                               0.750000    0.920092   -0.170092 (VIOLATED)
ANTENNA_input17_A/DIODE                 0.750000    0.920091   -0.170091 (VIOLATED)
input15/A                               0.750000    0.920092   -0.170092 (VIOLATED)
input21/A                               0.750000    0.920092   -0.170092 (VIOLATED)
hold119/A                               0.750000    0.920089   -0.170089 (VIOLATED)
ANTENNA_input26_A/DIODE                 0.750000    0.920087   -0.170087 (VIOLATED)
ANTENNA_hold119_A/DIODE                 0.750000    0.920086   -0.170086 (VIOLATED)
ANTENNA_input27_A/DIODE                 0.750000    0.920085   -0.170085 (VIOLATED)
ANTENNA_input24_A/DIODE                 0.750000    0.920081   -0.170081 (VIOLATED)
ANTENNA_input23_A/DIODE                 0.750000    0.920081   -0.170081 (VIOLATED)
ANTENNA_input15_A/DIODE                 0.750000    0.920080   -0.170081 (VIOLATED)
ANTENNA_hold343_A/DIODE                 0.750000    0.920080   -0.170080 (VIOLATED)
ANTENNA_hold43_A/DIODE                  0.750000    0.920079   -0.170079 (VIOLATED)
ANTENNA_input16_A/DIODE                 0.750000    0.920078   -0.170078 (VIOLATED)
hold63/A                                0.750000    0.920078   -0.170079 (VIOLATED)
hold167/A                               0.750000    0.920078   -0.170078 (VIOLATED)
hold19/A                                0.750000    0.920076   -0.170076 (VIOLATED)
hold152/A                               0.750000    0.920076   -0.170076 (VIOLATED)
ANTENNA_hold152_A/DIODE                 0.750000    0.920074   -0.170074 (VIOLATED)
ANTENNA_hold72_A/DIODE                  0.750000    0.920074   -0.170075 (VIOLATED)
ANTENNA_hold162_A/DIODE                 0.750000    0.920074   -0.170074 (VIOLATED)
hold133/A                               0.750000    0.920074   -0.170074 (VIOLATED)
ANTENNA_input20_A/DIODE                 0.750000    0.920073   -0.170073 (VIOLATED)
ANTENNA_input18_A/DIODE                 0.750000    0.920069   -0.170069 (VIOLATED)
ANTENNA_input19_A/DIODE                 0.750000    0.920068   -0.170068 (VIOLATED)
ANTENNA_input22_A/DIODE                 0.750000    0.920068   -0.170068 (VIOLATED)
ANTENNA_hold167_A/DIODE                 0.750000    0.920067   -0.170067 (VIOLATED)
ANTENNA_input21_A/DIODE                 0.750000    0.920067   -0.170067 (VIOLATED)
ANTENNA_hold133_A/DIODE                 0.750000    0.920063   -0.170063 (VIOLATED)
ANTENNA_hold63_A/DIODE                  0.750000    0.920061   -0.170061 (VIOLATED)
ANTENNA_hold19_A/DIODE                  0.750000    0.920056   -0.170056 (VIOLATED)
wbs_adr_i[0]                            0.750000    0.920000   -0.170000 (VIOLATED)
wbs_adr_i[10]                           0.750000    0.920000   -0.170000 (VIOLATED)
wbs_adr_i[11]                           0.750000    0.920000   -0.170000 (VIOLATED)
wbs_adr_i[12]                           0.750000    0.920000   -0.170000 (VIOLATED)
wbs_adr_i[13]                           0.750000    0.920000   -0.170000 (VIOLATED)
wbs_adr_i[14]                           0.750000    0.920000   -0.170000 (VIOLATED)
wbs_adr_i[15]                           0.750000    0.920000   -0.170000 (VIOLATED)
wbs_adr_i[16]                           0.750000    0.920000   -0.170000 (VIOLATED)
wbs_adr_i[17]                           0.750000    0.920000   -0.170000 (VIOLATED)
wbs_adr_i[18]                           0.750000    0.920000   -0.170000 (VIOLATED)
wbs_adr_i[19]                           0.750000    0.920000   -0.170000 (VIOLATED)
wbs_adr_i[1]                            0.750000    0.920000   -0.170000 (VIOLATED)
wbs_adr_i[20]                           0.750000    0.920000   -0.170000 (VIOLATED)
wbs_adr_i[21]                           0.750000    0.920000   -0.170000 (VIOLATED)
wbs_adr_i[22]                           0.750000    0.920000   -0.170000 (VIOLATED)
wbs_adr_i[23]                           0.750000    0.920000   -0.170000 (VIOLATED)
wbs_adr_i[24]                           0.750000    0.920000   -0.170000 (VIOLATED)
wbs_adr_i[25]                           0.750000    0.920000   -0.170000 (VIOLATED)
wbs_adr_i[26]                           0.750000    0.920000   -0.170000 (VIOLATED)
wbs_adr_i[27]                           0.750000    0.920000   -0.170000 (VIOLATED)
wbs_adr_i[28]                           0.750000    0.920000   -0.170000 (VIOLATED)
wbs_adr_i[29]                           0.750000    0.920000   -0.170000 (VIOLATED)
wbs_adr_i[2]                            0.750000    0.920000   -0.170000 (VIOLATED)
wbs_adr_i[30]                           0.750000    0.920000   -0.170000 (VIOLATED)
wbs_adr_i[31]                           0.750000    0.920000   -0.170000 (VIOLATED)
wbs_adr_i[3]                            0.750000    0.920000   -0.170000 (VIOLATED)
wbs_adr_i[4]                            0.750000    0.920000   -0.170000 (VIOLATED)
wbs_adr_i[5]                            0.750000    0.920000   -0.170000 (VIOLATED)
wbs_adr_i[6]                            0.750000    0.920000   -0.170000 (VIOLATED)
wbs_adr_i[7]                            0.750000    0.920000   -0.170000 (VIOLATED)
wbs_adr_i[8]                            0.750000    0.920000   -0.170000 (VIOLATED)
wbs_adr_i[9]                            0.750000    0.920000   -0.170000 (VIOLATED)
ANTENNA_hold87_A/DIODE                  0.750000    0.840512   -0.090512 (VIOLATED)
hold87/A                                0.750000    0.840397   -0.090397 (VIOLATED)
ANTENNA_hold78_A/DIODE                  0.750000    0.840337   -0.090337 (VIOLATED)
hold78/A                                0.750000    0.840277   -0.090277 (VIOLATED)
ANTENNA_hold84_A/DIODE                  0.750000    0.840250   -0.090250 (VIOLATED)
ANTENNA_hold82_A/DIODE                  0.750000    0.840225   -0.090225 (VIOLATED)
ANTENNA_hold7_A/DIODE                   0.750000    0.840210   -0.090210 (VIOLATED)
ANTENNA_hold1_A/DIODE                   0.750000    0.840207   -0.090207 (VIOLATED)
hold84/A                                0.750000    0.840195   -0.090195 (VIOLATED)
ANTENNA_hold105_A/DIODE                 0.750000    0.840188   -0.090188 (VIOLATED)
ANTENNA_hold12_A/DIODE                  0.750000    0.840188   -0.090188 (VIOLATED)
ANTENNA_hold186_A/DIODE                 0.750000    0.840182   -0.090182 (VIOLATED)
ANTENNA_hold112_A/DIODE                 0.750000    0.840177   -0.090177 (VIOLATED)
ANTENNA_hold76_A/DIODE                  0.750000    0.840176   -0.090176 (VIOLATED)
ANTENNA_hold144_A/DIODE                 0.750000    0.840167   -0.090167 (VIOLATED)
hold186/A                               0.750000    0.840166   -0.090166 (VIOLATED)
hold112/A                               0.750000    0.840165   -0.090165 (VIOLATED)
hold7/A                                 0.750000    0.840161   -0.090161 (VIOLATED)
hold1/A                                 0.750000    0.840158   -0.090158 (VIOLATED)
hold144/A                               0.750000    0.840157   -0.090157 (VIOLATED)
hold105/A                               0.750000    0.840150   -0.090150 (VIOLATED)
ANTENNA_hold126_A/DIODE                 0.750000    0.840147   -0.090147 (VIOLATED)
ANTENNA_hold35_A/DIODE                  0.750000    0.840140   -0.090140 (VIOLATED)
hold82/A                                0.750000    0.840134   -0.090134 (VIOLATED)
hold12/A                                0.750000    0.840127   -0.090127 (VIOLATED)
ANTENNA_hold122_A/DIODE                 0.750000    0.840127   -0.090127 (VIOLATED)
hold35/A                                0.750000    0.840126   -0.090126 (VIOLATED)
hold126/A                               0.750000    0.840125   -0.090125 (VIOLATED)
ANTENNA_hold124_A/DIODE                 0.750000    0.840120   -0.090120 (VIOLATED)
ANTENNA_hold39_A/DIODE                  0.750000    0.840120   -0.090120 (VIOLATED)
hold122/A                               0.750000    0.840116   -0.090116 (VIOLATED)
ANTENNA_hold90_A/DIODE                  0.750000    0.840113   -0.090113 (VIOLATED)
ANTENNA_hold24_A/DIODE                  0.750000    0.840109   -0.090109 (VIOLATED)
hold39/A                                0.750000    0.840108   -0.090108 (VIOLATED)
hold24/A                                0.750000    0.840106   -0.090106 (VIOLATED)
ANTENNA_hold5_A/DIODE                   0.750000    0.840104   -0.090104 (VIOLATED)
hold76/A                                0.750000    0.840104   -0.090104 (VIOLATED)
hold129/A                               0.750000    0.840102   -0.090103 (VIOLATED)
hold90/A                                0.750000    0.840100   -0.090100 (VIOLATED)
ANTENNA_hold97_A/DIODE                  0.750000    0.840100   -0.090100 (VIOLATED)
hold131/A                               0.750000    0.840099   -0.090099 (VIOLATED)
hold124/A                               0.750000    0.840098   -0.090098 (VIOLATED)
ANTENNA_hold100_A/DIODE                 0.750000    0.840098   -0.090098 (VIOLATED)
hold5/A                                 0.750000    0.840095   -0.090095 (VIOLATED)
ANTENNA_hold37_A/DIODE                  0.750000    0.840095   -0.090095 (VIOLATED)
hold37/A                                0.750000    0.840094   -0.090094 (VIOLATED)
ANTENNA_hold141_A/DIODE                 0.750000    0.840091   -0.090091 (VIOLATED)
hold80/A                                0.750000    0.840091   -0.090091 (VIOLATED)
ANTENNA_hold131_A/DIODE                 0.750000    0.840088   -0.090088 (VIOLATED)
hold141/A                               0.750000    0.840087   -0.090087 (VIOLATED)
hold97/A                                0.750000    0.840084   -0.090084 (VIOLATED)
ANTENNA_hold28_A/DIODE                  0.750000    0.840082   -0.090082 (VIOLATED)
hold28/A                                0.750000    0.840081   -0.090081 (VIOLATED)
hold100/A                               0.750000    0.840081   -0.090081 (VIOLATED)
hold61/A                                0.750000    0.840080   -0.090080 (VIOLATED)
hold26/A                                0.750000    0.840079   -0.090080 (VIOLATED)
hold3/A                                 0.750000    0.840079   -0.090079 (VIOLATED)
ANTENNA_hold26_A/DIODE                  0.750000    0.840079   -0.090079 (VIOLATED)
hold150/A                               0.750000    0.840078   -0.090078 (VIOLATED)
ANTENNA_hold61_A/DIODE                  0.750000    0.840076   -0.090076 (VIOLATED)
ANTENNA_hold129_A/DIODE                 0.750000    0.840071   -0.090071 (VIOLATED)
ANTENNA_hold80_A/DIODE                  0.750000    0.840070   -0.090070 (VIOLATED)
ANTENNA_hold3_A/DIODE                   0.750000    0.840063   -0.090063 (VIOLATED)
ANTENNA_hold150_A/DIODE                 0.750000    0.840061   -0.090061 (VIOLATED)
wbs_dat_i[0]                            0.750000    0.840000   -0.090000 (VIOLATED)
wbs_dat_i[10]                           0.750000    0.840000   -0.090000 (VIOLATED)
wbs_dat_i[11]                           0.750000    0.840000   -0.090000 (VIOLATED)
wbs_dat_i[12]                           0.750000    0.840000   -0.090000 (VIOLATED)
wbs_dat_i[13]                           0.750000    0.840000   -0.090000 (VIOLATED)
wbs_dat_i[14]                           0.750000    0.840000   -0.090000 (VIOLATED)
wbs_dat_i[15]                           0.750000    0.840000   -0.090000 (VIOLATED)
wbs_dat_i[16]                           0.750000    0.840000   -0.090000 (VIOLATED)
wbs_dat_i[17]                           0.750000    0.840000   -0.090000 (VIOLATED)
wbs_dat_i[18]                           0.750000    0.840000   -0.090000 (VIOLATED)
wbs_dat_i[19]                           0.750000    0.840000   -0.090000 (VIOLATED)
wbs_dat_i[1]                            0.750000    0.840000   -0.090000 (VIOLATED)
wbs_dat_i[20]                           0.750000    0.840000   -0.090000 (VIOLATED)
wbs_dat_i[21]                           0.750000    0.840000   -0.090000 (VIOLATED)
wbs_dat_i[22]                           0.750000    0.840000   -0.090000 (VIOLATED)
wbs_dat_i[23]                           0.750000    0.840000   -0.090000 (VIOLATED)
wbs_dat_i[24]                           0.750000    0.840000   -0.090000 (VIOLATED)
wbs_dat_i[25]                           0.750000    0.840000   -0.090000 (VIOLATED)
wbs_dat_i[26]                           0.750000    0.840000   -0.090000 (VIOLATED)
wbs_dat_i[27]                           0.750000    0.840000   -0.090000 (VIOLATED)
wbs_dat_i[28]                           0.750000    0.840000   -0.090000 (VIOLATED)
wbs_dat_i[29]                           0.750000    0.840000   -0.090000 (VIOLATED)
wbs_dat_i[2]                            0.750000    0.840000   -0.090000 (VIOLATED)
wbs_dat_i[30]                           0.750000    0.840000   -0.090000 (VIOLATED)
wbs_dat_i[31]                           0.750000    0.840000   -0.090000 (VIOLATED)
wbs_dat_i[3]                            0.750000    0.840000   -0.090000 (VIOLATED)
wbs_dat_i[4]                            0.750000    0.840000   -0.090000 (VIOLATED)
wbs_dat_i[5]                            0.750000    0.840000   -0.090000 (VIOLATED)
wbs_dat_i[6]                            0.750000    0.840000   -0.090000 (VIOLATED)
wbs_dat_i[7]                            0.750000    0.840000   -0.090000 (VIOLATED)
wbs_dat_i[8]                            0.750000    0.840000   -0.090000 (VIOLATED)
wbs_dat_i[9]                            0.750000    0.840000   -0.090000 (VIOLATED)

max fanout

Pin                                   Limit Fanout  Slack
---------------------------------------------------------
clkbuf_leaf_58_wb_clk_i_regs/X           10     43    -33 (VIOLATED)
clkbuf_leaf_45_wb_clk_i_regs/X           10     39    -29 (VIOLATED)
clkbuf_leaf_18_wb_clk_i_regs/X           10     37    -27 (VIOLATED)
clkbuf_leaf_51_wb_clk_i_regs/X           10     37    -27 (VIOLATED)
clkbuf_leaf_7_wb_clk_i_regs/X            10     35    -25 (VIOLATED)
clkbuf_leaf_54_wb_clk_i_regs/X           10     31    -21 (VIOLATED)
clkbuf_leaf_35_wb_clk_i_regs/X           10     29    -19 (VIOLATED)
clkbuf_leaf_48_wb_clk_i_regs/X           10     29    -19 (VIOLATED)
clkbuf_leaf_8_wb_clk_i_regs/X            10     29    -19 (VIOLATED)
clkbuf_3_2_0_wb_clk_i_regs/X             10     27    -17 (VIOLATED)
clkbuf_3_0_0_wb_clk_i_regs/X             10     23    -13 (VIOLATED)
_3354_/Y                                 10     21    -11 (VIOLATED)
_4291_/Y                                 10     21    -11 (VIOLATED)
_4817_/Y                                 10     21    -11 (VIOLATED)
_6285_/Q                                 10     21    -11 (VIOLATED)
_6289_/Q                                 10     21    -11 (VIOLATED)
_6294_/Q                                 10     21    -11 (VIOLATED)
_6871_/Q                                 10     21    -11 (VIOLATED)
clkbuf_3_1_0_wb_clk_i_regs/X             10     21    -11 (VIOLATED)
clkbuf_3_5_0_wb_clk_i_regs/X             10     21    -11 (VIOLATED)
clkbuf_leaf_50_wb_clk_i_regs/X           10     21    -11 (VIOLATED)
clkbuf_leaf_60_wb_clk_i_regs/X           10     21    -11 (VIOLATED)
fanout111/X                              10     21    -11 (VIOLATED)
fanout112/X                              10     21    -11 (VIOLATED)
fanout113/X                              10     21    -11 (VIOLATED)
fanout115/X                              10     21    -11 (VIOLATED)
fanout117/X                              10     21    -11 (VIOLATED)
fanout118/X                              10     21    -11 (VIOLATED)
fanout120/X                              10     21    -11 (VIOLATED)
fanout122/X                              10     21    -11 (VIOLATED)
fanout124/X                              10     21    -11 (VIOLATED)
fanout126/X                              10     21    -11 (VIOLATED)
fanout128/X                              10     21    -11 (VIOLATED)
fanout130/X                              10     21    -11 (VIOLATED)
fanout132/X                              10     21    -11 (VIOLATED)
fanout134/X                              10     21    -11 (VIOLATED)
fanout135/X                              10     21    -11 (VIOLATED)
fanout137/X                              10     21    -11 (VIOLATED)
fanout139/X                              10     21    -11 (VIOLATED)
fanout141/X                              10     21    -11 (VIOLATED)
fanout144/X                              10     21    -11 (VIOLATED)
fanout149/X                              10     21    -11 (VIOLATED)
fanout153/X                              10     21    -11 (VIOLATED)
fanout162/X                              10     21    -11 (VIOLATED)
fanout163/X                              10     21    -11 (VIOLATED)
fanout164/X                              10     21    -11 (VIOLATED)
fanout166/X                              10     21    -11 (VIOLATED)
fanout168/X                              10     21    -11 (VIOLATED)
fanout169/X                              10     21    -11 (VIOLATED)
fanout170/X                              10     21    -11 (VIOLATED)
fanout172/X                              10     21    -11 (VIOLATED)
fanout174/X                              10     21    -11 (VIOLATED)
fanout176/X                              10     21    -11 (VIOLATED)
fanout178/X                              10     21    -11 (VIOLATED)
fanout180/X                              10     21    -11 (VIOLATED)
fanout181/X                              10     21    -11 (VIOLATED)
fanout182/X                              10     21    -11 (VIOLATED)
fanout183/X                              10     21    -11 (VIOLATED)
fanout185/X                              10     21    -11 (VIOLATED)
fanout187/X                              10     21    -11 (VIOLATED)
fanout188/X                              10     21    -11 (VIOLATED)
fanout191/X                              10     21    -11 (VIOLATED)
fanout192/X                              10     21    -11 (VIOLATED)
fanout193/X                              10     21    -11 (VIOLATED)
fanout195/X                              10     21    -11 (VIOLATED)
fanout197/X                              10     21    -11 (VIOLATED)
fanout198/X                              10     21    -11 (VIOLATED)
fanout199/X                              10     21    -11 (VIOLATED)
fanout200/X                              10     21    -11 (VIOLATED)
fanout201/X                              10     21    -11 (VIOLATED)
fanout202/X                              10     21    -11 (VIOLATED)
fanout205/X                              10     21    -11 (VIOLATED)
fanout207/X                              10     21    -11 (VIOLATED)
fanout209/X                              10     21    -11 (VIOLATED)
fanout211/X                              10     21    -11 (VIOLATED)
fanout213/X                              10     21    -11 (VIOLATED)
fanout215/X                              10     21    -11 (VIOLATED)
fanout217/X                              10     21    -11 (VIOLATED)
fanout218/X                              10     21    -11 (VIOLATED)
fanout219/X                              10     21    -11 (VIOLATED)
fanout220/X                              10     21    -11 (VIOLATED)
fanout222/X                              10     21    -11 (VIOLATED)
fanout224/X                              10     21    -11 (VIOLATED)
fanout226/X                              10     21    -11 (VIOLATED)
fanout229/X                              10     21    -11 (VIOLATED)
fanout235/X                              10     21    -11 (VIOLATED)
fanout242/X                              10     21    -11 (VIOLATED)
fanout244/X                              10     21    -11 (VIOLATED)
fanout246/X                              10     21    -11 (VIOLATED)
fanout248/X                              10     21    -11 (VIOLATED)
fanout249/X                              10     21    -11 (VIOLATED)
fanout252/X                              10     21    -11 (VIOLATED)
fanout254/X                              10     21    -11 (VIOLATED)
fanout255/X                              10     21    -11 (VIOLATED)
fanout256/X                              10     21    -11 (VIOLATED)
fanout258/X                              10     21    -11 (VIOLATED)
fanout260/X                              10     21    -11 (VIOLATED)
fanout262/X                              10     21    -11 (VIOLATED)
fanout264/X                              10     21    -11 (VIOLATED)
fanout266/X                              10     21    -11 (VIOLATED)
fanout272/X                              10     21    -11 (VIOLATED)
fanout273/X                              10     21    -11 (VIOLATED)
fanout274/X                              10     21    -11 (VIOLATED)
fanout275/X                              10     21    -11 (VIOLATED)
fanout277/X                              10     21    -11 (VIOLATED)
fanout278/X                              10     21    -11 (VIOLATED)
fanout279/X                              10     21    -11 (VIOLATED)
fanout281/X                              10     21    -11 (VIOLATED)
fanout284/X                              10     21    -11 (VIOLATED)
fanout285/X                              10     21    -11 (VIOLATED)
fanout287/X                              10     21    -11 (VIOLATED)
fanout288/X                              10     21    -11 (VIOLATED)
fanout290/X                              10     21    -11 (VIOLATED)
fanout292/X                              10     21    -11 (VIOLATED)
fanout294/X                              10     21    -11 (VIOLATED)
fanout295/X                              10     21    -11 (VIOLATED)
fanout296/X                              10     21    -11 (VIOLATED)
fanout297/X                              10     21    -11 (VIOLATED)
fanout299/X                              10     21    -11 (VIOLATED)
fanout300/X                              10     21    -11 (VIOLATED)
fanout302/X                              10     21    -11 (VIOLATED)
fanout303/X                              10     21    -11 (VIOLATED)
fanout304/X                              10     21    -11 (VIOLATED)
fanout305/X                              10     21    -11 (VIOLATED)
fanout307/X                              10     21    -11 (VIOLATED)
fanout308/X                              10     21    -11 (VIOLATED)
fanout309/X                              10     21    -11 (VIOLATED)
fanout310/X                              10     21    -11 (VIOLATED)
fanout311/X                              10     21    -11 (VIOLATED)
fanout312/X                              10     21    -11 (VIOLATED)
fanout313/X                              10     21    -11 (VIOLATED)
fanout316/X                              10     21    -11 (VIOLATED)
fanout317/X                              10     21    -11 (VIOLATED)
fanout320/X                              10     21    -11 (VIOLATED)
fanout321/X                              10     21    -11 (VIOLATED)
fanout322/X                              10     21    -11 (VIOLATED)
fanout323/X                              10     21    -11 (VIOLATED)
fanout324/X                              10     21    -11 (VIOLATED)
fanout325/X                              10     21    -11 (VIOLATED)
fanout326/X                              10     21    -11 (VIOLATED)
fanout328/X                              10     21    -11 (VIOLATED)
fanout333/X                              10     21    -11 (VIOLATED)
fanout334/X                              10     21    -11 (VIOLATED)
fanout335/X                              10     21    -11 (VIOLATED)
fanout336/X                              10     21    -11 (VIOLATED)
fanout338/X                              10     21    -11 (VIOLATED)
fanout340/X                              10     21    -11 (VIOLATED)
fanout342/X                              10     21    -11 (VIOLATED)
fanout344/X                              10     21    -11 (VIOLATED)
fanout346/X                              10     21    -11 (VIOLATED)
fanout348/X                              10     21    -11 (VIOLATED)
fanout350/X                              10     21    -11 (VIOLATED)
fanout352/X                              10     21    -11 (VIOLATED)
fanout355/X                              10     21    -11 (VIOLATED)
fanout357/X                              10     21    -11 (VIOLATED)
fanout360/X                              10     21    -11 (VIOLATED)
fanout362/X                              10     21    -11 (VIOLATED)
fanout365/X                              10     21    -11 (VIOLATED)
fanout367/X                              10     21    -11 (VIOLATED)
fanout368/X                              10     21    -11 (VIOLATED)
fanout369/X                              10     21    -11 (VIOLATED)
fanout371/X                              10     21    -11 (VIOLATED)
fanout372/X                              10     21    -11 (VIOLATED)
fanout374/X                              10     21    -11 (VIOLATED)
fanout376/X                              10     21    -11 (VIOLATED)
fanout377/X                              10     21    -11 (VIOLATED)
fanout383/X                              10     21    -11 (VIOLATED)
fanout385/X                              10     21    -11 (VIOLATED)
fanout390/X                              10     21    -11 (VIOLATED)
fanout418/X                              10     21    -11 (VIOLATED)
fanout425/X                              10     21    -11 (VIOLATED)
fanout431/X                              10     21    -11 (VIOLATED)
fanout434/X                              10     21    -11 (VIOLATED)
fanout435/X                              10     21    -11 (VIOLATED)
fanout437/X                              10     21    -11 (VIOLATED)
_3267_/Y                                 10     19     -9 (VIOLATED)
_3355_/Y                                 10     19     -9 (VIOLATED)
_3546_/Y                                 10     19     -9 (VIOLATED)
_4809_/Y                                 10     19     -9 (VIOLATED)
_5340_/Y                                 10     19     -9 (VIOLATED)
_5361_/Y                                 10     19     -9 (VIOLATED)
_5371_/Y                                 10     19     -9 (VIOLATED)
_5382_/Y                                 10     19     -9 (VIOLATED)
_5404_/Y                                 10     19     -9 (VIOLATED)
_5416_/X                                 10     19     -9 (VIOLATED)
_5426_/X                                 10     19     -9 (VIOLATED)
_5436_/X                                 10     19     -9 (VIOLATED)
_5448_/Y                                 10     19     -9 (VIOLATED)
_5459_/Y                                 10     19     -9 (VIOLATED)
_5469_/X                                 10     19     -9 (VIOLATED)
_5479_/X                                 10     19     -9 (VIOLATED)
_5490_/Y                                 10     19     -9 (VIOLATED)
_5500_/Y                                 10     19     -9 (VIOLATED)
_5520_/Y                                 10     19     -9 (VIOLATED)
_5530_/Y                                 10     19     -9 (VIOLATED)
_5540_/X                                 10     19     -9 (VIOLATED)
_5550_/Y                                 10     19     -9 (VIOLATED)
_5570_/Y                                 10     19     -9 (VIOLATED)
_5580_/Y                                 10     19     -9 (VIOLATED)
_5590_/Y                                 10     19     -9 (VIOLATED)
_5600_/X                                 10     19     -9 (VIOLATED)
_5620_/Y                                 10     19     -9 (VIOLATED)
_5630_/Y                                 10     19     -9 (VIOLATED)
_5640_/Y                                 10     19     -9 (VIOLATED)
_5652_/X                                 10     19     -9 (VIOLATED)
_5662_/Y                                 10     19     -9 (VIOLATED)
_6233_/Q                                 10     19     -9 (VIOLATED)
_6234_/Q                                 10     19     -9 (VIOLATED)
_6268_/Q                                 10     19     -9 (VIOLATED)
_6270_/Q                                 10     19     -9 (VIOLATED)
_6271_/Q                                 10     19     -9 (VIOLATED)
_6290_/Q                                 10     19     -9 (VIOLATED)
_6296_/Q                                 10     19     -9 (VIOLATED)
_6325_/Q                                 10     19     -9 (VIOLATED)
clkbuf_3_3_0_wb_clk_i_regs/X             10     19     -9 (VIOLATED)
clkbuf_3_4_0_wb_clk_i_regs/X             10     19     -9 (VIOLATED)
fanout131/X                              10     19     -9 (VIOLATED)
fanout138/X                              10     19     -9 (VIOLATED)
fanout140/X                              10     19     -9 (VIOLATED)
fanout214/X                              10     19     -9 (VIOLATED)
fanout230/X                              10     19     -9 (VIOLATED)
fanout234/X                              10     19     -9 (VIOLATED)
fanout253/X                              10     19     -9 (VIOLATED)
fanout257/X                              10     19     -9 (VIOLATED)
fanout259/X                              10     19     -9 (VIOLATED)
fanout263/X                              10     19     -9 (VIOLATED)
fanout265/X                              10     19     -9 (VIOLATED)
fanout267/X                              10     19     -9 (VIOLATED)
fanout345/X                              10     19     -9 (VIOLATED)
hold10/X                                 10     19     -9 (VIOLATED)
hold110/X                                10     19     -9 (VIOLATED)
clkbuf_leaf_20_wb_clk_i_regs/X           10     18     -8 (VIOLATED)
clkbuf_leaf_2_wb_clk_i_regs/X            10     18     -8 (VIOLATED)
clkbuf_leaf_3_wb_clk_i_regs/X            10     18     -8 (VIOLATED)
clkbuf_leaf_61_wb_clk_i_regs/X           10     18     -8 (VIOLATED)
clkbuf_leaf_68_wb_clk_i_regs/X           10     18     -8 (VIOLATED)
fanout370/X                              10     18     -8 (VIOLATED)
_3472_/X                                 10     17     -7 (VIOLATED)
_3476_/Y                                 10     17     -7 (VIOLATED)
_3861_/X                                 10     17     -7 (VIOLATED)
_3891_/X                                 10     17     -7 (VIOLATED)
_4282_/X                                 10     17     -7 (VIOLATED)
_4355_/X                                 10     17     -7 (VIOLATED)
_4405_/Y                                 10     17     -7 (VIOLATED)
_6237_/Q                                 10     17     -7 (VIOLATED)
_6238_/Q                                 10     17     -7 (VIOLATED)
_6252_/Q                                 10     17     -7 (VIOLATED)
_6253_/Q                                 10     17     -7 (VIOLATED)
_6255_/Q                                 10     17     -7 (VIOLATED)
_6257_/Q                                 10     17     -7 (VIOLATED)
_6286_/Q                                 10     17     -7 (VIOLATED)
_6874_/Q                                 10     17     -7 (VIOLATED)
_6876_/Q                                 10     17     -7 (VIOLATED)
clkbuf_0_wb_clk_i_regs/X                 10     17     -7 (VIOLATED)
clkbuf_3_6_0_wb_clk_i_regs/X             10     17     -7 (VIOLATED)
clkbuf_leaf_14_wb_clk_i_regs/X           10     17     -7 (VIOLATED)
clkbuf_leaf_15_wb_clk_i_regs/X           10     17     -7 (VIOLATED)
fanout127/X                              10     17     -7 (VIOLATED)
fanout129/X                              10     17     -7 (VIOLATED)
fanout133/X                              10     17     -7 (VIOLATED)
fanout136/X                              10     17     -7 (VIOLATED)
fanout142/X                              10     17     -7 (VIOLATED)
fanout150/X                              10     17     -7 (VIOLATED)
fanout161/X                              10     17     -7 (VIOLATED)
fanout167/X                              10     17     -7 (VIOLATED)
fanout177/X                              10     17     -7 (VIOLATED)
fanout206/X                              10     17     -7 (VIOLATED)
fanout261/X                              10     17     -7 (VIOLATED)
fanout381/X                              10     17     -7 (VIOLATED)
fanout386/X                              10     17     -7 (VIOLATED)
hold103/X                                10     17     -7 (VIOLATED)
hold95/X                                 10     17     -7 (VIOLATED)
clkbuf_leaf_11_wb_clk_i_regs/X           10     16     -6 (VIOLATED)
clkbuf_leaf_26_wb_clk_i_regs/X           10     16     -6 (VIOLATED)
clkbuf_leaf_66_wb_clk_i_regs/X           10     16     -6 (VIOLATED)
_3548_/X                                 10     15     -5 (VIOLATED)
_4128_/X                                 10     15     -5 (VIOLATED)
_4144_/X                                 10     15     -5 (VIOLATED)
_4145_/Y                                 10     15     -5 (VIOLATED)
_4808_/Y                                 10     15     -5 (VIOLATED)
_5016_/X                                 10     15     -5 (VIOLATED)
_6235_/Q                                 10     15     -5 (VIOLATED)
_6240_/Q                                 10     15     -5 (VIOLATED)
_6241_/Q                                 10     15     -5 (VIOLATED)
_6247_/Q                                 10     15     -5 (VIOLATED)
clkbuf_leaf_16_wb_clk_i_regs/X           10     15     -5 (VIOLATED)
clkbuf_leaf_62_wb_clk_i_regs/X           10     15     -5 (VIOLATED)
fanout125/X                              10     15     -5 (VIOLATED)
fanout173/X                              10     15     -5 (VIOLATED)
fanout190/X                              10     15     -5 (VIOLATED)
fanout210/X                              10     15     -5 (VIOLATED)
fanout236/X                              10     15     -5 (VIOLATED)
fanout237/X                              10     15     -5 (VIOLATED)
fanout301/X                              10     15     -5 (VIOLATED)
fanout363/X                              10     15     -5 (VIOLATED)
fanout364/X                              10     15     -5 (VIOLATED)
fanout396/X                              10     15     -5 (VIOLATED)
hold36/X                                 10     15     -5 (VIOLATED)
hold40/X                                 10     15     -5 (VIOLATED)
clkbuf_leaf_34_wb_clk_i_regs/X           10     14     -4 (VIOLATED)
clkbuf_leaf_49_wb_clk_i_regs/X           10     14     -4 (VIOLATED)
fanout351/X                              10     14     -4 (VIOLATED)
_3091_/Y                                 10     13     -3 (VIOLATED)
_3107_/Y                                 10     13     -3 (VIOLATED)
_3111_/Y                                 10     13     -3 (VIOLATED)
_3408_/Y                                 10     13     -3 (VIOLATED)
_3425_/X                                 10     13     -3 (VIOLATED)
_3609_/X                                 10     13     -3 (VIOLATED)
_4292_/X                                 10     13     -3 (VIOLATED)
_5121_/X                                 10     13     -3 (VIOLATED)
_6236_/Q                                 10     13     -3 (VIOLATED)
_6239_/Q                                 10     13     -3 (VIOLATED)
_6254_/Q                                 10     13     -3 (VIOLATED)
_6258_/Q                                 10     13     -3 (VIOLATED)
_6262_/Q                                 10     13     -3 (VIOLATED)
_6675_/Q                                 10     13     -3 (VIOLATED)
_6714_/Q                                 10     13     -3 (VIOLATED)
clkbuf_3_7_0_wb_clk_i_regs/X             10     13     -3 (VIOLATED)
clkbuf_leaf_10_wb_clk_i_regs/X           10     13     -3 (VIOLATED)
clkbuf_leaf_19_wb_clk_i_regs/X           10     13     -3 (VIOLATED)
clkbuf_leaf_46_wb_clk_i_regs/X           10     13     -3 (VIOLATED)
clkbuf_leaf_64_wb_clk_i_regs/X           10     13     -3 (VIOLATED)
fanout114/X                              10     13     -3 (VIOLATED)
fanout121/X                              10     13     -3 (VIOLATED)
fanout160/X                              10     13     -3 (VIOLATED)
fanout175/X                              10     13     -3 (VIOLATED)
fanout212/X                              10     13     -3 (VIOLATED)
fanout225/X                              10     13     -3 (VIOLATED)
fanout228/X                              10     13     -3 (VIOLATED)
fanout298/X                              10     13     -3 (VIOLATED)
fanout354/X                              10     13     -3 (VIOLATED)
fanout359/X                              10     13     -3 (VIOLATED)
fanout405/X                              10     13     -3 (VIOLATED)
fanout420/X                              10     13     -3 (VIOLATED)
input72/X                                10     13     -3 (VIOLATED)
clkbuf_leaf_0_wb_clk_i_regs/X            10     12     -2 (VIOLATED)
clkbuf_leaf_23_wb_clk_i_regs/X           10     12     -2 (VIOLATED)
clkbuf_leaf_28_wb_clk_i_regs/X           10     12     -2 (VIOLATED)
clkbuf_leaf_33_wb_clk_i_regs/X           10     12     -2 (VIOLATED)
clkbuf_leaf_59_wb_clk_i_regs/X           10     12     -2 (VIOLATED)
input35/X                                10     12     -2 (VIOLATED)
input73/X                                10     12     -2 (VIOLATED)
_3099_/Y                                 10     11        (VIOLATED)
_3102_/Y                                 10     11        (VIOLATED)
_3115_/Y                                 10     11        (VIOLATED)
_3298_/X                                 10     11        (VIOLATED)
_3299_/Y                                 10     11        (VIOLATED)
_3314_/Y                                 10     11        (VIOLATED)
_4433_/Y                                 10     11        (VIOLATED)
_4814_/X                                 10     11        (VIOLATED)
_6690_/Q                                 10     11        (VIOLATED)
_6873_/Q                                 10     11        (VIOLATED)
_6888_/Q                                 10     11        (VIOLATED)
clkbuf_leaf_13_wb_clk_i_regs/X           10     11        (VIOLATED)
clkbuf_leaf_17_wb_clk_i_regs/X           10     11        (VIOLATED)
clkbuf_leaf_1_wb_clk_i_regs/X            10     11        (VIOLATED)
clkbuf_leaf_25_wb_clk_i_regs/X           10     11        (VIOLATED)
clkbuf_leaf_4_wb_clk_i_regs/X            10     11        (VIOLATED)
clkbuf_leaf_55_wb_clk_i_regs/X           10     11        (VIOLATED)
clkbuf_leaf_56_wb_clk_i_regs/X           10     11        (VIOLATED)
clkbuf_leaf_57_wb_clk_i_regs/X           10     11        (VIOLATED)
clkbuf_leaf_9_wb_clk_i_regs/X            10     11        (VIOLATED)
fanout179/X                              10     11        (VIOLATED)
fanout184/X                              10     11        (VIOLATED)
fanout204/X                              10     11        (VIOLATED)
fanout221/X                              10     11        (VIOLATED)
fanout223/X                              10     11        (VIOLATED)
fanout233/X                              10     11        (VIOLATED)
fanout241/X                              10     11        (VIOLATED)
fanout243/X                              10     11        (VIOLATED)
fanout269/X                              10     11        (VIOLATED)
fanout271/X                              10     11        (VIOLATED)
fanout282/X                              10     11        (VIOLATED)
fanout293/X                              10     11        (VIOLATED)
fanout306/X                              10     11        (VIOLATED)
fanout327/X                              10     11        (VIOLATED)
fanout353/X                              10     11        (VIOLATED)
fanout378/X                              10     11        (VIOLATED)
fanout406/X                              10     11        (VIOLATED)
fanout421/X                              10     11        (VIOLATED)
fanout438/X                              10     11        (VIOLATED)
input13/X                                10     11        (VIOLATED)
max_cap148/X                             10     11        (VIOLATED)



===========================================================================
report_parasitic_annotation -report_unannotated
============================================================================
Found 68 unannotated drivers.
 clkload0/Y
 clkload1/Y
 clkload10/X
 clkload11/Y
 clkload12/Y
 clkload13/Y
 clkload14/Y
 clkload15/Y
 clkload16/Y
 clkload17/Y
 clkload18/X
 clkload19/Y
 clkload2/Y
 clkload20/Y
 clkload21/Y
 clkload22/Y
 clkload23/Y
 clkload24/Y
 clkload25/Y
 clkload26/Y
 clkload27/Y
 clkload28/Y
 clkload29/Y
 clkload3/Y
 clkload30/Y
 clkload31/X
 clkload32/Y
 clkload33/Y
 clkload34/Y
 clkload35/Y
 clkload36/Y
 clkload37/X
 clkload38/Y
 clkload39/Y
 clkload4/Y
 clkload40/Y
 clkload41/Y
 clkload42/Y
 clkload43/Y
 clkload44/Y
 clkload45/Y
 clkload46/Y
 clkload47/Y
 clkload48/Y
 clkload49/Y
 clkload5/Y
 clkload50/Y
 clkload51/Y
 clkload52/Y
 clkload53/Y
 clkload54/Y
 clkload55/Y
 clkload56/Y
 clkload57/Y
 clkload58/Y
 clkload59/Y
 clkload6/Y
 clkload60/Y
 clkload61/X
 clkload62/Y
 clkload63/X
 clkload64/Y
 clkload65/Y
 clkload66/Y
 clkload7/Y
 clkload8/Y
 clkload9/X
 user_project_439/HI
Found 0 partially unannotated drivers.

===========================================================================
max slew violation count 192
max fanout violation count 383
max cap violation count 0
============================================================================

===========================================================================
check_setup -verbose -unconstrained_endpoints -multiple_clock -no_clock -no_input_delay -loops -generated_clocks
===========================================================================
Warning: There is 1 input port missing set_input_delay.
  uart_rx
Warning: There are 4 unconstrained endpoints.
  pwm_out
  uart_tx
  user_irq[2]
  _6837_/D
