
Magic 8.3 revision 489 - Compiled on Thu Aug 22 13:45:15 UTC 2024.
Starting magic under Tcl interpreter
Using the terminal as the console.
Using NULL graphics device.
Processing system .magicrc file
Sourcing design .magicrc for technology sky130A ...
2 Magic internal units = 1 Lambda
Input style sky130(): scaleFactor=2, multiplier=2
The following types are not handled by extraction and will be treated as non-electrical types:
    ubm 
Scaled tech values by 2 / 1 to match internal grid scaling
Loading sky130A Device Generator Menu ...
Loading "/nix/store/z6z1ia207zpd43ka6vqnxgghfxfr26h6-python3-3.11.9-env/lib/python3.11/site-packages/librelane/scripts/magic/wrapper.tcl" from command line.
Warning: Calma reading is not undoable!  I hope that's OK.
Library written using GDS-II Release 3.0
Library name: user_project_wrapper
Reading "EP_sky130_fd_sc_hd__diode_2".
Reading "EP_sky130_fd_sc_hd__fill_1".
Reading "EP_sky130_ef_sc_hd__decap_12".
Reading "EP_sky130_fd_sc_hd__decap_3".
Reading "EP_sky130_fd_sc_hd__buf_4".
Reading "EP_sky130_fd_sc_hd__tapvpwrvgnd_1".
Reading "EP_sky130_fd_sc_hd__decap_4".
Reading "EP_sky130_fd_sc_hd__fill_2".
Reading "EP_sky130_fd_sc_hd__dlygate4sd3_1".
Reading "EP_sky130_fd_sc_hd__decap_6".
Reading "EP_sky130_fd_sc_hd__buf_12".
Reading "EP_sky130_fd_sc_hd__decap_8".
Reading "EP_sky130_fd_sc_hd__dfxtp_1".
Reading "EP_sky130_fd_sc_hd__clkbuf_4".
Reading "EP_sky130_fd_sc_hd__mux2_1".
Reading "EP_sky130_fd_sc_hd__dfrtp_1".
Reading "EP_sky130_fd_sc_hd__inv_2".
Reading "EP_sky130_fd_sc_hd__clkbuf_1".
Reading "EP_sky130_fd_sc_hd__buf_2".
Reading "EP_sky130_fd_sc_hd__clkbuf_8".
Reading "EP_sky130_fd_sc_hd__nand2_1".
Reading "EP_sky130_fd_sc_hd__xnor2_1".
Reading "EP_sky130_fd_sc_hd__dfrtp_2".
Reading "EP_sky130_fd_sc_hd__clkbuf_2".
Reading "EP_sky130_fd_sc_hd__or3_1".
Reading "EP_sky130_fd_sc_hd__o21ai_1".
Reading "EP_sky130_fd_sc_hd__or2_1".
Reading "EP_sky130_fd_sc_hd__buf_6".
Reading "EP_sky130_fd_sc_hd__clkinv_8".
Reading "EP_sky130_fd_sc_hd__mux4_1".
Reading "EP_sky130_fd_sc_hd__or4_2".
Reading "EP_sky130_fd_sc_hd__inv_6".
Reading "EP_sky130_fd_sc_hd__a22o_1".
Reading "EP_sky130_fd_sc_hd__conb_1".
Reading "EP_sky130_fd_sc_hd__clkinvlp_4".
Reading "EP_sky130_fd_sc_hd__nand2b_1".
Reading "EP_sky130_fd_sc_hd__o221a_1".
Reading "EP_sky130_fd_sc_hd__o21a_1".
Reading "EP_sky130_fd_sc_hd__a31o_1".
Reading "EP_sky130_fd_sc_hd__a211o_1".
Reading "EP_sky130_fd_sc_hd__a221o_1".
Reading "EP_sky130_fd_sc_hd__clkinv_4".
Reading "EP_sky130_fd_sc_hd__dfstp_1".
Reading "EP_sky130_fd_sc_hd__inv_4".
Reading "EP_sky130_fd_sc_hd__a21oi_1".
Reading "EP_sky130_fd_sc_hd__o22a_1".
Reading "EP_sky130_fd_sc_hd__nor2_1".
Reading "EP_sky130_fd_sc_hd__or3_2".
Reading "EP_sky130_fd_sc_hd__o21ba_1".
Reading "EP_sky130_fd_sc_hd__or2_2".
Reading "EP_sky130_fd_sc_hd__inv_8".
Reading "EP_sky130_fd_sc_hd__inv_16".
Reading "EP_sky130_fd_sc_hd__and3_1".
Reading "EP_sky130_fd_sc_hd__and2_1".
Reading "EP_sky130_fd_sc_hd__and2b_1".
Reading "EP_sky130_fd_sc_hd__o31a_1".
Reading "EP_sky130_fd_sc_hd__nor2_4".
Reading "EP_sky130_fd_sc_hd__xor2_1".
Reading "EP_sky130_fd_sc_hd__o211a_1".
Reading "EP_sky130_fd_sc_hd__and4_4".
Reading "EP_sky130_fd_sc_hd__a21o_1".
Reading "EP_sky130_fd_sc_hd__a32o_2".
Reading "EP_sky130_fd_sc_hd__nand2_8".
Reading "EP_sky130_fd_sc_hd__a21o_4".
Reading "EP_sky130_fd_sc_hd__and4b_1".
Reading "EP_sky130_fd_sc_hd__and4_1".
Reading "EP_sky130_fd_sc_hd__a22o_2".
Reading "EP_sky130_fd_sc_hd__dfrtp_4".
Reading "EP_sky130_fd_sc_hd__and4b_2".
Reading "EP_sky130_fd_sc_hd__a31o_4".
Reading "EP_sky130_fd_sc_hd__nand2_4".
Reading "EP_sky130_fd_sc_hd__or4_1".
Reading "EP_sky130_fd_sc_hd__a2bb2o_1".
Reading "EP_sky130_fd_sc_hd__and4bb_4".
Reading "EP_sky130_fd_sc_hd__o221ai_1".
Reading "EP_sky130_fd_sc_hd__nor4_1".
Reading "EP_sky130_fd_sc_hd__or3_4".
Reading "EP_sky130_fd_sc_hd__a221o_2".
Reading "EP_sky130_fd_sc_hd__a211o_2".
Reading "EP_sky130_fd_sc_hd__o2bb2a_1".
Reading "EP_sky130_fd_sc_hd__inv_12".
Reading "EP_sky130_fd_sc_hd__and2b_4".
Reading "EP_sky130_fd_sc_hd__a32o_1".
Reading "EP_sky130_fd_sc_hd__a21o_2".
Reading "EP_sky130_fd_sc_hd__nand2b_4".
Reading "EP_sky130_fd_sc_hd__or3b_4".
Reading "EP_sky130_fd_sc_hd__or2_4".
Reading "EP_sky130_fd_sc_hd__nor2_2".
Reading "EP_sky130_fd_sc_hd__and3_4".
Reading "EP_sky130_fd_sc_hd__a31o_2".
Reading "EP_sky130_fd_sc_hd__nand3_1".
Reading "EP_sky130_fd_sc_hd__o22ai_1".
Reading "EP_sky130_fd_sc_hd__or4b_1".
Reading "EP_sky130_fd_sc_hd__or4bb_2".
Reading "EP_sky130_fd_sc_hd__or4b_2".
Reading "EP_sky130_fd_sc_hd__or4b_4".
Reading "EP_sky130_fd_sc_hd__a2111o_1".
Reading "EP_sky130_fd_sc_hd__or3b_1".
Reading "EP_sky130_fd_sc_hd__a41o_1".
Reading "EP_sky130_fd_sc_hd__o2111a_1".
Reading "EP_sky130_fd_sc_hd__o311a_1".
Reading "EP_sky130_fd_sc_hd__nand3b_1".
Reading "EP_sky130_fd_sc_hd__or4_4".
Reading "EP_sky130_fd_sc_hd__nand2_2".
Reading "EP_sky130_fd_sc_hd__clkinv_2".
Reading "EP_sky130_fd_sc_hd__a21boi_1".
Reading "EP_sky130_fd_sc_hd__o211ai_1".
Reading "EP_sky130_fd_sc_hd__a21bo_1".
Reading "EP_sky130_fd_sc_hd__and3b_1".
Reading "EP_sky130_fd_sc_hd__nand3b_2".
Reading "EP_sky130_fd_sc_hd__nor3_1".
Reading "EP_sky130_fd_sc_hd__a2111o_4".
Reading "EP_sky130_fd_sc_hd__a21oi_2".
Reading "EP_sky130_fd_sc_hd__and4_2".
Reading "EP_sky130_fd_sc_hd__and2_2".
Reading "EP_sky130_fd_sc_hd__o21ai_2".
Reading "EP_sky130_fd_sc_hd__nand4_4".
Reading "EP_sky130_fd_sc_hd__a22oi_1".
Reading "EP_sky130_fd_sc_hd__a31oi_1".
Reading "EP_sky130_fd_sc_hd__o31ai_1".
Reading "EP_sky130_fd_sc_hd__a211oi_1".
Reading "EP_sky130_fd_sc_hd__o41ai_4".
Reading "EP_sky130_fd_sc_hd__clkbuf_16".
Reading "EP_sky130_fd_sc_hd__mux2_2".
Reading "EP_sky130_fd_sc_hd__o32a_1".
Reading "EP_sky130_fd_sc_hd__a311o_1".
Reading "EP_sky130_fd_sc_hd__a2bb2o_2".
Reading "EP_sky130_fd_sc_hd__dlymetal6s2s_1".
Reading "EP_sky130_fd_sc_hd__bufinv_16".
Reading "EP_sky130_fd_sc_hd__nand4_2".
Reading "EP_sky130_fd_sc_hd__dfstp_2".
Reading "EP_sky130_fd_sc_hd__nor3_2".
Reading "EP_sky130_fd_sc_hd__buf_1".
Reading "EP_sky130_fd_sc_hd__o21ai_4".
Reading "EP_sky130_fd_sc_hd__nor3b_1".
Reading "EP_sky130_fd_sc_hd__and4bb_1".
Reading "EP_sky130_fd_sc_hd__o211a_4".
Reading "EP_O1_sky130_fd_sc_hd__decap_3".
Reading "EP_O1_sky130_ef_sc_hd__decap_40_12".
Reading "EP_O1_sky130_fd_sc_hd__tapvpwrvgnd_1".
Reading "EP_O1_sky130_fd_sc_hd__fill_1".
Reading "EP_O1_sky130_fd_sc_hd__fill_2".
Reading "EP_O1_sky130_fd_sc_hd__fill_4".
Reading "EP_O1_sky130_fd_sc_hd__buf_1".
Reading "EP_O1_sky130_fd_sc_hd__fill_8".
Reading "EP_O1_sky130_fd_sc_hd__dlygate4sd3_1".
Reading "EP_O1_sky130_fd_sc_hd__buf_2".
Reading "EP_O1_sky130_fd_sc_hd__buf_12".
Reading "EP_O1_sky130_fd_sc_hd__clkbuf_4".
Reading "EP_O1_sky130_fd_sc_hd__diode_2".
Reading "EP_O1_sky130_fd_sc_hd__buf_4".
Reading "EP_O1_sky130_fd_sc_hd__inv_2".
Reading "EP_O1_sky130_fd_sc_hd__dfrtp_1".
Reading "EP_O1_sky130_fd_sc_hd__and4b_2".
Reading "EP_O1_sky130_fd_sc_hd__and4b_1".
Reading "EP_O1_sky130_fd_sc_hd__and2_4".
Reading "EP_O1_sky130_fd_sc_hd__clkbuf_2".
Reading "EP_O1_sky130_fd_sc_hd__clkbuf_16".
Reading "EP_O1_sky130_fd_sc_hd__clkinv_4".
Reading "EP_O1_sky130_fd_sc_hd__clkinv_16".
Reading "EP_O1_sky130_fd_sc_hd__conb_1".
Reading "EP_O1_CF_SRAM_1024x32_macro".
CIF file read warning: CIF style sky130(): units rescaled by factor of 5 / 1
Error while reading cell "EP_O1_CF_SRAM_1024x32_macro" (byte position 1146202): Unknown layer/datatype in boundary, layer=67 type=10
Error while reading cell "EP_O1_CF_SRAM_1024x32_macro" (byte position 1146266): Unknown layer/datatype in boundary, layer=68 type=10
Error while reading cell "EP_O1_CF_SRAM_1024x32_macro" (byte position 1146330): Unknown layer/datatype in boundary, layer=69 type=10
Reading "EP_O1_CF_SRAM_1024x32".
Reading "EP_CF_SRAM_1024x32_wb_wrapper".
Reading "EP_sky130_fd_sc_hd__o21bai_1".
Reading "EP_sky130_fd_sc_hd__or4bb_4".
Reading "EP_sky130_fd_sc_hd__a211oi_4".
Reading "EP_sky130_fd_sc_hd__dfstp_4".
Reading "EP_sky130_fd_sc_hd__mux2_4".
Reading "EP_sky130_fd_sc_hd__nor4b_1".
Reading "EP_sky130_fd_sc_hd__and2b_2".
Reading "user_project".
    5000 uses
    10000 uses
    15000 uses
    20000 uses
    25000 uses
    30000 uses
    35000 uses
    40000 uses
