Clock: clk
Sources: wb_clk_i 
Generated: no
Virtual: yes
Propagated: no
Period: 25.000000

===========================================================================
report_clock_properties
============================================================================
Clock                   Period          Waveform
----------------------------------------------------
clk                  25.000000    0.000000 12.500000

===========================================================================
report_clock_latency
============================================================================
Clock clk
rise -> rise
    min     max
4.650000 5.570000 source latency
5.572520         network latency mprj/_6645_/CLK
        6.605773 network latency mprj/_6185_/CLK
---------------
10.222520 12.175774 latency
        1.953254 skew

fall -> fall
    min     max
4.650000 5.570000 source latency
5.645110         network latency mprj/_6645_/CLK
        6.639921 network latency mprj/_6185_/CLK
---------------
10.295109 12.209921 latency
        1.914811 skew



===========================================================================
report_clock_min_period
============================================================================
clk period_min = 8.02 fmax = 124.64
