Reading technology LEF file at '/nc/apps/pdk/ciel/sky130/versions/0fe599b2afb6708d281543108caf8310912f54af/sky130A/libs.ref/sky130_fd_sc_hd/techlef/sky130_fd_sc_hd__min.tlef'…
[INFO ODB-0227] LEF file: /nc/apps/pdk/ciel/sky130/versions/0fe599b2afb6708d281543108caf8310912f54af/sky130A/libs.ref/sky130_fd_sc_hd/techlef/sky130_fd_sc_hd__min.tlef, created 14 layers, 25 vias
Reading cell LEF file at '/nc/apps/pdk/ciel/sky130/versions/0fe599b2afb6708d281543108caf8310912f54af/sky130A/libs.ref/sky130_fd_sc_hd/lef/sky130_ef_sc_hd.lef'…
[WARNING ODB-0220] WARNING (LEFPARS-2008): NOWIREEXTENSIONATPIN statement is obsolete in version 5.6 or later.
The NOWIREEXTENSIONATPIN statement will be ignored. See file /nc/apps/pdk/ciel/sky130/versions/0fe599b2afb6708d281543108caf8310912f54af/sky130A/libs.ref/sky130_fd_sc_hd/lef/sky130_ef_sc_hd.lef at line 2.

[INFO ODB-0227] LEF file: /nc/apps/pdk/ciel/sky130/versions/0fe599b2afb6708d281543108caf8310912f54af/sky130A/libs.ref/sky130_fd_sc_hd/lef/sky130_ef_sc_hd.lef, created 4 library cells
Reading cell LEF file at '/nc/apps/pdk/ciel/sky130/versions/0fe599b2afb6708d281543108caf8310912f54af/sky130A/libs.ref/sky130_fd_sc_hd/lef/sky130_fd_sc_hd.lef'…
[WARNING ODB-0220] WARNING (LEFPARS-2008): NOWIREEXTENSIONATPIN statement is obsolete in version 5.6 or later.
The NOWIREEXTENSIONATPIN statement will be ignored. See file /nc/apps/pdk/ciel/sky130/versions/0fe599b2afb6708d281543108caf8310912f54af/sky130A/libs.ref/sky130_fd_sc_hd/lef/sky130_fd_sc_hd.lef at line 2.

[INFO ODB-0227] LEF file: /nc/apps/pdk/ciel/sky130/versions/0fe599b2afb6708d281543108caf8310912f54af/sky130A/libs.ref/sky130_fd_sc_hd/lef/sky130_fd_sc_hd.lef, created 437 library cells
Reading macro LEF file at '/workspace/peripheral-example/lef/user_project.lef'…
[WARNING ODB-0220] WARNING (LEFPARS-2008): NOWIREEXTENSIONATPIN statement is obsolete in version 5.6 or later.
The NOWIREEXTENSIONATPIN statement will be ignored. See file /workspace/peripheral-example/lef/user_project.lef at line 2.

[INFO ODB-0227] LEF file: /workspace/peripheral-example/lef/user_project.lef, created 1 library cells
[INFO ODB-0127] Reading DEF file: /workspace/peripheral-example/openlane/user_project_wrapper/runs/RUN_2025-10-27_23-13-28/46-odb-cellfrequencytables/user_project_wrapper.def
[INFO ODB-0128] Design: user_project_wrapper
[INFO ODB-0130]     Created 645 pins.
[INFO ODB-0131]     Created 1 components and 152 component-terminals.
[INFO ODB-0132]     Created 8 special nets and 2 connections.
[INFO ODB-0133]     Created 637 nets and 150 connections.
[INFO ODB-0134] Finished DEF file: /workspace/peripheral-example/openlane/user_project_wrapper/runs/RUN_2025-10-27_23-13-28/46-odb-cellfrequencytables/user_project_wrapper.def
Using RCX ruleset '/nc/apps/pdk/ciel/sky130/versions/0fe599b2afb6708d281543108caf8310912f54af/sky130A/libs.tech/openlane/rules.openrcx.sky130A.min.calibre'…
[INFO RCX-0431] Defined process_corner CURRENT_CORNER with ext_model_index 0
[INFO RCX-0029] Defined extraction corner CURRENT_CORNER
[INFO RCX-0435] Reading extraction model file /nc/apps/pdk/ciel/sky130/versions/0fe599b2afb6708d281543108caf8310912f54af/sky130A/libs.tech/openlane/rules.openrcx.sky130A.min.calibre ...
[INFO RCX-0436] RC segment generation user_project_wrapper (max_merge_res 50.0) ...
[INFO RCX-0040] Final 682 rc segments
[INFO RCX-0439] Coupling Cap extraction user_project_wrapper ...
[INFO RCX-0440] Coupling threshhold is 0.1000 fF, coupling capacitance less than 0.1000 fF will be grounded.
[INFO RCX-0442] 35% of 1723 wires extracted
[INFO RCX-0442] 41% of 1723 wires extracted
[INFO RCX-0442] 46% of 1723 wires extracted
[INFO RCX-0442] 73% of 1723 wires extracted
[INFO RCX-0442] 93% of 1723 wires extracted
[INFO RCX-0442] 97% of 1723 wires extracted
[INFO RCX-0442] 100% of 1723 wires extracted
[INFO RCX-0045] Extract 643 nets, 831 rsegs, 831 caps, 1658 ccs
Setting global connections for newly added cells…
[INFO] Setting global connections...
mprj matched with mprj
Updating metrics…
Cell type report:                       Count       Area
  Macro                                     1  552094.57
  Total                                     1  552094.57
Writing extracted parasitics to '/workspace/peripheral-example/openlane/user_project_wrapper/runs/RUN_2025-10-27_23-13-28/47-openroad-rcx/min/user_project_wrapper.min.spef'…
[INFO RCX-0443] 637 nets finished
