
===========================================================================
report_checks -unconstrained
===========================================================================
======================= max_tt_025C_1v80 Corner ===================================

Startpoint: wb_rst_i (input port clocked by clk)
Endpoint: _6209_ (recovery check against rising-edge clock clk)
Path Group: asynchronous
Path Type: max

Fanout         Cap        Slew       Delay        Time   Description
---------------------------------------------------------------------------------------------
                                  0.000000    0.000000   clock clk (rise edge)
                                  5.570000    5.570000   clock network delay (propagated)
                                 12.500000   18.070000 v input external delay
     2    0.004048    0.000000    0.000000   18.070000 v wb_rst_i (in)
                                                         wb_rst_i (net)
                      0.000197    0.000098   18.070097 v input2/A (sky130_fd_sc_hd__buf_4)
     9    0.115406    0.149580    0.195662   18.265759 v input2/X (sky130_fd_sc_hd__buf_4)
                                                         net2 (net)
                      0.173990    0.046132   18.311892 v fanout426/A (sky130_fd_sc_hd__clkbuf_4)
    11    0.067699    0.138707    0.282990   18.594881 v fanout426/X (sky130_fd_sc_hd__clkbuf_4)
                                                         net426 (net)
                      0.138741    0.001886   18.596767 v fanout421/A (sky130_fd_sc_hd__clkbuf_2)
    11    0.047868    0.181656    0.264194   18.860962 v fanout421/X (sky130_fd_sc_hd__clkbuf_2)
                                                         net421 (net)
                      0.181727    0.003338   18.864300 v fanout420/A (sky130_fd_sc_hd__buf_2)
    13    0.053308    0.128886    0.268917   19.133217 v fanout420/X (sky130_fd_sc_hd__buf_2)
                                                         net420 (net)
                      0.129029    0.002414   19.135630 v fanout416/A (sky130_fd_sc_hd__clkbuf_4)
     8    0.055306    0.115094    0.248804   19.384434 v fanout416/X (sky130_fd_sc_hd__clkbuf_4)
                                                         net416 (net)
                      0.115145    0.002403   19.386837 v fanout415/A (sky130_fd_sc_hd__buf_4)
    10    0.061007    0.086218    0.225530   19.612368 v fanout415/X (sky130_fd_sc_hd__buf_4)
                                                         net415 (net)
                      0.086406    0.003531   19.615898 v _5683_/A (sky130_fd_sc_hd__inv_2)
     1    0.003788    0.034037    0.058849   19.674747 ^ _5683_/Y (sky130_fd_sc_hd__inv_2)
                                                         _0059_ (net)
                      0.034037    0.000199   19.674946 ^ _6209_/SET_B (sky130_fd_sc_hd__dfstp_1)
                                             19.674946   data arrival time

                                 25.000000   25.000000   clock clk (rise edge)
                                  4.650000   29.650000   clock source latency
     4    0.096913    0.610000    0.000000   29.650000 ^ wb_clk_i (in)
                                                         wb_clk_i (net)
                      0.633252    0.011626   29.661625 ^ clkbuf_regs_0_clk/A (sky130_fd_sc_hd__clkbuf_16)
     1    0.008533    0.047422    0.250537   29.912163 ^ clkbuf_regs_0_clk/X (sky130_fd_sc_hd__clkbuf_16)
                                                         wb_clk_i_regs (net)
                      0.047425    0.000657   29.912819 ^ clkbuf_0_wb_clk_i_regs/A (sky130_fd_sc_hd__clkbuf_16)
    17    0.159906    0.172595    0.221199   30.134018 ^ clkbuf_0_wb_clk_i_regs/X (sky130_fd_sc_hd__clkbuf_16)
                                                         clknet_0_wb_clk_i_regs (net)
                      0.175703    0.018396   30.152414 ^ clkbuf_3_4_0_wb_clk_i_regs/A (sky130_fd_sc_hd__clkbuf_8)
    19    0.121635    0.213449    0.294541   30.446957 ^ clkbuf_3_4_0_wb_clk_i_regs/X (sky130_fd_sc_hd__clkbuf_8)
                                                         clknet_3_4_0_wb_clk_i_regs (net)
                      0.213709    0.006153   30.453110 ^ clkbuf_leaf_49_wb_clk_i_regs/A (sky130_fd_sc_hd__clkbuf_8)
    14    0.061864    0.117356    0.239297   30.692406 ^ clkbuf_leaf_49_wb_clk_i_regs/X (sky130_fd_sc_hd__clkbuf_8)
                                                         clknet_leaf_49_wb_clk_i_regs (net)
                      0.117476    0.003357   30.695763 ^ _6209_/CLK (sky130_fd_sc_hd__dfstp_1)
                                 -0.250000   30.445763   clock uncertainty
                                  0.000000   30.445763   clock reconvergence pessimism
                                  0.158845   30.604609   library recovery time
                                             30.604609   data required time
---------------------------------------------------------------------------------------------
                                             30.604609   data required time
                                            -19.674946   data arrival time
---------------------------------------------------------------------------------------------
                                             10.929661   slack (MET)


Startpoint: wbs_adr_i[15] (input port clocked by clk)
Endpoint: wbs_dat_o[1] (output port clocked by clk)
Path Group: clk
Path Type: max

Fanout         Cap        Slew       Delay        Time   Description
---------------------------------------------------------------------------------------------
                                  0.000000    0.000000   clock clk (rise edge)
                                  5.570000    5.570000   clock network delay (propagated)
                                  3.890000    9.460000 v input external delay
     2    0.005637    0.920000    0.000000    9.460000 v wbs_adr_i[15] (in)
                                                         wbs_adr_i[15] (net)
                      0.920176    0.000088    9.460088 v hold58/A (sky130_fd_sc_hd__dlygate4sd3_1)
     1    0.002178    0.050064    0.850605   10.310693 v hold58/X (sky130_fd_sc_hd__dlygate4sd3_1)
                                                         net497 (net)
                      0.050064    0.000099   10.310793 v input9/A (sky130_fd_sc_hd__clkbuf_4)
     5    0.093254    0.186878    0.251757   10.562550 v input9/X (sky130_fd_sc_hd__clkbuf_4)
                                                         net9 (net)
                      0.188714    0.015299   10.577848 v hold59/A (sky130_fd_sc_hd__dlygate4sd3_1)
     5    0.022784    0.140956    0.716473   11.294321 v hold59/X (sky130_fd_sc_hd__dlygate4sd3_1)
                                                         net498 (net)
                      0.141078    0.003743   11.298064 v _3129_/D (sky130_fd_sc_hd__or4_1)
     2    0.007835    0.115668    0.469656   11.767720 v _3129_/X (sky130_fd_sc_hd__or4_1)
                                                         _1296_ (net)
                      0.115668    0.000335   11.768055 v hold70/A (sky130_fd_sc_hd__dlygate4sd3_1)
     1    0.001700    0.047576    0.569798   12.337853 v hold70/X (sky130_fd_sc_hd__dlygate4sd3_1)
                                                         net509 (net)
                      0.047576    0.000078   12.337932 v hold60/A (sky130_fd_sc_hd__dlygate4sd3_1)
     1    0.002996    0.054201    0.550915   12.888846 v hold60/X (sky130_fd_sc_hd__dlygate4sd3_1)
                                                         net499 (net)
                      0.054201    0.000203   12.889050 v _3132_/A (sky130_fd_sc_hd__or2_1)
     4    0.024686    0.139971    0.326415   13.215466 v _3132_/X (sky130_fd_sc_hd__or2_1)
                                                         _1299_ (net)
                      0.139992    0.001774   13.217239 v _3296_/A (sky130_fd_sc_hd__or2_2)
     8    0.035335    0.131007    0.427505   13.644744 v _3296_/X (sky130_fd_sc_hd__or2_2)
                                                         _1457_ (net)
                      0.131019    0.001536   13.646280 v _3315_/B (sky130_fd_sc_hd__or2_2)
     5    0.027367    0.116804    0.383722   14.030003 v _3315_/X (sky130_fd_sc_hd__or2_2)
                                                         _1462_ (net)
                      0.116861    0.002391   14.032393 v hold66/A (sky130_fd_sc_hd__dlygate4sd3_1)
     1    0.009145    0.083980    0.621973   14.654366 v hold66/X (sky130_fd_sc_hd__dlygate4sd3_1)
                                                         net505 (net)
                      0.083980    0.000735   14.655102 v fanout196/A (sky130_fd_sc_hd__clkbuf_2)
     5    0.027210    0.107757    0.185398   14.840500 v fanout196/X (sky130_fd_sc_hd__clkbuf_2)
                                                         net196 (net)
                      0.107783    0.001636   14.842136 v _4889_/A2 (sky130_fd_sc_hd__o221a_1)
     1    0.005106    0.057424    0.272418   15.114553 v _4889_/X (sky130_fd_sc_hd__o221a_1)
                                                         _2620_ (net)
                      0.057425    0.000378   15.114932 v _4890_/B2 (sky130_fd_sc_hd__a221o_1)
     1    0.009656    0.085693    0.361117   15.476049 v _4890_/X (sky130_fd_sc_hd__a221o_1)
                                                         _2621_ (net)
                      0.085700    0.000785   15.476834 v _4891_/B2 (sky130_fd_sc_hd__a221o_1)
     1    0.003335    0.055138    0.331481   15.808315 v _4891_/X (sky130_fd_sc_hd__a221o_1)
                                                         _2622_ (net)
                      0.055138    0.000213   15.808528 v _4892_/B1 (sky130_fd_sc_hd__o211a_1)
     1    0.016003    0.095592    0.179893   15.988421 v _4892_/X (sky130_fd_sc_hd__o211a_1)
                                                         _2623_ (net)
                      0.095640    0.001974   15.990396 v _4893_/B1 (sky130_fd_sc_hd__a211o_1)
     1    0.003505    0.051608    0.283857   16.274252 v _4893_/X (sky130_fd_sc_hd__a211o_1)
                                                         _2624_ (net)
                      0.051608    0.000240   16.274492 v _4894_/C1 (sky130_fd_sc_hd__o211a_1)
     1    0.005410    0.050431    0.119439   16.393930 v _4894_/X (sky130_fd_sc_hd__o211a_1)
                                                         _2625_ (net)
                      0.050432    0.000371   16.394302 v _4895_/D1 (sky130_fd_sc_hd__a2111o_4)
     3    0.059741    0.144272    0.456490   16.850792 v _4895_/X (sky130_fd_sc_hd__a2111o_4)
                                                         net90 (net)
                      0.144746    0.006537   16.857328 v output90/A (sky130_fd_sc_hd__buf_12)
     1    0.191223    0.105137    0.234850   17.092178 v output90/X (sky130_fd_sc_hd__buf_12)
                                                         wbs_dat_o[1] (net)
                      0.106347    0.009015   17.101194 v wbs_dat_o[1] (out)
                                             17.101194   data arrival time

                                 25.000000   25.000000   clock clk (rise edge)
                                  4.650000   29.650000   clock network delay (propagated)
                                 -0.250000   29.400000   clock uncertainty
                                  0.000000   29.400000   clock reconvergence pessimism
                                 -3.620000   25.779999   output external delay
                                             25.779999   data required time
---------------------------------------------------------------------------------------------
                                             25.779999   data required time
                                            -17.101194   data arrival time
---------------------------------------------------------------------------------------------
                                              8.678805   slack (MET)




===========================================================================
report_checks --slack_max -0.01
============================================================================
======================= max_tt_025C_1v80 Corner ===================================

No paths found.


===========================================================================
 report_check_types -max_slew -max_cap -max_fanout -violators
============================================================================
======================= max_tt_025C_1v80 Corner ===================================

max slew

Pin                                        Limit        Slew       Slack
------------------------------------------------------------------------
ANTENNA_input13_A/DIODE                 0.750000    0.920363   -0.170363 (VIOLATED)
input13/A                               0.750000    0.920302   -0.170302 (VIOLATED)
ANTENNA_hold159_A/DIODE                 0.750000    0.920274   -0.170274 (VIOLATED)
ANTENNA_hold52_A/DIODE                  0.750000    0.920235   -0.170235 (VIOLATED)
input17/A                               0.750000    0.920231   -0.170231 (VIOLATED)
hold43/A                                0.750000    0.920226   -0.170226 (VIOLATED)
ANTENNA_hold15_A/DIODE                  0.750000    0.920226   -0.170226 (VIOLATED)
input16/A                               0.750000    0.920225   -0.170225 (VIOLATED)
input26/A                               0.750000    0.920221   -0.170221 (VIOLATED)
ANTENNA_hold74_A/DIODE                  0.750000    0.920220   -0.170220 (VIOLATED)
ANTENNA_hold30_A/DIODE                  0.750000    0.920220   -0.170220 (VIOLATED)
input23/A                               0.750000    0.920219   -0.170219 (VIOLATED)
hold52/A                                0.750000    0.920216   -0.170216 (VIOLATED)
ANTENNA_hold147_A/DIODE                 0.750000    0.920211   -0.170211 (VIOLATED)
hold68/A                                0.750000    0.920210   -0.170210 (VIOLATED)
hold159/A                               0.750000    0.920209   -0.170209 (VIOLATED)
input24/A                               0.750000    0.920209   -0.170209 (VIOLATED)
ANTENNA_hold136_A/DIODE                 0.750000    0.920208   -0.170208 (VIOLATED)
input18/A                               0.750000    0.920205   -0.170205 (VIOLATED)
hold74/A                                0.750000    0.920205   -0.170205 (VIOLATED)
input20/A                               0.750000    0.920204   -0.170204 (VIOLATED)
ANTENNA_hold58_A/DIODE                  0.750000    0.920204   -0.170204 (VIOLATED)
hold30/A                                0.750000    0.920203   -0.170203 (VIOLATED)
hold72/A                                0.750000    0.920200   -0.170200 (VIOLATED)
input22/A                               0.750000    0.920200   -0.170200 (VIOLATED)
input19/A                               0.750000    0.920200   -0.170200 (VIOLATED)
input21/A                               0.750000    0.920198   -0.170198 (VIOLATED)
hold343/A                               0.750000    0.920196   -0.170196 (VIOLATED)
hold147/A                               0.750000    0.920195   -0.170195 (VIOLATED)
hold136/A                               0.750000    0.920192   -0.170192 (VIOLATED)
hold162/A                               0.750000    0.920192   -0.170192 (VIOLATED)
hold58/A                                0.750000    0.920188   -0.170188 (VIOLATED)
hold15/A                                0.750000    0.920187   -0.170187 (VIOLATED)
ANTENNA_input26_A/DIODE                 0.750000    0.920186   -0.170186 (VIOLATED)
ANTENNA_hold68_A/DIODE                  0.750000    0.920186   -0.170186 (VIOLATED)
hold119/A                               0.750000    0.920184   -0.170184 (VIOLATED)
ANTENNA_input17_A/DIODE                 0.750000    0.920181   -0.170181 (VIOLATED)
input27/A                               0.750000    0.920180   -0.170180 (VIOLATED)
input15/A                               0.750000    0.920179   -0.170179 (VIOLATED)
ANTENNA_hold119_A/DIODE                 0.750000    0.920178   -0.170178 (VIOLATED)
ANTENNA_input23_A/DIODE                 0.750000    0.920173   -0.170173 (VIOLATED)
ANTENNA_input24_A/DIODE                 0.750000    0.920170   -0.170170 (VIOLATED)
ANTENNA_hold43_A/DIODE                  0.750000    0.920169   -0.170169 (VIOLATED)
ANTENNA_hold343_A/DIODE                 0.750000    0.920168   -0.170168 (VIOLATED)
ANTENNA_input16_A/DIODE                 0.750000    0.920168   -0.170168 (VIOLATED)
hold63/A                                0.750000    0.920164   -0.170164 (VIOLATED)
hold167/A                               0.750000    0.920162   -0.170162 (VIOLATED)
ANTENNA_hold72_A/DIODE                  0.750000    0.920158   -0.170158 (VIOLATED)
ANTENNA_input20_A/DIODE                 0.750000    0.920158   -0.170158 (VIOLATED)
ANTENNA_input27_A/DIODE                 0.750000    0.920154   -0.170154 (VIOLATED)
ANTENNA_hold162_A/DIODE                 0.750000    0.920152   -0.170152 (VIOLATED)
ANTENNA_input18_A/DIODE                 0.750000    0.920151   -0.170151 (VIOLATED)
ANTENNA_input22_A/DIODE                 0.750000    0.920149   -0.170149 (VIOLATED)
ANTENNA_input15_A/DIODE                 0.750000    0.920148   -0.170148 (VIOLATED)
ANTENNA_input19_A/DIODE                 0.750000    0.920148   -0.170148 (VIOLATED)
ANTENNA_input21_A/DIODE                 0.750000    0.920147   -0.170147 (VIOLATED)
hold19/A                                0.750000    0.920143   -0.170143 (VIOLATED)
ANTENNA_hold167_A/DIODE                 0.750000    0.920142   -0.170142 (VIOLATED)
hold152/A                               0.750000    0.920139   -0.170139 (VIOLATED)
hold133/A                               0.750000    0.920138   -0.170138 (VIOLATED)
ANTENNA_hold152_A/DIODE                 0.750000    0.920134   -0.170134 (VIOLATED)
ANTENNA_hold63_A/DIODE                  0.750000    0.920131   -0.170131 (VIOLATED)
ANTENNA_hold133_A/DIODE                 0.750000    0.920114   -0.170114 (VIOLATED)
ANTENNA_hold19_A/DIODE                  0.750000    0.920099   -0.170099 (VIOLATED)
wbs_adr_i[0]                            0.750000    0.920000   -0.170000 (VIOLATED)
wbs_adr_i[10]                           0.750000    0.920000   -0.170000 (VIOLATED)
wbs_adr_i[11]                           0.750000    0.920000   -0.170000 (VIOLATED)
wbs_adr_i[12]                           0.750000    0.920000   -0.170000 (VIOLATED)
wbs_adr_i[13]                           0.750000    0.920000   -0.170000 (VIOLATED)
wbs_adr_i[14]                           0.750000    0.920000   -0.170000 (VIOLATED)
wbs_adr_i[15]                           0.750000    0.920000   -0.170000 (VIOLATED)
wbs_adr_i[16]                           0.750000    0.920000   -0.170000 (VIOLATED)
wbs_adr_i[17]                           0.750000    0.920000   -0.170000 (VIOLATED)
wbs_adr_i[18]                           0.750000    0.920000   -0.170000 (VIOLATED)
wbs_adr_i[19]                           0.750000    0.920000   -0.170000 (VIOLATED)
wbs_adr_i[1]                            0.750000    0.920000   -0.170000 (VIOLATED)
wbs_adr_i[20]                           0.750000    0.920000   -0.170000 (VIOLATED)
wbs_adr_i[21]                           0.750000    0.920000   -0.170000 (VIOLATED)
wbs_adr_i[22]                           0.750000    0.920000   -0.170000 (VIOLATED)
wbs_adr_i[23]                           0.750000    0.920000   -0.170000 (VIOLATED)
wbs_adr_i[24]                           0.750000    0.920000   -0.170000 (VIOLATED)
wbs_adr_i[25]                           0.750000    0.920000   -0.170000 (VIOLATED)
wbs_adr_i[26]                           0.750000    0.920000   -0.170000 (VIOLATED)
wbs_adr_i[27]                           0.750000    0.920000   -0.170000 (VIOLATED)
wbs_adr_i[28]                           0.750000    0.920000   -0.170000 (VIOLATED)
wbs_adr_i[29]                           0.750000    0.920000   -0.170000 (VIOLATED)
wbs_adr_i[2]                            0.750000    0.920000   -0.170000 (VIOLATED)
wbs_adr_i[30]                           0.750000    0.920000   -0.170000 (VIOLATED)
wbs_adr_i[31]                           0.750000    0.920000   -0.170000 (VIOLATED)
wbs_adr_i[3]                            0.750000    0.920000   -0.170000 (VIOLATED)
wbs_adr_i[4]                            0.750000    0.920000   -0.170000 (VIOLATED)
wbs_adr_i[5]                            0.750000    0.920000   -0.170000 (VIOLATED)
wbs_adr_i[6]                            0.750000    0.920000   -0.170000 (VIOLATED)
wbs_adr_i[7]                            0.750000    0.920000   -0.170000 (VIOLATED)
wbs_adr_i[8]                            0.750000    0.920000   -0.170000 (VIOLATED)
wbs_adr_i[9]                            0.750000    0.920000   -0.170000 (VIOLATED)
ANTENNA_hold87_A/DIODE                  0.750000    0.840963   -0.090963 (VIOLATED)
hold87/A                                0.750000    0.840787   -0.090787 (VIOLATED)
ANTENNA_hold78_A/DIODE                  0.750000    0.840647   -0.090647 (VIOLATED)
hold78/A                                0.750000    0.840601   -0.090601 (VIOLATED)
ANTENNA_hold84_A/DIODE                  0.750000    0.840449   -0.090449 (VIOLATED)
ANTENNA_hold82_A/DIODE                  0.750000    0.840419   -0.090419 (VIOLATED)
ANTENNA_hold1_A/DIODE                   0.750000    0.840409   -0.090409 (VIOLATED)
ANTENNA_hold7_A/DIODE                   0.750000    0.840401   -0.090401 (VIOLATED)
ANTENNA_hold105_A/DIODE                 0.750000    0.840360   -0.090360 (VIOLATED)
ANTENNA_hold186_A/DIODE                 0.750000    0.840359   -0.090359 (VIOLATED)
ANTENNA_hold12_A/DIODE                  0.750000    0.840359   -0.090359 (VIOLATED)
hold84/A                                0.750000    0.840348   -0.090348 (VIOLATED)
ANTENNA_hold112_A/DIODE                 0.750000    0.840340   -0.090341 (VIOLATED)
hold186/A                               0.750000    0.840321   -0.090321 (VIOLATED)
hold1/A                                 0.750000    0.840317   -0.090317 (VIOLATED)
ANTENNA_hold144_A/DIODE                 0.750000    0.840316   -0.090316 (VIOLATED)
hold7/A                                 0.750000    0.840309   -0.090309 (VIOLATED)
hold112/A                               0.750000    0.840304   -0.090304 (VIOLATED)
hold144/A                               0.750000    0.840285   -0.090285 (VIOLATED)
hold105/A                               0.750000    0.840281   -0.090281 (VIOLATED)
ANTENNA_hold126_A/DIODE                 0.750000    0.840274   -0.090274 (VIOLATED)
ANTENNA_hold35_A/DIODE                  0.750000    0.840273   -0.090273 (VIOLATED)
hold82/A                                0.750000    0.840269   -0.090269 (VIOLATED)
hold12/A                                0.750000    0.840253   -0.090253 (VIOLATED)
ANTENNA_hold39_A/DIODE                  0.750000    0.840246   -0.090246 (VIOLATED)
ANTENNA_hold76_A/DIODE                  0.750000    0.840241   -0.090242 (VIOLATED)
hold126/A                               0.750000    0.840240   -0.090240 (VIOLATED)
ANTENNA_hold124_A/DIODE                 0.750000    0.840240   -0.090240 (VIOLATED)
hold35/A                                0.750000    0.840236   -0.090236 (VIOLATED)
ANTENNA_hold90_A/DIODE                  0.750000    0.840227   -0.090227 (VIOLATED)
ANTENNA_hold122_A/DIODE                 0.750000    0.840225   -0.090225 (VIOLATED)
hold39/A                                0.750000    0.840213   -0.090213 (VIOLATED)
ANTENNA_hold24_A/DIODE                  0.750000    0.840210   -0.090210 (VIOLATED)
ANTENNA_hold5_A/DIODE                   0.750000    0.840210   -0.090210 (VIOLATED)
hold24/A                                0.750000    0.840209   -0.090209 (VIOLATED)
hold90/A                                0.750000    0.840205   -0.090205 (VIOLATED)
hold124/A                               0.750000    0.840205   -0.090205 (VIOLATED)
hold122/A                               0.750000    0.840204   -0.090204 (VIOLATED)
ANTENNA_hold141_A/DIODE                 0.750000    0.840202   -0.090202 (VIOLATED)
hold5/A                                 0.750000    0.840196   -0.090196 (VIOLATED)
ANTENNA_hold37_A/DIODE                  0.750000    0.840192   -0.090192 (VIOLATED)
hold37/A                                0.750000    0.840191   -0.090191 (VIOLATED)
hold129/A                               0.750000    0.840186   -0.090186 (VIOLATED)
ANTENNA_hold97_A/DIODE                  0.750000    0.840186   -0.090186 (VIOLATED)
hold80/A                                0.750000    0.840184   -0.090184 (VIOLATED)
ANTENNA_hold100_A/DIODE                 0.750000    0.840183   -0.090183 (VIOLATED)
hold131/A                               0.750000    0.840180   -0.090180 (VIOLATED)
hold141/A                               0.750000    0.840178   -0.090178 (VIOLATED)
hold76/A                                0.750000    0.840173   -0.090173 (VIOLATED)
hold150/A                               0.750000    0.840164   -0.090164 (VIOLATED)
ANTENNA_hold131_A/DIODE                 0.750000    0.840160   -0.090160 (VIOLATED)
hold97/A                                0.750000    0.840151   -0.090151 (VIOLATED)
ANTENNA_hold28_A/DIODE                  0.750000    0.840150   -0.090150 (VIOLATED)
hold28/A                                0.750000    0.840148   -0.090148 (VIOLATED)
hold3/A                                 0.750000    0.840147   -0.090147 (VIOLATED)
ANTENNA_hold80_A/DIODE                  0.750000    0.840147   -0.090147 (VIOLATED)
hold61/A                                0.750000    0.840146   -0.090146 (VIOLATED)
hold100/A                               0.750000    0.840146   -0.090146 (VIOLATED)
hold26/A                                0.750000    0.840145   -0.090145 (VIOLATED)
ANTENNA_hold26_A/DIODE                  0.750000    0.840144   -0.090144 (VIOLATED)
ANTENNA_hold61_A/DIODE                  0.750000    0.840138   -0.090138 (VIOLATED)
ANTENNA_hold150_A/DIODE                 0.750000    0.840131   -0.090131 (VIOLATED)
ANTENNA_hold129_A/DIODE                 0.750000    0.840121   -0.090121 (VIOLATED)
ANTENNA_hold3_A/DIODE                   0.750000    0.840114   -0.090114 (VIOLATED)
wbs_dat_i[0]                            0.750000    0.840000   -0.090000 (VIOLATED)
wbs_dat_i[10]                           0.750000    0.840000   -0.090000 (VIOLATED)
wbs_dat_i[11]                           0.750000    0.840000   -0.090000 (VIOLATED)
wbs_dat_i[12]                           0.750000    0.840000   -0.090000 (VIOLATED)
wbs_dat_i[13]                           0.750000    0.840000   -0.090000 (VIOLATED)
wbs_dat_i[14]                           0.750000    0.840000   -0.090000 (VIOLATED)
wbs_dat_i[15]                           0.750000    0.840000   -0.090000 (VIOLATED)
wbs_dat_i[16]                           0.750000    0.840000   -0.090000 (VIOLATED)
wbs_dat_i[17]                           0.750000    0.840000   -0.090000 (VIOLATED)
wbs_dat_i[18]                           0.750000    0.840000   -0.090000 (VIOLATED)
wbs_dat_i[19]                           0.750000    0.840000   -0.090000 (VIOLATED)
wbs_dat_i[1]                            0.750000    0.840000   -0.090000 (VIOLATED)
wbs_dat_i[20]                           0.750000    0.840000   -0.090000 (VIOLATED)
wbs_dat_i[21]                           0.750000    0.840000   -0.090000 (VIOLATED)
wbs_dat_i[22]                           0.750000    0.840000   -0.090000 (VIOLATED)
wbs_dat_i[23]                           0.750000    0.840000   -0.090000 (VIOLATED)
wbs_dat_i[24]                           0.750000    0.840000   -0.090000 (VIOLATED)
wbs_dat_i[25]                           0.750000    0.840000   -0.090000 (VIOLATED)
wbs_dat_i[26]                           0.750000    0.840000   -0.090000 (VIOLATED)
wbs_dat_i[27]                           0.750000    0.840000   -0.090000 (VIOLATED)
wbs_dat_i[28]                           0.750000    0.840000   -0.090000 (VIOLATED)
wbs_dat_i[29]                           0.750000    0.840000   -0.090000 (VIOLATED)
wbs_dat_i[2]                            0.750000    0.840000   -0.090000 (VIOLATED)
wbs_dat_i[30]                           0.750000    0.840000   -0.090000 (VIOLATED)
wbs_dat_i[31]                           0.750000    0.840000   -0.090000 (VIOLATED)
wbs_dat_i[3]                            0.750000    0.840000   -0.090000 (VIOLATED)
wbs_dat_i[4]                            0.750000    0.840000   -0.090000 (VIOLATED)
wbs_dat_i[5]                            0.750000    0.840000   -0.090000 (VIOLATED)
wbs_dat_i[6]                            0.750000    0.840000   -0.090000 (VIOLATED)
wbs_dat_i[7]                            0.750000    0.840000   -0.090000 (VIOLATED)
wbs_dat_i[8]                            0.750000    0.840000   -0.090000 (VIOLATED)
wbs_dat_i[9]                            0.750000    0.840000   -0.090000 (VIOLATED)
_3955_/A0                               0.750000    0.833755   -0.083755 (VIOLATED)
ANTENNA__3955__A0/DIODE                 0.750000    0.833754   -0.083754 (VIOLATED)
_4265_/A1                               0.750000    0.833733   -0.083733 (VIOLATED)
_4294_/A1                               0.750000    0.833731   -0.083731 (VIOLATED)
ANTENNA__4265__A1/DIODE                 0.750000    0.833731   -0.083731 (VIOLATED)
ANTENNA__4294__A1/DIODE                 0.750000    0.833730   -0.083730 (VIOLATED)
_4740_/A0                               0.750000    0.833693   -0.083693 (VIOLATED)
_4163_/A0                               0.750000    0.833687   -0.083687 (VIOLATED)
ANTENNA__4740__A0/DIODE                 0.750000    0.833684   -0.083684 (VIOLATED)
ANTENNA__4163__A0/DIODE                 0.750000    0.833671   -0.083671 (VIOLATED)
_4246_/A0                               0.750000    0.833634   -0.083634 (VIOLATED)
ANTENNA__4246__A0/DIODE                 0.750000    0.833634   -0.083634 (VIOLATED)
_4200_/A0                               0.750000    0.833633   -0.083633 (VIOLATED)
ANTENNA__4200__A0/DIODE                 0.750000    0.833632   -0.083632 (VIOLATED)
ANTENNA_hold36_X/DIODE                  0.750000    0.833632   -0.083632 (VIOLATED)
hold36/X                                0.750000    0.833632   -0.083632 (VIOLATED)
ANTENNA__4201__A0/DIODE                 0.750000    0.773822   -0.023822 (VIOLATED)
_4201_/A0                               0.750000    0.773818   -0.023819 (VIOLATED)
_4247_/A0                               0.750000    0.773810   -0.023810 (VIOLATED)
ANTENNA__4247__A0/DIODE                 0.750000    0.773809   -0.023809 (VIOLATED)
_4741_/A0                               0.750000    0.773798   -0.023799 (VIOLATED)
ANTENNA__4741__A0/DIODE                 0.750000    0.773796   -0.023796 (VIOLATED)
_4164_/A0                               0.750000    0.773763   -0.023763 (VIOLATED)
ANTENNA__4164__A0/DIODE                 0.750000    0.773760   -0.023760 (VIOLATED)
_3956_/A0                               0.750000    0.773715   -0.023715 (VIOLATED)
ANTENNA__3956__A0/DIODE                 0.750000    0.773715   -0.023715 (VIOLATED)
_4266_/A1                               0.750000    0.773675   -0.023675 (VIOLATED)
_4295_/A1                               0.750000    0.773674   -0.023675 (VIOLATED)
ANTENNA__4295__A1/DIODE                 0.750000    0.773674   -0.023674 (VIOLATED)
ANTENNA__4266__A1/DIODE                 0.750000    0.773674   -0.023674 (VIOLATED)
ANTENNA_hold40_X/DIODE                  0.750000    0.773674   -0.023674 (VIOLATED)
hold40/X                                0.750000    0.773674   -0.023674 (VIOLATED)

max fanout

Pin                                   Limit Fanout  Slack
---------------------------------------------------------
clkbuf_leaf_58_wb_clk_i_regs/X           10     43    -33 (VIOLATED)
clkbuf_leaf_45_wb_clk_i_regs/X           10     39    -29 (VIOLATED)
clkbuf_leaf_18_wb_clk_i_regs/X           10     37    -27 (VIOLATED)
clkbuf_leaf_51_wb_clk_i_regs/X           10     37    -27 (VIOLATED)
clkbuf_leaf_7_wb_clk_i_regs/X            10     35    -25 (VIOLATED)
clkbuf_leaf_54_wb_clk_i_regs/X           10     31    -21 (VIOLATED)
clkbuf_leaf_35_wb_clk_i_regs/X           10     29    -19 (VIOLATED)
clkbuf_leaf_48_wb_clk_i_regs/X           10     29    -19 (VIOLATED)
clkbuf_leaf_8_wb_clk_i_regs/X            10     29    -19 (VIOLATED)
clkbuf_3_2_0_wb_clk_i_regs/X             10     27    -17 (VIOLATED)
clkbuf_3_0_0_wb_clk_i_regs/X             10     23    -13 (VIOLATED)
_3354_/Y                                 10     21    -11 (VIOLATED)
_4291_/Y                                 10     21    -11 (VIOLATED)
_4817_/Y                                 10     21    -11 (VIOLATED)
_6285_/Q                                 10     21    -11 (VIOLATED)
_6289_/Q                                 10     21    -11 (VIOLATED)
_6294_/Q                                 10     21    -11 (VIOLATED)
_6871_/Q                                 10     21    -11 (VIOLATED)
clkbuf_3_1_0_wb_clk_i_regs/X             10     21    -11 (VIOLATED)
clkbuf_3_5_0_wb_clk_i_regs/X             10     21    -11 (VIOLATED)
clkbuf_leaf_50_wb_clk_i_regs/X           10     21    -11 (VIOLATED)
clkbuf_leaf_60_wb_clk_i_regs/X           10     21    -11 (VIOLATED)
fanout111/X                              10     21    -11 (VIOLATED)
fanout112/X                              10     21    -11 (VIOLATED)
fanout113/X                              10     21    -11 (VIOLATED)
fanout115/X                              10     21    -11 (VIOLATED)
fanout117/X                              10     21    -11 (VIOLATED)
fanout118/X                              10     21    -11 (VIOLATED)
fanout120/X                              10     21    -11 (VIOLATED)
fanout122/X                              10     21    -11 (VIOLATED)
fanout124/X                              10     21    -11 (VIOLATED)
fanout126/X                              10     21    -11 (VIOLATED)
fanout128/X                              10     21    -11 (VIOLATED)
fanout130/X                              10     21    -11 (VIOLATED)
fanout132/X                              10     21    -11 (VIOLATED)
fanout134/X                              10     21    -11 (VIOLATED)
fanout135/X                              10     21    -11 (VIOLATED)
fanout137/X                              10     21    -11 (VIOLATED)
fanout139/X                              10     21    -11 (VIOLATED)
fanout141/X                              10     21    -11 (VIOLATED)
fanout144/X                              10     21    -11 (VIOLATED)
fanout149/X                              10     21    -11 (VIOLATED)
fanout153/X                              10     21    -11 (VIOLATED)
fanout162/X                              10     21    -11 (VIOLATED)
fanout163/X                              10     21    -11 (VIOLATED)
fanout164/X                              10     21    -11 (VIOLATED)
fanout166/X                              10     21    -11 (VIOLATED)
fanout168/X                              10     21    -11 (VIOLATED)
fanout169/X                              10     21    -11 (VIOLATED)
fanout170/X                              10     21    -11 (VIOLATED)
fanout172/X                              10     21    -11 (VIOLATED)
fanout174/X                              10     21    -11 (VIOLATED)
fanout176/X                              10     21    -11 (VIOLATED)
fanout178/X                              10     21    -11 (VIOLATED)
fanout180/X                              10     21    -11 (VIOLATED)
fanout181/X                              10     21    -11 (VIOLATED)
fanout182/X                              10     21    -11 (VIOLATED)
fanout183/X                              10     21    -11 (VIOLATED)
fanout185/X                              10     21    -11 (VIOLATED)
fanout187/X                              10     21    -11 (VIOLATED)
fanout188/X                              10     21    -11 (VIOLATED)
fanout191/X                              10     21    -11 (VIOLATED)
fanout192/X                              10     21    -11 (VIOLATED)
fanout193/X                              10     21    -11 (VIOLATED)
fanout195/X                              10     21    -11 (VIOLATED)
fanout197/X                              10     21    -11 (VIOLATED)
fanout198/X                              10     21    -11 (VIOLATED)
fanout199/X                              10     21    -11 (VIOLATED)
fanout200/X                              10     21    -11 (VIOLATED)
fanout201/X                              10     21    -11 (VIOLATED)
fanout202/X                              10     21    -11 (VIOLATED)
fanout205/X                              10     21    -11 (VIOLATED)
fanout207/X                              10     21    -11 (VIOLATED)
fanout209/X                              10     21    -11 (VIOLATED)
fanout211/X                              10     21    -11 (VIOLATED)
fanout213/X                              10     21    -11 (VIOLATED)
fanout215/X                              10     21    -11 (VIOLATED)
fanout217/X                              10     21    -11 (VIOLATED)
fanout218/X                              10     21    -11 (VIOLATED)
fanout219/X                              10     21    -11 (VIOLATED)
fanout220/X                              10     21    -11 (VIOLATED)
fanout222/X                              10     21    -11 (VIOLATED)
fanout224/X                              10     21    -11 (VIOLATED)
fanout226/X                              10     21    -11 (VIOLATED)
fanout229/X                              10     21    -11 (VIOLATED)
fanout235/X                              10     21    -11 (VIOLATED)
fanout242/X                              10     21    -11 (VIOLATED)
fanout244/X                              10     21    -11 (VIOLATED)
fanout246/X                              10     21    -11 (VIOLATED)
fanout248/X                              10     21    -11 (VIOLATED)
fanout249/X                              10     21    -11 (VIOLATED)
fanout252/X                              10     21    -11 (VIOLATED)
fanout254/X                              10     21    -11 (VIOLATED)
fanout255/X                              10     21    -11 (VIOLATED)
fanout256/X                              10     21    -11 (VIOLATED)
fanout258/X                              10     21    -11 (VIOLATED)
fanout260/X                              10     21    -11 (VIOLATED)
fanout262/X                              10     21    -11 (VIOLATED)
fanout264/X                              10     21    -11 (VIOLATED)
fanout266/X                              10     21    -11 (VIOLATED)
fanout272/X                              10     21    -11 (VIOLATED)
fanout273/X                              10     21    -11 (VIOLATED)
fanout274/X                              10     21    -11 (VIOLATED)
fanout275/X                              10     21    -11 (VIOLATED)
fanout277/X                              10     21    -11 (VIOLATED)
fanout278/X                              10     21    -11 (VIOLATED)
fanout279/X                              10     21    -11 (VIOLATED)
fanout281/X                              10     21    -11 (VIOLATED)
fanout284/X                              10     21    -11 (VIOLATED)
fanout285/X                              10     21    -11 (VIOLATED)
fanout287/X                              10     21    -11 (VIOLATED)
fanout288/X                              10     21    -11 (VIOLATED)
fanout290/X                              10     21    -11 (VIOLATED)
fanout292/X                              10     21    -11 (VIOLATED)
fanout294/X                              10     21    -11 (VIOLATED)
fanout295/X                              10     21    -11 (VIOLATED)
fanout296/X                              10     21    -11 (VIOLATED)
fanout297/X                              10     21    -11 (VIOLATED)
fanout299/X                              10     21    -11 (VIOLATED)
fanout300/X                              10     21    -11 (VIOLATED)
fanout302/X                              10     21    -11 (VIOLATED)
fanout303/X                              10     21    -11 (VIOLATED)
fanout304/X                              10     21    -11 (VIOLATED)
fanout305/X                              10     21    -11 (VIOLATED)
fanout307/X                              10     21    -11 (VIOLATED)
fanout308/X                              10     21    -11 (VIOLATED)
fanout309/X                              10     21    -11 (VIOLATED)
fanout310/X                              10     21    -11 (VIOLATED)
fanout311/X                              10     21    -11 (VIOLATED)
fanout312/X                              10     21    -11 (VIOLATED)
fanout313/X                              10     21    -11 (VIOLATED)
fanout316/X                              10     21    -11 (VIOLATED)
fanout317/X                              10     21    -11 (VIOLATED)
fanout320/X                              10     21    -11 (VIOLATED)
fanout321/X                              10     21    -11 (VIOLATED)
fanout322/X                              10     21    -11 (VIOLATED)
fanout323/X                              10     21    -11 (VIOLATED)
fanout324/X                              10     21    -11 (VIOLATED)
fanout325/X                              10     21    -11 (VIOLATED)
fanout326/X                              10     21    -11 (VIOLATED)
fanout328/X                              10     21    -11 (VIOLATED)
fanout333/X                              10     21    -11 (VIOLATED)
fanout334/X                              10     21    -11 (VIOLATED)
fanout335/X                              10     21    -11 (VIOLATED)
fanout336/X                              10     21    -11 (VIOLATED)
fanout338/X                              10     21    -11 (VIOLATED)
fanout340/X                              10     21    -11 (VIOLATED)
fanout342/X                              10     21    -11 (VIOLATED)
fanout344/X                              10     21    -11 (VIOLATED)
fanout346/X                              10     21    -11 (VIOLATED)
fanout348/X                              10     21    -11 (VIOLATED)
fanout350/X                              10     21    -11 (VIOLATED)
fanout352/X                              10     21    -11 (VIOLATED)
fanout355/X                              10     21    -11 (VIOLATED)
fanout357/X                              10     21    -11 (VIOLATED)
fanout360/X                              10     21    -11 (VIOLATED)
fanout362/X                              10     21    -11 (VIOLATED)
fanout365/X                              10     21    -11 (VIOLATED)
fanout367/X                              10     21    -11 (VIOLATED)
fanout368/X                              10     21    -11 (VIOLATED)
fanout369/X                              10     21    -11 (VIOLATED)
fanout371/X                              10     21    -11 (VIOLATED)
fanout372/X                              10     21    -11 (VIOLATED)
fanout374/X                              10     21    -11 (VIOLATED)
fanout376/X                              10     21    -11 (VIOLATED)
fanout377/X                              10     21    -11 (VIOLATED)
fanout383/X                              10     21    -11 (VIOLATED)
fanout385/X                              10     21    -11 (VIOLATED)
fanout390/X                              10     21    -11 (VIOLATED)
fanout418/X                              10     21    -11 (VIOLATED)
fanout425/X                              10     21    -11 (VIOLATED)
fanout431/X                              10     21    -11 (VIOLATED)
fanout434/X                              10     21    -11 (VIOLATED)
fanout435/X                              10     21    -11 (VIOLATED)
fanout437/X                              10     21    -11 (VIOLATED)
_3267_/Y                                 10     19     -9 (VIOLATED)
_3355_/Y                                 10     19     -9 (VIOLATED)
_3546_/Y                                 10     19     -9 (VIOLATED)
_4809_/Y                                 10     19     -9 (VIOLATED)
_5340_/Y                                 10     19     -9 (VIOLATED)
_5361_/Y                                 10     19     -9 (VIOLATED)
_5371_/Y                                 10     19     -9 (VIOLATED)
_5382_/Y                                 10     19     -9 (VIOLATED)
_5404_/Y                                 10     19     -9 (VIOLATED)
_5416_/X                                 10     19     -9 (VIOLATED)
_5426_/X                                 10     19     -9 (VIOLATED)
_5436_/X                                 10     19     -9 (VIOLATED)
_5448_/Y                                 10     19     -9 (VIOLATED)
_5459_/Y                                 10     19     -9 (VIOLATED)
_5469_/X                                 10     19     -9 (VIOLATED)
_5479_/X                                 10     19     -9 (VIOLATED)
_5490_/Y                                 10     19     -9 (VIOLATED)
_5500_/Y                                 10     19     -9 (VIOLATED)
_5520_/Y                                 10     19     -9 (VIOLATED)
_5530_/Y                                 10     19     -9 (VIOLATED)
_5540_/X                                 10     19     -9 (VIOLATED)
_5550_/Y                                 10     19     -9 (VIOLATED)
_5570_/Y                                 10     19     -9 (VIOLATED)
_5580_/Y                                 10     19     -9 (VIOLATED)
_5590_/Y                                 10     19     -9 (VIOLATED)
_5600_/X                                 10     19     -9 (VIOLATED)
_5620_/Y                                 10     19     -9 (VIOLATED)
_5630_/Y                                 10     19     -9 (VIOLATED)
_5640_/Y                                 10     19     -9 (VIOLATED)
_5652_/X                                 10     19     -9 (VIOLATED)
_5662_/Y                                 10     19     -9 (VIOLATED)
_6233_/Q                                 10     19     -9 (VIOLATED)
_6234_/Q                                 10     19     -9 (VIOLATED)
_6268_/Q                                 10     19     -9 (VIOLATED)
_6270_/Q                                 10     19     -9 (VIOLATED)
_6271_/Q                                 10     19     -9 (VIOLATED)
_6290_/Q                                 10     19     -9 (VIOLATED)
_6296_/Q                                 10     19     -9 (VIOLATED)
_6325_/Q                                 10     19     -9 (VIOLATED)
clkbuf_3_3_0_wb_clk_i_regs/X             10     19     -9 (VIOLATED)
clkbuf_3_4_0_wb_clk_i_regs/X             10     19     -9 (VIOLATED)
fanout131/X                              10     19     -9 (VIOLATED)
fanout138/X                              10     19     -9 (VIOLATED)
fanout140/X                              10     19     -9 (VIOLATED)
fanout214/X                              10     19     -9 (VIOLATED)
fanout230/X                              10     19     -9 (VIOLATED)
fanout234/X                              10     19     -9 (VIOLATED)
fanout253/X                              10     19     -9 (VIOLATED)
fanout257/X                              10     19     -9 (VIOLATED)
fanout259/X                              10     19     -9 (VIOLATED)
fanout263/X                              10     19     -9 (VIOLATED)
fanout265/X                              10     19     -9 (VIOLATED)
fanout267/X                              10     19     -9 (VIOLATED)
fanout345/X                              10     19     -9 (VIOLATED)
hold10/X                                 10     19     -9 (VIOLATED)
hold110/X                                10     19     -9 (VIOLATED)
clkbuf_leaf_20_wb_clk_i_regs/X           10     18     -8 (VIOLATED)
clkbuf_leaf_2_wb_clk_i_regs/X            10     18     -8 (VIOLATED)
clkbuf_leaf_3_wb_clk_i_regs/X            10     18     -8 (VIOLATED)
clkbuf_leaf_61_wb_clk_i_regs/X           10     18     -8 (VIOLATED)
clkbuf_leaf_68_wb_clk_i_regs/X           10     18     -8 (VIOLATED)
fanout370/X                              10     18     -8 (VIOLATED)
_3472_/X                                 10     17     -7 (VIOLATED)
_3476_/Y                                 10     17     -7 (VIOLATED)
_3861_/X                                 10     17     -7 (VIOLATED)
_3891_/X                                 10     17     -7 (VIOLATED)
_4282_/X                                 10     17     -7 (VIOLATED)
_4355_/X                                 10     17     -7 (VIOLATED)
_4405_/Y                                 10     17     -7 (VIOLATED)
_6237_/Q                                 10     17     -7 (VIOLATED)
_6238_/Q                                 10     17     -7 (VIOLATED)
_6252_/Q                                 10     17     -7 (VIOLATED)
_6253_/Q                                 10     17     -7 (VIOLATED)
_6255_/Q                                 10     17     -7 (VIOLATED)
_6257_/Q                                 10     17     -7 (VIOLATED)
_6286_/Q                                 10     17     -7 (VIOLATED)
_6874_/Q                                 10     17     -7 (VIOLATED)
_6876_/Q                                 10     17     -7 (VIOLATED)
clkbuf_0_wb_clk_i_regs/X                 10     17     -7 (VIOLATED)
clkbuf_3_6_0_wb_clk_i_regs/X             10     17     -7 (VIOLATED)
clkbuf_leaf_14_wb_clk_i_regs/X           10     17     -7 (VIOLATED)
clkbuf_leaf_15_wb_clk_i_regs/X           10     17     -7 (VIOLATED)
fanout127/X                              10     17     -7 (VIOLATED)
fanout129/X                              10     17     -7 (VIOLATED)
fanout133/X                              10     17     -7 (VIOLATED)
fanout136/X                              10     17     -7 (VIOLATED)
fanout142/X                              10     17     -7 (VIOLATED)
fanout150/X                              10     17     -7 (VIOLATED)
fanout161/X                              10     17     -7 (VIOLATED)
fanout167/X                              10     17     -7 (VIOLATED)
fanout177/X                              10     17     -7 (VIOLATED)
fanout206/X                              10     17     -7 (VIOLATED)
fanout261/X                              10     17     -7 (VIOLATED)
fanout381/X                              10     17     -7 (VIOLATED)
fanout386/X                              10     17     -7 (VIOLATED)
hold103/X                                10     17     -7 (VIOLATED)
hold95/X                                 10     17     -7 (VIOLATED)
clkbuf_leaf_11_wb_clk_i_regs/X           10     16     -6 (VIOLATED)
clkbuf_leaf_26_wb_clk_i_regs/X           10     16     -6 (VIOLATED)
clkbuf_leaf_66_wb_clk_i_regs/X           10     16     -6 (VIOLATED)
_3548_/X                                 10     15     -5 (VIOLATED)
_4128_/X                                 10     15     -5 (VIOLATED)
_4144_/X                                 10     15     -5 (VIOLATED)
_4145_/Y                                 10     15     -5 (VIOLATED)
_4808_/Y                                 10     15     -5 (VIOLATED)
_5016_/X                                 10     15     -5 (VIOLATED)
_6235_/Q                                 10     15     -5 (VIOLATED)
_6240_/Q                                 10     15     -5 (VIOLATED)
_6241_/Q                                 10     15     -5 (VIOLATED)
_6247_/Q                                 10     15     -5 (VIOLATED)
clkbuf_leaf_16_wb_clk_i_regs/X           10     15     -5 (VIOLATED)
clkbuf_leaf_62_wb_clk_i_regs/X           10     15     -5 (VIOLATED)
fanout125/X                              10     15     -5 (VIOLATED)
fanout173/X                              10     15     -5 (VIOLATED)
fanout190/X                              10     15     -5 (VIOLATED)
fanout210/X                              10     15     -5 (VIOLATED)
fanout236/X                              10     15     -5 (VIOLATED)
fanout237/X                              10     15     -5 (VIOLATED)
fanout301/X                              10     15     -5 (VIOLATED)
fanout363/X                              10     15     -5 (VIOLATED)
fanout364/X                              10     15     -5 (VIOLATED)
fanout396/X                              10     15     -5 (VIOLATED)
hold36/X                                 10     15     -5 (VIOLATED)
hold40/X                                 10     15     -5 (VIOLATED)
clkbuf_leaf_34_wb_clk_i_regs/X           10     14     -4 (VIOLATED)
clkbuf_leaf_49_wb_clk_i_regs/X           10     14     -4 (VIOLATED)
fanout351/X                              10     14     -4 (VIOLATED)
_3091_/Y                                 10     13     -3 (VIOLATED)
_3107_/Y                                 10     13     -3 (VIOLATED)
_3111_/Y                                 10     13     -3 (VIOLATED)
_3408_/Y                                 10     13     -3 (VIOLATED)
_3425_/X                                 10     13     -3 (VIOLATED)
_3609_/X                                 10     13     -3 (VIOLATED)
_4292_/X                                 10     13     -3 (VIOLATED)
_5121_/X                                 10     13     -3 (VIOLATED)
_6236_/Q                                 10     13     -3 (VIOLATED)
_6239_/Q                                 10     13     -3 (VIOLATED)
_6254_/Q                                 10     13     -3 (VIOLATED)
_6258_/Q                                 10     13     -3 (VIOLATED)
_6262_/Q                                 10     13     -3 (VIOLATED)
_6675_/Q                                 10     13     -3 (VIOLATED)
_6714_/Q                                 10     13     -3 (VIOLATED)
clkbuf_3_7_0_wb_clk_i_regs/X             10     13     -3 (VIOLATED)
clkbuf_leaf_10_wb_clk_i_regs/X           10     13     -3 (VIOLATED)
clkbuf_leaf_19_wb_clk_i_regs/X           10     13     -3 (VIOLATED)
clkbuf_leaf_46_wb_clk_i_regs/X           10     13     -3 (VIOLATED)
clkbuf_leaf_64_wb_clk_i_regs/X           10     13     -3 (VIOLATED)
fanout114/X                              10     13     -3 (VIOLATED)
fanout121/X                              10     13     -3 (VIOLATED)
fanout160/X                              10     13     -3 (VIOLATED)
fanout175/X                              10     13     -3 (VIOLATED)
fanout212/X                              10     13     -3 (VIOLATED)
fanout225/X                              10     13     -3 (VIOLATED)
fanout228/X                              10     13     -3 (VIOLATED)
fanout298/X                              10     13     -3 (VIOLATED)
fanout354/X                              10     13     -3 (VIOLATED)
fanout359/X                              10     13     -3 (VIOLATED)
fanout405/X                              10     13     -3 (VIOLATED)
fanout420/X                              10     13     -3 (VIOLATED)
input72/X                                10     13     -3 (VIOLATED)
clkbuf_leaf_0_wb_clk_i_regs/X            10     12     -2 (VIOLATED)
clkbuf_leaf_23_wb_clk_i_regs/X           10     12     -2 (VIOLATED)
clkbuf_leaf_28_wb_clk_i_regs/X           10     12     -2 (VIOLATED)
clkbuf_leaf_33_wb_clk_i_regs/X           10     12     -2 (VIOLATED)
clkbuf_leaf_59_wb_clk_i_regs/X           10     12     -2 (VIOLATED)
input35/X                                10     12     -2 (VIOLATED)
input73/X                                10     12     -2 (VIOLATED)
_3099_/Y                                 10     11        (VIOLATED)
_3102_/Y                                 10     11        (VIOLATED)
_3115_/Y                                 10     11        (VIOLATED)
_3298_/X                                 10     11        (VIOLATED)
_3299_/Y                                 10     11        (VIOLATED)
_3314_/Y                                 10     11        (VIOLATED)
_4433_/Y                                 10     11        (VIOLATED)
_4814_/X                                 10     11        (VIOLATED)
_6690_/Q                                 10     11        (VIOLATED)
_6873_/Q                                 10     11        (VIOLATED)
_6888_/Q                                 10     11        (VIOLATED)
clkbuf_leaf_13_wb_clk_i_regs/X           10     11        (VIOLATED)
clkbuf_leaf_17_wb_clk_i_regs/X           10     11        (VIOLATED)
clkbuf_leaf_1_wb_clk_i_regs/X            10     11        (VIOLATED)
clkbuf_leaf_25_wb_clk_i_regs/X           10     11        (VIOLATED)
clkbuf_leaf_4_wb_clk_i_regs/X            10     11        (VIOLATED)
clkbuf_leaf_55_wb_clk_i_regs/X           10     11        (VIOLATED)
clkbuf_leaf_56_wb_clk_i_regs/X           10     11        (VIOLATED)
clkbuf_leaf_57_wb_clk_i_regs/X           10     11        (VIOLATED)
clkbuf_leaf_9_wb_clk_i_regs/X            10     11        (VIOLATED)
fanout179/X                              10     11        (VIOLATED)
fanout184/X                              10     11        (VIOLATED)
fanout204/X                              10     11        (VIOLATED)
fanout221/X                              10     11        (VIOLATED)
fanout223/X                              10     11        (VIOLATED)
fanout233/X                              10     11        (VIOLATED)
fanout241/X                              10     11        (VIOLATED)
fanout243/X                              10     11        (VIOLATED)
fanout269/X                              10     11        (VIOLATED)
fanout271/X                              10     11        (VIOLATED)
fanout282/X                              10     11        (VIOLATED)
fanout293/X                              10     11        (VIOLATED)
fanout306/X                              10     11        (VIOLATED)
fanout327/X                              10     11        (VIOLATED)
fanout353/X                              10     11        (VIOLATED)
fanout378/X                              10     11        (VIOLATED)
fanout406/X                              10     11        (VIOLATED)
fanout421/X                              10     11        (VIOLATED)
fanout438/X                              10     11        (VIOLATED)
input13/X                                10     11        (VIOLATED)
max_cap148/X                             10     11        (VIOLATED)



===========================================================================
report_parasitic_annotation -report_unannotated
============================================================================
Found 68 unannotated drivers.
 clkload0/Y
 clkload1/Y
 clkload10/X
 clkload11/Y
 clkload12/Y
 clkload13/Y
 clkload14/Y
 clkload15/Y
 clkload16/Y
 clkload17/Y
 clkload18/X
 clkload19/Y
 clkload2/Y
 clkload20/Y
 clkload21/Y
 clkload22/Y
 clkload23/Y
 clkload24/Y
 clkload25/Y
 clkload26/Y
 clkload27/Y
 clkload28/Y
 clkload29/Y
 clkload3/Y
 clkload30/Y
 clkload31/X
 clkload32/Y
 clkload33/Y
 clkload34/Y
 clkload35/Y
 clkload36/Y
 clkload37/X
 clkload38/Y
 clkload39/Y
 clkload4/Y
 clkload40/Y
 clkload41/Y
 clkload42/Y
 clkload43/Y
 clkload44/Y
 clkload45/Y
 clkload46/Y
 clkload47/Y
 clkload48/Y
 clkload49/Y
 clkload5/Y
 clkload50/Y
 clkload51/Y
 clkload52/Y
 clkload53/Y
 clkload54/Y
 clkload55/Y
 clkload56/Y
 clkload57/Y
 clkload58/Y
 clkload59/Y
 clkload6/Y
 clkload60/Y
 clkload61/X
 clkload62/Y
 clkload63/X
 clkload64/Y
 clkload65/Y
 clkload66/Y
 clkload7/Y
 clkload8/Y
 clkload9/X
 user_project_439/HI
Found 0 partially unannotated drivers.

===========================================================================
max slew violation count 224
max fanout violation count 383
max cap violation count 0
============================================================================

===========================================================================
check_setup -verbose -unconstrained_endpoints -multiple_clock -no_clock -no_input_delay -loops -generated_clocks
===========================================================================
Warning: There is 1 input port missing set_input_delay.
  uart_rx
Warning: There are 4 unconstrained endpoints.
  pwm_out
  uart_tx
  user_irq[2]
  _6837_/D
