[WARNING ORD-0039] .openroad ignored with -python
Top-level design name: user_project
Block boundaries: 0 0 737445 748165
Horizontal Tracks Origin: 340, Count: 1100, Step: 680
Vertical Tracks Origin: 230, Count: 1603, Step: 460
Placement details for the N side
Virtual pin count:  0
Actual pin count:  6
Total pin count:  6
Tracks count:  1603
Tracks per pin:  267
Used tracks count:  1336
Unused track count:  267
Starting track index:  133
Placement details for the S side
Virtual pin count:  0
Actual pin count:  106
Total pin count:  106
Tracks count:  1603
Tracks per pin:  15
Used tracks count:  1576
Unused track count:  27
Starting track index:  13
