
===========================================================================
report_checks -unconstrained
===========================================================================
======================= min_ss_100C_1v60 Corner ===================================

Startpoint: wb_rst_i (input port clocked by clk)
Endpoint: _6209_ (recovery check against rising-edge clock clk)
Path Group: asynchronous
Path Type: max

Fanout         Cap        Slew       Delay        Time   Description
---------------------------------------------------------------------------------------------
                                  0.000000    0.000000   clock clk (rise edge)
                                  5.570000    5.570000   clock network delay (propagated)
                                 12.500000   18.070000 v input external delay
     2    0.004072    0.000000    0.000000   18.070000 v wb_rst_i (in)
                                                         wb_rst_i (net)
                      0.000049    0.000025   18.070024 v input2/A (sky130_fd_sc_hd__buf_4)
     9    0.100949    0.233181    0.373594   18.443619 v input2/X (sky130_fd_sc_hd__buf_4)
                                                         net2 (net)
                      0.236580    0.022512   18.466131 v fanout426/A (sky130_fd_sc_hd__clkbuf_4)
    11    0.058707    0.216596    0.462929   18.929060 v fanout426/X (sky130_fd_sc_hd__clkbuf_4)
                                                         net426 (net)
                      0.216596    0.000227   18.929287 v fanout421/A (sky130_fd_sc_hd__clkbuf_2)
    11    0.041967    0.291630    0.443524   19.372812 v fanout421/X (sky130_fd_sc_hd__clkbuf_2)
                                                         net421 (net)
                      0.291630    0.000954   19.373766 v fanout420/A (sky130_fd_sc_hd__buf_2)
    13    0.048507    0.223319    0.495223   19.868988 v fanout420/X (sky130_fd_sc_hd__buf_2)
                                                         net420 (net)
                      0.223319    0.000414   19.869402 v fanout416/A (sky130_fd_sc_hd__clkbuf_4)
     8    0.050958    0.192159    0.438991   20.308393 v fanout416/X (sky130_fd_sc_hd__clkbuf_4)
                                                         net416 (net)
                      0.192159    0.000341   20.308735 v fanout415/A (sky130_fd_sc_hd__buf_4)
    10    0.057840    0.149122    0.403048   20.711782 v fanout415/X (sky130_fd_sc_hd__buf_4)
                                                         net415 (net)
                      0.149122    0.000609   20.712393 v _5683_/A (sky130_fd_sc_hd__inv_2)
     1    0.003366    0.053605    0.098561   20.810953 ^ _5683_/Y (sky130_fd_sc_hd__inv_2)
                                                         _0059_ (net)
                      0.053605    0.000023   20.810976 ^ _6209_/SET_B (sky130_fd_sc_hd__dfstp_1)
                                             20.810976   data arrival time

                                 25.000000   25.000000   clock clk (rise edge)
                                  4.650000   29.650000   clock source latency
     4    0.085656    0.610000    0.000000   29.650000 ^ wb_clk_i (in)
                                                         wb_clk_i (net)
                      0.623815    0.006908   29.656908 ^ clkbuf_regs_0_clk/A (sky130_fd_sc_hd__clkbuf_16)
     1    0.008400    0.061005    0.436970   30.093876 ^ clkbuf_regs_0_clk/X (sky130_fd_sc_hd__clkbuf_16)
                                                         wb_clk_i_regs (net)
                      0.061005    0.000089   30.093966 ^ clkbuf_0_wb_clk_i_regs/A (sky130_fd_sc_hd__clkbuf_16)
    17    0.139460    0.231640    0.352802   30.446768 ^ clkbuf_0_wb_clk_i_regs/X (sky130_fd_sc_hd__clkbuf_16)
                                                         clknet_0_wb_clk_i_regs (net)
                      0.231978    0.007216   30.453983 ^ clkbuf_3_4_0_wb_clk_i_regs/A (sky130_fd_sc_hd__clkbuf_8)
    19    0.110962    0.304040    0.482782   30.936766 ^ clkbuf_3_4_0_wb_clk_i_regs/X (sky130_fd_sc_hd__clkbuf_8)
                                                         clknet_3_4_0_wb_clk_i_regs (net)
                      0.304043    0.001652   30.938417 ^ clkbuf_leaf_49_wb_clk_i_regs/A (sky130_fd_sc_hd__clkbuf_8)
    14    0.056164    0.170011    0.412335   31.350752 ^ clkbuf_leaf_49_wb_clk_i_regs/X (sky130_fd_sc_hd__clkbuf_8)
                                                         clknet_leaf_49_wb_clk_i_regs (net)
                      0.170011    0.000650   31.351402 ^ _6209_/CLK (sky130_fd_sc_hd__dfstp_1)
                                 -0.250000   31.101402   clock uncertainty
                                  0.000000   31.101402   clock reconvergence pessimism
                                  0.300614   31.402014   library recovery time
                                             31.402014   data required time
---------------------------------------------------------------------------------------------
                                             31.402014   data required time
                                            -20.810976   data arrival time
---------------------------------------------------------------------------------------------
                                             10.591038   slack (MET)


Startpoint: wbs_adr_i[15] (input port clocked by clk)
Endpoint: wbs_dat_o[6] (output port clocked by clk)
Path Group: clk
Path Type: max

Fanout         Cap        Slew       Delay        Time   Description
---------------------------------------------------------------------------------------------
                                  0.000000    0.000000   clock clk (rise edge)
                                  5.570000    5.570000   clock network delay (propagated)
                                  3.890000    9.460000 v input external delay
     2    0.005075    0.920000    0.000000    9.460000 v wbs_adr_i[15] (in)
                                                         wbs_adr_i[15] (net)
                      0.920057    0.000028    9.460029 v hold58/A (sky130_fd_sc_hd__dlygate4sd3_1)
     1    0.002170    0.103430    1.495668   10.955696 v hold58/X (sky130_fd_sc_hd__dlygate4sd3_1)
                                                         net497 (net)
                      0.103430    0.000009   10.955705 v input9/A (sky130_fd_sc_hd__clkbuf_4)
     5    0.082469    0.295104    0.455249   11.410954 v input9/X (sky130_fd_sc_hd__clkbuf_4)
                                                         net9 (net)
                      0.295312    0.006630   11.417584 v hold59/A (sky130_fd_sc_hd__dlygate4sd3_1)
     5    0.019628    0.251982    1.409694   12.827278 v hold59/X (sky130_fd_sc_hd__dlygate4sd3_1)
                                                         net498 (net)
                      0.251982    0.001131   12.828409 v _3129_/D (sky130_fd_sc_hd__or4_1)
     2    0.007393    0.241362    1.102826   13.931235 v _3129_/X (sky130_fd_sc_hd__or4_1)
                                                         _1296_ (net)
                      0.241362    0.000062   13.931297 v hold70/A (sky130_fd_sc_hd__dlygate4sd3_1)
     1    0.001623    0.096489    1.186400   15.117698 v hold70/X (sky130_fd_sc_hd__dlygate4sd3_1)
                                                         net509 (net)
                      0.096489    0.000005   15.117703 v hold60/A (sky130_fd_sc_hd__dlygate4sd3_1)
     1    0.002616    0.104121    1.132639   16.250341 v hold60/X (sky130_fd_sc_hd__dlygate4sd3_1)
                                                         net499 (net)
                      0.104121    0.000032   16.250374 v _3132_/A (sky130_fd_sc_hd__or2_1)
     4    0.021064    0.246469    0.676835   16.927208 v _3132_/X (sky130_fd_sc_hd__or2_1)
                                                         _1299_ (net)
                      0.246469    0.000174   16.927383 v _4147_/A (sky130_fd_sc_hd__or2_2)
     5    0.018833    0.190975    0.856531   17.783913 v _4147_/X (sky130_fd_sc_hd__or2_2)
                                                         _2114_ (net)
                      0.190975    0.000561   17.784475 v _4263_/B (sky130_fd_sc_hd__or2_2)
     5    0.023866    0.208776    0.814284   18.598759 v _4263_/X (sky130_fd_sc_hd__or2_2)
                                                         _2127_ (net)
                      0.208776    0.000238   18.598997 v hold22/A (sky130_fd_sc_hd__dlygate4sd3_1)
     1    0.004791    0.128609    1.221990   19.820986 v hold22/X (sky130_fd_sc_hd__dlygate4sd3_1)
                                                         net461 (net)
                      0.128609    0.000089   19.821075 v fanout180/A (sky130_fd_sc_hd__buf_2)
    21    0.049403    0.226656    0.419906   20.240980 v fanout180/X (sky130_fd_sc_hd__buf_2)
                                                         net180 (net)
                      0.226672    0.002082   20.243063 v _5039_/B (sky130_fd_sc_hd__nor2_1)
     1    0.003400    0.151832    0.215948   20.459011 ^ _5039_/Y (sky130_fd_sc_hd__nor2_1)
                                                         _2765_ (net)
                      0.151832    0.000053   20.459064 ^ _5040_/A2_N (sky130_fd_sc_hd__a2bb2o_1)
     1    0.003221    0.102860    0.625461   21.084524 v _5040_/X (sky130_fd_sc_hd__a2bb2o_1)
                                                         _2766_ (net)
                      0.102860    0.000034   21.084558 v _5042_/A2 (sky130_fd_sc_hd__a32o_1)
     1    0.009991    0.130819    0.513884   21.598442 v _5042_/X (sky130_fd_sc_hd__a32o_1)
                                                         _2768_ (net)
                      0.130819    0.000417   21.598860 v _5043_/C1 (sky130_fd_sc_hd__a221o_1)
     1    0.002706    0.093833    0.507201   22.106062 v _5043_/X (sky130_fd_sc_hd__a221o_1)
                                                         _2769_ (net)
                      0.093833    0.000023   22.106085 v _5045_/B1 (sky130_fd_sc_hd__a22o_1)
     1    0.002933    0.071960    0.335392   22.441477 v _5045_/X (sky130_fd_sc_hd__a22o_1)
                                                         _2771_ (net)
                      0.071960    0.000028   22.441505 v _5046_/C1 (sky130_fd_sc_hd__o211a_1)
     1    0.014642    0.169623    0.295721   22.737226 v _5046_/X (sky130_fd_sc_hd__o211a_1)
                                                         _2772_ (net)
                      0.169623    0.000634   22.737860 v _5064_/B1 (sky130_fd_sc_hd__a31o_1)
     3    0.023925    0.231576    0.531021   23.268881 v _5064_/X (sky130_fd_sc_hd__a31o_1)
                                                         _2790_ (net)
                      0.231576    0.000616   23.269497 v _5065_/C1 (sky130_fd_sc_hd__a211o_2)
     3    0.041531    0.248029    0.764546   24.034042 v _5065_/X (sky130_fd_sc_hd__a211o_2)
                                                         net107 (net)
                      0.248116    0.004382   24.038425 v output107/A (sky130_fd_sc_hd__buf_12)
     1    0.191864    0.174910    0.428519   24.466946 v output107/X (sky130_fd_sc_hd__buf_12)
                                                         wbs_dat_o[6] (net)
                      0.174967    0.002968   24.469913 v wbs_dat_o[6] (out)
                                             24.469913   data arrival time

                                 25.000000   25.000000   clock clk (rise edge)
                                  4.650000   29.650000   clock network delay (propagated)
                                 -0.250000   29.400000   clock uncertainty
                                  0.000000   29.400000   clock reconvergence pessimism
                                 -3.620000   25.779999   output external delay
                                             25.779999   data required time
---------------------------------------------------------------------------------------------
                                             25.779999   data required time
                                            -24.469913   data arrival time
---------------------------------------------------------------------------------------------
                                              1.310086   slack (MET)




===========================================================================
report_checks --slack_max -0.01
============================================================================
======================= min_ss_100C_1v60 Corner ===================================

No paths found.


===========================================================================
 report_check_types -max_slew -max_cap -max_fanout -violators
============================================================================
======================= min_ss_100C_1v60 Corner ===================================

max slew

Pin                                        Limit        Slew       Slack
------------------------------------------------------------------------
ANTENNA__3955__A0/DIODE                 0.750000    1.120528   -0.370529 (VIOLATED)
ANTENNA__4163__A0/DIODE                 0.750000    1.120528   -0.370529 (VIOLATED)
ANTENNA__4200__A0/DIODE                 0.750000    1.120528   -0.370529 (VIOLATED)
ANTENNA__4246__A0/DIODE                 0.750000    1.120528   -0.370529 (VIOLATED)
ANTENNA__4265__A1/DIODE                 0.750000    1.120528   -0.370529 (VIOLATED)
ANTENNA__4294__A1/DIODE                 0.750000    1.120528   -0.370529 (VIOLATED)
ANTENNA__4740__A0/DIODE                 0.750000    1.120528   -0.370529 (VIOLATED)
ANTENNA_hold36_X/DIODE                  0.750000    1.120528   -0.370529 (VIOLATED)
_3955_/A0                               0.750000    1.120528   -0.370529 (VIOLATED)
_4163_/A0                               0.750000    1.120528   -0.370529 (VIOLATED)
_4200_/A0                               0.750000    1.120528   -0.370529 (VIOLATED)
_4246_/A0                               0.750000    1.120528   -0.370529 (VIOLATED)
_4265_/A1                               0.750000    1.120528   -0.370529 (VIOLATED)
_4294_/A1                               0.750000    1.120528   -0.370529 (VIOLATED)
_4740_/A0                               0.750000    1.120528   -0.370529 (VIOLATED)
hold36/X                                0.750000    1.120528   -0.370529 (VIOLATED)
ANTENNA__4201__A0/DIODE                 0.750000    1.020652   -0.270652 (VIOLATED)
_4201_/A0                               0.750000    1.020652   -0.270652 (VIOLATED)
ANTENNA__4247__A0/DIODE                 0.750000    1.020651   -0.270652 (VIOLATED)
_4247_/A0                               0.750000    1.020651   -0.270652 (VIOLATED)
_4741_/A0                               0.750000    1.020651   -0.270651 (VIOLATED)
ANTENNA__3956__A0/DIODE                 0.750000    1.020651   -0.270651 (VIOLATED)
ANTENNA__4164__A0/DIODE                 0.750000    1.020651   -0.270651 (VIOLATED)
ANTENNA__4266__A1/DIODE                 0.750000    1.020651   -0.270651 (VIOLATED)
ANTENNA__4295__A1/DIODE                 0.750000    1.020651   -0.270651 (VIOLATED)
ANTENNA__4741__A0/DIODE                 0.750000    1.020651   -0.270651 (VIOLATED)
ANTENNA_hold40_X/DIODE                  0.750000    1.020651   -0.270651 (VIOLATED)
_3956_/A0                               0.750000    1.020651   -0.270651 (VIOLATED)
_4164_/A0                               0.750000    1.020651   -0.270651 (VIOLATED)
_4266_/A1                               0.750000    1.020651   -0.270651 (VIOLATED)
_4295_/A1                               0.750000    1.020651   -0.270651 (VIOLATED)
hold40/X                                0.750000    1.020651   -0.270651 (VIOLATED)
ANTENNA__5150__C1/DIODE                 0.750000    0.986768   -0.236768 (VIOLATED)
_5150_/C1                               0.750000    0.986768   -0.236768 (VIOLATED)
ANTENNA__5001__A2/DIODE                 0.750000    0.986764   -0.236764 (VIOLATED)
ANTENNA__4962__A2/DIODE                 0.750000    0.986763   -0.236763 (VIOLATED)
_4962_/A2                               0.750000    0.986763   -0.236763 (VIOLATED)
_5001_/A2                               0.750000    0.986763   -0.236763 (VIOLATED)
ANTENNA__5009__A2/DIODE                 0.750000    0.986762   -0.236762 (VIOLATED)
_5009_/A2                               0.750000    0.986762   -0.236762 (VIOLATED)
ANTENNA__3314__Y/DIODE                  0.750000    0.986756   -0.236756 (VIOLATED)
ANTENNA_fanout197_A/DIODE               0.750000    0.986756   -0.236756 (VIOLATED)
_3314_/Y                                0.750000    0.986756   -0.236756 (VIOLATED)
fanout197/A                             0.750000    0.986756   -0.236756 (VIOLATED)
ANTENNA__5212__B1/DIODE                 0.750000    0.925161   -0.175161 (VIOLATED)
_5212_/B1                               0.750000    0.925161   -0.175161 (VIOLATED)
ANTENNA__4963__Y/DIODE                  0.750000    0.925160   -0.175160 (VIOLATED)
ANTENNA__4971__C1/DIODE                 0.750000    0.925160   -0.175160 (VIOLATED)
ANTENNA_fanout169_A/DIODE               0.750000    0.925160   -0.175160 (VIOLATED)
_4963_/Y                                0.750000    0.925160   -0.175160 (VIOLATED)
_4971_/C1                               0.750000    0.925160   -0.175160 (VIOLATED)
fanout169/A                             0.750000    0.925160   -0.175160 (VIOLATED)
ANTENNA_input13_A/DIODE                 0.750000    0.920115   -0.170115 (VIOLATED)
ANTENNA_hold30_A/DIODE                  0.750000    0.920105   -0.170105 (VIOLATED)
input13/A                               0.750000    0.920087   -0.170087 (VIOLATED)
ANTENNA_hold159_A/DIODE                 0.750000    0.920079   -0.170079 (VIOLATED)
ANTENNA_hold15_A/DIODE                  0.750000    0.920079   -0.170079 (VIOLATED)
ANTENNA_hold147_A/DIODE                 0.750000    0.920077   -0.170077 (VIOLATED)
ANTENNA_hold68_A/DIODE                  0.750000    0.920077   -0.170077 (VIOLATED)
ANTENNA_hold58_A/DIODE                  0.750000    0.920075   -0.170075 (VIOLATED)
hold68/A                                0.750000    0.920074   -0.170074 (VIOLATED)
ANTENNA_hold136_A/DIODE                 0.750000    0.920071   -0.170071 (VIOLATED)
ANTENNA_hold74_A/DIODE                  0.750000    0.920069   -0.170069 (VIOLATED)
hold30/A                                0.750000    0.920068   -0.170068 (VIOLATED)
input17/A                               0.750000    0.920068   -0.170068 (VIOLATED)
ANTENNA_hold52_A/DIODE                  0.750000    0.920066   -0.170066 (VIOLATED)
ANTENNA_input17_A/DIODE                 0.750000    0.920062   -0.170062 (VIOLATED)
hold136/A                               0.750000    0.920061   -0.170061 (VIOLATED)
hold147/A                               0.750000    0.920062   -0.170062 (VIOLATED)
hold43/A                                0.750000    0.920061   -0.170061 (VIOLATED)
hold15/A                                0.750000    0.920060   -0.170060 (VIOLATED)
hold58/A                                0.750000    0.920059   -0.170059 (VIOLATED)
hold52/A                                0.750000    0.920058   -0.170058 (VIOLATED)
hold74/A                                0.750000    0.920058   -0.170058 (VIOLATED)
input16/A                               0.750000    0.920058   -0.170058 (VIOLATED)
ANTENNA_input27_A/DIODE                 0.750000    0.920058   -0.170058 (VIOLATED)
input23/A                               0.750000    0.920057   -0.170057 (VIOLATED)
input26/A                               0.750000    0.920055   -0.170055 (VIOLATED)
input24/A                               0.750000    0.920055   -0.170055 (VIOLATED)
ANTENNA_input15_A/DIODE                 0.750000    0.920054   -0.170054 (VIOLATED)
ANTENNA_input26_A/DIODE                 0.750000    0.920054   -0.170054 (VIOLATED)
hold159/A                               0.750000    0.920054   -0.170054 (VIOLATED)
ANTENNA_hold119_A/DIODE                 0.750000    0.920053   -0.170053 (VIOLATED)
hold72/A                                0.750000    0.920053   -0.170053 (VIOLATED)
ANTENNA_input24_A/DIODE                 0.750000    0.920052   -0.170052 (VIOLATED)
hold162/A                               0.750000    0.920052   -0.170052 (VIOLATED)
ANTENNA_input23_A/DIODE                 0.750000    0.920052   -0.170052 (VIOLATED)
input18/A                               0.750000    0.920052   -0.170052 (VIOLATED)
input15/A                               0.750000    0.920051   -0.170051 (VIOLATED)
input27/A                               0.750000    0.920051   -0.170051 (VIOLATED)
hold343/A                               0.750000    0.920051   -0.170051 (VIOLATED)
input20/A                               0.750000    0.920051   -0.170051 (VIOLATED)
ANTENNA_input16_A/DIODE                 0.750000    0.920049   -0.170050 (VIOLATED)
input19/A                               0.750000    0.920049   -0.170050 (VIOLATED)
input22/A                               0.750000    0.920050   -0.170050 (VIOLATED)
ANTENNA_hold152_A/DIODE                 0.750000    0.920049   -0.170049 (VIOLATED)
input21/A                               0.750000    0.920049   -0.170049 (VIOLATED)
ANTENNA_hold343_A/DIODE                 0.750000    0.920048   -0.170048 (VIOLATED)
ANTENNA_hold43_A/DIODE                  0.750000    0.920047   -0.170047 (VIOLATED)
hold119/A                               0.750000    0.920047   -0.170047 (VIOLATED)
ANTENNA_hold162_A/DIODE                 0.750000    0.920046   -0.170046 (VIOLATED)
ANTENNA_input20_A/DIODE                 0.750000    0.920046   -0.170046 (VIOLATED)
ANTENNA_hold72_A/DIODE                  0.750000    0.920045   -0.170045 (VIOLATED)
ANTENNA_input18_A/DIODE                 0.750000    0.920044   -0.170044 (VIOLATED)
ANTENNA_input19_A/DIODE                 0.750000    0.920043   -0.170043 (VIOLATED)
ANTENNA_input22_A/DIODE                 0.750000    0.920043   -0.170043 (VIOLATED)
ANTENNA_input21_A/DIODE                 0.750000    0.920043   -0.170043 (VIOLATED)
ANTENNA_hold133_A/DIODE                 0.750000    0.920042   -0.170042 (VIOLATED)
hold152/A                               0.750000    0.920041   -0.170041 (VIOLATED)
ANTENNA_hold167_A/DIODE                 0.750000    0.920040   -0.170040 (VIOLATED)
hold167/A                               0.750000    0.920040   -0.170040 (VIOLATED)
hold19/A                                0.750000    0.920040   -0.170040 (VIOLATED)
hold63/A                                0.750000    0.920040   -0.170040 (VIOLATED)
hold133/A                               0.750000    0.920040   -0.170040 (VIOLATED)
ANTENNA_hold19_A/DIODE                  0.750000    0.920037   -0.170037 (VIOLATED)
ANTENNA_hold63_A/DIODE                  0.750000    0.920036   -0.170036 (VIOLATED)
wbs_adr_i[0]                            0.750000    0.920000   -0.170000 (VIOLATED)
wbs_adr_i[10]                           0.750000    0.920000   -0.170000 (VIOLATED)
wbs_adr_i[11]                           0.750000    0.920000   -0.170000 (VIOLATED)
wbs_adr_i[12]                           0.750000    0.920000   -0.170000 (VIOLATED)
wbs_adr_i[13]                           0.750000    0.920000   -0.170000 (VIOLATED)
wbs_adr_i[14]                           0.750000    0.920000   -0.170000 (VIOLATED)
wbs_adr_i[15]                           0.750000    0.920000   -0.170000 (VIOLATED)
wbs_adr_i[16]                           0.750000    0.920000   -0.170000 (VIOLATED)
wbs_adr_i[17]                           0.750000    0.920000   -0.170000 (VIOLATED)
wbs_adr_i[18]                           0.750000    0.920000   -0.170000 (VIOLATED)
wbs_adr_i[19]                           0.750000    0.920000   -0.170000 (VIOLATED)
wbs_adr_i[1]                            0.750000    0.920000   -0.170000 (VIOLATED)
wbs_adr_i[20]                           0.750000    0.920000   -0.170000 (VIOLATED)
wbs_adr_i[21]                           0.750000    0.920000   -0.170000 (VIOLATED)
wbs_adr_i[22]                           0.750000    0.920000   -0.170000 (VIOLATED)
wbs_adr_i[23]                           0.750000    0.920000   -0.170000 (VIOLATED)
wbs_adr_i[24]                           0.750000    0.920000   -0.170000 (VIOLATED)
wbs_adr_i[25]                           0.750000    0.920000   -0.170000 (VIOLATED)
wbs_adr_i[26]                           0.750000    0.920000   -0.170000 (VIOLATED)
wbs_adr_i[27]                           0.750000    0.920000   -0.170000 (VIOLATED)
wbs_adr_i[28]                           0.750000    0.920000   -0.170000 (VIOLATED)
wbs_adr_i[29]                           0.750000    0.920000   -0.170000 (VIOLATED)
wbs_adr_i[2]                            0.750000    0.920000   -0.170000 (VIOLATED)
wbs_adr_i[30]                           0.750000    0.920000   -0.170000 (VIOLATED)
wbs_adr_i[31]                           0.750000    0.920000   -0.170000 (VIOLATED)
wbs_adr_i[3]                            0.750000    0.920000   -0.170000 (VIOLATED)
wbs_adr_i[4]                            0.750000    0.920000   -0.170000 (VIOLATED)
wbs_adr_i[5]                            0.750000    0.920000   -0.170000 (VIOLATED)
wbs_adr_i[6]                            0.750000    0.920000   -0.170000 (VIOLATED)
wbs_adr_i[7]                            0.750000    0.920000   -0.170000 (VIOLATED)
wbs_adr_i[8]                            0.750000    0.920000   -0.170000 (VIOLATED)
wbs_adr_i[9]                            0.750000    0.920000   -0.170000 (VIOLATED)
_3984_/C1                               0.750000    0.917372   -0.167372 (VIOLATED)
_3986_/A                                0.750000    0.917372   -0.167372 (VIOLATED)
ANTENNA__3986__A/DIODE                  0.750000    0.917371   -0.167371 (VIOLATED)
ANTENNA__3984__C1/DIODE                 0.750000    0.917370   -0.167370 (VIOLATED)
_3972_/A1                               0.750000    0.917368   -0.167368 (VIOLATED)
ANTENNA__3972__A1/DIODE                 0.750000    0.917368   -0.167368 (VIOLATED)
ANTENNA__4027__A2/DIODE                 0.750000    0.917363   -0.167363 (VIOLATED)
_4027_/A2                               0.750000    0.917363   -0.167363 (VIOLATED)
ANTENNA__4023__A2/DIODE                 0.750000    0.917361   -0.167361 (VIOLATED)
_4023_/A2                               0.750000    0.917361   -0.167361 (VIOLATED)
ANTENNA__4025__A2/DIODE                 0.750000    0.917359   -0.167359 (VIOLATED)
_4025_/A2                               0.750000    0.917358   -0.167358 (VIOLATED)
ANTENNA__4038__A/DIODE                  0.750000    0.917355   -0.167355 (VIOLATED)
_4038_/A                                0.750000    0.917355   -0.167355 (VIOLATED)
ANTENNA__3547__B/DIODE                  0.750000    0.917354   -0.167354 (VIOLATED)
_3547_/B                                0.750000    0.917353   -0.167353 (VIOLATED)
ANTENNA__4794__B1_N/DIODE               0.750000    0.917345   -0.167345 (VIOLATED)
_4794_/B1_N                             0.750000    0.917345   -0.167345 (VIOLATED)
ANTENNA__3546__Y/DIODE                  0.750000    0.917345   -0.167345 (VIOLATED)
_3546_/Y                                0.750000    0.917343   -0.167344 (VIOLATED)
ANTENNA__4976__C1/DIODE                 0.750000    0.913587   -0.163587 (VIOLATED)
_4976_/C1                               0.750000    0.913587   -0.163587 (VIOLATED)
ANTENNA__3351__Y/DIODE                  0.750000    0.913586   -0.163586 (VIOLATED)
ANTENNA__5108__C1/DIODE                 0.750000    0.913586   -0.163586 (VIOLATED)
ANTENNA__5121__A_N/DIODE                0.750000    0.913586   -0.163586 (VIOLATED)
_3351_/Y                                0.750000    0.913586   -0.163586 (VIOLATED)
_5108_/C1                               0.750000    0.913586   -0.163586 (VIOLATED)
_5121_/A_N                              0.750000    0.913586   -0.163586 (VIOLATED)
ANTENNA__4482__A2/DIODE                 0.750000    0.901909   -0.151909 (VIOLATED)
_4482_/A2                               0.750000    0.901909   -0.151909 (VIOLATED)
_4453_/B2                               0.750000    0.901908   -0.151908 (VIOLATED)
ANTENNA__4453__B2/DIODE                 0.750000    0.901908   -0.151908 (VIOLATED)
ANTENNA_fanout134_A/DIODE               0.750000    0.901907   -0.151907 (VIOLATED)
fanout134/A                             0.750000    0.901907   -0.151907 (VIOLATED)
ANTENNA__4569__A1/DIODE                 0.750000    0.901906   -0.151906 (VIOLATED)
_4569_/A1                               0.750000    0.901906   -0.151906 (VIOLATED)
ANTENNA__4436__A2/DIODE                 0.750000    0.901904   -0.151904 (VIOLATED)
_4436_/A2                               0.750000    0.901904   -0.151904 (VIOLATED)
ANTENNA__4433__Y/DIODE                  0.750000    0.901901   -0.151901 (VIOLATED)
_4433_/Y                                0.750000    0.901901   -0.151901 (VIOLATED)
ANTENNA_fanout216_A/DIODE               0.750000    0.899343   -0.149343 (VIOLATED)
fanout215/A                             0.750000    0.899342   -0.149342 (VIOLATED)
fanout216/A                             0.750000    0.899343   -0.149343 (VIOLATED)
ANTENNA_fanout215_A/DIODE               0.750000    0.899342   -0.149342 (VIOLATED)
ANTENNA__4400__Y/DIODE                  0.750000    0.899339   -0.149339 (VIOLATED)
ANTENNA_fanout214_A/DIODE               0.750000    0.899339   -0.149339 (VIOLATED)
_4400_/Y                                0.750000    0.899339   -0.149339 (VIOLATED)
fanout214/A                             0.750000    0.899339   -0.149339 (VIOLATED)
ANTENNA_fanout272_A/DIODE               0.750000    0.895188   -0.145188 (VIOLATED)
fanout272/A                             0.750000    0.895188   -0.145188 (VIOLATED)
ANTENNA__3125__Y/DIODE                  0.750000    0.895186   -0.145186 (VIOLATED)
ANTENNA__4996__B2/DIODE                 0.750000    0.895186   -0.145186 (VIOLATED)
ANTENNA__5181__A2/DIODE                 0.750000    0.895186   -0.145186 (VIOLATED)
ANTENNA__5197__A2/DIODE                 0.750000    0.895186   -0.145186 (VIOLATED)
_3125_/Y                                0.750000    0.895186   -0.145186 (VIOLATED)
_4996_/B2                               0.750000    0.895186   -0.145186 (VIOLATED)
_5181_/A2                               0.750000    0.895186   -0.145186 (VIOLATED)
_5197_/A2                               0.750000    0.895186   -0.145186 (VIOLATED)
_6890_/A                                0.750000    0.849414   -0.099414 (VIOLATED)
ANTENNA__6890__A/DIODE                  0.750000    0.849414   -0.099414 (VIOLATED)
ANTENNA_hold558_X/DIODE                 0.750000    0.849221   -0.099222 (VIOLATED)
hold558/X                               0.750000    0.849221   -0.099222 (VIOLATED)
ANTENNA_hold87_A/DIODE                  0.750000    0.840313   -0.090313 (VIOLATED)
hold87/A                                0.750000    0.840236   -0.090236 (VIOLATED)
ANTENNA_hold78_A/DIODE                  0.750000    0.840210   -0.090210 (VIOLATED)
hold78/A                                0.750000    0.840162   -0.090162 (VIOLATED)
ANTENNA_hold84_A/DIODE                  0.750000    0.840161   -0.090161 (VIOLATED)
ANTENNA_hold82_A/DIODE                  0.750000    0.840139   -0.090139 (VIOLATED)
ANTENNA_hold7_A/DIODE                   0.750000    0.840134   -0.090134 (VIOLATED)
ANTENNA_hold1_A/DIODE                   0.750000    0.840126   -0.090126 (VIOLATED)
hold84/A                                0.750000    0.840126   -0.090126 (VIOLATED)
ANTENNA_hold105_A/DIODE                 0.750000    0.840119   -0.090119 (VIOLATED)
ANTENNA_hold76_A/DIODE                  0.750000    0.840117   -0.090117 (VIOLATED)
ANTENNA_hold112_A/DIODE                 0.750000    0.840115   -0.090115 (VIOLATED)
ANTENNA_hold186_A/DIODE                 0.750000    0.840113   -0.090113 (VIOLATED)
ANTENNA_hold12_A/DIODE                  0.750000    0.840112   -0.090112 (VIOLATED)
ANTENNA_hold144_A/DIODE                 0.750000    0.840111   -0.090111 (VIOLATED)
hold112/A                               0.750000    0.840102   -0.090102 (VIOLATED)
hold144/A                               0.750000    0.840099   -0.090099 (VIOLATED)
hold7/A                                 0.750000    0.840098   -0.090098 (VIOLATED)
hold186/A                               0.750000    0.840095   -0.090095 (VIOLATED)
ANTENNA_hold126_A/DIODE                 0.750000    0.840094   -0.090094 (VIOLATED)
hold105/A                               0.750000    0.840093   -0.090093 (VIOLATED)
hold1/A                                 0.750000    0.840090   -0.090090 (VIOLATED)
ANTENNA_hold35_A/DIODE                  0.750000    0.840089   -0.090090 (VIOLATED)
ANTENNA_hold122_A/DIODE                 0.750000    0.840082   -0.090082 (VIOLATED)
hold82/A                                0.750000    0.840079   -0.090079 (VIOLATED)
hold35/A                                0.750000    0.840076   -0.090076 (VIOLATED)
ANTENNA_hold39_A/DIODE                  0.750000    0.840075   -0.090075 (VIOLATED)
hold126/A                               0.750000    0.840074   -0.090074 (VIOLATED)
hold12/A                                0.750000    0.840074   -0.090074 (VIOLATED)
ANTENNA_hold124_A/DIODE                 0.750000    0.840073   -0.090074 (VIOLATED)
ANTENNA_hold24_A/DIODE                  0.750000    0.840071   -0.090071 (VIOLATED)
ANTENNA_hold90_A/DIODE                  0.750000    0.840068   -0.090068 (VIOLATED)
hold122/A                               0.750000    0.840066   -0.090066 (VIOLATED)
ANTENNA_hold97_A/DIODE                  0.750000    0.840065   -0.090065 (VIOLATED)
hold76/A                                0.750000    0.840062   -0.090062 (VIOLATED)
ANTENNA_hold100_A/DIODE                 0.750000    0.840062   -0.090062 (VIOLATED)
ANTENNA_hold5_A/DIODE                   0.750000    0.840062   -0.090062 (VIOLATED)
hold39/A                                0.750000    0.840062   -0.090062 (VIOLATED)
hold24/A                                0.750000    0.840061   -0.090061 (VIOLATED)
ANTENNA_hold131_A/DIODE                 0.750000    0.840058   -0.090058 (VIOLATED)
ANTENNA_hold37_A/DIODE                  0.750000    0.840057   -0.090057 (VIOLATED)
hold129/A                               0.750000    0.840056   -0.090056 (VIOLATED)
hold131/A                               0.750000    0.840055   -0.090055 (VIOLATED)
hold90/A                                0.750000    0.840055   -0.090055 (VIOLATED)
ANTENNA_hold141_A/DIODE                 0.750000    0.840055   -0.090055 (VIOLATED)
ANTENNA_hold28_A/DIODE                  0.750000    0.840054   -0.090054 (VIOLATED)
hold124/A                               0.750000    0.840053   -0.090053 (VIOLATED)
hold5/A                                 0.750000    0.840052   -0.090052 (VIOLATED)
hold37/A                                0.750000    0.840051   -0.090051 (VIOLATED)
ANTENNA_hold26_A/DIODE                  0.750000    0.840050   -0.090050 (VIOLATED)
ANTENNA_hold61_A/DIODE                  0.750000    0.840050   -0.090050 (VIOLATED)
ANTENNA_hold129_A/DIODE                 0.750000    0.840048   -0.090048 (VIOLATED)
hold80/A                                0.750000    0.840048   -0.090048 (VIOLATED)
hold97/A                                0.750000    0.840047   -0.090047 (VIOLATED)
hold141/A                               0.750000    0.840047   -0.090047 (VIOLATED)
hold100/A                               0.750000    0.840045   -0.090045 (VIOLATED)
hold28/A                                0.750000    0.840044   -0.090044 (VIOLATED)
hold26/A                                0.750000    0.840043   -0.090043 (VIOLATED)
hold61/A                                0.750000    0.840043   -0.090043 (VIOLATED)
ANTENNA_hold80_A/DIODE                  0.750000    0.840043   -0.090043 (VIOLATED)
hold3/A                                 0.750000    0.840042   -0.090042 (VIOLATED)
ANTENNA_hold3_A/DIODE                   0.750000    0.840042   -0.090042 (VIOLATED)
hold150/A                               0.750000    0.840040   -0.090040 (VIOLATED)
ANTENNA_hold150_A/DIODE                 0.750000    0.840036   -0.090036 (VIOLATED)
wbs_dat_i[0]                            0.750000    0.840000   -0.090000 (VIOLATED)
wbs_dat_i[10]                           0.750000    0.840000   -0.090000 (VIOLATED)
wbs_dat_i[11]                           0.750000    0.840000   -0.090000 (VIOLATED)
wbs_dat_i[12]                           0.750000    0.840000   -0.090000 (VIOLATED)
wbs_dat_i[13]                           0.750000    0.840000   -0.090000 (VIOLATED)
wbs_dat_i[14]                           0.750000    0.840000   -0.090000 (VIOLATED)
wbs_dat_i[15]                           0.750000    0.840000   -0.090000 (VIOLATED)
wbs_dat_i[16]                           0.750000    0.840000   -0.090000 (VIOLATED)
wbs_dat_i[17]                           0.750000    0.840000   -0.090000 (VIOLATED)
wbs_dat_i[18]                           0.750000    0.840000   -0.090000 (VIOLATED)
wbs_dat_i[19]                           0.750000    0.840000   -0.090000 (VIOLATED)
wbs_dat_i[1]                            0.750000    0.840000   -0.090000 (VIOLATED)
wbs_dat_i[20]                           0.750000    0.840000   -0.090000 (VIOLATED)
wbs_dat_i[21]                           0.750000    0.840000   -0.090000 (VIOLATED)
wbs_dat_i[22]                           0.750000    0.840000   -0.090000 (VIOLATED)
wbs_dat_i[23]                           0.750000    0.840000   -0.090000 (VIOLATED)
wbs_dat_i[24]                           0.750000    0.840000   -0.090000 (VIOLATED)
wbs_dat_i[25]                           0.750000    0.840000   -0.090000 (VIOLATED)
wbs_dat_i[26]                           0.750000    0.840000   -0.090000 (VIOLATED)
wbs_dat_i[27]                           0.750000    0.840000   -0.090000 (VIOLATED)
wbs_dat_i[28]                           0.750000    0.840000   -0.090000 (VIOLATED)
wbs_dat_i[29]                           0.750000    0.840000   -0.090000 (VIOLATED)
wbs_dat_i[2]                            0.750000    0.840000   -0.090000 (VIOLATED)
wbs_dat_i[30]                           0.750000    0.840000   -0.090000 (VIOLATED)
wbs_dat_i[31]                           0.750000    0.840000   -0.090000 (VIOLATED)
wbs_dat_i[3]                            0.750000    0.840000   -0.090000 (VIOLATED)
wbs_dat_i[4]                            0.750000    0.840000   -0.090000 (VIOLATED)
wbs_dat_i[5]                            0.750000    0.840000   -0.090000 (VIOLATED)
wbs_dat_i[6]                            0.750000    0.840000   -0.090000 (VIOLATED)
wbs_dat_i[7]                            0.750000    0.840000   -0.090000 (VIOLATED)
wbs_dat_i[8]                            0.750000    0.840000   -0.090000 (VIOLATED)
wbs_dat_i[9]                            0.750000    0.840000   -0.090000 (VIOLATED)
_4140_/Y                                0.750000    0.836305   -0.086305 (VIOLATED)
_4433_/A                                0.750000    0.836305   -0.086305 (VIOLATED)
_4434_/A                                0.750000    0.836305   -0.086305 (VIOLATED)
max_cap148/A                            0.750000    0.836305   -0.086305 (VIOLATED)
ANTENNA_fanout364_A/DIODE               0.750000    0.831241   -0.081241 (VIOLATED)
ANTENNA_fanout365_A/DIODE               0.750000    0.831241   -0.081241 (VIOLATED)
ANTENNA_fanout366_A/DIODE               0.750000    0.831241   -0.081241 (VIOLATED)
ANTENNA_hold151_X/DIODE                 0.750000    0.831241   -0.081241 (VIOLATED)
fanout364/A                             0.750000    0.831241   -0.081241 (VIOLATED)
fanout365/A                             0.750000    0.831241   -0.081241 (VIOLATED)
fanout366/A                             0.750000    0.831241   -0.081241 (VIOLATED)
hold151/X                               0.750000    0.831241   -0.081241 (VIOLATED)
ANTENNA__4313__X/DIODE                  0.750000    0.786983   -0.036983 (VIOLATED)
ANTENNA__4347__A/DIODE                  0.750000    0.786983   -0.036983 (VIOLATED)
_4313_/X                                0.750000    0.786983   -0.036983 (VIOLATED)
_4347_/A                                0.750000    0.786983   -0.036983 (VIOLATED)
ANTENNA__5383__S/DIODE                  0.750000    0.783389   -0.033389 (VIOLATED)
_5383_/S                                0.750000    0.783389   -0.033389 (VIOLATED)
ANTENNA__5387__S/DIODE                  0.750000    0.783386   -0.033386 (VIOLATED)
_5387_/S                                0.750000    0.783386   -0.033386 (VIOLATED)
_5385_/S                                0.750000    0.783377   -0.033377 (VIOLATED)
ANTENNA__5385__S/DIODE                  0.750000    0.783377   -0.033377 (VIOLATED)
ANTENNA__5391__S/DIODE                  0.750000    0.783368   -0.033368 (VIOLATED)
_5391_/S                                0.750000    0.783367   -0.033367 (VIOLATED)
_5386_/S                                0.750000    0.783356   -0.033356 (VIOLATED)
ANTENNA__5386__S/DIODE                  0.750000    0.783354   -0.033354 (VIOLATED)
_5388_/S                                0.750000    0.783352   -0.033352 (VIOLATED)
ANTENNA__5388__S/DIODE                  0.750000    0.783344   -0.033344 (VIOLATED)
_5384_/S                                0.750000    0.783313   -0.033313 (VIOLATED)
ANTENNA__5384__S/DIODE                  0.750000    0.783298   -0.033298 (VIOLATED)
_5390_/S                                0.750000    0.783265   -0.033265 (VIOLATED)
ANTENNA__5390__S/DIODE                  0.750000    0.783257   -0.033257 (VIOLATED)
_5389_/S                                0.750000    0.783255   -0.033255 (VIOLATED)
ANTENNA__5389__S/DIODE                  0.750000    0.783253   -0.033253 (VIOLATED)
ANTENNA__5382__Y/DIODE                  0.750000    0.783231   -0.033231 (VIOLATED)
_5382_/Y                                0.750000    0.783231   -0.033231 (VIOLATED)
_4824_/A1                               0.750000    0.770208   -0.020208 (VIOLATED)
ANTENNA__4824__A1/DIODE                 0.750000    0.770208   -0.020208 (VIOLATED)
_5185_/B1                               0.750000    0.770208   -0.020208 (VIOLATED)
ANTENNA__5185__B1/DIODE                 0.750000    0.770208   -0.020208 (VIOLATED)
ANTENNA__5068__A1/DIODE                 0.750000    0.770207   -0.020208 (VIOLATED)
_5068_/A1                               0.750000    0.770207   -0.020208 (VIOLATED)
ANTENNA__5017__B1/DIODE                 0.750000    0.770207   -0.020207 (VIOLATED)
_5017_/B1                               0.750000    0.770207   -0.020207 (VIOLATED)
ANTENNA__4808__Y/DIODE                  0.750000    0.770206   -0.020206 (VIOLATED)
ANTENNA__5075__B1/DIODE                 0.750000    0.770206   -0.020206 (VIOLATED)
ANTENNA__5130__A1/DIODE                 0.750000    0.770206   -0.020206 (VIOLATED)
ANTENNA__5142__A/DIODE                  0.750000    0.770206   -0.020206 (VIOLATED)
_4808_/Y                                0.750000    0.770206   -0.020206 (VIOLATED)
_5075_/B1                               0.750000    0.770206   -0.020206 (VIOLATED)
_5130_/A1                               0.750000    0.770206   -0.020206 (VIOLATED)
_5142_/A                                0.750000    0.770206   -0.020206 (VIOLATED)
ANTENNA__3257__Y/DIODE                  0.750000    0.760054   -0.010054 (VIOLATED)
ANTENNA__3288__D_N/DIODE                0.750000    0.760054   -0.010054 (VIOLATED)
ANTENNA__4403__A1/DIODE                 0.750000    0.760054   -0.010054 (VIOLATED)
_3257_/Y                                0.750000    0.760054   -0.010054 (VIOLATED)
_3288_/D_N                              0.750000    0.760054   -0.010054 (VIOLATED)
_4403_/A1                               0.750000    0.760054   -0.010054 (VIOLATED)
_5581_/S                                0.750000    0.753667   -0.003667 (VIOLATED)
ANTENNA__5581__S/DIODE                  0.750000    0.753666   -0.003666 (VIOLATED)
_5585_/S                                0.750000    0.753666   -0.003666 (VIOLATED)
ANTENNA__5585__S/DIODE                  0.750000    0.753665   -0.003665 (VIOLATED)
_5583_/S                                0.750000    0.753657   -0.003657 (VIOLATED)
ANTENNA__5583__S/DIODE                  0.750000    0.753656   -0.003656 (VIOLATED)
_5589_/S                                0.750000    0.753649   -0.003649 (VIOLATED)
ANTENNA__5589__S/DIODE                  0.750000    0.753648   -0.003648 (VIOLATED)
_5586_/S                                0.750000    0.753640   -0.003640 (VIOLATED)
ANTENNA__5586__S/DIODE                  0.750000    0.753639   -0.003639 (VIOLATED)
_5584_/S                                0.750000    0.753638   -0.003638 (VIOLATED)
ANTENNA__5584__S/DIODE                  0.750000    0.753634   -0.003634 (VIOLATED)
_5588_/S                                0.750000    0.753622   -0.003622 (VIOLATED)
ANTENNA__5588__S/DIODE                  0.750000    0.753614   -0.003614 (VIOLATED)
_5582_/S                                0.750000    0.753599   -0.003599 (VIOLATED)
ANTENNA__5582__S/DIODE                  0.750000    0.753595   -0.003595 (VIOLATED)
ANTENNA__5587__S/DIODE                  0.750000    0.753563   -0.003563 (VIOLATED)
_5587_/S                                0.750000    0.753561   -0.003561 (VIOLATED)
ANTENNA__5580__Y/DIODE                  0.750000    0.753549   -0.003549 (VIOLATED)
_5580_/Y                                0.750000    0.753549   -0.003549 (VIOLATED)
_4394_/A                                0.750000    0.750086   -0.000087 (VIOLATED)
ANTENNA__4394__A/DIODE                  0.750000    0.750086   -0.000086 (VIOLATED)
_4775_/S                                0.750000    0.750086   -0.000086 (VIOLATED)
ANTENNA__4775__S/DIODE                  0.750000    0.750086   -0.000086 (VIOLATED)
_4764_/A1                               0.750000    0.750086   -0.000086 (VIOLATED)
ANTENNA__4764__A1/DIODE                 0.750000    0.750085   -0.000085 (VIOLATED)
_4772_/S                                0.750000    0.750085   -0.000085 (VIOLATED)
_4777_/S                                0.750000    0.750085   -0.000085 (VIOLATED)
ANTENNA__4772__S/DIODE                  0.750000    0.750084   -0.000084 (VIOLATED)
ANTENNA__4777__S/DIODE                  0.750000    0.750084   -0.000084 (VIOLATED)
_4768_/S                                0.750000    0.750080   -0.000080 (VIOLATED)
ANTENNA__4768__S/DIODE                  0.750000    0.750074   -0.000074 (VIOLATED)
ANTENNA__4362__B1/DIODE                 0.750000    0.750070   -0.000070 (VIOLATED)
_4362_/B1                               0.750000    0.750070   -0.000070 (VIOLATED)
ANTENNA__4404__A1/DIODE                 0.750000    0.750068   -0.000068 (VIOLATED)
_4404_/A1                               0.750000    0.750068   -0.000068 (VIOLATED)
_4442_/C                                0.750000    0.750067   -0.000067 (VIOLATED)
ANTENNA__4442__C/DIODE                  0.750000    0.750067   -0.000067 (VIOLATED)
ANTENNA__3267__Y/DIODE                  0.750000    0.750019   -0.000019 (VIOLATED)
_3267_/Y                                0.750000    0.750018   -0.000018 (VIOLATED)

max fanout

Pin                                   Limit Fanout  Slack
---------------------------------------------------------
clkbuf_leaf_58_wb_clk_i_regs/X           10     43    -33 (VIOLATED)
clkbuf_leaf_45_wb_clk_i_regs/X           10     39    -29 (VIOLATED)
clkbuf_leaf_18_wb_clk_i_regs/X           10     37    -27 (VIOLATED)
clkbuf_leaf_51_wb_clk_i_regs/X           10     37    -27 (VIOLATED)
clkbuf_leaf_7_wb_clk_i_regs/X            10     35    -25 (VIOLATED)
clkbuf_leaf_54_wb_clk_i_regs/X           10     31    -21 (VIOLATED)
clkbuf_leaf_35_wb_clk_i_regs/X           10     29    -19 (VIOLATED)
clkbuf_leaf_48_wb_clk_i_regs/X           10     29    -19 (VIOLATED)
clkbuf_leaf_8_wb_clk_i_regs/X            10     29    -19 (VIOLATED)
clkbuf_3_2_0_wb_clk_i_regs/X             10     27    -17 (VIOLATED)
clkbuf_3_0_0_wb_clk_i_regs/X             10     23    -13 (VIOLATED)
_3354_/Y                                 10     21    -11 (VIOLATED)
_4291_/Y                                 10     21    -11 (VIOLATED)
_4817_/Y                                 10     21    -11 (VIOLATED)
_6285_/Q                                 10     21    -11 (VIOLATED)
_6289_/Q                                 10     21    -11 (VIOLATED)
_6294_/Q                                 10     21    -11 (VIOLATED)
_6871_/Q                                 10     21    -11 (VIOLATED)
clkbuf_3_1_0_wb_clk_i_regs/X             10     21    -11 (VIOLATED)
clkbuf_3_5_0_wb_clk_i_regs/X             10     21    -11 (VIOLATED)
clkbuf_leaf_50_wb_clk_i_regs/X           10     21    -11 (VIOLATED)
clkbuf_leaf_60_wb_clk_i_regs/X           10     21    -11 (VIOLATED)
fanout111/X                              10     21    -11 (VIOLATED)
fanout112/X                              10     21    -11 (VIOLATED)
fanout113/X                              10     21    -11 (VIOLATED)
fanout115/X                              10     21    -11 (VIOLATED)
fanout117/X                              10     21    -11 (VIOLATED)
fanout118/X                              10     21    -11 (VIOLATED)
fanout120/X                              10     21    -11 (VIOLATED)
fanout122/X                              10     21    -11 (VIOLATED)
fanout124/X                              10     21    -11 (VIOLATED)
fanout126/X                              10     21    -11 (VIOLATED)
fanout128/X                              10     21    -11 (VIOLATED)
fanout130/X                              10     21    -11 (VIOLATED)
fanout132/X                              10     21    -11 (VIOLATED)
fanout134/X                              10     21    -11 (VIOLATED)
fanout135/X                              10     21    -11 (VIOLATED)
fanout137/X                              10     21    -11 (VIOLATED)
fanout139/X                              10     21    -11 (VIOLATED)
fanout141/X                              10     21    -11 (VIOLATED)
fanout144/X                              10     21    -11 (VIOLATED)
fanout149/X                              10     21    -11 (VIOLATED)
fanout153/X                              10     21    -11 (VIOLATED)
fanout162/X                              10     21    -11 (VIOLATED)
fanout163/X                              10     21    -11 (VIOLATED)
fanout164/X                              10     21    -11 (VIOLATED)
fanout166/X                              10     21    -11 (VIOLATED)
fanout168/X                              10     21    -11 (VIOLATED)
fanout169/X                              10     21    -11 (VIOLATED)
fanout170/X                              10     21    -11 (VIOLATED)
fanout172/X                              10     21    -11 (VIOLATED)
fanout174/X                              10     21    -11 (VIOLATED)
fanout176/X                              10     21    -11 (VIOLATED)
fanout178/X                              10     21    -11 (VIOLATED)
fanout180/X                              10     21    -11 (VIOLATED)
fanout181/X                              10     21    -11 (VIOLATED)
fanout182/X                              10     21    -11 (VIOLATED)
fanout183/X                              10     21    -11 (VIOLATED)
fanout185/X                              10     21    -11 (VIOLATED)
fanout187/X                              10     21    -11 (VIOLATED)
fanout188/X                              10     21    -11 (VIOLATED)
fanout191/X                              10     21    -11 (VIOLATED)
fanout192/X                              10     21    -11 (VIOLATED)
fanout193/X                              10     21    -11 (VIOLATED)
fanout195/X                              10     21    -11 (VIOLATED)
fanout197/X                              10     21    -11 (VIOLATED)
fanout198/X                              10     21    -11 (VIOLATED)
fanout199/X                              10     21    -11 (VIOLATED)
fanout200/X                              10     21    -11 (VIOLATED)
fanout201/X                              10     21    -11 (VIOLATED)
fanout202/X                              10     21    -11 (VIOLATED)
fanout205/X                              10     21    -11 (VIOLATED)
fanout207/X                              10     21    -11 (VIOLATED)
fanout209/X                              10     21    -11 (VIOLATED)
fanout211/X                              10     21    -11 (VIOLATED)
fanout213/X                              10     21    -11 (VIOLATED)
fanout215/X                              10     21    -11 (VIOLATED)
fanout217/X                              10     21    -11 (VIOLATED)
fanout218/X                              10     21    -11 (VIOLATED)
fanout219/X                              10     21    -11 (VIOLATED)
fanout220/X                              10     21    -11 (VIOLATED)
fanout222/X                              10     21    -11 (VIOLATED)
fanout224/X                              10     21    -11 (VIOLATED)
fanout226/X                              10     21    -11 (VIOLATED)
fanout229/X                              10     21    -11 (VIOLATED)
fanout235/X                              10     21    -11 (VIOLATED)
fanout242/X                              10     21    -11 (VIOLATED)
fanout244/X                              10     21    -11 (VIOLATED)
fanout246/X                              10     21    -11 (VIOLATED)
fanout248/X                              10     21    -11 (VIOLATED)
fanout249/X                              10     21    -11 (VIOLATED)
fanout252/X                              10     21    -11 (VIOLATED)
fanout254/X                              10     21    -11 (VIOLATED)
fanout255/X                              10     21    -11 (VIOLATED)
fanout256/X                              10     21    -11 (VIOLATED)
fanout258/X                              10     21    -11 (VIOLATED)
fanout260/X                              10     21    -11 (VIOLATED)
fanout262/X                              10     21    -11 (VIOLATED)
fanout264/X                              10     21    -11 (VIOLATED)
fanout266/X                              10     21    -11 (VIOLATED)
fanout272/X                              10     21    -11 (VIOLATED)
fanout273/X                              10     21    -11 (VIOLATED)
fanout274/X                              10     21    -11 (VIOLATED)
fanout275/X                              10     21    -11 (VIOLATED)
fanout277/X                              10     21    -11 (VIOLATED)
fanout278/X                              10     21    -11 (VIOLATED)
fanout279/X                              10     21    -11 (VIOLATED)
fanout281/X                              10     21    -11 (VIOLATED)
fanout284/X                              10     21    -11 (VIOLATED)
fanout285/X                              10     21    -11 (VIOLATED)
fanout287/X                              10     21    -11 (VIOLATED)
fanout288/X                              10     21    -11 (VIOLATED)
fanout290/X                              10     21    -11 (VIOLATED)
fanout292/X                              10     21    -11 (VIOLATED)
fanout294/X                              10     21    -11 (VIOLATED)
fanout295/X                              10     21    -11 (VIOLATED)
fanout296/X                              10     21    -11 (VIOLATED)
fanout297/X                              10     21    -11 (VIOLATED)
fanout299/X                              10     21    -11 (VIOLATED)
fanout300/X                              10     21    -11 (VIOLATED)
fanout302/X                              10     21    -11 (VIOLATED)
fanout303/X                              10     21    -11 (VIOLATED)
fanout304/X                              10     21    -11 (VIOLATED)
fanout305/X                              10     21    -11 (VIOLATED)
fanout307/X                              10     21    -11 (VIOLATED)
fanout308/X                              10     21    -11 (VIOLATED)
fanout309/X                              10     21    -11 (VIOLATED)
fanout310/X                              10     21    -11 (VIOLATED)
fanout311/X                              10     21    -11 (VIOLATED)
fanout312/X                              10     21    -11 (VIOLATED)
fanout313/X                              10     21    -11 (VIOLATED)
fanout316/X                              10     21    -11 (VIOLATED)
fanout317/X                              10     21    -11 (VIOLATED)
fanout320/X                              10     21    -11 (VIOLATED)
fanout321/X                              10     21    -11 (VIOLATED)
fanout322/X                              10     21    -11 (VIOLATED)
fanout323/X                              10     21    -11 (VIOLATED)
fanout324/X                              10     21    -11 (VIOLATED)
fanout325/X                              10     21    -11 (VIOLATED)
fanout326/X                              10     21    -11 (VIOLATED)
fanout328/X                              10     21    -11 (VIOLATED)
fanout333/X                              10     21    -11 (VIOLATED)
fanout334/X                              10     21    -11 (VIOLATED)
fanout335/X                              10     21    -11 (VIOLATED)
fanout336/X                              10     21    -11 (VIOLATED)
fanout338/X                              10     21    -11 (VIOLATED)
fanout340/X                              10     21    -11 (VIOLATED)
fanout342/X                              10     21    -11 (VIOLATED)
fanout344/X                              10     21    -11 (VIOLATED)
fanout346/X                              10     21    -11 (VIOLATED)
fanout348/X                              10     21    -11 (VIOLATED)
fanout350/X                              10     21    -11 (VIOLATED)
fanout352/X                              10     21    -11 (VIOLATED)
fanout355/X                              10     21    -11 (VIOLATED)
fanout357/X                              10     21    -11 (VIOLATED)
fanout360/X                              10     21    -11 (VIOLATED)
fanout362/X                              10     21    -11 (VIOLATED)
fanout365/X                              10     21    -11 (VIOLATED)
fanout367/X                              10     21    -11 (VIOLATED)
fanout368/X                              10     21    -11 (VIOLATED)
fanout369/X                              10     21    -11 (VIOLATED)
fanout371/X                              10     21    -11 (VIOLATED)
fanout372/X                              10     21    -11 (VIOLATED)
fanout374/X                              10     21    -11 (VIOLATED)
fanout376/X                              10     21    -11 (VIOLATED)
fanout377/X                              10     21    -11 (VIOLATED)
fanout383/X                              10     21    -11 (VIOLATED)
fanout385/X                              10     21    -11 (VIOLATED)
fanout390/X                              10     21    -11 (VIOLATED)
fanout418/X                              10     21    -11 (VIOLATED)
fanout425/X                              10     21    -11 (VIOLATED)
fanout431/X                              10     21    -11 (VIOLATED)
fanout434/X                              10     21    -11 (VIOLATED)
fanout435/X                              10     21    -11 (VIOLATED)
fanout437/X                              10     21    -11 (VIOLATED)
_3267_/Y                                 10     19     -9 (VIOLATED)
_3355_/Y                                 10     19     -9 (VIOLATED)
_3546_/Y                                 10     19     -9 (VIOLATED)
_4809_/Y                                 10     19     -9 (VIOLATED)
_5340_/Y                                 10     19     -9 (VIOLATED)
_5361_/Y                                 10     19     -9 (VIOLATED)
_5371_/Y                                 10     19     -9 (VIOLATED)
_5382_/Y                                 10     19     -9 (VIOLATED)
_5404_/Y                                 10     19     -9 (VIOLATED)
_5416_/X                                 10     19     -9 (VIOLATED)
_5426_/X                                 10     19     -9 (VIOLATED)
_5436_/X                                 10     19     -9 (VIOLATED)
_5448_/Y                                 10     19     -9 (VIOLATED)
_5459_/Y                                 10     19     -9 (VIOLATED)
_5469_/X                                 10     19     -9 (VIOLATED)
_5479_/X                                 10     19     -9 (VIOLATED)
_5490_/Y                                 10     19     -9 (VIOLATED)
_5500_/Y                                 10     19     -9 (VIOLATED)
_5520_/Y                                 10     19     -9 (VIOLATED)
_5530_/Y                                 10     19     -9 (VIOLATED)
_5540_/X                                 10     19     -9 (VIOLATED)
_5550_/Y                                 10     19     -9 (VIOLATED)
_5570_/Y                                 10     19     -9 (VIOLATED)
_5580_/Y                                 10     19     -9 (VIOLATED)
_5590_/Y                                 10     19     -9 (VIOLATED)
_5600_/X                                 10     19     -9 (VIOLATED)
_5620_/Y                                 10     19     -9 (VIOLATED)
_5630_/Y                                 10     19     -9 (VIOLATED)
_5640_/Y                                 10     19     -9 (VIOLATED)
_5652_/X                                 10     19     -9 (VIOLATED)
_5662_/Y                                 10     19     -9 (VIOLATED)
_6233_/Q                                 10     19     -9 (VIOLATED)
_6234_/Q                                 10     19     -9 (VIOLATED)
_6268_/Q                                 10     19     -9 (VIOLATED)
_6270_/Q                                 10     19     -9 (VIOLATED)
_6271_/Q                                 10     19     -9 (VIOLATED)
_6290_/Q                                 10     19     -9 (VIOLATED)
_6296_/Q                                 10     19     -9 (VIOLATED)
_6325_/Q                                 10     19     -9 (VIOLATED)
clkbuf_3_3_0_wb_clk_i_regs/X             10     19     -9 (VIOLATED)
clkbuf_3_4_0_wb_clk_i_regs/X             10     19     -9 (VIOLATED)
fanout131/X                              10     19     -9 (VIOLATED)
fanout138/X                              10     19     -9 (VIOLATED)
fanout140/X                              10     19     -9 (VIOLATED)
fanout214/X                              10     19     -9 (VIOLATED)
fanout230/X                              10     19     -9 (VIOLATED)
fanout234/X                              10     19     -9 (VIOLATED)
fanout253/X                              10     19     -9 (VIOLATED)
fanout257/X                              10     19     -9 (VIOLATED)
fanout259/X                              10     19     -9 (VIOLATED)
fanout263/X                              10     19     -9 (VIOLATED)
fanout265/X                              10     19     -9 (VIOLATED)
fanout267/X                              10     19     -9 (VIOLATED)
fanout345/X                              10     19     -9 (VIOLATED)
hold10/X                                 10     19     -9 (VIOLATED)
hold110/X                                10     19     -9 (VIOLATED)
clkbuf_leaf_20_wb_clk_i_regs/X           10     18     -8 (VIOLATED)
clkbuf_leaf_2_wb_clk_i_regs/X            10     18     -8 (VIOLATED)
clkbuf_leaf_3_wb_clk_i_regs/X            10     18     -8 (VIOLATED)
clkbuf_leaf_61_wb_clk_i_regs/X           10     18     -8 (VIOLATED)
clkbuf_leaf_68_wb_clk_i_regs/X           10     18     -8 (VIOLATED)
fanout370/X                              10     18     -8 (VIOLATED)
_3472_/X                                 10     17     -7 (VIOLATED)
_3476_/Y                                 10     17     -7 (VIOLATED)
_3861_/X                                 10     17     -7 (VIOLATED)
_3891_/X                                 10     17     -7 (VIOLATED)
_4282_/X                                 10     17     -7 (VIOLATED)
_4355_/X                                 10     17     -7 (VIOLATED)
_4405_/Y                                 10     17     -7 (VIOLATED)
_6237_/Q                                 10     17     -7 (VIOLATED)
_6238_/Q                                 10     17     -7 (VIOLATED)
_6252_/Q                                 10     17     -7 (VIOLATED)
_6253_/Q                                 10     17     -7 (VIOLATED)
_6255_/Q                                 10     17     -7 (VIOLATED)
_6257_/Q                                 10     17     -7 (VIOLATED)
_6286_/Q                                 10     17     -7 (VIOLATED)
_6874_/Q                                 10     17     -7 (VIOLATED)
_6876_/Q                                 10     17     -7 (VIOLATED)
clkbuf_0_wb_clk_i_regs/X                 10     17     -7 (VIOLATED)
clkbuf_3_6_0_wb_clk_i_regs/X             10     17     -7 (VIOLATED)
clkbuf_leaf_14_wb_clk_i_regs/X           10     17     -7 (VIOLATED)
clkbuf_leaf_15_wb_clk_i_regs/X           10     17     -7 (VIOLATED)
fanout127/X                              10     17     -7 (VIOLATED)
fanout129/X                              10     17     -7 (VIOLATED)
fanout133/X                              10     17     -7 (VIOLATED)
fanout136/X                              10     17     -7 (VIOLATED)
fanout142/X                              10     17     -7 (VIOLATED)
fanout150/X                              10     17     -7 (VIOLATED)
fanout161/X                              10     17     -7 (VIOLATED)
fanout167/X                              10     17     -7 (VIOLATED)
fanout177/X                              10     17     -7 (VIOLATED)
fanout206/X                              10     17     -7 (VIOLATED)
fanout261/X                              10     17     -7 (VIOLATED)
fanout381/X                              10     17     -7 (VIOLATED)
fanout386/X                              10     17     -7 (VIOLATED)
hold103/X                                10     17     -7 (VIOLATED)
hold95/X                                 10     17     -7 (VIOLATED)
clkbuf_leaf_11_wb_clk_i_regs/X           10     16     -6 (VIOLATED)
clkbuf_leaf_26_wb_clk_i_regs/X           10     16     -6 (VIOLATED)
clkbuf_leaf_66_wb_clk_i_regs/X           10     16     -6 (VIOLATED)
_3548_/X                                 10     15     -5 (VIOLATED)
_4128_/X                                 10     15     -5 (VIOLATED)
_4144_/X                                 10     15     -5 (VIOLATED)
_4145_/Y                                 10     15     -5 (VIOLATED)
_4808_/Y                                 10     15     -5 (VIOLATED)
_5016_/X                                 10     15     -5 (VIOLATED)
_6235_/Q                                 10     15     -5 (VIOLATED)
_6240_/Q                                 10     15     -5 (VIOLATED)
_6241_/Q                                 10     15     -5 (VIOLATED)
_6247_/Q                                 10     15     -5 (VIOLATED)
clkbuf_leaf_16_wb_clk_i_regs/X           10     15     -5 (VIOLATED)
clkbuf_leaf_62_wb_clk_i_regs/X           10     15     -5 (VIOLATED)
fanout125/X                              10     15     -5 (VIOLATED)
fanout173/X                              10     15     -5 (VIOLATED)
fanout190/X                              10     15     -5 (VIOLATED)
fanout210/X                              10     15     -5 (VIOLATED)
fanout236/X                              10     15     -5 (VIOLATED)
fanout237/X                              10     15     -5 (VIOLATED)
fanout301/X                              10     15     -5 (VIOLATED)
fanout363/X                              10     15     -5 (VIOLATED)
fanout364/X                              10     15     -5 (VIOLATED)
fanout396/X                              10     15     -5 (VIOLATED)
hold36/X                                 10     15     -5 (VIOLATED)
hold40/X                                 10     15     -5 (VIOLATED)
clkbuf_leaf_34_wb_clk_i_regs/X           10     14     -4 (VIOLATED)
clkbuf_leaf_49_wb_clk_i_regs/X           10     14     -4 (VIOLATED)
fanout351/X                              10     14     -4 (VIOLATED)
_3091_/Y                                 10     13     -3 (VIOLATED)
_3107_/Y                                 10     13     -3 (VIOLATED)
_3111_/Y                                 10     13     -3 (VIOLATED)
_3408_/Y                                 10     13     -3 (VIOLATED)
_3425_/X                                 10     13     -3 (VIOLATED)
_3609_/X                                 10     13     -3 (VIOLATED)
_4292_/X                                 10     13     -3 (VIOLATED)
_5121_/X                                 10     13     -3 (VIOLATED)
_6236_/Q                                 10     13     -3 (VIOLATED)
_6239_/Q                                 10     13     -3 (VIOLATED)
_6254_/Q                                 10     13     -3 (VIOLATED)
_6258_/Q                                 10     13     -3 (VIOLATED)
_6262_/Q                                 10     13     -3 (VIOLATED)
_6675_/Q                                 10     13     -3 (VIOLATED)
_6714_/Q                                 10     13     -3 (VIOLATED)
clkbuf_3_7_0_wb_clk_i_regs/X             10     13     -3 (VIOLATED)
clkbuf_leaf_10_wb_clk_i_regs/X           10     13     -3 (VIOLATED)
clkbuf_leaf_19_wb_clk_i_regs/X           10     13     -3 (VIOLATED)
clkbuf_leaf_46_wb_clk_i_regs/X           10     13     -3 (VIOLATED)
clkbuf_leaf_64_wb_clk_i_regs/X           10     13     -3 (VIOLATED)
fanout114/X                              10     13     -3 (VIOLATED)
fanout121/X                              10     13     -3 (VIOLATED)
fanout160/X                              10     13     -3 (VIOLATED)
fanout175/X                              10     13     -3 (VIOLATED)
fanout212/X                              10     13     -3 (VIOLATED)
fanout225/X                              10     13     -3 (VIOLATED)
fanout228/X                              10     13     -3 (VIOLATED)
fanout298/X                              10     13     -3 (VIOLATED)
fanout354/X                              10     13     -3 (VIOLATED)
fanout359/X                              10     13     -3 (VIOLATED)
fanout405/X                              10     13     -3 (VIOLATED)
fanout420/X                              10     13     -3 (VIOLATED)
input72/X                                10     13     -3 (VIOLATED)
clkbuf_leaf_0_wb_clk_i_regs/X            10     12     -2 (VIOLATED)
clkbuf_leaf_23_wb_clk_i_regs/X           10     12     -2 (VIOLATED)
clkbuf_leaf_28_wb_clk_i_regs/X           10     12     -2 (VIOLATED)
clkbuf_leaf_33_wb_clk_i_regs/X           10     12     -2 (VIOLATED)
clkbuf_leaf_59_wb_clk_i_regs/X           10     12     -2 (VIOLATED)
input35/X                                10     12     -2 (VIOLATED)
input73/X                                10     12     -2 (VIOLATED)
_3099_/Y                                 10     11        (VIOLATED)
_3102_/Y                                 10     11        (VIOLATED)
_3115_/Y                                 10     11        (VIOLATED)
_3298_/X                                 10     11        (VIOLATED)
_3299_/Y                                 10     11        (VIOLATED)
_3314_/Y                                 10     11        (VIOLATED)
_4433_/Y                                 10     11        (VIOLATED)
_4814_/X                                 10     11        (VIOLATED)
_6690_/Q                                 10     11        (VIOLATED)
_6873_/Q                                 10     11        (VIOLATED)
_6888_/Q                                 10     11        (VIOLATED)
clkbuf_leaf_13_wb_clk_i_regs/X           10     11        (VIOLATED)
clkbuf_leaf_17_wb_clk_i_regs/X           10     11        (VIOLATED)
clkbuf_leaf_1_wb_clk_i_regs/X            10     11        (VIOLATED)
clkbuf_leaf_25_wb_clk_i_regs/X           10     11        (VIOLATED)
clkbuf_leaf_4_wb_clk_i_regs/X            10     11        (VIOLATED)
clkbuf_leaf_55_wb_clk_i_regs/X           10     11        (VIOLATED)
clkbuf_leaf_56_wb_clk_i_regs/X           10     11        (VIOLATED)
clkbuf_leaf_57_wb_clk_i_regs/X           10     11        (VIOLATED)
clkbuf_leaf_9_wb_clk_i_regs/X            10     11        (VIOLATED)
fanout179/X                              10     11        (VIOLATED)
fanout184/X                              10     11        (VIOLATED)
fanout204/X                              10     11        (VIOLATED)
fanout221/X                              10     11        (VIOLATED)
fanout223/X                              10     11        (VIOLATED)
fanout233/X                              10     11        (VIOLATED)
fanout241/X                              10     11        (VIOLATED)
fanout243/X                              10     11        (VIOLATED)
fanout269/X                              10     11        (VIOLATED)
fanout271/X                              10     11        (VIOLATED)
fanout282/X                              10     11        (VIOLATED)
fanout293/X                              10     11        (VIOLATED)
fanout306/X                              10     11        (VIOLATED)
fanout327/X                              10     11        (VIOLATED)
fanout353/X                              10     11        (VIOLATED)
fanout378/X                              10     11        (VIOLATED)
fanout406/X                              10     11        (VIOLATED)
fanout421/X                              10     11        (VIOLATED)
fanout438/X                              10     11        (VIOLATED)
input13/X                                10     11        (VIOLATED)
max_cap148/X                             10     11        (VIOLATED)



===========================================================================
report_parasitic_annotation -report_unannotated
============================================================================
Found 68 unannotated drivers.
 clkload0/Y
 clkload1/Y
 clkload10/X
 clkload11/Y
 clkload12/Y
 clkload13/Y
 clkload14/Y
 clkload15/Y
 clkload16/Y
 clkload17/Y
 clkload18/X
 clkload19/Y
 clkload2/Y
 clkload20/Y
 clkload21/Y
 clkload22/Y
 clkload23/Y
 clkload24/Y
 clkload25/Y
 clkload26/Y
 clkload27/Y
 clkload28/Y
 clkload29/Y
 clkload3/Y
 clkload30/Y
 clkload31/X
 clkload32/Y
 clkload33/Y
 clkload34/Y
 clkload35/Y
 clkload36/Y
 clkload37/X
 clkload38/Y
 clkload39/Y
 clkload4/Y
 clkload40/Y
 clkload41/Y
 clkload42/Y
 clkload43/Y
 clkload44/Y
 clkload45/Y
 clkload46/Y
 clkload47/Y
 clkload48/Y
 clkload49/Y
 clkload5/Y
 clkload50/Y
 clkload51/Y
 clkload52/Y
 clkload53/Y
 clkload54/Y
 clkload55/Y
 clkload56/Y
 clkload57/Y
 clkload58/Y
 clkload59/Y
 clkload6/Y
 clkload60/Y
 clkload61/X
 clkload62/Y
 clkload63/X
 clkload64/Y
 clkload65/Y
 clkload66/Y
 clkload7/Y
 clkload8/Y
 clkload9/X
 user_project_439/HI
Found 0 partially unannotated drivers.

===========================================================================
max slew violation count 404
max fanout violation count 383
max cap violation count 0
============================================================================

===========================================================================
check_setup -verbose -unconstrained_endpoints -multiple_clock -no_clock -no_input_delay -loops -generated_clocks
===========================================================================
Warning: There is 1 input port missing set_input_delay.
  uart_rx
Warning: There are 4 unconstrained endpoints.
  pwm_out
  uart_tx
  user_irq[2]
  _6837_/D
