Clock: clk
Sources: wb_clk_i 
Generated: no
Virtual: yes
Propagated: no
Period: 25.000000

===========================================================================
report_clock_properties
============================================================================
Clock                   Period          Waveform
----------------------------------------------------
clk                  25.000000    0.000000 12.500000

===========================================================================
report_clock_latency
============================================================================
Clock clk
rise -> rise
    min     max
4.650000 5.570000 source latency
5.504862         network latency _6256_/CLK
        6.536640 network latency _6836_/CLK
---------------
10.154862 12.106641 latency
        1.951778 skew

fall -> fall
    min     max
4.650000 5.570000 source latency
5.594860         network latency _6256_/CLK
        6.113513 network latency sram_inst/wb_clk_i
---------------
10.244860 11.683513 latency
        1.438654 skew



===========================================================================
report_clock_min_period
============================================================================
clk period_min = 7.83 fmax = 127.75
