Clock: clk
Sources: wb_clk_i 
Generated: no
Virtual: yes
Propagated: no
Period: 25.000000

===========================================================================
report_clock_properties
============================================================================
Clock                   Period          Waveform
----------------------------------------------------
clk                  25.000000    0.000000 12.500000

===========================================================================
report_clock_latency
============================================================================
Clock clk
rise -> rise
    min     max
4.650000 5.570000 source latency
5.062521         network latency sram_inst/wb_clk_i
        6.632946 network latency _6185_/CLK
---------------
9.712521 12.202947 latency
        2.490426 skew

fall -> fall
    min     max
4.650000 5.570000 source latency
5.660663         network latency _6645_/CLK
        6.113535 network latency sram_inst/wb_clk_i
---------------
10.310663 11.683535 latency
        1.372872 skew



===========================================================================
report_clock_min_period
============================================================================
clk period_min = 8.09 fmax = 123.58
