Starting…
Running 'Verilator.Lint' at 'openlane/user_project/runs/RUN_2025-10-27_22-54-47/01-verilator-lint'…
Logging subprocess to [repr.filename]'openlane/user_project/runs/RUN_2025-10-27_22-54-47/01-verilator-lint/verilator-lint.log'[/repr.filename]…
Running 'Checker.LintTimingConstructs' at 'openlane/user_project/runs/RUN_2025-10-27_22-54-47/02-checker-linttimingconstructs'…
Check for Lint Timing Errors clear.
Running 'Checker.LintErrors' at 'openlane/user_project/runs/RUN_2025-10-27_22-54-47/03-checker-linterrors'…
Check for Lint errors clear.
Running 'Checker.LintWarnings' at 'openlane/user_project/runs/RUN_2025-10-27_22-54-47/04-checker-lintwarnings'…
493 Lint warnings found.
Running 'Yosys.JsonHeader' at 'openlane/user_project/runs/RUN_2025-10-27_22-54-47/05-yosys-jsonheader'…
Logging subprocess to [repr.filename]'openlane/user_project/runs/RUN_2025-10-27_22-54-47/05-yosys-jsonheader/yosys-jsonheader.log'[/repr.filename]…
Running 'Yosys.Synthesis' at 'openlane/user_project/runs/RUN_2025-10-27_22-54-47/06-yosys-synthesis'…
Logging subprocess to [repr.filename]'openlane/user_project/runs/RUN_2025-10-27_22-54-47/06-yosys-synthesis/yosys-synthesis.log'[/repr.filename]…
Parsing synthesis checks…
Running 'Checker.YosysUnmappedCells' at 'openlane/user_project/runs/RUN_2025-10-27_22-54-47/07-checker-yosysunmappedcells'…
Check for Unmapped Yosys instances clear.
Running 'Checker.YosysSynthChecks' at 'openlane/user_project/runs/RUN_2025-10-27_22-54-47/08-checker-yosyssynthchecks'…
Check for Yosys check errors clear.
Running 'Checker.NetlistAssignStatements' at 'openlane/user_project/runs/RUN_2025-10-27_22-54-47/09-checker-netlistassignstatements'…
Running 'OpenROAD.CheckSDCFiles' at 'openlane/user_project/runs/RUN_2025-10-27_22-54-47/10-openroad-checksdcfiles'…
'SIGNOFF_SDC_FILE' is not defined. Using generic fallback SDC for OpenROAD PnR steps.
Running 'OpenROAD.CheckMacroInstances' at 'openlane/user_project/runs/RUN_2025-10-27_22-54-47/11-openroad-checkmacroinstances'…
Logging subprocess to [repr.filename]'openlane/user_project/runs/RUN_2025-10-27_22-54-47/11-openroad-checkmacroinstances/openroad-checkmacroinstances.log'[/repr.filename]…
Running 'OpenROAD.STAPrePNR' at 'openlane/user_project/runs/RUN_2025-10-27_22-54-47/12-openroad-staprepnr'…
Starting STA for the nom_tt_025C_1v80 timing corner…
Starting STA for the nom_ss_100C_1v60 timing corner…
Starting STA for the nom_ff_n40C_1v95 timing corner…
Skipping corner min_tt_025C_1v80 for STA (identical to nom_tt_025C_1v80 at this stage)…
Logging subprocess to [repr.filename]'openlane/user_project/runs/RUN_2025-10-27_22-54-47/12-openroad-staprepnr/nom_tt_025C_1v80/sta.log'[/repr.filename]…
Skipping corner min_ss_100C_1v60 for STA (identical to nom_ss_100C_1v60 at this stage)…
Logging subprocess to [repr.filename]'openlane/user_project/runs/RUN_2025-10-27_22-54-47/12-openroad-staprepnr/nom_ss_100C_1v60/sta.log'[/repr.filename]…
Skipping corner min_ff_n40C_1v95 for STA (identical to nom_ff_n40C_1v95 at this stage)…
Skipping corner max_tt_025C_1v80 for STA (identical to nom_tt_025C_1v80 at this stage)…
Logging subprocess to [repr.filename]'openlane/user_project/runs/RUN_2025-10-27_22-54-47/12-openroad-staprepnr/nom_ff_n40C_1v95/sta.log'[/repr.filename]…
Skipping corner max_ss_100C_1v60 for STA (identical to nom_ss_100C_1v60 at this stage)…
Skipping corner max_ff_n40C_1v95 for STA (identical to nom_ff_n40C_1v95 at this stage)…
Finished STA for the nom_tt_025C_1v80 timing corner.
Finished STA for the nom_ss_100C_1v60 timing corner.
Finished STA for the nom_ff_n40C_1v95 timing corner.
Running 'OpenROAD.Floorplan' at 'openlane/user_project/runs/RUN_2025-10-27_22-54-47/13-openroad-floorplan'…
Logging subprocess to [repr.filename]'openlane/user_project/runs/RUN_2025-10-27_22-54-47/13-openroad-floorplan/openroad-floorplan.log'[/repr.filename]…
[STA-1140] /workspace/peripheral-example/ip/CF_SRAM_1024x32/lib/CF_SRAM_1024x32_wb_wrapper.lib line 1, library CF_SRAM_1024x32_wb_wrapper already exists.
[STA-0366] port 'la_data_in[*]' not found.
[STA-0366] port 'la_oenb[*]' not found.
[STA-0366] port 'la_data_in[*]' not found.
[STA-0366] port 'la_oenb[*]' not found.
[STA-0366] port 'io_in[*]' not found.
[STA-0366] port 'la_data_in[*]' not found.
[STA-0366] port 'la_oenb[*]' not found.
[STA-0366] port 'io_in[*]' not found.
[STA-0366] port 'la_oenb[*]' not found.
[STA-0366] port 'la_data_in[*]' not found.
[STA-0366] port 'la_data_out[*]' not found.
[STA-0366] port 'la_data_out[*]' not found.
Running 'Odb.CheckMacroAntennaProperties' at 'openlane/user_project/runs/RUN_2025-10-27_22-54-47/14-odb-checkmacroantennaproperties'…
Logging subprocess to [repr.filename]'openlane/user_project/runs/RUN_2025-10-27_22-54-47/14-odb-checkmacroantennaproperties/odb-checkmacroantennaproperties.log'[/repr.filename]…
Cell 'CF_SRAM_1024x32_wb_wrapper' has (22) input pin(s) without antenna gate information. They might not be connected to a gate.
Running 'Odb.SetPowerConnections' at 'openlane/user_project/runs/RUN_2025-10-27_22-54-47/15-odb-setpowerconnections'…
Logging subprocess to [repr.filename]'openlane/user_project/runs/RUN_2025-10-27_22-54-47/15-odb-setpowerconnections/odb-setpowerconnections.log'[/repr.filename]…
Running 'Odb.ManualMacroPlacement' at 'openlane/user_project/runs/RUN_2025-10-27_22-54-47/16-odb-manualmacroplacement'…
Logging subprocess to [repr.filename]'openlane/user_project/runs/RUN_2025-10-27_22-54-47/16-odb-manualmacroplacement/odb-manualmacroplacement.log'[/repr.filename]…
Running 'OpenROAD.CutRows' at 'openlane/user_project/runs/RUN_2025-10-27_22-54-47/17-openroad-cutrows'…
Logging subprocess to [repr.filename]'openlane/user_project/runs/RUN_2025-10-27_22-54-47/17-openroad-cutrows/openroad-cutrows.log'[/repr.filename]…
[STA-1140] /workspace/peripheral-example/ip/CF_SRAM_1024x32/lib/CF_SRAM_1024x32_wb_wrapper.lib line 1, library CF_SRAM_1024x32_wb_wrapper already exists.
[STA-0366] port 'la_data_in[*]' not found.
[STA-0366] port 'la_oenb[*]' not found.
[STA-0366] port 'la_data_in[*]' not found.
[STA-0366] port 'la_oenb[*]' not found.
[STA-0366] port 'io_in[*]' not found.
[STA-0366] port 'la_data_in[*]' not found.
[STA-0366] port 'la_oenb[*]' not found.
[STA-0366] port 'io_in[*]' not found.
[STA-0366] port 'la_oenb[*]' not found.
[STA-0366] port 'la_data_in[*]' not found.
[STA-0366] port 'la_data_out[*]' not found.
[STA-0366] port 'la_data_out[*]' not found.
Running 'OpenROAD.TapEndcapInsertion' at 'openlane/user_project/runs/RUN_2025-10-27_22-54-47/18-openroad-tapendcapinsertion'…
Logging subprocess to [repr.filename]'openlane/user_project/runs/RUN_2025-10-27_22-54-47/18-openroad-tapendcapinsertion/openroad-tapendcapinsertion.log'[/repr.filename]…
[STA-1140] /workspace/peripheral-example/ip/CF_SRAM_1024x32/lib/CF_SRAM_1024x32_wb_wrapper.lib line 1, library CF_SRAM_1024x32_wb_wrapper already exists.
[STA-0366] port 'la_data_in[*]' not found.
[STA-0366] port 'la_oenb[*]' not found.
[STA-0366] port 'la_data_in[*]' not found.
[STA-0366] port 'la_oenb[*]' not found.
[STA-0366] port 'io_in[*]' not found.
[STA-0366] port 'la_data_in[*]' not found.
[STA-0366] port 'la_oenb[*]' not found.
[STA-0366] port 'io_in[*]' not found.
[STA-0366] port 'la_oenb[*]' not found.
[STA-0366] port 'la_data_in[*]' not found.
[STA-0366] port 'la_data_out[*]' not found.
[STA-0366] port 'la_data_out[*]' not found.
Running 'Odb.AddPDNObstructions' at 'openlane/user_project/runs/RUN_2025-10-27_22-54-47/19-odb-addpdnobstructions'…
'PDN_OBSTRUCTIONS' is not defined. Skipping 'Odb.AddPDNObstructions'…
Running 'OpenROAD.GeneratePDN' at 'openlane/user_project/runs/RUN_2025-10-27_22-54-47/20-openroad-generatepdn'…
'FP_PDN_CFG' not explicitly set, setting it to /nix/store/z6z1ia207zpd43ka6vqnxgghfxfr26h6-python3-3.11.9-env/lib/python3.11/site-packages/librelane/scripts/openroad/common/pdn_cfg.tcl…
Logging subprocess to [repr.filename]'openlane/user_project/runs/RUN_2025-10-27_22-54-47/20-openroad-generatepdn/openroad-generatepdn.log'[/repr.filename]…
[STA-1140] /workspace/peripheral-example/ip/CF_SRAM_1024x32/lib/CF_SRAM_1024x32_wb_wrapper.lib line 1, library CF_SRAM_1024x32_wb_wrapper already exists.
[STA-0366] port 'la_data_in[*]' not found.
[STA-0366] port 'la_oenb[*]' not found.
[STA-0366] port 'la_data_in[*]' not found.
[STA-0366] port 'la_oenb[*]' not found.
[STA-0366] port 'io_in[*]' not found.
[STA-0366] port 'la_data_in[*]' not found.
[STA-0366] port 'la_oenb[*]' not found.
[STA-0366] port 'io_in[*]' not found.
[STA-0366] port 'la_oenb[*]' not found.
[STA-0366] port 'la_data_in[*]' not found.
[STA-0366] port 'la_data_out[*]' not found.
[STA-0366] port 'la_data_out[*]' not found.
[PDN-0231] sram_inst is not connected to any power/ground nets.
Running 'Odb.RemovePDNObstructions' at 'openlane/user_project/runs/RUN_2025-10-27_22-54-47/21-odb-removepdnobstructions'…
'PDN_OBSTRUCTIONS' is not defined. Skipping 'Odb.RemovePDNObstructions'…
Running 'Odb.AddRoutingObstructions' at 'openlane/user_project/runs/RUN_2025-10-27_22-54-47/22-odb-addroutingobstructions'…
'ROUTING_OBSTRUCTIONS' is not defined. Skipping 'Odb.AddRoutingObstructions'…
Running 'OpenROAD.GlobalPlacementSkipIO' at 'openlane/user_project/runs/RUN_2025-10-27_22-54-47/23-openroad-globalplacementskipio'…
Logging subprocess to [repr.filename]'openlane/user_project/runs/RUN_2025-10-27_22-54-47/23-openroad-globalplacementskipio/openroad-globalplacementskipio.log'[/repr.filename]…
[STA-1140] /workspace/peripheral-example/ip/CF_SRAM_1024x32/lib/CF_SRAM_1024x32_wb_wrapper.lib line 1, library CF_SRAM_1024x32_wb_wrapper already exists.
[STA-0366] port 'la_data_in[*]' not found.
[STA-0366] port 'la_oenb[*]' not found.
[STA-0366] port 'la_data_in[*]' not found.
[STA-0366] port 'la_oenb[*]' not found.
[STA-0366] port 'io_in[*]' not found.
[STA-0366] port 'la_data_in[*]' not found.
[STA-0366] port 'la_oenb[*]' not found.
[STA-0366] port 'io_in[*]' not found.
[STA-0366] port 'la_oenb[*]' not found.
[STA-0366] port 'la_data_in[*]' not found.
[STA-0366] port 'la_data_out[*]' not found.
[STA-0366] port 'la_data_out[*]' not found.
Running 'OpenROAD.IOPlacement' at 'openlane/user_project/runs/RUN_2025-10-27_22-54-47/24-openroad-ioplacement'…
FP_PIN_ORDER_CFG is set. Skipping 'OpenROAD.IOPlacement'…
Running 'Odb.CustomIOPlacement' at 'openlane/user_project/runs/RUN_2025-10-27_22-54-47/25-odb-customioplacement'…
Logging subprocess to [repr.filename]'openlane/user_project/runs/RUN_2025-10-27_22-54-47/25-odb-customioplacement/odb-customioplacement.log'[/repr.filename]…
Running 'Odb.ApplyDEFTemplate' at 'openlane/user_project/runs/RUN_2025-10-27_22-54-47/26-odb-applydeftemplate'…
No DEF template provided, skipping…
Running 'OpenROAD.GlobalPlacement' at 'openlane/user_project/runs/RUN_2025-10-27_22-54-47/27-openroad-globalplacement'…
Logging subprocess to [repr.filename]'openlane/user_project/runs/RUN_2025-10-27_22-54-47/27-openroad-globalplacement/openroad-globalplacement.log'[/repr.filename]…
[STA-1140] /workspace/peripheral-example/ip/CF_SRAM_1024x32/lib/CF_SRAM_1024x32_wb_wrapper.lib line 1, library CF_SRAM_1024x32_wb_wrapper already exists.
[STA-0366] port 'la_data_in[*]' not found.
[STA-0366] port 'la_oenb[*]' not found.
[STA-0366] port 'la_data_in[*]' not found.
[STA-0366] port 'la_oenb[*]' not found.
[STA-0366] port 'io_in[*]' not found.
[STA-0366] port 'la_data_in[*]' not found.
[STA-0366] port 'la_oenb[*]' not found.
[STA-0366] port 'io_in[*]' not found.
[STA-0366] port 'la_oenb[*]' not found.
[STA-0366] port 'la_data_in[*]' not found.
[STA-0366] port 'la_data_out[*]' not found.
[STA-0366] port 'la_data_out[*]' not found.
Running 'Odb.WriteVerilogHeader' at 'openlane/user_project/runs/RUN_2025-10-27_22-54-47/28-odb-writeverilogheader'…
Logging subprocess to [repr.filename]'openlane/user_project/runs/RUN_2025-10-27_22-54-47/28-odb-writeverilogheader/odb-writeverilogheader.log'[/repr.filename]…
Running 'Checker.PowerGridViolations' at 'openlane/user_project/runs/RUN_2025-10-27_22-54-47/29-checker-powergridviolations'…
Check for power grid violations (as reported by OpenROAD PSM- you may ignore these if LVS passes) clear.
Running 'OpenROAD.STAMidPNR' at 'openlane/user_project/runs/RUN_2025-10-27_22-54-47/30-openroad-stamidpnr'…
Logging subprocess to [repr.filename]'openlane/user_project/runs/RUN_2025-10-27_22-54-47/30-openroad-stamidpnr/openroad-stamidpnr.log'[/repr.filename]…
[STA-1140] /workspace/peripheral-example/ip/CF_SRAM_1024x32/lib/CF_SRAM_1024x32_wb_wrapper.lib line 1, library CF_SRAM_1024x32_wb_wrapper already exists.
[STA-0366] port 'la_data_in[*]' not found.
[STA-0366] port 'la_oenb[*]' not found.
[STA-0366] port 'la_data_in[*]' not found.
[STA-0366] port 'la_oenb[*]' not found.
[STA-0366] port 'io_in[*]' not found.
[STA-0366] port 'la_data_in[*]' not found.
[STA-0366] port 'la_oenb[*]' not found.
[STA-0366] port 'io_in[*]' not found.
[STA-0366] port 'la_oenb[*]' not found.
[STA-0366] port 'la_data_in[*]' not found.
[STA-0366] port 'la_data_out[*]' not found.
[STA-0366] port 'la_data_out[*]' not found.
[GRT-0097] No global routing found for nets.
Running 'OpenROAD.RepairDesignPostGPL' at 'openlane/user_project/runs/RUN_2025-10-27_22-54-47/31-openroad-repairdesignpostgpl'…
Logging subprocess to [repr.filename]'openlane/user_project/runs/RUN_2025-10-27_22-54-47/31-openroad-repairdesignpostgpl/openroad-repairdesignpostgpl.log'[/repr.filename]…
[STA-1140] /workspace/peripheral-example/ip/CF_SRAM_1024x32/lib/CF_SRAM_1024x32_wb_wrapper.lib line 1, library CF_SRAM_1024x32_wb_wrapper already exists.
[STA-1140] /workspace/peripheral-example/ip/CF_SRAM_1024x32/lib/CF_SRAM_1024x32_wb_wrapper.lib line 1, library CF_SRAM_1024x32_wb_wrapper already exists.
[STA-0366] port 'la_data_in[*]' not found.
[STA-0366] port 'la_oenb[*]' not found.
[STA-0366] port 'la_data_in[*]' not found.
[STA-0366] port 'la_oenb[*]' not found.
[STA-0366] port 'io_in[*]' not found.
[STA-0366] port 'la_data_in[*]' not found.
[STA-0366] port 'la_oenb[*]' not found.
[STA-0366] port 'io_in[*]' not found.
[STA-0366] port 'la_oenb[*]' not found.
[STA-0366] port 'la_data_in[*]' not found.
[STA-0366] port 'la_data_out[*]' not found.
[STA-0366] port 'la_data_out[*]' not found.
Running 'Odb.ManualGlobalPlacement' at 'openlane/user_project/runs/RUN_2025-10-27_22-54-47/32-odb-manualglobalplacement'…
'MANUAL_GLOBAL_PLACEMENTS' not set, skipping…
Running 'OpenROAD.DetailedPlacement' at 'openlane/user_project/runs/RUN_2025-10-27_22-54-47/33-openroad-detailedplacement'…
Logging subprocess to [repr.filename]'openlane/user_project/runs/RUN_2025-10-27_22-54-47/33-openroad-detailedplacement/openroad-detailedplacement.log'[/repr.filename]…
[STA-1140] /workspace/peripheral-example/ip/CF_SRAM_1024x32/lib/CF_SRAM_1024x32_wb_wrapper.lib line 1, library CF_SRAM_1024x32_wb_wrapper already exists.
[STA-0366] port 'la_data_in[*]' not found.
[STA-0366] port 'la_oenb[*]' not found.
[STA-0366] port 'la_data_in[*]' not found.
[STA-0366] port 'la_oenb[*]' not found.
[STA-0366] port 'io_in[*]' not found.
[STA-0366] port 'la_data_in[*]' not found.
[STA-0366] port 'la_oenb[*]' not found.
[STA-0366] port 'io_in[*]' not found.
[STA-0366] port 'la_oenb[*]' not found.
[STA-0366] port 'la_data_in[*]' not found.
[STA-0366] port 'la_data_out[*]' not found.
[STA-0366] port 'la_data_out[*]' not found.
Running 'OpenROAD.CTS' at 'openlane/user_project/runs/RUN_2025-10-27_22-54-47/34-openroad-cts'…
Logging subprocess to [repr.filename]'openlane/user_project/runs/RUN_2025-10-27_22-54-47/34-openroad-cts/openroad-cts.log'[/repr.filename]…
[STA-1140] /workspace/peripheral-example/ip/CF_SRAM_1024x32/lib/CF_SRAM_1024x32_wb_wrapper.lib line 1, library CF_SRAM_1024x32_wb_wrapper already exists.
[STA-1140] /workspace/peripheral-example/ip/CF_SRAM_1024x32/lib/CF_SRAM_1024x32_wb_wrapper.lib line 1, library CF_SRAM_1024x32_wb_wrapper already exists.
[STA-0366] port 'la_data_in[*]' not found.
[STA-0366] port 'la_oenb[*]' not found.
[STA-0366] port 'la_data_in[*]' not found.
[STA-0366] port 'la_oenb[*]' not found.
[STA-0366] port 'io_in[*]' not found.
[STA-0366] port 'la_data_in[*]' not found.
[STA-0366] port 'la_oenb[*]' not found.
[STA-0366] port 'io_in[*]' not found.
[STA-0366] port 'la_oenb[*]' not found.
[STA-0366] port 'la_data_in[*]' not found.
[STA-0366] port 'la_data_out[*]' not found.
[STA-0366] port 'la_data_out[*]' not found.
Running 'OpenROAD.STAMidPNR-1' at 'openlane/user_project/runs/RUN_2025-10-27_22-54-47/35-openroad-stamidpnr-1'…
Logging subprocess to [repr.filename]'openlane/user_project/runs/RUN_2025-10-27_22-54-47/35-openroad-stamidpnr-1/openroad-stamidpnr-1.log'[/repr.filename]…
[STA-1140] /workspace/peripheral-example/ip/CF_SRAM_1024x32/lib/CF_SRAM_1024x32_wb_wrapper.lib line 1, library CF_SRAM_1024x32_wb_wrapper already exists.
[STA-0366] port 'la_data_in[*]' not found.
[STA-0366] port 'la_oenb[*]' not found.
[STA-0366] port 'la_data_in[*]' not found.
[STA-0366] port 'la_oenb[*]' not found.
[STA-0366] port 'io_in[*]' not found.
[STA-0366] port 'la_data_in[*]' not found.
[STA-0366] port 'la_oenb[*]' not found.
[STA-0366] port 'io_in[*]' not found.
[STA-0366] port 'la_oenb[*]' not found.
[STA-0366] port 'la_data_in[*]' not found.
[STA-0366] port 'la_data_out[*]' not found.
[STA-0366] port 'la_data_out[*]' not found.
[GRT-0097] No global routing found for nets.
Running 'OpenROAD.ResizerTimingPostCTS' at 'openlane/user_project/runs/RUN_2025-10-27_22-54-47/36-openroad-resizertimingpostcts'…
Logging subprocess to [repr.filename]'openlane/user_project/runs/RUN_2025-10-27_22-54-47/36-openroad-resizertimingpostcts/openroad-resizertimingpostcts.log'[/repr.filename]…
[STA-1140] /workspace/peripheral-example/ip/CF_SRAM_1024x32/lib/CF_SRAM_1024x32_wb_wrapper.lib line 1, library CF_SRAM_1024x32_wb_wrapper already exists.
[STA-1140] /workspace/peripheral-example/ip/CF_SRAM_1024x32/lib/CF_SRAM_1024x32_wb_wrapper.lib line 1, library CF_SRAM_1024x32_wb_wrapper already exists.
[STA-0366] port 'la_data_in[*]' not found.
[STA-0366] port 'la_oenb[*]' not found.
[STA-0366] port 'la_data_in[*]' not found.
[STA-0366] port 'la_oenb[*]' not found.
[STA-0366] port 'io_in[*]' not found.
[STA-0366] port 'la_data_in[*]' not found.
[STA-0366] port 'la_oenb[*]' not found.
[STA-0366] port 'io_in[*]' not found.
[STA-0366] port 'la_oenb[*]' not found.
[STA-0366] port 'la_data_in[*]' not found.
[STA-0366] port 'la_data_out[*]' not found.
[STA-0366] port 'la_data_out[*]' not found.
Running 'OpenROAD.STAMidPNR-2' at 'openlane/user_project/runs/RUN_2025-10-27_22-54-47/37-openroad-stamidpnr-2'…
Logging subprocess to [repr.filename]'openlane/user_project/runs/RUN_2025-10-27_22-54-47/37-openroad-stamidpnr-2/openroad-stamidpnr-2.log'[/repr.filename]…
[STA-1140] /workspace/peripheral-example/ip/CF_SRAM_1024x32/lib/CF_SRAM_1024x32_wb_wrapper.lib line 1, library CF_SRAM_1024x32_wb_wrapper already exists.
[STA-0366] port 'la_data_in[*]' not found.
[STA-0366] port 'la_oenb[*]' not found.
[STA-0366] port 'la_data_in[*]' not found.
[STA-0366] port 'la_oenb[*]' not found.
[STA-0366] port 'io_in[*]' not found.
[STA-0366] port 'la_data_in[*]' not found.
[STA-0366] port 'la_oenb[*]' not found.
[STA-0366] port 'io_in[*]' not found.
[STA-0366] port 'la_oenb[*]' not found.
[STA-0366] port 'la_data_in[*]' not found.
[STA-0366] port 'la_data_out[*]' not found.
[STA-0366] port 'la_data_out[*]' not found.
[GRT-0097] No global routing found for nets.
Running 'OpenROAD.GlobalRouting' at 'openlane/user_project/runs/RUN_2025-10-27_22-54-47/38-openroad-globalrouting'…
Logging subprocess to [repr.filename]'openlane/user_project/runs/RUN_2025-10-27_22-54-47/38-openroad-globalrouting/openroad-globalrouting.log'[/repr.filename]…
[STA-1140] /workspace/peripheral-example/ip/CF_SRAM_1024x32/lib/CF_SRAM_1024x32_wb_wrapper.lib line 1, library CF_SRAM_1024x32_wb_wrapper already exists.
[STA-0366] port 'la_data_in[*]' not found.
[STA-0366] port 'la_oenb[*]' not found.
[STA-0366] port 'la_data_in[*]' not found.
[STA-0366] port 'la_oenb[*]' not found.
[STA-0366] port 'io_in[*]' not found.
[STA-0366] port 'la_data_in[*]' not found.
[STA-0366] port 'la_oenb[*]' not found.
[STA-0366] port 'io_in[*]' not found.
[STA-0366] port 'la_oenb[*]' not found.
[STA-0366] port 'la_data_in[*]' not found.
[STA-0366] port 'la_data_out[*]' not found.
[STA-0366] port 'la_data_out[*]' not found.
Running 'OpenROAD.CheckAntennas' at 'openlane/user_project/runs/RUN_2025-10-27_22-54-47/39-openroad-checkantennas'…
Logging subprocess to [repr.filename]'openlane/user_project/runs/RUN_2025-10-27_22-54-47/39-openroad-checkantennas/openroad-checkantennas.log'[/repr.filename]…
[STA-1140] /workspace/peripheral-example/ip/CF_SRAM_1024x32/lib/CF_SRAM_1024x32_wb_wrapper.lib line 1, library CF_SRAM_1024x32_wb_wrapper already exists.
[STA-0366] port 'la_data_in[*]' not found.
[STA-0366] port 'la_oenb[*]' not found.
[STA-0366] port 'la_data_in[*]' not found.
[STA-0366] port 'la_oenb[*]' not found.
[STA-0366] port 'io_in[*]' not found.
[STA-0366] port 'la_data_in[*]' not found.
[STA-0366] port 'la_oenb[*]' not found.
[STA-0366] port 'io_in[*]' not found.
[STA-0366] port 'la_oenb[*]' not found.
[STA-0366] port 'la_data_in[*]' not found.
[STA-0366] port 'la_data_out[*]' not found.
[STA-0366] port 'la_data_out[*]' not found.
Gating variable for step 'OpenROAD.RepairDesignPostGRT' set to 'False'- the step will be skipped.
Skipping step 'Repair Design (Post-Global Routing)'…
Running 'Odb.DiodesOnPorts' at 'openlane/user_project/runs/RUN_2025-10-27_22-54-47/40-odb-diodesonports'…
'DIODE_ON_PORTS' is set to 'none': skipping…
Running 'Odb.HeuristicDiodeInsertion' at 'openlane/user_project/runs/RUN_2025-10-27_22-54-47/41-odb-heuristicdiodeinsertion'…
Running 'Odb.FuzzyDiodePlacement' at 'openlane/user_project/runs/RUN_2025-10-27_22-54-47/41-odb-heuristicdiodeinsertion/1-odb-fuzzydiodeplacement'…
'GPL_CELL_PADDING' is set to 0. This step may cause overlap failures.
Logging subprocess to [repr.filename]'openlane/user_project/runs/RUN_2025-10-27_22-54-47/41-odb-heuristicdiodeinsertion/1-odb-fuzzydiodeplacement/odb-fuzzydiodeplacement.log'[/repr.filename]…
Running 'OpenROAD.DetailedPlacement' at 'openlane/user_project/runs/RUN_2025-10-27_22-54-47/41-odb-heuristicdiodeinsertion/2-openroad-detailedplacement'…
Logging subprocess to [repr.filename]'openlane/user_project/runs/RUN_2025-10-27_22-54-47/41-odb-heuristicdiodeinsertion/2-openroad-detailedplacement/openroad-detailedplacement.log'[/repr.filename]…
[STA-1140] /workspace/peripheral-example/ip/CF_SRAM_1024x32/lib/CF_SRAM_1024x32_wb_wrapper.lib line 1, library CF_SRAM_1024x32_wb_wrapper already exists.
[STA-0366] port 'la_data_in[*]' not found.
[STA-0366] port 'la_oenb[*]' not found.
[STA-0366] port 'la_data_in[*]' not found.
[STA-0366] port 'la_oenb[*]' not found.
[STA-0366] port 'io_in[*]' not found.
[STA-0366] port 'la_data_in[*]' not found.
[STA-0366] port 'la_oenb[*]' not found.
[STA-0366] port 'io_in[*]' not found.
[STA-0366] port 'la_oenb[*]' not found.
[STA-0366] port 'la_data_in[*]' not found.
[STA-0366] port 'la_data_out[*]' not found.
[STA-0366] port 'la_data_out[*]' not found.
Running 'OpenROAD.GlobalRouting' at 'openlane/user_project/runs/RUN_2025-10-27_22-54-47/41-odb-heuristicdiodeinsertion/3-openroad-globalrouting'…
Logging subprocess to [repr.filename]'openlane/user_project/runs/RUN_2025-10-27_22-54-47/41-odb-heuristicdiodeinsertion/3-openroad-globalrouting/openroad-globalrouting.log'[/repr.filename]…
[STA-1140] /workspace/peripheral-example/ip/CF_SRAM_1024x32/lib/CF_SRAM_1024x32_wb_wrapper.lib line 1, library CF_SRAM_1024x32_wb_wrapper already exists.
[STA-0366] port 'la_data_in[*]' not found.
[STA-0366] port 'la_oenb[*]' not found.
[STA-0366] port 'la_data_in[*]' not found.
[STA-0366] port 'la_oenb[*]' not found.
[STA-0366] port 'io_in[*]' not found.
[STA-0366] port 'la_data_in[*]' not found.
[STA-0366] port 'la_oenb[*]' not found.
[STA-0366] port 'io_in[*]' not found.
[STA-0366] port 'la_oenb[*]' not found.
[STA-0366] port 'la_data_in[*]' not found.
[STA-0366] port 'la_data_out[*]' not found.
[STA-0366] port 'la_data_out[*]' not found.
Running 'OpenROAD.RepairAntennas' at 'openlane/user_project/runs/RUN_2025-10-27_22-54-47/42-openroad-repairantennas'…
Running 'DiodeInsertion' at 'openlane/user_project/runs/RUN_2025-10-27_22-54-47/42-openroad-repairantennas/1-diodeinsertion'…
Logging subprocess to [repr.filename]'openlane/user_project/runs/RUN_2025-10-27_22-54-47/42-openroad-repairantennas/1-diodeinsertion/diodeinsertion.log'[/repr.filename]…
[STA-1140] /workspace/peripheral-example/ip/CF_SRAM_1024x32/lib/CF_SRAM_1024x32_wb_wrapper.lib line 1, library CF_SRAM_1024x32_wb_wrapper already exists.
[STA-0366] port 'la_data_in[*]' not found.
[STA-0366] port 'la_oenb[*]' not found.
[STA-0366] port 'la_data_in[*]' not found.
[STA-0366] port 'la_oenb[*]' not found.
[STA-0366] port 'io_in[*]' not found.
[STA-0366] port 'la_data_in[*]' not found.
[STA-0366] port 'la_oenb[*]' not found.
[STA-0366] port 'io_in[*]' not found.
[STA-0366] port 'la_oenb[*]' not found.
[STA-0366] port 'la_data_in[*]' not found.
[STA-0366] port 'la_data_out[*]' not found.
[STA-0366] port 'la_data_out[*]' not found.
Running 'OpenROAD.CheckAntennas' at 'openlane/user_project/runs/RUN_2025-10-27_22-54-47/42-openroad-repairantennas/2-openroad-checkantennas'…
Logging subprocess to [repr.filename]'openlane/user_project/runs/RUN_2025-10-27_22-54-47/42-openroad-repairantennas/2-openroad-checkantennas/openroad-checkantennas.log'[/repr.filename]…
[STA-1140] /workspace/peripheral-example/ip/CF_SRAM_1024x32/lib/CF_SRAM_1024x32_wb_wrapper.lib line 1, library CF_SRAM_1024x32_wb_wrapper already exists.
[STA-0366] port 'la_data_in[*]' not found.
[STA-0366] port 'la_oenb[*]' not found.
[STA-0366] port 'la_data_in[*]' not found.
[STA-0366] port 'la_oenb[*]' not found.
[STA-0366] port 'io_in[*]' not found.
[STA-0366] port 'la_data_in[*]' not found.
[STA-0366] port 'la_oenb[*]' not found.
[STA-0366] port 'io_in[*]' not found.
[STA-0366] port 'la_oenb[*]' not found.
[STA-0366] port 'la_data_in[*]' not found.
[STA-0366] port 'la_data_out[*]' not found.
[STA-0366] port 'la_data_out[*]' not found.
Running 'OpenROAD.ResizerTimingPostGRT' at 'openlane/user_project/runs/RUN_2025-10-27_22-54-47/43-openroad-resizertimingpostgrt'…
Logging subprocess to [repr.filename]'openlane/user_project/runs/RUN_2025-10-27_22-54-47/43-openroad-resizertimingpostgrt/openroad-resizertimingpostgrt.log'[/repr.filename]…
[STA-1140] /workspace/peripheral-example/ip/CF_SRAM_1024x32/lib/CF_SRAM_1024x32_wb_wrapper.lib line 1, library CF_SRAM_1024x32_wb_wrapper already exists.
[STA-1140] /workspace/peripheral-example/ip/CF_SRAM_1024x32/lib/CF_SRAM_1024x32_wb_wrapper.lib line 1, library CF_SRAM_1024x32_wb_wrapper already exists.
[STA-0366] port 'la_data_in[*]' not found.
[STA-0366] port 'la_oenb[*]' not found.
[STA-0366] port 'la_data_in[*]' not found.
[STA-0366] port 'la_oenb[*]' not found.
[STA-0366] port 'io_in[*]' not found.
[STA-0366] port 'la_data_in[*]' not found.
[STA-0366] port 'la_oenb[*]' not found.
[STA-0366] port 'io_in[*]' not found.
[STA-0366] port 'la_oenb[*]' not found.
[STA-0366] port 'la_data_in[*]' not found.
[STA-0366] port 'la_data_out[*]' not found.
[STA-0366] port 'la_data_out[*]' not found.
Running 'OpenROAD.STAMidPNR-3' at 'openlane/user_project/runs/RUN_2025-10-27_22-54-47/44-openroad-stamidpnr-3'…
Logging subprocess to [repr.filename]'openlane/user_project/runs/RUN_2025-10-27_22-54-47/44-openroad-stamidpnr-3/openroad-stamidpnr-3.log'[/repr.filename]…
[STA-1140] /workspace/peripheral-example/ip/CF_SRAM_1024x32/lib/CF_SRAM_1024x32_wb_wrapper.lib line 1, library CF_SRAM_1024x32_wb_wrapper already exists.
[STA-0366] port 'la_data_in[*]' not found.
[STA-0366] port 'la_oenb[*]' not found.
[STA-0366] port 'la_data_in[*]' not found.
[STA-0366] port 'la_oenb[*]' not found.
[STA-0366] port 'io_in[*]' not found.
[STA-0366] port 'la_data_in[*]' not found.
[STA-0366] port 'la_oenb[*]' not found.
[STA-0366] port 'io_in[*]' not found.
[STA-0366] port 'la_oenb[*]' not found.
[STA-0366] port 'la_data_in[*]' not found.
[STA-0366] port 'la_data_out[*]' not found.
[STA-0366] port 'la_data_out[*]' not found.
Running 'OpenROAD.DetailedRouting' at 'openlane/user_project/runs/RUN_2025-10-27_22-54-47/45-openroad-detailedrouting'…
Running TritonRoute with 64 threads…
Logging subprocess to [repr.filename]'openlane/user_project/runs/RUN_2025-10-27_22-54-47/45-openroad-detailedrouting/openroad-detailedrouting.log'[/repr.filename]…
[STA-1140] /workspace/peripheral-example/ip/CF_SRAM_1024x32/lib/CF_SRAM_1024x32_wb_wrapper.lib line 1, library CF_SRAM_1024x32_wb_wrapper already exists.
[STA-0366] port 'la_data_in[*]' not found.
[STA-0366] port 'la_oenb[*]' not found.
[STA-0366] port 'la_data_in[*]' not found.
[STA-0366] port 'la_oenb[*]' not found.
[STA-0366] port 'io_in[*]' not found.
[STA-0366] port 'la_data_in[*]' not found.
[STA-0366] port 'la_oenb[*]' not found.
[STA-0366] port 'io_in[*]' not found.
[STA-0366] port 'la_oenb[*]' not found.
[STA-0366] port 'la_data_in[*]' not found.
[STA-0366] port 'la_data_out[*]' not found.
[STA-0366] port 'la_data_out[*]' not found.
[DRT-0349] LEF58_ENCLOSURE with no CUTCLASS is not supported. Skipping for layer mcon
[DRT-0349] LEF58_ENCLOSURE with no CUTCLASS is not supported. Skipping for layer mcon
[DRT-0349] LEF58_ENCLOSURE with no CUTCLASS is not supported. Skipping for layer via
[DRT-0349] LEF58_ENCLOSURE with no CUTCLASS is not supported. Skipping for layer via
[DRT-0349] LEF58_ENCLOSURE with no CUTCLASS is not supported. Skipping for layer via2
[DRT-0349] LEF58_ENCLOSURE with no CUTCLASS is not supported. Skipping for layer via2
[DRT-0349] LEF58_ENCLOSURE with no CUTCLASS is not supported. Skipping for layer via3
[DRT-0349] LEF58_ENCLOSURE with no CUTCLASS is not supported. Skipping for layer via3
[DRT-0349] LEF58_ENCLOSURE with no CUTCLASS is not supported. Skipping for layer via4
[DRT-0349] LEF58_ENCLOSURE with no CUTCLASS is not supported. Skipping for layer via4
