Clock: clk
Sources: wb_clk_i 
Generated: no
Virtual: yes
Propagated: no
Period: 25.000000

===========================================================================
report_clock_properties
============================================================================
Clock                   Period          Waveform
----------------------------------------------------
clk                  25.000000    0.000000 12.500000

===========================================================================
report_clock_latency
============================================================================
Clock clk
rise -> rise
    min     max
4.650000 5.570000 source latency
5.365034         network latency _6681_/CLK
        6.326794 network latency _6363_/CLK
---------------
10.015035 11.896795 latency
        1.881761 skew

fall -> fall
    min     max
4.650000 5.570000 source latency
5.442861         network latency _6679_/CLK
        6.393622 network latency _6363_/CLK
---------------
10.092860 11.963621 latency
        1.870761 skew



===========================================================================
report_clock_min_period
============================================================================
clk period_min = 7.59 fmax = 131.75
