Clock: clk
Sources: wb_clk_i 
Generated: no
Virtual: yes
Propagated: no
Period: 25.000000

===========================================================================
report_clock_properties
============================================================================
Clock                   Period          Waveform
----------------------------------------------------
clk                  25.000000    0.000000 12.500000

===========================================================================
report_clock_latency
============================================================================
Clock clk
rise -> rise
    min     max
4.650000 5.570000 source latency
6.218200         network latency mprj/_6645_/CLK
        7.309114 network latency mprj/_6185_/CLK
---------------
10.868200 12.879115 latency
        2.010915 skew

fall -> fall
    min     max
4.650000 5.570000 source latency
6.219894         network latency mprj/_6645_/CLK
        7.260990 network latency mprj/_6185_/CLK
---------------
10.869894 12.830990 latency
        1.961096 skew



===========================================================================
report_clock_min_period
============================================================================
clk period_min = 18.04 fmax = 55.44
