Clock: clk
Sources: wb_clk_i 
Generated: no
Virtual: yes
Propagated: no
Period: 25.000000

===========================================================================
report_clock_properties
============================================================================
Clock                   Period          Waveform
----------------------------------------------------
clk                  25.000000    0.000000 12.500000

===========================================================================
report_clock_latency
============================================================================
Clock clk
rise -> rise
    min     max
4.650000 5.570000 source latency
6.284948         network latency mprj/_6645_/CLK
        7.398965 network latency mprj/_6185_/CLK
---------------
10.934947 12.968965 latency
        2.034018 skew

fall -> fall
    min     max
4.650000 5.570000 source latency
6.274684         network latency mprj/_6645_/CLK
        7.333054 network latency mprj/_6185_/CLK
---------------
10.924684 12.903053 latency
        1.978369 skew



===========================================================================
report_clock_min_period
============================================================================
clk period_min = 18.34 fmax = 54.54
