Clock: clk
Sources: wb_clk_i 
Generated: no
Virtual: yes
Propagated: no
Period: 25.000000

===========================================================================
report_clock_properties
============================================================================
Clock                   Period          Waveform
----------------------------------------------------
clk                  25.000000    0.000000 12.500000

===========================================================================
report_clock_latency
============================================================================
Clock clk
rise -> rise
    min     max
4.650000 5.570000 source latency
4.696974         network latency _6627_/CLK
        5.675320 network latency _6287_/CLK
---------------
9.346973 11.245320 latency
        1.898347 skew

fall -> fall
    min     max
4.650000 5.570000 source latency
4.694224         network latency _6627_/CLK
        5.669374 network latency _6287_/CLK
---------------
9.344223 11.239374 latency
        1.895151 skew



===========================================================================
report_clock_min_period
============================================================================
clk period_min = 8.39 fmax = 119.17
