┏━━━━━━━┳━━━━━━━━━┳━━━━━━━━━━┳━━━━━━━━━━━━━━━┳━━━━━━━━━━━━━━━━━━━━━━━━━┳━━━━━━━┓
┃ P / R ┃ Partial ┃ Required ┃ Net           ┃ Pin                     ┃ Layer ┃
┡━━━━━━━╇━━━━━━━━━╇━━━━━━━━━━╇━━━━━━━━━━━━━━━╇━━━━━━━━━━━━━━━━━━━━━━━━━╇━━━━━━━┩
│ 7.25  │ 2900.38 │ 400.00   │ net31         │ sram_inst/wbs_adr_i[6]  │ met3  │
│ 6.33  │ 2533.98 │ 400.00   │ uart_inst.IRQ │ _6891_/A                │ met3  │
│ 5.72  │ 2287.05 │ 400.00   │ net4          │ sram_inst/wbs_adr_i[10] │ met3  │
│ 5.50  │ 2199.43 │ 400.00   │ net34         │ sram_inst/wbs_adr_i[9]  │ met3  │
│ 5.28  │ 2111.81 │ 400.00   │ net33         │ sram_inst/wbs_adr_i[8]  │ met3  │
│ 4.62  │ 1848.95 │ 400.00   │ net32         │ sram_inst/wbs_adr_i[7]  │ met3  │
│ 4.40  │ 1761.33 │ 400.00   │ net30         │ sram_inst/wbs_adr_i[5]  │ met3  │
│ 3.97  │ 1586.10 │ 400.00   │ net29         │ sram_inst/wbs_adr_i[4]  │ met3  │
│ 2.65  │ 1060.38 │ 400.00   │ net37         │ sram_inst/wbs_dat_i[10] │ met3  │
│ 2.65  │ 1060.38 │ 400.00   │ net41         │ sram_inst/wbs_dat_i[14] │ met3  │
│ 2.65  │ 1060.38 │ 400.00   │ net60         │ sram_inst/wbs_dat_i[31] │ met3  │
│ 2.43  │ 972.76  │ 400.00   │ net55         │ sram_inst/wbs_dat_i[27] │ met3  │
│ 2.43  │ 972.76  │ 400.00   │ net361        │ sram_inst/wbs_dat_i[3]  │ met3  │
│ 2.43  │ 970.68  │ 400.00   │ _1459_        │ _5210_/B                │ met1  │
│ 2.41  │ 964.23  │ 400.00   │ net2          │ fanout426/A             │ met3  │
│ 2.41  │ 964.23  │ 400.00   │ net2          │ fanout438/A             │ met3  │
│ 2.24  │ 895.89  │ 400.00   │ net25         │ hold153/A               │ met1  │
│ 2.21  │ 885.14  │ 400.00   │ net38         │ sram_inst/wbs_dat_i[11] │ met3  │
│ 2.13  │ 852.07  │ 400.00   │ _1955_        │ _4927_/A2               │ met3  │
│ 2.12  │ 846.27  │ 400.00   │ net997        │ _6890_/A                │ met1  │
│ 1.99  │ 797.52  │ 400.00   │ net51         │ sram_inst/wbs_dat_i[23] │ met3  │
│ 1.99  │ 797.52  │ 400.00   │ net54         │ sram_inst/wbs_dat_i[26] │ met3  │
│ 1.99  │ 797.52  │ 400.00   │ net57         │ sram_inst/wbs_dat_i[29] │ met3  │
│ 1.93  │ 771.32  │ 400.00   │ _2509_        │ fanout173/A             │ met3  │
│ 1.85  │ 739.69  │ 400.00   │ net59         │ sram_inst/wbs_dat_i[30] │ met2  │
│ 1.77  │ 709.90  │ 400.00   │ net25         │ sram_inst/wbs_adr_i[2]  │ met3  │
│ 1.77  │ 709.90  │ 400.00   │ net49         │ sram_inst/wbs_dat_i[21] │ met3  │
│ 1.75  │ 701.50  │ 400.00   │ net3          │ hold20/A                │ met1  │
│ 1.59  │ 635.67  │ 400.00   │ net30         │ hold120/A               │ met1  │
│ 1.57  │ 629.36  │ 400.00   │ net3          │ _4965_/B                │ met2  │
│ 1.56  │ 622.29  │ 400.00   │ net52         │ sram_inst/wbs_dat_i[24] │ met3  │
│ 1.56  │ 622.29  │ 400.00   │ net53         │ sram_inst/wbs_dat_i[25] │ met3  │
│ 1.56  │ 622.29  │ 400.00   │ net587        │ _3328_/A                │ met3  │
│ 1.55  │ 620.81  │ 400.00   │ net60         │ sram_inst/wbs_dat_i[31] │ met2  │
│ 1.41  │ 562.57  │ 400.00   │ net73         │ sram_inst/wbs_we_i      │ met3  │
│ 1.40  │ 558.19  │ 400.00   │ _2097_        │ _4361_/A                │ met1  │
│ 1.39  │ 555.83  │ 400.00   │ net374        │ _4161_/A1               │ met1  │
│ 1.34  │ 534.98  │ 400.00   │ net6          │ hold73/A                │ met3  │
│ 1.34  │ 534.67  │ 400.00   │ net42         │ sram_inst/wbs_dat_i[15] │ met3  │
│ 1.34  │ 534.67  │ 400.00   │ net67         │ sram_inst/wbs_dat_i[9]  │ met3  │
│ 1.34  │ 534.67  │ 400.00   │ net69         │ sram_inst/wbs_sel_i[1]  │ met3  │
│ 1.27  │ 508.50  │ 400.00   │ net475        │ _4163_/A0               │ met1  │
│ 1.26  │ 3713.71 │ 2956.40  │ uart_inst.IRQ │ _6891_/A                │ met4  │
│ 1.21  │ 482.90  │ 400.00   │ _2073_        │ _4104_/A2               │ met1  │
│ 1.19  │ 476.04  │ 400.00   │ net342        │ _3318_/A0               │ met1  │
│ 1.13  │ 451.74  │ 400.00   │ net375        │ _3970_/A0               │ met1  │
│ 1.12  │ 447.05  │ 400.00   │ net44         │ sram_inst/wbs_dat_i[17] │ met3  │
│ 1.11  │ 444.60  │ 400.00   │ net359        │ fanout358/A             │ met1  │
│ 1.10  │ 439.94  │ 400.00   │ net128        │ _5562_/A1               │ met1  │
│ 1.08  │ 432.72  │ 400.00   │ net343        │ _4748_/A0               │ met1  │
│ 1.06  │ 425.24  │ 400.00   │ net449        │ _4251_/A0               │ met1  │
│ 1.06  │ 425.24  │ 400.00   │ net449        │ _4270_/A1               │ met1  │
│ 1.04  │ 416.75  │ 400.00   │ net2          │ fanout406/A             │ met1  │
│ 1.04  │ 416.18  │ 400.00   │ net5          │ sram_inst/wbs_adr_i[11] │ met2  │
│ 1.04  │ 416.18  │ 400.00   │ net5          │ hold31/A                │ met2  │
│ 1.04  │ 416.07  │ 400.00   │ net343        │ fanout340/A             │ met1  │
│ 1.03  │ 410.13  │ 400.00   │ net365        │ _3323_/A0               │ met1  │
│ 1.00  │ 400.92  │ 400.00   │ _1791_        │ fanout167/A             │ met1  │
└───────┴─────────┴──────────┴───────────────┴─────────────────────────┴───────┘
