Net: io_in[6]
  Pin:   mprj/uart_rx (user_project)
    Layer: met2
      Partial area ratio:    1.62
      Required ratio:    0.00 (Gate area) 
      Cumulative area ratio:    1.62
      Required ratio:    0.00 (Cumulative area) 
      Partial area ratio:    8.00
      Required ratio: 2773.88 (Side area) 
      Cumulative area ratio:    8.00
      Required ratio:    0.00 (Cumulative side area) 

    Layer: via2
      Partial area ratio:    0.06
      Required ratio:   21.65 (Gate area) 
      Cumulative area ratio:    0.06
      Required ratio:    0.00 (Cumulative area) 

    Layer: met3
      Partial area ratio: 1294.52
      Required ratio:    0.00 (Gate area) 
      Cumulative area ratio: 1296.14
      Required ratio:    0.00 (Cumulative area) 
      Partial area ratio: 6905.56
      Required ratio: 2773.88 (Side area) (VIOLATED)
      Cumulative area ratio: 6913.56
      Required ratio:    0.00 (Cumulative side area) 



Net: wbs_adr_i[16]
  Pin:   mprj/wbs_adr_i[16] (user_project)
    Layer: met2
      Partial area ratio:    2.50
      Required ratio:    0.00 (Gate area) 
      Cumulative area ratio:    2.50
      Required ratio:    0.00 (Cumulative area) 
      Partial area ratio:   12.38
      Required ratio: 2773.88 (Side area) 
      Cumulative area ratio:   12.38
      Required ratio:    0.00 (Cumulative side area) 

    Layer: via2
      Partial area ratio:    0.07
      Required ratio:   21.65 (Gate area) 
      Cumulative area ratio:    0.07
      Required ratio:    0.00 (Cumulative area) 

    Layer: met3
      Partial area ratio:  715.06
      Required ratio:    0.00 (Gate area) 
      Cumulative area ratio:  717.55
      Required ratio:    0.00 (Cumulative area) 
      Partial area ratio: 3817.83
      Required ratio: 2773.88 (Side area) (VIOLATED)
      Cumulative area ratio: 3830.21
      Required ratio:    0.00 (Cumulative side area) 



Net: wbs_adr_i[18]
  Pin:   mprj/wbs_adr_i[18] (user_project)
    Layer: met2
      Partial area ratio:    2.50
      Required ratio:    0.00 (Gate area) 
      Cumulative area ratio:    2.50
      Required ratio:    0.00 (Cumulative area) 
      Partial area ratio:   12.38
      Required ratio: 2773.88 (Side area) 
      Cumulative area ratio:   12.38
      Required ratio:    0.00 (Cumulative side area) 

    Layer: via2
      Partial area ratio:    0.07
      Required ratio:   21.65 (Gate area) 
      Cumulative area ratio:    0.07
      Required ratio:    0.00 (Cumulative area) 

    Layer: met3
      Partial area ratio:  705.84
      Required ratio:    0.00 (Gate area) 
      Cumulative area ratio:  708.34
      Required ratio:    0.00 (Cumulative area) 
      Partial area ratio: 3767.86
      Required ratio: 2773.88 (Side area) (VIOLATED)
      Cumulative area ratio: 3780.24
      Required ratio:    0.00 (Cumulative side area) 



Net: wbs_dat_i[5]
  Pin:   mprj/wbs_dat_i[5] (user_project)
    Layer: met2
      Partial area ratio:    2.97
      Required ratio:    0.00 (Gate area) 
      Cumulative area ratio:    2.97
      Required ratio:    0.00 (Cumulative area) 
      Partial area ratio:   14.53
      Required ratio: 2773.88 (Side area) 
      Cumulative area ratio:   14.53
      Required ratio:    0.00 (Cumulative side area) 

    Layer: via2
      Partial area ratio:    0.07
      Required ratio:   21.65 (Gate area) 
      Cumulative area ratio:    0.07
      Required ratio:    0.00 (Cumulative area) 

    Layer: met3
      Partial area ratio:  578.25
      Required ratio:    0.00 (Gate area) 
      Cumulative area ratio:  581.22
      Required ratio:    0.00 (Cumulative area) 
      Partial area ratio: 3087.34
      Required ratio: 2773.88 (Side area) (VIOLATED)
      Cumulative area ratio: 3101.87
      Required ratio:    0.00 (Cumulative side area) 



[INFO ANT-0002] Found 4 net violations.
[INFO ANT-0001] Found 4 pin violations.
