
===========================================================================
report_checks -unconstrained
===========================================================================
======================= nom_tt_025C_1v80 Corner ===================================

Startpoint: wb_rst_i (input port clocked by clk)
Endpoint: _6209_ (recovery check against rising-edge clock clk)
Path Group: asynchronous
Path Type: max

Fanout         Cap        Slew       Delay        Time   Description
---------------------------------------------------------------------------------------------
                                  0.000000    0.000000   clock clk (rise edge)
                                  5.570000    5.570000   clock network delay (propagated)
                                 12.500000   18.070000 v input external delay
     2    0.003989    0.000000    0.000000   18.070000 v wb_rst_i (in)
                                                         wb_rst_i (net)
                      0.000092    0.000046   18.070045 v input2/A (sky130_fd_sc_hd__buf_4)
     9    0.109141    0.142754    0.200290   18.270334 v input2/X (sky130_fd_sc_hd__buf_4)
                                                         net2 (net)
                      0.153960    0.030809   18.301144 v fanout426/A (sky130_fd_sc_hd__clkbuf_4)
    11    0.062422    0.128157    0.269388   18.570532 v fanout426/X (sky130_fd_sc_hd__clkbuf_4)
                                                         net426 (net)
                      0.128164    0.000776   18.571308 v fanout421/A (sky130_fd_sc_hd__clkbuf_2)
    11    0.044510    0.169049    0.252129   18.823437 v fanout421/X (sky130_fd_sc_hd__clkbuf_2)
                                                         net421 (net)
                      0.169065    0.001680   18.825117 v fanout420/A (sky130_fd_sc_hd__buf_2)
    13    0.050443    0.121382    0.261075   19.086193 v fanout420/X (sky130_fd_sc_hd__buf_2)
                                                         net420 (net)
                      0.121386    0.001004   19.087196 v fanout416/A (sky130_fd_sc_hd__clkbuf_4)
     8    0.053075    0.110310    0.244242   19.331438 v fanout416/X (sky130_fd_sc_hd__clkbuf_4)
                                                         net416 (net)
                      0.110315    0.000947   19.332386 v fanout415/A (sky130_fd_sc_hd__buf_4)
    10    0.059334    0.083910    0.223199   19.555584 v fanout415/X (sky130_fd_sc_hd__buf_4)
                                                         net415 (net)
                      0.083937    0.001434   19.557018 v _5683_/A (sky130_fd_sc_hd__inv_2)
     1    0.003752    0.033383    0.057867   19.614885 ^ _5683_/Y (sky130_fd_sc_hd__inv_2)
                                                         _0059_ (net)
                      0.033383    0.000073   19.614958 ^ _6209_/SET_B (sky130_fd_sc_hd__dfstp_1)
                                             19.614958   data arrival time

                                 25.000000   25.000000   clock clk (rise edge)
                                  4.650000   29.650000   clock source latency
     4    0.092155    0.610000    0.000000   29.650000 ^ wb_clk_i (in)
                                                         wb_clk_i (net)
                      0.628400    0.009200   29.659199 ^ clkbuf_regs_0_clk/A (sky130_fd_sc_hd__clkbuf_16)
     1    0.008451    0.047191    0.249671   29.908869 ^ clkbuf_regs_0_clk/X (sky130_fd_sc_hd__clkbuf_16)
                                                         wb_clk_i_regs (net)
                      0.047192    0.000263   29.909132 ^ clkbuf_0_wb_clk_i_regs/A (sky130_fd_sc_hd__clkbuf_16)
    17    0.150424    0.162760    0.218321   30.127453 ^ clkbuf_0_wb_clk_i_regs/X (sky130_fd_sc_hd__clkbuf_16)
                                                         clknet_0_wb_clk_i_regs (net)
                      0.163920    0.010971   30.138424 ^ clkbuf_3_4_0_wb_clk_i_regs/A (sky130_fd_sc_hd__clkbuf_8)
    19    0.115586    0.202550    0.286189   30.424614 ^ clkbuf_3_4_0_wb_clk_i_regs/X (sky130_fd_sc_hd__clkbuf_8)
                                                         clknet_3_4_0_wb_clk_i_regs (net)
                      0.202619    0.003109   30.427721 ^ clkbuf_leaf_49_wb_clk_i_regs/A (sky130_fd_sc_hd__clkbuf_8)
    14    0.059900    0.114391    0.234447   30.662169 ^ clkbuf_leaf_49_wb_clk_i_regs/X (sky130_fd_sc_hd__clkbuf_8)
                                                         clknet_leaf_49_wb_clk_i_regs (net)
                      0.114410    0.001457   30.663626 ^ _6209_/CLK (sky130_fd_sc_hd__dfstp_1)
                                 -0.250000   30.413624   clock uncertainty
                                  0.000000   30.413624   clock reconvergence pessimism
                                  0.158050   30.571674   library recovery time
                                             30.571674   data required time
---------------------------------------------------------------------------------------------
                                             30.571674   data required time
                                            -19.614958   data arrival time
---------------------------------------------------------------------------------------------
                                             10.956717   slack (MET)


Startpoint: wbs_adr_i[15] (input port clocked by clk)
Endpoint: wbs_dat_o[1] (output port clocked by clk)
Path Group: clk
Path Type: max

Fanout         Cap        Slew       Delay        Time   Description
---------------------------------------------------------------------------------------------
                                  0.000000    0.000000   clock clk (rise edge)
                                  5.570000    5.570000   clock network delay (propagated)
                                  3.890000    9.460000 v input external delay
     2    0.005308    0.920000    0.000000    9.460000 v wbs_adr_i[15] (in)
                                                         wbs_adr_i[15] (net)
                      0.920097    0.000048    9.460048 v hold58/A (sky130_fd_sc_hd__dlygate4sd3_1)
     1    0.002164    0.050030    0.850475   10.310523 v hold58/X (sky130_fd_sc_hd__dlygate4sd3_1)
                                                         net497 (net)
                      0.050030    0.000041   10.310564 v input9/A (sky130_fd_sc_hd__clkbuf_4)
     5    0.089823    0.179691    0.252745   10.563310 v input9/X (sky130_fd_sc_hd__clkbuf_4)
                                                         net9 (net)
                      0.180441    0.009705   10.573015 v hold59/A (sky130_fd_sc_hd__dlygate4sd3_1)
     5    0.021057    0.138620    0.705646   11.278661 v hold59/X (sky130_fd_sc_hd__dlygate4sd3_1)
                                                         net498 (net)
                      0.138646    0.001860   11.280520 v _3129_/D (sky130_fd_sc_hd__or4_1)
     2    0.007585    0.113898    0.466574   11.747095 v _3129_/X (sky130_fd_sc_hd__or4_1)
                                                         _1296_ (net)
                      0.113898    0.000157   11.747252 v hold70/A (sky130_fd_sc_hd__dlygate4sd3_1)
     1    0.001692    0.047527    0.568931   12.316183 v hold70/X (sky130_fd_sc_hd__dlygate4sd3_1)
                                                         net509 (net)
                      0.047527    0.000032   12.316216 v hold60/A (sky130_fd_sc_hd__dlygate4sd3_1)
     1    0.002825    0.053142    0.549373   12.865588 v hold60/X (sky130_fd_sc_hd__dlygate4sd3_1)
                                                         net499 (net)
                      0.053142    0.000091   12.865679 v _3132_/A (sky130_fd_sc_hd__or2_1)
     4    0.023123    0.136429    0.320282   13.185961 v _3132_/X (sky130_fd_sc_hd__or2_1)
                                                         _1299_ (net)
                      0.136433    0.000856   13.186817 v _3296_/A (sky130_fd_sc_hd__or2_2)
     8    0.033583    0.132700    0.422511   13.609328 v _3296_/X (sky130_fd_sc_hd__or2_2)
                                                         _1457_ (net)
                      0.132701    0.000604   13.609932 v _3315_/B (sky130_fd_sc_hd__or2_2)
     5    0.025586    0.111630    0.380400   13.990332 v _3315_/X (sky130_fd_sc_hd__or2_2)
                                                         _1462_ (net)
                      0.111635    0.000924   13.991256 v hold66/A (sky130_fd_sc_hd__dlygate4sd3_1)
     1    0.008605    0.081534    0.616822   14.608078 v hold66/X (sky130_fd_sc_hd__dlygate4sd3_1)
                                                         net505 (net)
                      0.081534    0.000402   14.608480 v fanout196/A (sky130_fd_sc_hd__clkbuf_2)
     5    0.025458    0.101316    0.180131   14.788611 v fanout196/X (sky130_fd_sc_hd__clkbuf_2)
                                                         net196 (net)
                      0.101320    0.000721   14.789332 v _4889_/A2 (sky130_fd_sc_hd__o221a_1)
     1    0.004702    0.055222    0.267715   15.057048 v _4889_/X (sky130_fd_sc_hd__o221a_1)
                                                         _2620_ (net)
                      0.055259    0.000176   15.057223 v _4890_/B2 (sky130_fd_sc_hd__a221o_1)
     1    0.008624    0.081287    0.354989   15.412212 v _4890_/X (sky130_fd_sc_hd__a221o_1)
                                                         _2621_ (net)
                      0.081288    0.000391   15.412603 v _4891_/B2 (sky130_fd_sc_hd__a221o_1)
     1    0.003216    0.054383    0.328765   15.741367 v _4891_/X (sky130_fd_sc_hd__a221o_1)
                                                         _2622_ (net)
                      0.054383    0.000092   15.741460 v _4892_/B1 (sky130_fd_sc_hd__o211a_1)
     1    0.014129    0.087152    0.173145   15.914605 v _4892_/X (sky130_fd_sc_hd__o211a_1)
                                                         _2623_ (net)
                      0.087162    0.000981   15.915586 v _4893_/B1 (sky130_fd_sc_hd__a211o_1)
     1    0.003392    0.050888    0.279879   16.195465 v _4893_/X (sky130_fd_sc_hd__a211o_1)
                                                         _2624_ (net)
                      0.050888    0.000103   16.195568 v _4894_/C1 (sky130_fd_sc_hd__o211a_1)
     1    0.005295    0.049858    0.118691   16.314259 v _4894_/X (sky130_fd_sc_hd__o211a_1)
                                                         _2625_ (net)
                      0.049858    0.000163   16.314423 v _4895_/D1 (sky130_fd_sc_hd__a2111o_4)
     3    0.057161    0.140654    0.454353   16.768776 v _4895_/X (sky130_fd_sc_hd__a2111o_4)
                                                         net90 (net)
                      0.140774    0.003597   16.772373 v output90/A (sky130_fd_sc_hd__buf_12)
     1    0.191112    0.103431    0.236845   17.009218 v output90/X (sky130_fd_sc_hd__buf_12)
                                                         wbs_dat_o[1] (net)
                      0.103659    0.004238   17.013456 v wbs_dat_o[1] (out)
                                             17.013456   data arrival time

                                 25.000000   25.000000   clock clk (rise edge)
                                  4.650000   29.650000   clock network delay (propagated)
                                 -0.250000   29.400000   clock uncertainty
                                  0.000000   29.400000   clock reconvergence pessimism
                                 -3.620000   25.779999   output external delay
                                             25.779999   data required time
---------------------------------------------------------------------------------------------
                                             25.779999   data required time
                                            -17.013456   data arrival time
---------------------------------------------------------------------------------------------
                                              8.766543   slack (MET)




===========================================================================
report_checks --slack_max -0.01
============================================================================
======================= nom_tt_025C_1v80 Corner ===================================

No paths found.


===========================================================================
 report_check_types -max_slew -max_cap -max_fanout -violators
============================================================================
======================= nom_tt_025C_1v80 Corner ===================================

max slew

Pin                                        Limit        Slew       Slack
------------------------------------------------------------------------
ANTENNA_input13_A/DIODE                 0.750000    0.920187   -0.170187 (VIOLATED)
ANTENNA_hold30_A/DIODE                  0.750000    0.920164   -0.170164 (VIOLATED)
input13/A                               0.750000    0.920148   -0.170149 (VIOLATED)
ANTENNA_hold159_A/DIODE                 0.750000    0.920134   -0.170134 (VIOLATED)
ANTENNA_hold15_A/DIODE                  0.750000    0.920128   -0.170128 (VIOLATED)
ANTENNA_hold147_A/DIODE                 0.750000    0.920122   -0.170122 (VIOLATED)
hold68/A                                0.750000    0.920120   -0.170121 (VIOLATED)
ANTENNA_hold74_A/DIODE                  0.750000    0.920118   -0.170118 (VIOLATED)
input17/A                               0.750000    0.920116   -0.170116 (VIOLATED)
ANTENNA_hold58_A/DIODE                  0.750000    0.920116   -0.170116 (VIOLATED)
hold30/A                                0.750000    0.920115   -0.170115 (VIOLATED)
ANTENNA_hold136_A/DIODE                 0.750000    0.920114   -0.170114 (VIOLATED)
ANTENNA_hold68_A/DIODE                  0.750000    0.920113   -0.170113 (VIOLATED)
ANTENNA_hold52_A/DIODE                  0.750000    0.920112   -0.170112 (VIOLATED)
hold43/A                                0.750000    0.920112   -0.170112 (VIOLATED)
hold147/A                               0.750000    0.920107   -0.170107 (VIOLATED)
input16/A                               0.750000    0.920107   -0.170107 (VIOLATED)
hold136/A                               0.750000    0.920105   -0.170105 (VIOLATED)
hold52/A                                0.750000    0.920105   -0.170105 (VIOLATED)
input23/A                               0.750000    0.920104   -0.170104 (VIOLATED)
hold15/A                                0.750000    0.920104   -0.170104 (VIOLATED)
input26/A                               0.750000    0.920104   -0.170104 (VIOLATED)
hold74/A                                0.750000    0.920103   -0.170103 (VIOLATED)
hold58/A                                0.750000    0.920103   -0.170103 (VIOLATED)
input24/A                               0.750000    0.920099   -0.170099 (VIOLATED)
hold159/A                               0.750000    0.920098   -0.170098 (VIOLATED)
hold72/A                                0.750000    0.920097   -0.170097 (VIOLATED)
input18/A                               0.750000    0.920097   -0.170097 (VIOLATED)
input20/A                               0.750000    0.920095   -0.170096 (VIOLATED)
ANTENNA_input17_A/DIODE                 0.750000    0.920094   -0.170094 (VIOLATED)
hold162/A                               0.750000    0.920094   -0.170094 (VIOLATED)
hold343/A                               0.750000    0.920094   -0.170094 (VIOLATED)
input19/A                               0.750000    0.920093   -0.170093 (VIOLATED)
input22/A                               0.750000    0.920093   -0.170093 (VIOLATED)
input27/A                               0.750000    0.920092   -0.170092 (VIOLATED)
input21/A                               0.750000    0.920092   -0.170092 (VIOLATED)
input15/A                               0.750000    0.920092   -0.170092 (VIOLATED)
ANTENNA_input26_A/DIODE                 0.750000    0.920090   -0.170090 (VIOLATED)
ANTENNA_input27_A/DIODE                 0.750000    0.920088   -0.170088 (VIOLATED)
ANTENNA_hold119_A/DIODE                 0.750000    0.920088   -0.170088 (VIOLATED)
hold119/A                               0.750000    0.920087   -0.170087 (VIOLATED)
ANTENNA_input15_A/DIODE                 0.750000    0.920084   -0.170084 (VIOLATED)
ANTENNA_input24_A/DIODE                 0.750000    0.920084   -0.170084 (VIOLATED)
ANTENNA_input23_A/DIODE                 0.750000    0.920083   -0.170083 (VIOLATED)
ANTENNA_hold343_A/DIODE                 0.750000    0.920081   -0.170081 (VIOLATED)
ANTENNA_input16_A/DIODE                 0.750000    0.920081   -0.170081 (VIOLATED)
ANTENNA_hold43_A/DIODE                  0.750000    0.920081   -0.170081 (VIOLATED)
ANTENNA_hold152_A/DIODE                 0.750000    0.920077   -0.170077 (VIOLATED)
hold63/A                                0.750000    0.920076   -0.170077 (VIOLATED)
ANTENNA_hold72_A/DIODE                  0.750000    0.920076   -0.170076 (VIOLATED)
hold167/A                               0.750000    0.920076   -0.170076 (VIOLATED)
ANTENNA_hold162_A/DIODE                 0.750000    0.920075   -0.170075 (VIOLATED)
ANTENNA_input20_A/DIODE                 0.750000    0.920075   -0.170075 (VIOLATED)
hold19/A                                0.750000    0.920074   -0.170074 (VIOLATED)
hold152/A                               0.750000    0.920073   -0.170073 (VIOLATED)
hold133/A                               0.750000    0.920072   -0.170072 (VIOLATED)
ANTENNA_input18_A/DIODE                 0.750000    0.920071   -0.170071 (VIOLATED)
ANTENNA_input19_A/DIODE                 0.750000    0.920070   -0.170070 (VIOLATED)
ANTENNA_input22_A/DIODE                 0.750000    0.920070   -0.170070 (VIOLATED)
ANTENNA_input21_A/DIODE                 0.750000    0.920070   -0.170070 (VIOLATED)
ANTENNA_hold167_A/DIODE                 0.750000    0.920068   -0.170068 (VIOLATED)
ANTENNA_hold133_A/DIODE                 0.750000    0.920065   -0.170065 (VIOLATED)
ANTENNA_hold63_A/DIODE                  0.750000    0.920062   -0.170062 (VIOLATED)
ANTENNA_hold19_A/DIODE                  0.750000    0.920058   -0.170058 (VIOLATED)
wbs_adr_i[0]                            0.750000    0.920000   -0.170000 (VIOLATED)
wbs_adr_i[10]                           0.750000    0.920000   -0.170000 (VIOLATED)
wbs_adr_i[11]                           0.750000    0.920000   -0.170000 (VIOLATED)
wbs_adr_i[12]                           0.750000    0.920000   -0.170000 (VIOLATED)
wbs_adr_i[13]                           0.750000    0.920000   -0.170000 (VIOLATED)
wbs_adr_i[14]                           0.750000    0.920000   -0.170000 (VIOLATED)
wbs_adr_i[15]                           0.750000    0.920000   -0.170000 (VIOLATED)
wbs_adr_i[16]                           0.750000    0.920000   -0.170000 (VIOLATED)
wbs_adr_i[17]                           0.750000    0.920000   -0.170000 (VIOLATED)
wbs_adr_i[18]                           0.750000    0.920000   -0.170000 (VIOLATED)
wbs_adr_i[19]                           0.750000    0.920000   -0.170000 (VIOLATED)
wbs_adr_i[1]                            0.750000    0.920000   -0.170000 (VIOLATED)
wbs_adr_i[20]                           0.750000    0.920000   -0.170000 (VIOLATED)
wbs_adr_i[21]                           0.750000    0.920000   -0.170000 (VIOLATED)
wbs_adr_i[22]                           0.750000    0.920000   -0.170000 (VIOLATED)
wbs_adr_i[23]                           0.750000    0.920000   -0.170000 (VIOLATED)
wbs_adr_i[24]                           0.750000    0.920000   -0.170000 (VIOLATED)
wbs_adr_i[25]                           0.750000    0.920000   -0.170000 (VIOLATED)
wbs_adr_i[26]                           0.750000    0.920000   -0.170000 (VIOLATED)
wbs_adr_i[27]                           0.750000    0.920000   -0.170000 (VIOLATED)
wbs_adr_i[28]                           0.750000    0.920000   -0.170000 (VIOLATED)
wbs_adr_i[29]                           0.750000    0.920000   -0.170000 (VIOLATED)
wbs_adr_i[2]                            0.750000    0.920000   -0.170000 (VIOLATED)
wbs_adr_i[30]                           0.750000    0.920000   -0.170000 (VIOLATED)
wbs_adr_i[31]                           0.750000    0.920000   -0.170000 (VIOLATED)
wbs_adr_i[3]                            0.750000    0.920000   -0.170000 (VIOLATED)
wbs_adr_i[4]                            0.750000    0.920000   -0.170000 (VIOLATED)
wbs_adr_i[5]                            0.750000    0.920000   -0.170000 (VIOLATED)
wbs_adr_i[6]                            0.750000    0.920000   -0.170000 (VIOLATED)
wbs_adr_i[7]                            0.750000    0.920000   -0.170000 (VIOLATED)
wbs_adr_i[8]                            0.750000    0.920000   -0.170000 (VIOLATED)
wbs_adr_i[9]                            0.750000    0.920000   -0.170000 (VIOLATED)
ANTENNA_hold87_A/DIODE                  0.750000    0.840515   -0.090515 (VIOLATED)
hold87/A                                0.750000    0.840395   -0.090395 (VIOLATED)
ANTENNA_hold78_A/DIODE                  0.750000    0.840340   -0.090340 (VIOLATED)
hold78/A                                0.750000    0.840274   -0.090274 (VIOLATED)
ANTENNA_hold84_A/DIODE                  0.750000    0.840253   -0.090253 (VIOLATED)
ANTENNA_hold82_A/DIODE                  0.750000    0.840229   -0.090229 (VIOLATED)
ANTENNA_hold7_A/DIODE                   0.750000    0.840214   -0.090214 (VIOLATED)
ANTENNA_hold1_A/DIODE                   0.750000    0.840210   -0.090210 (VIOLATED)
hold84/A                                0.750000    0.840193   -0.090193 (VIOLATED)
ANTENNA_hold105_A/DIODE                 0.750000    0.840191   -0.090191 (VIOLATED)
ANTENNA_hold12_A/DIODE                  0.750000    0.840191   -0.090191 (VIOLATED)
ANTENNA_hold186_A/DIODE                 0.750000    0.840185   -0.090185 (VIOLATED)
ANTENNA_hold76_A/DIODE                  0.750000    0.840180   -0.090180 (VIOLATED)
ANTENNA_hold112_A/DIODE                 0.750000    0.840180   -0.090180 (VIOLATED)
ANTENNA_hold144_A/DIODE                 0.750000    0.840169   -0.090169 (VIOLATED)
hold186/A                               0.750000    0.840163   -0.090163 (VIOLATED)
hold112/A                               0.750000    0.840163   -0.090163 (VIOLATED)
hold7/A                                 0.750000    0.840159   -0.090159 (VIOLATED)
hold1/A                                 0.750000    0.840156   -0.090156 (VIOLATED)
hold144/A                               0.750000    0.840155   -0.090155 (VIOLATED)
ANTENNA_hold126_A/DIODE                 0.750000    0.840149   -0.090149 (VIOLATED)
hold105/A                               0.750000    0.840148   -0.090148 (VIOLATED)
ANTENNA_hold35_A/DIODE                  0.750000    0.840142   -0.090142 (VIOLATED)
hold82/A                                0.750000    0.840132   -0.090132 (VIOLATED)
ANTENNA_hold122_A/DIODE                 0.750000    0.840129   -0.090129 (VIOLATED)
hold12/A                                0.750000    0.840125   -0.090125 (VIOLATED)
hold35/A                                0.750000    0.840124   -0.090124 (VIOLATED)
hold126/A                               0.750000    0.840123   -0.090123 (VIOLATED)
ANTENNA_hold124_A/DIODE                 0.750000    0.840122   -0.090122 (VIOLATED)
ANTENNA_hold39_A/DIODE                  0.750000    0.840122   -0.090122 (VIOLATED)
ANTENNA_hold90_A/DIODE                  0.750000    0.840115   -0.090115 (VIOLATED)
hold122/A                               0.750000    0.840113   -0.090113 (VIOLATED)
ANTENNA_hold24_A/DIODE                  0.750000    0.840111   -0.090111 (VIOLATED)
hold39/A                                0.750000    0.840106   -0.090107 (VIOLATED)
ANTENNA_hold5_A/DIODE                   0.750000    0.840106   -0.090106 (VIOLATED)
hold24/A                                0.750000    0.840105   -0.090105 (VIOLATED)
ANTENNA_hold97_A/DIODE                  0.750000    0.840103   -0.090103 (VIOLATED)
hold76/A                                0.750000    0.840101   -0.090101 (VIOLATED)
ANTENNA_hold100_A/DIODE                 0.750000    0.840100   -0.090100 (VIOLATED)
hold129/A                               0.750000    0.840100   -0.090100 (VIOLATED)
hold90/A                                0.750000    0.840098   -0.090098 (VIOLATED)
hold131/A                               0.750000    0.840096   -0.090096 (VIOLATED)
ANTENNA_hold37_A/DIODE                  0.750000    0.840096   -0.090096 (VIOLATED)
hold124/A                               0.750000    0.840096   -0.090096 (VIOLATED)
hold5/A                                 0.750000    0.840093   -0.090093 (VIOLATED)
ANTENNA_hold141_A/DIODE                 0.750000    0.840093   -0.090093 (VIOLATED)
hold37/A                                0.750000    0.840092   -0.090092 (VIOLATED)
ANTENNA_hold131_A/DIODE                 0.750000    0.840090   -0.090090 (VIOLATED)
hold80/A                                0.750000    0.840089   -0.090089 (VIOLATED)
hold141/A                               0.750000    0.840085   -0.090085 (VIOLATED)
ANTENNA_hold28_A/DIODE                  0.750000    0.840084   -0.090084 (VIOLATED)
hold97/A                                0.750000    0.840081   -0.090081 (VIOLATED)
ANTENNA_hold26_A/DIODE                  0.750000    0.840081   -0.090081 (VIOLATED)
ANTENNA_hold61_A/DIODE                  0.750000    0.840078   -0.090078 (VIOLATED)
hold100/A                               0.750000    0.840078   -0.090078 (VIOLATED)
hold28/A                                0.750000    0.840078   -0.090078 (VIOLATED)
hold61/A                                0.750000    0.840077   -0.090077 (VIOLATED)
hold26/A                                0.750000    0.840077   -0.090077 (VIOLATED)
hold3/A                                 0.750000    0.840077   -0.090077 (VIOLATED)
hold150/A                               0.750000    0.840076   -0.090076 (VIOLATED)
ANTENNA_hold129_A/DIODE                 0.750000    0.840072   -0.090073 (VIOLATED)
ANTENNA_hold80_A/DIODE                  0.750000    0.840071   -0.090071 (VIOLATED)
ANTENNA_hold3_A/DIODE                   0.750000    0.840065   -0.090065 (VIOLATED)
ANTENNA_hold150_A/DIODE                 0.750000    0.840062   -0.090062 (VIOLATED)
wbs_dat_i[0]                            0.750000    0.840000   -0.090000 (VIOLATED)
wbs_dat_i[10]                           0.750000    0.840000   -0.090000 (VIOLATED)
wbs_dat_i[11]                           0.750000    0.840000   -0.090000 (VIOLATED)
wbs_dat_i[12]                           0.750000    0.840000   -0.090000 (VIOLATED)
wbs_dat_i[13]                           0.750000    0.840000   -0.090000 (VIOLATED)
wbs_dat_i[14]                           0.750000    0.840000   -0.090000 (VIOLATED)
wbs_dat_i[15]                           0.750000    0.840000   -0.090000 (VIOLATED)
wbs_dat_i[16]                           0.750000    0.840000   -0.090000 (VIOLATED)
wbs_dat_i[17]                           0.750000    0.840000   -0.090000 (VIOLATED)
wbs_dat_i[18]                           0.750000    0.840000   -0.090000 (VIOLATED)
wbs_dat_i[19]                           0.750000    0.840000   -0.090000 (VIOLATED)
wbs_dat_i[1]                            0.750000    0.840000   -0.090000 (VIOLATED)
wbs_dat_i[20]                           0.750000    0.840000   -0.090000 (VIOLATED)
wbs_dat_i[21]                           0.750000    0.840000   -0.090000 (VIOLATED)
wbs_dat_i[22]                           0.750000    0.840000   -0.090000 (VIOLATED)
wbs_dat_i[23]                           0.750000    0.840000   -0.090000 (VIOLATED)
wbs_dat_i[24]                           0.750000    0.840000   -0.090000 (VIOLATED)
wbs_dat_i[25]                           0.750000    0.840000   -0.090000 (VIOLATED)
wbs_dat_i[26]                           0.750000    0.840000   -0.090000 (VIOLATED)
wbs_dat_i[27]                           0.750000    0.840000   -0.090000 (VIOLATED)
wbs_dat_i[28]                           0.750000    0.840000   -0.090000 (VIOLATED)
wbs_dat_i[29]                           0.750000    0.840000   -0.090000 (VIOLATED)
wbs_dat_i[2]                            0.750000    0.840000   -0.090000 (VIOLATED)
wbs_dat_i[30]                           0.750000    0.840000   -0.090000 (VIOLATED)
wbs_dat_i[31]                           0.750000    0.840000   -0.090000 (VIOLATED)
wbs_dat_i[3]                            0.750000    0.840000   -0.090000 (VIOLATED)
wbs_dat_i[4]                            0.750000    0.840000   -0.090000 (VIOLATED)
wbs_dat_i[5]                            0.750000    0.840000   -0.090000 (VIOLATED)
wbs_dat_i[6]                            0.750000    0.840000   -0.090000 (VIOLATED)
wbs_dat_i[7]                            0.750000    0.840000   -0.090000 (VIOLATED)
wbs_dat_i[8]                            0.750000    0.840000   -0.090000 (VIOLATED)
wbs_dat_i[9]                            0.750000    0.840000   -0.090000 (VIOLATED)
_3955_/A0                               0.750000    0.783729   -0.033729 (VIOLATED)
ANTENNA__3955__A0/DIODE                 0.750000    0.783728   -0.033728 (VIOLATED)
_4265_/A1                               0.750000    0.783724   -0.033724 (VIOLATED)
_4294_/A1                               0.750000    0.783724   -0.033724 (VIOLATED)
ANTENNA__4265__A1/DIODE                 0.750000    0.783724   -0.033724 (VIOLATED)
ANTENNA__4294__A1/DIODE                 0.750000    0.783723   -0.033723 (VIOLATED)
_4740_/A0                               0.750000    0.783714   -0.033714 (VIOLATED)
ANTENNA__4740__A0/DIODE                 0.750000    0.783713   -0.033713 (VIOLATED)
_4163_/A0                               0.750000    0.783713   -0.033713 (VIOLATED)
ANTENNA__4163__A0/DIODE                 0.750000    0.783711   -0.033711 (VIOLATED)
ANTENNA__4200__A0/DIODE                 0.750000    0.783710   -0.033710 (VIOLATED)
ANTENNA__4246__A0/DIODE                 0.750000    0.783710   -0.033710 (VIOLATED)
ANTENNA_hold36_X/DIODE                  0.750000    0.783710   -0.033710 (VIOLATED)
_4200_/A0                               0.750000    0.783710   -0.033710 (VIOLATED)
_4246_/A0                               0.750000    0.783710   -0.033710 (VIOLATED)
hold36/X                                0.750000    0.783710   -0.033710 (VIOLATED)

max fanout

Pin                                   Limit Fanout  Slack
---------------------------------------------------------
clkbuf_leaf_58_wb_clk_i_regs/X           10     43    -33 (VIOLATED)
clkbuf_leaf_45_wb_clk_i_regs/X           10     39    -29 (VIOLATED)
clkbuf_leaf_18_wb_clk_i_regs/X           10     37    -27 (VIOLATED)
clkbuf_leaf_51_wb_clk_i_regs/X           10     37    -27 (VIOLATED)
clkbuf_leaf_7_wb_clk_i_regs/X            10     35    -25 (VIOLATED)
clkbuf_leaf_54_wb_clk_i_regs/X           10     31    -21 (VIOLATED)
clkbuf_leaf_35_wb_clk_i_regs/X           10     29    -19 (VIOLATED)
clkbuf_leaf_48_wb_clk_i_regs/X           10     29    -19 (VIOLATED)
clkbuf_leaf_8_wb_clk_i_regs/X            10     29    -19 (VIOLATED)
clkbuf_3_2_0_wb_clk_i_regs/X             10     27    -17 (VIOLATED)
clkbuf_3_0_0_wb_clk_i_regs/X             10     23    -13 (VIOLATED)
_3354_/Y                                 10     21    -11 (VIOLATED)
_4291_/Y                                 10     21    -11 (VIOLATED)
_4817_/Y                                 10     21    -11 (VIOLATED)
_6285_/Q                                 10     21    -11 (VIOLATED)
_6289_/Q                                 10     21    -11 (VIOLATED)
_6294_/Q                                 10     21    -11 (VIOLATED)
_6871_/Q                                 10     21    -11 (VIOLATED)
clkbuf_3_1_0_wb_clk_i_regs/X             10     21    -11 (VIOLATED)
clkbuf_3_5_0_wb_clk_i_regs/X             10     21    -11 (VIOLATED)
clkbuf_leaf_50_wb_clk_i_regs/X           10     21    -11 (VIOLATED)
clkbuf_leaf_60_wb_clk_i_regs/X           10     21    -11 (VIOLATED)
fanout111/X                              10     21    -11 (VIOLATED)
fanout112/X                              10     21    -11 (VIOLATED)
fanout113/X                              10     21    -11 (VIOLATED)
fanout115/X                              10     21    -11 (VIOLATED)
fanout117/X                              10     21    -11 (VIOLATED)
fanout118/X                              10     21    -11 (VIOLATED)
fanout120/X                              10     21    -11 (VIOLATED)
fanout122/X                              10     21    -11 (VIOLATED)
fanout124/X                              10     21    -11 (VIOLATED)
fanout126/X                              10     21    -11 (VIOLATED)
fanout128/X                              10     21    -11 (VIOLATED)
fanout130/X                              10     21    -11 (VIOLATED)
fanout132/X                              10     21    -11 (VIOLATED)
fanout134/X                              10     21    -11 (VIOLATED)
fanout135/X                              10     21    -11 (VIOLATED)
fanout137/X                              10     21    -11 (VIOLATED)
fanout139/X                              10     21    -11 (VIOLATED)
fanout141/X                              10     21    -11 (VIOLATED)
fanout144/X                              10     21    -11 (VIOLATED)
fanout149/X                              10     21    -11 (VIOLATED)
fanout153/X                              10     21    -11 (VIOLATED)
fanout162/X                              10     21    -11 (VIOLATED)
fanout163/X                              10     21    -11 (VIOLATED)
fanout164/X                              10     21    -11 (VIOLATED)
fanout166/X                              10     21    -11 (VIOLATED)
fanout168/X                              10     21    -11 (VIOLATED)
fanout169/X                              10     21    -11 (VIOLATED)
fanout170/X                              10     21    -11 (VIOLATED)
fanout172/X                              10     21    -11 (VIOLATED)
fanout174/X                              10     21    -11 (VIOLATED)
fanout176/X                              10     21    -11 (VIOLATED)
fanout178/X                              10     21    -11 (VIOLATED)
fanout180/X                              10     21    -11 (VIOLATED)
fanout181/X                              10     21    -11 (VIOLATED)
fanout182/X                              10     21    -11 (VIOLATED)
fanout183/X                              10     21    -11 (VIOLATED)
fanout185/X                              10     21    -11 (VIOLATED)
fanout187/X                              10     21    -11 (VIOLATED)
fanout188/X                              10     21    -11 (VIOLATED)
fanout191/X                              10     21    -11 (VIOLATED)
fanout192/X                              10     21    -11 (VIOLATED)
fanout193/X                              10     21    -11 (VIOLATED)
fanout195/X                              10     21    -11 (VIOLATED)
fanout197/X                              10     21    -11 (VIOLATED)
fanout198/X                              10     21    -11 (VIOLATED)
fanout199/X                              10     21    -11 (VIOLATED)
fanout200/X                              10     21    -11 (VIOLATED)
fanout201/X                              10     21    -11 (VIOLATED)
fanout202/X                              10     21    -11 (VIOLATED)
fanout205/X                              10     21    -11 (VIOLATED)
fanout207/X                              10     21    -11 (VIOLATED)
fanout209/X                              10     21    -11 (VIOLATED)
fanout211/X                              10     21    -11 (VIOLATED)
fanout213/X                              10     21    -11 (VIOLATED)
fanout215/X                              10     21    -11 (VIOLATED)
fanout217/X                              10     21    -11 (VIOLATED)
fanout218/X                              10     21    -11 (VIOLATED)
fanout219/X                              10     21    -11 (VIOLATED)
fanout220/X                              10     21    -11 (VIOLATED)
fanout222/X                              10     21    -11 (VIOLATED)
fanout224/X                              10     21    -11 (VIOLATED)
fanout226/X                              10     21    -11 (VIOLATED)
fanout229/X                              10     21    -11 (VIOLATED)
fanout235/X                              10     21    -11 (VIOLATED)
fanout242/X                              10     21    -11 (VIOLATED)
fanout244/X                              10     21    -11 (VIOLATED)
fanout246/X                              10     21    -11 (VIOLATED)
fanout248/X                              10     21    -11 (VIOLATED)
fanout249/X                              10     21    -11 (VIOLATED)
fanout252/X                              10     21    -11 (VIOLATED)
fanout254/X                              10     21    -11 (VIOLATED)
fanout255/X                              10     21    -11 (VIOLATED)
fanout256/X                              10     21    -11 (VIOLATED)
fanout258/X                              10     21    -11 (VIOLATED)
fanout260/X                              10     21    -11 (VIOLATED)
fanout262/X                              10     21    -11 (VIOLATED)
fanout264/X                              10     21    -11 (VIOLATED)
fanout266/X                              10     21    -11 (VIOLATED)
fanout272/X                              10     21    -11 (VIOLATED)
fanout273/X                              10     21    -11 (VIOLATED)
fanout274/X                              10     21    -11 (VIOLATED)
fanout275/X                              10     21    -11 (VIOLATED)
fanout277/X                              10     21    -11 (VIOLATED)
fanout278/X                              10     21    -11 (VIOLATED)
fanout279/X                              10     21    -11 (VIOLATED)
fanout281/X                              10     21    -11 (VIOLATED)
fanout284/X                              10     21    -11 (VIOLATED)
fanout285/X                              10     21    -11 (VIOLATED)
fanout287/X                              10     21    -11 (VIOLATED)
fanout288/X                              10     21    -11 (VIOLATED)
fanout290/X                              10     21    -11 (VIOLATED)
fanout292/X                              10     21    -11 (VIOLATED)
fanout294/X                              10     21    -11 (VIOLATED)
fanout295/X                              10     21    -11 (VIOLATED)
fanout296/X                              10     21    -11 (VIOLATED)
fanout297/X                              10     21    -11 (VIOLATED)
fanout299/X                              10     21    -11 (VIOLATED)
fanout300/X                              10     21    -11 (VIOLATED)
fanout302/X                              10     21    -11 (VIOLATED)
fanout303/X                              10     21    -11 (VIOLATED)
fanout304/X                              10     21    -11 (VIOLATED)
fanout305/X                              10     21    -11 (VIOLATED)
fanout307/X                              10     21    -11 (VIOLATED)
fanout308/X                              10     21    -11 (VIOLATED)
fanout309/X                              10     21    -11 (VIOLATED)
fanout310/X                              10     21    -11 (VIOLATED)
fanout311/X                              10     21    -11 (VIOLATED)
fanout312/X                              10     21    -11 (VIOLATED)
fanout313/X                              10     21    -11 (VIOLATED)
fanout316/X                              10     21    -11 (VIOLATED)
fanout317/X                              10     21    -11 (VIOLATED)
fanout320/X                              10     21    -11 (VIOLATED)
fanout321/X                              10     21    -11 (VIOLATED)
fanout322/X                              10     21    -11 (VIOLATED)
fanout323/X                              10     21    -11 (VIOLATED)
fanout324/X                              10     21    -11 (VIOLATED)
fanout325/X                              10     21    -11 (VIOLATED)
fanout326/X                              10     21    -11 (VIOLATED)
fanout328/X                              10     21    -11 (VIOLATED)
fanout333/X                              10     21    -11 (VIOLATED)
fanout334/X                              10     21    -11 (VIOLATED)
fanout335/X                              10     21    -11 (VIOLATED)
fanout336/X                              10     21    -11 (VIOLATED)
fanout338/X                              10     21    -11 (VIOLATED)
fanout340/X                              10     21    -11 (VIOLATED)
fanout342/X                              10     21    -11 (VIOLATED)
fanout344/X                              10     21    -11 (VIOLATED)
fanout346/X                              10     21    -11 (VIOLATED)
fanout348/X                              10     21    -11 (VIOLATED)
fanout350/X                              10     21    -11 (VIOLATED)
fanout352/X                              10     21    -11 (VIOLATED)
fanout355/X                              10     21    -11 (VIOLATED)
fanout357/X                              10     21    -11 (VIOLATED)
fanout360/X                              10     21    -11 (VIOLATED)
fanout362/X                              10     21    -11 (VIOLATED)
fanout365/X                              10     21    -11 (VIOLATED)
fanout367/X                              10     21    -11 (VIOLATED)
fanout368/X                              10     21    -11 (VIOLATED)
fanout369/X                              10     21    -11 (VIOLATED)
fanout371/X                              10     21    -11 (VIOLATED)
fanout372/X                              10     21    -11 (VIOLATED)
fanout374/X                              10     21    -11 (VIOLATED)
fanout376/X                              10     21    -11 (VIOLATED)
fanout377/X                              10     21    -11 (VIOLATED)
fanout383/X                              10     21    -11 (VIOLATED)
fanout385/X                              10     21    -11 (VIOLATED)
fanout390/X                              10     21    -11 (VIOLATED)
fanout418/X                              10     21    -11 (VIOLATED)
fanout425/X                              10     21    -11 (VIOLATED)
fanout431/X                              10     21    -11 (VIOLATED)
fanout434/X                              10     21    -11 (VIOLATED)
fanout435/X                              10     21    -11 (VIOLATED)
fanout437/X                              10     21    -11 (VIOLATED)
_3267_/Y                                 10     19     -9 (VIOLATED)
_3355_/Y                                 10     19     -9 (VIOLATED)
_3546_/Y                                 10     19     -9 (VIOLATED)
_4809_/Y                                 10     19     -9 (VIOLATED)
_5340_/Y                                 10     19     -9 (VIOLATED)
_5361_/Y                                 10     19     -9 (VIOLATED)
_5371_/Y                                 10     19     -9 (VIOLATED)
_5382_/Y                                 10     19     -9 (VIOLATED)
_5404_/Y                                 10     19     -9 (VIOLATED)
_5416_/X                                 10     19     -9 (VIOLATED)
_5426_/X                                 10     19     -9 (VIOLATED)
_5436_/X                                 10     19     -9 (VIOLATED)
_5448_/Y                                 10     19     -9 (VIOLATED)
_5459_/Y                                 10     19     -9 (VIOLATED)
_5469_/X                                 10     19     -9 (VIOLATED)
_5479_/X                                 10     19     -9 (VIOLATED)
_5490_/Y                                 10     19     -9 (VIOLATED)
_5500_/Y                                 10     19     -9 (VIOLATED)
_5520_/Y                                 10     19     -9 (VIOLATED)
_5530_/Y                                 10     19     -9 (VIOLATED)
_5540_/X                                 10     19     -9 (VIOLATED)
_5550_/Y                                 10     19     -9 (VIOLATED)
_5570_/Y                                 10     19     -9 (VIOLATED)
_5580_/Y                                 10     19     -9 (VIOLATED)
_5590_/Y                                 10     19     -9 (VIOLATED)
_5600_/X                                 10     19     -9 (VIOLATED)
_5620_/Y                                 10     19     -9 (VIOLATED)
_5630_/Y                                 10     19     -9 (VIOLATED)
_5640_/Y                                 10     19     -9 (VIOLATED)
_5652_/X                                 10     19     -9 (VIOLATED)
_5662_/Y                                 10     19     -9 (VIOLATED)
_6233_/Q                                 10     19     -9 (VIOLATED)
_6234_/Q                                 10     19     -9 (VIOLATED)
_6268_/Q                                 10     19     -9 (VIOLATED)
_6270_/Q                                 10     19     -9 (VIOLATED)
_6271_/Q                                 10     19     -9 (VIOLATED)
_6290_/Q                                 10     19     -9 (VIOLATED)
_6296_/Q                                 10     19     -9 (VIOLATED)
_6325_/Q                                 10     19     -9 (VIOLATED)
clkbuf_3_3_0_wb_clk_i_regs/X             10     19     -9 (VIOLATED)
clkbuf_3_4_0_wb_clk_i_regs/X             10     19     -9 (VIOLATED)
fanout131/X                              10     19     -9 (VIOLATED)
fanout138/X                              10     19     -9 (VIOLATED)
fanout140/X                              10     19     -9 (VIOLATED)
fanout214/X                              10     19     -9 (VIOLATED)
fanout230/X                              10     19     -9 (VIOLATED)
fanout234/X                              10     19     -9 (VIOLATED)
fanout253/X                              10     19     -9 (VIOLATED)
fanout257/X                              10     19     -9 (VIOLATED)
fanout259/X                              10     19     -9 (VIOLATED)
fanout263/X                              10     19     -9 (VIOLATED)
fanout265/X                              10     19     -9 (VIOLATED)
fanout267/X                              10     19     -9 (VIOLATED)
fanout345/X                              10     19     -9 (VIOLATED)
hold10/X                                 10     19     -9 (VIOLATED)
hold110/X                                10     19     -9 (VIOLATED)
clkbuf_leaf_20_wb_clk_i_regs/X           10     18     -8 (VIOLATED)
clkbuf_leaf_2_wb_clk_i_regs/X            10     18     -8 (VIOLATED)
clkbuf_leaf_3_wb_clk_i_regs/X            10     18     -8 (VIOLATED)
clkbuf_leaf_61_wb_clk_i_regs/X           10     18     -8 (VIOLATED)
clkbuf_leaf_68_wb_clk_i_regs/X           10     18     -8 (VIOLATED)
fanout370/X                              10     18     -8 (VIOLATED)
_3472_/X                                 10     17     -7 (VIOLATED)
_3476_/Y                                 10     17     -7 (VIOLATED)
_3861_/X                                 10     17     -7 (VIOLATED)
_3891_/X                                 10     17     -7 (VIOLATED)
_4282_/X                                 10     17     -7 (VIOLATED)
_4355_/X                                 10     17     -7 (VIOLATED)
_4405_/Y                                 10     17     -7 (VIOLATED)
_6237_/Q                                 10     17     -7 (VIOLATED)
_6238_/Q                                 10     17     -7 (VIOLATED)
_6252_/Q                                 10     17     -7 (VIOLATED)
_6253_/Q                                 10     17     -7 (VIOLATED)
_6255_/Q                                 10     17     -7 (VIOLATED)
_6257_/Q                                 10     17     -7 (VIOLATED)
_6286_/Q                                 10     17     -7 (VIOLATED)
_6874_/Q                                 10     17     -7 (VIOLATED)
_6876_/Q                                 10     17     -7 (VIOLATED)
clkbuf_0_wb_clk_i_regs/X                 10     17     -7 (VIOLATED)
clkbuf_3_6_0_wb_clk_i_regs/X             10     17     -7 (VIOLATED)
clkbuf_leaf_14_wb_clk_i_regs/X           10     17     -7 (VIOLATED)
clkbuf_leaf_15_wb_clk_i_regs/X           10     17     -7 (VIOLATED)
fanout127/X                              10     17     -7 (VIOLATED)
fanout129/X                              10     17     -7 (VIOLATED)
fanout133/X                              10     17     -7 (VIOLATED)
fanout136/X                              10     17     -7 (VIOLATED)
fanout142/X                              10     17     -7 (VIOLATED)
fanout150/X                              10     17     -7 (VIOLATED)
fanout161/X                              10     17     -7 (VIOLATED)
fanout167/X                              10     17     -7 (VIOLATED)
fanout177/X                              10     17     -7 (VIOLATED)
fanout206/X                              10     17     -7 (VIOLATED)
fanout261/X                              10     17     -7 (VIOLATED)
fanout381/X                              10     17     -7 (VIOLATED)
fanout386/X                              10     17     -7 (VIOLATED)
hold103/X                                10     17     -7 (VIOLATED)
hold95/X                                 10     17     -7 (VIOLATED)
clkbuf_leaf_11_wb_clk_i_regs/X           10     16     -6 (VIOLATED)
clkbuf_leaf_26_wb_clk_i_regs/X           10     16     -6 (VIOLATED)
clkbuf_leaf_66_wb_clk_i_regs/X           10     16     -6 (VIOLATED)
_3548_/X                                 10     15     -5 (VIOLATED)
_4128_/X                                 10     15     -5 (VIOLATED)
_4144_/X                                 10     15     -5 (VIOLATED)
_4145_/Y                                 10     15     -5 (VIOLATED)
_4808_/Y                                 10     15     -5 (VIOLATED)
_5016_/X                                 10     15     -5 (VIOLATED)
_6235_/Q                                 10     15     -5 (VIOLATED)
_6240_/Q                                 10     15     -5 (VIOLATED)
_6241_/Q                                 10     15     -5 (VIOLATED)
_6247_/Q                                 10     15     -5 (VIOLATED)
clkbuf_leaf_16_wb_clk_i_regs/X           10     15     -5 (VIOLATED)
clkbuf_leaf_62_wb_clk_i_regs/X           10     15     -5 (VIOLATED)
fanout125/X                              10     15     -5 (VIOLATED)
fanout173/X                              10     15     -5 (VIOLATED)
fanout190/X                              10     15     -5 (VIOLATED)
fanout210/X                              10     15     -5 (VIOLATED)
fanout236/X                              10     15     -5 (VIOLATED)
fanout237/X                              10     15     -5 (VIOLATED)
fanout301/X                              10     15     -5 (VIOLATED)
fanout363/X                              10     15     -5 (VIOLATED)
fanout364/X                              10     15     -5 (VIOLATED)
fanout396/X                              10     15     -5 (VIOLATED)
hold36/X                                 10     15     -5 (VIOLATED)
hold40/X                                 10     15     -5 (VIOLATED)
clkbuf_leaf_34_wb_clk_i_regs/X           10     14     -4 (VIOLATED)
clkbuf_leaf_49_wb_clk_i_regs/X           10     14     -4 (VIOLATED)
fanout351/X                              10     14     -4 (VIOLATED)
_3091_/Y                                 10     13     -3 (VIOLATED)
_3107_/Y                                 10     13     -3 (VIOLATED)
_3111_/Y                                 10     13     -3 (VIOLATED)
_3408_/Y                                 10     13     -3 (VIOLATED)
_3425_/X                                 10     13     -3 (VIOLATED)
_3609_/X                                 10     13     -3 (VIOLATED)
_4292_/X                                 10     13     -3 (VIOLATED)
_5121_/X                                 10     13     -3 (VIOLATED)
_6236_/Q                                 10     13     -3 (VIOLATED)
_6239_/Q                                 10     13     -3 (VIOLATED)
_6254_/Q                                 10     13     -3 (VIOLATED)
_6258_/Q                                 10     13     -3 (VIOLATED)
_6262_/Q                                 10     13     -3 (VIOLATED)
_6675_/Q                                 10     13     -3 (VIOLATED)
_6714_/Q                                 10     13     -3 (VIOLATED)
clkbuf_3_7_0_wb_clk_i_regs/X             10     13     -3 (VIOLATED)
clkbuf_leaf_10_wb_clk_i_regs/X           10     13     -3 (VIOLATED)
clkbuf_leaf_19_wb_clk_i_regs/X           10     13     -3 (VIOLATED)
clkbuf_leaf_46_wb_clk_i_regs/X           10     13     -3 (VIOLATED)
clkbuf_leaf_64_wb_clk_i_regs/X           10     13     -3 (VIOLATED)
fanout114/X                              10     13     -3 (VIOLATED)
fanout121/X                              10     13     -3 (VIOLATED)
fanout160/X                              10     13     -3 (VIOLATED)
fanout175/X                              10     13     -3 (VIOLATED)
fanout212/X                              10     13     -3 (VIOLATED)
fanout225/X                              10     13     -3 (VIOLATED)
fanout228/X                              10     13     -3 (VIOLATED)
fanout298/X                              10     13     -3 (VIOLATED)
fanout354/X                              10     13     -3 (VIOLATED)
fanout359/X                              10     13     -3 (VIOLATED)
fanout405/X                              10     13     -3 (VIOLATED)
fanout420/X                              10     13     -3 (VIOLATED)
input72/X                                10     13     -3 (VIOLATED)
clkbuf_leaf_0_wb_clk_i_regs/X            10     12     -2 (VIOLATED)
clkbuf_leaf_23_wb_clk_i_regs/X           10     12     -2 (VIOLATED)
clkbuf_leaf_28_wb_clk_i_regs/X           10     12     -2 (VIOLATED)
clkbuf_leaf_33_wb_clk_i_regs/X           10     12     -2 (VIOLATED)
clkbuf_leaf_59_wb_clk_i_regs/X           10     12     -2 (VIOLATED)
input35/X                                10     12     -2 (VIOLATED)
input73/X                                10     12     -2 (VIOLATED)
_3099_/Y                                 10     11        (VIOLATED)
_3102_/Y                                 10     11        (VIOLATED)
_3115_/Y                                 10     11        (VIOLATED)
_3298_/X                                 10     11        (VIOLATED)
_3299_/Y                                 10     11        (VIOLATED)
_3314_/Y                                 10     11        (VIOLATED)
_4433_/Y                                 10     11        (VIOLATED)
_4814_/X                                 10     11        (VIOLATED)
_6690_/Q                                 10     11        (VIOLATED)
_6873_/Q                                 10     11        (VIOLATED)
_6888_/Q                                 10     11        (VIOLATED)
clkbuf_leaf_13_wb_clk_i_regs/X           10     11        (VIOLATED)
clkbuf_leaf_17_wb_clk_i_regs/X           10     11        (VIOLATED)
clkbuf_leaf_1_wb_clk_i_regs/X            10     11        (VIOLATED)
clkbuf_leaf_25_wb_clk_i_regs/X           10     11        (VIOLATED)
clkbuf_leaf_4_wb_clk_i_regs/X            10     11        (VIOLATED)
clkbuf_leaf_55_wb_clk_i_regs/X           10     11        (VIOLATED)
clkbuf_leaf_56_wb_clk_i_regs/X           10     11        (VIOLATED)
clkbuf_leaf_57_wb_clk_i_regs/X           10     11        (VIOLATED)
clkbuf_leaf_9_wb_clk_i_regs/X            10     11        (VIOLATED)
fanout179/X                              10     11        (VIOLATED)
fanout184/X                              10     11        (VIOLATED)
fanout204/X                              10     11        (VIOLATED)
fanout221/X                              10     11        (VIOLATED)
fanout223/X                              10     11        (VIOLATED)
fanout233/X                              10     11        (VIOLATED)
fanout241/X                              10     11        (VIOLATED)
fanout243/X                              10     11        (VIOLATED)
fanout269/X                              10     11        (VIOLATED)
fanout271/X                              10     11        (VIOLATED)
fanout282/X                              10     11        (VIOLATED)
fanout293/X                              10     11        (VIOLATED)
fanout306/X                              10     11        (VIOLATED)
fanout327/X                              10     11        (VIOLATED)
fanout353/X                              10     11        (VIOLATED)
fanout378/X                              10     11        (VIOLATED)
fanout406/X                              10     11        (VIOLATED)
fanout421/X                              10     11        (VIOLATED)
fanout438/X                              10     11        (VIOLATED)
input13/X                                10     11        (VIOLATED)
max_cap148/X                             10     11        (VIOLATED)



===========================================================================
report_parasitic_annotation -report_unannotated
============================================================================
Found 68 unannotated drivers.
 clkload0/Y
 clkload1/Y
 clkload10/X
 clkload11/Y
 clkload12/Y
 clkload13/Y
 clkload14/Y
 clkload15/Y
 clkload16/Y
 clkload17/Y
 clkload18/X
 clkload19/Y
 clkload2/Y
 clkload20/Y
 clkload21/Y
 clkload22/Y
 clkload23/Y
 clkload24/Y
 clkload25/Y
 clkload26/Y
 clkload27/Y
 clkload28/Y
 clkload29/Y
 clkload3/Y
 clkload30/Y
 clkload31/X
 clkload32/Y
 clkload33/Y
 clkload34/Y
 clkload35/Y
 clkload36/Y
 clkload37/X
 clkload38/Y
 clkload39/Y
 clkload4/Y
 clkload40/Y
 clkload41/Y
 clkload42/Y
 clkload43/Y
 clkload44/Y
 clkload45/Y
 clkload46/Y
 clkload47/Y
 clkload48/Y
 clkload49/Y
 clkload5/Y
 clkload50/Y
 clkload51/Y
 clkload52/Y
 clkload53/Y
 clkload54/Y
 clkload55/Y
 clkload56/Y
 clkload57/Y
 clkload58/Y
 clkload59/Y
 clkload6/Y
 clkload60/Y
 clkload61/X
 clkload62/Y
 clkload63/X
 clkload64/Y
 clkload65/Y
 clkload66/Y
 clkload7/Y
 clkload8/Y
 clkload9/X
 user_project_439/HI
Found 0 partially unannotated drivers.

===========================================================================
max slew violation count 208
max fanout violation count 383
max cap violation count 0
============================================================================

===========================================================================
check_setup -verbose -unconstrained_endpoints -multiple_clock -no_clock -no_input_delay -loops -generated_clocks
===========================================================================
Warning: There is 1 input port missing set_input_delay.
  uart_rx
Warning: There are 4 unconstrained endpoints.
  pwm_out
  uart_tx
  user_irq[2]
  _6837_/D
