Clock: clk
Sources: wb_clk_i 
Generated: no
Virtual: yes
Propagated: no
Period: 25.000000

===========================================================================
report_clock_properties
============================================================================
Clock                   Period          Waveform
----------------------------------------------------
clk                  25.000000    0.000000 12.500000

===========================================================================
report_clock_latency
============================================================================
Clock clk
rise -> rise
    min     max
4.650000 5.570000 source latency
5.065357         network latency sram_inst/wb_clk_i
        6.648468 network latency _6147_/CLK
---------------
9.715358 12.218469 latency
        2.503111 skew

fall -> fall
    min     max
4.650000 5.570000 source latency
5.667536         network latency _6256_/CLK
        6.117780 network latency sram_inst/wb_clk_i
---------------
10.317535 11.687780 latency
        1.370244 skew



===========================================================================
report_clock_min_period
============================================================================
clk period_min = 8.03 fmax = 124.52
