Clock: clk
Sources: wb_clk_i 
Generated: no
Virtual: yes
Propagated: no
Period: 25.000000

===========================================================================
report_clock_properties
============================================================================
Clock                   Period          Waveform
----------------------------------------------------
clk                  25.000000    0.000000 12.500000

===========================================================================
report_clock_latency
============================================================================
Clock clk
rise -> rise
    min     max
4.650000 5.570000 source latency
6.269976         network latency mprj/_6645_/CLK
        7.383993 network latency mprj/_6185_/CLK
---------------
10.919976 12.953993 latency
        2.034017 skew

fall -> fall
    min     max
4.650000 5.570000 source latency
6.259041         network latency mprj/_6645_/CLK
        7.317413 network latency mprj/_6185_/CLK
---------------
10.909041 12.887412 latency
        1.978371 skew



===========================================================================
report_clock_min_period
============================================================================
clk period_min = 18.34 fmax = 54.54
