Reading OpenROAD database at '/workspace/peripheral-example/openlane/user_project/runs/RUN_2025-10-27_21-49-20/41-odb-heuristicdiodeinsertion/1-odb-fuzzydiodeplacement/user_project.odb'…
Reading library file at '/nc/apps/pdk/ciel/sky130/versions/0fe599b2afb6708d281543108caf8310912f54af/sky130A/libs.ref/sky130_fd_sc_hd/lib/sky130_fd_sc_hd__tt_025C_1v80.lib'…
Reading design constraints file at '/workspace/peripheral-example/openlane/user_project/signoff.sdc'…
[INFO]: Creating clock {clk} for port wb_clk_i with period: 25
[INFO]: Setting clock uncertainity to: 0.25
[INFO]: Setting clock transition to: 0.1499999999999999944488848768742172978818416595458984375
[INFO]: Setting maximum transition to: 0.75
[INFO]: Setting maximum fanout to: 10
[INFO]: Setting timing derate to: 0 %
[INFO]: Setting clock latency range: 4.65 : 5.57
[INFO]: Setting clock transition: 0.61
[WARNING STA-0366] port 'la_data_in[*]' not found.
[WARNING STA-0366] port 'la_oenb[*]' not found.
[WARNING STA-0366] port 'la_data_in[*]' not found.
[WARNING STA-0366] port 'la_oenb[*]' not found.
[WARNING STA-0366] port 'io_in[*]' not found.
[WARNING STA-0366] port 'la_data_in[*]' not found.
[WARNING STA-0366] port 'la_oenb[*]' not found.
[WARNING STA-0366] port 'io_in[*]' not found.
[WARNING STA-0366] port 'la_oenb[*]' not found.
[WARNING STA-0366] port 'la_data_in[*]' not found.
[WARNING STA-0366] port 'la_data_out[*]' not found.
[WARNING STA-0366] port 'la_data_out[*]' not found.
Placement Analysis
---------------------------------
total displacement       8500.4 u
average displacement        0.6 u
max displacement           22.9 u
original HPWL          179383.8 u
legalized HPWL         183767.5 u
delta HPWL                    2 %

[INFO DPL-0020] Mirrored 2795 instances
[INFO DPL-0021] HPWL before          183767.5 u
[INFO DPL-0022] HPWL after           180562.2 u
[INFO DPL-0023] HPWL delta               -1.7 %
Setting global connections for newly added cells…
[INFO] Setting global connections...
sram_inst matched with sram_inst
Updating metrics…
Cell type report:                       Count       Area
  Macro                                     1  165300.00
  Fill cell                               872    3273.14
  Tap cell                               4884    6110.86
  Antenna cell                           4181   10462.53
  Buffer                                    2       7.51
  Clock buffer                             83    1134.84
  Timing Repair Buffer                   1016    9262.63
  Inverter                                557    2090.76
  Clock inverter                           61     807.02
  Sequential cell                         755   17755.78
  Multi-Input combinational cell         2531   22447.78
  Total                                 14943  238652.85
Writing OpenROAD database to '/workspace/peripheral-example/openlane/user_project/runs/RUN_2025-10-27_21-49-20/41-odb-heuristicdiodeinsertion/2-openroad-detailedplacement/user_project.odb'…
Writing netlist to '/workspace/peripheral-example/openlane/user_project/runs/RUN_2025-10-27_21-49-20/41-odb-heuristicdiodeinsertion/2-openroad-detailedplacement/user_project.nl.v'…
Writing powered netlist to '/workspace/peripheral-example/openlane/user_project/runs/RUN_2025-10-27_21-49-20/41-odb-heuristicdiodeinsertion/2-openroad-detailedplacement/user_project.pnl.v'…
Writing layout to '/workspace/peripheral-example/openlane/user_project/runs/RUN_2025-10-27_21-49-20/41-odb-heuristicdiodeinsertion/2-openroad-detailedplacement/user_project.def'…
Writing timing constraints to '/workspace/peripheral-example/openlane/user_project/runs/RUN_2025-10-27_21-49-20/41-odb-heuristicdiodeinsertion/2-openroad-detailedplacement/user_project.sdc'…
