
===========================================================================
report_checks -unconstrained
===========================================================================
======================= nom_ff_n40C_1v95 Corner ===================================

Startpoint: wb_rst_i (input port clocked by clk)
Endpoint: _6332_ (recovery check against rising-edge clock clk)
Path Group: asynchronous
Path Type: max

Fanout         Cap        Slew       Delay        Time   Description
---------------------------------------------------------------------------------------------
                                  0.000000    0.000000   clock clk (rise edge)
                                  5.570000    5.570000   clock network delay (propagated)
                                 12.500000   18.070000 v input external delay
     2    0.003929    0.000000    0.000000   18.070000 v wb_rst_i (in)
                                                         wb_rst_i (net)
                      0.000091    0.000046   18.070045 v input2/A (sky130_fd_sc_hd__buf_4)
     9    0.137052    0.124029    0.147779   18.217825 v input2/X (sky130_fd_sc_hd__buf_4)
                                                         net2 (net)
                      0.126553    0.014454   18.232279 v fanout403/A (sky130_fd_sc_hd__buf_2)
    11    0.048555    0.082100    0.173221   18.405500 v fanout403/X (sky130_fd_sc_hd__buf_2)
                                                         net403 (net)
                      0.082200    0.002560   18.408060 v fanout402/A (sky130_fd_sc_hd__buf_2)
    11    0.059194    0.098775    0.165983   18.574043 v fanout402/X (sky130_fd_sc_hd__buf_2)
                                                         net402 (net)
                      0.099223    0.005432   18.579475 v fanout391/A (sky130_fd_sc_hd__buf_2)
    11    0.056704    0.095439    0.168662   18.748137 v fanout391/X (sky130_fd_sc_hd__buf_2)
                                                         net391 (net)
                      0.095477    0.001640   18.749775 v fanout388/A (sky130_fd_sc_hd__buf_2)
     5    0.032457    0.060236    0.140714   18.890490 v fanout388/X (sky130_fd_sc_hd__buf_2)
                                                         net388 (net)
                      0.060237    0.000359   18.890848 v fanout387/A (sky130_fd_sc_hd__buf_4)
     9    0.056817    0.062064    0.137984   19.028831 v fanout387/X (sky130_fd_sc_hd__buf_4)
                                                         net387 (net)
                      0.062075    0.000929   19.029762 v fanout386/A (sky130_fd_sc_hd__buf_4)
    10    0.057624    0.062076    0.140592   19.170353 v fanout386/X (sky130_fd_sc_hd__buf_4)
                                                         net386 (net)
                      0.062151    0.001947   19.172300 v _5805_/A (sky130_fd_sc_hd__inv_2)
     1    0.004444    0.026914    0.043119   19.215420 ^ _5805_/Y (sky130_fd_sc_hd__inv_2)
                                                         _0181_ (net)
                      0.026915    0.000096   19.215515 ^ _6332_/RESET_B (sky130_fd_sc_hd__dfrtp_1)
                                             19.215515   data arrival time

                                 25.000000   25.000000   clock clk (rise edge)
                                  4.650000   29.650000   clock source latency
     4    0.080017    0.610000    0.000000   29.650000 ^ wb_clk_i (in)
                                                         wb_clk_i (net)
                      0.617419    0.003711   29.653709 ^ clkbuf_regs_0_clk/A (sky130_fd_sc_hd__clkbuf_16)
     1    0.008935    0.040355    0.129814   29.783524 ^ clkbuf_regs_0_clk/X (sky130_fd_sc_hd__clkbuf_16)
                                                         wb_clk_i_regs (net)
                      0.040356    0.000293   29.783817 ^ clkbuf_0_wb_clk_i_regs/A (sky130_fd_sc_hd__clkbuf_16)
    17    0.138680    0.116948    0.150823   29.934641 ^ clkbuf_0_wb_clk_i_regs/X (sky130_fd_sc_hd__clkbuf_16)
                                                         clknet_0_wb_clk_i_regs (net)
                      0.117786    0.007880   29.942520 ^ clkbuf_3_4_0_wb_clk_i_regs/A (sky130_fd_sc_hd__clkbuf_8)
    21    0.106035    0.142614    0.187228   30.129749 ^ clkbuf_3_4_0_wb_clk_i_regs/X (sky130_fd_sc_hd__clkbuf_8)
                                                         clknet_3_4_0_wb_clk_i_regs (net)
                      0.143009    0.006068   30.135817 ^ clkbuf_leaf_52_wb_clk_i_regs/A (sky130_fd_sc_hd__clkbuf_8)
    18    0.057944    0.083886    0.150404   30.286221 ^ clkbuf_leaf_52_wb_clk_i_regs/X (sky130_fd_sc_hd__clkbuf_8)
                                                         clknet_leaf_52_wb_clk_i_regs (net)
                      0.083896    0.000984   30.287205 ^ _6332_/CLK (sky130_fd_sc_hd__dfrtp_1)
                                 -0.250000   30.037205   clock uncertainty
                                  0.000000   30.037205   clock reconvergence pessimism
                                  0.152313   30.189516   library recovery time
                                             30.189516   data required time
---------------------------------------------------------------------------------------------
                                             30.189516   data required time
                                            -19.215515   data arrival time
---------------------------------------------------------------------------------------------
                                             10.974001   slack (MET)


Startpoint: wb_rst_i (input port clocked by clk)
Endpoint: _6807_ (rising edge-triggered flip-flop clocked by clk)
Path Group: clk
Path Type: max

Fanout         Cap        Slew       Delay        Time   Description
---------------------------------------------------------------------------------------------
                                  0.000000    0.000000   clock clk (rise edge)
                                  5.570000    5.570000   clock network delay (propagated)
                                 12.500000   18.070000 ^ input external delay
     2    0.004223    0.000000    0.000000   18.070000 ^ wb_rst_i (in)
                                                         wb_rst_i (net)
                      0.000100    0.000050   18.070049 ^ input2/A (sky130_fd_sc_hd__buf_4)
     9    0.138108    0.286788    0.223501   18.293550 ^ input2/X (sky130_fd_sc_hd__buf_4)
                                                         net2 (net)
                      0.287882    0.014806   18.308355 ^ fanout403/A (sky130_fd_sc_hd__buf_2)
    11    0.049943    0.183768    0.214337   18.522694 ^ fanout403/X (sky130_fd_sc_hd__buf_2)
                                                         net403 (net)
                      0.183822    0.002622   18.525314 ^ fanout402/A (sky130_fd_sc_hd__buf_2)
    11    0.060790    0.221976    0.229349   18.754663 ^ fanout402/X (sky130_fd_sc_hd__buf_2)
                                                         net402 (net)
                      0.222015    0.002471   18.757135 ^ fanout401/A (sky130_fd_sc_hd__clkbuf_4)
    13    0.065227    0.150816    0.214524   18.971659 ^ fanout401/X (sky130_fd_sc_hd__clkbuf_4)
                                                         net401 (net)
                      0.150862    0.002180   18.973839 ^ fanout396/A (sky130_fd_sc_hd__buf_4)
    10    0.065838    0.139120    0.172344   19.146183 ^ fanout396/X (sky130_fd_sc_hd__buf_4)
                                                         net396 (net)
                      0.139162    0.002014   19.148197 ^ _5651_/A2 (sky130_fd_sc_hd__o22a_1)
     1    0.002059    0.025917    0.076149   19.224346 ^ _5651_/X (sky130_fd_sc_hd__o22a_1)
                                                         _1148_ (net)
                      0.025917    0.000059   19.224403 ^ _6807_/D (sky130_fd_sc_hd__dfxtp_1)
                                             19.224403   data arrival time

                                 25.000000   25.000000   clock clk (rise edge)
                                  4.650000   29.650000   clock source latency
     4    0.080017    0.610000    0.000000   29.650000 ^ wb_clk_i (in)
                                                         wb_clk_i (net)
                      0.617419    0.003711   29.653709 ^ clkbuf_regs_0_clk/A (sky130_fd_sc_hd__clkbuf_16)
     1    0.008935    0.040355    0.129814   29.783524 ^ clkbuf_regs_0_clk/X (sky130_fd_sc_hd__clkbuf_16)
                                                         wb_clk_i_regs (net)
                      0.040356    0.000293   29.783817 ^ clkbuf_0_wb_clk_i_regs/A (sky130_fd_sc_hd__clkbuf_16)
    17    0.138680    0.116948    0.150823   29.934641 ^ clkbuf_0_wb_clk_i_regs/X (sky130_fd_sc_hd__clkbuf_16)
                                                         clknet_0_wb_clk_i_regs (net)
                      0.117111    0.003567   29.938208 ^ clkbuf_3_3_0_wb_clk_i_regs/A (sky130_fd_sc_hd__clkbuf_8)
    17    0.099107    0.133901    0.181259   30.119467 ^ clkbuf_3_3_0_wb_clk_i_regs/X (sky130_fd_sc_hd__clkbuf_8)
                                                         clknet_3_3_0_wb_clk_i_regs (net)
                      0.134016    0.003212   30.122679 ^ clkbuf_leaf_22_wb_clk_i_regs/A (sky130_fd_sc_hd__clkbuf_8)
     9    0.061806    0.088411    0.152440   30.275118 ^ clkbuf_leaf_22_wb_clk_i_regs/X (sky130_fd_sc_hd__clkbuf_8)
                                                         clknet_leaf_22_wb_clk_i_regs (net)
                      0.088431    0.001307   30.276426 ^ _6807_/CLK (sky130_fd_sc_hd__dfxtp_1)
                                 -0.250000   30.026424   clock uncertainty
                                  0.000000   30.026424   clock reconvergence pessimism
                                 -0.026792   29.999634   library setup time
                                             29.999634   data required time
---------------------------------------------------------------------------------------------
                                             29.999634   data required time
                                            -19.224403   data arrival time
---------------------------------------------------------------------------------------------
                                             10.775229   slack (MET)




===========================================================================
report_checks --slack_max -0.01
============================================================================
======================= nom_ff_n40C_1v95 Corner ===================================

No paths found.


===========================================================================
 report_check_types -max_slew -max_cap -max_fanout -violators
============================================================================
======================= nom_ff_n40C_1v95 Corner ===================================

max slew

Pin                                        Limit        Slew       Slack
------------------------------------------------------------------------
input23/A                               0.750000    0.920231   -0.170231 (VIOLATED)
ANTENNA_input27_A/DIODE                 0.750000    0.920191   -0.170191 (VIOLATED)
ANTENNA_hold152_A/DIODE                 0.750000    0.920189   -0.170189 (VIOLATED)
ANTENNA_hold131_A/DIODE                 0.750000    0.920178   -0.170178 (VIOLATED)
hold124/A                               0.750000    0.920176   -0.170176 (VIOLATED)
input27/A                               0.750000    0.920174   -0.170174 (VIOLATED)
ANTENNA_hold149_A/DIODE                 0.750000    0.920162   -0.170162 (VIOLATED)
hold152/A                               0.750000    0.920152   -0.170152 (VIOLATED)
input15/A                               0.750000    0.920151   -0.170151 (VIOLATED)
ANTENNA_input24_A/DIODE                 0.750000    0.920151   -0.170151 (VIOLATED)
ANTENNA_input23_A/DIODE                 0.750000    0.920137   -0.170137 (VIOLATED)
ANTENNA_input15_A/DIODE                 0.750000    0.920136   -0.170136 (VIOLATED)
input19/A                               0.750000    0.920136   -0.170136 (VIOLATED)
ANTENNA_input26_A/DIODE                 0.750000    0.920131   -0.170131 (VIOLATED)
input24/A                               0.750000    0.920130   -0.170130 (VIOLATED)
hold149/A                               0.750000    0.920129   -0.170129 (VIOLATED)
ANTENNA_hold11_A/DIODE                  0.750000    0.920126   -0.170126 (VIOLATED)
ANTENNA_hold154_A/DIODE                 0.750000    0.920123   -0.170123 (VIOLATED)
hold154/A                               0.750000    0.920120   -0.170120 (VIOLATED)
ANTENNA_hold124_A/DIODE                 0.750000    0.920117   -0.170117 (VIOLATED)
hold292/A                               0.750000    0.920115   -0.170115 (VIOLATED)
input20/A                               0.750000    0.920114   -0.170114 (VIOLATED)
hold131/A                               0.750000    0.920112   -0.170112 (VIOLATED)
ANTENNA_input19_A/DIODE                 0.750000    0.920110   -0.170110 (VIOLATED)
input7/A                                0.750000    0.920106   -0.170106 (VIOLATED)
input26/A                               0.750000    0.920104   -0.170104 (VIOLATED)
input22/A                               0.750000    0.920103   -0.170103 (VIOLATED)
hold11/A                                0.750000    0.920102   -0.170102 (VIOLATED)
input30/A                               0.750000    0.920100   -0.170100 (VIOLATED)
ANTENNA_input21_A/DIODE                 0.750000    0.920100   -0.170100 (VIOLATED)
ANTENNA_input7_A/DIODE                  0.750000    0.920098   -0.170098 (VIOLATED)
input18/A                               0.750000    0.920098   -0.170098 (VIOLATED)
input17/A                               0.750000    0.920098   -0.170098 (VIOLATED)
input21/A                               0.750000    0.920098   -0.170098 (VIOLATED)
ANTENNA_input18_A/DIODE                 0.750000    0.920097   -0.170097 (VIOLATED)
ANTENNA_input20_A/DIODE                 0.750000    0.920096   -0.170096 (VIOLATED)
input16/A                               0.750000    0.920095   -0.170095 (VIOLATED)
input8/A                                0.750000    0.920093   -0.170093 (VIOLATED)
hold59/A                                0.750000    0.920092   -0.170092 (VIOLATED)
hold69/A                                0.750000    0.920092   -0.170092 (VIOLATED)
hold243/A                               0.750000    0.920091   -0.170091 (VIOLATED)
ANTENNA_hold291_A/DIODE                 0.750000    0.920089   -0.170089 (VIOLATED)
hold29/A                                0.750000    0.920087   -0.170087 (VIOLATED)
ANTENNA_input22_A/DIODE                 0.750000    0.920085   -0.170086 (VIOLATED)
hold291/A                               0.750000    0.920082   -0.170082 (VIOLATED)
hold51/A                                0.750000    0.920079   -0.170079 (VIOLATED)
hold84/A                                0.750000    0.920079   -0.170079 (VIOLATED)
ANTENNA_input17_A/DIODE                 0.750000    0.920077   -0.170077 (VIOLATED)
ANTENNA_hold69_A/DIODE                  0.750000    0.920074   -0.170074 (VIOLATED)
hold119/A                               0.750000    0.920074   -0.170074 (VIOLATED)
ANTENNA_hold243_A/DIODE                 0.750000    0.920074   -0.170074 (VIOLATED)
hold77/A                                0.750000    0.920073   -0.170073 (VIOLATED)
hold81/A                                0.750000    0.920073   -0.170073 (VIOLATED)
ANTENNA_input30_A/DIODE                 0.750000    0.920072   -0.170072 (VIOLATED)
ANTENNA_hold59_A/DIODE                  0.750000    0.920071   -0.170071 (VIOLATED)
ANTENNA_input16_A/DIODE                 0.750000    0.920070   -0.170070 (VIOLATED)
ANTENNA_input8_A/DIODE                  0.750000    0.920068   -0.170068 (VIOLATED)
ANTENNA_hold292_A/DIODE                 0.750000    0.920067   -0.170067 (VIOLATED)
ANTENNA_hold29_A/DIODE                  0.750000    0.920066   -0.170066 (VIOLATED)
ANTENNA_hold77_A/DIODE                  0.750000    0.920065   -0.170065 (VIOLATED)
ANTENNA_hold51_A/DIODE                  0.750000    0.920061   -0.170061 (VIOLATED)
ANTENNA_hold84_A/DIODE                  0.750000    0.920061   -0.170061 (VIOLATED)
ANTENNA_hold81_A/DIODE                  0.750000    0.920058   -0.170058 (VIOLATED)
ANTENNA_hold119_A/DIODE                 0.750000    0.920056   -0.170056 (VIOLATED)
wbs_adr_i[0]                            0.750000    0.920000   -0.170000 (VIOLATED)
wbs_adr_i[10]                           0.750000    0.920000   -0.170000 (VIOLATED)
wbs_adr_i[11]                           0.750000    0.920000   -0.170000 (VIOLATED)
wbs_adr_i[12]                           0.750000    0.920000   -0.170000 (VIOLATED)
wbs_adr_i[13]                           0.750000    0.920000   -0.170000 (VIOLATED)
wbs_adr_i[14]                           0.750000    0.920000   -0.170000 (VIOLATED)
wbs_adr_i[15]                           0.750000    0.920000   -0.170000 (VIOLATED)
wbs_adr_i[16]                           0.750000    0.920000   -0.170000 (VIOLATED)
wbs_adr_i[17]                           0.750000    0.920000   -0.170000 (VIOLATED)
wbs_adr_i[18]                           0.750000    0.920000   -0.170000 (VIOLATED)
wbs_adr_i[19]                           0.750000    0.920000   -0.170000 (VIOLATED)
wbs_adr_i[1]                            0.750000    0.920000   -0.170000 (VIOLATED)
wbs_adr_i[20]                           0.750000    0.920000   -0.170000 (VIOLATED)
wbs_adr_i[21]                           0.750000    0.920000   -0.170000 (VIOLATED)
wbs_adr_i[22]                           0.750000    0.920000   -0.170000 (VIOLATED)
wbs_adr_i[23]                           0.750000    0.920000   -0.170000 (VIOLATED)
wbs_adr_i[24]                           0.750000    0.920000   -0.170000 (VIOLATED)
wbs_adr_i[25]                           0.750000    0.920000   -0.170000 (VIOLATED)
wbs_adr_i[26]                           0.750000    0.920000   -0.170000 (VIOLATED)
wbs_adr_i[27]                           0.750000    0.920000   -0.170000 (VIOLATED)
wbs_adr_i[28]                           0.750000    0.920000   -0.170000 (VIOLATED)
wbs_adr_i[29]                           0.750000    0.920000   -0.170000 (VIOLATED)
wbs_adr_i[2]                            0.750000    0.920000   -0.170000 (VIOLATED)
wbs_adr_i[30]                           0.750000    0.920000   -0.170000 (VIOLATED)
wbs_adr_i[31]                           0.750000    0.920000   -0.170000 (VIOLATED)
wbs_adr_i[3]                            0.750000    0.920000   -0.170000 (VIOLATED)
wbs_adr_i[4]                            0.750000    0.920000   -0.170000 (VIOLATED)
wbs_adr_i[5]                            0.750000    0.920000   -0.170000 (VIOLATED)
wbs_adr_i[6]                            0.750000    0.920000   -0.170000 (VIOLATED)
wbs_adr_i[7]                            0.750000    0.920000   -0.170000 (VIOLATED)
wbs_adr_i[8]                            0.750000    0.920000   -0.170000 (VIOLATED)
wbs_adr_i[9]                            0.750000    0.920000   -0.170000 (VIOLATED)
ANTENNA_hold6_A/DIODE                   0.750000    0.840474   -0.090474 (VIOLATED)
ANTENNA_hold27_A/DIODE                  0.750000    0.840431   -0.090431 (VIOLATED)
hold6/A                                 0.750000    0.840399   -0.090399 (VIOLATED)
hold27/A                                0.750000    0.840287   -0.090287 (VIOLATED)
ANTENNA_hold4_A/DIODE                   0.750000    0.840279   -0.090279 (VIOLATED)
ANTENNA_hold25_A/DIODE                  0.750000    0.840276   -0.090276 (VIOLATED)
ANTENNA_hold140_A/DIODE                 0.750000    0.840263   -0.090263 (VIOLATED)
hold4/A                                 0.750000    0.840251   -0.090251 (VIOLATED)
ANTENNA_hold15_A/DIODE                  0.750000    0.840245   -0.090245 (VIOLATED)
ANTENNA_hold39_A/DIODE                  0.750000    0.840223   -0.090223 (VIOLATED)
ANTENNA_hold127_A/DIODE                 0.750000    0.840217   -0.090217 (VIOLATED)
ANTENNA_hold35_A/DIODE                  0.750000    0.840209   -0.090209 (VIOLATED)
ANTENNA_hold42_A/DIODE                  0.750000    0.840196   -0.090196 (VIOLATED)
ANTENNA_hold111_A/DIODE                 0.750000    0.840193   -0.090193 (VIOLATED)
hold15/A                                0.750000    0.840192   -0.090192 (VIOLATED)
hold35/A                                0.750000    0.840181   -0.090181 (VIOLATED)
hold42/A                                0.750000    0.840175   -0.090175 (VIOLATED)
hold25/A                                0.750000    0.840168   -0.090168 (VIOLATED)
hold39/A                                0.750000    0.840163   -0.090163 (VIOLATED)
hold17/A                                0.750000    0.840160   -0.090160 (VIOLATED)
ANTENNA_hold17_A/DIODE                  0.750000    0.840159   -0.090159 (VIOLATED)
ANTENNA_hold19_A/DIODE                  0.750000    0.840159   -0.090159 (VIOLATED)
ANTENNA_hold93_A/DIODE                  0.750000    0.840156   -0.090156 (VIOLATED)
ANTENNA_hold63_A/DIODE                  0.750000    0.840153   -0.090153 (VIOLATED)
ANTENNA_hold138_A/DIODE                 0.750000    0.840150   -0.090150 (VIOLATED)
ANTENNA_hold113_A/DIODE                 0.750000    0.840144   -0.090144 (VIOLATED)
ANTENNA_hold117_A/DIODE                 0.750000    0.840139   -0.090139 (VIOLATED)
hold140/A                               0.750000    0.840139   -0.090139 (VIOLATED)
hold127/A                               0.750000    0.840138   -0.090138 (VIOLATED)
ANTENNA_hold57_A/DIODE                  0.750000    0.840137   -0.090137 (VIOLATED)
ANTENNA_hold136_A/DIODE                 0.750000    0.840136   -0.090136 (VIOLATED)
hold113/A                               0.750000    0.840136   -0.090136 (VIOLATED)
hold63/A                                0.750000    0.840134   -0.090134 (VIOLATED)
ANTENNA_hold147_A/DIODE                 0.750000    0.840132   -0.090132 (VIOLATED)
hold98/A                                0.750000    0.840129   -0.090129 (VIOLATED)
ANTENNA_hold204_A/DIODE                 0.750000    0.840127   -0.090127 (VIOLATED)
hold57/A                                0.750000    0.840124   -0.090124 (VIOLATED)
hold111/A                               0.750000    0.840118   -0.090118 (VIOLATED)
hold204/A                               0.750000    0.840114   -0.090114 (VIOLATED)
hold136/A                               0.750000    0.840110   -0.090110 (VIOLATED)
hold19/A                                0.750000    0.840107   -0.090107 (VIOLATED)
hold1/A                                 0.750000    0.840104   -0.090104 (VIOLATED)
ANTENNA_hold23_A/DIODE                  0.750000    0.840101   -0.090101 (VIOLATED)
hold117/A                               0.750000    0.840100   -0.090100 (VIOLATED)
ANTENNA_hold67_A/DIODE                  0.750000    0.840097   -0.090097 (VIOLATED)
ANTENNA_hold1_A/DIODE                   0.750000    0.840096   -0.090096 (VIOLATED)
hold93/A                                0.750000    0.840096   -0.090096 (VIOLATED)
ANTENNA_hold129_A/DIODE                 0.750000    0.840096   -0.090096 (VIOLATED)
ANTENNA_hold73_A/DIODE                  0.750000    0.840095   -0.090095 (VIOLATED)
hold138/A                               0.750000    0.840094   -0.090094 (VIOLATED)
hold67/A                                0.750000    0.840093   -0.090093 (VIOLATED)
hold23/A                                0.750000    0.840092   -0.090092 (VIOLATED)
hold73/A                                0.750000    0.840092   -0.090092 (VIOLATED)
hold147/A                               0.750000    0.840090   -0.090090 (VIOLATED)
hold37/A                                0.750000    0.840088   -0.090088 (VIOLATED)
ANTENNA_hold37_A/DIODE                  0.750000    0.840087   -0.090087 (VIOLATED)
hold129/A                               0.750000    0.840083   -0.090083 (VIOLATED)
ANTENNA_hold98_A/DIODE                  0.750000    0.840082   -0.090082 (VIOLATED)
hold65/A                                0.750000    0.840081   -0.090081 (VIOLATED)
hold21/A                                0.750000    0.840079   -0.090079 (VIOLATED)
hold75/A                                0.750000    0.840074   -0.090074 (VIOLATED)
ANTENNA_hold65_A/DIODE                  0.750000    0.840065   -0.090065 (VIOLATED)
ANTENNA_hold75_A/DIODE                  0.750000    0.840062   -0.090062 (VIOLATED)
ANTENNA_hold21_A/DIODE                  0.750000    0.840061   -0.090061 (VIOLATED)
wbs_dat_i[0]                            0.750000    0.840000   -0.090000 (VIOLATED)
wbs_dat_i[10]                           0.750000    0.840000   -0.090000 (VIOLATED)
wbs_dat_i[11]                           0.750000    0.840000   -0.090000 (VIOLATED)
wbs_dat_i[12]                           0.750000    0.840000   -0.090000 (VIOLATED)
wbs_dat_i[13]                           0.750000    0.840000   -0.090000 (VIOLATED)
wbs_dat_i[14]                           0.750000    0.840000   -0.090000 (VIOLATED)
wbs_dat_i[15]                           0.750000    0.840000   -0.090000 (VIOLATED)
wbs_dat_i[16]                           0.750000    0.840000   -0.090000 (VIOLATED)
wbs_dat_i[17]                           0.750000    0.840000   -0.090000 (VIOLATED)
wbs_dat_i[18]                           0.750000    0.840000   -0.090000 (VIOLATED)
wbs_dat_i[19]                           0.750000    0.840000   -0.090000 (VIOLATED)
wbs_dat_i[1]                            0.750000    0.840000   -0.090000 (VIOLATED)
wbs_dat_i[20]                           0.750000    0.840000   -0.090000 (VIOLATED)
wbs_dat_i[21]                           0.750000    0.840000   -0.090000 (VIOLATED)
wbs_dat_i[22]                           0.750000    0.840000   -0.090000 (VIOLATED)
wbs_dat_i[23]                           0.750000    0.840000   -0.090000 (VIOLATED)
wbs_dat_i[24]                           0.750000    0.840000   -0.090000 (VIOLATED)
wbs_dat_i[25]                           0.750000    0.840000   -0.090000 (VIOLATED)
wbs_dat_i[26]                           0.750000    0.840000   -0.090000 (VIOLATED)
wbs_dat_i[27]                           0.750000    0.840000   -0.090000 (VIOLATED)
wbs_dat_i[28]                           0.750000    0.840000   -0.090000 (VIOLATED)
wbs_dat_i[29]                           0.750000    0.840000   -0.090000 (VIOLATED)
wbs_dat_i[2]                            0.750000    0.840000   -0.090000 (VIOLATED)
wbs_dat_i[30]                           0.750000    0.840000   -0.090000 (VIOLATED)
wbs_dat_i[31]                           0.750000    0.840000   -0.090000 (VIOLATED)
wbs_dat_i[3]                            0.750000    0.840000   -0.090000 (VIOLATED)
wbs_dat_i[4]                            0.750000    0.840000   -0.090000 (VIOLATED)
wbs_dat_i[5]                            0.750000    0.840000   -0.090000 (VIOLATED)
wbs_dat_i[6]                            0.750000    0.840000   -0.090000 (VIOLATED)
wbs_dat_i[7]                            0.750000    0.840000   -0.090000 (VIOLATED)
wbs_dat_i[8]                            0.750000    0.840000   -0.090000 (VIOLATED)
wbs_dat_i[9]                            0.750000    0.840000   -0.090000 (VIOLATED)

max fanout

Pin                                   Limit Fanout  Slack
---------------------------------------------------------
clkbuf_leaf_0_wb_clk_i_regs/X            10     51    -41 (VIOLATED)
clkbuf_leaf_9_wb_clk_i_regs/X            10     51    -41 (VIOLATED)
clkbuf_leaf_56_wb_clk_i_regs/X           10     43    -33 (VIOLATED)
clkbuf_leaf_51_wb_clk_i_regs/X           10     41    -31 (VIOLATED)
clkbuf_leaf_53_wb_clk_i_regs/X           10     41    -31 (VIOLATED)
clkbuf_leaf_11_wb_clk_i_regs/X           10     39    -29 (VIOLATED)
clkbuf_leaf_18_wb_clk_i_regs/X           10     39    -29 (VIOLATED)
clkbuf_leaf_1_wb_clk_i_regs/X            10     39    -29 (VIOLATED)
clkbuf_leaf_30_wb_clk_i_regs/X           10     39    -29 (VIOLATED)
clkbuf_leaf_13_wb_clk_i_regs/X           10     35    -25 (VIOLATED)
clkbuf_leaf_15_wb_clk_i_regs/X           10     35    -25 (VIOLATED)
clkbuf_leaf_23_wb_clk_i_regs/X           10     33    -23 (VIOLATED)
clkbuf_leaf_49_wb_clk_i_regs/X           10     33    -23 (VIOLATED)
clkbuf_leaf_34_wb_clk_i_regs/X           10     27    -17 (VIOLATED)
clkbuf_leaf_46_wb_clk_i_regs/X           10     27    -17 (VIOLATED)
clkbuf_leaf_6_wb_clk_i_regs/X            10     27    -17 (VIOLATED)
_3354_/Y                                 10     21    -11 (VIOLATED)
_4817_/Y                                 10     21    -11 (VIOLATED)
_6285_/Q                                 10     21    -11 (VIOLATED)
_6289_/Q                                 10     21    -11 (VIOLATED)
_6294_/Q                                 10     21    -11 (VIOLATED)
_6871_/Q                                 10     21    -11 (VIOLATED)
clkbuf_3_0_0_wb_clk_i_regs/X             10     21    -11 (VIOLATED)
clkbuf_3_2_0_wb_clk_i_regs/X             10     21    -11 (VIOLATED)
clkbuf_3_4_0_wb_clk_i_regs/X             10     21    -11 (VIOLATED)
fanout111/X                              10     21    -11 (VIOLATED)
fanout113/X                              10     21    -11 (VIOLATED)
fanout117/X                              10     21    -11 (VIOLATED)
fanout118/X                              10     21    -11 (VIOLATED)
fanout120/X                              10     21    -11 (VIOLATED)
fanout122/X                              10     21    -11 (VIOLATED)
fanout124/X                              10     21    -11 (VIOLATED)
fanout126/X                              10     21    -11 (VIOLATED)
fanout128/X                              10     21    -11 (VIOLATED)
fanout130/X                              10     21    -11 (VIOLATED)
fanout132/X                              10     21    -11 (VIOLATED)
fanout134/X                              10     21    -11 (VIOLATED)
fanout135/X                              10     21    -11 (VIOLATED)
fanout137/X                              10     21    -11 (VIOLATED)
fanout139/X                              10     21    -11 (VIOLATED)
fanout141/X                              10     21    -11 (VIOLATED)
fanout144/X                              10     21    -11 (VIOLATED)
fanout149/X                              10     21    -11 (VIOLATED)
fanout153/X                              10     21    -11 (VIOLATED)
fanout155/X                              10     21    -11 (VIOLATED)
fanout157/X                              10     21    -11 (VIOLATED)
fanout159/X                              10     21    -11 (VIOLATED)
fanout163/X                              10     21    -11 (VIOLATED)
fanout164/X                              10     21    -11 (VIOLATED)
fanout166/X                              10     21    -11 (VIOLATED)
fanout168/X                              10     21    -11 (VIOLATED)
fanout170/X                              10     21    -11 (VIOLATED)
fanout172/X                              10     21    -11 (VIOLATED)
fanout174/X                              10     21    -11 (VIOLATED)
fanout176/X                              10     21    -11 (VIOLATED)
fanout178/X                              10     21    -11 (VIOLATED)
fanout180/X                              10     21    -11 (VIOLATED)
fanout181/X                              10     21    -11 (VIOLATED)
fanout183/X                              10     21    -11 (VIOLATED)
fanout185/X                              10     21    -11 (VIOLATED)
fanout187/X                              10     21    -11 (VIOLATED)
fanout192/X                              10     21    -11 (VIOLATED)
fanout194/X                              10     21    -11 (VIOLATED)
fanout195/X                              10     21    -11 (VIOLATED)
fanout197/X                              10     21    -11 (VIOLATED)
fanout198/X                              10     21    -11 (VIOLATED)
fanout199/X                              10     21    -11 (VIOLATED)
fanout200/X                              10     21    -11 (VIOLATED)
fanout201/X                              10     21    -11 (VIOLATED)
fanout202/X                              10     21    -11 (VIOLATED)
fanout205/X                              10     21    -11 (VIOLATED)
fanout207/X                              10     21    -11 (VIOLATED)
fanout209/X                              10     21    -11 (VIOLATED)
fanout211/X                              10     21    -11 (VIOLATED)
fanout213/X                              10     21    -11 (VIOLATED)
fanout215/X                              10     21    -11 (VIOLATED)
fanout217/X                              10     21    -11 (VIOLATED)
fanout218/X                              10     21    -11 (VIOLATED)
fanout219/X                              10     21    -11 (VIOLATED)
fanout220/X                              10     21    -11 (VIOLATED)
fanout222/X                              10     21    -11 (VIOLATED)
fanout224/X                              10     21    -11 (VIOLATED)
fanout229/X                              10     21    -11 (VIOLATED)
fanout239/X                              10     21    -11 (VIOLATED)
fanout241/X                              10     21    -11 (VIOLATED)
fanout242/X                              10     21    -11 (VIOLATED)
fanout245/X                              10     21    -11 (VIOLATED)
fanout248/X                              10     21    -11 (VIOLATED)
fanout250/X                              10     21    -11 (VIOLATED)
fanout251/X                              10     21    -11 (VIOLATED)
fanout252/X                              10     21    -11 (VIOLATED)
fanout253/X                              10     21    -11 (VIOLATED)
fanout254/X                              10     21    -11 (VIOLATED)
fanout256/X                              10     21    -11 (VIOLATED)
fanout258/X                              10     21    -11 (VIOLATED)
fanout260/X                              10     21    -11 (VIOLATED)
fanout264/X                              10     21    -11 (VIOLATED)
fanout267/X                              10     21    -11 (VIOLATED)
fanout269/X                              10     21    -11 (VIOLATED)
fanout270/X                              10     21    -11 (VIOLATED)
fanout271/X                              10     21    -11 (VIOLATED)
fanout272/X                              10     21    -11 (VIOLATED)
fanout274/X                              10     21    -11 (VIOLATED)
fanout282/X                              10     21    -11 (VIOLATED)
fanout284/X                              10     21    -11 (VIOLATED)
fanout285/X                              10     21    -11 (VIOLATED)
fanout286/X                              10     21    -11 (VIOLATED)
fanout287/X                              10     21    -11 (VIOLATED)
fanout288/X                              10     21    -11 (VIOLATED)
fanout291/X                              10     21    -11 (VIOLATED)
fanout292/X                              10     21    -11 (VIOLATED)
fanout294/X                              10     21    -11 (VIOLATED)
fanout296/X                              10     21    -11 (VIOLATED)
fanout297/X                              10     21    -11 (VIOLATED)
fanout299/X                              10     21    -11 (VIOLATED)
fanout300/X                              10     21    -11 (VIOLATED)
fanout301/X                              10     21    -11 (VIOLATED)
fanout302/X                              10     21    -11 (VIOLATED)
fanout304/X                              10     21    -11 (VIOLATED)
fanout305/X                              10     21    -11 (VIOLATED)
fanout306/X                              10     21    -11 (VIOLATED)
fanout307/X                              10     21    -11 (VIOLATED)
fanout308/X                              10     21    -11 (VIOLATED)
fanout309/X                              10     21    -11 (VIOLATED)
fanout310/X                              10     21    -11 (VIOLATED)
fanout312/X                              10     21    -11 (VIOLATED)
fanout313/X                              10     21    -11 (VIOLATED)
fanout314/X                              10     21    -11 (VIOLATED)
fanout316/X                              10     21    -11 (VIOLATED)
fanout317/X                              10     21    -11 (VIOLATED)
fanout318/X                              10     21    -11 (VIOLATED)
fanout319/X                              10     21    -11 (VIOLATED)
fanout320/X                              10     21    -11 (VIOLATED)
fanout321/X                              10     21    -11 (VIOLATED)
fanout322/X                              10     21    -11 (VIOLATED)
fanout323/X                              10     21    -11 (VIOLATED)
fanout330/X                              10     21    -11 (VIOLATED)
fanout331/X                              10     21    -11 (VIOLATED)
fanout332/X                              10     21    -11 (VIOLATED)
fanout333/X                              10     21    -11 (VIOLATED)
fanout335/X                              10     21    -11 (VIOLATED)
fanout337/X                              10     21    -11 (VIOLATED)
fanout339/X                              10     21    -11 (VIOLATED)
fanout341/X                              10     21    -11 (VIOLATED)
fanout343/X                              10     21    -11 (VIOLATED)
fanout345/X                              10     21    -11 (VIOLATED)
fanout347/X                              10     21    -11 (VIOLATED)
fanout349/X                              10     21    -11 (VIOLATED)
fanout352/X                              10     21    -11 (VIOLATED)
fanout354/X                              10     21    -11 (VIOLATED)
fanout356/X                              10     21    -11 (VIOLATED)
fanout358/X                              10     21    -11 (VIOLATED)
fanout361/X                              10     21    -11 (VIOLATED)
fanout363/X                              10     21    -11 (VIOLATED)
fanout366/X                              10     21    -11 (VIOLATED)
fanout368/X                              10     21    -11 (VIOLATED)
fanout369/X                              10     21    -11 (VIOLATED)
fanout370/X                              10     21    -11 (VIOLATED)
fanout373/X                              10     21    -11 (VIOLATED)
fanout374/X                              10     21    -11 (VIOLATED)
fanout376/X                              10     21    -11 (VIOLATED)
fanout382/X                              10     21    -11 (VIOLATED)
fanout385/X                              10     21    -11 (VIOLATED)
fanout390/X                              10     21    -11 (VIOLATED)
fanout400/X                              10     21    -11 (VIOLATED)
fanout417/X                              10     21    -11 (VIOLATED)
fanout429/X                              10     21    -11 (VIOLATED)
fanout431/X                              10     21    -11 (VIOLATED)
fanout432/X                              10     21    -11 (VIOLATED)
clkbuf_leaf_36_wb_clk_i_regs/X           10     20    -10 (VIOLATED)
clkbuf_leaf_5_wb_clk_i_regs/X            10     20    -10 (VIOLATED)
_3267_/Y                                 10     19     -9 (VIOLATED)
_3355_/Y                                 10     19     -9 (VIOLATED)
_3546_/Y                                 10     19     -9 (VIOLATED)
_4809_/Y                                 10     19     -9 (VIOLATED)
_5340_/Y                                 10     19     -9 (VIOLATED)
_5351_/Y                                 10     19     -9 (VIOLATED)
_5361_/Y                                 10     19     -9 (VIOLATED)
_5371_/Y                                 10     19     -9 (VIOLATED)
_5382_/Y                                 10     19     -9 (VIOLATED)
_5404_/Y                                 10     19     -9 (VIOLATED)
_5416_/X                                 10     19     -9 (VIOLATED)
_5426_/X                                 10     19     -9 (VIOLATED)
_5448_/Y                                 10     19     -9 (VIOLATED)
_5459_/Y                                 10     19     -9 (VIOLATED)
_5490_/Y                                 10     19     -9 (VIOLATED)
_5500_/Y                                 10     19     -9 (VIOLATED)
_5510_/Y                                 10     19     -9 (VIOLATED)
_5520_/Y                                 10     19     -9 (VIOLATED)
_5530_/Y                                 10     19     -9 (VIOLATED)
_5540_/X                                 10     19     -9 (VIOLATED)
_5550_/Y                                 10     19     -9 (VIOLATED)
_5560_/Y                                 10     19     -9 (VIOLATED)
_5570_/Y                                 10     19     -9 (VIOLATED)
_5580_/Y                                 10     19     -9 (VIOLATED)
_5590_/Y                                 10     19     -9 (VIOLATED)
_5600_/X                                 10     19     -9 (VIOLATED)
_5620_/Y                                 10     19     -9 (VIOLATED)
_5630_/Y                                 10     19     -9 (VIOLATED)
_5640_/Y                                 10     19     -9 (VIOLATED)
_5652_/X                                 10     19     -9 (VIOLATED)
_5662_/Y                                 10     19     -9 (VIOLATED)
_6234_/Q                                 10     19     -9 (VIOLATED)
_6246_/Q                                 10     19     -9 (VIOLATED)
_6259_/Q                                 10     19     -9 (VIOLATED)
_6268_/Q                                 10     19     -9 (VIOLATED)
_6270_/Q                                 10     19     -9 (VIOLATED)
_6271_/Q                                 10     19     -9 (VIOLATED)
_6296_/Q                                 10     19     -9 (VIOLATED)
_6325_/Q                                 10     19     -9 (VIOLATED)
clkbuf_3_1_0_wb_clk_i_regs/X             10     19     -9 (VIOLATED)
clkbuf_leaf_10_wb_clk_i_regs/X           10     19     -9 (VIOLATED)
fanout114/X                              10     19     -9 (VIOLATED)
fanout129/X                              10     19     -9 (VIOLATED)
fanout131/X                              10     19     -9 (VIOLATED)
fanout138/X                              10     19     -9 (VIOLATED)
fanout161/X                              10     19     -9 (VIOLATED)
fanout167/X                              10     19     -9 (VIOLATED)
fanout191/X                              10     19     -9 (VIOLATED)
fanout230/X                              10     19     -9 (VIOLATED)
fanout234/X                              10     19     -9 (VIOLATED)
fanout237/X                              10     19     -9 (VIOLATED)
fanout240/X                              10     19     -9 (VIOLATED)
fanout255/X                              10     19     -9 (VIOLATED)
fanout261/X                              10     19     -9 (VIOLATED)
fanout263/X                              10     19     -9 (VIOLATED)
fanout268/X                              10     19     -9 (VIOLATED)
fanout281/X                              10     19     -9 (VIOLATED)
fanout289/X                              10     19     -9 (VIOLATED)
fanout295/X                              10     19     -9 (VIOLATED)
hold106/X                                10     19     -9 (VIOLATED)
hold9/X                                  10     19     -9 (VIOLATED)
clkbuf_leaf_52_wb_clk_i_regs/X           10     18     -8 (VIOLATED)
fanout367/X                              10     18     -8 (VIOLATED)
_3294_/X                                 10     17     -7 (VIOLATED)
_3472_/X                                 10     17     -7 (VIOLATED)
_3861_/X                                 10     17     -7 (VIOLATED)
_3891_/X                                 10     17     -7 (VIOLATED)
_4282_/X                                 10     17     -7 (VIOLATED)
_4355_/X                                 10     17     -7 (VIOLATED)
_4405_/Y                                 10     17     -7 (VIOLATED)
_6237_/Q                                 10     17     -7 (VIOLATED)
_6238_/Q                                 10     17     -7 (VIOLATED)
_6243_/Q                                 10     17     -7 (VIOLATED)
_6249_/Q                                 10     17     -7 (VIOLATED)
_6252_/Q                                 10     17     -7 (VIOLATED)
_6253_/Q                                 10     17     -7 (VIOLATED)
_6255_/Q                                 10     17     -7 (VIOLATED)
_6256_/Q                                 10     17     -7 (VIOLATED)
_6257_/Q                                 10     17     -7 (VIOLATED)
_6260_/Q                                 10     17     -7 (VIOLATED)
_6261_/Q                                 10     17     -7 (VIOLATED)
_6874_/Q                                 10     17     -7 (VIOLATED)
_6876_/Q                                 10     17     -7 (VIOLATED)
clkbuf_0_wb_clk_i_regs/X                 10     17     -7 (VIOLATED)
clkbuf_3_3_0_wb_clk_i_regs/X             10     17     -7 (VIOLATED)
clkbuf_leaf_40_wb_clk_i_regs/X           10     17     -7 (VIOLATED)
fanout112/X                              10     17     -7 (VIOLATED)
fanout136/X                              10     17     -7 (VIOLATED)
fanout140/X                              10     17     -7 (VIOLATED)
fanout142/X                              10     17     -7 (VIOLATED)
fanout150/X                              10     17     -7 (VIOLATED)
fanout342/X                              10     17     -7 (VIOLATED)
hold91/X                                 10     17     -7 (VIOLATED)
hold95/X                                 10     17     -7 (VIOLATED)
clkbuf_leaf_12_wb_clk_i_regs/X           10     16     -6 (VIOLATED)
clkbuf_leaf_2_wb_clk_i_regs/X            10     16     -6 (VIOLATED)
clkbuf_leaf_3_wb_clk_i_regs/X            10     16     -6 (VIOLATED)
clkbuf_leaf_50_wb_clk_i_regs/X           10     16     -6 (VIOLATED)
clkbuf_leaf_54_wb_clk_i_regs/X           10     16     -6 (VIOLATED)
_3548_/X                                 10     15     -5 (VIOLATED)
_4128_/X                                 10     15     -5 (VIOLATED)
_4144_/X                                 10     15     -5 (VIOLATED)
_4145_/Y                                 10     15     -5 (VIOLATED)
_4808_/Y                                 10     15     -5 (VIOLATED)
_5016_/X                                 10     15     -5 (VIOLATED)
_6240_/Q                                 10     15     -5 (VIOLATED)
_6241_/Q                                 10     15     -5 (VIOLATED)
_6250_/Q                                 10     15     -5 (VIOLATED)
clkbuf_3_5_0_wb_clk_i_regs/X             10     15     -5 (VIOLATED)
clkbuf_3_6_0_wb_clk_i_regs/X             10     15     -5 (VIOLATED)
clkbuf_leaf_14_wb_clk_i_regs/X           10     15     -5 (VIOLATED)
clkbuf_leaf_19_wb_clk_i_regs/X           10     15     -5 (VIOLATED)
clkbuf_leaf_27_wb_clk_i_regs/X           10     15     -5 (VIOLATED)
clkbuf_leaf_29_wb_clk_i_regs/X           10     15     -5 (VIOLATED)
clkbuf_leaf_57_wb_clk_i_regs/X           10     15     -5 (VIOLATED)
fanout173/X                              10     15     -5 (VIOLATED)
fanout179/X                              10     15     -5 (VIOLATED)
fanout190/X                              10     15     -5 (VIOLATED)
fanout206/X                              10     15     -5 (VIOLATED)
fanout212/X                              10     15     -5 (VIOLATED)
fanout214/X                              10     15     -5 (VIOLATED)
fanout216/X                              10     15     -5 (VIOLATED)
fanout244/X                              10     15     -5 (VIOLATED)
fanout298/X                              10     15     -5 (VIOLATED)
fanout355/X                              10     15     -5 (VIOLATED)
fanout359/X                              10     15     -5 (VIOLATED)
fanout360/X                              10     15     -5 (VIOLATED)
fanout372/X                              10     15     -5 (VIOLATED)
fanout377/X                              10     15     -5 (VIOLATED)
fanout395/X                              10     15     -5 (VIOLATED)
fanout412/X                              10     15     -5 (VIOLATED)
fanout423/X                              10     15     -5 (VIOLATED)
hold58/X                                 10     15     -5 (VIOLATED)
hold76/X                                 10     15     -5 (VIOLATED)
clkbuf_leaf_20_wb_clk_i_regs/X           10     14     -4 (VIOLATED)
clkbuf_leaf_37_wb_clk_i_regs/X           10     14     -4 (VIOLATED)
clkbuf_leaf_41_wb_clk_i_regs/X           10     14     -4 (VIOLATED)
clkbuf_leaf_47_wb_clk_i_regs/X           10     14     -4 (VIOLATED)
clkbuf_leaf_8_wb_clk_i_regs/X            10     14     -4 (VIOLATED)
fanout357/X                              10     14     -4 (VIOLATED)
_3091_/Y                                 10     13     -3 (VIOLATED)
_3111_/Y                                 10     13     -3 (VIOLATED)
_3408_/Y                                 10     13     -3 (VIOLATED)
_3425_/X                                 10     13     -3 (VIOLATED)
_3609_/X                                 10     13     -3 (VIOLATED)
_4123_/X                                 10     13     -3 (VIOLATED)
_4417_/X                                 10     13     -3 (VIOLATED)
_5121_/X                                 10     13     -3 (VIOLATED)
_6236_/Q                                 10     13     -3 (VIOLATED)
_6239_/Q                                 10     13     -3 (VIOLATED)
_6242_/Q                                 10     13     -3 (VIOLATED)
_6262_/Q                                 10     13     -3 (VIOLATED)
_6263_/Q                                 10     13     -3 (VIOLATED)
_6675_/Q                                 10     13     -3 (VIOLATED)
_6714_/Q                                 10     13     -3 (VIOLATED)
clkbuf_3_7_0_wb_clk_i_regs/X             10     13     -3 (VIOLATED)
clkbuf_leaf_16_wb_clk_i_regs/X           10     13     -3 (VIOLATED)
clkbuf_leaf_17_wb_clk_i_regs/X           10     13     -3 (VIOLATED)
clkbuf_leaf_42_wb_clk_i_regs/X           10     13     -3 (VIOLATED)
fanout119/X                              10     13     -3 (VIOLATED)
fanout121/X                              10     13     -3 (VIOLATED)
fanout162/X                              10     13     -3 (VIOLATED)
fanout171/X                              10     13     -3 (VIOLATED)
fanout177/X                              10     13     -3 (VIOLATED)
fanout204/X                              10     13     -3 (VIOLATED)
fanout210/X                              10     13     -3 (VIOLATED)
fanout228/X                              10     13     -3 (VIOLATED)
fanout290/X                              10     13     -3 (VIOLATED)
fanout293/X                              10     13     -3 (VIOLATED)
fanout351/X                              10     13     -3 (VIOLATED)
fanout365/X                              10     13     -3 (VIOLATED)
fanout401/X                              10     13     -3 (VIOLATED)
fanout419/X                              10     13     -3 (VIOLATED)
fanout433/X                              10     13     -3 (VIOLATED)
fanout436/X                              10     13     -3 (VIOLATED)
input72/X                                10     13     -3 (VIOLATED)
clkbuf_leaf_38_wb_clk_i_regs/X           10     12     -2 (VIOLATED)
fanout336/X                              10     12     -2 (VIOLATED)
fanout340/X                              10     12     -2 (VIOLATED)
fanout344/X                              10     12     -2 (VIOLATED)
fanout371/X                              10     12     -2 (VIOLATED)
fanout424/X                              10     12     -2 (VIOLATED)
input14/X                                10     12     -2 (VIOLATED)
input35/X                                10     12     -2 (VIOLATED)
input73/X                                10     12     -2 (VIOLATED)
_3099_/Y                                 10     11        (VIOLATED)
_3102_/Y                                 10     11        (VIOLATED)
_3115_/Y                                 10     11        (VIOLATED)
_3298_/X                                 10     11        (VIOLATED)
_3314_/Y                                 10     11        (VIOLATED)
_4263_/X                                 10     11        (VIOLATED)
_4433_/Y                                 10     11        (VIOLATED)
_4814_/X                                 10     11        (VIOLATED)
_6264_/Q                                 10     11        (VIOLATED)
_6326_/Q                                 10     11        (VIOLATED)
_6690_/Q                                 10     11        (VIOLATED)
_6873_/Q                                 10     11        (VIOLATED)
_6888_/Q                                 10     11        (VIOLATED)
clkbuf_leaf_25_wb_clk_i_regs/X           10     11        (VIOLATED)
clkbuf_leaf_26_wb_clk_i_regs/X           10     11        (VIOLATED)
clkbuf_leaf_28_wb_clk_i_regs/X           10     11        (VIOLATED)
clkbuf_leaf_7_wb_clk_i_regs/X            10     11        (VIOLATED)
fanout184/X                              10     11        (VIOLATED)
fanout221/X                              10     11        (VIOLATED)
fanout223/X                              10     11        (VIOLATED)
fanout233/X                              10     11        (VIOLATED)
fanout279/X                              10     11        (VIOLATED)
fanout324/X                              10     11        (VIOLATED)
fanout350/X                              10     11        (VIOLATED)
fanout364/X                              10     11        (VIOLATED)
fanout383/X                              10     11        (VIOLATED)
fanout391/X                              10     11        (VIOLATED)
fanout402/X                              10     11        (VIOLATED)
fanout403/X                              10     11        (VIOLATED)
input12/X                                10     11        (VIOLATED)
input13/X                                10     11        (VIOLATED)



===========================================================================
report_parasitic_annotation -report_unannotated
============================================================================
Found 98 unannotated drivers.
 clkload0/Y
 clkload1/X
 clkload10/Y
 clkload11/Y
 clkload12/Y
 clkload13/Y
 clkload14/Y
 clkload15/Y
 clkload16/Y
 clkload17/Y
 clkload18/Y
 clkload19/Y
 clkload2/Y
 clkload20/X
 clkload21/Y
 clkload22/Y
 clkload23/Y
 clkload24/Y
 clkload25/Y
 clkload26/Y
 clkload27/Y
 clkload28/Y
 clkload29/X
 clkload3/X
 clkload30/Y
 clkload31/Y
 clkload32/Y
 clkload33/Y
 clkload34/Y
 clkload35/Y
 clkload36/Y
 clkload37/Y
 clkload38/X
 clkload39/Y
 clkload4/Y
 clkload40/Y
 clkload41/Y
 clkload42/Y
 clkload43/Y
 clkload44/Y
 clkload45/Y
 clkload46/Y
 clkload47/Y
 clkload48/Y
 clkload49/Y
 clkload5/Y
 clkload50/Y
 clkload51/Y
 clkload52/Y
 clkload53/Y
 clkload54/Y
 clkload55/X
 clkload56/Y
 clkload57/Y
 clkload58/Y
 clkload6/Y
 clkload7/Y
 clkload8/Y
 clkload9/Y
 user_project_437/HI
 user_project_438/HI
 user_project_439/HI
 user_project_440/LO
 user_project_441/LO
 user_project_442/LO
 user_project_443/LO
 user_project_444/LO
 user_project_445/LO
 user_project_446/LO
 user_project_447/LO
 user_project_448/LO
 user_project_449/LO
 user_project_450/LO
 user_project_451/LO
 user_project_452/LO
 user_project_453/LO
 user_project_454/LO
 user_project_455/LO
 user_project_456/LO
 user_project_457/LO
 user_project_458/LO
 user_project_459/LO
 user_project_460/LO
 user_project_461/LO
 user_project_462/LO
 user_project_463/LO
 user_project_464/LO
 user_project_465/LO
 user_project_466/LO
 user_project_467/LO
 user_project_468/LO
 user_project_469/LO
 user_project_470/LO
 user_project_471/LO
 user_project_472/LO
 user_project_473/LO
 user_project_474/LO
 user_project_475/LO
Found 0 partially unannotated drivers.

===========================================================================
max slew violation count 192
max fanout violation count 387
max cap violation count 0
============================================================================

===========================================================================
check_setup -verbose -unconstrained_endpoints -multiple_clock -no_clock -no_input_delay -loops -generated_clocks
===========================================================================
Warning: There is 1 input port missing set_input_delay.
  uart_rx
Warning: There are 42 unconstrained endpoints.
  io_oeb[0]
  io_oeb[10]
  io_oeb[11]
  io_oeb[12]
  io_oeb[13]
  io_oeb[14]
  io_oeb[15]
  io_oeb[16]
  io_oeb[17]
  io_oeb[18]
  io_oeb[19]
  io_oeb[1]
  io_oeb[20]
  io_oeb[21]
  io_oeb[22]
  io_oeb[23]
  io_oeb[24]
  io_oeb[25]
  io_oeb[26]
  io_oeb[27]
  io_oeb[28]
  io_oeb[29]
  io_oeb[2]
  io_oeb[30]
  io_oeb[31]
  io_oeb[32]
  io_oeb[33]
  io_oeb[34]
  io_oeb[35]
  io_oeb[36]
  io_oeb[37]
  io_oeb[3]
  io_oeb[4]
  io_oeb[5]
  io_oeb[6]
  io_oeb[7]
  io_oeb[8]
  io_oeb[9]
  pwm_out
  uart_tx
  user_irq[2]
  _6837_/D
