Clock: clk
Sources: wb_clk_i 
Generated: no
Virtual: yes
Propagated: no
Period: 25.000000

===========================================================================
report_clock_properties
============================================================================
Clock                   Period          Waveform
----------------------------------------------------
clk                  25.000000    0.000000 12.500000

===========================================================================
report_clock_latency
============================================================================
Clock clk
rise -> rise
    min     max
4.650000 5.570000 source latency
5.246962         network latency _6645_/CLK
        5.813186 network latency sram_inst/wb_clk_i
---------------
9.896962 11.383186 latency
        1.486225 skew

fall -> fall
    min     max
4.650000 5.570000 source latency
5.368634         network latency _6645_/CLK
        5.973762 network latency sram_inst/wb_clk_i
---------------
10.018633 11.543762 latency
        1.525128 skew



===========================================================================
report_clock_min_period
============================================================================
clk period_min = 4.76 fmax = 209.92
