Reading OpenROAD database at '/workspace/peripheral-example/openlane/user_project/runs/RUN_2025-10-27_22-54-47/49-odb-reportdisconnectedpins/user_project.odb'…
Reading library file at '/nc/apps/pdk/ciel/sky130/versions/0fe599b2afb6708d281543108caf8310912f54af/sky130A/libs.ref/sky130_fd_sc_hd/lib/sky130_fd_sc_hd__tt_025C_1v80.lib'…
Reading library file at '/workspace/peripheral-example/ip/CF_SRAM_1024x32/lib/CF_SRAM_1024x32_wb_wrapper.lib'…
Reading macro library file at '/workspace/peripheral-example/ip/CF_SRAM_1024x32/lib/CF_SRAM_1024x32_wb_wrapper.lib'…
[WARNING STA-1140] /workspace/peripheral-example/ip/CF_SRAM_1024x32/lib/CF_SRAM_1024x32_wb_wrapper.lib line 1, library CF_SRAM_1024x32_wb_wrapper already exists.
Reading design constraints file at '/workspace/peripheral-example/openlane/user_project/signoff.sdc'…
[INFO]: Creating clock {clk} for port wb_clk_i with period: 25
[INFO]: Setting clock uncertainity to: 0.25
[INFO]: Setting clock transition to: 0.1499999999999999944488848768742172978818416595458984375
[INFO]: Setting maximum transition to: 0.75
[INFO]: Setting maximum fanout to: 10
[INFO]: Setting timing derate to: 0 %
[INFO]: Setting clock latency range: 4.65 : 5.57
[INFO]: Setting clock transition: 0.61
[WARNING STA-0366] port 'la_data_in[*]' not found.
[WARNING STA-0366] port 'la_oenb[*]' not found.
[WARNING STA-0366] port 'la_data_in[*]' not found.
[WARNING STA-0366] port 'la_oenb[*]' not found.
[WARNING STA-0366] port 'io_in[*]' not found.
[WARNING STA-0366] port 'la_data_in[*]' not found.
[WARNING STA-0366] port 'la_oenb[*]' not found.
[WARNING STA-0366] port 'io_in[*]' not found.
[WARNING STA-0366] port 'la_oenb[*]' not found.
[WARNING STA-0366] port 'la_data_in[*]' not found.
[WARNING STA-0366] port 'la_data_out[*]' not found.
[WARNING STA-0366] port 'la_data_out[*]' not found.
sky130_ef_sc_hd__decap_12 sky130_fd_sc_hd__decap_8 sky130_fd_sc_hd__decap_6 sky130_fd_sc_hd__decap_4 sky130_fd_sc_hd__decap_3 sky130_fd_sc_hd__fill*
[INFO DPL-0001] Placed 26579 filler instances.
Setting global connections for newly added cells…
[INFO] Setting global connections...
sram_inst matched with sram_inst
Updating metrics…
Cell type report:                       Count       Area
  Macro                                     1  165300.00
  Fill cell                             27451  272458.81
  Tap cell                               4884    6110.86
  Antenna cell                           4467   11178.22
  Buffer                                    2       8.76
  Clock buffer                             78    1099.80
  Timing Repair Buffer                   1053    9591.70
  Inverter                                557    2090.76
  Clock inverter                           53     625.60
  Sequential cell                         755   17760.78
  Multi-Input combinational cell         2569   22607.93
  Total                                 41870  508833.23
Writing OpenROAD database to '/workspace/peripheral-example/openlane/user_project/runs/RUN_2025-10-27_22-54-47/53-openroad-fillinsertion/user_project.odb'…
Writing netlist to '/workspace/peripheral-example/openlane/user_project/runs/RUN_2025-10-27_22-54-47/53-openroad-fillinsertion/user_project.nl.v'…
Writing powered netlist to '/workspace/peripheral-example/openlane/user_project/runs/RUN_2025-10-27_22-54-47/53-openroad-fillinsertion/user_project.pnl.v'…
Writing layout to '/workspace/peripheral-example/openlane/user_project/runs/RUN_2025-10-27_22-54-47/53-openroad-fillinsertion/user_project.def'…
Writing timing constraints to '/workspace/peripheral-example/openlane/user_project/runs/RUN_2025-10-27_22-54-47/53-openroad-fillinsertion/user_project.sdc'…
