
===========================================================================
report_checks -unconstrained
===========================================================================
======================= nom_ss_100C_1v60 Corner ===================================

Startpoint: wb_rst_i (input port clocked by clk)
Endpoint: _6209_ (recovery check against rising-edge clock clk)
Path Group: asynchronous
Path Type: max

Fanout         Cap        Slew       Delay        Time   Description
---------------------------------------------------------------------------------------------
                                  0.000000    0.000000   clock clk (rise edge)
                                  5.570000    5.570000   clock network delay (propagated)
                                 12.500000   18.070000 v input external delay
     2    0.004129    0.000000    0.000000   18.070000 v wb_rst_i (in)
                                                         wb_rst_i (net)
                      0.000095    0.000048   18.070047 v input2/A (sky130_fd_sc_hd__buf_4)
     9    0.109637    0.251991    0.381110   18.451157 v input2/X (sky130_fd_sc_hd__buf_4)
                                                         net2 (net)
                      0.258405    0.031884   18.483042 v fanout426/A (sky130_fd_sc_hd__clkbuf_4)
    11    0.063141    0.231018    0.482849   18.965891 v fanout426/X (sky130_fd_sc_hd__clkbuf_4)
                                                         net426 (net)
                      0.231018    0.000785   18.966677 v fanout421/A (sky130_fd_sc_hd__clkbuf_2)
    11    0.045163    0.312857    0.464851   19.431528 v fanout421/X (sky130_fd_sc_hd__clkbuf_2)
                                                         net421 (net)
                      0.312863    0.001704   19.433231 v fanout420/A (sky130_fd_sc_hd__buf_2)
    13    0.051264    0.234792    0.513026   19.946257 v fanout420/X (sky130_fd_sc_hd__buf_2)
                                                         net420 (net)
                      0.234793    0.001020   19.947277 v fanout416/A (sky130_fd_sc_hd__clkbuf_4)
     8    0.053285    0.199920    0.449408   20.396685 v fanout416/X (sky130_fd_sc_hd__clkbuf_4)
                                                         net416 (net)
                      0.199921    0.000950   20.397635 v fanout415/A (sky130_fd_sc_hd__buf_4)
    10    0.059574    0.152874    0.409120   20.806755 v fanout415/X (sky130_fd_sc_hd__buf_4)
                                                         net415 (net)
                      0.152886    0.001441   20.808195 v _5683_/A (sky130_fd_sc_hd__inv_2)
     1    0.003402    0.054557    0.100151   20.908346 ^ _5683_/Y (sky130_fd_sc_hd__inv_2)
                                                         _0059_ (net)
                      0.054557    0.000066   20.908411 ^ _6209_/SET_B (sky130_fd_sc_hd__dfstp_1)
                                             20.908411   data arrival time

                                 25.000000   25.000000   clock clk (rise edge)
                                  4.650000   29.650000   clock source latency
     4    0.092369    0.610000    0.000000   29.650000 ^ wb_clk_i (in)
                                                         wb_clk_i (net)
                      0.628450    0.009225   29.659224 ^ clkbuf_regs_0_clk/A (sky130_fd_sc_hd__clkbuf_16)
     1    0.008451    0.061183    0.438913   30.098137 ^ clkbuf_regs_0_clk/X (sky130_fd_sc_hd__clkbuf_16)
                                                         wb_clk_i_regs (net)
                      0.061183    0.000263   30.098400 ^ clkbuf_0_wb_clk_i_regs/A (sky130_fd_sc_hd__clkbuf_16)
    17    0.151339    0.248608    0.363791   30.462191 ^ clkbuf_0_wb_clk_i_regs/X (sky130_fd_sc_hd__clkbuf_16)
                                                         clknet_0_wb_clk_i_regs (net)
                      0.249352    0.011067   30.473257 ^ clkbuf_3_4_0_wb_clk_i_regs/A (sky130_fd_sc_hd__clkbuf_8)
    19    0.116650    0.318560    0.499551   30.972807 ^ clkbuf_3_4_0_wb_clk_i_regs/X (sky130_fd_sc_hd__clkbuf_8)
                                                         clknet_3_4_0_wb_clk_i_regs (net)
                      0.318585    0.003141   30.975948 ^ clkbuf_leaf_49_wb_clk_i_regs/A (sky130_fd_sc_hd__clkbuf_8)
    14    0.058433    0.175809    0.422244   31.398191 ^ clkbuf_leaf_49_wb_clk_i_regs/X (sky130_fd_sc_hd__clkbuf_8)
                                                         clknet_leaf_49_wb_clk_i_regs (net)
                      0.175817    0.001418   31.399609 ^ _6209_/CLK (sky130_fd_sc_hd__dfstp_1)
                                 -0.250000   31.149609   clock uncertainty
                                  0.000000   31.149609   clock reconvergence pessimism
                                  0.302240   31.451849   library recovery time
                                             31.451849   data required time
---------------------------------------------------------------------------------------------
                                             31.451849   data required time
                                            -20.908411   data arrival time
---------------------------------------------------------------------------------------------
                                             10.543437   slack (MET)


Startpoint: wbs_adr_i[15] (input port clocked by clk)
Endpoint: wbs_dat_o[6] (output port clocked by clk)
Path Group: clk
Path Type: max

Fanout         Cap        Slew       Delay        Time   Description
---------------------------------------------------------------------------------------------
                                  0.000000    0.000000   clock clk (rise edge)
                                  5.570000    5.570000   clock network delay (propagated)
                                  3.890000    9.460000 v input external delay
     2    0.005355    0.920000    0.000000    9.460000 v wbs_adr_i[15] (in)
                                                         wbs_adr_i[15] (net)
                      0.920096    0.000048    9.460048 v hold58/A (sky130_fd_sc_hd__dlygate4sd3_1)
     1    0.002189    0.101434    1.495982   10.956030 v hold58/X (sky130_fd_sc_hd__dlygate4sd3_1)
                                                         net497 (net)
                      0.101434    0.000042   10.956072 v input9/A (sky130_fd_sc_hd__clkbuf_4)
     5    0.090066    0.316100    0.469848   11.425920 v input9/X (sky130_fd_sc_hd__clkbuf_4)
                                                         net9 (net)
                      0.316529    0.009763   11.435683 v hold59/A (sky130_fd_sc_hd__dlygate4sd3_1)
     5    0.021262    0.265743    1.432609   12.868292 v hold59/X (sky130_fd_sc_hd__dlygate4sd3_1)
                                                         net498 (net)
                      0.265751    0.001875   12.870167 v _3129_/D (sky130_fd_sc_hd__or4_1)
     2    0.007590    0.234786    1.111164   13.981330 v _3129_/X (sky130_fd_sc_hd__or4_1)
                                                         _1296_ (net)
                      0.234786    0.000156   13.981486 v hold70/A (sky130_fd_sc_hd__dlygate4sd3_1)
     1    0.001641    0.095407    1.183471   15.164958 v hold70/X (sky130_fd_sc_hd__dlygate4sd3_1)
                                                         net509 (net)
                      0.095407    0.000032   15.164989 v hold60/A (sky130_fd_sc_hd__dlygate4sd3_1)
     1    0.002776    0.105360    1.134792   16.299782 v hold60/X (sky130_fd_sc_hd__dlygate4sd3_1)
                                                         net499 (net)
                      0.105360    0.000089   16.299870 v _3132_/A (sky130_fd_sc_hd__or2_1)
     4    0.023092    0.263143    0.691999   16.991869 v _3132_/X (sky130_fd_sc_hd__or2_1)
                                                         _1299_ (net)
                      0.263143    0.000426   16.992296 v _4147_/A (sky130_fd_sc_hd__or2_2)
     5    0.019910    0.194767    0.868180   17.860476 v _4147_/X (sky130_fd_sc_hd__or2_2)
                                                         _2114_ (net)
                      0.194768    0.000957   17.861433 v _4263_/B (sky130_fd_sc_hd__or2_2)
     5    0.025513    0.215138    0.823105   18.684540 v _4263_/X (sky130_fd_sc_hd__or2_2)
                                                         _2127_ (net)
                      0.215138    0.000584   18.685123 v hold22/A (sky130_fd_sc_hd__dlygate4sd3_1)
     1    0.005198    0.131358    1.229679   19.914803 v hold22/X (sky130_fd_sc_hd__dlygate4sd3_1)
                                                         net461 (net)
                      0.131358    0.000194   19.914997 v fanout180/A (sky130_fd_sc_hd__buf_2)
    21    0.052095    0.237833    0.428825   20.343821 v fanout180/X (sky130_fd_sc_hd__buf_2)
                                                         net180 (net)
                      0.237883    0.003361   20.347183 v _5039_/B (sky130_fd_sc_hd__nor2_1)
     1    0.003617    0.159048    0.224452   20.571634 ^ _5039_/Y (sky130_fd_sc_hd__nor2_1)
                                                         _2765_ (net)
                      0.159048    0.000128   20.571762 ^ _5040_/A2_N (sky130_fd_sc_hd__a2bb2o_1)
     1    0.003338    0.104109    0.629907   21.201668 v _5040_/X (sky130_fd_sc_hd__a2bb2o_1)
                                                         _2766_ (net)
                      0.104109    0.000101   21.201769 v _5042_/A2 (sky130_fd_sc_hd__a32o_1)
     1    0.011007    0.139766    0.523210   21.724979 v _5042_/X (sky130_fd_sc_hd__a32o_1)
                                                         _2768_ (net)
                      0.139768    0.000664   21.725645 v _5043_/C1 (sky130_fd_sc_hd__a221o_1)
     1    0.002761    0.091261    0.511184   22.236828 v _5043_/X (sky130_fd_sc_hd__a221o_1)
                                                         _2769_ (net)
                      0.091261    0.000078   22.236906 v _5045_/B1 (sky130_fd_sc_hd__a22o_1)
     1    0.003016    0.072740    0.335394   22.572300 v _5045_/X (sky130_fd_sc_hd__a22o_1)
                                                         _2771_ (net)
                      0.072740    0.000087   22.572388 v _5046_/C1 (sky130_fd_sc_hd__o211a_1)
     1    0.016270    0.183268    0.306679   22.879066 v _5046_/X (sky130_fd_sc_hd__o211a_1)
                                                         _2772_ (net)
                      0.183270    0.001002   22.880068 v _5064_/B1 (sky130_fd_sc_hd__a31o_1)
     3    0.026105    0.249041    0.550463   23.430531 v _5064_/X (sky130_fd_sc_hd__a31o_1)
                                                         _2790_ (net)
                      0.249043    0.001195   23.431726 v _5065_/C1 (sky130_fd_sc_hd__a211o_2)
     3    0.045436    0.265032    0.786024   24.217751 v _5065_/X (sky130_fd_sc_hd__a211o_2)
                                                         net107 (net)
                      0.265217    0.006366   24.224117 v output107/A (sky130_fd_sc_hd__buf_12)
     1    0.192061    0.175887    0.434913   24.659029 v output107/X (sky130_fd_sc_hd__buf_12)
                                                         wbs_dat_o[6] (net)
                      0.176093    0.005345   24.664375 v wbs_dat_o[6] (out)
                                             24.664375   data arrival time

                                 25.000000   25.000000   clock clk (rise edge)
                                  4.650000   29.650000   clock network delay (propagated)
                                 -0.250000   29.400000   clock uncertainty
                                  0.000000   29.400000   clock reconvergence pessimism
                                 -3.620000   25.779999   output external delay
                                             25.779999   data required time
---------------------------------------------------------------------------------------------
                                             25.779999   data required time
                                            -24.664375   data arrival time
---------------------------------------------------------------------------------------------
                                              1.115625   slack (MET)




===========================================================================
report_checks --slack_max -0.01
============================================================================
======================= nom_ss_100C_1v60 Corner ===================================

No paths found.


===========================================================================
 report_check_types -max_slew -max_cap -max_fanout -violators
============================================================================
======================= nom_ss_100C_1v60 Corner ===================================

max slew

Pin                                        Limit        Slew       Slack
------------------------------------------------------------------------
ANTENNA__3955__A0/DIODE                 0.750000    1.212309   -0.462309 (VIOLATED)
_3955_/A0                               0.750000    1.212309   -0.462309 (VIOLATED)
ANTENNA__4265__A1/DIODE                 0.750000    1.212307   -0.462307 (VIOLATED)
ANTENNA__4294__A1/DIODE                 0.750000    1.212306   -0.462307 (VIOLATED)
_4265_/A1                               0.750000    1.212307   -0.462307 (VIOLATED)
_4294_/A1                               0.750000    1.212307   -0.462307 (VIOLATED)
ANTENNA__4163__A0/DIODE                 0.750000    1.212304   -0.462304 (VIOLATED)
ANTENNA__4200__A0/DIODE                 0.750000    1.212304   -0.462304 (VIOLATED)
ANTENNA__4246__A0/DIODE                 0.750000    1.212304   -0.462304 (VIOLATED)
ANTENNA__4740__A0/DIODE                 0.750000    1.212304   -0.462304 (VIOLATED)
ANTENNA_hold36_X/DIODE                  0.750000    1.212304   -0.462304 (VIOLATED)
_4163_/A0                               0.750000    1.212304   -0.462304 (VIOLATED)
_4200_/A0                               0.750000    1.212304   -0.462304 (VIOLATED)
_4246_/A0                               0.750000    1.212304   -0.462304 (VIOLATED)
_4740_/A0                               0.750000    1.212304   -0.462304 (VIOLATED)
hold36/X                                0.750000    1.212304   -0.462304 (VIOLATED)
ANTENNA__4201__A0/DIODE                 0.750000    1.107524   -0.357524 (VIOLATED)
_4201_/A0                               0.750000    1.107524   -0.357524 (VIOLATED)
ANTENNA__4247__A0/DIODE                 0.750000    1.107522   -0.357522 (VIOLATED)
_4247_/A0                               0.750000    1.107522   -0.357522 (VIOLATED)
_4741_/A0                               0.750000    1.107521   -0.357521 (VIOLATED)
ANTENNA__4741__A0/DIODE                 0.750000    1.107520   -0.357520 (VIOLATED)
_4164_/A0                               0.750000    1.107515   -0.357515 (VIOLATED)
ANTENNA__4164__A0/DIODE                 0.750000    1.107514   -0.357514 (VIOLATED)
ANTENNA__3956__A0/DIODE                 0.750000    1.107508   -0.357508 (VIOLATED)
ANTENNA__4266__A1/DIODE                 0.750000    1.107508   -0.357508 (VIOLATED)
ANTENNA__4295__A1/DIODE                 0.750000    1.107508   -0.357508 (VIOLATED)
ANTENNA_hold40_X/DIODE                  0.750000    1.107508   -0.357508 (VIOLATED)
_3956_/A0                               0.750000    1.107508   -0.357508 (VIOLATED)
_4266_/A1                               0.750000    1.107508   -0.357508 (VIOLATED)
_4295_/A1                               0.750000    1.107508   -0.357508 (VIOLATED)
hold40/X                                0.750000    1.107508   -0.357508 (VIOLATED)
_5150_/C1                               0.750000    1.066680   -0.316680 (VIOLATED)
ANTENNA__5150__C1/DIODE                 0.750000    1.066679   -0.316679 (VIOLATED)
ANTENNA__5001__A2/DIODE                 0.750000    1.066669   -0.316669 (VIOLATED)
_4962_/A2                               0.750000    1.066669   -0.316669 (VIOLATED)
ANTENNA__4962__A2/DIODE                 0.750000    1.066668   -0.316668 (VIOLATED)
_5001_/A2                               0.750000    1.066668   -0.316668 (VIOLATED)
_5009_/A2                               0.750000    1.066664   -0.316664 (VIOLATED)
ANTENNA__5009__A2/DIODE                 0.750000    1.066663   -0.316663 (VIOLATED)
ANTENNA_fanout197_A/DIODE               0.750000    1.066647   -0.316647 (VIOLATED)
fanout197/A                             0.750000    1.066647   -0.316647 (VIOLATED)
ANTENNA__3314__Y/DIODE                  0.750000    1.066645   -0.316645 (VIOLATED)
_3314_/Y                                0.750000    1.066645   -0.316645 (VIOLATED)
ANTENNA__5212__B1/DIODE                 0.750000    1.000720   -0.250720 (VIOLATED)
_5212_/B1                               0.750000    1.000720   -0.250720 (VIOLATED)
ANTENNA_fanout169_A/DIODE               0.750000    1.000718   -0.250718 (VIOLATED)
fanout169/A                             0.750000    1.000718   -0.250718 (VIOLATED)
ANTENNA__4971__C1/DIODE                 0.750000    1.000716   -0.250716 (VIOLATED)
_4971_/C1                               0.750000    1.000716   -0.250716 (VIOLATED)
ANTENNA__4963__Y/DIODE                  0.750000    1.000714   -0.250714 (VIOLATED)
_4963_/Y                                0.750000    1.000714   -0.250714 (VIOLATED)
ANTENNA__4976__C1/DIODE                 0.750000    0.993681   -0.243681 (VIOLATED)
_4976_/C1                               0.750000    0.993681   -0.243681 (VIOLATED)
ANTENNA__5108__C1/DIODE                 0.750000    0.993680   -0.243680 (VIOLATED)
_5108_/C1                               0.750000    0.993680   -0.243680 (VIOLATED)
ANTENNA__3351__Y/DIODE                  0.750000    0.993677   -0.243677 (VIOLATED)
ANTENNA__5121__A_N/DIODE                0.750000    0.993677   -0.243677 (VIOLATED)
_3351_/Y                                0.750000    0.993677   -0.243677 (VIOLATED)
_5121_/A_N                              0.750000    0.993677   -0.243677 (VIOLATED)
ANTENNA_fanout216_A/DIODE               0.750000    0.974525   -0.224525 (VIOLATED)
fanout215/A                             0.750000    0.974525   -0.224525 (VIOLATED)
fanout216/A                             0.750000    0.974525   -0.224525 (VIOLATED)
ANTENNA_fanout215_A/DIODE               0.750000    0.974524   -0.224524 (VIOLATED)
fanout214/A                             0.750000    0.974517   -0.224517 (VIOLATED)
ANTENNA__4400__Y/DIODE                  0.750000    0.974515   -0.224516 (VIOLATED)
ANTENNA_fanout214_A/DIODE               0.750000    0.974515   -0.224516 (VIOLATED)
_4400_/Y                                0.750000    0.974515   -0.224516 (VIOLATED)
_3984_/C1                               0.750000    0.972917   -0.222917 (VIOLATED)
_3986_/A                                0.750000    0.972917   -0.222917 (VIOLATED)
ANTENNA__3986__A/DIODE                  0.750000    0.972916   -0.222916 (VIOLATED)
ANTENNA__3984__C1/DIODE                 0.750000    0.972911   -0.222911 (VIOLATED)
_3972_/A1                               0.750000    0.972909   -0.222909 (VIOLATED)
ANTENNA__3972__A1/DIODE                 0.750000    0.972907   -0.222907 (VIOLATED)
ANTENNA__4027__A2/DIODE                 0.750000    0.972896   -0.222896 (VIOLATED)
_4027_/A2                               0.750000    0.972895   -0.222895 (VIOLATED)
_4023_/A2                               0.750000    0.972892   -0.222892 (VIOLATED)
ANTENNA__4023__A2/DIODE                 0.750000    0.972891   -0.222891 (VIOLATED)
ANTENNA__4025__A2/DIODE                 0.750000    0.972887   -0.222887 (VIOLATED)
_4025_/A2                               0.750000    0.972886   -0.222886 (VIOLATED)
_4038_/A                                0.750000    0.972879   -0.222879 (VIOLATED)
ANTENNA__4038__A/DIODE                  0.750000    0.972878   -0.222878 (VIOLATED)
ANTENNA__3547__B/DIODE                  0.750000    0.972875   -0.222875 (VIOLATED)
_3547_/B                                0.750000    0.972874   -0.222874 (VIOLATED)
ANTENNA__4794__B1_N/DIODE               0.750000    0.972853   -0.222854 (VIOLATED)
_4794_/B1_N                             0.750000    0.972854   -0.222854 (VIOLATED)
ANTENNA__3546__Y/DIODE                  0.750000    0.972852   -0.222852 (VIOLATED)
_3546_/Y                                0.750000    0.972843   -0.222843 (VIOLATED)
ANTENNA__4482__A2/DIODE                 0.750000    0.972780   -0.222780 (VIOLATED)
_4482_/A2                               0.750000    0.972780   -0.222780 (VIOLATED)
_4453_/B2                               0.750000    0.972777   -0.222777 (VIOLATED)
ANTENNA__4453__B2/DIODE                 0.750000    0.972776   -0.222776 (VIOLATED)
ANTENNA_fanout134_A/DIODE               0.750000    0.972774   -0.222774 (VIOLATED)
fanout134/A                             0.750000    0.972774   -0.222774 (VIOLATED)
ANTENNA__4569__A1/DIODE                 0.750000    0.972772   -0.222772 (VIOLATED)
_4569_/A1                               0.750000    0.972772   -0.222772 (VIOLATED)
ANTENNA__4436__A2/DIODE                 0.750000    0.972768   -0.222768 (VIOLATED)
_4436_/A2                               0.750000    0.972766   -0.222766 (VIOLATED)
ANTENNA__4433__Y/DIODE                  0.750000    0.972759   -0.222759 (VIOLATED)
_4433_/Y                                0.750000    0.972755   -0.222755 (VIOLATED)
fanout272/A                             0.750000    0.967545   -0.217545 (VIOLATED)
ANTENNA_fanout272_A/DIODE               0.750000    0.967544   -0.217545 (VIOLATED)
ANTENNA__4996__B2/DIODE                 0.750000    0.967542   -0.217542 (VIOLATED)
_4996_/B2                               0.750000    0.967542   -0.217542 (VIOLATED)
ANTENNA__5181__A2/DIODE                 0.750000    0.967541   -0.217541 (VIOLATED)
ANTENNA__5197__A2/DIODE                 0.750000    0.967541   -0.217541 (VIOLATED)
_5181_/A2                               0.750000    0.967542   -0.217542 (VIOLATED)
_5197_/A2                               0.750000    0.967542   -0.217542 (VIOLATED)
ANTENNA__3125__Y/DIODE                  0.750000    0.967539   -0.217539 (VIOLATED)
_3125_/Y                                0.750000    0.967539   -0.217539 (VIOLATED)
ANTENNA_input13_A/DIODE                 0.750000    0.920193   -0.170193 (VIOLATED)
ANTENNA_hold30_A/DIODE                  0.750000    0.920168   -0.170168 (VIOLATED)
input13/A                               0.750000    0.920150   -0.170150 (VIOLATED)
ANTENNA_hold159_A/DIODE                 0.750000    0.920139   -0.170139 (VIOLATED)
ANTENNA_hold15_A/DIODE                  0.750000    0.920132   -0.170132 (VIOLATED)
ANTENNA_hold147_A/DIODE                 0.750000    0.920126   -0.170126 (VIOLATED)
ANTENNA_hold74_A/DIODE                  0.750000    0.920121   -0.170121 (VIOLATED)
ANTENNA_hold58_A/DIODE                  0.750000    0.920120   -0.170120 (VIOLATED)
hold68/A                                0.750000    0.920118   -0.170118 (VIOLATED)
input17/A                               0.750000    0.920118   -0.170118 (VIOLATED)
ANTENNA_hold136_A/DIODE                 0.750000    0.920117   -0.170117 (VIOLATED)
ANTENNA_hold68_A/DIODE                  0.750000    0.920116   -0.170116 (VIOLATED)
ANTENNA_hold52_A/DIODE                  0.750000    0.920115   -0.170115 (VIOLATED)
hold30/A                                0.750000    0.920113   -0.170113 (VIOLATED)
hold43/A                                0.750000    0.920110   -0.170110 (VIOLATED)
input16/A                               0.750000    0.920109   -0.170109 (VIOLATED)
input23/A                               0.750000    0.920106   -0.170106 (VIOLATED)
hold147/A                               0.750000    0.920105   -0.170105 (VIOLATED)
input26/A                               0.750000    0.920105   -0.170105 (VIOLATED)
hold52/A                                0.750000    0.920103   -0.170103 (VIOLATED)
hold136/A                               0.750000    0.920103   -0.170103 (VIOLATED)
hold74/A                                0.750000    0.920102   -0.170102 (VIOLATED)
hold15/A                                0.750000    0.920101   -0.170101 (VIOLATED)
input24/A                               0.750000    0.920101   -0.170101 (VIOLATED)
hold58/A                                0.750000    0.920101   -0.170101 (VIOLATED)
input18/A                               0.750000    0.920098   -0.170098 (VIOLATED)
ANTENNA_input17_A/DIODE                 0.750000    0.920098   -0.170098 (VIOLATED)
hold159/A                               0.750000    0.920097   -0.170097 (VIOLATED)
input20/A                               0.750000    0.920097   -0.170097 (VIOLATED)
hold72/A                                0.750000    0.920095   -0.170095 (VIOLATED)
input19/A                               0.750000    0.920095   -0.170095 (VIOLATED)
input22/A                               0.750000    0.920095   -0.170095 (VIOLATED)
input21/A                               0.750000    0.920094   -0.170094 (VIOLATED)
ANTENNA_input26_A/DIODE                 0.750000    0.920093   -0.170093 (VIOLATED)
input27/A                               0.750000    0.920093   -0.170093 (VIOLATED)
hold162/A                               0.750000    0.920093   -0.170093 (VIOLATED)
input15/A                               0.750000    0.920093   -0.170093 (VIOLATED)
ANTENNA_input27_A/DIODE                 0.750000    0.920092   -0.170092 (VIOLATED)
hold343/A                               0.750000    0.920092   -0.170092 (VIOLATED)
ANTENNA_hold119_A/DIODE                 0.750000    0.920090   -0.170090 (VIOLATED)
ANTENNA_input15_A/DIODE                 0.750000    0.920087   -0.170087 (VIOLATED)
ANTENNA_input24_A/DIODE                 0.750000    0.920087   -0.170087 (VIOLATED)
ANTENNA_input23_A/DIODE                 0.750000    0.920087   -0.170087 (VIOLATED)
hold119/A                               0.750000    0.920085   -0.170086 (VIOLATED)
ANTENNA_input16_A/DIODE                 0.750000    0.920084   -0.170084 (VIOLATED)
ANTENNA_hold343_A/DIODE                 0.750000    0.920083   -0.170083 (VIOLATED)
ANTENNA_hold43_A/DIODE                  0.750000    0.920082   -0.170082 (VIOLATED)
ANTENNA_hold152_A/DIODE                 0.750000    0.920080   -0.170080 (VIOLATED)
ANTENNA_input20_A/DIODE                 0.750000    0.920078   -0.170078 (VIOLATED)
ANTENNA_hold72_A/DIODE                  0.750000    0.920077   -0.170077 (VIOLATED)
ANTENNA_hold162_A/DIODE                 0.750000    0.920076   -0.170076 (VIOLATED)
hold63/A                                0.750000    0.920075   -0.170075 (VIOLATED)
hold167/A                               0.750000    0.920075   -0.170075 (VIOLATED)
ANTENNA_input18_A/DIODE                 0.750000    0.920074   -0.170074 (VIOLATED)
ANTENNA_input22_A/DIODE                 0.750000    0.920073   -0.170073 (VIOLATED)
ANTENNA_input19_A/DIODE                 0.750000    0.920073   -0.170073 (VIOLATED)
ANTENNA_input21_A/DIODE                 0.750000    0.920073   -0.170073 (VIOLATED)
hold19/A                                0.750000    0.920072   -0.170072 (VIOLATED)
hold152/A                               0.750000    0.920071   -0.170072 (VIOLATED)
ANTENNA_hold167_A/DIODE                 0.750000    0.920070   -0.170070 (VIOLATED)
hold133/A                               0.750000    0.920070   -0.170070 (VIOLATED)
ANTENNA_hold133_A/DIODE                 0.750000    0.920068   -0.170068 (VIOLATED)
ANTENNA_hold63_A/DIODE                  0.750000    0.920063   -0.170063 (VIOLATED)
ANTENNA_hold19_A/DIODE                  0.750000    0.920060   -0.170060 (VIOLATED)
wbs_adr_i[0]                            0.750000    0.920000   -0.170000 (VIOLATED)
wbs_adr_i[10]                           0.750000    0.920000   -0.170000 (VIOLATED)
wbs_adr_i[11]                           0.750000    0.920000   -0.170000 (VIOLATED)
wbs_adr_i[12]                           0.750000    0.920000   -0.170000 (VIOLATED)
wbs_adr_i[13]                           0.750000    0.920000   -0.170000 (VIOLATED)
wbs_adr_i[14]                           0.750000    0.920000   -0.170000 (VIOLATED)
wbs_adr_i[15]                           0.750000    0.920000   -0.170000 (VIOLATED)
wbs_adr_i[16]                           0.750000    0.920000   -0.170000 (VIOLATED)
wbs_adr_i[17]                           0.750000    0.920000   -0.170000 (VIOLATED)
wbs_adr_i[18]                           0.750000    0.920000   -0.170000 (VIOLATED)
wbs_adr_i[19]                           0.750000    0.920000   -0.170000 (VIOLATED)
wbs_adr_i[1]                            0.750000    0.920000   -0.170000 (VIOLATED)
wbs_adr_i[20]                           0.750000    0.920000   -0.170000 (VIOLATED)
wbs_adr_i[21]                           0.750000    0.920000   -0.170000 (VIOLATED)
wbs_adr_i[22]                           0.750000    0.920000   -0.170000 (VIOLATED)
wbs_adr_i[23]                           0.750000    0.920000   -0.170000 (VIOLATED)
wbs_adr_i[24]                           0.750000    0.920000   -0.170000 (VIOLATED)
wbs_adr_i[25]                           0.750000    0.920000   -0.170000 (VIOLATED)
wbs_adr_i[26]                           0.750000    0.920000   -0.170000 (VIOLATED)
wbs_adr_i[27]                           0.750000    0.920000   -0.170000 (VIOLATED)
wbs_adr_i[28]                           0.750000    0.920000   -0.170000 (VIOLATED)
wbs_adr_i[29]                           0.750000    0.920000   -0.170000 (VIOLATED)
wbs_adr_i[2]                            0.750000    0.920000   -0.170000 (VIOLATED)
wbs_adr_i[30]                           0.750000    0.920000   -0.170000 (VIOLATED)
wbs_adr_i[31]                           0.750000    0.920000   -0.170000 (VIOLATED)
wbs_adr_i[3]                            0.750000    0.920000   -0.170000 (VIOLATED)
wbs_adr_i[4]                            0.750000    0.920000   -0.170000 (VIOLATED)
wbs_adr_i[5]                            0.750000    0.920000   -0.170000 (VIOLATED)
wbs_adr_i[6]                            0.750000    0.920000   -0.170000 (VIOLATED)
wbs_adr_i[7]                            0.750000    0.920000   -0.170000 (VIOLATED)
wbs_adr_i[8]                            0.750000    0.920000   -0.170000 (VIOLATED)
wbs_adr_i[9]                            0.750000    0.920000   -0.170000 (VIOLATED)
fanout366/A                             0.750000    0.911010   -0.161010 (VIOLATED)
ANTENNA_fanout366_A/DIODE               0.750000    0.911009   -0.161009 (VIOLATED)
ANTENNA_fanout365_A/DIODE               0.750000    0.911004   -0.161004 (VIOLATED)
fanout365/A                             0.750000    0.911004   -0.161004 (VIOLATED)
ANTENNA_fanout364_A/DIODE               0.750000    0.911001   -0.161001 (VIOLATED)
ANTENNA_hold151_X/DIODE                 0.750000    0.911001   -0.161001 (VIOLATED)
fanout364/A                             0.750000    0.911001   -0.161001 (VIOLATED)
hold151/X                               0.750000    0.911001   -0.161001 (VIOLATED)
_6890_/A                                0.750000    0.908278   -0.158279 (VIOLATED)
ANTENNA__6890__A/DIODE                  0.750000    0.908278   -0.158278 (VIOLATED)
ANTENNA_hold558_X/DIODE                 0.750000    0.907943   -0.157943 (VIOLATED)
hold558/X                               0.750000    0.907943   -0.157943 (VIOLATED)
_4347_/A                                0.750000    0.876040   -0.126041 (VIOLATED)
ANTENNA__4347__A/DIODE                  0.750000    0.876040   -0.126040 (VIOLATED)
ANTENNA__4313__X/DIODE                  0.750000    0.876039   -0.126039 (VIOLATED)
_4313_/X                                0.750000    0.876039   -0.126039 (VIOLATED)
_4140_/Y                                0.750000    0.850190   -0.100190 (VIOLATED)
_4433_/A                                0.750000    0.850190   -0.100190 (VIOLATED)
_4434_/A                                0.750000    0.850190   -0.100190 (VIOLATED)
max_cap148/A                            0.750000    0.850190   -0.100190 (VIOLATED)
ANTENNA_hold87_A/DIODE                  0.750000    0.840519   -0.090519 (VIOLATED)
hold87/A                                0.750000    0.840394   -0.090394 (VIOLATED)
ANTENNA_hold78_A/DIODE                  0.750000    0.840345   -0.090345 (VIOLATED)
hold78/A                                0.750000    0.840272   -0.090272 (VIOLATED)
ANTENNA_hold84_A/DIODE                  0.750000    0.840258   -0.090258 (VIOLATED)
ANTENNA_hold82_A/DIODE                  0.750000    0.840234   -0.090234 (VIOLATED)
ANTENNA_hold7_A/DIODE                   0.750000    0.840218   -0.090218 (VIOLATED)
ANTENNA_hold1_A/DIODE                   0.750000    0.840215   -0.090215 (VIOLATED)
ANTENNA_hold12_A/DIODE                  0.750000    0.840195   -0.090195 (VIOLATED)
ANTENNA_hold105_A/DIODE                 0.750000    0.840195   -0.090195 (VIOLATED)
hold84/A                                0.750000    0.840192   -0.090192 (VIOLATED)
ANTENNA_hold186_A/DIODE                 0.750000    0.840189   -0.090189 (VIOLATED)
ANTENNA_hold76_A/DIODE                  0.750000    0.840185   -0.090185 (VIOLATED)
ANTENNA_hold112_A/DIODE                 0.750000    0.840184   -0.090184 (VIOLATED)
ANTENNA_hold144_A/DIODE                 0.750000    0.840173   -0.090173 (VIOLATED)
hold186/A                               0.750000    0.840162   -0.090162 (VIOLATED)
hold112/A                               0.750000    0.840161   -0.090161 (VIOLATED)
hold7/A                                 0.750000    0.840158   -0.090158 (VIOLATED)
hold1/A                                 0.750000    0.840154   -0.090154 (VIOLATED)
hold144/A                               0.750000    0.840154   -0.090154 (VIOLATED)
ANTENNA_hold126_A/DIODE                 0.750000    0.840151   -0.090151 (VIOLATED)
hold105/A                               0.750000    0.840147   -0.090147 (VIOLATED)
ANTENNA_hold35_A/DIODE                  0.750000    0.840145   -0.090146 (VIOLATED)
ANTENNA_hold122_A/DIODE                 0.750000    0.840133   -0.090133 (VIOLATED)
hold82/A                                0.750000    0.840131   -0.090131 (VIOLATED)
ANTENNA_hold39_A/DIODE                  0.750000    0.840126   -0.090126 (VIOLATED)
ANTENNA_hold124_A/DIODE                 0.750000    0.840125   -0.090125 (VIOLATED)
hold12/A                                0.750000    0.840124   -0.090124 (VIOLATED)
hold35/A                                0.750000    0.840123   -0.090123 (VIOLATED)
hold126/A                               0.750000    0.840122   -0.090122 (VIOLATED)
ANTENNA_hold90_A/DIODE                  0.750000    0.840117   -0.090117 (VIOLATED)
ANTENNA_hold24_A/DIODE                  0.750000    0.840113   -0.090113 (VIOLATED)
hold122/A                               0.750000    0.840111   -0.090111 (VIOLATED)
ANTENNA_hold5_A/DIODE                   0.750000    0.840108   -0.090108 (VIOLATED)
ANTENNA_hold97_A/DIODE                  0.750000    0.840106   -0.090106 (VIOLATED)
hold39/A                                0.750000    0.840105   -0.090105 (VIOLATED)
ANTENNA_hold100_A/DIODE                 0.750000    0.840103   -0.090103 (VIOLATED)
hold24/A                                0.750000    0.840103   -0.090103 (VIOLATED)
hold76/A                                0.750000    0.840100   -0.090100 (VIOLATED)
ANTENNA_hold37_A/DIODE                  0.750000    0.840098   -0.090098 (VIOLATED)
hold129/A                               0.750000    0.840097   -0.090098 (VIOLATED)
hold90/A                                0.750000    0.840097   -0.090097 (VIOLATED)
ANTENNA_hold141_A/DIODE                 0.750000    0.840096   -0.090096 (VIOLATED)
hold124/A                               0.750000    0.840095   -0.090095 (VIOLATED)
hold131/A                               0.750000    0.840094   -0.090094 (VIOLATED)
ANTENNA_hold131_A/DIODE                 0.750000    0.840093   -0.090093 (VIOLATED)
hold5/A                                 0.750000    0.840092   -0.090092 (VIOLATED)
hold37/A                                0.750000    0.840091   -0.090091 (VIOLATED)
ANTENNA_hold28_A/DIODE                  0.750000    0.840087   -0.090087 (VIOLATED)
hold80/A                                0.750000    0.840087   -0.090087 (VIOLATED)
ANTENNA_hold26_A/DIODE                  0.750000    0.840084   -0.090084 (VIOLATED)
hold141/A                               0.750000    0.840084   -0.090084 (VIOLATED)
ANTENNA_hold61_A/DIODE                  0.750000    0.840081   -0.090081 (VIOLATED)
hold97/A                                0.750000    0.840079   -0.090080 (VIOLATED)
hold100/A                               0.750000    0.840076   -0.090076 (VIOLATED)
hold28/A                                0.750000    0.840076   -0.090076 (VIOLATED)
hold61/A                                0.750000    0.840075   -0.090075 (VIOLATED)
hold150/A                               0.750000    0.840075   -0.090075 (VIOLATED)
hold26/A                                0.750000    0.840075   -0.090075 (VIOLATED)
ANTENNA_hold129_A/DIODE                 0.750000    0.840075   -0.090075 (VIOLATED)
hold3/A                                 0.750000    0.840075   -0.090075 (VIOLATED)
ANTENNA_hold80_A/DIODE                  0.750000    0.840073   -0.090073 (VIOLATED)
ANTENNA_hold3_A/DIODE                   0.750000    0.840068   -0.090068 (VIOLATED)
ANTENNA_hold150_A/DIODE                 0.750000    0.840063   -0.090063 (VIOLATED)
wbs_dat_i[0]                            0.750000    0.840000   -0.090000 (VIOLATED)
wbs_dat_i[10]                           0.750000    0.840000   -0.090000 (VIOLATED)
wbs_dat_i[11]                           0.750000    0.840000   -0.090000 (VIOLATED)
wbs_dat_i[12]                           0.750000    0.840000   -0.090000 (VIOLATED)
wbs_dat_i[13]                           0.750000    0.840000   -0.090000 (VIOLATED)
wbs_dat_i[14]                           0.750000    0.840000   -0.090000 (VIOLATED)
wbs_dat_i[15]                           0.750000    0.840000   -0.090000 (VIOLATED)
wbs_dat_i[16]                           0.750000    0.840000   -0.090000 (VIOLATED)
wbs_dat_i[17]                           0.750000    0.840000   -0.090000 (VIOLATED)
wbs_dat_i[18]                           0.750000    0.840000   -0.090000 (VIOLATED)
wbs_dat_i[19]                           0.750000    0.840000   -0.090000 (VIOLATED)
wbs_dat_i[1]                            0.750000    0.840000   -0.090000 (VIOLATED)
wbs_dat_i[20]                           0.750000    0.840000   -0.090000 (VIOLATED)
wbs_dat_i[21]                           0.750000    0.840000   -0.090000 (VIOLATED)
wbs_dat_i[22]                           0.750000    0.840000   -0.090000 (VIOLATED)
wbs_dat_i[23]                           0.750000    0.840000   -0.090000 (VIOLATED)
wbs_dat_i[24]                           0.750000    0.840000   -0.090000 (VIOLATED)
wbs_dat_i[25]                           0.750000    0.840000   -0.090000 (VIOLATED)
wbs_dat_i[26]                           0.750000    0.840000   -0.090000 (VIOLATED)
wbs_dat_i[27]                           0.750000    0.840000   -0.090000 (VIOLATED)
wbs_dat_i[28]                           0.750000    0.840000   -0.090000 (VIOLATED)
wbs_dat_i[29]                           0.750000    0.840000   -0.090000 (VIOLATED)
wbs_dat_i[2]                            0.750000    0.840000   -0.090000 (VIOLATED)
wbs_dat_i[30]                           0.750000    0.840000   -0.090000 (VIOLATED)
wbs_dat_i[31]                           0.750000    0.840000   -0.090000 (VIOLATED)
wbs_dat_i[3]                            0.750000    0.840000   -0.090000 (VIOLATED)
wbs_dat_i[4]                            0.750000    0.840000   -0.090000 (VIOLATED)
wbs_dat_i[5]                            0.750000    0.840000   -0.090000 (VIOLATED)
wbs_dat_i[6]                            0.750000    0.840000   -0.090000 (VIOLATED)
wbs_dat_i[7]                            0.750000    0.840000   -0.090000 (VIOLATED)
wbs_dat_i[8]                            0.750000    0.840000   -0.090000 (VIOLATED)
wbs_dat_i[9]                            0.750000    0.840000   -0.090000 (VIOLATED)
_4824_/A1                               0.750000    0.828783   -0.078783 (VIOLATED)
ANTENNA__4824__A1/DIODE                 0.750000    0.828783   -0.078783 (VIOLATED)
_5185_/B1                               0.750000    0.828782   -0.078783 (VIOLATED)
_5017_/B1                               0.750000    0.828782   -0.078782 (VIOLATED)
ANTENNA__5017__B1/DIODE                 0.750000    0.828782   -0.078782 (VIOLATED)
ANTENNA__5185__B1/DIODE                 0.750000    0.828782   -0.078782 (VIOLATED)
_5075_/B1                               0.750000    0.828782   -0.078782 (VIOLATED)
_5130_/A1                               0.750000    0.828781   -0.078781 (VIOLATED)
_5068_/A1                               0.750000    0.828781   -0.078781 (VIOLATED)
ANTENNA__5068__A1/DIODE                 0.750000    0.828781   -0.078781 (VIOLATED)
ANTENNA__5075__B1/DIODE                 0.750000    0.828781   -0.078781 (VIOLATED)
ANTENNA__5130__A1/DIODE                 0.750000    0.828781   -0.078781 (VIOLATED)
ANTENNA__5142__A/DIODE                  0.750000    0.828781   -0.078781 (VIOLATED)
_5142_/A                                0.750000    0.828781   -0.078781 (VIOLATED)
ANTENNA__4808__Y/DIODE                  0.750000    0.828775   -0.078775 (VIOLATED)
_4808_/Y                                0.750000    0.828773   -0.078773 (VIOLATED)
_5383_/S                                0.750000    0.826276   -0.076276 (VIOLATED)
ANTENNA__5383__S/DIODE                  0.750000    0.826275   -0.076275 (VIOLATED)
_5387_/S                                0.750000    0.826268   -0.076268 (VIOLATED)
ANTENNA__5387__S/DIODE                  0.750000    0.826268   -0.076268 (VIOLATED)
_5385_/S                                0.750000    0.826249   -0.076249 (VIOLATED)
ANTENNA__5385__S/DIODE                  0.750000    0.826248   -0.076248 (VIOLATED)
_5391_/S                                0.750000    0.826227   -0.076227 (VIOLATED)
ANTENNA__5391__S/DIODE                  0.750000    0.826227   -0.076227 (VIOLATED)
_5386_/S                                0.750000    0.826203   -0.076203 (VIOLATED)
ANTENNA__5386__S/DIODE                  0.750000    0.826197   -0.076197 (VIOLATED)
_5388_/S                                0.750000    0.826194   -0.076194 (VIOLATED)
ANTENNA__5388__S/DIODE                  0.750000    0.826178   -0.076178 (VIOLATED)
_5384_/S                                0.750000    0.826123   -0.076123 (VIOLATED)
ANTENNA__5384__S/DIODE                  0.750000    0.826087   -0.076087 (VIOLATED)
_5390_/S                                0.750000    0.826014   -0.076014 (VIOLATED)
ANTENNA__5390__S/DIODE                  0.750000    0.825996   -0.075996 (VIOLATED)
_5389_/S                                0.750000    0.825991   -0.075991 (VIOLATED)
ANTENNA__5389__S/DIODE                  0.750000    0.825988   -0.075988 (VIOLATED)
ANTENNA__5382__Y/DIODE                  0.750000    0.825936   -0.075936 (VIOLATED)
_5382_/Y                                0.750000    0.825932   -0.075932 (VIOLATED)
ANTENNA__3257__Y/DIODE                  0.750000    0.810984   -0.060984 (VIOLATED)
ANTENNA__3288__D_N/DIODE                0.750000    0.810984   -0.060984 (VIOLATED)
ANTENNA__4403__A1/DIODE                 0.750000    0.810984   -0.060984 (VIOLATED)
_3257_/Y                                0.750000    0.810984   -0.060984 (VIOLATED)
_3288_/D_N                              0.750000    0.810984   -0.060984 (VIOLATED)
_4403_/A1                               0.750000    0.810984   -0.060984 (VIOLATED)
_3121_/A                                0.750000    0.804297   -0.054297 (VIOLATED)
_4143_/A                                0.750000    0.804296   -0.054296 (VIOLATED)
ANTENNA__3121__A/DIODE                  0.750000    0.804296   -0.054296 (VIOLATED)
ANTENNA__4143__A/DIODE                  0.750000    0.804295   -0.054295 (VIOLATED)
ANTENNA_hold16_X/DIODE                  0.750000    0.804272   -0.054272 (VIOLATED)
hold16/X                                0.750000    0.804272   -0.054272 (VIOLATED)
_4775_/S                                0.750000    0.796439   -0.046439 (VIOLATED)
_4394_/A                                0.750000    0.796439   -0.046439 (VIOLATED)
ANTENNA__4394__A/DIODE                  0.750000    0.796438   -0.046438 (VIOLATED)
ANTENNA__4775__S/DIODE                  0.750000    0.796438   -0.046438 (VIOLATED)
_4772_/S                                0.750000    0.796437   -0.046437 (VIOLATED)
_4764_/A1                               0.750000    0.796437   -0.046437 (VIOLATED)
_4777_/S                                0.750000    0.796436   -0.046436 (VIOLATED)
ANTENNA__4764__A1/DIODE                 0.750000    0.796436   -0.046436 (VIOLATED)
ANTENNA__4777__S/DIODE                  0.750000    0.796434   -0.046434 (VIOLATED)
ANTENNA__4772__S/DIODE                  0.750000    0.796434   -0.046434 (VIOLATED)
_4768_/S                                0.750000    0.796423   -0.046424 (VIOLATED)
ANTENNA__4768__S/DIODE                  0.750000    0.796411   -0.046411 (VIOLATED)
_4362_/B1                               0.750000    0.796400   -0.046400 (VIOLATED)
ANTENNA__4362__B1/DIODE                 0.750000    0.796399   -0.046399 (VIOLATED)
_4404_/A1                               0.750000    0.796393   -0.046393 (VIOLATED)
ANTENNA__4404__A1/DIODE                 0.750000    0.796393   -0.046393 (VIOLATED)
_4442_/C                                0.750000    0.796390   -0.046390 (VIOLATED)
ANTENNA__4442__C/DIODE                  0.750000    0.796389   -0.046389 (VIOLATED)
ANTENNA__3267__Y/DIODE                  0.750000    0.796285   -0.046285 (VIOLATED)
_3267_/Y                                0.750000    0.796280   -0.046280 (VIOLATED)
fanout212/A                             0.750000    0.795735   -0.045735 (VIOLATED)
ANTENNA_fanout212_A/DIODE               0.750000    0.795735   -0.045735 (VIOLATED)
fanout211/A                             0.750000    0.795732   -0.045732 (VIOLATED)
ANTENNA_fanout211_A/DIODE               0.750000    0.795732   -0.045732 (VIOLATED)
fanout210/A                             0.750000    0.795718   -0.045719 (VIOLATED)
ANTENNA_fanout210_A/DIODE               0.750000    0.795718   -0.045718 (VIOLATED)
ANTENNA__4438__Y/DIODE                  0.750000    0.795716   -0.045716 (VIOLATED)
_4438_/Y                                0.750000    0.795716   -0.045716 (VIOLATED)
ANTENNA__4343__B/DIODE                  0.750000    0.794918   -0.044918 (VIOLATED)
_4343_/B                                0.750000    0.794918   -0.044918 (VIOLATED)
ANTENNA__4332__X/DIODE                  0.750000    0.794917   -0.044917 (VIOLATED)
_4332_/X                                0.750000    0.794917   -0.044917 (VIOLATED)
_5581_/S                                0.750000    0.793196   -0.043196 (VIOLATED)
_5585_/S                                0.750000    0.793194   -0.043194 (VIOLATED)
ANTENNA__5581__S/DIODE                  0.750000    0.793193   -0.043193 (VIOLATED)
ANTENNA__5585__S/DIODE                  0.750000    0.793192   -0.043192 (VIOLATED)
_5583_/S                                0.750000    0.793175   -0.043175 (VIOLATED)
ANTENNA__5583__S/DIODE                  0.750000    0.793173   -0.043173 (VIOLATED)
_5589_/S                                0.750000    0.793159   -0.043159 (VIOLATED)
ANTENNA__5589__S/DIODE                  0.750000    0.793156   -0.043156 (VIOLATED)
_5586_/S                                0.750000    0.793146   -0.043146 (VIOLATED)
ANTENNA__5586__S/DIODE                  0.750000    0.793142   -0.043142 (VIOLATED)
_5584_/S                                0.750000    0.793141   -0.043141 (VIOLATED)
ANTENNA__5584__S/DIODE                  0.750000    0.793131   -0.043131 (VIOLATED)
_5588_/S                                0.750000    0.793105   -0.043105 (VIOLATED)
ANTENNA__5588__S/DIODE                  0.750000    0.793090   -0.043090 (VIOLATED)
_5582_/S                                0.750000    0.793057   -0.043057 (VIOLATED)
ANTENNA__5582__S/DIODE                  0.750000    0.793048   -0.043048 (VIOLATED)
ANTENNA__5587__S/DIODE                  0.750000    0.792984   -0.042984 (VIOLATED)
_5587_/S                                0.750000    0.792980   -0.042980 (VIOLATED)
ANTENNA__5580__Y/DIODE                  0.750000    0.792955   -0.042955 (VIOLATED)
_5580_/Y                                0.750000    0.792951   -0.042951 (VIOLATED)
_5591_/S                                0.750000    0.781121   -0.031121 (VIOLATED)
_5595_/S                                0.750000    0.781120   -0.031120 (VIOLATED)
ANTENNA__5591__S/DIODE                  0.750000    0.781119   -0.031119 (VIOLATED)
ANTENNA__5595__S/DIODE                  0.750000    0.781117   -0.031117 (VIOLATED)
_5593_/S                                0.750000    0.781107   -0.031107 (VIOLATED)
ANTENNA__5593__S/DIODE                  0.750000    0.781104   -0.031104 (VIOLATED)
_5599_/S                                0.750000    0.781095   -0.031095 (VIOLATED)
ANTENNA__5599__S/DIODE                  0.750000    0.781093   -0.031093 (VIOLATED)
_5596_/S                                0.750000    0.781073   -0.031073 (VIOLATED)
ANTENNA__5596__S/DIODE                  0.750000    0.781070   -0.031070 (VIOLATED)
_5594_/S                                0.750000    0.781070   -0.031070 (VIOLATED)
ANTENNA__5598__S/DIODE                  0.750000    0.781054   -0.031054 (VIOLATED)
_5598_/S                                0.750000    0.781053   -0.031053 (VIOLATED)
ANTENNA__5594__S/DIODE                  0.750000    0.781042   -0.031042 (VIOLATED)
_5592_/S                                0.750000    0.780998   -0.030998 (VIOLATED)
ANTENNA__5592__S/DIODE                  0.750000    0.780991   -0.030991 (VIOLATED)
_5597_/S                                0.750000    0.780946   -0.030946 (VIOLATED)
ANTENNA__5597__S/DIODE                  0.750000    0.780945   -0.030945 (VIOLATED)
ANTENNA__5590__Y/DIODE                  0.750000    0.780907   -0.030907 (VIOLATED)
_5590_/Y                                0.750000    0.780903   -0.030903 (VIOLATED)
_4946_/A3                               0.750000    0.780716   -0.030716 (VIOLATED)
ANTENNA__4946__A3/DIODE                 0.750000    0.780716   -0.030716 (VIOLATED)
ANTENNA__4945__Y/DIODE                  0.750000    0.780711   -0.030711 (VIOLATED)
_4945_/Y                                0.750000    0.780711   -0.030711 (VIOLATED)
ANTENNA__5345__S/DIODE                  0.750000    0.780493   -0.030493 (VIOLATED)
_5345_/S                                0.750000    0.780493   -0.030493 (VIOLATED)
_5343_/S                                0.750000    0.780490   -0.030490 (VIOLATED)
ANTENNA__5343__S/DIODE                  0.750000    0.780489   -0.030489 (VIOLATED)
_5349_/S                                0.750000    0.780476   -0.030476 (VIOLATED)
ANTENNA__5349__S/DIODE                  0.750000    0.780473   -0.030473 (VIOLATED)
_5344_/S                                0.750000    0.780461   -0.030461 (VIOLATED)
ANTENNA__5344__S/DIODE                  0.750000    0.780460   -0.030460 (VIOLATED)
_5346_/S                                0.750000    0.780455   -0.030455 (VIOLATED)
ANTENNA__5346__S/DIODE                  0.750000    0.780454   -0.030454 (VIOLATED)
_5341_/S                                0.750000    0.780428   -0.030428 (VIOLATED)
ANTENNA__5341__S/DIODE                  0.750000    0.780427   -0.030427 (VIOLATED)
_5342_/S                                0.750000    0.780393   -0.030393 (VIOLATED)
ANTENNA__5342__S/DIODE                  0.750000    0.780387   -0.030387 (VIOLATED)
ANTENNA__5348__S/DIODE                  0.750000    0.780350   -0.030350 (VIOLATED)
_5348_/S                                0.750000    0.780336   -0.030336 (VIOLATED)
_5347_/S                                0.750000    0.780306   -0.030306 (VIOLATED)
ANTENNA__5347__S/DIODE                  0.750000    0.780306   -0.030306 (VIOLATED)
ANTENNA__5340__Y/DIODE                  0.750000    0.780279   -0.030279 (VIOLATED)
_5340_/Y                                0.750000    0.780276   -0.030276 (VIOLATED)
_5571_/S                                0.750000    0.750343   -0.000343 (VIOLATED)
ANTENNA__5571__S/DIODE                  0.750000    0.750342   -0.000342 (VIOLATED)
_5573_/S                                0.750000    0.750340   -0.000340 (VIOLATED)
ANTENNA__5573__S/DIODE                  0.750000    0.750338   -0.000339 (VIOLATED)
_5578_/S                                0.750000    0.750326   -0.000326 (VIOLATED)
ANTENNA__5578__S/DIODE                  0.750000    0.750326   -0.000326 (VIOLATED)
_5577_/S                                0.750000    0.750306   -0.000306 (VIOLATED)
ANTENNA__5577__S/DIODE                  0.750000    0.750304   -0.000304 (VIOLATED)
_5575_/S                                0.750000    0.750293   -0.000294 (VIOLATED)
ANTENNA__5572__S/DIODE                  0.750000    0.750292   -0.000292 (VIOLATED)
ANTENNA__5575__S/DIODE                  0.750000    0.750292   -0.000292 (VIOLATED)
_5572_/S                                0.750000    0.750287   -0.000287 (VIOLATED)
ANTENNA__5576__S/DIODE                  0.750000    0.750282   -0.000282 (VIOLATED)
_5576_/S                                0.750000    0.750267   -0.000267 (VIOLATED)
ANTENNA__5574__S/DIODE                  0.750000    0.750233   -0.000233 (VIOLATED)
_5574_/S                                0.750000    0.750224   -0.000224 (VIOLATED)
_5579_/S                                0.750000    0.750212   -0.000212 (VIOLATED)
ANTENNA__5579__S/DIODE                  0.750000    0.750212   -0.000212 (VIOLATED)
ANTENNA__5570__Y/DIODE                  0.750000    0.750184   -0.000184 (VIOLATED)
_5570_/Y                                0.750000    0.750183   -0.000183 (VIOLATED)

max fanout

Pin                                   Limit Fanout  Slack
---------------------------------------------------------
clkbuf_leaf_58_wb_clk_i_regs/X           10     43    -33 (VIOLATED)
clkbuf_leaf_45_wb_clk_i_regs/X           10     39    -29 (VIOLATED)
clkbuf_leaf_18_wb_clk_i_regs/X           10     37    -27 (VIOLATED)
clkbuf_leaf_51_wb_clk_i_regs/X           10     37    -27 (VIOLATED)
clkbuf_leaf_7_wb_clk_i_regs/X            10     35    -25 (VIOLATED)
clkbuf_leaf_54_wb_clk_i_regs/X           10     31    -21 (VIOLATED)
clkbuf_leaf_35_wb_clk_i_regs/X           10     29    -19 (VIOLATED)
clkbuf_leaf_48_wb_clk_i_regs/X           10     29    -19 (VIOLATED)
clkbuf_leaf_8_wb_clk_i_regs/X            10     29    -19 (VIOLATED)
clkbuf_3_2_0_wb_clk_i_regs/X             10     27    -17 (VIOLATED)
clkbuf_3_0_0_wb_clk_i_regs/X             10     23    -13 (VIOLATED)
_3354_/Y                                 10     21    -11 (VIOLATED)
_4291_/Y                                 10     21    -11 (VIOLATED)
_4817_/Y                                 10     21    -11 (VIOLATED)
_6285_/Q                                 10     21    -11 (VIOLATED)
_6289_/Q                                 10     21    -11 (VIOLATED)
_6294_/Q                                 10     21    -11 (VIOLATED)
_6871_/Q                                 10     21    -11 (VIOLATED)
clkbuf_3_1_0_wb_clk_i_regs/X             10     21    -11 (VIOLATED)
clkbuf_3_5_0_wb_clk_i_regs/X             10     21    -11 (VIOLATED)
clkbuf_leaf_50_wb_clk_i_regs/X           10     21    -11 (VIOLATED)
clkbuf_leaf_60_wb_clk_i_regs/X           10     21    -11 (VIOLATED)
fanout111/X                              10     21    -11 (VIOLATED)
fanout112/X                              10     21    -11 (VIOLATED)
fanout113/X                              10     21    -11 (VIOLATED)
fanout115/X                              10     21    -11 (VIOLATED)
fanout117/X                              10     21    -11 (VIOLATED)
fanout118/X                              10     21    -11 (VIOLATED)
fanout120/X                              10     21    -11 (VIOLATED)
fanout122/X                              10     21    -11 (VIOLATED)
fanout124/X                              10     21    -11 (VIOLATED)
fanout126/X                              10     21    -11 (VIOLATED)
fanout128/X                              10     21    -11 (VIOLATED)
fanout130/X                              10     21    -11 (VIOLATED)
fanout132/X                              10     21    -11 (VIOLATED)
fanout134/X                              10     21    -11 (VIOLATED)
fanout135/X                              10     21    -11 (VIOLATED)
fanout137/X                              10     21    -11 (VIOLATED)
fanout139/X                              10     21    -11 (VIOLATED)
fanout141/X                              10     21    -11 (VIOLATED)
fanout144/X                              10     21    -11 (VIOLATED)
fanout149/X                              10     21    -11 (VIOLATED)
fanout153/X                              10     21    -11 (VIOLATED)
fanout162/X                              10     21    -11 (VIOLATED)
fanout163/X                              10     21    -11 (VIOLATED)
fanout164/X                              10     21    -11 (VIOLATED)
fanout166/X                              10     21    -11 (VIOLATED)
fanout168/X                              10     21    -11 (VIOLATED)
fanout169/X                              10     21    -11 (VIOLATED)
fanout170/X                              10     21    -11 (VIOLATED)
fanout172/X                              10     21    -11 (VIOLATED)
fanout174/X                              10     21    -11 (VIOLATED)
fanout176/X                              10     21    -11 (VIOLATED)
fanout178/X                              10     21    -11 (VIOLATED)
fanout180/X                              10     21    -11 (VIOLATED)
fanout181/X                              10     21    -11 (VIOLATED)
fanout182/X                              10     21    -11 (VIOLATED)
fanout183/X                              10     21    -11 (VIOLATED)
fanout185/X                              10     21    -11 (VIOLATED)
fanout187/X                              10     21    -11 (VIOLATED)
fanout188/X                              10     21    -11 (VIOLATED)
fanout191/X                              10     21    -11 (VIOLATED)
fanout192/X                              10     21    -11 (VIOLATED)
fanout193/X                              10     21    -11 (VIOLATED)
fanout195/X                              10     21    -11 (VIOLATED)
fanout197/X                              10     21    -11 (VIOLATED)
fanout198/X                              10     21    -11 (VIOLATED)
fanout199/X                              10     21    -11 (VIOLATED)
fanout200/X                              10     21    -11 (VIOLATED)
fanout201/X                              10     21    -11 (VIOLATED)
fanout202/X                              10     21    -11 (VIOLATED)
fanout205/X                              10     21    -11 (VIOLATED)
fanout207/X                              10     21    -11 (VIOLATED)
fanout209/X                              10     21    -11 (VIOLATED)
fanout211/X                              10     21    -11 (VIOLATED)
fanout213/X                              10     21    -11 (VIOLATED)
fanout215/X                              10     21    -11 (VIOLATED)
fanout217/X                              10     21    -11 (VIOLATED)
fanout218/X                              10     21    -11 (VIOLATED)
fanout219/X                              10     21    -11 (VIOLATED)
fanout220/X                              10     21    -11 (VIOLATED)
fanout222/X                              10     21    -11 (VIOLATED)
fanout224/X                              10     21    -11 (VIOLATED)
fanout226/X                              10     21    -11 (VIOLATED)
fanout229/X                              10     21    -11 (VIOLATED)
fanout235/X                              10     21    -11 (VIOLATED)
fanout242/X                              10     21    -11 (VIOLATED)
fanout244/X                              10     21    -11 (VIOLATED)
fanout246/X                              10     21    -11 (VIOLATED)
fanout248/X                              10     21    -11 (VIOLATED)
fanout249/X                              10     21    -11 (VIOLATED)
fanout252/X                              10     21    -11 (VIOLATED)
fanout254/X                              10     21    -11 (VIOLATED)
fanout255/X                              10     21    -11 (VIOLATED)
fanout256/X                              10     21    -11 (VIOLATED)
fanout258/X                              10     21    -11 (VIOLATED)
fanout260/X                              10     21    -11 (VIOLATED)
fanout262/X                              10     21    -11 (VIOLATED)
fanout264/X                              10     21    -11 (VIOLATED)
fanout266/X                              10     21    -11 (VIOLATED)
fanout272/X                              10     21    -11 (VIOLATED)
fanout273/X                              10     21    -11 (VIOLATED)
fanout274/X                              10     21    -11 (VIOLATED)
fanout275/X                              10     21    -11 (VIOLATED)
fanout277/X                              10     21    -11 (VIOLATED)
fanout278/X                              10     21    -11 (VIOLATED)
fanout279/X                              10     21    -11 (VIOLATED)
fanout281/X                              10     21    -11 (VIOLATED)
fanout284/X                              10     21    -11 (VIOLATED)
fanout285/X                              10     21    -11 (VIOLATED)
fanout287/X                              10     21    -11 (VIOLATED)
fanout288/X                              10     21    -11 (VIOLATED)
fanout290/X                              10     21    -11 (VIOLATED)
fanout292/X                              10     21    -11 (VIOLATED)
fanout294/X                              10     21    -11 (VIOLATED)
fanout295/X                              10     21    -11 (VIOLATED)
fanout296/X                              10     21    -11 (VIOLATED)
fanout297/X                              10     21    -11 (VIOLATED)
fanout299/X                              10     21    -11 (VIOLATED)
fanout300/X                              10     21    -11 (VIOLATED)
fanout302/X                              10     21    -11 (VIOLATED)
fanout303/X                              10     21    -11 (VIOLATED)
fanout304/X                              10     21    -11 (VIOLATED)
fanout305/X                              10     21    -11 (VIOLATED)
fanout307/X                              10     21    -11 (VIOLATED)
fanout308/X                              10     21    -11 (VIOLATED)
fanout309/X                              10     21    -11 (VIOLATED)
fanout310/X                              10     21    -11 (VIOLATED)
fanout311/X                              10     21    -11 (VIOLATED)
fanout312/X                              10     21    -11 (VIOLATED)
fanout313/X                              10     21    -11 (VIOLATED)
fanout316/X                              10     21    -11 (VIOLATED)
fanout317/X                              10     21    -11 (VIOLATED)
fanout320/X                              10     21    -11 (VIOLATED)
fanout321/X                              10     21    -11 (VIOLATED)
fanout322/X                              10     21    -11 (VIOLATED)
fanout323/X                              10     21    -11 (VIOLATED)
fanout324/X                              10     21    -11 (VIOLATED)
fanout325/X                              10     21    -11 (VIOLATED)
fanout326/X                              10     21    -11 (VIOLATED)
fanout328/X                              10     21    -11 (VIOLATED)
fanout333/X                              10     21    -11 (VIOLATED)
fanout334/X                              10     21    -11 (VIOLATED)
fanout335/X                              10     21    -11 (VIOLATED)
fanout336/X                              10     21    -11 (VIOLATED)
fanout338/X                              10     21    -11 (VIOLATED)
fanout340/X                              10     21    -11 (VIOLATED)
fanout342/X                              10     21    -11 (VIOLATED)
fanout344/X                              10     21    -11 (VIOLATED)
fanout346/X                              10     21    -11 (VIOLATED)
fanout348/X                              10     21    -11 (VIOLATED)
fanout350/X                              10     21    -11 (VIOLATED)
fanout352/X                              10     21    -11 (VIOLATED)
fanout355/X                              10     21    -11 (VIOLATED)
fanout357/X                              10     21    -11 (VIOLATED)
fanout360/X                              10     21    -11 (VIOLATED)
fanout362/X                              10     21    -11 (VIOLATED)
fanout365/X                              10     21    -11 (VIOLATED)
fanout367/X                              10     21    -11 (VIOLATED)
fanout368/X                              10     21    -11 (VIOLATED)
fanout369/X                              10     21    -11 (VIOLATED)
fanout371/X                              10     21    -11 (VIOLATED)
fanout372/X                              10     21    -11 (VIOLATED)
fanout374/X                              10     21    -11 (VIOLATED)
fanout376/X                              10     21    -11 (VIOLATED)
fanout377/X                              10     21    -11 (VIOLATED)
fanout383/X                              10     21    -11 (VIOLATED)
fanout385/X                              10     21    -11 (VIOLATED)
fanout390/X                              10     21    -11 (VIOLATED)
fanout418/X                              10     21    -11 (VIOLATED)
fanout425/X                              10     21    -11 (VIOLATED)
fanout431/X                              10     21    -11 (VIOLATED)
fanout434/X                              10     21    -11 (VIOLATED)
fanout435/X                              10     21    -11 (VIOLATED)
fanout437/X                              10     21    -11 (VIOLATED)
_3267_/Y                                 10     19     -9 (VIOLATED)
_3355_/Y                                 10     19     -9 (VIOLATED)
_3546_/Y                                 10     19     -9 (VIOLATED)
_4809_/Y                                 10     19     -9 (VIOLATED)
_5340_/Y                                 10     19     -9 (VIOLATED)
_5361_/Y                                 10     19     -9 (VIOLATED)
_5371_/Y                                 10     19     -9 (VIOLATED)
_5382_/Y                                 10     19     -9 (VIOLATED)
_5404_/Y                                 10     19     -9 (VIOLATED)
_5416_/X                                 10     19     -9 (VIOLATED)
_5426_/X                                 10     19     -9 (VIOLATED)
_5436_/X                                 10     19     -9 (VIOLATED)
_5448_/Y                                 10     19     -9 (VIOLATED)
_5459_/Y                                 10     19     -9 (VIOLATED)
_5469_/X                                 10     19     -9 (VIOLATED)
_5479_/X                                 10     19     -9 (VIOLATED)
_5490_/Y                                 10     19     -9 (VIOLATED)
_5500_/Y                                 10     19     -9 (VIOLATED)
_5520_/Y                                 10     19     -9 (VIOLATED)
_5530_/Y                                 10     19     -9 (VIOLATED)
_5540_/X                                 10     19     -9 (VIOLATED)
_5550_/Y                                 10     19     -9 (VIOLATED)
_5570_/Y                                 10     19     -9 (VIOLATED)
_5580_/Y                                 10     19     -9 (VIOLATED)
_5590_/Y                                 10     19     -9 (VIOLATED)
_5600_/X                                 10     19     -9 (VIOLATED)
_5620_/Y                                 10     19     -9 (VIOLATED)
_5630_/Y                                 10     19     -9 (VIOLATED)
_5640_/Y                                 10     19     -9 (VIOLATED)
_5652_/X                                 10     19     -9 (VIOLATED)
_5662_/Y                                 10     19     -9 (VIOLATED)
_6233_/Q                                 10     19     -9 (VIOLATED)
_6234_/Q                                 10     19     -9 (VIOLATED)
_6268_/Q                                 10     19     -9 (VIOLATED)
_6270_/Q                                 10     19     -9 (VIOLATED)
_6271_/Q                                 10     19     -9 (VIOLATED)
_6290_/Q                                 10     19     -9 (VIOLATED)
_6296_/Q                                 10     19     -9 (VIOLATED)
_6325_/Q                                 10     19     -9 (VIOLATED)
clkbuf_3_3_0_wb_clk_i_regs/X             10     19     -9 (VIOLATED)
clkbuf_3_4_0_wb_clk_i_regs/X             10     19     -9 (VIOLATED)
fanout131/X                              10     19     -9 (VIOLATED)
fanout138/X                              10     19     -9 (VIOLATED)
fanout140/X                              10     19     -9 (VIOLATED)
fanout214/X                              10     19     -9 (VIOLATED)
fanout230/X                              10     19     -9 (VIOLATED)
fanout234/X                              10     19     -9 (VIOLATED)
fanout253/X                              10     19     -9 (VIOLATED)
fanout257/X                              10     19     -9 (VIOLATED)
fanout259/X                              10     19     -9 (VIOLATED)
fanout263/X                              10     19     -9 (VIOLATED)
fanout265/X                              10     19     -9 (VIOLATED)
fanout267/X                              10     19     -9 (VIOLATED)
fanout345/X                              10     19     -9 (VIOLATED)
hold10/X                                 10     19     -9 (VIOLATED)
hold110/X                                10     19     -9 (VIOLATED)
clkbuf_leaf_20_wb_clk_i_regs/X           10     18     -8 (VIOLATED)
clkbuf_leaf_2_wb_clk_i_regs/X            10     18     -8 (VIOLATED)
clkbuf_leaf_3_wb_clk_i_regs/X            10     18     -8 (VIOLATED)
clkbuf_leaf_61_wb_clk_i_regs/X           10     18     -8 (VIOLATED)
clkbuf_leaf_68_wb_clk_i_regs/X           10     18     -8 (VIOLATED)
fanout370/X                              10     18     -8 (VIOLATED)
_3472_/X                                 10     17     -7 (VIOLATED)
_3476_/Y                                 10     17     -7 (VIOLATED)
_3861_/X                                 10     17     -7 (VIOLATED)
_3891_/X                                 10     17     -7 (VIOLATED)
_4282_/X                                 10     17     -7 (VIOLATED)
_4355_/X                                 10     17     -7 (VIOLATED)
_4405_/Y                                 10     17     -7 (VIOLATED)
_6237_/Q                                 10     17     -7 (VIOLATED)
_6238_/Q                                 10     17     -7 (VIOLATED)
_6252_/Q                                 10     17     -7 (VIOLATED)
_6253_/Q                                 10     17     -7 (VIOLATED)
_6255_/Q                                 10     17     -7 (VIOLATED)
_6257_/Q                                 10     17     -7 (VIOLATED)
_6286_/Q                                 10     17     -7 (VIOLATED)
_6874_/Q                                 10     17     -7 (VIOLATED)
_6876_/Q                                 10     17     -7 (VIOLATED)
clkbuf_0_wb_clk_i_regs/X                 10     17     -7 (VIOLATED)
clkbuf_3_6_0_wb_clk_i_regs/X             10     17     -7 (VIOLATED)
clkbuf_leaf_14_wb_clk_i_regs/X           10     17     -7 (VIOLATED)
clkbuf_leaf_15_wb_clk_i_regs/X           10     17     -7 (VIOLATED)
fanout127/X                              10     17     -7 (VIOLATED)
fanout129/X                              10     17     -7 (VIOLATED)
fanout133/X                              10     17     -7 (VIOLATED)
fanout136/X                              10     17     -7 (VIOLATED)
fanout142/X                              10     17     -7 (VIOLATED)
fanout150/X                              10     17     -7 (VIOLATED)
fanout161/X                              10     17     -7 (VIOLATED)
fanout167/X                              10     17     -7 (VIOLATED)
fanout177/X                              10     17     -7 (VIOLATED)
fanout206/X                              10     17     -7 (VIOLATED)
fanout261/X                              10     17     -7 (VIOLATED)
fanout381/X                              10     17     -7 (VIOLATED)
fanout386/X                              10     17     -7 (VIOLATED)
hold103/X                                10     17     -7 (VIOLATED)
hold95/X                                 10     17     -7 (VIOLATED)
clkbuf_leaf_11_wb_clk_i_regs/X           10     16     -6 (VIOLATED)
clkbuf_leaf_26_wb_clk_i_regs/X           10     16     -6 (VIOLATED)
clkbuf_leaf_66_wb_clk_i_regs/X           10     16     -6 (VIOLATED)
_3548_/X                                 10     15     -5 (VIOLATED)
_4128_/X                                 10     15     -5 (VIOLATED)
_4144_/X                                 10     15     -5 (VIOLATED)
_4145_/Y                                 10     15     -5 (VIOLATED)
_4808_/Y                                 10     15     -5 (VIOLATED)
_5016_/X                                 10     15     -5 (VIOLATED)
_6235_/Q                                 10     15     -5 (VIOLATED)
_6240_/Q                                 10     15     -5 (VIOLATED)
_6241_/Q                                 10     15     -5 (VIOLATED)
_6247_/Q                                 10     15     -5 (VIOLATED)
clkbuf_leaf_16_wb_clk_i_regs/X           10     15     -5 (VIOLATED)
clkbuf_leaf_62_wb_clk_i_regs/X           10     15     -5 (VIOLATED)
fanout125/X                              10     15     -5 (VIOLATED)
fanout173/X                              10     15     -5 (VIOLATED)
fanout190/X                              10     15     -5 (VIOLATED)
fanout210/X                              10     15     -5 (VIOLATED)
fanout236/X                              10     15     -5 (VIOLATED)
fanout237/X                              10     15     -5 (VIOLATED)
fanout301/X                              10     15     -5 (VIOLATED)
fanout363/X                              10     15     -5 (VIOLATED)
fanout364/X                              10     15     -5 (VIOLATED)
fanout396/X                              10     15     -5 (VIOLATED)
hold36/X                                 10     15     -5 (VIOLATED)
hold40/X                                 10     15     -5 (VIOLATED)
clkbuf_leaf_34_wb_clk_i_regs/X           10     14     -4 (VIOLATED)
clkbuf_leaf_49_wb_clk_i_regs/X           10     14     -4 (VIOLATED)
fanout351/X                              10     14     -4 (VIOLATED)
_3091_/Y                                 10     13     -3 (VIOLATED)
_3107_/Y                                 10     13     -3 (VIOLATED)
_3111_/Y                                 10     13     -3 (VIOLATED)
_3408_/Y                                 10     13     -3 (VIOLATED)
_3425_/X                                 10     13     -3 (VIOLATED)
_3609_/X                                 10     13     -3 (VIOLATED)
_4292_/X                                 10     13     -3 (VIOLATED)
_5121_/X                                 10     13     -3 (VIOLATED)
_6236_/Q                                 10     13     -3 (VIOLATED)
_6239_/Q                                 10     13     -3 (VIOLATED)
_6254_/Q                                 10     13     -3 (VIOLATED)
_6258_/Q                                 10     13     -3 (VIOLATED)
_6262_/Q                                 10     13     -3 (VIOLATED)
_6675_/Q                                 10     13     -3 (VIOLATED)
_6714_/Q                                 10     13     -3 (VIOLATED)
clkbuf_3_7_0_wb_clk_i_regs/X             10     13     -3 (VIOLATED)
clkbuf_leaf_10_wb_clk_i_regs/X           10     13     -3 (VIOLATED)
clkbuf_leaf_19_wb_clk_i_regs/X           10     13     -3 (VIOLATED)
clkbuf_leaf_46_wb_clk_i_regs/X           10     13     -3 (VIOLATED)
clkbuf_leaf_64_wb_clk_i_regs/X           10     13     -3 (VIOLATED)
fanout114/X                              10     13     -3 (VIOLATED)
fanout121/X                              10     13     -3 (VIOLATED)
fanout160/X                              10     13     -3 (VIOLATED)
fanout175/X                              10     13     -3 (VIOLATED)
fanout212/X                              10     13     -3 (VIOLATED)
fanout225/X                              10     13     -3 (VIOLATED)
fanout228/X                              10     13     -3 (VIOLATED)
fanout298/X                              10     13     -3 (VIOLATED)
fanout354/X                              10     13     -3 (VIOLATED)
fanout359/X                              10     13     -3 (VIOLATED)
fanout405/X                              10     13     -3 (VIOLATED)
fanout420/X                              10     13     -3 (VIOLATED)
input72/X                                10     13     -3 (VIOLATED)
clkbuf_leaf_0_wb_clk_i_regs/X            10     12     -2 (VIOLATED)
clkbuf_leaf_23_wb_clk_i_regs/X           10     12     -2 (VIOLATED)
clkbuf_leaf_28_wb_clk_i_regs/X           10     12     -2 (VIOLATED)
clkbuf_leaf_33_wb_clk_i_regs/X           10     12     -2 (VIOLATED)
clkbuf_leaf_59_wb_clk_i_regs/X           10     12     -2 (VIOLATED)
input35/X                                10     12     -2 (VIOLATED)
input73/X                                10     12     -2 (VIOLATED)
_3099_/Y                                 10     11        (VIOLATED)
_3102_/Y                                 10     11        (VIOLATED)
_3115_/Y                                 10     11        (VIOLATED)
_3298_/X                                 10     11        (VIOLATED)
_3299_/Y                                 10     11        (VIOLATED)
_3314_/Y                                 10     11        (VIOLATED)
_4433_/Y                                 10     11        (VIOLATED)
_4814_/X                                 10     11        (VIOLATED)
_6690_/Q                                 10     11        (VIOLATED)
_6873_/Q                                 10     11        (VIOLATED)
_6888_/Q                                 10     11        (VIOLATED)
clkbuf_leaf_13_wb_clk_i_regs/X           10     11        (VIOLATED)
clkbuf_leaf_17_wb_clk_i_regs/X           10     11        (VIOLATED)
clkbuf_leaf_1_wb_clk_i_regs/X            10     11        (VIOLATED)
clkbuf_leaf_25_wb_clk_i_regs/X           10     11        (VIOLATED)
clkbuf_leaf_4_wb_clk_i_regs/X            10     11        (VIOLATED)
clkbuf_leaf_55_wb_clk_i_regs/X           10     11        (VIOLATED)
clkbuf_leaf_56_wb_clk_i_regs/X           10     11        (VIOLATED)
clkbuf_leaf_57_wb_clk_i_regs/X           10     11        (VIOLATED)
clkbuf_leaf_9_wb_clk_i_regs/X            10     11        (VIOLATED)
fanout179/X                              10     11        (VIOLATED)
fanout184/X                              10     11        (VIOLATED)
fanout204/X                              10     11        (VIOLATED)
fanout221/X                              10     11        (VIOLATED)
fanout223/X                              10     11        (VIOLATED)
fanout233/X                              10     11        (VIOLATED)
fanout241/X                              10     11        (VIOLATED)
fanout243/X                              10     11        (VIOLATED)
fanout269/X                              10     11        (VIOLATED)
fanout271/X                              10     11        (VIOLATED)
fanout282/X                              10     11        (VIOLATED)
fanout293/X                              10     11        (VIOLATED)
fanout306/X                              10     11        (VIOLATED)
fanout327/X                              10     11        (VIOLATED)
fanout353/X                              10     11        (VIOLATED)
fanout378/X                              10     11        (VIOLATED)
fanout406/X                              10     11        (VIOLATED)
fanout421/X                              10     11        (VIOLATED)
fanout438/X                              10     11        (VIOLATED)
input13/X                                10     11        (VIOLATED)
max_cap148/X                             10     11        (VIOLATED)



===========================================================================
report_parasitic_annotation -report_unannotated
============================================================================
Found 68 unannotated drivers.
 clkload0/Y
 clkload1/Y
 clkload10/X
 clkload11/Y
 clkload12/Y
 clkload13/Y
 clkload14/Y
 clkload15/Y
 clkload16/Y
 clkload17/Y
 clkload18/X
 clkload19/Y
 clkload2/Y
 clkload20/Y
 clkload21/Y
 clkload22/Y
 clkload23/Y
 clkload24/Y
 clkload25/Y
 clkload26/Y
 clkload27/Y
 clkload28/Y
 clkload29/Y
 clkload3/Y
 clkload30/Y
 clkload31/X
 clkload32/Y
 clkload33/Y
 clkload34/Y
 clkload35/Y
 clkload36/Y
 clkload37/X
 clkload38/Y
 clkload39/Y
 clkload4/Y
 clkload40/Y
 clkload41/Y
 clkload42/Y
 clkload43/Y
 clkload44/Y
 clkload45/Y
 clkload46/Y
 clkload47/Y
 clkload48/Y
 clkload49/Y
 clkload5/Y
 clkload50/Y
 clkload51/Y
 clkload52/Y
 clkload53/Y
 clkload54/Y
 clkload55/Y
 clkload56/Y
 clkload57/Y
 clkload58/Y
 clkload59/Y
 clkload6/Y
 clkload60/Y
 clkload61/X
 clkload62/Y
 clkload63/X
 clkload64/Y
 clkload65/Y
 clkload66/Y
 clkload7/Y
 clkload8/Y
 clkload9/X
 user_project_439/HI
Found 0 partially unannotated drivers.

===========================================================================
max slew violation count 486
max fanout violation count 383
max cap violation count 0
============================================================================

===========================================================================
check_setup -verbose -unconstrained_endpoints -multiple_clock -no_clock -no_input_delay -loops -generated_clocks
===========================================================================
Warning: There is 1 input port missing set_input_delay.
  uart_rx
Warning: There are 4 unconstrained endpoints.
  pwm_out
  uart_tx
  user_irq[2]
  _6837_/D
