[WARNING ORD-0039] .openroad ignored with -python
Unannotated report:
['report_parasitic_annotation -report_unannotated\n',
 '============================================================================\n',
 'Found 421 unannotated drivers.\n',
 ' analog_io[0]\n',
 ' analog_io[10]\n',
 ' analog_io[11]\n',
 ' analog_io[12]\n',
 ' analog_io[13]\n',
 ' analog_io[14]\n',
 ' analog_io[15]\n',
 ' analog_io[16]\n',
 ' analog_io[17]\n',
 ' analog_io[18]\n',
 ' analog_io[19]\n',
 ' analog_io[1]\n',
 ' analog_io[20]\n',
 ' analog_io[21]\n',
 ' analog_io[22]\n',
 ' analog_io[23]\n',
 ' analog_io[24]\n',
 ' analog_io[25]\n',
 ' analog_io[26]\n',
 ' analog_io[27]\n',
 ' analog_io[28]\n',
 ' analog_io[2]\n',
 ' analog_io[3]\n',
 ' analog_io[4]\n',
 ' analog_io[5]\n',
 ' analog_io[6]\n',
 ' analog_io[7]\n',
 ' analog_io[8]\n',
 ' analog_io[9]\n',
 ' io_in[0]\n',
 ' io_in[10]\n',
 ' io_in[11]\n',
 ' io_in[12]\n',
 ' io_in[13]\n',
 ' io_in[14]\n',
 ' io_in[15]\n',
 ' io_in[16]\n',
 ' io_in[17]\n',
 ' io_in[18]\n',
 ' io_in[19]\n',
 ' io_in[1]\n',
 ' io_in[20]\n',
 ' io_in[21]\n',
 ' io_in[22]\n',
 ' io_in[23]\n',
 ' io_in[24]\n',
 ' io_in[25]\n',
 ' io_in[26]\n',
 ' io_in[27]\n',
 ' io_in[28]\n',
 ' io_in[29]\n',
 ' io_in[2]\n',
 ' io_in[30]\n',
 ' io_in[31]\n',
 ' io_in[32]\n',
 ' io_in[33]\n',
 ' io_in[34]\n',
 ' io_in[35]\n',
 ' io_in[36]\n',
 ' io_in[37]\n',
 ' io_in[3]\n',
 ' io_in[4]\n',
 ' io_in[5]\n',
 ' io_in[7]\n',
 ' io_in[8]\n',
 ' io_in[9]\n',
 ' la_data_in[0]\n',
 ' la_data_in[100]\n',
 ' la_data_in[101]\n',
 ' la_data_in[102]\n',
 ' la_data_in[103]\n',
 ' la_data_in[104]\n',
 ' la_data_in[105]\n',
 ' la_data_in[106]\n',
 ' la_data_in[107]\n',
 ' la_data_in[108]\n',
 ' la_data_in[109]\n',
 ' la_data_in[10]\n',
 ' la_data_in[110]\n',
 ' la_data_in[111]\n',
 ' la_data_in[112]\n',
 ' la_data_in[113]\n',
 ' la_data_in[114]\n',
 ' la_data_in[115]\n',
 ' la_data_in[116]\n',
 ' la_data_in[117]\n',
 ' la_data_in[118]\n',
 ' la_data_in[119]\n',
 ' la_data_in[11]\n',
 ' la_data_in[120]\n',
 ' la_data_in[121]\n',
 ' la_data_in[122]\n',
 ' la_data_in[123]\n',
 ' la_data_in[124]\n',
 ' la_data_in[125]\n',
 ' la_data_in[126]\n',
 ' la_data_in[127]\n',
 ' la_data_in[12]\n',
 ' la_data_in[13]\n',
 ' la_data_in[14]\n',
 ' la_data_in[15]\n',
 ' la_data_in[16]\n',
 ' la_data_in[17]\n',
 ' la_data_in[18]\n',
 ' la_data_in[19]\n',
 ' la_data_in[1]\n',
 ' la_data_in[20]\n',
 ' la_data_in[21]\n',
 ' la_data_in[22]\n',
 ' la_data_in[23]\n',
 ' la_data_in[24]\n',
 ' la_data_in[25]\n',
 ' la_data_in[26]\n',
 ' la_data_in[27]\n',
 ' la_data_in[28]\n',
 ' la_data_in[29]\n',
 ' la_data_in[2]\n',
 ' la_data_in[30]\n',
 ' la_data_in[31]\n',
 ' la_data_in[32]\n',
 ' la_data_in[33]\n',
 ' la_data_in[34]\n',
 ' la_data_in[35]\n',
 ' la_data_in[36]\n',
 ' la_data_in[37]\n',
 ' la_data_in[38]\n',
 ' la_data_in[39]\n',
 ' la_data_in[3]\n',
 ' la_data_in[40]\n',
 ' la_data_in[41]\n',
 ' la_data_in[42]\n',
 ' la_data_in[43]\n',
 ' la_data_in[44]\n',
 ' la_data_in[45]\n',
 ' la_data_in[46]\n',
 ' la_data_in[47]\n',
 ' la_data_in[48]\n',
 ' la_data_in[49]\n',
 ' la_data_in[4]\n',
 ' la_data_in[50]\n',
 ' la_data_in[51]\n',
 ' la_data_in[52]\n',
 ' la_data_in[53]\n',
 ' la_data_in[54]\n',
 ' la_data_in[55]\n',
 ' la_data_in[56]\n',
 ' la_data_in[57]\n',
 ' la_data_in[58]\n',
 ' la_data_in[59]\n',
 ' la_data_in[5]\n',
 ' la_data_in[60]\n',
 ' la_data_in[61]\n',
 ' la_data_in[62]\n',
 ' la_data_in[63]\n',
 ' la_data_in[64]\n',
 ' la_data_in[65]\n',
 ' la_data_in[66]\n',
 ' la_data_in[67]\n',
 ' la_data_in[68]\n',
 ' la_data_in[69]\n',
 ' la_data_in[6]\n',
 ' la_data_in[70]\n',
 ' la_data_in[71]\n',
 ' la_data_in[72]\n',
 ' la_data_in[73]\n',
 ' la_data_in[74]\n',
 ' la_data_in[75]\n',
 ' la_data_in[76]\n',
 ' la_data_in[77]\n',
 ' la_data_in[78]\n',
 ' la_data_in[79]\n',
 ' la_data_in[7]\n',
 ' la_data_in[80]\n',
 ' la_data_in[81]\n',
 ' la_data_in[82]\n',
 ' la_data_in[83]\n',
 ' la_data_in[84]\n',
 ' la_data_in[85]\n',
 ' la_data_in[86]\n',
 ' la_data_in[87]\n',
 ' la_data_in[88]\n',
 ' la_data_in[89]\n',
 ' la_data_in[8]\n',
 ' la_data_in[90]\n',
 ' la_data_in[91]\n',
 ' la_data_in[92]\n',
 ' la_data_in[93]\n',
 ' la_data_in[94]\n',
 ' la_data_in[95]\n',
 ' la_data_in[96]\n',
 ' la_data_in[97]\n',
 ' la_data_in[98]\n',
 ' la_data_in[99]\n',
 ' la_data_in[9]\n',
 ' la_oenb[0]\n',
 ' la_oenb[100]\n',
 ' la_oenb[101]\n',
 ' la_oenb[102]\n',
 ' la_oenb[103]\n',
 ' la_oenb[104]\n',
 ' la_oenb[105]\n',
 ' la_oenb[106]\n',
 ' la_oenb[107]\n',
 ' la_oenb[108]\n',
 ' la_oenb[109]\n',
 ' la_oenb[10]\n',
 ' la_oenb[110]\n',
 ' la_oenb[111]\n',
 ' la_oenb[112]\n',
 ' la_oenb[113]\n',
 ' la_oenb[114]\n',
 ' la_oenb[115]\n',
 ' la_oenb[116]\n',
 ' la_oenb[117]\n',
 ' la_oenb[118]\n',
 ' la_oenb[119]\n',
 ' la_oenb[11]\n',
 ' la_oenb[120]\n',
 ' la_oenb[121]\n',
 ' la_oenb[122]\n',
 ' la_oenb[123]\n',
 ' la_oenb[124]\n',
 ' la_oenb[125]\n',
 ' la_oenb[126]\n',
 ' la_oenb[127]\n',
 ' la_oenb[12]\n',
 ' la_oenb[13]\n',
 ' la_oenb[14]\n',
 ' la_oenb[15]\n',
 ' la_oenb[16]\n',
 ' la_oenb[17]\n',
 ' la_oenb[18]\n',
 ' la_oenb[19]\n',
 ' la_oenb[1]\n',
 ' la_oenb[20]\n',
 ' la_oenb[21]\n',
 ' la_oenb[22]\n',
 ' la_oenb[23]\n',
 ' la_oenb[24]\n',
 ' la_oenb[25]\n',
 ' la_oenb[26]\n',
 ' la_oenb[27]\n',
 ' la_oenb[28]\n',
 ' la_oenb[29]\n',
 ' la_oenb[2]\n',
 ' la_oenb[30]\n',
 ' la_oenb[31]\n',
 ' la_oenb[32]\n',
 ' la_oenb[33]\n',
 ' la_oenb[34]\n',
 ' la_oenb[35]\n',
 ' la_oenb[36]\n',
 ' la_oenb[37]\n',
 ' la_oenb[38]\n',
 ' la_oenb[39]\n',
 ' la_oenb[3]\n',
 ' la_oenb[40]\n',
 ' la_oenb[41]\n',
 ' la_oenb[42]\n',
 ' la_oenb[43]\n',
 ' la_oenb[44]\n',
 ' la_oenb[45]\n',
 ' la_oenb[46]\n',
 ' la_oenb[47]\n',
 ' la_oenb[48]\n',
 ' la_oenb[49]\n',
 ' la_oenb[4]\n',
 ' la_oenb[50]\n',
 ' la_oenb[51]\n',
 ' la_oenb[52]\n',
 ' la_oenb[53]\n',
 ' la_oenb[54]\n',
 ' la_oenb[55]\n',
 ' la_oenb[56]\n',
 ' la_oenb[57]\n',
 ' la_oenb[58]\n',
 ' la_oenb[59]\n',
 ' la_oenb[5]\n',
 ' la_oenb[60]\n',
 ' la_oenb[61]\n',
 ' la_oenb[62]\n',
 ' la_oenb[63]\n',
 ' la_oenb[64]\n',
 ' la_oenb[65]\n',
 ' la_oenb[66]\n',
 ' la_oenb[67]\n',
 ' la_oenb[68]\n',
 ' la_oenb[69]\n',
 ' la_oenb[6]\n',
 ' la_oenb[70]\n',
 ' la_oenb[71]\n',
 ' la_oenb[72]\n',
 ' la_oenb[73]\n',
 ' la_oenb[74]\n',
 ' la_oenb[75]\n',
 ' la_oenb[76]\n',
 ' la_oenb[77]\n',
 ' la_oenb[78]\n',
 ' la_oenb[79]\n',
 ' la_oenb[7]\n',
 ' la_oenb[80]\n',
 ' la_oenb[81]\n',
 ' la_oenb[82]\n',
 ' la_oenb[83]\n',
 ' la_oenb[84]\n',
 ' la_oenb[85]\n',
 ' la_oenb[86]\n',
 ' la_oenb[87]\n',
 ' la_oenb[88]\n',
 ' la_oenb[89]\n',
 ' la_oenb[8]\n',
 ' la_oenb[90]\n',
 ' la_oenb[91]\n',
 ' la_oenb[92]\n',
 ' la_oenb[93]\n',
 ' la_oenb[94]\n',
 ' la_oenb[95]\n',
 ' la_oenb[96]\n',
 ' la_oenb[97]\n',
 ' la_oenb[98]\n',
 ' la_oenb[99]\n',
 ' la_oenb[9]\n',
 ' user_clock2\n',
 ' mprj/clkload0/Y\n',
 ' mprj/clkload1/X\n',
 ' mprj/clkload10/Y\n',
 ' mprj/clkload11/Y\n',
 ' mprj/clkload12/Y\n',
 ' mprj/clkload13/Y\n',
 ' mprj/clkload14/Y\n',
 ' mprj/clkload15/Y\n',
 ' mprj/clkload16/Y\n',
 ' mprj/clkload17/Y\n',
 ' mprj/clkload18/Y\n',
 ' mprj/clkload19/Y\n',
 ' mprj/clkload2/Y\n',
 ' mprj/clkload20/X\n',
 ' mprj/clkload21/Y\n',
 ' mprj/clkload22/Y\n',
 ' mprj/clkload23/Y\n',
 ' mprj/clkload24/Y\n',
 ' mprj/clkload25/Y\n',
 ' mprj/clkload26/Y\n',
 ' mprj/clkload27/Y\n',
 ' mprj/clkload28/Y\n',
 ' mprj/clkload29/X\n',
 ' mprj/clkload3/X\n',
 ' mprj/clkload30/Y\n',
 ' mprj/clkload31/Y\n',
 ' mprj/clkload32/Y\n',
 ' mprj/clkload33/Y\n',
 ' mprj/clkload34/Y\n',
 ' mprj/clkload35/Y\n',
 ' mprj/clkload36/Y\n',
 ' mprj/clkload37/Y\n',
 ' mprj/clkload38/X\n',
 ' mprj/clkload39/Y\n',
 ' mprj/clkload4/Y\n',
 ' mprj/clkload40/Y\n',
 ' mprj/clkload41/Y\n',
 ' mprj/clkload42/Y\n',
 ' mprj/clkload43/Y\n',
 ' mprj/clkload44/Y\n',
 ' mprj/clkload45/Y\n',
 ' mprj/clkload46/Y\n',
 ' mprj/clkload47/Y\n',
 ' mprj/clkload48/Y\n',
 ' mprj/clkload49/Y\n',
 ' mprj/clkload5/Y\n',
 ' mprj/clkload50/Y\n',
 ' mprj/clkload51/Y\n',
 ' mprj/clkload52/Y\n',
 ' mprj/clkload53/Y\n',
 ' mprj/clkload54/Y\n',
 ' mprj/clkload55/X\n',
 ' mprj/clkload56/Y\n',
 ' mprj/clkload57/Y\n',
 ' mprj/clkload58/Y\n',
 ' mprj/clkload6/Y\n',
 ' mprj/clkload7/Y\n',
 ' mprj/clkload8/Y\n',
 ' mprj/clkload9/Y\n',
 ' mprj/user_project_437/HI\n',
 ' mprj/user_project_438/HI\n',
 ' mprj/user_project_439/HI\n',
 ' mprj/user_project_440/LO\n',
 ' mprj/user_project_441/LO\n',
 ' mprj/user_project_442/LO\n',
 ' mprj/user_project_443/LO\n',
 ' mprj/user_project_444/LO\n',
 ' mprj/user_project_445/LO\n',
 ' mprj/user_project_446/LO\n',
 ' mprj/user_project_447/LO\n',
 ' mprj/user_project_448/LO\n',
 ' mprj/user_project_449/LO\n',
 ' mprj/user_project_450/LO\n',
 ' mprj/user_project_451/LO\n',
 ' mprj/user_project_452/LO\n',
 ' mprj/user_project_453/LO\n',
 ' mprj/user_project_454/LO\n',
 ' mprj/user_project_455/LO\n',
 ' mprj/user_project_456/LO\n',
 ' mprj/user_project_457/LO\n',
 ' mprj/user_project_458/LO\n',
 ' mprj/user_project_459/LO\n',
 ' mprj/user_project_460/LO\n',
 ' mprj/user_project_461/LO\n',
 ' mprj/user_project_462/LO\n',
 ' mprj/user_project_463/LO\n',
 ' mprj/user_project_464/LO\n',
 ' mprj/user_project_465/LO\n',
 ' mprj/user_project_466/LO\n',
 ' mprj/user_project_467/LO\n',
 ' mprj/user_project_468/LO\n',
 ' mprj/user_project_469/LO\n',
 ' mprj/user_project_470/LO\n',
 ' mprj/user_project_471/LO\n',
 ' mprj/user_project_472/LO\n',
 ' mprj/user_project_473/LO\n',
 ' mprj/user_project_474/LO\n',
 ' mprj/user_project_475/LO\n',
 'Found 68 partially unannotated drivers.\n',
 ' mprj/fanout336/X\n',
 '  mprj/sram_inst/wbs_dat_i[23]\n',
 ' mprj/fanout340/X\n',
 '  mprj/sram_inst/wbs_dat_i[24]\n',
 ' mprj/fanout344/X\n',
 '  mprj/sram_inst/wbs_dat_i[25]\n',
 ' mprj/fanout348/X\n',
 '  mprj/sram_inst/wbs_dat_i[26]\n',
 ' mprj/fanout353/X\n',
 '  mprj/sram_inst/wbs_dat_i[27]\n',
 ' mprj/fanout357/X\n',
 '  mprj/sram_inst/wbs_dat_i[28]\n',
 ' mprj/fanout362/X\n',
 '  mprj/sram_inst/wbs_dat_i[29]\n',
 ' mprj/fanout367/X\n',
 '  mprj/sram_inst/wbs_dat_i[30]\n',
 ' mprj/fanout371/X\n',
 '  mprj/sram_inst/wbs_dat_i[31]\n',
 ' mprj/input10/X\n',
 '  mprj/sram_inst/wbs_adr_i[15]\n',
 ' mprj/input11/X\n',
 '  mprj/sram_inst/wbs_adr_i[14]\n',
 ' mprj/input12/X\n',
 '  mprj/sram_inst/wbs_adr_i[13]\n',
 ' mprj/input13/X\n',
 '  mprj/sram_inst/wbs_adr_i[12]\n',
 ' mprj/input14/X\n',
 '  mprj/sram_inst/wbs_adr_i[30]\n',
 ' mprj/input15/X\n',
 '  mprj/sram_inst/wbs_adr_i[11]\n',
 ' mprj/input16/X\n',
 '  mprj/sram_inst/wbs_adr_i[10]\n',
 ' mprj/input17/X\n',
 '  mprj/sram_inst/wbs_adr_i[9]\n',
 ' mprj/input18/X\n',
 '  mprj/sram_inst/wbs_adr_i[8]\n',
 ' mprj/input19/X\n',
 '  mprj/sram_inst/wbs_adr_i[7]\n',
 ' mprj/input20/X\n',
 '  mprj/sram_inst/wbs_adr_i[6]\n',
 ' mprj/input21/X\n',
 '  mprj/sram_inst/wbs_adr_i[5]\n',
 ' mprj/input22/X\n',
 '  mprj/sram_inst/wbs_adr_i[4]\n',
 ' mprj/input23/X\n',
 '  mprj/sram_inst/wbs_adr_i[3]\n',
 ' mprj/input24/X\n',
 '  mprj/sram_inst/wbs_adr_i[2]\n',
 ' mprj/input25/X\n',
 '  mprj/sram_inst/wbs_adr_i[29]\n',
 ' mprj/input26/X\n',
 '  mprj/sram_inst/wbs_adr_i[1]\n',
 ' mprj/input27/X\n',
 '  mprj/sram_inst/wbs_adr_i[0]\n',
 ' mprj/input28/X\n',
 '  mprj/sram_inst/wbs_adr_i[28]\n',
 ' mprj/input29/X\n',
 '  mprj/sram_inst/wbs_adr_i[27]\n',
 ' mprj/input3/X\n',
 '  mprj/sram_inst/wbs_adr_i[31]\n',
 ' mprj/input30/X\n',
 '  mprj/sram_inst/wbs_adr_i[26]\n',
 ' mprj/input31/X\n',
 '  mprj/sram_inst/wbs_adr_i[25]\n',
 ' mprj/input32/X\n',
 '  mprj/sram_inst/wbs_adr_i[24]\n',
 ' mprj/input33/X\n',
 '  mprj/sram_inst/wbs_adr_i[23]\n',
 ' mprj/input34/X\n',
 '  mprj/sram_inst/wbs_adr_i[22]\n',
 ' mprj/input37/X\n',
 '  mprj/sram_inst/wbs_dat_i[21]\n',
 ' mprj/input38/X\n',
 '  mprj/sram_inst/wbs_dat_i[20]\n',
 ' mprj/input39/X\n',
 '  mprj/sram_inst/wbs_dat_i[19]\n',
 ' mprj/input4/X\n',
 '  mprj/sram_inst/wbs_adr_i[21]\n',
 ' mprj/input40/X\n',
 '  mprj/sram_inst/wbs_dat_i[18]\n',
 ' mprj/input41/X\n',
 '  mprj/sram_inst/wbs_dat_i[17]\n',
 ' mprj/input42/X\n',
 '  mprj/sram_inst/wbs_dat_i[16]\n',
 ' mprj/input43/X\n',
 '  mprj/sram_inst/wbs_dat_i[15]\n',
 ' mprj/input44/X\n',
 '  mprj/sram_inst/wbs_dat_i[14]\n',
 ' mprj/input45/X\n',
 '  mprj/sram_inst/wbs_dat_i[13]\n',
 ' mprj/input46/X\n',
 '  mprj/sram_inst/wbs_dat_i[12]\n',
 ' mprj/input48/X\n',
 '  mprj/sram_inst/wbs_dat_i[11]\n',
 ' mprj/input49/X\n',
 '  mprj/sram_inst/wbs_dat_i[10]\n',
 ' mprj/input5/X\n',
 '  mprj/sram_inst/wbs_adr_i[20]\n',
 ' mprj/input50/X\n',
 '  mprj/sram_inst/wbs_dat_i[9]\n',
 ' mprj/input51/X\n',
 '  mprj/sram_inst/wbs_dat_i[8]\n',
 ' mprj/input52/X\n',
 '  mprj/sram_inst/wbs_dat_i[7]\n',
 ' mprj/input53/X\n',
 '  mprj/sram_inst/wbs_dat_i[6]\n',
 ' mprj/input54/X\n',
 '  mprj/sram_inst/wbs_dat_i[5]\n',
 ' mprj/input55/X\n',
 '  mprj/sram_inst/wbs_dat_i[4]\n',
 ' mprj/input56/X\n',
 '  mprj/sram_inst/wbs_dat_i[3]\n',
 ' mprj/input57/X\n',
 '  mprj/sram_inst/wbs_dat_i[2]\n',
 ' mprj/input59/X\n',
 '  mprj/sram_inst/wbs_dat_i[1]\n',
 ' mprj/input6/X\n',
 '  mprj/sram_inst/wbs_adr_i[19]\n',
 ' mprj/input60/X\n',
 '  mprj/sram_inst/wbs_dat_i[0]\n',
 ' mprj/input67/X\n',
 '  mprj/sram_inst/wbs_dat_i[22]\n',
 ' mprj/input68/X\n',
 '  mprj/sram_inst/wbs_sel_i[3]\n',
 ' mprj/input69/X\n',
 '  mprj/sram_inst/wbs_sel_i[2]\n',
 ' mprj/input7/X\n',
 '  mprj/sram_inst/wbs_adr_i[18]\n',
 ' mprj/input70/X\n',
 '  mprj/sram_inst/wbs_sel_i[1]\n',
 ' mprj/input71/X\n',
 '  mprj/sram_inst/wbs_sel_i[0]\n',
 ' mprj/input8/X\n',
 '  mprj/sram_inst/wbs_adr_i[17]\n',
 ' mprj/input9/X\n',
 '  mprj/sram_inst/wbs_adr_i[16]\n',
 '\n']
Reported nets:
['analog_io[0]',
 'analog_io[10]',
 'analog_io[11]',
 'analog_io[12]',
 'analog_io[13]',
 'analog_io[14]',
 'analog_io[15]',
 'analog_io[16]',
 'analog_io[17]',
 'analog_io[18]',
 'analog_io[19]',
 'analog_io[1]',
 'analog_io[20]',
 'analog_io[21]',
 'analog_io[22]',
 'analog_io[23]',
 'analog_io[24]',
 'analog_io[25]',
 'analog_io[26]',
 'analog_io[27]',
 'analog_io[28]',
 'analog_io[2]',
 'analog_io[3]',
 'analog_io[4]',
 'analog_io[5]',
 'analog_io[6]',
 'analog_io[7]',
 'analog_io[8]',
 'analog_io[9]',
 'io_in[0]',
 'io_in[10]',
 'io_in[11]',
 'io_in[12]',
 'io_in[13]',
 'io_in[14]',
 'io_in[15]',
 'io_in[16]',
 'io_in[17]',
 'io_in[18]',
 'io_in[19]',
 'io_in[1]',
 'io_in[20]',
 'io_in[21]',
 'io_in[22]',
 'io_in[23]',
 'io_in[24]',
 'io_in[25]',
 'io_in[26]',
 'io_in[27]',
 'io_in[28]',
 'io_in[29]',
 'io_in[2]',
 'io_in[30]',
 'io_in[31]',
 'io_in[32]',
 'io_in[33]',
 'io_in[34]',
 'io_in[35]',
 'io_in[36]',
 'io_in[37]',
 'io_in[3]',
 'io_in[4]',
 'io_in[5]',
 'io_in[7]',
 'io_in[8]',
 'io_in[9]',
 'la_data_in[0]',
 'la_data_in[100]',
 'la_data_in[101]',
 'la_data_in[102]',
 'la_data_in[103]',
 'la_data_in[104]',
 'la_data_in[105]',
 'la_data_in[106]',
 'la_data_in[107]',
 'la_data_in[108]',
 'la_data_in[109]',
 'la_data_in[10]',
 'la_data_in[110]',
 'la_data_in[111]',
 'la_data_in[112]',
 'la_data_in[113]',
 'la_data_in[114]',
 'la_data_in[115]',
 'la_data_in[116]',
 'la_data_in[117]',
 'la_data_in[118]',
 'la_data_in[119]',
 'la_data_in[11]',
 'la_data_in[120]',
 'la_data_in[121]',
 'la_data_in[122]',
 'la_data_in[123]',
 'la_data_in[124]',
 'la_data_in[125]',
 'la_data_in[126]',
 'la_data_in[127]',
 'la_data_in[12]',
 'la_data_in[13]',
 'la_data_in[14]',
 'la_data_in[15]',
 'la_data_in[16]',
 'la_data_in[17]',
 'la_data_in[18]',
 'la_data_in[19]',
 'la_data_in[1]',
 'la_data_in[20]',
 'la_data_in[21]',
 'la_data_in[22]',
 'la_data_in[23]',
 'la_data_in[24]',
 'la_data_in[25]',
 'la_data_in[26]',
 'la_data_in[27]',
 'la_data_in[28]',
 'la_data_in[29]',
 'la_data_in[2]',
 'la_data_in[30]',
 'la_data_in[31]',
 'la_data_in[32]',
 'la_data_in[33]',
 'la_data_in[34]',
 'la_data_in[35]',
 'la_data_in[36]',
 'la_data_in[37]',
 'la_data_in[38]',
 'la_data_in[39]',
 'la_data_in[3]',
 'la_data_in[40]',
 'la_data_in[41]',
 'la_data_in[42]',
 'la_data_in[43]',
 'la_data_in[44]',
 'la_data_in[45]',
 'la_data_in[46]',
 'la_data_in[47]',
 'la_data_in[48]',
 'la_data_in[49]',
 'la_data_in[4]',
 'la_data_in[50]',
 'la_data_in[51]',
 'la_data_in[52]',
 'la_data_in[53]',
 'la_data_in[54]',
 'la_data_in[55]',
 'la_data_in[56]',
 'la_data_in[57]',
 'la_data_in[58]',
 'la_data_in[59]',
 'la_data_in[5]',
 'la_data_in[60]',
 'la_data_in[61]',
 'la_data_in[62]',
 'la_data_in[63]',
 'la_data_in[64]',
 'la_data_in[65]',
 'la_data_in[66]',
 'la_data_in[67]',
 'la_data_in[68]',
 'la_data_in[69]',
 'la_data_in[6]',
 'la_data_in[70]',
 'la_data_in[71]',
 'la_data_in[72]',
 'la_data_in[73]',
 'la_data_in[74]',
 'la_data_in[75]',
 'la_data_in[76]',
 'la_data_in[77]',
 'la_data_in[78]',
 'la_data_in[79]',
 'la_data_in[7]',
 'la_data_in[80]',
 'la_data_in[81]',
 'la_data_in[82]',
 'la_data_in[83]',
 'la_data_in[84]',
 'la_data_in[85]',
 'la_data_in[86]',
 'la_data_in[87]',
 'la_data_in[88]',
 'la_data_in[89]',
 'la_data_in[8]',
 'la_data_in[90]',
 'la_data_in[91]',
 'la_data_in[92]',
 'la_data_in[93]',
 'la_data_in[94]',
 'la_data_in[95]',
 'la_data_in[96]',
 'la_data_in[97]',
 'la_data_in[98]',
 'la_data_in[99]',
 'la_data_in[9]',
 'la_oenb[0]',
 'la_oenb[100]',
 'la_oenb[101]',
 'la_oenb[102]',
 'la_oenb[103]',
 'la_oenb[104]',
 'la_oenb[105]',
 'la_oenb[106]',
 'la_oenb[107]',
 'la_oenb[108]',
 'la_oenb[109]',
 'la_oenb[10]',
 'la_oenb[110]',
 'la_oenb[111]',
 'la_oenb[112]',
 'la_oenb[113]',
 'la_oenb[114]',
 'la_oenb[115]',
 'la_oenb[116]',
 'la_oenb[117]',
 'la_oenb[118]',
 'la_oenb[119]',
 'la_oenb[11]',
 'la_oenb[120]',
 'la_oenb[121]',
 'la_oenb[122]',
 'la_oenb[123]',
 'la_oenb[124]',
 'la_oenb[125]',
 'la_oenb[126]',
 'la_oenb[127]',
 'la_oenb[12]',
 'la_oenb[13]',
 'la_oenb[14]',
 'la_oenb[15]',
 'la_oenb[16]',
 'la_oenb[17]',
 'la_oenb[18]',
 'la_oenb[19]',
 'la_oenb[1]',
 'la_oenb[20]',
 'la_oenb[21]',
 'la_oenb[22]',
 'la_oenb[23]',
 'la_oenb[24]',
 'la_oenb[25]',
 'la_oenb[26]',
 'la_oenb[27]',
 'la_oenb[28]',
 'la_oenb[29]',
 'la_oenb[2]',
 'la_oenb[30]',
 'la_oenb[31]',
 'la_oenb[32]',
 'la_oenb[33]',
 'la_oenb[34]',
 'la_oenb[35]',
 'la_oenb[36]',
 'la_oenb[37]',
 'la_oenb[38]',
 'la_oenb[39]',
 'la_oenb[3]',
 'la_oenb[40]',
 'la_oenb[41]',
 'la_oenb[42]',
 'la_oenb[43]',
 'la_oenb[44]',
 'la_oenb[45]',
 'la_oenb[46]',
 'la_oenb[47]',
 'la_oenb[48]',
 'la_oenb[49]',
 'la_oenb[4]',
 'la_oenb[50]',
 'la_oenb[51]',
 'la_oenb[52]',
 'la_oenb[53]',
 'la_oenb[54]',
 'la_oenb[55]',
 'la_oenb[56]',
 'la_oenb[57]',
 'la_oenb[58]',
 'la_oenb[59]',
 'la_oenb[5]',
 'la_oenb[60]',
 'la_oenb[61]',
 'la_oenb[62]',
 'la_oenb[63]',
 'la_oenb[64]',
 'la_oenb[65]',
 'la_oenb[66]',
 'la_oenb[67]',
 'la_oenb[68]',
 'la_oenb[69]',
 'la_oenb[6]',
 'la_oenb[70]',
 'la_oenb[71]',
 'la_oenb[72]',
 'la_oenb[73]',
 'la_oenb[74]',
 'la_oenb[75]',
 'la_oenb[76]',
 'la_oenb[77]',
 'la_oenb[78]',
 'la_oenb[79]',
 'la_oenb[7]',
 'la_oenb[80]',
 'la_oenb[81]',
 'la_oenb[82]',
 'la_oenb[83]',
 'la_oenb[84]',
 'la_oenb[85]',
 'la_oenb[86]',
 'la_oenb[87]',
 'la_oenb[88]',
 'la_oenb[89]',
 'la_oenb[8]',
 'la_oenb[90]',
 'la_oenb[91]',
 'la_oenb[92]',
 'la_oenb[93]',
 'la_oenb[94]',
 'la_oenb[95]',
 'la_oenb[96]',
 'la_oenb[97]',
 'la_oenb[98]',
 'la_oenb[99]',
 'la_oenb[9]',
 'user_clock2',
 'mprj/clkload0/Y',
 'mprj/clkload1/X',
 'mprj/clkload10/Y',
 'mprj/clkload11/Y',
 'mprj/clkload12/Y',
 'mprj/clkload13/Y',
 'mprj/clkload14/Y',
 'mprj/clkload15/Y',
 'mprj/clkload16/Y',
 'mprj/clkload17/Y',
 'mprj/clkload18/Y',
 'mprj/clkload19/Y',
 'mprj/clkload2/Y',
 'mprj/clkload20/X',
 'mprj/clkload21/Y',
 'mprj/clkload22/Y',
 'mprj/clkload23/Y',
 'mprj/clkload24/Y',
 'mprj/clkload25/Y',
 'mprj/clkload26/Y',
 'mprj/clkload27/Y',
 'mprj/clkload28/Y',
 'mprj/clkload29/X',
 'mprj/clkload3/X',
 'mprj/clkload30/Y',
 'mprj/clkload31/Y',
 'mprj/clkload32/Y',
 'mprj/clkload33/Y',
 'mprj/clkload34/Y',
 'mprj/clkload35/Y',
 'mprj/clkload36/Y',
 'mprj/clkload37/Y',
 'mprj/clkload38/X',
 'mprj/clkload39/Y',
 'mprj/clkload4/Y',
 'mprj/clkload40/Y',
 'mprj/clkload41/Y',
 'mprj/clkload42/Y',
 'mprj/clkload43/Y',
 'mprj/clkload44/Y',
 'mprj/clkload45/Y',
 'mprj/clkload46/Y',
 'mprj/clkload47/Y',
 'mprj/clkload48/Y',
 'mprj/clkload49/Y',
 'mprj/clkload5/Y',
 'mprj/clkload50/Y',
 'mprj/clkload51/Y',
 'mprj/clkload52/Y',
 'mprj/clkload53/Y',
 'mprj/clkload54/Y',
 'mprj/clkload55/X',
 'mprj/clkload56/Y',
 'mprj/clkload57/Y',
 'mprj/clkload58/Y',
 'mprj/clkload6/Y',
 'mprj/clkload7/Y',
 'mprj/clkload8/Y',
 'mprj/clkload9/Y',
 'mprj/user_project_437/HI',
 'mprj/user_project_438/HI',
 'mprj/user_project_439/HI',
 'mprj/user_project_440/LO',
 'mprj/user_project_441/LO',
 'mprj/user_project_442/LO',
 'mprj/user_project_443/LO',
 'mprj/user_project_444/LO',
 'mprj/user_project_445/LO',
 'mprj/user_project_446/LO',
 'mprj/user_project_447/LO',
 'mprj/user_project_448/LO',
 'mprj/user_project_449/LO',
 'mprj/user_project_450/LO',
 'mprj/user_project_451/LO',
 'mprj/user_project_452/LO',
 'mprj/user_project_453/LO',
 'mprj/user_project_454/LO',
 'mprj/user_project_455/LO',
 'mprj/user_project_456/LO',
 'mprj/user_project_457/LO',
 'mprj/user_project_458/LO',
 'mprj/user_project_459/LO',
 'mprj/user_project_460/LO',
 'mprj/user_project_461/LO',
 'mprj/user_project_462/LO',
 'mprj/user_project_463/LO',
 'mprj/user_project_464/LO',
 'mprj/user_project_465/LO',
 'mprj/user_project_466/LO',
 'mprj/user_project_467/LO',
 'mprj/user_project_468/LO',
 'mprj/user_project_469/LO',
 'mprj/user_project_470/LO',
 'mprj/user_project_471/LO',
 'mprj/user_project_472/LO',
 'mprj/user_project_473/LO',
 'mprj/user_project_474/LO',
 'mprj/user_project_475/LO',
 'mprj/fanout336/X',
 'mprj/fanout340/X',
 'mprj/fanout344/X',
 'mprj/fanout348/X',
 'mprj/fanout353/X',
 'mprj/fanout357/X',
 'mprj/fanout362/X',
 'mprj/fanout367/X',
 'mprj/fanout371/X',
 'mprj/input10/X',
 'mprj/input11/X',
 'mprj/input12/X',
 'mprj/input13/X',
 'mprj/input14/X',
 'mprj/input15/X',
 'mprj/input16/X',
 'mprj/input17/X',
 'mprj/input18/X',
 'mprj/input19/X',
 'mprj/input20/X',
 'mprj/input21/X',
 'mprj/input22/X',
 'mprj/input23/X',
 'mprj/input24/X',
 'mprj/input25/X',
 'mprj/input26/X',
 'mprj/input27/X',
 'mprj/input28/X',
 'mprj/input29/X',
 'mprj/input3/X',
 'mprj/input30/X',
 'mprj/input31/X',
 'mprj/input32/X',
 'mprj/input33/X',
 'mprj/input34/X',
 'mprj/input37/X',
 'mprj/input38/X',
 'mprj/input39/X',
 'mprj/input4/X',
 'mprj/input40/X',
 'mprj/input41/X',
 'mprj/input42/X',
 'mprj/input43/X',
 'mprj/input44/X',
 'mprj/input45/X',
 'mprj/input46/X',
 'mprj/input48/X',
 'mprj/input49/X',
 'mprj/input5/X',
 'mprj/input50/X',
 'mprj/input51/X',
 'mprj/input52/X',
 'mprj/input53/X',
 'mprj/input54/X',
 'mprj/input55/X',
 'mprj/input56/X',
 'mprj/input57/X',
 'mprj/input59/X',
 'mprj/input6/X',
 'mprj/input60/X',
 'mprj/input67/X',
 'mprj/input68/X',
 'mprj/input69/X',
 'mprj/input7/X',
 'mprj/input70/X',
 'mprj/input71/X',
 'mprj/input8/X',
 'mprj/input9/X']
Filtered nets:
[]
done
