Clock: clk
Sources: wb_clk_i 
Generated: no
Virtual: yes
Propagated: no
Period: 25.000000

===========================================================================
report_clock_properties
============================================================================
Clock                   Period          Waveform
----------------------------------------------------
clk                  25.000000    0.000000 12.500000

===========================================================================
report_clock_latency
============================================================================
Clock clk
rise -> rise
    min     max
4.650000 5.570000 source latency
5.456731         network latency _6256_/CLK
        5.977736 network latency sram_inst/wb_clk_i
---------------
10.106731 11.547735 latency
        1.441004 skew

fall -> fall
    min     max
4.650000 5.570000 source latency
5.558738         network latency _6256_/CLK
        6.108229 network latency sram_inst/wb_clk_i
---------------
10.208737 11.678228 latency
        1.469491 skew



===========================================================================
report_clock_min_period
============================================================================
clk period_min = 7.69 fmax = 130.10
