
===========================================================================
Violator List
============================================================================
[hold in-reg] wbs_dat_i[28] -> _6376_/D : -0.629550
[hold in-reg] wbs_dat_i[18] -> _6366_/D : -0.629137
[hold in-reg] wbs_dat_i[27] -> _6438_/D : -0.625611
[hold in-reg] wbs_dat_i[19] -> _6367_/D : -0.625559
[hold in-reg] wbs_dat_i[26] -> _6437_/D : -0.624702
[hold in-reg] wbs_dat_i[26] -> _6374_/D : -0.623721
[hold in-reg] wbs_dat_i[23] -> _6434_/D : -0.623627
[hold in-reg] wbs_dat_i[23] -> _6371_/D : -0.623437
[hold in-reg] wbs_dat_i[15] -> _6426_/D : -0.623127
[hold in-reg] wbs_dat_i[14] -> _6320_/D : -0.623091
[hold in-reg] wbs_dat_i[15] -> _6347_/D : -0.623044
[hold in-reg] wbs_dat_i[15] -> _6321_/D : -0.622411
[hold in-reg] wbs_dat_i[14] -> _6346_/D : -0.622128
[hold in-reg] wbs_dat_i[10] -> _6316_/D : -0.622115
[hold in-reg] wbs_dat_i[20] -> _6368_/D : -0.621814
[hold in-reg] wbs_dat_i[15] -> _6363_/D : -0.621076
[hold in-reg] wbs_dat_i[10] -> _6342_/D : -0.620723
[hold in-reg] wbs_dat_i[21] -> _6432_/D : -0.620214
[hold in-reg] wbs_dat_i[19] -> _6430_/D : -0.619687
[hold in-reg] wbs_dat_i[14] -> _6425_/D : -0.619474
[hold in-reg] wbs_dat_i[18] -> _6429_/D : -0.619279
[hold in-reg] wbs_dat_i[20] -> _6431_/D : -0.618420
[hold in-reg] wbs_dat_i[15] -> _6461_/D : -0.618309
[hold in-reg] wbs_dat_i[10] -> _6358_/D : -0.617284
[hold in-reg] wbs_dat_i[17] -> _6365_/D : -0.616596
[hold in-reg] wbs_dat_i[14] -> _6362_/D : -0.616501
[hold in-reg] wbs_dat_i[10] -> _6456_/D : -0.616459
[hold in-reg] wbs_dat_i[27] -> _6375_/D : -0.616402
[hold in-reg] wbs_dat_i[14] -> _6460_/D : -0.615793
[hold in-reg] wbs_dat_i[14] -> _6247_/D : -0.615707
[hold in-reg] wbs_dat_i[19] -> _6252_/D : -0.614718
[hold in-reg] wbs_dat_i[18] -> _6251_/D : -0.614688
[hold in-reg] wbs_dat_i[28] -> _6439_/D : -0.614650
[hold in-reg] wbs_dat_i[20] -> _6253_/D : -0.614261
[hold in-reg] wbs_dat_i[29] -> _6440_/D : -0.613547
[hold in-reg] wbs_dat_i[25] -> _6373_/D : -0.613373
[hold in-reg] wbs_dat_i[21] -> _6369_/D : -0.613089
[hold in-reg] wbs_dat_i[16] -> _6364_/D : -0.612547
[hold in-reg] wbs_dat_i[21] -> _6254_/D : -0.611941
[hold in-reg] wbs_dat_i[16] -> _6427_/D : -0.611633
[hold in-reg] wbs_dat_i[17] -> _6428_/D : -0.609956
[hold in-reg] wbs_dat_i[24] -> _6372_/D : -0.609616
[hold in-reg] wbs_dat_i[10] -> _6391_/D : -0.609211
[hold in-reg] wbs_dat_i[24] -> _6435_/D : -0.608065
[hold in-reg] wbs_dat_i[10] -> _6421_/D : -0.608040
[hold in-reg] wbs_dat_i[31] -> _6442_/D : -0.607819
[hold in-reg] wbs_dat_i[31] -> _6379_/D : -0.607738
[hold in-reg] wbs_dat_i[25] -> _6436_/D : -0.607582
[hold in-reg] wbs_dat_i[24] -> _6257_/D : -0.605509
[hold in-reg] wbs_dat_i[30] -> _6378_/D : -0.604649
[hold in-reg] wbs_dat_i[29] -> _6377_/D : -0.604003
[hold in-reg] wbs_dat_i[30] -> _6441_/D : -0.603839
[hold in-reg] wbs_dat_i[17] -> _6250_/D : -0.602539
[hold in-reg] wbs_dat_i[25] -> _6258_/D : -0.598428
[hold in-reg] wbs_dat_i[22] -> _6433_/D : -0.597723
[hold in-reg] wbs_dat_i[13] -> _6345_/D : -0.597378
[hold in-reg] wbs_dat_i[13] -> _6319_/D : -0.596565
[hold in-reg] wbs_dat_i[15] -> _6248_/D : -0.594730
[hold in-reg] wbs_dat_i[22] -> _6370_/D : -0.594679
[hold in-reg] wbs_dat_i[13] -> _6424_/D : -0.594406
[hold in-reg] wbs_dat_i[22] -> _6255_/D : -0.593893
[hold in-reg] wbs_dat_i[10] -> _6243_/D : -0.593607
[hold in-reg] wbs_dat_i[12] -> _6344_/D : -0.591148
[hold in-reg] wbs_dat_i[15] -> _6656_/D : -0.590230
[hold in-reg] wbs_dat_i[13] -> _6459_/D : -0.590144
[hold in-reg] wbs_dat_i[10] -> _6651_/D : -0.589820
[hold in-reg] wbs_dat_i[12] -> _6318_/D : -0.589725
[hold in-reg] wbs_dat_i[14] -> _6655_/D : -0.588969
[hold in-reg] wbs_dat_i[13] -> _6361_/D : -0.588406
[hold in-reg] wbs_dat_i[11] -> _6317_/D : -0.587236
[hold in-reg] wbs_dat_i[12] -> _6360_/D : -0.586974
[hold in-reg] wbs_dat_i[9] -> _6242_/D : -0.586956
[hold in-reg] wbs_dat_i[12] -> _6458_/D : -0.586643
[hold in-reg] wbs_dat_i[12] -> _6423_/D : -0.586247
[hold in-reg] wbs_dat_i[11] -> _6343_/D : -0.585867
[hold in-reg] wbs_dat_i[10] -> _6879_/D : -0.582683
[hold in-reg] wbs_dat_i[13] -> _6246_/D : -0.582209
[hold in-reg] wbs_dat_i[11] -> _6422_/D : -0.580217
[hold in-reg] wbs_dat_i[11] -> _6457_/D : -0.580169
[hold in-reg] wbs_dat_i[11] -> _6359_/D : -0.578031
[hold in-reg] wbs_dat_i[28] -> _6261_/D : -0.577935
[hold in-reg] wbs_dat_i[26] -> _6259_/D : -0.576887
[hold in-reg] wbs_dat_i[27] -> _6260_/D : -0.576146
[hold in-reg] wbs_dat_i[12] -> _6245_/D : -0.575164
[hold in-reg] wbs_dat_i[31] -> _6264_/D : -0.567471
[hold in-reg] wbs_dat_i[29] -> _6262_/D : -0.564853
[hold in-reg] wbs_dat_i[30] -> _6263_/D : -0.562866
[hold in-reg] wbs_dat_i[13] -> _6654_/D : -0.561810
[hold in-reg] wbs_dat_i[23] -> _6256_/D : -0.561136
[hold in-reg] wbs_dat_i[12] -> _6653_/D : -0.558278
[hold in-reg] wbs_adr_i[8] -> _6854_/D : -0.556055
[hold in-reg] wbs_dat_i[11] -> _6244_/D : -0.555326
[hold in-reg] wbs_dat_i[11] -> _6392_/D : -0.554230
[hold in-reg] wbs_dat_i[16] -> _6249_/D : -0.553972
[hold in-reg] wbs_dat_i[13] -> _6882_/D : -0.553766
[hold in-reg] wbs_dat_i[11] -> _6652_/D : -0.552461
[hold in-reg] wbs_dat_i[12] -> _6881_/D : -0.552045
[hold in-reg] wbs_adr_i[8] -> _6849_/D : -0.551541
[hold in-reg] wbs_dat_i[11] -> _6880_/D : -0.546707
[hold in-reg] wbs_adr_i[8] -> _6853_/D : -0.538203
[hold in-reg] wbs_adr_i[8] -> _6852_/D : -0.537935
[hold in-reg] wbs_adr_i[8] -> _6851_/D : -0.537655
[hold in-reg] wbs_adr_i[0] -> _6868_/D : -0.521717
[hold in-reg] wbs_adr_i[16] -> _6380_/D : -0.511833
[hold in-reg] wbs_dat_i[5] -> _6844_/D : -0.499064
[hold in-reg] wbs_dat_i[6] -> _6647_/D : -0.495837
[hold in-reg] wbs_dat_i[4] -> _6645_/D : -0.482914
[hold in-reg] wbs_dat_i[6] -> _6239_/D : -0.471884
[hold in-reg] wbs_dat_i[7] -> _6240_/D : -0.471592
[hold in-reg] wbs_dat_i[3] -> _6842_/D : -0.455465
[hold in-reg] wbs_dat_i[8] -> _6241_/D : -0.454626
[hold in-reg] wbs_dat_i[4] -> _6237_/D : -0.450459
[hold in-reg] wbs_dat_i[0] -> _6839_/D : -0.450070
[hold in-reg] wbs_dat_i[5] -> _6330_/D : -0.439664
[hold in-reg] wbs_dat_i[5] -> _6238_/D : -0.437411
[hold in-reg] wbs_adr_i[8] -> _6812_/D : -0.436013
[hold in-reg] wbs_adr_i[8] -> _6814_/D : -0.433372
[hold in-reg] wbs_adr_i[8] -> _6444_/D : -0.424059
[hold in-reg] wbs_adr_i[8] -> _6443_/D : -0.421638
[hold in-reg] wbs_dat_i[1] -> _6307_/D : -0.420944
[hold in-reg] wbs_adr_i[8] -> _6818_/D : -0.419085
[hold in-reg] wbs_dat_i[3] -> _6858_/D : -0.418553
[hold in-reg] wbs_adr_i[8] -> _6815_/D : -0.418420
[hold in-reg] wbs_adr_i[8] -> _6445_/D : -0.418054
[hold in-reg] wbs_adr_i[8] -> _6816_/D : -0.417346
[hold in-reg] wbs_adr_i[8] -> _6817_/D : -0.416661
[hold in-reg] wbs_adr_i[8] -> _6809_/D : -0.416497
[hold in-reg] wbs_adr_i[8] -> _6810_/D : -0.416113
[hold in-reg] wbs_adr_i[8] -> _6813_/D : -0.416011
[hold in-reg] wbs_dat_i[3] -> _6862_/D : -0.415552
[hold in-reg] wbs_adr_i[8] -> _6811_/D : -0.414432
[hold in-reg] wbs_dat_i[1] -> _6885_/D : -0.413429
[hold in-reg] wbs_dat_i[2] -> _6841_/D : -0.411474
[hold in-reg] wbs_dat_i[1] -> _6799_/D : -0.408328
[hold in-reg] wbs_dat_i[1] -> _6403_/D : -0.408209
[hold in-reg] wbs_dat_i[1] -> _6642_/D : -0.407977
[hold in-reg] wbs_dat_i[1] -> _6627_/D : -0.407822
[hold in-reg] wbs_dat_i[1] -> _6572_/D : -0.406587
[hold in-reg] wbs_dat_i[1] -> _6394_/D : -0.406171
[hold in-reg] wbs_dat_i[1] -> _6201_/D : -0.405105
[hold in-reg] wbs_dat_i[1] -> _6840_/D : -0.403335
[hold in-reg] wbs_dat_i[3] -> _6872_/D : -0.402831
[hold in-reg] wbs_dat_i[0] -> _6641_/D : -0.399647
[hold in-reg] wbs_dat_i[3] -> _6887_/D : -0.399492
[hold in-reg] wbs_dat_i[9] -> _6848_/D : -0.396716
[hold in-reg] wbs_dat_i[1] -> _6326_/D : -0.396343
[hold in-reg] wbs_dat_i[2] -> _6350_/D : -0.394915
[hold in-reg] wbs_dat_i[1] -> _6870_/D : -0.394294
[hold in-reg] wbs_adr_i[8] -> _6855_/D : -0.393389
[hold in-reg] wbs_adr_i[8] -> _6857_/D : -0.393332
[hold in-reg] wbs_dat_i[0] -> _6393_/D : -0.392937
[hold in-reg] wbs_dat_i[0] -> _6626_/D : -0.392936
[hold in-reg] wbs_dat_i[0] -> _6571_/D : -0.392925
[hold in-reg] wbs_dat_i[0] -> _6798_/D : -0.392551
[hold in-reg] wbs_dat_i[0] -> _6200_/D : -0.391843
[hold in-reg] wbs_dat_i[0] -> _6657_/D : -0.391589
[hold in-reg] wbs_dat_i[1] -> _6303_/D : -0.391581
[hold in-reg] wbs_dat_i[0] -> _6402_/D : -0.390959
[hold in-reg] wbs_dat_i[2] -> _6324_/D : -0.389966
[hold in-reg] wbs_dat_i[1] -> _6234_/D : -0.388529
[hold in-reg] wbs_dat_i[0] -> _6859_/D : -0.387699
[hold in-reg] wbs_dat_i[9] -> _6315_/D : -0.384017
[hold in-reg] wbs_dat_i[9] -> _6341_/D : -0.383203
[hold in-reg] wbs_adr_i[8] -> _6856_/D : -0.382724
[hold in-reg] wbs_dat_i[9] -> _6420_/D : -0.381508
[hold in-reg] wbs_adr_i[0] -> _6845_/D : -0.379927
[hold in-reg] wbs_dat_i[0] -> _6233_/D : -0.379402
[hold in-reg] wbs_dat_i[0] -> _6302_/D : -0.378064
[hold in-reg] wbs_dat_i[0] -> _6325_/D : -0.377798
[hold in-reg] wbs_dat_i[9] -> _6357_/D : -0.377686
[hold in-reg] wbs_adr_i[0] -> _6843_/D : -0.376015
[hold in-reg] wbs_dat_i[2] -> _6304_/D : -0.374880
[hold in-reg] wbs_adr_i[0] -> _6847_/D : -0.374630
[hold in-reg] wbs_adr_i[0] -> _6846_/D : -0.374353
[hold in-reg] wbs_dat_i[9] -> _6455_/D : -0.373388
[hold in-reg] wbs_dat_i[2] -> _6327_/D : -0.369651
[hold in-reg] wbs_dat_i[9] -> _6390_/D : -0.369553
[hold in-reg] wbs_adr_i[3] -> _6467_/D : -0.369481
[hold in-reg] wbs_adr_i[3] -> _6465_/D : -0.368693
[hold in-reg] wbs_dat_i[2] -> _6235_/D : -0.368639
[hold in-reg] wbs_adr_i[3] -> _6468_/D : -0.368290
[hold in-reg] wbs_adr_i[3] -> _6462_/D : -0.367214
[hold in-reg] wbs_adr_i[3] -> _6466_/D : -0.366792
[hold in-reg] wbs_dat_i[2] -> _6871_/D : -0.366215
[hold in-reg] wbs_adr_i[3] -> _6469_/D : -0.366092
[hold in-reg] wbs_dat_i[0] -> _6306_/D : -0.362839
[hold in-reg] wbs_dat_i[2] -> _6886_/D : -0.362390
[hold in-reg] wbs_dat_i[2] -> _6861_/D : -0.361432
[hold in-reg] wbs_dat_i[9] -> _6878_/D : -0.361291
[hold in-reg] wbs_dat_i[0] -> _6322_/D : -0.360814
[hold in-reg] wbs_dat_i[0] -> _6446_/D : -0.360230
[hold in-reg] wbs_dat_i[2] -> _6334_/D : -0.359706
[hold in-reg] wbs_dat_i[0] -> _6332_/D : -0.359243
[hold in-reg] wbs_dat_i[2] -> _6308_/D : -0.358809
[hold in-reg] wbs_dat_i[0] -> _6411_/D : -0.357329
[hold in-reg] wbs_dat_i[0] -> _6884_/D : -0.355148
[hold in-reg] wbs_adr_i[0] -> _6323_/D : -0.352268
[hold in-reg] wbs_dat_i[0] -> _6348_/D : -0.351403
[hold in-reg] wbs_dat_i[2] -> _6413_/D : -0.351394
[hold in-reg] wbs_adr_i[2] -> _6675_/D : -0.351355
[hold in-reg] wbs_dat_i[2] -> _6448_/D : -0.349790
[hold in-reg] wbs_dat_i[9] -> _6650_/D : -0.343461
[hold in-reg] wbs_dat_i[0] -> _6381_/D : -0.337847
[hold in-reg] wbs_dat_i[2] -> _6383_/D : -0.334639
[hold in-reg] wbs_adr_i[3] -> _6464_/D : -0.334108
[hold in-reg] wbs_adr_i[3] -> _6463_/D : -0.333554
[hold in-reg] wbs_dat_i[2] -> _6643_/D : -0.332489
[hold in-reg] wbs_dat_i[7] -> _6587_/D : -0.329852
[hold in-reg] wbs_dat_i[7] -> _6486_/D : -0.327890
[hold in-reg] wbs_dat_i[7] -> _6560_/D : -0.326496
[hold in-reg] wbs_dat_i[7] -> _6796_/D : -0.326097
[hold in-reg] wbs_dat_i[7] -> _6541_/D : -0.326047
[hold in-reg] wbs_dat_i[7] -> _6826_/D : -0.325868
[hold in-reg] wbs_dat_i[7] -> _6495_/D : -0.322983
[hold in-reg] wbs_dat_i[8] -> _6588_/D : -0.322442
[hold in-reg] wbs_dat_i[8] -> _6827_/D : -0.321235
[hold in-reg] wbs_dat_i[8] -> _6836_/D : -0.319744
[hold in-reg] wbs_dat_i[7] -> _6835_/D : -0.317863
[hold in-reg] wbs_dat_i[8] -> _6561_/D : -0.315758
[hold in-reg] wbs_dat_i[8] -> _6496_/D : -0.313712
[hold in-reg] wbs_dat_i[8] -> _6542_/D : -0.312162
[hold in-reg] wbs_dat_i[8] -> _6797_/D : -0.311973
[hold in-reg] wbs_dat_i[5] -> _6539_/D : -0.298293
[hold in-reg] wbs_dat_i[5] -> _6794_/D : -0.297240
[hold in-reg] wbs_dat_i[5] -> _6824_/D : -0.297228
[hold in-reg] wbs_dat_i[5] -> _6558_/D : -0.296779
[hold in-reg] wbs_dat_i[5] -> _6493_/D : -0.295706
[hold in-reg] wbs_dat_i[5] -> _6833_/D : -0.293153
[hold in-reg] wbs_dat_i[5] -> _6585_/D : -0.292898
[hold in-reg] wbs_dat_i[7] -> _6339_/D : -0.288586
[hold in-reg] wbs_dat_i[6] -> _6577_/D : -0.286232
[hold in-reg] wbs_dat_i[6] -> _6399_/D : -0.285756
[hold in-reg] wbs_dat_i[6] -> _6408_/D : -0.285663
[hold in-reg] wbs_dat_i[7] -> _6866_/D : -0.285381
[hold in-reg] wbs_dat_i[6] -> _6786_/D : -0.284559
[hold in-reg] wbs_dat_i[6] -> _6804_/D : -0.283634
[hold in-reg] wbs_dat_i[7] -> _6313_/D : -0.283199
[hold in-reg] wbs_dat_i[6] -> _6632_/D : -0.280180
[hold in-reg] wbs_adr_i[16] -> _6808_/D : -0.280050
[hold in-reg] wbs_dat_i[7] -> _6453_/D : -0.278468
[hold in-reg] wbs_dat_i[7] -> _6418_/D : -0.278455
[hold in-reg] wbs_adr_i[3] -> _6328_/D : -0.277673
[hold in-reg] wbs_dat_i[6] -> _6452_/D : -0.277665
[hold in-reg] wbs_adr_i[3] -> _6331_/D : -0.277549
[hold in-reg] wbs_adr_i[3] -> _6329_/D : -0.275583
[hold in-reg] wbs_dat_i[4] -> _6310_/D : -0.275155
[hold in-reg] wbs_dat_i[6] -> _6338_/D : -0.275033
[hold in-reg] wbs_dat_i[6] -> _6417_/D : -0.273934
[hold in-reg] wbs_dat_i[6] -> _6354_/D : -0.273856
[hold in-reg] wbs_dat_i[4] -> _6336_/D : -0.273670
[hold in-reg] wbs_dat_i[7] -> _6578_/D : -0.273575
[hold in-reg] wbs_dat_i[7] -> _6355_/D : -0.273401
[hold in-reg] wbs_dat_i[7] -> _6787_/D : -0.273267
[hold in-reg] wbs_dat_i[6] -> _6312_/D : -0.273252
[hold in-reg] wbs_dat_i[7] -> _6664_/D : -0.272730
[hold in-reg] wbs_dat_i[7] -> _6805_/D : -0.272285
[hold in-reg] wbs_dat_i[7] -> _6409_/D : -0.272280
[hold in-reg] wbs_dat_i[7] -> _6388_/D : -0.272241
[hold in-reg] wbs_dat_i[7] -> _6400_/D : -0.272240
[hold in-reg] wbs_dat_i[4] -> _6397_/D : -0.270754
[hold in-reg] wbs_dat_i[7] -> _6207_/D : -0.270285
[hold in-reg] wbs_dat_i[4] -> _6385_/D : -0.270026
[hold in-reg] wbs_dat_i[4] -> _6863_/D : -0.269890
[hold in-reg] wbs_dat_i[6] -> _6865_/D : -0.269860
[hold in-reg] wbs_dat_i[4] -> _6630_/D : -0.269736
[hold in-reg] wbs_dat_i[4] -> _6204_/D : -0.268533
[hold in-reg] wbs_dat_i[6] -> _6875_/D : -0.268365
[hold in-reg] wbs_dat_i[4] -> _6406_/D : -0.267784
[hold in-reg] wbs_dat_i[4] -> _6415_/D : -0.267693
[hold in-reg] wbs_dat_i[4] -> _6575_/D : -0.267120
[hold in-reg] wbs_dat_i[4] -> _6450_/D : -0.265335
[hold in-reg] wbs_adr_i[2] -> _6682_/D : -0.263278
[hold in-reg] wbs_dat_i[4] -> _6888_/D : -0.262049
[hold in-reg] wbs_dat_i[6] -> _6387_/D : -0.261996
[hold in-reg] wbs_dat_i[7] -> _6633_/D : -0.260926
[hold in-reg] wbs_dat_i[4] -> _6352_/D : -0.258243
[hold in-reg] wbs_dat_i[3] -> _6792_/D : -0.255849
[hold in-reg] wbs_dat_i[7] -> _6876_/D : -0.255760
[hold in-reg] wbs_dat_i[8] -> _6487_/D : -0.255503
[hold in-reg] wbs_dat_i[3] -> _6556_/D : -0.255463
[hold in-reg] wbs_dat_i[3] -> _6822_/D : -0.254928
[hold in-reg] wbs_dat_i[3] -> _6537_/D : -0.253792
[hold in-reg] wbs_dat_i[3] -> _6831_/D : -0.252952
[hold in-reg] wbs_dat_i[7] -> _6648_/D : -0.251102
[hold in-reg] wbs_dat_i[3] -> _6583_/D : -0.250120
[hold in-reg] wbs_dat_i[8] -> _6356_/D : -0.248770
[hold in-reg] wbs_dat_i[8] -> _6806_/D : -0.248226
[hold in-reg] wbs_dat_i[8] -> _6340_/D : -0.248175
[hold in-reg] wbs_dat_i[8] -> _6208_/D : -0.248095
[hold in-reg] wbs_dat_i[8] -> _6665_/D : -0.247964
[hold in-reg] wbs_dat_i[8] -> _6634_/D : -0.246769
[hold in-reg] wbs_adr_i[11] -> _6692_/D : -0.246754
[hold in-reg] wbs_dat_i[8] -> _6579_/D : -0.245947
[hold in-reg] wbs_adr_i[0] -> _6864_/D : -0.245402
[hold in-reg] wbs_dat_i[8] -> _6314_/D : -0.245259
[hold in-reg] wbs_adr_i[0] -> _6867_/D : -0.244964
[hold in-reg] wbs_adr_i[0] -> _6860_/D : -0.243150
[hold in-reg] wbs_dat_i[8] -> _6389_/D : -0.241832
[hold in-reg] wbs_adr_i[11] -> _6693_/D : -0.241663
[hold in-reg] wbs_dat_i[8] -> _6419_/D : -0.240139
[hold in-reg] wbs_dat_i[8] -> _6454_/D : -0.239616
[hold in-reg] wbs_dat_i[8] -> _6788_/D : -0.237399
[hold in-reg] wbs_dat_i[8] -> _6410_/D : -0.236077
[hold in-reg] wbs_dat_i[8] -> _6401_/D : -0.234974
[hold in-reg] wbs_dat_i[5] -> _6451_/D : -0.234585
[hold in-reg] wbs_dat_i[5] -> _6484_/D : -0.233825
[hold in-reg] wbs_dat_i[5] -> _6353_/D : -0.232946
[hold in-reg] wbs_dat_i[5] -> _6416_/D : -0.230600
[hold in-reg] wbs_dat_i[5] -> _6407_/D : -0.230327
[hold in-reg] wbs_dat_i[8] -> _6649_/D : -0.230261
[hold in-reg] wbs_dat_i[5] -> _6398_/D : -0.230051
[hold in-reg] wbs_dat_i[5] -> _6631_/D : -0.229039
[hold in-reg] wbs_dat_i[5] -> _6337_/D : -0.228932
[hold in-reg] wbs_dat_i[5] -> _6205_/D : -0.228835
[hold in-reg] wbs_dat_i[5] -> _6386_/D : -0.228434
[hold in-reg] wbs_dat_i[5] -> _6311_/D : -0.228173
[hold in-reg] wbs_dat_i[5] -> _6576_/D : -0.227899
[hold in-reg] wbs_dat_i[5] -> _6803_/D : -0.227236
[hold in-reg] wbs_dat_i[5] -> _6662_/D : -0.227163
[hold in-reg] wbs_dat_i[5] -> _6785_/D : -0.227076
[hold in-reg] wbs_adr_i[11] -> _6694_/D : -0.226727
[hold in-reg] wbs_dat_i[8] -> _6877_/D : -0.225842
[hold in-reg] wbs_dat_i[5] -> _6874_/D : -0.214150
[hold in-reg] wbs_dat_i[3] -> _6491_/D : -0.207720
[hold in-reg] wbs_dat_i[3] -> _6482_/D : -0.200987
[hold in-reg] wbs_dat_i[3] -> _6396_/D : -0.200166
[hold in-reg] wbs_dat_i[3] -> _6574_/D : -0.199508
[hold in-reg] wbs_dat_i[3] -> _6203_/D : -0.198510
[hold in-reg] wbs_dat_i[3] -> _6629_/D : -0.198221
[hold in-reg] wbs_dat_i[3] -> _6405_/D : -0.197053
[hold in-reg] wbs_dat_i[3] -> _6783_/D : -0.196607
[hold in-reg] wbs_dat_i[3] -> _6660_/D : -0.196525
[hold in-reg] wbs_dat_i[3] -> _6801_/D : -0.196508
[hold in-reg] wbs_dat_i[5] -> _6646_/D : -0.194918
[hold in-reg] wbs_dat_i[0] -> _6819_/D : -0.192926
[hold in-reg] wbs_dat_i[1] -> _6781_/D : -0.190365
[hold in-reg] wbs_dat_i[0] -> _6479_/D : -0.190110
[hold in-reg] wbs_dat_i[1] -> _6489_/D : -0.189588
[hold in-reg] wbs_dat_i[0] -> _6828_/D : -0.189569
[hold in-reg] wbs_dat_i[2] -> _6821_/D : -0.189564
[hold in-reg] wbs_dat_i[1] -> _6790_/D : -0.188811
[hold in-reg] wbs_dat_i[1] -> _6554_/D : -0.187407
[hold in-reg] wbs_dat_i[1] -> _6535_/D : -0.187338
[hold in-reg] wbs_dat_i[1] -> _6820_/D : -0.186935
[hold in-reg] wbs_dat_i[0] -> _6553_/D : -0.186613
[hold in-reg] wbs_dat_i[0] -> _6789_/D : -0.186561
[hold in-reg] wbs_dat_i[1] -> _6829_/D : -0.186031
[hold in-reg] wbs_dat_i[1] -> _6480_/D : -0.184883
[hold in-reg] wbs_dat_i[0] -> _6534_/D : -0.184711
[hold in-reg] wbs_dat_i[0] -> _6488_/D : -0.183619
[hold in-reg] wbs_dat_i[1] -> _6581_/D : -0.183352
[hold in-reg] wbs_dat_i[0] -> _6580_/D : -0.182659
[hold in-reg] wbs_dat_i[1] -> _6658_/D : -0.182062
[hold in-reg] wbs_dat_i[0] -> _6780_/D : -0.180612
[hold in-reg] wbs_dat_i[2] -> _6202_/D : -0.176614
[hold in-reg] wbs_dat_i[2] -> _6573_/D : -0.175786
[hold in-reg] wbs_dat_i[2] -> _6404_/D : -0.175422
[hold in-reg] wbs_dat_i[2] -> _6628_/D : -0.173875
[hold in-reg] wbs_dat_i[3] -> _6449_/D : -0.172641
[hold in-reg] wbs_dat_i[3] -> _6309_/D : -0.168802
[hold in-reg] wbs_dat_i[3] -> _6384_/D : -0.166524
[hold in-reg] wbs_dat_i[2] -> _6395_/D : -0.165698
[hold in-reg] wbs_dat_i[1] -> _6333_/D : -0.165440
[hold in-reg] wbs_dat_i[1] -> _6349_/D : -0.165090
[hold in-reg] wbs_dat_i[1] -> _6447_/D : -0.164183
[hold in-reg] wbs_dat_i[0] -> _6869_/D : -0.163808
[hold in-reg] wbs_dat_i[3] -> _6335_/D : -0.163392
[hold in-reg] wbs_dat_i[3] -> _6351_/D : -0.156792
[hold in-reg] wbs_dat_i[3] -> _6414_/D : -0.156410
[hold in-reg] wbs_dat_i[1] -> _6412_/D : -0.154986
[hold in-reg] wbs_dat_i[1] -> _6382_/D : -0.141724
[hold in-reg] wbs_adr_i[2] -> _6686_/D : -0.141409
[hold in-reg] wbs_adr_i[2] -> _6684_/D : -0.141316
[hold in-reg] wbs_adr_i[11] -> _6691_/D : -0.138098
[hold in-reg] wbs_dat_i[3] -> _6644_/D : -0.137883
[hold in-reg] wbs_dat_i[3] -> _6236_/D : -0.136198
[hold in-reg] wbs_adr_i[11] -> _6823_/D : -0.125018
[hold in-reg] wbs_adr_i[11] -> _6825_/D : -0.124469
[hold in-reg] wbs_adr_i[2] -> _6685_/D : -0.106054
[hold in-reg] wbs_adr_i[2] -> _6683_/D : -0.101764
[hold in-reg] wbs_dat_i[6] -> _6494_/D : -0.070275
[hold in-reg] wbs_dat_i[6] -> _6540_/D : -0.070248
[hold in-reg] wbs_dat_i[6] -> _6795_/D : -0.070174
[hold in-reg] wbs_dat_i[6] -> _6559_/D : -0.067843
[hold in-reg] wbs_dat_i[6] -> _6485_/D : -0.065285
[hold in-reg] wbs_dat_i[6] -> _6586_/D : -0.064774
[hold in-reg] wbs_dat_i[6] -> _6206_/D : -0.064166
[hold in-reg] wbs_dat_i[6] -> _6663_/D : -0.062678
[hold in-reg] wbs_dat_i[6] -> _6834_/D : -0.061826
[hold in-reg] wbs_adr_i[17] -> sram_inst/wbs_stb_i : -0.057021
[hold in-reg] wbs_dat_i[4] -> _6832_/D : -0.051689
[hold in-reg] wbs_adr_i[11] -> _6830_/D : -0.051645
[hold in-reg] wbs_adr_i[11] -> _6582_/D : -0.047550
[hold in-reg] wbs_adr_i[11] -> _6481_/D : -0.044052
[hold in-reg] wbs_adr_i[11] -> _6584_/D : -0.039149
[hold in-reg] wbs_dat_i[4] -> _6873_/D : -0.038257
[hold in-reg] wbs_adr_i[11] -> _6536_/D : -0.038147
[hold in-reg] wbs_adr_i[11] -> _6483_/D : -0.037144
[hold in-reg] wbs_adr_i[11] -> _6793_/D : -0.037095
[hold in-reg] wbs_adr_i[11] -> _6791_/D : -0.034972
[hold in-reg] wbs_adr_i[11] -> _6538_/D : -0.034397
[hold in-reg] wbs_adr_i[11] -> _6557_/D : -0.031786
[hold in-reg] wbs_adr_i[11] -> _6555_/D : -0.031784
[hold in-reg] wbs_adr_i[11] -> _6490_/D : -0.031674
[hold in-reg] wbs_adr_i[11] -> _6492_/D : -0.028872
[hold in-reg] wbs_adr_i[11] -> _6659_/D : -0.024293
[hold in-reg] wbs_adr_i[11] -> _6784_/D : -0.017685
[hold in-reg] wbs_adr_i[11] -> _6661_/D : -0.012342
[hold in-reg] wbs_adr_i[11] -> _6782_/D : -0.009874
[hold in-reg] wbs_adr_i[11] -> _6802_/D : -0.007252
[hold in-reg] wbs_adr_i[11] -> _6800_/D : -0.005933
Writing metric timing__hold_vio__count__corner:nom_tt_025C_1v80: 411
Writing metric timing__hold_r2r__ws__corner:nom_tt_025C_1v80: 0.085198
Writing metric timing__hold_r2r_vio__count__corner:nom_tt_025C_1v80: 0
Writing metric timing__setup_vio__count__corner:nom_tt_025C_1v80: 0
Writing metric timing__setup_r2r__ws__corner:nom_tt_025C_1v80: 17.313766
Writing metric timing__setup_r2r_vio__count__corner:nom_tt_025C_1v80: 0
