
===========================================================================
Violator List
============================================================================
[hold in-reg] wbs_dat_i[5] -> _6874_/D : -0.614444
[hold in-reg] wbs_dat_i[22] -> _6370_/D : -0.609870
[hold in-reg] wbs_dat_i[28] -> _6439_/D : -0.609421
[hold in-reg] wbs_dat_i[29] -> _6440_/D : -0.607870
[hold in-reg] wbs_dat_i[22] -> _6433_/D : -0.607284
[hold in-reg] wbs_dat_i[28] -> _6376_/D : -0.607244
[hold in-reg] wbs_dat_i[23] -> _6371_/D : -0.605522
[hold in-reg] wbs_dat_i[26] -> _6374_/D : -0.604492
[hold in-reg] wbs_dat_i[20] -> _6368_/D : -0.602775
[hold in-reg] wbs_dat_i[24] -> _6372_/D : -0.601834
[hold in-reg] wbs_dat_i[20] -> _6431_/D : -0.601125
[hold in-reg] wbs_dat_i[11] -> _6457_/D : -0.601082
[hold in-reg] wbs_dat_i[29] -> _6377_/D : -0.600985
[hold in-reg] wbs_dat_i[24] -> _6435_/D : -0.600777
[hold in-reg] wbs_dat_i[23] -> _6434_/D : -0.600475
[hold in-reg] wbs_dat_i[21] -> _6432_/D : -0.599282
[hold in-reg] wbs_dat_i[27] -> _6438_/D : -0.599087
[hold in-reg] wbs_dat_i[21] -> _6369_/D : -0.598933
[hold in-reg] wbs_dat_i[26] -> _6437_/D : -0.598368
[hold in-reg] wbs_dat_i[30] -> _6441_/D : -0.598238
[hold in-reg] wbs_dat_i[19] -> _6430_/D : -0.597506
[hold in-reg] wbs_dat_i[19] -> _6367_/D : -0.597267
[hold in-reg] wbs_dat_i[27] -> _6375_/D : -0.596680
[hold in-reg] wbs_dat_i[31] -> _6379_/D : -0.595002
[hold in-reg] wbs_dat_i[14] -> _6362_/D : -0.594434
[hold in-reg] wbs_dat_i[31] -> _6442_/D : -0.594373
[hold in-reg] wbs_dat_i[14] -> _6425_/D : -0.593910
[hold in-reg] wbs_dat_i[30] -> _6378_/D : -0.593484
[hold in-reg] wbs_dat_i[25] -> _6373_/D : -0.593300
[hold in-reg] wbs_dat_i[21] -> _6254_/D : -0.591237
[hold in-reg] wbs_dat_i[22] -> _6255_/D : -0.591216
[hold in-reg] wbs_dat_i[16] -> _6364_/D : -0.590696
[hold in-reg] wbs_dat_i[17] -> _6365_/D : -0.590501
[hold in-reg] wbs_dat_i[14] -> _6247_/D : -0.590396
[hold in-reg] wbs_dat_i[16] -> _6427_/D : -0.589769
[hold in-reg] wbs_dat_i[17] -> _6428_/D : -0.589657
[hold in-reg] wbs_dat_i[11] -> _6652_/D : -0.589170
[hold in-reg] wbs_dat_i[11] -> _6343_/D : -0.588522
[hold in-reg] wbs_dat_i[11] -> _6317_/D : -0.588051
[hold in-reg] wbs_dat_i[25] -> _6436_/D : -0.587909
[hold in-reg] wbs_dat_i[25] -> _6258_/D : -0.587179
[hold in-reg] wbs_dat_i[18] -> _6429_/D : -0.587121
[hold in-reg] wbs_dat_i[15] -> _6426_/D : -0.586451
[hold in-reg] wbs_dat_i[15] -> _6363_/D : -0.585720
[hold in-reg] wbs_dat_i[11] -> _6422_/D : -0.584140
[hold in-reg] wbs_dat_i[20] -> _6253_/D : -0.583863
[hold in-reg] wbs_dat_i[18] -> _6251_/D : -0.582907
[hold in-reg] wbs_dat_i[14] -> _6460_/D : -0.581901
[hold in-reg] wbs_dat_i[18] -> _6366_/D : -0.581250
[hold in-reg] wbs_dat_i[14] -> _6346_/D : -0.578585
[hold in-reg] wbs_dat_i[19] -> _6252_/D : -0.578404
[hold in-reg] wbs_dat_i[14] -> _6655_/D : -0.577290
[hold in-reg] wbs_dat_i[14] -> _6320_/D : -0.577244
[hold in-reg] wbs_dat_i[15] -> _6656_/D : -0.577217
[hold in-reg] wbs_dat_i[24] -> _6257_/D : -0.576458
[hold in-reg] wbs_dat_i[11] -> _6880_/D : -0.576274
[hold in-reg] wbs_dat_i[15] -> _6321_/D : -0.571629
[hold in-reg] wbs_dat_i[15] -> _6461_/D : -0.571592
[hold in-reg] wbs_dat_i[12] -> _6458_/D : -0.571560
[hold in-reg] wbs_dat_i[12] -> _6360_/D : -0.571521
[hold in-reg] wbs_dat_i[13] -> _6459_/D : -0.569930
[hold in-reg] wbs_dat_i[13] -> _6424_/D : -0.569843
[hold in-reg] wbs_dat_i[15] -> _6347_/D : -0.569630
[hold in-reg] wbs_dat_i[13] -> _6361_/D : -0.568668
[hold in-reg] wbs_dat_i[12] -> _6245_/D : -0.567870
[hold in-reg] wbs_dat_i[13] -> _6246_/D : -0.567401
[hold in-reg] wbs_dat_i[12] -> _6423_/D : -0.566476
[hold in-reg] wbs_dat_i[17] -> _6250_/D : -0.564954
[hold in-reg] wbs_dat_i[28] -> _6261_/D : -0.564294
[hold in-reg] wbs_dat_i[27] -> _6260_/D : -0.561485
[hold in-reg] wbs_dat_i[29] -> _6262_/D : -0.561449
[hold in-reg] wbs_dat_i[23] -> _6256_/D : -0.559775
[hold in-reg] wbs_dat_i[30] -> _6263_/D : -0.558988
[hold in-reg] wbs_dat_i[26] -> _6259_/D : -0.558533
[hold in-reg] wbs_dat_i[12] -> _6318_/D : -0.558369
[hold in-reg] wbs_dat_i[11] -> _6244_/D : -0.557992
[hold in-reg] wbs_dat_i[11] -> _6359_/D : -0.557127
[hold in-reg] wbs_dat_i[13] -> _6654_/D : -0.556801
[hold in-reg] wbs_dat_i[13] -> _6345_/D : -0.556742
[hold in-reg] wbs_dat_i[13] -> _6319_/D : -0.556301
[hold in-reg] wbs_dat_i[10] -> _6316_/D : -0.556234
[hold in-reg] wbs_dat_i[12] -> _6344_/D : -0.555898
[hold in-reg] wbs_dat_i[10] -> _6456_/D : -0.555853
[hold in-reg] wbs_dat_i[12] -> _6653_/D : -0.555039
[hold in-reg] wbs_adr_i[8] -> _6852_/D : -0.554367
[hold in-reg] wbs_dat_i[31] -> _6264_/D : -0.553829
[hold in-reg] wbs_adr_i[8] -> _6851_/D : -0.553371
[hold in-reg] wbs_dat_i[11] -> _6392_/D : -0.553225
[hold in-reg] wbs_adr_i[8] -> _6853_/D : -0.552958
[hold in-reg] wbs_dat_i[16] -> _6249_/D : -0.551613
[hold in-reg] wbs_dat_i[10] -> _6421_/D : -0.551525
[hold in-reg] wbs_dat_i[10] -> _6391_/D : -0.550524
[hold in-reg] wbs_dat_i[10] -> _6342_/D : -0.549374
[hold in-reg] wbs_dat_i[9] -> _6242_/D : -0.546371
[hold in-reg] wbs_dat_i[13] -> _6882_/D : -0.545229
[hold in-reg] wbs_dat_i[12] -> _6881_/D : -0.543389
[hold in-reg] wbs_dat_i[10] -> _6358_/D : -0.543213
[hold in-reg] wbs_dat_i[10] -> _6651_/D : -0.542979
[hold in-reg] wbs_dat_i[15] -> _6248_/D : -0.540409
[hold in-reg] wbs_dat_i[10] -> _6879_/D : -0.537618
[hold in-reg] wbs_adr_i[0] -> _6868_/D : -0.530955
[hold in-reg] wbs_adr_i[8] -> _6849_/D : -0.527446
[hold in-reg] wbs_dat_i[10] -> _6243_/D : -0.523706
[hold in-reg] wbs_adr_i[8] -> _6854_/D : -0.523653
[hold in-reg] wbs_dat_i[0] -> _6869_/D : -0.517325
[hold in-reg] wbs_dat_i[0] -> _6839_/D : -0.512570
[hold in-reg] wbs_dat_i[7] -> _6846_/D : -0.500287
[hold in-reg] wbs_dat_i[6] -> _6845_/D : -0.498269
[hold in-reg] wbs_adr_i[16] -> _6380_/D : -0.487823
[hold in-reg] wbs_dat_i[8] -> _6847_/D : -0.482040
[hold in-reg] wbs_dat_i[6] -> _6647_/D : -0.460588
[hold in-reg] wbs_dat_i[7] -> _6240_/D : -0.456485
[hold in-reg] wbs_dat_i[1] -> _6840_/D : -0.453239
[hold in-reg] wbs_dat_i[4] -> _6645_/D : -0.452789
[hold in-reg] wbs_dat_i[6] -> _6239_/D : -0.449899
[hold in-reg] wbs_dat_i[1] -> _6572_/D : -0.445718
[hold in-reg] wbs_dat_i[1] -> _6394_/D : -0.444935
[hold in-reg] wbs_dat_i[1] -> _6403_/D : -0.444201
[hold in-reg] wbs_dat_i[1] -> _6627_/D : -0.443286
[hold in-reg] wbs_dat_i[4] -> _6237_/D : -0.441436
[hold in-reg] wbs_dat_i[1] -> _6885_/D : -0.434282
[hold in-reg] wbs_dat_i[1] -> _6642_/D : -0.433199
[hold in-reg] wbs_dat_i[1] -> _6810_/D : -0.431613
[hold in-reg] wbs_dat_i[8] -> _6241_/D : -0.425946
[hold in-reg] wbs_adr_i[8] -> _6811_/D : -0.418721
[hold in-reg] wbs_adr_i[8] -> _6813_/D : -0.418395
[hold in-reg] wbs_adr_i[8] -> _6809_/D : -0.409466
[hold in-reg] wbs_adr_i[8] -> _6818_/D : -0.409010
[hold in-reg] wbs_dat_i[1] -> _6326_/D : -0.408505
[hold in-reg] wbs_adr_i[8] -> _6812_/D : -0.408365
[hold in-reg] wbs_dat_i[1] -> _6856_/D : -0.408301
[hold in-reg] wbs_adr_i[8] -> _6814_/D : -0.407671
[hold in-reg] wbs_adr_i[8] -> _6815_/D : -0.406437
[hold in-reg] wbs_adr_i[8] -> _6817_/D : -0.406359
[hold in-reg] wbs_adr_i[8] -> _6816_/D : -0.405946
[hold in-reg] wbs_dat_i[1] -> _6303_/D : -0.405531
[hold in-reg] wbs_dat_i[1] -> _6234_/D : -0.404820
[hold in-reg] wbs_dat_i[9] -> _6848_/D : -0.403812
[hold in-reg] wbs_dat_i[2] -> _6404_/D : -0.402778
[hold in-reg] wbs_dat_i[2] -> _6573_/D : -0.400518
[hold in-reg] wbs_dat_i[2] -> _6628_/D : -0.400010
[hold in-reg] wbs_dat_i[2] -> _6395_/D : -0.398663
[hold in-reg] wbs_dat_i[2] -> _6324_/D : -0.398538
[hold in-reg] wbs_adr_i[0] -> _6322_/D : -0.395612
[hold in-reg] wbs_dat_i[3] -> _6660_/D : -0.394775
[hold in-reg] wbs_adr_i[0] -> _6844_/D : -0.394575
[hold in-reg] wbs_adr_i[8] -> _6443_/D : -0.393720
[hold in-reg] wbs_dat_i[5] -> _6398_/D : -0.393120
[hold in-reg] wbs_adr_i[8] -> _6445_/D : -0.391107
[hold in-reg] wbs_dat_i[2] -> _6304_/D : -0.389490
[hold in-reg] wbs_dat_i[2] -> _6383_/D : -0.389416
[hold in-reg] wbs_dat_i[2] -> _6800_/D : -0.389197
[hold in-reg] wbs_adr_i[8] -> _6444_/D : -0.387158
[hold in-reg] wbs_dat_i[2] -> _6235_/D : -0.385699
[hold in-reg] wbs_dat_i[2] -> _6464_/D : -0.385660
[hold in-reg] wbs_adr_i[0] -> _6323_/D : -0.384286
[hold in-reg] wbs_dat_i[2] -> _6327_/D : -0.382361
[hold in-reg] wbs_dat_i[3] -> _6842_/D : -0.380757
[hold in-reg] wbs_dat_i[5] -> _6662_/D : -0.379986
[hold in-reg] wbs_dat_i[5] -> _6803_/D : -0.379252
[hold in-reg] wbs_dat_i[5] -> _6205_/D : -0.377253
[hold in-reg] wbs_dat_i[5] -> _6785_/D : -0.377211
[hold in-reg] wbs_dat_i[5] -> _6794_/D : -0.374272
[hold in-reg] wbs_dat_i[5] -> _6539_/D : -0.373875
[hold in-reg] wbs_dat_i[2] -> _6308_/D : -0.373568
[hold in-reg] wbs_dat_i[2] -> _6334_/D : -0.373567
[hold in-reg] wbs_dat_i[5] -> _6558_/D : -0.373333
[hold in-reg] wbs_dat_i[5] -> _6824_/D : -0.372573
[hold in-reg] wbs_dat_i[2] -> _6448_/D : -0.371844
[hold in-reg] wbs_dat_i[2] -> _6413_/D : -0.370811
[hold in-reg] wbs_dat_i[3] -> _6792_/D : -0.370028
[hold in-reg] wbs_dat_i[3] -> _6822_/D : -0.369911
[hold in-reg] wbs_dat_i[5] -> _6407_/D : -0.368931
[hold in-reg] wbs_dat_i[3] -> _6556_/D : -0.368818
[hold in-reg] wbs_dat_i[3] -> _6537_/D : -0.368508
[hold in-reg] wbs_dat_i[5] -> _6585_/D : -0.368410
[hold in-reg] wbs_dat_i[5] -> _6833_/D : -0.368332
[hold in-reg] wbs_dat_i[5] -> _6631_/D : -0.367767
[hold in-reg] wbs_dat_i[3] -> _6831_/D : -0.367486
[hold in-reg] wbs_dat_i[2] -> _6861_/D : -0.366545
[hold in-reg] wbs_dat_i[5] -> _6576_/D : -0.366488
[hold in-reg] wbs_dat_i[3] -> _6583_/D : -0.365114
[hold in-reg] wbs_dat_i[2] -> _6643_/D : -0.364837
[hold in-reg] wbs_dat_i[2] -> _6350_/D : -0.364331
[hold in-reg] wbs_dat_i[5] -> _6864_/D : -0.363527
[hold in-reg] wbs_adr_i[8] -> _6855_/D : -0.363447
[hold in-reg] wbs_dat_i[9] -> _6878_/D : -0.363026
[hold in-reg] wbs_dat_i[3] -> _6887_/D : -0.362549
[hold in-reg] wbs_adr_i[8] -> _6857_/D : -0.360421
[hold in-reg] wbs_adr_i[3] -> _6463_/D : -0.360077
[hold in-reg] wbs_adr_i[8] -> _6858_/D : -0.359144
[hold in-reg] wbs_dat_i[9] -> _6420_/D : -0.359073
[hold in-reg] wbs_adr_i[3] -> _6462_/D : -0.358597
[hold in-reg] wbs_dat_i[5] -> _6493_/D : -0.358429
[hold in-reg] wbs_dat_i[9] -> _6357_/D : -0.358320
[hold in-reg] wbs_dat_i[9] -> _6455_/D : -0.356943
[hold in-reg] wbs_dat_i[3] -> _6862_/D : -0.356522
[hold in-reg] wbs_dat_i[5] -> _6484_/D : -0.351122
[hold in-reg] wbs_dat_i[3] -> _6574_/D : -0.349531
[hold in-reg] wbs_dat_i[3] -> _6629_/D : -0.347079
[hold in-reg] wbs_dat_i[3] -> _6396_/D : -0.346711
[hold in-reg] wbs_adr_i[3] -> _6469_/D : -0.346180
[hold in-reg] wbs_dat_i[9] -> _6390_/D : -0.346102
[hold in-reg] wbs_dat_i[9] -> _6341_/D : -0.345880
[hold in-reg] wbs_dat_i[3] -> _6335_/D : -0.345291
[hold in-reg] wbs_dat_i[9] -> _6315_/D : -0.345265
[hold in-reg] wbs_dat_i[3] -> _6203_/D : -0.344208
[hold in-reg] wbs_dat_i[3] -> _6801_/D : -0.344072
[hold in-reg] wbs_dat_i[3] -> _6783_/D : -0.343781
[hold in-reg] wbs_adr_i[9] -> _6675_/D : -0.343402
[hold in-reg] wbs_adr_i[3] -> _6466_/D : -0.343271
[hold in-reg] wbs_adr_i[3] -> _6468_/D : -0.343161
[hold in-reg] wbs_dat_i[3] -> _6872_/D : -0.343157
[hold in-reg] wbs_adr_i[3] -> _6465_/D : -0.342938
[hold in-reg] wbs_dat_i[3] -> _6384_/D : -0.342259
[hold in-reg] wbs_adr_i[3] -> _6467_/D : -0.341742
[hold in-reg] wbs_dat_i[3] -> _6328_/D : -0.340775
[hold in-reg] wbs_dat_i[3] -> _6449_/D : -0.339736
[hold in-reg] wbs_dat_i[3] -> _6351_/D : -0.339254
[hold in-reg] wbs_dat_i[3] -> _6644_/D : -0.339069
[hold in-reg] wbs_dat_i[3] -> _6309_/D : -0.338411
[hold in-reg] wbs_dat_i[9] -> _6650_/D : -0.336464
[hold in-reg] wbs_dat_i[3] -> _6414_/D : -0.335141
[hold in-reg] wbs_dat_i[3] -> _6405_/D : -0.333416
[hold in-reg] wbs_dat_i[3] -> _6236_/D : -0.332193
[hold in-reg] wbs_dat_i[3] -> _6491_/D : -0.322030
[hold in-reg] wbs_dat_i[3] -> _6482_/D : -0.318130
[hold in-reg] wbs_dat_i[0] -> _6571_/D : -0.306182
[hold in-reg] wbs_dat_i[0] -> _6402_/D : -0.305849
[hold in-reg] wbs_dat_i[0] -> _6393_/D : -0.305416
[hold in-reg] wbs_dat_i[0] -> _6200_/D : -0.292417
[hold in-reg] wbs_dat_i[7] -> _6541_/D : -0.291446
[hold in-reg] wbs_dat_i[7] -> _6495_/D : -0.291313
[hold in-reg] wbs_dat_i[0] -> _6657_/D : -0.291227
[hold in-reg] wbs_dat_i[7] -> _6560_/D : -0.289435
[hold in-reg] wbs_dat_i[7] -> _6826_/D : -0.289362
[hold in-reg] wbs_dat_i[7] -> _6587_/D : -0.289039
[hold in-reg] wbs_dat_i[6] -> _6632_/D : -0.288207
[hold in-reg] wbs_dat_i[6] -> _6408_/D : -0.288154
[hold in-reg] wbs_dat_i[0] -> _6626_/D : -0.287668
[hold in-reg] wbs_dat_i[6] -> _6399_/D : -0.287521
[hold in-reg] wbs_dat_i[7] -> _6796_/D : -0.287125
[hold in-reg] wbs_adr_i[9] -> _6682_/D : -0.285659
[hold in-reg] wbs_dat_i[7] -> _6835_/D : -0.285466
[hold in-reg] wbs_dat_i[6] -> _6577_/D : -0.276870
[hold in-reg] wbs_dat_i[0] -> _6884_/D : -0.276296
[hold in-reg] wbs_dat_i[4] -> _6397_/D : -0.273644
[hold in-reg] wbs_dat_i[0] -> _6859_/D : -0.272473
[hold in-reg] wbs_dat_i[6] -> _6875_/D : -0.271910
[hold in-reg] wbs_dat_i[7] -> _6409_/D : -0.269836
[hold in-reg] wbs_dat_i[4] -> _6863_/D : -0.268397
[hold in-reg] wbs_dat_i[8] -> _6827_/D : -0.265762
[hold in-reg] wbs_dat_i[8] -> _6542_/D : -0.265187
[hold in-reg] wbs_dat_i[7] -> _6400_/D : -0.264915
[hold in-reg] wbs_dat_i[8] -> _6588_/D : -0.264133
[hold in-reg] wbs_dat_i[8] -> _6797_/D : -0.263413
[hold in-reg] wbs_dat_i[4] -> _6575_/D : -0.263195
[hold in-reg] wbs_dat_i[8] -> _6561_/D : -0.263068
[hold in-reg] wbs_dat_i[0] -> _6306_/D : -0.262895
[hold in-reg] wbs_dat_i[8] -> _6836_/D : -0.262065
[hold in-reg] wbs_dat_i[7] -> _6578_/D : -0.261649
[hold in-reg] wbs_dat_i[7] -> _6876_/D : -0.261116
[hold in-reg] wbs_dat_i[4] -> _6204_/D : -0.260509
[hold in-reg] wbs_dat_i[7] -> _6805_/D : -0.260046
[hold in-reg] wbs_dat_i[4] -> _6336_/D : -0.259675
[hold in-reg] wbs_dat_i[7] -> _6787_/D : -0.259259
[hold in-reg] wbs_dat_i[7] -> _6664_/D : -0.258515
[hold in-reg] wbs_dat_i[7] -> _6207_/D : -0.257293
[hold in-reg] wbs_dat_i[4] -> _6450_/D : -0.256369
[hold in-reg] wbs_dat_i[0] -> _6446_/D : -0.254945
[hold in-reg] wbs_dat_i[4] -> _6352_/D : -0.254895
[hold in-reg] wbs_dat_i[4] -> _6310_/D : -0.254885
[hold in-reg] wbs_dat_i[7] -> _6633_/D : -0.254083
[hold in-reg] wbs_dat_i[4] -> _6415_/D : -0.254078
[hold in-reg] wbs_adr_i[0] -> _6302_/D : -0.253653
[hold in-reg] wbs_adr_i[16] -> _6808_/D : -0.252821
[hold in-reg] wbs_dat_i[0] -> _6332_/D : -0.252683
[hold in-reg] wbs_dat_i[4] -> _6630_/D : -0.252179
[hold in-reg] wbs_dat_i[0] -> _6411_/D : -0.251213
[hold in-reg] wbs_dat_i[0] -> _6381_/D : -0.251006
[hold in-reg] wbs_dat_i[4] -> _6329_/D : -0.250883
[hold in-reg] wbs_dat_i[4] -> _6385_/D : -0.250286
[hold in-reg] wbs_dat_i[6] -> _6825_/D : -0.250128
[hold in-reg] wbs_dat_i[7] -> _6866_/D : -0.248664
[hold in-reg] wbs_dat_i[6] -> _6834_/D : -0.248467
[hold in-reg] wbs_dat_i[4] -> _6406_/D : -0.247332
[hold in-reg] wbs_adr_i[3] -> _6325_/D : -0.246961
[hold in-reg] wbs_dat_i[0] -> _6233_/D : -0.240205
[hold in-reg] wbs_adr_i[0] -> _6841_/D : -0.236131
[hold in-reg] wbs_adr_i[0] -> _6843_/D : -0.235721
[hold in-reg] wbs_dat_i[7] -> _6453_/D : -0.235718
[hold in-reg] wbs_dat_i[8] -> _6401_/D : -0.235636
[hold in-reg] wbs_adr_i[3] -> _6330_/D : -0.235618
[hold in-reg] wbs_dat_i[8] -> _6634_/D : -0.235601
[hold in-reg] wbs_adr_i[3] -> _6331_/D : -0.235501
[hold in-reg] wbs_dat_i[8] -> _6579_/D : -0.235139
[hold in-reg] wbs_dat_i[7] -> _6486_/D : -0.234896
[hold in-reg] wbs_dat_i[8] -> _6410_/D : -0.234842
[hold in-reg] wbs_adr_i[0] -> _6865_/D : -0.233500
[hold in-reg] wbs_dat_i[7] -> _6339_/D : -0.232892
[hold in-reg] wbs_dat_i[7] -> _6388_/D : -0.232828
[hold in-reg] wbs_dat_i[8] -> _6788_/D : -0.232233
[hold in-reg] wbs_adr_i[0] -> _6860_/D : -0.231306
[hold in-reg] wbs_adr_i[0] -> _6867_/D : -0.230054
[hold in-reg] wbs_dat_i[8] -> _6665_/D : -0.229229
[hold in-reg] wbs_dat_i[7] -> _6418_/D : -0.228664
[hold in-reg] wbs_dat_i[8] -> _6806_/D : -0.227890
[hold in-reg] wbs_dat_i[7] -> _6313_/D : -0.227664
[hold in-reg] wbs_dat_i[0] -> _6641_/D : -0.227383
[hold in-reg] wbs_dat_i[8] -> _6208_/D : -0.226787
[hold in-reg] wbs_adr_i[9] -> _6692_/D : -0.225012
[hold in-reg] wbs_dat_i[7] -> _6355_/D : -0.224242
[hold in-reg] wbs_dat_i[0] -> _6348_/D : -0.221694
[hold in-reg] wbs_adr_i[9] -> _6693_/D : -0.220310
[hold in-reg] wbs_dat_i[7] -> _6648_/D : -0.217604
[hold in-reg] wbs_dat_i[1] -> _6870_/D : -0.213733
[hold in-reg] wbs_dat_i[6] -> _6338_/D : -0.210571
[hold in-reg] wbs_dat_i[6] -> _6452_/D : -0.210280
[hold in-reg] wbs_dat_i[6] -> _6354_/D : -0.208051
[hold in-reg] wbs_dat_i[6] -> _6312_/D : -0.207104
[hold in-reg] wbs_dat_i[8] -> _6877_/D : -0.205010
[hold in-reg] wbs_dat_i[8] -> _6487_/D : -0.204305
[hold in-reg] wbs_dat_i[6] -> _6417_/D : -0.203623
[hold in-reg] wbs_dat_i[8] -> _6496_/D : -0.203592
[hold in-reg] wbs_dat_i[6] -> _6387_/D : -0.202782
[hold in-reg] wbs_adr_i[9] -> _6694_/D : -0.202301
[hold in-reg] wbs_dat_i[1] -> _6412_/D : -0.192622
[hold in-reg] wbs_dat_i[1] -> _6307_/D : -0.192102
[hold in-reg] wbs_dat_i[8] -> _6454_/D : -0.191601
[hold in-reg] wbs_dat_i[1] -> _6333_/D : -0.190874
[hold in-reg] wbs_dat_i[1] -> _6820_/D : -0.190128
[hold in-reg] wbs_dat_i[1] -> _6382_/D : -0.189793
[hold in-reg] wbs_dat_i[1] -> _6447_/D : -0.188688
[hold in-reg] wbs_dat_i[8] -> _6356_/D : -0.188555
[hold in-reg] wbs_dat_i[8] -> _6340_/D : -0.187440
[hold in-reg] wbs_dat_i[8] -> _6419_/D : -0.186210
[hold in-reg] wbs_dat_i[1] -> _6829_/D : -0.183451
[hold in-reg] wbs_dat_i[8] -> _6649_/D : -0.183089
[hold in-reg] wbs_dat_i[8] -> _6389_/D : -0.182576
[hold in-reg] wbs_dat_i[8] -> _6314_/D : -0.182547
[hold in-reg] wbs_dat_i[1] -> _6349_/D : -0.181393
[hold in-reg] wbs_adr_i[9] -> _6686_/D : -0.173589
[hold in-reg] wbs_dat_i[2] -> _6871_/D : -0.166510
[hold in-reg] wbs_dat_i[2] -> _6886_/D : -0.153223
[hold in-reg] wbs_adr_i[9] -> _6888_/D : -0.152305
[hold in-reg] wbs_dat_i[2] -> _6830_/D : -0.145303
[hold in-reg] wbs_adr_i[9] -> _6685_/D : -0.134419
[hold in-reg] wbs_adr_i[9] -> _6684_/D : -0.128745
[hold in-reg] wbs_adr_i[9] -> _6691_/D : -0.116797
[hold in-reg] wbs_dat_i[5] -> _6416_/D : -0.109118
[hold in-reg] wbs_dat_i[5] -> _6337_/D : -0.107780
[hold in-reg] wbs_dat_i[5] -> _6386_/D : -0.106906
[hold in-reg] wbs_dat_i[5] -> _6451_/D : -0.105697
[hold in-reg] wbs_dat_i[5] -> _6311_/D : -0.105362
[hold in-reg] wbs_dat_i[5] -> _6238_/D : -0.104311
[hold in-reg] wbs_dat_i[5] -> _6353_/D : -0.103966
[hold in-reg] wbs_dat_i[5] -> _6646_/D : -0.102721
[hold in-reg] wbs_adr_i[9] -> _6683_/D : -0.098015
[hold in-reg] wbs_adr_i[17] -> sram_inst/wbs_stb_i : -0.082225
[hold in-reg] wbs_adr_i[9] -> _6821_/D : -0.081821
[hold in-reg] wbs_adr_i[9] -> _6819_/D : -0.077968
[hold in-reg] wbs_adr_i[9] -> _6823_/D : -0.076741
[hold in-reg] wbs_dat_i[0] -> _6780_/D : -0.069824
[hold in-reg] wbs_dat_i[0] -> _6798_/D : -0.069393
[hold in-reg] wbs_dat_i[0] -> _6789_/D : -0.054736
[hold in-reg] wbs_dat_i[0] -> _6553_/D : -0.054726
[hold in-reg] wbs_dat_i[0] -> _6534_/D : -0.054625
[hold in-reg] wbs_dat_i[6] -> _6206_/D : -0.054464
[hold in-reg] wbs_dat_i[6] -> _6663_/D : -0.050144
[hold in-reg] wbs_dat_i[0] -> _6828_/D : -0.047358
[hold in-reg] wbs_dat_i[0] -> _6580_/D : -0.047028
[hold in-reg] wbs_dat_i[0] -> _6479_/D : -0.046176
[hold in-reg] wbs_dat_i[0] -> _6488_/D : -0.045949
[hold in-reg] wbs_dat_i[6] -> _6795_/D : -0.033454
[hold in-reg] wbs_dat_i[6] -> _6540_/D : -0.033141
[hold in-reg] wbs_dat_i[4] -> _6873_/D : -0.032991
[hold in-reg] wbs_dat_i[6] -> _6494_/D : -0.032526
[hold in-reg] wbs_dat_i[6] -> _6586_/D : -0.031767
[hold in-reg] wbs_dat_i[6] -> _6786_/D : -0.031384
[hold in-reg] wbs_dat_i[6] -> _6559_/D : -0.030822
[hold in-reg] wbs_dat_i[6] -> _6485_/D : -0.029888
[hold in-reg] wbs_dat_i[6] -> _6804_/D : -0.029854
[hold in-reg] wbs_dat_i[4] -> _6832_/D : -0.006107
Writing metric timing__hold_vio__count__corner:nom_tt_025C_1v80: 383
Writing metric timing__hold_r2r__ws__corner:nom_tt_025C_1v80: 0.087196
Writing metric timing__hold_r2r_vio__count__corner:nom_tt_025C_1v80: 0
Writing metric timing__setup_vio__count__corner:nom_tt_025C_1v80: 0
Writing metric timing__setup_r2r__ws__corner:nom_tt_025C_1v80: 17.375257
Writing metric timing__setup_r2r_vio__count__corner:nom_tt_025C_1v80: 0
