Clock: clk
Sources: wb_clk_i 
Generated: no
Virtual: yes
Propagated: no
Period: 25.000000

===========================================================================
report_clock_properties
============================================================================
Clock                   Period          Waveform
----------------------------------------------------
clk                  25.000000    0.000000 12.500000

===========================================================================
report_clock_latency
============================================================================
Clock clk
rise -> rise
    min     max
4.650000 5.570000 source latency
5.359545         network latency sram_inst/wb_clk_i
        7.393754 network latency _6185_/CLK
---------------
10.009545 12.963754 latency
        2.954209 skew

fall -> fall
    min     max
4.650000 5.570000 source latency
5.452330         network latency sram_inst/wb_clk_i
        7.327559 network latency _6185_/CLK
---------------
10.102330 12.897559 latency
        2.795229 skew



===========================================================================
report_clock_min_period
============================================================================
clk period_min = 18.34 fmax = 54.54
