
===========================================================================
Violator List
============================================================================
[hold in-reg] wbs_dat_i[26] -> _6374_/D : -0.540181
[hold in-reg] wbs_dat_i[28] -> _6376_/D : -0.539926
[hold in-reg] wbs_dat_i[27] -> _6438_/D : -0.539921
[hold in-reg] wbs_dat_i[23] -> _6371_/D : -0.539840
[hold in-reg] wbs_dat_i[23] -> _6434_/D : -0.539433
[hold in-reg] wbs_dat_i[26] -> _6437_/D : -0.539101
[hold in-reg] wbs_dat_i[29] -> _6440_/D : -0.538844
[hold in-reg] wbs_dat_i[21] -> _6254_/D : -0.536522
[hold in-reg] wbs_dat_i[25] -> _6373_/D : -0.536069
[hold in-reg] wbs_dat_i[29] -> _6377_/D : -0.535849
[hold in-reg] wbs_dat_i[21] -> _6432_/D : -0.530365
[hold in-reg] wbs_dat_i[14] -> _6425_/D : -0.526460
[hold in-reg] wbs_dat_i[16] -> _6364_/D : -0.524926
[hold in-reg] wbs_dat_i[25] -> _6436_/D : -0.524018
[hold in-reg] wbs_dat_i[25] -> _6258_/D : -0.523739
[hold in-reg] wbs_dat_i[16] -> _6427_/D : -0.522602
[hold in-reg] wbs_dat_i[14] -> _6460_/D : -0.518937
[hold in-reg] wbs_dat_i[14] -> _6362_/D : -0.517896
[hold in-reg] wbs_dat_i[18] -> _6429_/D : -0.515744
[hold in-reg] wbs_dat_i[21] -> _6369_/D : -0.514584
[hold in-reg] wbs_dat_i[24] -> _6372_/D : -0.513033
[hold in-reg] wbs_dat_i[24] -> _6257_/D : -0.512620
[hold in-reg] wbs_dat_i[24] -> _6435_/D : -0.511983
[hold in-reg] wbs_dat_i[20] -> _6431_/D : -0.508406
[hold in-reg] wbs_dat_i[22] -> _6255_/D : -0.506629
[hold in-reg] wbs_dat_i[14] -> _6247_/D : -0.506548
[hold in-reg] wbs_dat_i[18] -> _6366_/D : -0.506379
[hold in-reg] wbs_dat_i[17] -> _6365_/D : -0.504232
[hold in-reg] wbs_dat_i[20] -> _6368_/D : -0.503395
[hold in-reg] wbs_dat_i[22] -> _6433_/D : -0.502982
[hold in-reg] wbs_dat_i[17] -> _6428_/D : -0.502363
[hold in-reg] wbs_dat_i[22] -> _6370_/D : -0.501675
[hold in-reg] wbs_dat_i[27] -> _6375_/D : -0.499764
[hold in-reg] wbs_dat_i[28] -> _6439_/D : -0.499217
[hold in-reg] wbs_dat_i[27] -> _6260_/D : -0.498725
[hold in-reg] wbs_dat_i[19] -> _6430_/D : -0.497269
[hold in-reg] wbs_dat_i[28] -> _6261_/D : -0.497157
[hold in-reg] wbs_dat_i[19] -> _6367_/D : -0.497043
[hold in-reg] wbs_dat_i[20] -> _6253_/D : -0.497020
[hold in-reg] wbs_dat_i[1] -> _6870_/D : -0.496537
[hold in-reg] wbs_dat_i[23] -> _6256_/D : -0.495104
[hold in-reg] wbs_dat_i[29] -> _6262_/D : -0.495102
[hold in-reg] wbs_dat_i[15] -> _6363_/D : -0.494266
[hold in-reg] wbs_dat_i[12] -> _6360_/D : -0.493972
[hold in-reg] wbs_dat_i[31] -> _6379_/D : -0.493692
[hold in-reg] wbs_dat_i[12] -> _6458_/D : -0.493666
[hold in-reg] wbs_dat_i[31] -> _6442_/D : -0.493241
[hold in-reg] wbs_dat_i[12] -> _6423_/D : -0.493182
[hold in-reg] wbs_dat_i[15] -> _6426_/D : -0.490963
[hold in-reg] wbs_dat_i[13] -> _6361_/D : -0.489481
[hold in-reg] wbs_dat_i[30] -> _6378_/D : -0.489163
[hold in-reg] wbs_dat_i[13] -> _6424_/D : -0.488996
[hold in-reg] wbs_dat_i[31] -> _6264_/D : -0.488937
[hold in-reg] wbs_dat_i[26] -> _6259_/D : -0.488362
[hold in-reg] wbs_dat_i[30] -> _6441_/D : -0.488048
[hold in-reg] wbs_dat_i[11] -> _6422_/D : -0.486509
[hold in-reg] wbs_dat_i[15] -> _6461_/D : -0.486005
[hold in-reg] wbs_dat_i[14] -> _6320_/D : -0.485915
[hold in-reg] wbs_dat_i[14] -> _6655_/D : -0.485798
[hold in-reg] wbs_dat_i[19] -> _6252_/D : -0.485214
[hold in-reg] wbs_dat_i[14] -> _6346_/D : -0.484996
[hold in-reg] wbs_dat_i[12] -> _6245_/D : -0.484908
[hold in-reg] wbs_dat_i[11] -> _6457_/D : -0.484844
[hold in-reg] wbs_dat_i[9] -> _6242_/D : -0.484603
[hold in-reg] wbs_dat_i[16] -> _6249_/D : -0.482811
[hold in-reg] wbs_dat_i[30] -> _6263_/D : -0.482324
[hold in-reg] wbs_dat_i[10] -> _6456_/D : -0.482282
[hold in-reg] wbs_dat_i[13] -> _6459_/D : -0.481413
[hold in-reg] wbs_dat_i[10] -> _6358_/D : -0.480660
[hold in-reg] wbs_dat_i[18] -> _6251_/D : -0.479462
[hold in-reg] wbs_dat_i[11] -> _6359_/D : -0.478117
[hold in-reg] wbs_dat_i[12] -> _6344_/D : -0.469743
[hold in-reg] wbs_dat_i[10] -> _6421_/D : -0.469381
[hold in-reg] wbs_dat_i[12] -> _6318_/D : -0.467629
[hold in-reg] wbs_dat_i[17] -> _6250_/D : -0.465018
[hold in-reg] wbs_dat_i[13] -> _6345_/D : -0.464210
[hold in-reg] wbs_dat_i[15] -> _6347_/D : -0.463352
[hold in-reg] wbs_dat_i[15] -> _6321_/D : -0.461988
[hold in-reg] wbs_dat_i[12] -> _6653_/D : -0.461060
[hold in-reg] wbs_dat_i[11] -> _6317_/D : -0.460173
[hold in-reg] wbs_dat_i[13] -> _6319_/D : -0.459954
[hold in-reg] wbs_dat_i[11] -> _6343_/D : -0.459700
[hold in-reg] wbs_dat_i[15] -> _6656_/D : -0.456959
[hold in-reg] wbs_dat_i[10] -> _6342_/D : -0.456820
[hold in-reg] wbs_dat_i[13] -> _6246_/D : -0.456557
[hold in-reg] wbs_dat_i[12] -> _6881_/D : -0.456406
[hold in-reg] wbs_dat_i[15] -> _6248_/D : -0.455874
[hold in-reg] wbs_dat_i[13] -> _6654_/D : -0.453078
[hold in-reg] wbs_dat_i[11] -> _6652_/D : -0.452460
[hold in-reg] wbs_dat_i[11] -> _6244_/D : -0.451006
[hold in-reg] wbs_dat_i[10] -> _6316_/D : -0.450297
[hold in-reg] wbs_dat_i[10] -> _6651_/D : -0.448995
[hold in-reg] wbs_dat_i[11] -> _6880_/D : -0.447882
[hold in-reg] wbs_dat_i[10] -> _6243_/D : -0.447552
[hold in-reg] wbs_dat_i[10] -> _6391_/D : -0.446403
[hold in-reg] wbs_dat_i[13] -> _6882_/D : -0.446037
[hold in-reg] wbs_dat_i[11] -> _6392_/D : -0.445978
[hold in-reg] wbs_dat_i[10] -> _6879_/D : -0.444797
[hold in-reg] wbs_adr_i[8] -> _6854_/D : -0.444566
[hold in-reg] wbs_adr_i[8] -> _6849_/D : -0.439136
[hold in-reg] wbs_adr_i[8] -> _6851_/D : -0.425260
[hold in-reg] wbs_adr_i[8] -> _6852_/D : -0.424838
[hold in-reg] wbs_adr_i[8] -> _6853_/D : -0.424377
[hold in-reg] wbs_adr_i[0] -> _6868_/D : -0.409416
[hold in-reg] wbs_dat_i[5] -> _6844_/D : -0.383655
[hold in-reg] wbs_dat_i[7] -> _6240_/D : -0.379222
[hold in-reg] wbs_adr_i[16] -> _6380_/D : -0.374917
[hold in-reg] wbs_dat_i[6] -> _6845_/D : -0.373804
[hold in-reg] wbs_dat_i[6] -> _6239_/D : -0.369673
[hold in-reg] wbs_dat_i[4] -> _6329_/D : -0.355076
[hold in-reg] wbs_dat_i[8] -> _6241_/D : -0.351405
[hold in-reg] wbs_dat_i[4] -> _6237_/D : -0.349885
[hold in-reg] wbs_dat_i[5] -> _6238_/D : -0.341009
[hold in-reg] wbs_dat_i[5] -> _6330_/D : -0.338777
[hold in-reg] wbs_dat_i[3] -> _6842_/D : -0.332906
[hold in-reg] wbs_dat_i[0] -> _6839_/D : -0.320976
[hold in-reg] wbs_adr_i[8] -> _6814_/D : -0.314671
[hold in-reg] wbs_dat_i[2] -> _6304_/D : -0.310266
[hold in-reg] wbs_dat_i[2] -> _6327_/D : -0.310015
[hold in-reg] wbs_dat_i[2] -> _6235_/D : -0.308211
[hold in-reg] wbs_dat_i[3] -> _6872_/D : -0.307777
[hold in-reg] wbs_dat_i[2] -> _6643_/D : -0.307522
[hold in-reg] wbs_dat_i[9] -> _6357_/D : -0.301195
[hold in-reg] wbs_dat_i[9] -> _6420_/D : -0.300976
[hold in-reg] wbs_dat_i[3] -> _6862_/D : -0.299979
[hold in-reg] wbs_adr_i[8] -> _6809_/D : -0.298595
[hold in-reg] wbs_adr_i[8] -> _6818_/D : -0.298231
[hold in-reg] wbs_adr_i[8] -> _6815_/D : -0.297954
[hold in-reg] wbs_adr_i[8] -> _6812_/D : -0.297583
[hold in-reg] wbs_adr_i[8] -> _6817_/D : -0.297547
[hold in-reg] wbs_adr_i[8] -> _6810_/D : -0.296972
[hold in-reg] wbs_adr_i[8] -> _6811_/D : -0.296824
[hold in-reg] wbs_adr_i[8] -> _6816_/D : -0.296415
[hold in-reg] wbs_adr_i[8] -> _6813_/D : -0.296229
[hold in-reg] wbs_adr_i[8] -> _6444_/D : -0.295286
[hold in-reg] wbs_adr_i[8] -> _6443_/D : -0.294321
[hold in-reg] wbs_adr_i[8] -> _6445_/D : -0.293106
[hold in-reg] wbs_dat_i[3] -> _6858_/D : -0.288421
[hold in-reg] wbs_dat_i[9] -> _6390_/D : -0.287139
[hold in-reg] wbs_dat_i[9] -> _6455_/D : -0.286804
[hold in-reg] wbs_dat_i[2] -> _6202_/D : -0.286403
[hold in-reg] wbs_dat_i[2] -> _6395_/D : -0.284052
[hold in-reg] wbs_dat_i[2] -> _6404_/D : -0.283585
[hold in-reg] wbs_dat_i[3] -> _6887_/D : -0.282721
[hold in-reg] wbs_dat_i[2] -> _6628_/D : -0.282375
[hold in-reg] wbs_dat_i[2] -> _6573_/D : -0.281590
[hold in-reg] wbs_dat_i[9] -> _6848_/D : -0.280949
[hold in-reg] wbs_dat_i[1] -> _6394_/D : -0.280753
[hold in-reg] wbs_dat_i[1] -> _6403_/D : -0.279886
[hold in-reg] wbs_adr_i[8] -> _6855_/D : -0.279659
[hold in-reg] wbs_dat_i[2] -> _6350_/D : -0.278956
[hold in-reg] wbs_adr_i[8] -> _6857_/D : -0.278842
[hold in-reg] wbs_dat_i[1] -> _6658_/D : -0.278693
[hold in-reg] wbs_dat_i[2] -> _6413_/D : -0.278064
[hold in-reg] wbs_dat_i[1] -> _6572_/D : -0.277569
[hold in-reg] wbs_dat_i[1] -> _6627_/D : -0.277513
[hold in-reg] wbs_dat_i[1] -> _6201_/D : -0.277098
[hold in-reg] wbs_dat_i[0] -> _6325_/D : -0.276817
[hold in-reg] wbs_dat_i[0] -> _6233_/D : -0.275311
[hold in-reg] wbs_dat_i[1] -> _6840_/D : -0.274293
[hold in-reg] wbs_dat_i[0] -> _6402_/D : -0.273785
[hold in-reg] wbs_dat_i[0] -> _6641_/D : -0.273346
[hold in-reg] wbs_dat_i[0] -> _6302_/D : -0.273316
[hold in-reg] wbs_dat_i[2] -> _6324_/D : -0.272014
[hold in-reg] wbs_dat_i[0] -> _6626_/D : -0.271764
[hold in-reg] wbs_dat_i[1] -> _6307_/D : -0.271527
[hold in-reg] wbs_dat_i[0] -> _6798_/D : -0.270139
[hold in-reg] wbs_dat_i[0] -> _6200_/D : -0.269799
[hold in-reg] wbs_dat_i[0] -> _6657_/D : -0.268261
[hold in-reg] wbs_dat_i[9] -> _6315_/D : -0.267981
[hold in-reg] wbs_dat_i[0] -> _6571_/D : -0.265648
[hold in-reg] wbs_adr_i[8] -> _6856_/D : -0.265083
[hold in-reg] wbs_dat_i[2] -> _6861_/D : -0.264253
[hold in-reg] wbs_dat_i[1] -> _6885_/D : -0.263690
[hold in-reg] wbs_dat_i[0] -> _6393_/D : -0.263261
[hold in-reg] wbs_dat_i[9] -> _6341_/D : -0.261889
[hold in-reg] wbs_adr_i[3] -> _6467_/D : -0.260973
[hold in-reg] wbs_dat_i[1] -> _6642_/D : -0.260545
[hold in-reg] wbs_adr_i[3] -> _6466_/D : -0.259891
[hold in-reg] wbs_adr_i[3] -> _6465_/D : -0.259257
[hold in-reg] wbs_dat_i[1] -> _6234_/D : -0.258137
[hold in-reg] wbs_dat_i[1] -> _6303_/D : -0.258106
[hold in-reg] wbs_dat_i[9] -> _6878_/D : -0.257745
[hold in-reg] wbs_dat_i[2] -> _6448_/D : -0.257008
[hold in-reg] wbs_dat_i[9] -> _6650_/D : -0.256909
[hold in-reg] wbs_dat_i[2] -> _6334_/D : -0.256020
[hold in-reg] wbs_dat_i[0] -> _6859_/D : -0.255019
[hold in-reg] wbs_adr_i[2] -> _6675_/D : -0.254744
[hold in-reg] wbs_dat_i[2] -> _6308_/D : -0.253952
[hold in-reg] wbs_adr_i[3] -> _6469_/D : -0.253125
[hold in-reg] wbs_dat_i[2] -> _6383_/D : -0.252621
[hold in-reg] wbs_dat_i[0] -> _6322_/D : -0.251814
[hold in-reg] wbs_adr_i[0] -> _6843_/D : -0.250920
[hold in-reg] wbs_adr_i[3] -> _6468_/D : -0.250633
[hold in-reg] wbs_dat_i[0] -> _6411_/D : -0.250493
[hold in-reg] wbs_adr_i[0] -> _6841_/D : -0.250118
[hold in-reg] wbs_adr_i[0] -> _6846_/D : -0.248029
[hold in-reg] wbs_adr_i[0] -> _6847_/D : -0.247524
[hold in-reg] wbs_dat_i[0] -> _6446_/D : -0.247471
[hold in-reg] wbs_adr_i[3] -> _6462_/D : -0.246003
[hold in-reg] wbs_adr_i[0] -> _6323_/D : -0.245719
[hold in-reg] wbs_dat_i[2] -> _6464_/D : -0.245440
[hold in-reg] wbs_adr_i[3] -> _6463_/D : -0.244821
[hold in-reg] wbs_dat_i[0] -> _6332_/D : -0.225766
[hold in-reg] wbs_dat_i[0] -> _6306_/D : -0.225358
[hold in-reg] wbs_dat_i[7] -> _6541_/D : -0.224091
[hold in-reg] wbs_dat_i[7] -> _6495_/D : -0.223978
[hold in-reg] wbs_dat_i[0] -> _6884_/D : -0.223876
[hold in-reg] wbs_dat_i[0] -> _6348_/D : -0.223149
[hold in-reg] wbs_dat_i[0] -> _6381_/D : -0.222510
[hold in-reg] wbs_dat_i[7] -> _6486_/D : -0.221634
[hold in-reg] wbs_dat_i[7] -> _6826_/D : -0.221209
[hold in-reg] wbs_dat_i[7] -> _6835_/D : -0.220401
[hold in-reg] wbs_dat_i[7] -> _6796_/D : -0.220390
[hold in-reg] wbs_dat_i[7] -> _6587_/D : -0.218348
[hold in-reg] wbs_dat_i[7] -> _6560_/D : -0.216147
[hold in-reg] wbs_adr_i[3] -> _6331_/D : -0.209255
[hold in-reg] wbs_adr_i[3] -> _6328_/D : -0.208536
[hold in-reg] wbs_dat_i[8] -> _6561_/D : -0.207967
[hold in-reg] wbs_dat_i[8] -> _6797_/D : -0.207638
[hold in-reg] wbs_dat_i[8] -> _6542_/D : -0.207231
[hold in-reg] wbs_dat_i[8] -> _6496_/D : -0.205123
[hold in-reg] wbs_dat_i[8] -> _6827_/D : -0.202754
[hold in-reg] wbs_dat_i[8] -> _6588_/D : -0.202222
[hold in-reg] wbs_dat_i[8] -> _6836_/D : -0.201493
[hold in-reg] wbs_adr_i[3] -> _6326_/D : -0.200771
[hold in-reg] wbs_dat_i[7] -> _6355_/D : -0.194318
[hold in-reg] wbs_dat_i[7] -> _6388_/D : -0.191243
[hold in-reg] wbs_dat_i[7] -> _6453_/D : -0.190353
[hold in-reg] wbs_dat_i[5] -> _6824_/D : -0.188120
[hold in-reg] wbs_dat_i[7] -> _6418_/D : -0.187526
[hold in-reg] wbs_dat_i[5] -> _6585_/D : -0.184479
[hold in-reg] wbs_dat_i[5] -> _6493_/D : -0.184397
[hold in-reg] wbs_dat_i[5] -> _6539_/D : -0.183878
[hold in-reg] wbs_dat_i[5] -> _6833_/D : -0.183775
[hold in-reg] wbs_dat_i[5] -> _6794_/D : -0.183509
[hold in-reg] wbs_dat_i[5] -> _6558_/D : -0.181448
[hold in-reg] wbs_dat_i[7] -> _6400_/D : -0.178022
[hold in-reg] wbs_dat_i[7] -> _6409_/D : -0.176835
[hold in-reg] wbs_dat_i[7] -> _6207_/D : -0.176580
[hold in-reg] wbs_dat_i[7] -> _6578_/D : -0.175697
[hold in-reg] wbs_dat_i[7] -> _6866_/D : -0.175614
[hold in-reg] wbs_dat_i[7] -> _6664_/D : -0.173239
[hold in-reg] wbs_dat_i[7] -> _6787_/D : -0.171764
[hold in-reg] wbs_dat_i[7] -> _6805_/D : -0.169711
[hold in-reg] wbs_dat_i[6] -> _6577_/D : -0.169201
[hold in-reg] wbs_dat_i[7] -> _6313_/D : -0.168610
[hold in-reg] wbs_dat_i[6] -> _6632_/D : -0.167903
[hold in-reg] wbs_dat_i[6] -> _6408_/D : -0.167453
[hold in-reg] wbs_dat_i[6] -> _6399_/D : -0.167248
[hold in-reg] wbs_dat_i[6] -> _6663_/D : -0.166209
[hold in-reg] wbs_dat_i[7] -> _6339_/D : -0.165992
[hold in-reg] wbs_dat_i[7] -> _6633_/D : -0.164082
[hold in-reg] wbs_dat_i[6] -> _6417_/D : -0.163464
[hold in-reg] wbs_dat_i[7] -> _6648_/D : -0.159659
[hold in-reg] wbs_dat_i[6] -> _6786_/D : -0.159047
[hold in-reg] wbs_dat_i[6] -> _6804_/D : -0.158237
[hold in-reg] wbs_adr_i[2] -> _6682_/D : -0.152935
[hold in-reg] wbs_dat_i[4] -> _6450_/D : -0.152298
[hold in-reg] wbs_adr_i[16] -> _6808_/D : -0.151466
[hold in-reg] wbs_dat_i[7] -> _6876_/D : -0.151050
[hold in-reg] wbs_dat_i[4] -> _6415_/D : -0.149635
[hold in-reg] wbs_dat_i[6] -> _6865_/D : -0.149354
[hold in-reg] wbs_dat_i[4] -> _6661_/D : -0.149177
[hold in-reg] wbs_dat_i[4] -> _6204_/D : -0.149151
[hold in-reg] wbs_dat_i[6] -> _6387_/D : -0.149014
[hold in-reg] wbs_dat_i[4] -> _6873_/D : -0.147947
[hold in-reg] wbs_dat_i[4] -> _6575_/D : -0.145576
[hold in-reg] wbs_dat_i[6] -> _6452_/D : -0.145539
[hold in-reg] wbs_dat_i[4] -> _6630_/D : -0.143637
[hold in-reg] wbs_dat_i[4] -> _6406_/D : -0.143351
[hold in-reg] wbs_dat_i[4] -> _6397_/D : -0.142890
[hold in-reg] wbs_dat_i[6] -> _6354_/D : -0.142323
[hold in-reg] wbs_dat_i[6] -> _6312_/D : -0.141860
[hold in-reg] wbs_dat_i[6] -> _6338_/D : -0.139815
[hold in-reg] wbs_dat_i[8] -> _6454_/D : -0.138645
[hold in-reg] wbs_dat_i[8] -> _6419_/D : -0.136023
[hold in-reg] wbs_dat_i[6] -> _6647_/D : -0.134978
[hold in-reg] wbs_dat_i[4] -> _6863_/D : -0.134963
[hold in-reg] wbs_dat_i[4] -> _6385_/D : -0.133627
[hold in-reg] wbs_dat_i[8] -> _6806_/D : -0.131358
[hold in-reg] wbs_dat_i[8] -> _6487_/D : -0.131142
[hold in-reg] wbs_dat_i[8] -> _6788_/D : -0.130521
[hold in-reg] wbs_dat_i[8] -> _6410_/D : -0.129651
[hold in-reg] wbs_dat_i[8] -> _6401_/D : -0.129569
[hold in-reg] wbs_dat_i[8] -> _6665_/D : -0.129420
[hold in-reg] wbs_dat_i[4] -> _6336_/D : -0.129278
[hold in-reg] wbs_dat_i[5] -> _6398_/D : -0.128743
[hold in-reg] wbs_dat_i[8] -> _6634_/D : -0.128322
[hold in-reg] wbs_dat_i[4] -> _6888_/D : -0.128227
[hold in-reg] wbs_dat_i[3] -> _6660_/D : -0.128186
[hold in-reg] wbs_dat_i[5] -> _6407_/D : -0.127995
[hold in-reg] wbs_dat_i[8] -> _6579_/D : -0.127941
[hold in-reg] wbs_dat_i[5] -> _6484_/D : -0.127738
[hold in-reg] wbs_dat_i[3] -> _6822_/D : -0.127720
[hold in-reg] wbs_dat_i[5] -> _6576_/D : -0.127257
[hold in-reg] wbs_dat_i[4] -> _6310_/D : -0.126588
[hold in-reg] wbs_dat_i[3] -> _6583_/D : -0.125767
[hold in-reg] wbs_dat_i[3] -> _6556_/D : -0.125652
[hold in-reg] wbs_dat_i[4] -> _6352_/D : -0.125604
[hold in-reg] wbs_dat_i[3] -> _6792_/D : -0.125596
[hold in-reg] wbs_adr_i[0] -> _6860_/D : -0.124267
[hold in-reg] wbs_dat_i[8] -> _6208_/D : -0.123696
[hold in-reg] wbs_dat_i[8] -> _6867_/D : -0.123646
[hold in-reg] wbs_adr_i[0] -> _6864_/D : -0.123069
[hold in-reg] wbs_dat_i[4] -> _6645_/D : -0.122988
[hold in-reg] wbs_dat_i[3] -> _6831_/D : -0.122072
[hold in-reg] wbs_dat_i[5] -> _6662_/D : -0.121954
[hold in-reg] wbs_dat_i[5] -> _6205_/D : -0.121766
[hold in-reg] wbs_dat_i[8] -> _6356_/D : -0.121750
[hold in-reg] wbs_dat_i[5] -> _6803_/D : -0.120441
[hold in-reg] wbs_dat_i[5] -> _6785_/D : -0.120357
[hold in-reg] wbs_dat_i[8] -> _6314_/D : -0.118375
[hold in-reg] wbs_dat_i[8] -> _6340_/D : -0.117698
[hold in-reg] wbs_dat_i[8] -> _6389_/D : -0.114696
[hold in-reg] wbs_dat_i[5] -> _6631_/D : -0.114351
[hold in-reg] wbs_dat_i[8] -> _6649_/D : -0.113146
[hold in-reg] wbs_adr_i[8] -> _6692_/D : -0.109882
[hold in-reg] wbs_dat_i[8] -> _6877_/D : -0.109359
[hold in-reg] wbs_adr_i[8] -> _6693_/D : -0.106080
[hold in-reg] wbs_dat_i[5] -> _6386_/D : -0.102206
[hold in-reg] wbs_dat_i[5] -> _6874_/D : -0.102056
[hold in-reg] wbs_dat_i[5] -> _6451_/D : -0.101772
[hold in-reg] wbs_dat_i[5] -> _6416_/D : -0.100190
[hold in-reg] wbs_dat_i[5] -> _6353_/D : -0.097685
[hold in-reg] wbs_dat_i[5] -> _6311_/D : -0.096721
[hold in-reg] wbs_dat_i[5] -> _6337_/D : -0.096018
[hold in-reg] wbs_dat_i[5] -> _6646_/D : -0.093612
[hold in-reg] wbs_adr_i[8] -> _6694_/D : -0.090346
[hold in-reg] wbs_dat_i[3] -> _6414_/D : -0.079495
[hold in-reg] wbs_dat_i[3] -> _6351_/D : -0.077514
[hold in-reg] wbs_dat_i[3] -> _6783_/D : -0.077494
[hold in-reg] wbs_dat_i[3] -> _6491_/D : -0.077161
[hold in-reg] wbs_dat_i[3] -> _6405_/D : -0.076874
[hold in-reg] wbs_dat_i[3] -> _6203_/D : -0.075843
[hold in-reg] wbs_dat_i[3] -> _6801_/D : -0.075843
[hold in-reg] wbs_dat_i[3] -> _6629_/D : -0.074950
[hold in-reg] wbs_dat_i[3] -> _6384_/D : -0.074582
[hold in-reg] wbs_dat_i[3] -> _6574_/D : -0.074473
[hold in-reg] wbs_dat_i[3] -> _6396_/D : -0.073511
[hold in-reg] wbs_dat_i[3] -> _6482_/D : -0.073477
[hold in-reg] wbs_dat_i[3] -> _6537_/D : -0.070638
[hold in-reg] wbs_dat_i[0] -> _6488_/D : -0.060382
[hold in-reg] wbs_adr_i[0] -> _6335_/D : -0.060056
[hold in-reg] wbs_adr_i[0] -> _6333_/D : -0.059727
[hold in-reg] wbs_dat_i[0] -> _6534_/D : -0.058339
[hold in-reg] wbs_dat_i[0] -> _6553_/D : -0.057973
[hold in-reg] wbs_dat_i[1] -> _6489_/D : -0.057910
[hold in-reg] wbs_dat_i[0] -> _6819_/D : -0.057406
[hold in-reg] wbs_dat_i[1] -> _6790_/D : -0.055840
[hold in-reg] wbs_dat_i[1] -> _6554_/D : -0.055746
[hold in-reg] wbs_dat_i[1] -> _6820_/D : -0.055721
[hold in-reg] wbs_dat_i[1] -> _6535_/D : -0.055710
[hold in-reg] wbs_dat_i[3] -> _6449_/D : -0.055405
[hold in-reg] wbs_dat_i[0] -> _6479_/D : -0.055116
[hold in-reg] wbs_dat_i[0] -> _6580_/D : -0.054953
[hold in-reg] wbs_dat_i[1] -> _6799_/D : -0.054870
[hold in-reg] wbs_dat_i[1] -> _6781_/D : -0.054413
[hold in-reg] wbs_dat_i[0] -> _6789_/D : -0.054380
[hold in-reg] wbs_dat_i[1] -> _6480_/D : -0.054064
[hold in-reg] wbs_dat_i[2] -> _6830_/D : -0.053971
[hold in-reg] wbs_dat_i[0] -> _6828_/D : -0.053827
[hold in-reg] wbs_dat_i[1] -> _6581_/D : -0.052920
[hold in-reg] wbs_dat_i[1] -> _6829_/D : -0.052462
[hold in-reg] wbs_dat_i[3] -> _6644_/D : -0.051916
[hold in-reg] wbs_dat_i[3] -> _6309_/D : -0.051691
[hold in-reg] wbs_dat_i[0] -> _6780_/D : -0.051052
[hold in-reg] wbs_dat_i[3] -> _6236_/D : -0.049069
[hold in-reg] wbs_dat_i[1] -> _6349_/D : -0.044853
[hold in-reg] wbs_dat_i[1] -> _6447_/D : -0.043623
[hold in-reg] wbs_dat_i[1] -> _6412_/D : -0.043441
[hold in-reg] wbs_dat_i[2] -> _6871_/D : -0.035350
[hold in-reg] wbs_dat_i[0] -> _6869_/D : -0.032697
[hold in-reg] wbs_adr_i[2] -> _6686_/D : -0.031022
[hold in-reg] wbs_dat_i[2] -> _6886_/D : -0.023807
[hold in-reg] wbs_adr_i[2] -> _6684_/D : -0.020880
[hold in-reg] wbs_dat_i[1] -> _6382_/D : -0.019675
[hold in-reg] wbs_adr_i[2] -> _6683_/D : -0.005492
Writing metric timing__hold_vio__count__corner:nom_tt_025C_1v80: 378
Writing metric timing__hold_r2r__ws__corner:nom_tt_025C_1v80: 0.086387
Writing metric timing__hold_r2r_vio__count__corner:nom_tt_025C_1v80: 0
Writing metric timing__setup_vio__count__corner:nom_tt_025C_1v80: 0
Writing metric timing__setup_r2r__ws__corner:nom_tt_025C_1v80: 17.409910
Writing metric timing__setup_r2r_vio__count__corner:nom_tt_025C_1v80: 0
