144. Printing statistics.

=== user_project ===

   Number of wires:               3630
   Number of wire bits:           4454
   Number of public wires:         142
   Number of public wire bits:     966
   Number of ports:                 14
   Number of port bits:            112
   Number of memories:               0
   Number of memory bits:            0
   Number of processes:              0
   Number of cells:               4338
     $_ANDNOT_                     763
     $_AND_                         74
     $_DFFE_PP0P_                  393
     $_DFFE_PP1P_                   23
     $_DFFE_PP_                    288
     $_DFF_PP0_                     44
     $_DFF_PP1_                      3
     $_DFF_P_                        3
     $_MUX_                        854
     $_NAND_                       113
     $_NOR_                        120
     $_NOT_                        469
     $_ORNOT_                       95
     $_OR_                         703
     $_SDFFCE_PP0P_                  1
     $_XNOR_                        45
     $_XOR_                        346
     CF_SRAM_1024x32_wb_wrapper      1

   Area for cell type $_NOT_ is unknown!
   Area for cell type $_AND_ is unknown!
   Area for cell type $_NAND_ is unknown!
   Area for cell type $_OR_ is unknown!
   Area for cell type $_NOR_ is unknown!
   Area for cell type $_XOR_ is unknown!
   Area for cell type $_XNOR_ is unknown!
   Area for cell type $_ANDNOT_ is unknown!
   Area for cell type $_ORNOT_ is unknown!
   Area for cell type $_MUX_ is unknown!
   Area for cell type $_DFF_P_ is unknown!
   Area for cell type $_DFFE_PP_ is unknown!
   Area for cell type $_DFF_PP0_ is unknown!
   Area for cell type $_DFF_PP1_ is unknown!
   Area for cell type $_DFFE_PP0P_ is unknown!
   Area for cell type $_DFFE_PP1P_ is unknown!
   Area for cell type $_SDFFCE_PP0P_ is unknown!
   Area for cell type \CF_SRAM_1024x32_wb_wrapper is unknown!

