Clock: clk
Sources: wb_clk_i 
Generated: no
Virtual: yes
Propagated: no
Period: 25.000000

===========================================================================
report_clock_properties
============================================================================
Clock                   Period          Waveform
----------------------------------------------------
clk                  25.000000    0.000000 12.500000

===========================================================================
report_clock_latency
============================================================================
Clock clk
rise -> rise
    min     max
4.650000 5.570000 source latency
5.595342         network latency mprj/_6645_/CLK
        6.636827 network latency mprj/_6185_/CLK
---------------
10.245341 12.206826 latency
        1.961484 skew

fall -> fall
    min     max
4.650000 5.570000 source latency
5.665497         network latency mprj/_6645_/CLK
        6.666237 network latency mprj/_6185_/CLK
---------------
10.315496 12.236238 latency
        1.920741 skew



===========================================================================
report_clock_min_period
============================================================================
clk period_min = 8.09 fmax = 123.58
