Reading timing models for corner nom_tt_025C_1v80…
Reading timing library for the 'nom_tt_025C_1v80' corner at '/nc/apps/pdk/ciel/sky130/versions/0fe599b2afb6708d281543108caf8310912f54af/sky130A/libs.ref/sky130_fd_sc_hd/lib/sky130_fd_sc_hd__tt_025C_1v80.lib'…
Reading timing library for the 'nom_tt_025C_1v80' corner at '/workspace/peripheral-example/ip/CF_SRAM_1024x32/lib/CF_SRAM_1024x32_wb_wrapper.lib'…
Reading timing models for corner nom_ff_n40C_1v95…
Reading timing library for the 'nom_ff_n40C_1v95' corner at '/nc/apps/pdk/ciel/sky130/versions/0fe599b2afb6708d281543108caf8310912f54af/sky130A/libs.ref/sky130_fd_sc_hd/lib/sky130_fd_sc_hd__ff_n40C_1v95.lib'…
Reading timing library for the 'nom_ff_n40C_1v95' corner at '/workspace/peripheral-example/ip/CF_SRAM_1024x32/lib/CF_SRAM_1024x32_wb_wrapper.lib'…
[WARNING STA-1140] /workspace/peripheral-example/ip/CF_SRAM_1024x32/lib/CF_SRAM_1024x32_wb_wrapper.lib line 1, library CF_SRAM_1024x32_wb_wrapper already exists.
Reading timing models for corner nom_ss_100C_1v60…
Reading timing library for the 'nom_ss_100C_1v60' corner at '/nc/apps/pdk/ciel/sky130/versions/0fe599b2afb6708d281543108caf8310912f54af/sky130A/libs.ref/sky130_fd_sc_hd/lib/sky130_fd_sc_hd__ss_100C_1v60.lib'…
Reading timing library for the 'nom_ss_100C_1v60' corner at '/workspace/peripheral-example/ip/CF_SRAM_1024x32/lib/CF_SRAM_1024x32_wb_wrapper.lib'…
[WARNING STA-1140] /workspace/peripheral-example/ip/CF_SRAM_1024x32/lib/CF_SRAM_1024x32_wb_wrapper.lib line 1, library CF_SRAM_1024x32_wb_wrapper already exists.
Reading OpenROAD database at '/workspace/peripheral-example/openlane/user_project/runs/RUN_2025-10-27_22-48-06/27-openroad-globalplacement/user_project.odb'…
Reading design constraints file at '/workspace/peripheral-example/openlane/user_project/signoff.sdc'…
[INFO]: Creating clock {clk} for port wb_clk_i with period: 25
[INFO]: Setting clock uncertainity to: 0.25
[INFO]: Setting clock transition to: 0.1499999999999999944488848768742172978818416595458984375
[INFO]: Setting maximum transition to: 0.75
[INFO]: Setting maximum fanout to: 10
[INFO]: Setting timing derate to: 0 %
[INFO]: Setting clock latency range: 4.65 : 5.57
[INFO]: Setting clock transition: 0.61
[WARNING STA-0366] port 'la_data_in[*]' not found.
[WARNING STA-0366] port 'la_oenb[*]' not found.
[WARNING STA-0366] port 'la_data_in[*]' not found.
[WARNING STA-0366] port 'la_oenb[*]' not found.
[WARNING STA-0366] port 'io_in[*]' not found.
[WARNING STA-0366] port 'la_data_in[*]' not found.
[WARNING STA-0366] port 'la_oenb[*]' not found.
[WARNING STA-0366] port 'io_in[*]' not found.
[WARNING STA-0366] port 'la_oenb[*]' not found.
[WARNING STA-0366] port 'la_data_in[*]' not found.
[WARNING STA-0366] port 'la_data_out[*]' not found.
[WARNING STA-0366] port 'la_data_out[*]' not found.
[INFO] Setting RC values…
[INFO RSZ-0027] Inserted 73 input buffers.
[INFO RSZ-0028] Inserted 37 output buffers.
[INFO RSZ-0058] Using max wire length 6335um.
Iteration | Resized | Buffers | Nets repaired | Remaining
---------------------------------------------------------
        0 |       0 |       0 |             0 |      4139
      100 |      63 |       0 |             0 |      4039
      200 |     124 |       4 |             1 |      3939
      300 |     128 |       4 |             1 |      3839
      400 |     201 |       4 |             1 |      3739
      500 |     279 |       6 |             2 |      3639
      600 |     364 |       6 |             2 |      3539
      700 |     394 |       6 |             3 |      3439
      800 |     425 |       7 |             4 |      3339
      900 |     521 |      11 |             5 |      3239
     1000 |     609 |      15 |             6 |      3139
     1100 |     689 |      21 |             9 |      3039
     1200 |     780 |      32 |            15 |      2939
     1300 |     873 |      35 |            17 |      2839
     1400 |     885 |      38 |            19 |      2739
     1500 |     928 |      44 |            22 |      2639
     1600 |    1019 |      44 |            22 |      2539
     1700 |    1094 |      53 |            26 |      2439
     1800 |    1141 |      57 |            28 |      2339
     1900 |    1200 |      58 |            29 |      2239
     2000 |    1304 |      76 |            36 |      2139
     2100 |    1416 |      96 |            43 |      2039
     2200 |    1521 |     106 |            47 |      1939
     2300 |    1627 |     118 |            51 |      1839
     2400 |    1707 |     130 |            55 |      1739
     2500 |    1819 |     155 |            62 |      1639
     2600 |    1914 |     158 |            63 |      1539
     2700 |    1942 |     167 |            68 |      1439
     2800 |    2043 |     171 |            70 |      1339
     2900 |    2144 |     188 |            76 |      1239
     3000 |    2242 |     188 |            76 |      1139
     3100 |    2342 |     188 |            76 |      1039
     3200 |    2433 |     188 |            76 |       939
     3300 |    2544 |     210 |            94 |       839
     3400 |    2643 |     217 |            99 |       739
     3500 |    2682 |     219 |           163 |       639
     3600 |    2682 |     219 |           263 |       539
     3700 |    2682 |     219 |           363 |       439
     3800 |    2682 |     219 |           463 |       339
     3900 |    2683 |     220 |           563 |       239
     4000 |    2871 |     326 |           583 |       139
     4100 |    2871 |     326 |           641 |        39
    final |    2871 |     326 |           641 |         0
---------------------------------------------------------
[INFO RSZ-0034] Found 532 slew violations.
[INFO RSZ-0035] Found 109 fanout violations.
[INFO RSZ-0038] Inserted 326 buffers in 641 nets.
[INFO RSZ-0039] Resized 2871 instances.
[INFO RSZ-0042] Inserted 3 tie sky130_fd_sc_hd__conb_1 instances.
[INFO RSZ-0042] Inserted 36 tie sky130_fd_sc_hd__conb_1 instances.
Placement Analysis
---------------------------------
total displacement       9132.5 u
average displacement        0.9 u
max displacement           49.5 u
original HPWL          157418.8 u
legalized HPWL         164709.0 u
delta HPWL                    5 %

[INFO DPL-0020] Mirrored 1371 instances
[INFO DPL-0021] HPWL before          164709.0 u
[INFO DPL-0022] HPWL after           162686.2 u
[INFO DPL-0023] HPWL delta               -1.2 %
[INFO] Setting RC values…
Setting global connections for newly added cells…
[INFO] Setting global connections...
sram_inst matched with sram_inst
Updating metrics…
Cell type report:                       Count       Area
  Macro                                     1  165300.00
  Fill cell                               872    3273.14
  Tap cell                               4884    6110.86
  Buffer                                    2       8.76
  Timing Repair Buffer                    436    3428.29
  Inverter                                557    2090.76
  Sequential cell                         755   17760.78
  Multi-Input combinational cell         2569   22607.93
  Total                                 10076  220580.52
Writing OpenROAD database to '/workspace/peripheral-example/openlane/user_project/runs/RUN_2025-10-27_22-48-06/31-openroad-repairdesignpostgpl/user_project.odb'…
Writing netlist to '/workspace/peripheral-example/openlane/user_project/runs/RUN_2025-10-27_22-48-06/31-openroad-repairdesignpostgpl/user_project.nl.v'…
Writing powered netlist to '/workspace/peripheral-example/openlane/user_project/runs/RUN_2025-10-27_22-48-06/31-openroad-repairdesignpostgpl/user_project.pnl.v'…
Writing layout to '/workspace/peripheral-example/openlane/user_project/runs/RUN_2025-10-27_22-48-06/31-openroad-repairdesignpostgpl/user_project.def'…
Writing timing constraints to '/workspace/peripheral-example/openlane/user_project/runs/RUN_2025-10-27_22-48-06/31-openroad-repairdesignpostgpl/user_project.sdc'…
