Clock: clk
Sources: wb_clk_i 
Generated: no
Virtual: yes
Propagated: no
Period: 25.000000

===========================================================================
report_clock_properties
============================================================================
Clock                   Period          Waveform
----------------------------------------------------
clk                  25.000000    0.000000 12.500000

===========================================================================
report_clock_latency
============================================================================
Clock clk
rise -> rise
    min     max
4.650000 5.570000 source latency
5.363959         network latency sram_inst/wb_clk_i
        7.428464 network latency _6147_/CLK
---------------
10.013959 12.998465 latency
        2.984506 skew

fall -> fall
    min     max
4.650000 5.570000 source latency
5.457379         network latency sram_inst/wb_clk_i
        7.350881 network latency _6147_/CLK
---------------
10.107378 12.920880 latency
        2.813502 skew



===========================================================================
report_clock_min_period
============================================================================
clk period_min = 18.24 fmax = 54.82
