Clock: clk
Sources: wb_clk_i 
Generated: no
Virtual: yes
Propagated: no
Period: 25.000000

===========================================================================
report_clock_properties
============================================================================
Clock                   Period          Waveform
----------------------------------------------------
clk                  25.000000    0.000000 12.500000

===========================================================================
report_clock_latency
============================================================================
Clock clk
rise -> rise
    min     max
4.650000 5.570000 source latency
5.370529         network latency sram_inst/wb_clk_i
        7.482051 network latency _6147_/CLK
---------------
10.020529 13.052051 latency
        3.031522 skew

fall -> fall
    min     max
4.650000 5.570000 source latency
5.464189         network latency sram_inst/wb_clk_i
        7.393167 network latency _6147_/CLK
---------------
10.114189 12.963167 latency
        2.848978 skew



===========================================================================
report_clock_min_period
============================================================================
clk period_min = 18.37 fmax = 54.44
