Clock: clk
Sources: wb_clk_i 
Generated: no
Virtual: yes
Propagated: no
Period: 25.000000

===========================================================================
report_clock_properties
============================================================================
Clock                   Period          Waveform
----------------------------------------------------
clk                  25.000000    0.000000 12.500000

===========================================================================
report_clock_latency
============================================================================
Clock clk
rise -> rise
    min     max
4.650000 5.570000 source latency
5.267504         network latency _6256_/CLK
        5.819160 network latency sram_inst/wb_clk_i
---------------
9.917503 11.389160 latency
        1.471657 skew

fall -> fall
    min     max
4.650000 5.570000 source latency
5.387788         network latency _6256_/CLK
        5.982351 network latency sram_inst/wb_clk_i
---------------
10.037787 11.552350 latency
        1.514563 skew



===========================================================================
report_clock_min_period
============================================================================
clk period_min = 4.75 fmax = 210.35
