Clock: clk
Sources: wb_clk_i 
Generated: no
Virtual: yes
Propagated: no
Period: 25.000000

===========================================================================
report_clock_properties
============================================================================
Clock                   Period          Waveform
----------------------------------------------------
clk                  25.000000    0.000000 12.500000

===========================================================================
report_clock_latency
============================================================================
Clock clk
rise -> rise
    min     max
4.650000 5.570000 source latency
6.113197         network latency _6240_/CLK
        7.597345 network latency sram_inst/_45_/CLK
---------------
10.763197 13.167345 latency
        2.404148 skew

fall -> fall
    min     max
4.650000 5.570000 source latency
6.055098         network latency _6240_/CLK
        7.555427 network latency sram_inst/_45_/CLK
---------------
10.705097 13.125426 latency
        2.420329 skew



===========================================================================
report_clock_min_period
============================================================================
clk period_min = 18.02 fmax = 55.49
