[WARNING ORD-0039] .openroad ignored with -python
Unannotated report:
['report_parasitic_annotation -report_unannotated\n',
 '============================================================================\n',
 'Found 320 unannotated drivers.\n',
 ' clkload0/X\n',
 ' clkload1/Y\n',
 ' clkload10/Y\n',
 ' clkload11/Y\n',
 ' clkload12/Y\n',
 ' clkload13/Y\n',
 ' clkload14/Y\n',
 ' clkload15/Y\n',
 ' clkload16/Y\n',
 ' clkload17/Y\n',
 ' clkload18/Y\n',
 ' clkload19/Y\n',
 ' clkload2/Y\n',
 ' clkload20/Y\n',
 ' clkload21/X\n',
 ' clkload22/Y\n',
 ' clkload23/Y\n',
 ' clkload24/Y\n',
 ' clkload25/Y\n',
 ' clkload26/Y\n',
 ' clkload27/Y\n',
 ' clkload28/Y\n',
 ' clkload29/X\n',
 ' clkload3/Y\n',
 ' clkload30/Y\n',
 ' clkload31/Y\n',
 ' clkload32/Y\n',
 ' clkload33/Y\n',
 ' clkload34/Y\n',
 ' clkload35/Y\n',
 ' clkload36/Y\n',
 ' clkload37/Y\n',
 ' clkload38/Y\n',
 ' clkload39/Y\n',
 ' clkload4/Y\n',
 ' clkload40/X\n',
 ' clkload41/Y\n',
 ' clkload42/Y\n',
 ' clkload43/Y\n',
 ' clkload44/Y\n',
 ' clkload45/Y\n',
 ' clkload46/Y\n',
 ' clkload47/Y\n',
 ' clkload48/Y\n',
 ' clkload49/Y\n',
 ' clkload5/Y\n',
 ' clkload50/Y\n',
 ' clkload51/Y\n',
 ' clkload52/Y\n',
 ' clkload53/Y\n',
 ' clkload54/Y\n',
 ' clkload55/Y\n',
 ' clkload56/Y\n',
 ' clkload57/Y\n',
 ' clkload58/Y\n',
 ' clkload59/Y\n',
 ' clkload6/Y\n',
 ' clkload60/Y\n',
 ' clkload61/X\n',
 ' clkload62/Y\n',
 ' clkload63/Y\n',
 ' clkload64/X\n',
 ' clkload65/Y\n',
 ' clkload66/Y\n',
 ' clkload7/Y\n',
 ' clkload8/Y\n',
 ' clkload9/Y\n',
 ' sram_inst/_10_/Y\n',
 ' sram_inst/_11_/Y\n',
 ' sram_inst/_12_/X\n',
 ' sram_inst/_13_/X\n',
 ' sram_inst/_14_/X\n',
 ' sram_inst/_15_/X\n',
 ' sram_inst/_16_/X\n',
 ' sram_inst/_17_/X\n',
 ' sram_inst/_18_/X\n',
 ' sram_inst/_19_/X\n',
 ' sram_inst/_20_/X\n',
 ' sram_inst/_21_/X\n',
 ' sram_inst/_22_/X\n',
 ' sram_inst/_23_/X\n',
 ' sram_inst/_24_/X\n',
 ' sram_inst/_25_/X\n',
 ' sram_inst/_26_/X\n',
 ' sram_inst/_27_/X\n',
 ' sram_inst/_28_/X\n',
 ' sram_inst/_29_/X\n',
 ' sram_inst/_30_/X\n',
 ' sram_inst/_31_/X\n',
 ' sram_inst/_32_/X\n',
 ' sram_inst/_33_/X\n',
 ' sram_inst/_34_/X\n',
 ' sram_inst/_35_/X\n',
 ' sram_inst/_36_/X\n',
 ' sram_inst/_37_/X\n',
 ' sram_inst/_38_/X\n',
 ' sram_inst/_39_/X\n',
 ' sram_inst/_40_/X\n',
 ' sram_inst/_41_/X\n',
 ' sram_inst/_42_/X\n',
 ' sram_inst/_43_/X\n',
 ' sram_inst/_44_/X\n',
 ' sram_inst/_45_/Q\n',
 ' sram_inst/clkbuf_0_wb_clk_i/X\n',
 ' sram_inst/clkbuf_1_0__f_wb_clk_i/X\n',
 ' sram_inst/clkbuf_1_1__f_wb_clk_i/X\n',
 ' sram_inst/clkload0/Y\n',
 ' sram_inst/fanout84/X\n',
 ' sram_inst/fanout85/X\n',
 ' sram_inst/fanout86/X\n',
 ' sram_inst/fanout87/X\n',
 ' sram_inst/fanout88/X\n',
 ' sram_inst/fanout89/X\n',
 ' sram_inst/hold1/X\n',
 ' sram_inst/hold10/X\n',
 ' sram_inst/hold100/X\n',
 ' sram_inst/hold101/X\n',
 ' sram_inst/hold102/X\n',
 ' sram_inst/hold103/X\n',
 ' sram_inst/hold104/X\n',
 ' sram_inst/hold105/X\n',
 ' sram_inst/hold106/X\n',
 ' sram_inst/hold107/X\n',
 ' sram_inst/hold108/X\n',
 ' sram_inst/hold109/X\n',
 ' sram_inst/hold11/X\n',
 ' sram_inst/hold110/X\n',
 ' sram_inst/hold111/X\n',
 ' sram_inst/hold112/X\n',
 ' sram_inst/hold113/X\n',
 ' sram_inst/hold114/X\n',
 ' sram_inst/hold115/X\n',
 ' sram_inst/hold116/X\n',
 ' sram_inst/hold117/X\n',
 ' sram_inst/hold118/X\n',
 ' sram_inst/hold119/X\n',
 ' sram_inst/hold12/X\n',
 ' sram_inst/hold120/X\n',
 ' sram_inst/hold121/X\n',
 ' sram_inst/hold122/X\n',
 ' sram_inst/hold123/X\n',
 ' sram_inst/hold124/X\n',
 ' sram_inst/hold125/X\n',
 ' sram_inst/hold126/X\n',
 ' sram_inst/hold127/X\n',
 ' sram_inst/hold128/X\n',
 ' sram_inst/hold129/X\n',
 ' sram_inst/hold13/X\n',
 ' sram_inst/hold130/X\n',
 ' sram_inst/hold131/X\n',
 ' sram_inst/hold132/X\n',
 ' sram_inst/hold133/X\n',
 ' sram_inst/hold134/X\n',
 ' sram_inst/hold135/X\n',
 ' sram_inst/hold136/X\n',
 ' sram_inst/hold137/X\n',
 ' sram_inst/hold138/X\n',
 ' sram_inst/hold14/X\n',
 ' sram_inst/hold15/X\n',
 ' sram_inst/hold16/X\n',
 ' sram_inst/hold17/X\n',
 ' sram_inst/hold18/X\n',
 ' sram_inst/hold19/X\n',
 ' sram_inst/hold2/X\n',
 ' sram_inst/hold20/X\n',
 ' sram_inst/hold21/X\n',
 ' sram_inst/hold22/X\n',
 ' sram_inst/hold23/X\n',
 ' sram_inst/hold24/X\n',
 ' sram_inst/hold25/X\n',
 ' sram_inst/hold26/X\n',
 ' sram_inst/hold27/X\n',
 ' sram_inst/hold28/X\n',
 ' sram_inst/hold29/X\n',
 ' sram_inst/hold3/X\n',
 ' sram_inst/hold30/X\n',
 ' sram_inst/hold31/X\n',
 ' sram_inst/hold32/X\n',
 ' sram_inst/hold33/X\n',
 ' sram_inst/hold34/X\n',
 ' sram_inst/hold35/X\n',
 ' sram_inst/hold36/X\n',
 ' sram_inst/hold37/X\n',
 ' sram_inst/hold38/X\n',
 ' sram_inst/hold39/X\n',
 ' sram_inst/hold4/X\n',
 ' sram_inst/hold40/X\n',
 ' sram_inst/hold41/X\n',
 ' sram_inst/hold42/X\n',
 ' sram_inst/hold43/X\n',
 ' sram_inst/hold44/X\n',
 ' sram_inst/hold45/X\n',
 ' sram_inst/hold46/X\n',
 ' sram_inst/hold47/X\n',
 ' sram_inst/hold48/X\n',
 ' sram_inst/hold49/X\n',
 ' sram_inst/hold5/X\n',
 ' sram_inst/hold50/X\n',
 ' sram_inst/hold51/X\n',
 ' sram_inst/hold52/X\n',
 ' sram_inst/hold53/X\n',
 ' sram_inst/hold54/X\n',
 ' sram_inst/hold55/X\n',
 ' sram_inst/hold56/X\n',
 ' sram_inst/hold57/X\n',
 ' sram_inst/hold58/X\n',
 ' sram_inst/hold59/X\n',
 ' sram_inst/hold6/X\n',
 ' sram_inst/hold60/X\n',
 ' sram_inst/hold61/X\n',
 ' sram_inst/hold62/X\n',
 ' sram_inst/hold63/X\n',
 ' sram_inst/hold64/X\n',
 ' sram_inst/hold65/X\n',
 ' sram_inst/hold66/X\n',
 ' sram_inst/hold67/X\n',
 ' sram_inst/hold68/X\n',
 ' sram_inst/hold69/X\n',
 ' sram_inst/hold7/X\n',
 ' sram_inst/hold70/X\n',
 ' sram_inst/hold71/X\n',
 ' sram_inst/hold72/X\n',
 ' sram_inst/hold73/X\n',
 ' sram_inst/hold74/X\n',
 ' sram_inst/hold75/X\n',
 ' sram_inst/hold76/X\n',
 ' sram_inst/hold77/X\n',
 ' sram_inst/hold78/X\n',
 ' sram_inst/hold79/X\n',
 ' sram_inst/hold8/X\n',
 ' sram_inst/hold80/X\n',
 ' sram_inst/hold81/X\n',
 ' sram_inst/hold82/X\n',
 ' sram_inst/hold83/X\n',
 ' sram_inst/hold84/X\n',
 ' sram_inst/hold85/X\n',
 ' sram_inst/hold86/X\n',
 ' sram_inst/hold87/X\n',
 ' sram_inst/hold88/X\n',
 ' sram_inst/hold89/X\n',
 ' sram_inst/hold9/X\n',
 ' sram_inst/hold90/X\n',
 ' sram_inst/hold91/X\n',
 ' sram_inst/hold92/X\n',
 ' sram_inst/hold93/X\n',
 ' sram_inst/hold94/X\n',
 ' sram_inst/hold95/X\n',
 ' sram_inst/hold96/X\n',
 ' sram_inst/hold97/X\n',
 ' sram_inst/hold98/X\n',
 ' sram_inst/hold99/X\n',
 ' sram_inst/i_sram_90/HI\n',
 ' sram_inst/i_sram_90/LO\n',
 ' sram_inst/i_sram_91/HI\n',
 ' sram_inst/i_sram_91/LO\n',
 ' sram_inst/i_sram_92/HI\n',
 ' sram_inst/i_sram_92/LO\n',
 ' sram_inst/i_sram_93/HI\n',
 ' sram_inst/i_sram_93/LO\n',
 ' sram_inst/i_sram_94/HI\n',
 ' sram_inst/i_sram_94/LO\n',
 ' sram_inst/i_sram_95/HI\n',
 ' sram_inst/i_sram_95/LO\n',
 ' sram_inst/i_sram_96/HI\n',
 ' sram_inst/i_sram_96/LO\n',
 ' sram_inst/i_sram_97/HI\n',
 ' sram_inst/i_sram_97/LO\n',
 ' sram_inst/i_sram_98/HI\n',
 ' sram_inst/i_sram_98/LO\n',
 ' sram_inst/input1/X\n',
 ' sram_inst/input10/X\n',
 ' sram_inst/input11/X\n',
 ' sram_inst/input12/X\n',
 ' sram_inst/input13/X\n',
 ' sram_inst/input14/X\n',
 ' sram_inst/input15/X\n',
 ' sram_inst/input16/X\n',
 ' sram_inst/input17/X\n',
 ' sram_inst/input18/X\n',
 ' sram_inst/input19/X\n',
 ' sram_inst/input2/X\n',
 ' sram_inst/input20/X\n',
 ' sram_inst/input21/X\n',
 ' sram_inst/input22/X\n',
 ' sram_inst/input23/X\n',
 ' sram_inst/input24/X\n',
 ' sram_inst/input25/X\n',
 ' sram_inst/input26/X\n',
 ' sram_inst/input27/X\n',
 ' sram_inst/input28/X\n',
 ' sram_inst/input29/X\n',
 ' sram_inst/input3/X\n',
 ' sram_inst/input30/X\n',
 ' sram_inst/input31/X\n',
 ' sram_inst/input32/X\n',
 ' sram_inst/input33/X\n',
 ' sram_inst/input34/X\n',
 ' sram_inst/input35/X\n',
 ' sram_inst/input36/X\n',
 ' sram_inst/input37/X\n',
 ' sram_inst/input38/X\n',
 ' sram_inst/input39/X\n',
 ' sram_inst/input4/X\n',
 ' sram_inst/input40/X\n',
 ' sram_inst/input41/X\n',
 ' sram_inst/input42/X\n',
 ' sram_inst/input43/X\n',
 ' sram_inst/input44/X\n',
 ' sram_inst/input45/X\n',
 ' sram_inst/input46/X\n',
 ' sram_inst/input47/X\n',
 ' sram_inst/input48/X\n',
 ' sram_inst/input49/X\n',
 ' sram_inst/input5/X\n',
 ' sram_inst/input50/X\n',
 ' sram_inst/input6/X\n',
 ' sram_inst/input7/X\n',
 ' sram_inst/input8/X\n',
 ' sram_inst/input9/X\n',
 ' user_project_420/HI\n',
 'Found 84 partially unannotated drivers.\n',
 ' wbs_sel_i[0]\n',
 '  sram_inst/hold90/A\n',
 ' wbs_sel_i[1]\n',
 '  sram_inst/hold87/A\n',
 ' wbs_sel_i[2]\n',
 '  sram_inst/hold93/A\n',
 ' wbs_sel_i[3]\n',
 '  sram_inst/hold96/A\n',
 ' _5332_/X\n',
 '  sram_inst/input49/A\n',
 ' clkbuf_leaf_30_wb_clk_i/X\n',
 '  sram_inst/clkbuf_0_wb_clk_i/A\n',
 ' fanout321/X\n',
 '  sram_inst/hold104/A\n',
 ' fanout325/X\n',
 '  sram_inst/hold105/A\n',
 ' fanout329/X\n',
 '  sram_inst/hold106/A\n',
 ' fanout333/X\n',
 '  sram_inst/hold108/A\n',
 ' fanout337/X\n',
 '  sram_inst/hold115/A\n',
 ' fanout342/X\n',
 '  sram_inst/hold119/A\n',
 ' fanout347/X\n',
 '  sram_inst/hold118/A\n',
 ' fanout351/X\n',
 '  sram_inst/hold122/A\n',
 ' fanout356/X\n',
 '  sram_inst/hold125/A\n',
 ' fanout405/X\n',
 '  sram_inst/input1/A\n',
 ' input15/X\n',
 '  sram_inst/hold138/A\n',
 ' input16/X\n',
 '  sram_inst/hold137/A\n',
 ' input17/X\n',
 '  sram_inst/hold136/A\n',
 ' input18/X\n',
 '  sram_inst/hold134/A\n',
 ' input19/X\n',
 '  sram_inst/hold135/A\n',
 ' input20/X\n',
 '  sram_inst/hold133/A\n',
 ' input21/X\n',
 '  sram_inst/hold132/A\n',
 ' input22/X\n',
 '  sram_inst/hold131/A\n',
 ' input23/X\n',
 '  sram_inst/input12/A\n',
 ' input25/X\n',
 '  sram_inst/hold102/A\n',
 ' input26/X\n',
 '  sram_inst/hold101/A\n',
 ' input27/X\n',
 '  sram_inst/hold100/A\n',
 ' input28/X\n',
 '  sram_inst/hold99/A\n',
 ' input29/X\n',
 '  sram_inst/hold98/A\n',
 ' input30/X\n',
 '  sram_inst/hold97/A\n',
 ' input31/X\n',
 '  sram_inst/hold113/A\n',
 ' input32/X\n',
 '  sram_inst/hold110/A\n',
 ' input33/X\n',
 '  sram_inst/hold107/A\n',
 ' input34/X\n',
 '  sram_inst/hold111/A\n',
 ' input36/X\n',
 '  sram_inst/hold109/A\n',
 ' input37/X\n',
 '  sram_inst/hold114/A\n',
 ' input38/X\n',
 '  sram_inst/hold112/A\n',
 ' input39/X\n',
 '  sram_inst/hold116/A\n',
 ' input4/X\n',
 '  sram_inst/hold130/A\n',
 ' input40/X\n',
 '  sram_inst/hold117/A\n',
 ' input41/X\n',
 '  sram_inst/hold120/A\n',
 ' input42/X\n',
 '  sram_inst/hold124/A\n',
 ' input43/X\n',
 '  sram_inst/hold121/A\n',
 ' input44/X\n',
 '  sram_inst/hold123/A\n',
 ' input45/X\n',
 '  sram_inst/hold126/A\n',
 ' input47/X\n',
 '  sram_inst/hold127/A\n',
 ' input48/X\n',
 '  sram_inst/hold128/A\n',
 ' input5/X\n',
 '  sram_inst/hold129/A\n',
 ' input55/X\n',
 '  sram_inst/hold103/A\n',
 ' input57/X\n',
 '  sram_inst/input50/A\n',
 ' sram_inst/output51/X\n',
 '  _5333_/C\n',
 '  ANTENNA_sram_inst_wbs_ack_o/DIODE\n',
 '  ANTENNA__5333__C/DIODE\n',
 ' sram_inst/output52/X\n',
 '  _4861_/A1\n',
 '  ANTENNA_sram_inst_wbs_dat_o\\[0\\]/DIODE\n',
 '  ANTENNA__4861__A1/DIODE\n',
 ' sram_inst/output53/X\n',
 '  _5145_/A1\n',
 ' sram_inst/output54/X\n',
 '  _5157_/A1\n',
 ' sram_inst/output55/X\n',
 '  _5168_/A1\n',
 ' sram_inst/output56/X\n',
 '  _5179_/A1\n',
 ' sram_inst/output57/X\n',
 '  _5181_/B2\n',
 ' sram_inst/output58/X\n',
 '  _5196_/B1\n',
 '  ANTENNA_sram_inst_wbs_dat_o\\[15\\]/DIODE\n',
 '  ANTENNA__5196__B1/DIODE\n',
 ' sram_inst/output59/X\n',
 '  _5205_/A1\n',
 '  ANTENNA_sram_inst_wbs_dat_o\\[16\\]/DIODE\n',
 '  ANTENNA__5205__A1/DIODE\n',
 ' sram_inst/output60/X\n',
 '  _5209_/A1\n',
 '  ANTENNA_sram_inst_wbs_dat_o\\[17\\]/DIODE\n',
 '  ANTENNA__5209__A1/DIODE\n',
 ' sram_inst/output61/X\n',
 '  _5214_/A1\n',
 '  ANTENNA_sram_inst_wbs_dat_o\\[18\\]/DIODE\n',
 '  ANTENNA__5214__A1/DIODE\n',
 ' sram_inst/output62/X\n',
 '  _5219_/A1\n',
 '  ANTENNA_sram_inst_wbs_dat_o\\[19\\]/DIODE\n',
 '  ANTENNA__5219__A1/DIODE\n',
 ' sram_inst/output63/X\n',
 '  _4895_/A1\n',
 '  ANTENNA_sram_inst_wbs_dat_o\\[1\\]/DIODE\n',
 '  ANTENNA__4895__A1/DIODE\n',
 ' sram_inst/output64/X\n',
 '  _5223_/A1\n',
 '  ANTENNA_sram_inst_wbs_dat_o\\[20\\]/DIODE\n',
 '  ANTENNA__5223__A1/DIODE\n',
 ' sram_inst/output65/X\n',
 '  _5228_/A1\n',
 '  ANTENNA_sram_inst_wbs_dat_o\\[21\\]/DIODE\n',
 '  ANTENNA__5228__A1/DIODE\n',
 ' sram_inst/output66/X\n',
 '  _5232_/B2\n',
 '  ANTENNA_sram_inst_wbs_dat_o\\[22\\]/DIODE\n',
 '  ANTENNA__5232__B2/DIODE\n',
 ' sram_inst/output67/X\n',
 '  _5237_/A1\n',
 ' sram_inst/output68/X\n',
 '  _5241_/A1\n',
 '  ANTENNA_sram_inst_wbs_dat_o\\[24\\]/DIODE\n',
 '  ANTENNA__5241__A1/DIODE\n',
 ' sram_inst/output69/X\n',
 '  _5246_/A1\n',
 '  ANTENNA_sram_inst_wbs_dat_o\\[25\\]/DIODE\n',
 '  ANTENNA__5246__A1/DIODE\n',
 ' sram_inst/output70/X\n',
 '  _5251_/A1\n',
 ' sram_inst/output71/X\n',
 '  _5256_/A1\n',
 ' sram_inst/output72/X\n',
 '  _5261_/A1\n',
 ' sram_inst/output73/X\n',
 '  _5265_/B2\n',
 '  ANTENNA_sram_inst_wbs_dat_o\\[29\\]/DIODE\n',
 '  ANTENNA__5265__B2/DIODE\n',
 ' sram_inst/output74/X\n',
 '  _4919_/D\n',
 ' sram_inst/output75/X\n',
 '  _5270_/A1\n',
 ' sram_inst/output76/X\n',
 '  _5275_/A1\n',
 ' sram_inst/output77/X\n',
 '  _4974_/B2\n',
 '  ANTENNA_sram_inst_wbs_dat_o\\[3\\]/DIODE\n',
 '  ANTENNA__4974__B2/DIODE\n',
 ' sram_inst/output78/X\n',
 '  _4996_/A1\n',
 '  ANTENNA_sram_inst_wbs_dat_o\\[4\\]/DIODE\n',
 '  ANTENNA__4996__A1/DIODE\n',
 ' sram_inst/output79/X\n',
 '  _5038_/A1\n',
 ' sram_inst/output80/X\n',
 '  _5065_/A1\n',
 '  ANTENNA_sram_inst_wbs_dat_o\\[6\\]/DIODE\n',
 '  ANTENNA__5065__A1/DIODE\n',
 ' sram_inst/output81/X\n',
 '  _5094_/A1\n',
 '  ANTENNA_sram_inst_wbs_dat_o\\[7\\]/DIODE\n',
 '  ANTENNA__5094__A1/DIODE\n',
 ' sram_inst/output82/X\n',
 '  _5117_/A1\n',
 '  ANTENNA_sram_inst_wbs_dat_o\\[8\\]/DIODE\n',
 '  ANTENNA__5117__A1/DIODE\n',
 ' sram_inst/output83/X\n',
 '  _5131_/A1\n',
 '\n']
Reported nets:
['clkload0/X',
 'clkload1/Y',
 'clkload10/Y',
 'clkload11/Y',
 'clkload12/Y',
 'clkload13/Y',
 'clkload14/Y',
 'clkload15/Y',
 'clkload16/Y',
 'clkload17/Y',
 'clkload18/Y',
 'clkload19/Y',
 'clkload2/Y',
 'clkload20/Y',
 'clkload21/X',
 'clkload22/Y',
 'clkload23/Y',
 'clkload24/Y',
 'clkload25/Y',
 'clkload26/Y',
 'clkload27/Y',
 'clkload28/Y',
 'clkload29/X',
 'clkload3/Y',
 'clkload30/Y',
 'clkload31/Y',
 'clkload32/Y',
 'clkload33/Y',
 'clkload34/Y',
 'clkload35/Y',
 'clkload36/Y',
 'clkload37/Y',
 'clkload38/Y',
 'clkload39/Y',
 'clkload4/Y',
 'clkload40/X',
 'clkload41/Y',
 'clkload42/Y',
 'clkload43/Y',
 'clkload44/Y',
 'clkload45/Y',
 'clkload46/Y',
 'clkload47/Y',
 'clkload48/Y',
 'clkload49/Y',
 'clkload5/Y',
 'clkload50/Y',
 'clkload51/Y',
 'clkload52/Y',
 'clkload53/Y',
 'clkload54/Y',
 'clkload55/Y',
 'clkload56/Y',
 'clkload57/Y',
 'clkload58/Y',
 'clkload59/Y',
 'clkload6/Y',
 'clkload60/Y',
 'clkload61/X',
 'clkload62/Y',
 'clkload63/Y',
 'clkload64/X',
 'clkload65/Y',
 'clkload66/Y',
 'clkload7/Y',
 'clkload8/Y',
 'clkload9/Y',
 'sram_inst/_10_/Y',
 'sram_inst/_11_/Y',
 'sram_inst/_12_/X',
 'sram_inst/_13_/X',
 'sram_inst/_14_/X',
 'sram_inst/_15_/X',
 'sram_inst/_16_/X',
 'sram_inst/_17_/X',
 'sram_inst/_18_/X',
 'sram_inst/_19_/X',
 'sram_inst/_20_/X',
 'sram_inst/_21_/X',
 'sram_inst/_22_/X',
 'sram_inst/_23_/X',
 'sram_inst/_24_/X',
 'sram_inst/_25_/X',
 'sram_inst/_26_/X',
 'sram_inst/_27_/X',
 'sram_inst/_28_/X',
 'sram_inst/_29_/X',
 'sram_inst/_30_/X',
 'sram_inst/_31_/X',
 'sram_inst/_32_/X',
 'sram_inst/_33_/X',
 'sram_inst/_34_/X',
 'sram_inst/_35_/X',
 'sram_inst/_36_/X',
 'sram_inst/_37_/X',
 'sram_inst/_38_/X',
 'sram_inst/_39_/X',
 'sram_inst/_40_/X',
 'sram_inst/_41_/X',
 'sram_inst/_42_/X',
 'sram_inst/_43_/X',
 'sram_inst/_44_/X',
 'sram_inst/_45_/Q',
 'sram_inst/clkbuf_0_wb_clk_i/X',
 'sram_inst/clkbuf_1_0__f_wb_clk_i/X',
 'sram_inst/clkbuf_1_1__f_wb_clk_i/X',
 'sram_inst/clkload0/Y',
 'sram_inst/fanout84/X',
 'sram_inst/fanout85/X',
 'sram_inst/fanout86/X',
 'sram_inst/fanout87/X',
 'sram_inst/fanout88/X',
 'sram_inst/fanout89/X',
 'sram_inst/hold1/X',
 'sram_inst/hold10/X',
 'sram_inst/hold100/X',
 'sram_inst/hold101/X',
 'sram_inst/hold102/X',
 'sram_inst/hold103/X',
 'sram_inst/hold104/X',
 'sram_inst/hold105/X',
 'sram_inst/hold106/X',
 'sram_inst/hold107/X',
 'sram_inst/hold108/X',
 'sram_inst/hold109/X',
 'sram_inst/hold11/X',
 'sram_inst/hold110/X',
 'sram_inst/hold111/X',
 'sram_inst/hold112/X',
 'sram_inst/hold113/X',
 'sram_inst/hold114/X',
 'sram_inst/hold115/X',
 'sram_inst/hold116/X',
 'sram_inst/hold117/X',
 'sram_inst/hold118/X',
 'sram_inst/hold119/X',
 'sram_inst/hold12/X',
 'sram_inst/hold120/X',
 'sram_inst/hold121/X',
 'sram_inst/hold122/X',
 'sram_inst/hold123/X',
 'sram_inst/hold124/X',
 'sram_inst/hold125/X',
 'sram_inst/hold126/X',
 'sram_inst/hold127/X',
 'sram_inst/hold128/X',
 'sram_inst/hold129/X',
 'sram_inst/hold13/X',
 'sram_inst/hold130/X',
 'sram_inst/hold131/X',
 'sram_inst/hold132/X',
 'sram_inst/hold133/X',
 'sram_inst/hold134/X',
 'sram_inst/hold135/X',
 'sram_inst/hold136/X',
 'sram_inst/hold137/X',
 'sram_inst/hold138/X',
 'sram_inst/hold14/X',
 'sram_inst/hold15/X',
 'sram_inst/hold16/X',
 'sram_inst/hold17/X',
 'sram_inst/hold18/X',
 'sram_inst/hold19/X',
 'sram_inst/hold2/X',
 'sram_inst/hold20/X',
 'sram_inst/hold21/X',
 'sram_inst/hold22/X',
 'sram_inst/hold23/X',
 'sram_inst/hold24/X',
 'sram_inst/hold25/X',
 'sram_inst/hold26/X',
 'sram_inst/hold27/X',
 'sram_inst/hold28/X',
 'sram_inst/hold29/X',
 'sram_inst/hold3/X',
 'sram_inst/hold30/X',
 'sram_inst/hold31/X',
 'sram_inst/hold32/X',
 'sram_inst/hold33/X',
 'sram_inst/hold34/X',
 'sram_inst/hold35/X',
 'sram_inst/hold36/X',
 'sram_inst/hold37/X',
 'sram_inst/hold38/X',
 'sram_inst/hold39/X',
 'sram_inst/hold4/X',
 'sram_inst/hold40/X',
 'sram_inst/hold41/X',
 'sram_inst/hold42/X',
 'sram_inst/hold43/X',
 'sram_inst/hold44/X',
 'sram_inst/hold45/X',
 'sram_inst/hold46/X',
 'sram_inst/hold47/X',
 'sram_inst/hold48/X',
 'sram_inst/hold49/X',
 'sram_inst/hold5/X',
 'sram_inst/hold50/X',
 'sram_inst/hold51/X',
 'sram_inst/hold52/X',
 'sram_inst/hold53/X',
 'sram_inst/hold54/X',
 'sram_inst/hold55/X',
 'sram_inst/hold56/X',
 'sram_inst/hold57/X',
 'sram_inst/hold58/X',
 'sram_inst/hold59/X',
 'sram_inst/hold6/X',
 'sram_inst/hold60/X',
 'sram_inst/hold61/X',
 'sram_inst/hold62/X',
 'sram_inst/hold63/X',
 'sram_inst/hold64/X',
 'sram_inst/hold65/X',
 'sram_inst/hold66/X',
 'sram_inst/hold67/X',
 'sram_inst/hold68/X',
 'sram_inst/hold69/X',
 'sram_inst/hold7/X',
 'sram_inst/hold70/X',
 'sram_inst/hold71/X',
 'sram_inst/hold72/X',
 'sram_inst/hold73/X',
 'sram_inst/hold74/X',
 'sram_inst/hold75/X',
 'sram_inst/hold76/X',
 'sram_inst/hold77/X',
 'sram_inst/hold78/X',
 'sram_inst/hold79/X',
 'sram_inst/hold8/X',
 'sram_inst/hold80/X',
 'sram_inst/hold81/X',
 'sram_inst/hold82/X',
 'sram_inst/hold83/X',
 'sram_inst/hold84/X',
 'sram_inst/hold85/X',
 'sram_inst/hold86/X',
 'sram_inst/hold87/X',
 'sram_inst/hold88/X',
 'sram_inst/hold89/X',
 'sram_inst/hold9/X',
 'sram_inst/hold90/X',
 'sram_inst/hold91/X',
 'sram_inst/hold92/X',
 'sram_inst/hold93/X',
 'sram_inst/hold94/X',
 'sram_inst/hold95/X',
 'sram_inst/hold96/X',
 'sram_inst/hold97/X',
 'sram_inst/hold98/X',
 'sram_inst/hold99/X',
 'sram_inst/i_sram_90/HI',
 'sram_inst/i_sram_90/LO',
 'sram_inst/i_sram_91/HI',
 'sram_inst/i_sram_91/LO',
 'sram_inst/i_sram_92/HI',
 'sram_inst/i_sram_92/LO',
 'sram_inst/i_sram_93/HI',
 'sram_inst/i_sram_93/LO',
 'sram_inst/i_sram_94/HI',
 'sram_inst/i_sram_94/LO',
 'sram_inst/i_sram_95/HI',
 'sram_inst/i_sram_95/LO',
 'sram_inst/i_sram_96/HI',
 'sram_inst/i_sram_96/LO',
 'sram_inst/i_sram_97/HI',
 'sram_inst/i_sram_97/LO',
 'sram_inst/i_sram_98/HI',
 'sram_inst/i_sram_98/LO',
 'sram_inst/input1/X',
 'sram_inst/input10/X',
 'sram_inst/input11/X',
 'sram_inst/input12/X',
 'sram_inst/input13/X',
 'sram_inst/input14/X',
 'sram_inst/input15/X',
 'sram_inst/input16/X',
 'sram_inst/input17/X',
 'sram_inst/input18/X',
 'sram_inst/input19/X',
 'sram_inst/input2/X',
 'sram_inst/input20/X',
 'sram_inst/input21/X',
 'sram_inst/input22/X',
 'sram_inst/input23/X',
 'sram_inst/input24/X',
 'sram_inst/input25/X',
 'sram_inst/input26/X',
 'sram_inst/input27/X',
 'sram_inst/input28/X',
 'sram_inst/input29/X',
 'sram_inst/input3/X',
 'sram_inst/input30/X',
 'sram_inst/input31/X',
 'sram_inst/input32/X',
 'sram_inst/input33/X',
 'sram_inst/input34/X',
 'sram_inst/input35/X',
 'sram_inst/input36/X',
 'sram_inst/input37/X',
 'sram_inst/input38/X',
 'sram_inst/input39/X',
 'sram_inst/input4/X',
 'sram_inst/input40/X',
 'sram_inst/input41/X',
 'sram_inst/input42/X',
 'sram_inst/input43/X',
 'sram_inst/input44/X',
 'sram_inst/input45/X',
 'sram_inst/input46/X',
 'sram_inst/input47/X',
 'sram_inst/input48/X',
 'sram_inst/input49/X',
 'sram_inst/input5/X',
 'sram_inst/input50/X',
 'sram_inst/input6/X',
 'sram_inst/input7/X',
 'sram_inst/input8/X',
 'sram_inst/input9/X',
 'user_project_420/HI',
 'wbs_sel_i[0]',
 'wbs_sel_i[1]',
 'wbs_sel_i[2]',
 'wbs_sel_i[3]',
 '_5332_/X',
 'clkbuf_leaf_30_wb_clk_i/X',
 'fanout321/X',
 'fanout325/X',
 'fanout329/X',
 'fanout333/X',
 'fanout337/X',
 'fanout342/X',
 'fanout347/X',
 'fanout351/X',
 'fanout356/X',
 'fanout405/X',
 'input15/X',
 'input16/X',
 'input17/X',
 'input18/X',
 'input19/X',
 'input20/X',
 'input21/X',
 'input22/X',
 'input23/X',
 'input25/X',
 'input26/X',
 'input27/X',
 'input28/X',
 'input29/X',
 'input30/X',
 'input31/X',
 'input32/X',
 'input33/X',
 'input34/X',
 'input36/X',
 'input37/X',
 'input38/X',
 'input39/X',
 'input4/X',
 'input40/X',
 'input41/X',
 'input42/X',
 'input43/X',
 'input44/X',
 'input45/X',
 'input47/X',
 'input48/X',
 'input5/X',
 'input55/X',
 'input57/X',
 'sram_inst/output51/X',
 'sram_inst/output52/X',
 'sram_inst/output53/X',
 'sram_inst/output54/X',
 'sram_inst/output55/X',
 'sram_inst/output56/X',
 'sram_inst/output57/X',
 'sram_inst/output58/X',
 'sram_inst/output59/X',
 'sram_inst/output60/X',
 'sram_inst/output61/X',
 'sram_inst/output62/X',
 'sram_inst/output63/X',
 'sram_inst/output64/X',
 'sram_inst/output65/X',
 'sram_inst/output66/X',
 'sram_inst/output67/X',
 'sram_inst/output68/X',
 'sram_inst/output69/X',
 'sram_inst/output70/X',
 'sram_inst/output71/X',
 'sram_inst/output72/X',
 'sram_inst/output73/X',
 'sram_inst/output74/X',
 'sram_inst/output75/X',
 'sram_inst/output76/X',
 'sram_inst/output77/X',
 'sram_inst/output78/X',
 'sram_inst/output79/X',
 'sram_inst/output80/X',
 'sram_inst/output81/X',
 'sram_inst/output82/X',
 'sram_inst/output83/X']
Filtered nets:
[Net(name='wbs_sel_i[0]', bterms=[BTerm(name='wbs_sel_i[0]', type='INPUT')]),
 Net(name='wbs_sel_i[1]', bterms=[BTerm(name='wbs_sel_i[1]', type='INPUT')]),
 Net(name='wbs_sel_i[2]', bterms=[BTerm(name='wbs_sel_i[2]', type='INPUT')]),
 Net(name='wbs_sel_i[3]', bterms=[BTerm(name='wbs_sel_i[3]', type='INPUT')])]
done
