Clock: clk
Sources: wb_clk_i 
Generated: no
Virtual: yes
Propagated: no
Period: 25.000000

===========================================================================
report_clock_properties
============================================================================
Clock                   Period          Waveform
----------------------------------------------------
clk                  25.000000    0.000000 12.500000

===========================================================================
report_clock_latency
============================================================================
Clock clk
rise -> rise
    min     max
4.650000 5.570000 source latency
5.199672         network latency _6240_/CLK
        6.334289 network latency sram_inst/_45_/CLK
---------------
9.849672 11.904289 latency
        2.054617 skew

fall -> fall
    min     max
4.650000 5.570000 source latency
5.307142         network latency _6240_/CLK
        6.450682 network latency sram_inst/_45_/CLK
---------------
9.957141 12.020681 latency
        2.063540 skew



===========================================================================
report_clock_min_period
============================================================================
clk period_min = 4.72 fmax = 211.68
