Clock: clk
Sources: wb_clk_i 
Generated: no
Virtual: yes
Propagated: no
Period: 25.000000

===========================================================================
report_clock_properties
============================================================================
Clock                   Period          Waveform
----------------------------------------------------
clk                  25.000000    0.000000 12.500000

===========================================================================
report_clock_latency
============================================================================
Clock clk
rise -> rise
    min     max
4.650000 5.570000 source latency
5.551778         network latency mprj/_6645_/CLK
        6.577811 network latency mprj/_6185_/CLK
---------------
10.201777 12.147812 latency
        1.946035 skew

fall -> fall
    min     max
4.650000 5.570000 source latency
5.628191         network latency mprj/_6645_/CLK
        6.618505 network latency mprj/_6185_/CLK
---------------
10.278191 12.188505 latency
        1.910314 skew



===========================================================================
report_clock_min_period
============================================================================
clk period_min = 7.95 fmax = 125.78
