Starting…
Running 'Verilator.Lint' at 'openlane/user_project/runs/RUN_2025-10-27_21-49-20/01-verilator-lint'…
Logging subprocess to [repr.filename]'openlane/user_project/runs/RUN_2025-10-27_21-49-20/01-verilator-lint/verilator-lint.log'[/repr.filename]…
Running 'Checker.LintTimingConstructs' at 'openlane/user_project/runs/RUN_2025-10-27_21-49-20/02-checker-linttimingconstructs'…
Check for Lint Timing Errors clear.
Running 'Checker.LintErrors' at 'openlane/user_project/runs/RUN_2025-10-27_21-49-20/03-checker-linterrors'…
Check for Lint errors clear.
Running 'Checker.LintWarnings' at 'openlane/user_project/runs/RUN_2025-10-27_21-49-20/04-checker-lintwarnings'…
493 Lint warnings found.
Running 'Yosys.JsonHeader' at 'openlane/user_project/runs/RUN_2025-10-27_21-49-20/05-yosys-jsonheader'…
Logging subprocess to [repr.filename]'openlane/user_project/runs/RUN_2025-10-27_21-49-20/05-yosys-jsonheader/yosys-jsonheader.log'[/repr.filename]…
Running 'Yosys.Synthesis' at 'openlane/user_project/runs/RUN_2025-10-27_21-49-20/06-yosys-synthesis'…
Logging subprocess to [repr.filename]'openlane/user_project/runs/RUN_2025-10-27_21-49-20/06-yosys-synthesis/yosys-synthesis.log'[/repr.filename]…
Parsing synthesis checks…
Running 'Checker.YosysUnmappedCells' at 'openlane/user_project/runs/RUN_2025-10-27_21-49-20/07-checker-yosysunmappedcells'…
Check for Unmapped Yosys instances clear.
Running 'Checker.YosysSynthChecks' at 'openlane/user_project/runs/RUN_2025-10-27_21-49-20/08-checker-yosyssynthchecks'…
Check for Yosys check errors clear.
Running 'Checker.NetlistAssignStatements' at 'openlane/user_project/runs/RUN_2025-10-27_21-49-20/09-checker-netlistassignstatements'…
Running 'OpenROAD.CheckSDCFiles' at 'openlane/user_project/runs/RUN_2025-10-27_21-49-20/10-openroad-checksdcfiles'…
'SIGNOFF_SDC_FILE' is not defined. Using generic fallback SDC for OpenROAD PnR steps.
Running 'OpenROAD.CheckMacroInstances' at 'openlane/user_project/runs/RUN_2025-10-27_21-49-20/11-openroad-checkmacroinstances'…
No libs found for macro CF_SRAM_1024x32_wb_wrapper at corner nom_tt_025C_1v80. The module will be black-boxed.
Logging subprocess to [repr.filename]'openlane/user_project/runs/RUN_2025-10-27_21-49-20/11-openroad-checkmacroinstances/openroad-checkmacroinstances.log'[/repr.filename]…
Running 'OpenROAD.STAPrePNR' at 'openlane/user_project/runs/RUN_2025-10-27_21-49-20/12-openroad-staprepnr'…
No libs found for macro CF_SRAM_1024x32_wb_wrapper at corner nom_tt_025C_1v80. The module will be black-boxed.
Starting STA for the nom_tt_025C_1v80 timing corner…
No libs found for macro CF_SRAM_1024x32_wb_wrapper at corner nom_ss_100C_1v60. The module will be black-boxed.
Starting STA for the nom_ss_100C_1v60 timing corner…
No libs found for macro CF_SRAM_1024x32_wb_wrapper at corner nom_ff_n40C_1v95. The module will be black-boxed.
Starting STA for the nom_ff_n40C_1v95 timing corner…
No libs found for macro CF_SRAM_1024x32_wb_wrapper at corner min_tt_025C_1v80. The module will be black-boxed.
Logging subprocess to [repr.filename]'openlane/user_project/runs/RUN_2025-10-27_21-49-20/12-openroad-staprepnr/nom_tt_025C_1v80/sta.log'[/repr.filename]…
Skipping corner min_tt_025C_1v80 for STA (identical to nom_tt_025C_1v80 at this stage)…
Logging subprocess to [repr.filename]'openlane/user_project/runs/RUN_2025-10-27_21-49-20/12-openroad-staprepnr/nom_ss_100C_1v60/sta.log'[/repr.filename]…
No libs found for macro CF_SRAM_1024x32_wb_wrapper at corner min_ss_100C_1v60. The module will be black-boxed.
Skipping corner min_ss_100C_1v60 for STA (identical to nom_ss_100C_1v60 at this stage)…
Logging subprocess to [repr.filename]'openlane/user_project/runs/RUN_2025-10-27_21-49-20/12-openroad-staprepnr/nom_ff_n40C_1v95/sta.log'[/repr.filename]…
No libs found for macro CF_SRAM_1024x32_wb_wrapper at corner min_ff_n40C_1v95. The module will be black-boxed.
Skipping corner min_ff_n40C_1v95 for STA (identical to nom_ff_n40C_1v95 at this stage)…
No libs found for macro CF_SRAM_1024x32_wb_wrapper at corner max_tt_025C_1v80. The module will be black-boxed.
Skipping corner max_tt_025C_1v80 for STA (identical to nom_tt_025C_1v80 at this stage)…
No libs found for macro CF_SRAM_1024x32_wb_wrapper at corner max_ss_100C_1v60. The module will be black-boxed.
Skipping corner max_ss_100C_1v60 for STA (identical to nom_ss_100C_1v60 at this stage)…
No libs found for macro CF_SRAM_1024x32_wb_wrapper at corner max_ff_n40C_1v95. The module will be black-boxed.
Skipping corner max_ff_n40C_1v95 for STA (identical to nom_ff_n40C_1v95 at this stage)…
Finished STA for the nom_tt_025C_1v80 timing corner.
Finished STA for the nom_ss_100C_1v60 timing corner.
Finished STA for the nom_ff_n40C_1v95 timing corner.
Running 'OpenROAD.Floorplan' at 'openlane/user_project/runs/RUN_2025-10-27_21-49-20/13-openroad-floorplan'…
Logging subprocess to [repr.filename]'openlane/user_project/runs/RUN_2025-10-27_21-49-20/13-openroad-floorplan/openroad-floorplan.log'[/repr.filename]…
[ORD-2011] LEF master CF_SRAM_1024x32_wb_wrapper has no liberty cell.
[STA-0366] port 'la_data_in[*]' not found.
[STA-0366] port 'la_oenb[*]' not found.
[STA-0366] port 'la_data_in[*]' not found.
[STA-0366] port 'la_oenb[*]' not found.
[STA-0366] port 'io_in[*]' not found.
[STA-0366] port 'la_data_in[*]' not found.
[STA-0366] port 'la_oenb[*]' not found.
[STA-0366] port 'io_in[*]' not found.
[STA-0366] port 'la_oenb[*]' not found.
[STA-0366] port 'la_data_in[*]' not found.
[STA-0366] port 'la_data_out[*]' not found.
[STA-0366] port 'la_data_out[*]' not found.
Running 'Odb.CheckMacroAntennaProperties' at 'openlane/user_project/runs/RUN_2025-10-27_21-49-20/14-odb-checkmacroantennaproperties'…
Logging subprocess to [repr.filename]'openlane/user_project/runs/RUN_2025-10-27_21-49-20/14-odb-checkmacroantennaproperties/odb-checkmacroantennaproperties.log'[/repr.filename]…
Cell 'CF_SRAM_1024x32_wb_wrapper' has (22) input pin(s) without antenna gate information. They might not be connected to a gate.
Running 'Odb.SetPowerConnections' at 'openlane/user_project/runs/RUN_2025-10-27_21-49-20/15-odb-setpowerconnections'…
Logging subprocess to [repr.filename]'openlane/user_project/runs/RUN_2025-10-27_21-49-20/15-odb-setpowerconnections/odb-setpowerconnections.log'[/repr.filename]…
Running 'Odb.ManualMacroPlacement' at 'openlane/user_project/runs/RUN_2025-10-27_21-49-20/16-odb-manualmacroplacement'…
Logging subprocess to [repr.filename]'openlane/user_project/runs/RUN_2025-10-27_21-49-20/16-odb-manualmacroplacement/odb-manualmacroplacement.log'[/repr.filename]…
Running 'OpenROAD.CutRows' at 'openlane/user_project/runs/RUN_2025-10-27_21-49-20/17-openroad-cutrows'…
Logging subprocess to [repr.filename]'openlane/user_project/runs/RUN_2025-10-27_21-49-20/17-openroad-cutrows/openroad-cutrows.log'[/repr.filename]…
[STA-0366] port 'la_data_in[*]' not found.
[STA-0366] port 'la_oenb[*]' not found.
[STA-0366] port 'la_data_in[*]' not found.
[STA-0366] port 'la_oenb[*]' not found.
[STA-0366] port 'io_in[*]' not found.
[STA-0366] port 'la_data_in[*]' not found.
[STA-0366] port 'la_oenb[*]' not found.
[STA-0366] port 'io_in[*]' not found.
[STA-0366] port 'la_oenb[*]' not found.
[STA-0366] port 'la_data_in[*]' not found.
[STA-0366] port 'la_data_out[*]' not found.
[STA-0366] port 'la_data_out[*]' not found.
Running 'OpenROAD.TapEndcapInsertion' at 'openlane/user_project/runs/RUN_2025-10-27_21-49-20/18-openroad-tapendcapinsertion'…
Logging subprocess to [repr.filename]'openlane/user_project/runs/RUN_2025-10-27_21-49-20/18-openroad-tapendcapinsertion/openroad-tapendcapinsertion.log'[/repr.filename]…
[STA-0366] port 'la_data_in[*]' not found.
[STA-0366] port 'la_oenb[*]' not found.
[STA-0366] port 'la_data_in[*]' not found.
[STA-0366] port 'la_oenb[*]' not found.
[STA-0366] port 'io_in[*]' not found.
[STA-0366] port 'la_data_in[*]' not found.
[STA-0366] port 'la_oenb[*]' not found.
[STA-0366] port 'io_in[*]' not found.
[STA-0366] port 'la_oenb[*]' not found.
[STA-0366] port 'la_data_in[*]' not found.
[STA-0366] port 'la_data_out[*]' not found.
[STA-0366] port 'la_data_out[*]' not found.
Running 'Odb.AddPDNObstructions' at 'openlane/user_project/runs/RUN_2025-10-27_21-49-20/19-odb-addpdnobstructions'…
'PDN_OBSTRUCTIONS' is not defined. Skipping 'Odb.AddPDNObstructions'…
Running 'OpenROAD.GeneratePDN' at 'openlane/user_project/runs/RUN_2025-10-27_21-49-20/20-openroad-generatepdn'…
'FP_PDN_CFG' not explicitly set, setting it to /nix/store/z6z1ia207zpd43ka6vqnxgghfxfr26h6-python3-3.11.9-env/lib/python3.11/site-packages/librelane/scripts/openroad/common/pdn_cfg.tcl…
Logging subprocess to [repr.filename]'openlane/user_project/runs/RUN_2025-10-27_21-49-20/20-openroad-generatepdn/openroad-generatepdn.log'[/repr.filename]…
[STA-0366] port 'la_data_in[*]' not found.
[STA-0366] port 'la_oenb[*]' not found.
[STA-0366] port 'la_data_in[*]' not found.
[STA-0366] port 'la_oenb[*]' not found.
[STA-0366] port 'io_in[*]' not found.
[STA-0366] port 'la_data_in[*]' not found.
[STA-0366] port 'la_oenb[*]' not found.
[STA-0366] port 'io_in[*]' not found.
[STA-0366] port 'la_oenb[*]' not found.
[STA-0366] port 'la_data_in[*]' not found.
[STA-0366] port 'la_data_out[*]' not found.
[STA-0366] port 'la_data_out[*]' not found.
[PDN-0231] sram_inst is not connected to any power/ground nets.
Running 'Odb.RemovePDNObstructions' at 'openlane/user_project/runs/RUN_2025-10-27_21-49-20/21-odb-removepdnobstructions'…
'PDN_OBSTRUCTIONS' is not defined. Skipping 'Odb.RemovePDNObstructions'…
Running 'Odb.AddRoutingObstructions' at 'openlane/user_project/runs/RUN_2025-10-27_21-49-20/22-odb-addroutingobstructions'…
'ROUTING_OBSTRUCTIONS' is not defined. Skipping 'Odb.AddRoutingObstructions'…
Running 'OpenROAD.GlobalPlacementSkipIO' at 'openlane/user_project/runs/RUN_2025-10-27_21-49-20/23-openroad-globalplacementskipio'…
Logging subprocess to [repr.filename]'openlane/user_project/runs/RUN_2025-10-27_21-49-20/23-openroad-globalplacementskipio/openroad-globalplacementskipio.log'[/repr.filename]…
[STA-0366] port 'la_data_in[*]' not found.
[STA-0366] port 'la_oenb[*]' not found.
[STA-0366] port 'la_data_in[*]' not found.
[STA-0366] port 'la_oenb[*]' not found.
[STA-0366] port 'io_in[*]' not found.
[STA-0366] port 'la_data_in[*]' not found.
[STA-0366] port 'la_oenb[*]' not found.
[STA-0366] port 'io_in[*]' not found.
[STA-0366] port 'la_oenb[*]' not found.
[STA-0366] port 'la_data_in[*]' not found.
[STA-0366] port 'la_data_out[*]' not found.
[STA-0366] port 'la_data_out[*]' not found.
Running 'OpenROAD.IOPlacement' at 'openlane/user_project/runs/RUN_2025-10-27_21-49-20/24-openroad-ioplacement'…
FP_PIN_ORDER_CFG is set. Skipping 'OpenROAD.IOPlacement'…
Running 'Odb.CustomIOPlacement' at 'openlane/user_project/runs/RUN_2025-10-27_21-49-20/25-odb-customioplacement'…
Logging subprocess to [repr.filename]'openlane/user_project/runs/RUN_2025-10-27_21-49-20/25-odb-customioplacement/odb-customioplacement.log'[/repr.filename]…
Running 'Odb.ApplyDEFTemplate' at 'openlane/user_project/runs/RUN_2025-10-27_21-49-20/26-odb-applydeftemplate'…
No DEF template provided, skipping…
Running 'OpenROAD.GlobalPlacement' at 'openlane/user_project/runs/RUN_2025-10-27_21-49-20/27-openroad-globalplacement'…
Logging subprocess to [repr.filename]'openlane/user_project/runs/RUN_2025-10-27_21-49-20/27-openroad-globalplacement/openroad-globalplacement.log'[/repr.filename]…
[STA-0366] port 'la_data_in[*]' not found.
[STA-0366] port 'la_oenb[*]' not found.
[STA-0366] port 'la_data_in[*]' not found.
[STA-0366] port 'la_oenb[*]' not found.
[STA-0366] port 'io_in[*]' not found.
[STA-0366] port 'la_data_in[*]' not found.
[STA-0366] port 'la_oenb[*]' not found.
[STA-0366] port 'io_in[*]' not found.
[STA-0366] port 'la_oenb[*]' not found.
[STA-0366] port 'la_data_in[*]' not found.
[STA-0366] port 'la_data_out[*]' not found.
[STA-0366] port 'la_data_out[*]' not found.
