493 Lint warnings found.
'SIGNOFF_SDC_FILE' is not defined. Using generic fallback SDC for OpenROAD PnR steps.
No libs found for macro CF_SRAM_1024x32_wb_wrapper at corner nom_tt_025C_1v80. The module will be black-boxed.
No libs found for macro CF_SRAM_1024x32_wb_wrapper at corner nom_tt_025C_1v80. The module will be black-boxed.
No libs found for macro CF_SRAM_1024x32_wb_wrapper at corner nom_ss_100C_1v60. The module will be black-boxed.
No libs found for macro CF_SRAM_1024x32_wb_wrapper at corner nom_ff_n40C_1v95. The module will be black-boxed.
No libs found for macro CF_SRAM_1024x32_wb_wrapper at corner min_tt_025C_1v80. The module will be black-boxed.
No libs found for macro CF_SRAM_1024x32_wb_wrapper at corner min_ss_100C_1v60. The module will be black-boxed.
No libs found for macro CF_SRAM_1024x32_wb_wrapper at corner min_ff_n40C_1v95. The module will be black-boxed.
No libs found for macro CF_SRAM_1024x32_wb_wrapper at corner max_tt_025C_1v80. The module will be black-boxed.
No libs found for macro CF_SRAM_1024x32_wb_wrapper at corner max_ss_100C_1v60. The module will be black-boxed.
No libs found for macro CF_SRAM_1024x32_wb_wrapper at corner max_ff_n40C_1v95. The module will be black-boxed.
[ORD-2011] LEF master CF_SRAM_1024x32_wb_wrapper has no liberty cell.
[STA-0366] port 'la_data_in[*]' not found.
[STA-0366] port 'la_oenb[*]' not found.
[STA-0366] port 'la_data_in[*]' not found.
[STA-0366] port 'la_oenb[*]' not found.
[STA-0366] port 'io_in[*]' not found.
[STA-0366] port 'la_data_in[*]' not found.
[STA-0366] port 'la_oenb[*]' not found.
[STA-0366] port 'io_in[*]' not found.
[STA-0366] port 'la_oenb[*]' not found.
[STA-0366] port 'la_data_in[*]' not found.
[STA-0366] port 'la_data_out[*]' not found.
[STA-0366] port 'la_data_out[*]' not found.
Cell 'CF_SRAM_1024x32_wb_wrapper' has (22) input pin(s) without antenna gate information. They might not be connected to a gate.
[STA-0366] port 'la_data_in[*]' not found.
[STA-0366] port 'la_oenb[*]' not found.
[STA-0366] port 'la_data_in[*]' not found.
[STA-0366] port 'la_oenb[*]' not found.
[STA-0366] port 'io_in[*]' not found.
[STA-0366] port 'la_data_in[*]' not found.
[STA-0366] port 'la_oenb[*]' not found.
[STA-0366] port 'io_in[*]' not found.
[STA-0366] port 'la_oenb[*]' not found.
[STA-0366] port 'la_data_in[*]' not found.
[STA-0366] port 'la_data_out[*]' not found.
[STA-0366] port 'la_data_out[*]' not found.
[STA-0366] port 'la_data_in[*]' not found.
[STA-0366] port 'la_oenb[*]' not found.
[STA-0366] port 'la_data_in[*]' not found.
[STA-0366] port 'la_oenb[*]' not found.
[STA-0366] port 'io_in[*]' not found.
[STA-0366] port 'la_data_in[*]' not found.
[STA-0366] port 'la_oenb[*]' not found.
[STA-0366] port 'io_in[*]' not found.
[STA-0366] port 'la_oenb[*]' not found.
[STA-0366] port 'la_data_in[*]' not found.
[STA-0366] port 'la_data_out[*]' not found.
[STA-0366] port 'la_data_out[*]' not found.
[STA-0366] port 'la_data_in[*]' not found.
[STA-0366] port 'la_oenb[*]' not found.
[STA-0366] port 'la_data_in[*]' not found.
[STA-0366] port 'la_oenb[*]' not found.
[STA-0366] port 'io_in[*]' not found.
[STA-0366] port 'la_data_in[*]' not found.
[STA-0366] port 'la_oenb[*]' not found.
[STA-0366] port 'io_in[*]' not found.
[STA-0366] port 'la_oenb[*]' not found.
[STA-0366] port 'la_data_in[*]' not found.
[STA-0366] port 'la_data_out[*]' not found.
[STA-0366] port 'la_data_out[*]' not found.
[PDN-0231] sram_inst is not connected to any power/ground nets.
[STA-0366] port 'la_data_in[*]' not found.
[STA-0366] port 'la_oenb[*]' not found.
[STA-0366] port 'la_data_in[*]' not found.
[STA-0366] port 'la_oenb[*]' not found.
[STA-0366] port 'io_in[*]' not found.
[STA-0366] port 'la_data_in[*]' not found.
[STA-0366] port 'la_oenb[*]' not found.
[STA-0366] port 'io_in[*]' not found.
[STA-0366] port 'la_oenb[*]' not found.
[STA-0366] port 'la_data_in[*]' not found.
[STA-0366] port 'la_data_out[*]' not found.
[STA-0366] port 'la_data_out[*]' not found.
[STA-0366] port 'la_data_in[*]' not found.
[STA-0366] port 'la_oenb[*]' not found.
[STA-0366] port 'la_data_in[*]' not found.
[STA-0366] port 'la_oenb[*]' not found.
[STA-0366] port 'io_in[*]' not found.
[STA-0366] port 'la_data_in[*]' not found.
[STA-0366] port 'la_oenb[*]' not found.
[STA-0366] port 'io_in[*]' not found.
[STA-0366] port 'la_oenb[*]' not found.
[STA-0366] port 'la_data_in[*]' not found.
[STA-0366] port 'la_data_out[*]' not found.
[STA-0366] port 'la_data_out[*]' not found.
[STA-0366] port 'la_data_in[*]' not found.
[STA-0366] port 'la_oenb[*]' not found.
[STA-0366] port 'la_data_in[*]' not found.
[STA-0366] port 'la_oenb[*]' not found.
[STA-0366] port 'io_in[*]' not found.
[STA-0366] port 'la_data_in[*]' not found.
[STA-0366] port 'la_oenb[*]' not found.
[STA-0366] port 'io_in[*]' not found.
[STA-0366] port 'la_oenb[*]' not found.
[STA-0366] port 'la_data_in[*]' not found.
[STA-0366] port 'la_data_out[*]' not found.
[STA-0366] port 'la_data_out[*]' not found.
[GRT-0097] No global routing found for nets.
No libs found for macro CF_SRAM_1024x32_wb_wrapper at corner nom_tt_025C_1v80. The module will be black-boxed.
No libs found for macro CF_SRAM_1024x32_wb_wrapper at corner nom_ss_100C_1v60. The module will be black-boxed.
No libs found for macro CF_SRAM_1024x32_wb_wrapper at corner nom_ff_n40C_1v95. The module will be black-boxed.
No libs found for macro CF_SRAM_1024x32_wb_wrapper at corner min_tt_025C_1v80. The module will be black-boxed.
No libs found for macro CF_SRAM_1024x32_wb_wrapper at corner min_ss_100C_1v60. The module will be black-boxed.
No libs found for macro CF_SRAM_1024x32_wb_wrapper at corner min_ff_n40C_1v95. The module will be black-boxed.
No libs found for macro CF_SRAM_1024x32_wb_wrapper at corner max_tt_025C_1v80. The module will be black-boxed.
No libs found for macro CF_SRAM_1024x32_wb_wrapper at corner max_ss_100C_1v60. The module will be black-boxed.
No libs found for macro CF_SRAM_1024x32_wb_wrapper at corner max_ff_n40C_1v95. The module will be black-boxed.
[STA-0366] port 'la_data_in[*]' not found.
[STA-0366] port 'la_oenb[*]' not found.
[STA-0366] port 'la_data_in[*]' not found.
[STA-0366] port 'la_oenb[*]' not found.
[STA-0366] port 'io_in[*]' not found.
[STA-0366] port 'la_data_in[*]' not found.
[STA-0366] port 'la_oenb[*]' not found.
[STA-0366] port 'io_in[*]' not found.
[STA-0366] port 'la_oenb[*]' not found.
[STA-0366] port 'la_data_in[*]' not found.
[STA-0366] port 'la_data_out[*]' not found.
[STA-0366] port 'la_data_out[*]' not found.
[STA-0366] port 'la_data_in[*]' not found.
[STA-0366] port 'la_oenb[*]' not found.
[STA-0366] port 'la_data_in[*]' not found.
[STA-0366] port 'la_oenb[*]' not found.
[STA-0366] port 'io_in[*]' not found.
[STA-0366] port 'la_data_in[*]' not found.
[STA-0366] port 'la_oenb[*]' not found.
[STA-0366] port 'io_in[*]' not found.
[STA-0366] port 'la_oenb[*]' not found.
[STA-0366] port 'la_data_in[*]' not found.
[STA-0366] port 'la_data_out[*]' not found.
[STA-0366] port 'la_data_out[*]' not found.
No libs found for macro CF_SRAM_1024x32_wb_wrapper at corner nom_tt_025C_1v80. The module will be black-boxed.
No libs found for macro CF_SRAM_1024x32_wb_wrapper at corner nom_ss_100C_1v60. The module will be black-boxed.
No libs found for macro CF_SRAM_1024x32_wb_wrapper at corner nom_ff_n40C_1v95. The module will be black-boxed.
No libs found for macro CF_SRAM_1024x32_wb_wrapper at corner min_tt_025C_1v80. The module will be black-boxed.
No libs found for macro CF_SRAM_1024x32_wb_wrapper at corner min_ss_100C_1v60. The module will be black-boxed.
No libs found for macro CF_SRAM_1024x32_wb_wrapper at corner min_ff_n40C_1v95. The module will be black-boxed.
No libs found for macro CF_SRAM_1024x32_wb_wrapper at corner max_tt_025C_1v80. The module will be black-boxed.
No libs found for macro CF_SRAM_1024x32_wb_wrapper at corner max_ss_100C_1v60. The module will be black-boxed.
No libs found for macro CF_SRAM_1024x32_wb_wrapper at corner max_ff_n40C_1v95. The module will be black-boxed.
[STA-0366] port 'la_data_in[*]' not found.
[STA-0366] port 'la_oenb[*]' not found.
[STA-0366] port 'la_data_in[*]' not found.
[STA-0366] port 'la_oenb[*]' not found.
[STA-0366] port 'io_in[*]' not found.
[STA-0366] port 'la_data_in[*]' not found.
[STA-0366] port 'la_oenb[*]' not found.
[STA-0366] port 'io_in[*]' not found.
[STA-0366] port 'la_oenb[*]' not found.
[STA-0366] port 'la_data_in[*]' not found.
[STA-0366] port 'la_data_out[*]' not found.
[STA-0366] port 'la_data_out[*]' not found.
[STA-0366] port 'la_data_in[*]' not found.
[STA-0366] port 'la_oenb[*]' not found.
[STA-0366] port 'la_data_in[*]' not found.
[STA-0366] port 'la_oenb[*]' not found.
[STA-0366] port 'io_in[*]' not found.
[STA-0366] port 'la_data_in[*]' not found.
[STA-0366] port 'la_oenb[*]' not found.
[STA-0366] port 'io_in[*]' not found.
[STA-0366] port 'la_oenb[*]' not found.
[STA-0366] port 'la_data_in[*]' not found.
[STA-0366] port 'la_data_out[*]' not found.
[STA-0366] port 'la_data_out[*]' not found.
[GRT-0097] No global routing found for nets.
No libs found for macro CF_SRAM_1024x32_wb_wrapper at corner nom_tt_025C_1v80. The module will be black-boxed.
No libs found for macro CF_SRAM_1024x32_wb_wrapper at corner nom_ss_100C_1v60. The module will be black-boxed.
No libs found for macro CF_SRAM_1024x32_wb_wrapper at corner nom_ff_n40C_1v95. The module will be black-boxed.
No libs found for macro CF_SRAM_1024x32_wb_wrapper at corner min_tt_025C_1v80. The module will be black-boxed.
No libs found for macro CF_SRAM_1024x32_wb_wrapper at corner min_ss_100C_1v60. The module will be black-boxed.
No libs found for macro CF_SRAM_1024x32_wb_wrapper at corner min_ff_n40C_1v95. The module will be black-boxed.
No libs found for macro CF_SRAM_1024x32_wb_wrapper at corner max_tt_025C_1v80. The module will be black-boxed.
No libs found for macro CF_SRAM_1024x32_wb_wrapper at corner max_ss_100C_1v60. The module will be black-boxed.
No libs found for macro CF_SRAM_1024x32_wb_wrapper at corner max_ff_n40C_1v95. The module will be black-boxed.
[STA-0366] port 'la_data_in[*]' not found.
[STA-0366] port 'la_oenb[*]' not found.
[STA-0366] port 'la_data_in[*]' not found.
[STA-0366] port 'la_oenb[*]' not found.
[STA-0366] port 'io_in[*]' not found.
[STA-0366] port 'la_data_in[*]' not found.
[STA-0366] port 'la_oenb[*]' not found.
[STA-0366] port 'io_in[*]' not found.
[STA-0366] port 'la_oenb[*]' not found.
[STA-0366] port 'la_data_in[*]' not found.
[STA-0366] port 'la_data_out[*]' not found.
[STA-0366] port 'la_data_out[*]' not found.
[STA-0366] port 'la_data_in[*]' not found.
[STA-0366] port 'la_oenb[*]' not found.
[STA-0366] port 'la_data_in[*]' not found.
[STA-0366] port 'la_oenb[*]' not found.
[STA-0366] port 'io_in[*]' not found.
[STA-0366] port 'la_data_in[*]' not found.
[STA-0366] port 'la_oenb[*]' not found.
[STA-0366] port 'io_in[*]' not found.
[STA-0366] port 'la_oenb[*]' not found.
[STA-0366] port 'la_data_in[*]' not found.
[STA-0366] port 'la_data_out[*]' not found.
[STA-0366] port 'la_data_out[*]' not found.
[GRT-0097] No global routing found for nets.
[STA-0366] port 'la_data_in[*]' not found.
[STA-0366] port 'la_oenb[*]' not found.
[STA-0366] port 'la_data_in[*]' not found.
[STA-0366] port 'la_oenb[*]' not found.
[STA-0366] port 'io_in[*]' not found.
[STA-0366] port 'la_data_in[*]' not found.
[STA-0366] port 'la_oenb[*]' not found.
[STA-0366] port 'io_in[*]' not found.
[STA-0366] port 'la_oenb[*]' not found.
[STA-0366] port 'la_data_in[*]' not found.
[STA-0366] port 'la_data_out[*]' not found.
[STA-0366] port 'la_data_out[*]' not found.
[STA-0366] port 'la_data_in[*]' not found.
[STA-0366] port 'la_oenb[*]' not found.
[STA-0366] port 'la_data_in[*]' not found.
[STA-0366] port 'la_oenb[*]' not found.
[STA-0366] port 'io_in[*]' not found.
[STA-0366] port 'la_data_in[*]' not found.
[STA-0366] port 'la_oenb[*]' not found.
[STA-0366] port 'io_in[*]' not found.
[STA-0366] port 'la_oenb[*]' not found.
[STA-0366] port 'la_data_in[*]' not found.
[STA-0366] port 'la_data_out[*]' not found.
[STA-0366] port 'la_data_out[*]' not found.
'GPL_CELL_PADDING' is set to 0. This step may cause overlap failures.
[STA-0366] port 'la_data_in[*]' not found.
[STA-0366] port 'la_oenb[*]' not found.
[STA-0366] port 'la_data_in[*]' not found.
[STA-0366] port 'la_oenb[*]' not found.
[STA-0366] port 'io_in[*]' not found.
[STA-0366] port 'la_data_in[*]' not found.
[STA-0366] port 'la_oenb[*]' not found.
[STA-0366] port 'io_in[*]' not found.
[STA-0366] port 'la_oenb[*]' not found.
[STA-0366] port 'la_data_in[*]' not found.
[STA-0366] port 'la_data_out[*]' not found.
[STA-0366] port 'la_data_out[*]' not found.
[STA-0366] port 'la_data_in[*]' not found.
[STA-0366] port 'la_oenb[*]' not found.
[STA-0366] port 'la_data_in[*]' not found.
[STA-0366] port 'la_oenb[*]' not found.
[STA-0366] port 'io_in[*]' not found.
[STA-0366] port 'la_data_in[*]' not found.
[STA-0366] port 'la_oenb[*]' not found.
[STA-0366] port 'io_in[*]' not found.
[STA-0366] port 'la_oenb[*]' not found.
[STA-0366] port 'la_data_in[*]' not found.
[STA-0366] port 'la_data_out[*]' not found.
[STA-0366] port 'la_data_out[*]' not found.
[STA-0366] port 'la_data_in[*]' not found.
[STA-0366] port 'la_oenb[*]' not found.
[STA-0366] port 'la_data_in[*]' not found.
[STA-0366] port 'la_oenb[*]' not found.
[STA-0366] port 'io_in[*]' not found.
[STA-0366] port 'la_data_in[*]' not found.
[STA-0366] port 'la_oenb[*]' not found.
[STA-0366] port 'io_in[*]' not found.
[STA-0366] port 'la_oenb[*]' not found.
[STA-0366] port 'la_data_in[*]' not found.
[STA-0366] port 'la_data_out[*]' not found.
[STA-0366] port 'la_data_out[*]' not found.
[STA-0366] port 'la_data_in[*]' not found.
[STA-0366] port 'la_oenb[*]' not found.
[STA-0366] port 'la_data_in[*]' not found.
[STA-0366] port 'la_oenb[*]' not found.
[STA-0366] port 'io_in[*]' not found.
[STA-0366] port 'la_data_in[*]' not found.
[STA-0366] port 'la_oenb[*]' not found.
[STA-0366] port 'io_in[*]' not found.
[STA-0366] port 'la_oenb[*]' not found.
[STA-0366] port 'la_data_in[*]' not found.
[STA-0366] port 'la_data_out[*]' not found.
[STA-0366] port 'la_data_out[*]' not found.
