
===========================================================================
report_checks -unconstrained
===========================================================================
======================= nom_ss_100C_1v60 Corner ===================================

Startpoint: wb_rst_i (input port clocked by clk)
Endpoint: _6332_ (recovery check against rising-edge clock clk)
Path Group: asynchronous
Path Type: max

Fanout         Cap        Slew       Delay        Time   Description
---------------------------------------------------------------------------------------------
                                  0.000000    0.000000   clock clk (rise edge)
                                  5.570000    5.570000   clock network delay (propagated)
                                 12.500000   18.070000 v input external delay
     2    0.004129    0.000000    0.000000   18.070000 v wb_rst_i (in)
                                                         wb_rst_i (net)
                      0.000095    0.000048   18.070047 v input2/A (sky130_fd_sc_hd__buf_4)
     9    0.137855    0.309551    0.423107   18.493155 v input2/X (sky130_fd_sc_hd__buf_4)
                                                         net2 (net)
                      0.310556    0.014762   18.507915 v fanout403/A (sky130_fd_sc_hd__buf_2)
    11    0.049491    0.227139    0.507670   19.015587 v fanout403/X (sky130_fd_sc_hd__buf_2)
                                                         net403 (net)
                      0.227168    0.002592   19.018177 v fanout402/A (sky130_fd_sc_hd__buf_2)
    11    0.060239    0.268605    0.500945   19.519123 v fanout402/X (sky130_fd_sc_hd__buf_2)
                                                         net402 (net)
                      0.268738    0.005521   19.524643 v fanout391/A (sky130_fd_sc_hd__buf_2)
    11    0.057770    0.260019    0.511383   20.036026 v fanout391/X (sky130_fd_sc_hd__buf_2)
                                                         net391 (net)
                      0.260026    0.001670   20.037697 v fanout388/A (sky130_fd_sc_hd__buf_2)
     5    0.032534    0.159633    0.429472   20.467169 v fanout388/X (sky130_fd_sc_hd__buf_2)
                                                         net388 (net)
                      0.159633    0.000361   20.467529 v fanout387/A (sky130_fd_sc_hd__buf_4)
     9    0.056954    0.147635    0.384128   20.851658 v fanout387/X (sky130_fd_sc_hd__buf_4)
                                                         net387 (net)
                      0.147637    0.000933   20.852589 v fanout386/A (sky130_fd_sc_hd__buf_4)
    10    0.057774    0.149489    0.380890   21.233480 v fanout386/X (sky130_fd_sc_hd__buf_4)
                                                         net386 (net)
                      0.149514    0.001958   21.235437 v _5805_/A (sky130_fd_sc_hd__inv_2)
     1    0.004088    0.057737    0.103942   21.339378 ^ _5805_/Y (sky130_fd_sc_hd__inv_2)
                                                         _0181_ (net)
                      0.057737    0.000089   21.339468 ^ _6332_/RESET_B (sky130_fd_sc_hd__dfrtp_1)
                                             21.339468   data arrival time

                                 25.000000   25.000000   clock clk (rise edge)
                                  4.650000   29.650000   clock source latency
     4    0.080283    0.610000    0.000000   29.650000 ^ wb_clk_i (in)
                                                         wb_clk_i (net)
                      0.617451    0.003725   29.653725 ^ clkbuf_regs_0_clk/A (sky130_fd_sc_hd__clkbuf_16)
     1    0.008866    0.061631    0.435328   30.089052 ^ clkbuf_regs_0_clk/X (sky130_fd_sc_hd__clkbuf_16)
                                                         wb_clk_i_regs (net)
                      0.061631    0.000291   30.089344 ^ clkbuf_0_wb_clk_i_regs/A (sky130_fd_sc_hd__clkbuf_16)
    17    0.140186    0.232753    0.352848   30.442192 ^ clkbuf_0_wb_clk_i_regs/X (sky130_fd_sc_hd__clkbuf_16)
                                                         clknet_0_wb_clk_i_regs (net)
                      0.233166    0.007997   30.450190 ^ clkbuf_3_4_0_wb_clk_i_regs/A (sky130_fd_sc_hd__clkbuf_8)
    21    0.107867    0.296835    0.476231   30.926420 ^ clkbuf_3_4_0_wb_clk_i_regs/X (sky130_fd_sc_hd__clkbuf_8)
                                                         clknet_3_4_0_wb_clk_i_regs (net)
                      0.296985    0.006171   30.932590 ^ clkbuf_leaf_52_wb_clk_i_regs/A (sky130_fd_sc_hd__clkbuf_8)
    18    0.054444    0.165852    0.405798   31.338388 ^ clkbuf_leaf_52_wb_clk_i_regs/X (sky130_fd_sc_hd__clkbuf_8)
                                                         clknet_leaf_52_wb_clk_i_regs (net)
                      0.165854    0.000924   31.339312 ^ _6332_/CLK (sky130_fd_sc_hd__dfrtp_1)
                                 -0.250000   31.089312   clock uncertainty
                                  0.000000   31.089312   clock reconvergence pessimism
                                  0.499012   31.588322   library recovery time
                                             31.588322   data required time
---------------------------------------------------------------------------------------------
                                             31.588322   data required time
                                            -21.339468   data arrival time
---------------------------------------------------------------------------------------------
                                             10.248855   slack (MET)


Startpoint: wbs_adr_i[0] (input port clocked by clk)
Endpoint: wbs_dat_o[1] (output port clocked by clk)
Path Group: clk
Path Type: max

Fanout         Cap        Slew       Delay        Time   Description
---------------------------------------------------------------------------------------------
                                  0.000000    0.000000   clock clk (rise edge)
                                  5.570000    5.570000   clock network delay (propagated)
                                  3.890000    9.460000 v input external delay
     2    0.003625    0.920000    0.000000    9.460000 v wbs_adr_i[0] (in)
                                                         wbs_adr_i[0] (net)
                      0.920083    0.000042    9.460042 v hold243/A (sky130_fd_sc_hd__dlygate4sd3_1)
     1    0.001926    0.099050    1.491553   10.951594 v hold243/X (sky130_fd_sc_hd__dlygate4sd3_1)
                                                         net718 (net)
                      0.099050    0.000038   10.951632 v hold45/A (sky130_fd_sc_hd__dlygate4sd3_1)
     1    0.002809    0.105657    1.137138   12.088770 v hold45/X (sky130_fd_sc_hd__dlygate4sd3_1)
                                                         net520 (net)
                      0.105657    0.000080   12.088850 v input3/A (sky130_fd_sc_hd__buf_4)
     9    0.093743    0.218657    0.410423   12.499273 v input3/X (sky130_fd_sc_hd__buf_4)
                                                         net3 (net)
                      0.220497    0.016216   12.515490 v hold46/A (sky130_fd_sc_hd__dlygate4sd3_1)
     7    0.042347    0.429981    1.545351   14.060840 v hold46/X (sky130_fd_sc_hd__dlygate4sd3_1)
                                                         net521 (net)
                      0.430057    0.005716   14.066556 v _3949_/B (sky130_fd_sc_hd__or4b_4)
     3    0.020191    0.205951    1.245150   15.311707 v _3949_/X (sky130_fd_sc_hd__or4b_4)
                                                         _1951_ (net)
                      0.205951    0.000602   15.312308 v hold47/A (sky130_fd_sc_hd__dlygate4sd3_1)
     9    0.040733    0.416085    1.529655   16.841963 v hold47/X (sky130_fd_sc_hd__dlygate4sd3_1)
                                                         net522 (net)
                      0.416085    0.001041   16.843004 v _4263_/A (sky130_fd_sc_hd__or2_2)
    11    0.033252    0.247080    0.991498   17.834503 v _4263_/X (sky130_fd_sc_hd__or2_2)
                                                         _2127_ (net)
                      0.247080    0.000352   17.834854 v hold48/A (sky130_fd_sc_hd__dlygate4sd3_1)
     1    0.003314    0.111143    1.217836   19.052691 v hold48/X (sky130_fd_sc_hd__dlygate4sd3_1)
                                                         net523 (net)
                      0.111143    0.000105   19.052795 v fanout180/A (sky130_fd_sc_hd__clkbuf_4)
    21    0.069197    0.250626    0.431188   19.483982 v fanout180/X (sky130_fd_sc_hd__clkbuf_4)
                                                         net180 (net)
                      0.250653    0.002698   19.486681 v _4886_/A2 (sky130_fd_sc_hd__o221a_1)
     1    0.003249    0.096212    0.522260   20.008942 v _4886_/X (sky130_fd_sc_hd__o221a_1)
                                                         _2617_ (net)
                      0.096212    0.000096   20.009037 v _4887_/C1 (sky130_fd_sc_hd__o221a_1)
     1    0.003720    0.101734    0.237339   20.246376 v _4887_/X (sky130_fd_sc_hd__o221a_1)
                                                         _2618_ (net)
                      0.101734    0.000092   20.246468 v _4888_/C1 (sky130_fd_sc_hd__a221o_1)
     1    0.018302    0.225664    0.655994   20.902462 v _4888_/X (sky130_fd_sc_hd__a221o_1)
                                                         _2619_ (net)
                      0.225669    0.001455   20.903917 v _4890_/B1 (sky130_fd_sc_hd__a221o_1)
     1    0.010499    0.166503    0.685031   21.588947 v _4890_/X (sky130_fd_sc_hd__a221o_1)
                                                         _2621_ (net)
                      0.166503    0.000503   21.589451 v _4891_/B2 (sky130_fd_sc_hd__a221o_1)
     1    0.002690    0.090474    0.622139   22.211590 v _4891_/X (sky130_fd_sc_hd__a221o_1)
                                                         _2622_ (net)
                      0.090474    0.000078   22.211668 v _4892_/B1 (sky130_fd_sc_hd__o211a_1)
     1    0.007773    0.114437    0.279034   22.490702 v _4892_/X (sky130_fd_sc_hd__o211a_1)
                                                         _2623_ (net)
                      0.114437    0.000343   22.491045 v _4893_/B1 (sky130_fd_sc_hd__a211o_1)
     1    0.004305    0.100300    0.532781   23.023825 v _4893_/X (sky130_fd_sc_hd__a211o_1)
                                                         _2624_ (net)
                      0.100300    0.000133   23.023958 v _4894_/C1 (sky130_fd_sc_hd__o211a_1)
     1    0.006185    0.100993    0.242613   23.266571 v _4894_/X (sky130_fd_sc_hd__o211a_1)
                                                         _2625_ (net)
                      0.100993    0.000215   23.266787 v _4895_/D1 (sky130_fd_sc_hd__a2111o_4)
     3    0.047712    0.226185    0.834080   24.100866 v _4895_/X (sky130_fd_sc_hd__a2111o_4)
                                                         net90 (net)
                      0.226208    0.002467   24.103333 v output90/A (sky130_fd_sc_hd__buf_12)
     1    0.191046    0.173638    0.416710   24.520044 v output90/X (sky130_fd_sc_hd__buf_12)
                                                         wbs_dat_o[1] (net)
                      0.173766    0.004247   24.524290 v wbs_dat_o[1] (out)
                                             24.524290   data arrival time

                                 25.000000   25.000000   clock clk (rise edge)
                                  4.650000   29.650000   clock network delay (propagated)
                                 -0.250000   29.400000   clock uncertainty
                                  0.000000   29.400000   clock reconvergence pessimism
                                 -3.620000   25.779999   output external delay
                                             25.779999   data required time
---------------------------------------------------------------------------------------------
                                             25.779999   data required time
                                            -24.524290   data arrival time
---------------------------------------------------------------------------------------------
                                              1.255708   slack (MET)




===========================================================================
report_checks --slack_max -0.01
============================================================================
======================= nom_ss_100C_1v60 Corner ===================================

No paths found.


===========================================================================
 report_check_types -max_slew -max_cap -max_fanout -violators
============================================================================
======================= nom_ss_100C_1v60 Corner ===================================

max slew

Pin                                        Limit        Slew       Slack
------------------------------------------------------------------------
ANTENNA__3955__A0/DIODE                 0.750000    1.261480   -0.511480 (VIOLATED)
_3955_/A0                               0.750000    1.261480   -0.511480 (VIOLATED)
ANTENNA__4163__A0/DIODE                 0.750000    1.261468   -0.511468 (VIOLATED)
ANTENNA__4200__A0/DIODE                 0.750000    1.261468   -0.511468 (VIOLATED)
ANTENNA__4246__A0/DIODE                 0.750000    1.261468   -0.511468 (VIOLATED)
ANTENNA__4265__A1/DIODE                 0.750000    1.261468   -0.511468 (VIOLATED)
ANTENNA__4294__A1/DIODE                 0.750000    1.261468   -0.511468 (VIOLATED)
ANTENNA__4740__A0/DIODE                 0.750000    1.261468   -0.511468 (VIOLATED)
ANTENNA_hold76_X/DIODE                  0.750000    1.261468   -0.511468 (VIOLATED)
_4163_/A0                               0.750000    1.261468   -0.511468 (VIOLATED)
_4200_/A0                               0.750000    1.261468   -0.511468 (VIOLATED)
_4246_/A0                               0.750000    1.261468   -0.511468 (VIOLATED)
_4265_/A1                               0.750000    1.261468   -0.511468 (VIOLATED)
_4294_/A1                               0.750000    1.261468   -0.511468 (VIOLATED)
_4740_/A0                               0.750000    1.261468   -0.511468 (VIOLATED)
hold76/X                                0.750000    1.261468   -0.511468 (VIOLATED)
ANTENNA__3956__A0/DIODE                 0.750000    1.162175   -0.412175 (VIOLATED)
_3956_/A0                               0.750000    1.162175   -0.412175 (VIOLATED)
ANTENNA__4295__A1/DIODE                 0.750000    1.162164   -0.412164 (VIOLATED)
_4295_/A1                               0.750000    1.162164   -0.412164 (VIOLATED)
ANTENNA__4266__A1/DIODE                 0.750000    1.162163   -0.412163 (VIOLATED)
_4266_/A1                               0.750000    1.162163   -0.412163 (VIOLATED)
ANTENNA__4164__A0/DIODE                 0.750000    1.162155   -0.412155 (VIOLATED)
ANTENNA__4201__A0/DIODE                 0.750000    1.162155   -0.412155 (VIOLATED)
ANTENNA__4247__A0/DIODE                 0.750000    1.162155   -0.412155 (VIOLATED)
ANTENNA__4741__A0/DIODE                 0.750000    1.162155   -0.412155 (VIOLATED)
ANTENNA_hold58_X/DIODE                  0.750000    1.162155   -0.412155 (VIOLATED)
_4164_/A0                               0.750000    1.162155   -0.412155 (VIOLATED)
_4201_/A0                               0.750000    1.162155   -0.412155 (VIOLATED)
_4247_/A0                               0.750000    1.162155   -0.412155 (VIOLATED)
_4741_/A0                               0.750000    1.162155   -0.412155 (VIOLATED)
hold58/X                                0.750000    1.162155   -0.412155 (VIOLATED)
ANTENNA_fanout355_A/DIODE               0.750000    1.093570   -0.343570 (VIOLATED)
fanout355/A                             0.750000    1.093570   -0.343570 (VIOLATED)
ANTENNA_fanout357_A/DIODE               0.750000    1.093560   -0.343560 (VIOLATED)
ANTENNA_hold158_X/DIODE                 0.750000    1.093560   -0.343560 (VIOLATED)
fanout357/A                             0.750000    1.093560   -0.343560 (VIOLATED)
hold158/X                               0.750000    1.093560   -0.343560 (VIOLATED)
ANTENNA__5197__A2/DIODE                 0.750000    1.047258   -0.297258 (VIOLATED)
_5197_/A2                               0.750000    1.047258   -0.297258 (VIOLATED)
ANTENNA__5181__A2/DIODE                 0.750000    1.047257   -0.297257 (VIOLATED)
_5181_/A2                               0.750000    1.047257   -0.297257 (VIOLATED)
ANTENNA_fanout269_A/DIODE               0.750000    1.047257   -0.297257 (VIOLATED)
fanout269/A                             0.750000    1.047257   -0.297257 (VIOLATED)
ANTENNA__4996__B2/DIODE                 0.750000    1.047254   -0.297254 (VIOLATED)
_4996_/B2                               0.750000    1.047254   -0.297254 (VIOLATED)
ANTENNA__3125__Y/DIODE                  0.750000    1.047252   -0.297252 (VIOLATED)
_3125_/Y                                0.750000    1.047252   -0.297252 (VIOLATED)
_4140_/Y                                0.750000    0.980282   -0.230282 (VIOLATED)
_4141_/A1                               0.750000    0.980282   -0.230282 (VIOLATED)
_4433_/A                                0.750000    0.980282   -0.230282 (VIOLATED)
_4434_/A                                0.750000    0.980282   -0.230282 (VIOLATED)
max_cap148/A                            0.750000    0.980282   -0.230282 (VIOLATED)
_4976_/C1                               0.750000    0.978444   -0.228444 (VIOLATED)
ANTENNA__4976__C1/DIODE                 0.750000    0.978443   -0.228443 (VIOLATED)
_5108_/C1                               0.750000    0.978441   -0.228441 (VIOLATED)
ANTENNA__5108__C1/DIODE                 0.750000    0.978440   -0.228440 (VIOLATED)
ANTENNA__3351__Y/DIODE                  0.750000    0.978438   -0.228438 (VIOLATED)
ANTENNA__5121__A_N/DIODE                0.750000    0.978438   -0.228438 (VIOLATED)
_3351_/Y                                0.750000    0.978438   -0.228438 (VIOLATED)
_5121_/A_N                              0.750000    0.978438   -0.228438 (VIOLATED)
input23/A                               0.750000    0.920233   -0.170233 (VIOLATED)
ANTENNA_input27_A/DIODE                 0.750000    0.920203   -0.170203 (VIOLATED)
ANTENNA_hold152_A/DIODE                 0.750000    0.920195   -0.170195 (VIOLATED)
ANTENNA_hold131_A/DIODE                 0.750000    0.920185   -0.170185 (VIOLATED)
input27/A                               0.750000    0.920178   -0.170178 (VIOLATED)
ANTENNA_hold149_A/DIODE                 0.750000    0.920169   -0.170169 (VIOLATED)
hold124/A                               0.750000    0.920169   -0.170169 (VIOLATED)
ANTENNA_input24_A/DIODE                 0.750000    0.920161   -0.170161 (VIOLATED)
input15/A                               0.750000    0.920155   -0.170155 (VIOLATED)
hold152/A                               0.750000    0.920149   -0.170149 (VIOLATED)
ANTENNA_input15_A/DIODE                 0.750000    0.920143   -0.170143 (VIOLATED)
ANTENNA_input23_A/DIODE                 0.750000    0.920143   -0.170143 (VIOLATED)
ANTENNA_input26_A/DIODE                 0.750000    0.920140   -0.170140 (VIOLATED)
input19/A                               0.750000    0.920139   -0.170139 (VIOLATED)
input24/A                               0.750000    0.920133   -0.170133 (VIOLATED)
ANTENNA_hold11_A/DIODE                  0.750000    0.920130   -0.170131 (VIOLATED)
ANTENNA_hold154_A/DIODE                 0.750000    0.920127   -0.170127 (VIOLATED)
hold149/A                               0.750000    0.920126   -0.170126 (VIOLATED)
ANTENNA_hold124_A/DIODE                 0.750000    0.920119   -0.170119 (VIOLATED)
ANTENNA_input19_A/DIODE                 0.750000    0.920117   -0.170117 (VIOLATED)
hold154/A                               0.750000    0.920117   -0.170117 (VIOLATED)
input20/A                               0.750000    0.920115   -0.170115 (VIOLATED)
hold131/A                               0.750000    0.920109   -0.170109 (VIOLATED)
hold292/A                               0.750000    0.920109   -0.170109 (VIOLATED)
input7/A                                0.750000    0.920108   -0.170108 (VIOLATED)
ANTENNA_input21_A/DIODE                 0.750000    0.920107   -0.170107 (VIOLATED)
input22/A                               0.750000    0.920105   -0.170105 (VIOLATED)
input26/A                               0.750000    0.920105   -0.170105 (VIOLATED)
ANTENNA_input18_A/DIODE                 0.750000    0.920105   -0.170105 (VIOLATED)
ANTENNA_input7_A/DIODE                  0.750000    0.920105   -0.170105 (VIOLATED)
ANTENNA_input20_A/DIODE                 0.750000    0.920104   -0.170104 (VIOLATED)
input30/A                               0.750000    0.920102   -0.170102 (VIOLATED)
hold11/A                                0.750000    0.920099   -0.170099 (VIOLATED)
input18/A                               0.750000    0.920099   -0.170099 (VIOLATED)
input21/A                               0.750000    0.920099   -0.170099 (VIOLATED)
input17/A                               0.750000    0.920098   -0.170098 (VIOLATED)
input16/A                               0.750000    0.920096   -0.170096 (VIOLATED)
input8/A                                0.750000    0.920095   -0.170095 (VIOLATED)
ANTENNA_hold291_A/DIODE                 0.750000    0.920095   -0.170095 (VIOLATED)
ANTENNA_input22_A/DIODE                 0.750000    0.920091   -0.170091 (VIOLATED)
hold69/A                                0.750000    0.920089   -0.170089 (VIOLATED)
hold243/A                               0.750000    0.920088   -0.170088 (VIOLATED)
hold59/A                                0.750000    0.920087   -0.170087 (VIOLATED)
hold29/A                                0.750000    0.920084   -0.170084 (VIOLATED)
ANTENNA_input17_A/DIODE                 0.750000    0.920083   -0.170083 (VIOLATED)
hold291/A                               0.750000    0.920078   -0.170078 (VIOLATED)
ANTENNA_input30_A/DIODE                 0.750000    0.920077   -0.170077 (VIOLATED)
ANTENNA_hold69_A/DIODE                  0.750000    0.920077   -0.170077 (VIOLATED)
ANTENNA_hold243_A/DIODE                 0.750000    0.920076   -0.170076 (VIOLATED)
ANTENNA_hold59_A/DIODE                  0.750000    0.920076   -0.170076 (VIOLATED)
ANTENNA_input16_A/DIODE                 0.750000    0.920076   -0.170076 (VIOLATED)
hold51/A                                0.750000    0.920076   -0.170076 (VIOLATED)
hold84/A                                0.750000    0.920076   -0.170076 (VIOLATED)
ANTENNA_input8_A/DIODE                  0.750000    0.920074   -0.170074 (VIOLATED)
ANTENNA_hold292_A/DIODE                 0.750000    0.920072   -0.170072 (VIOLATED)
ANTENNA_hold77_A/DIODE                  0.750000    0.920070   -0.170070 (VIOLATED)
hold119/A                               0.750000    0.920070   -0.170070 (VIOLATED)
ANTENNA_hold29_A/DIODE                  0.750000    0.920069   -0.170069 (VIOLATED)
hold77/A                                0.750000    0.920069   -0.170069 (VIOLATED)
hold81/A                                0.750000    0.920068   -0.170068 (VIOLATED)
ANTENNA_hold51_A/DIODE                  0.750000    0.920064   -0.170064 (VIOLATED)
ANTENNA_hold84_A/DIODE                  0.750000    0.920064   -0.170064 (VIOLATED)
ANTENNA_hold81_A/DIODE                  0.750000    0.920062   -0.170062 (VIOLATED)
ANTENNA_hold119_A/DIODE                 0.750000    0.920060   -0.170060 (VIOLATED)
wbs_adr_i[0]                            0.750000    0.920000   -0.170000 (VIOLATED)
wbs_adr_i[10]                           0.750000    0.920000   -0.170000 (VIOLATED)
wbs_adr_i[11]                           0.750000    0.920000   -0.170000 (VIOLATED)
wbs_adr_i[12]                           0.750000    0.920000   -0.170000 (VIOLATED)
wbs_adr_i[13]                           0.750000    0.920000   -0.170000 (VIOLATED)
wbs_adr_i[14]                           0.750000    0.920000   -0.170000 (VIOLATED)
wbs_adr_i[15]                           0.750000    0.920000   -0.170000 (VIOLATED)
wbs_adr_i[16]                           0.750000    0.920000   -0.170000 (VIOLATED)
wbs_adr_i[17]                           0.750000    0.920000   -0.170000 (VIOLATED)
wbs_adr_i[18]                           0.750000    0.920000   -0.170000 (VIOLATED)
wbs_adr_i[19]                           0.750000    0.920000   -0.170000 (VIOLATED)
wbs_adr_i[1]                            0.750000    0.920000   -0.170000 (VIOLATED)
wbs_adr_i[20]                           0.750000    0.920000   -0.170000 (VIOLATED)
wbs_adr_i[21]                           0.750000    0.920000   -0.170000 (VIOLATED)
wbs_adr_i[22]                           0.750000    0.920000   -0.170000 (VIOLATED)
wbs_adr_i[23]                           0.750000    0.920000   -0.170000 (VIOLATED)
wbs_adr_i[24]                           0.750000    0.920000   -0.170000 (VIOLATED)
wbs_adr_i[25]                           0.750000    0.920000   -0.170000 (VIOLATED)
wbs_adr_i[26]                           0.750000    0.920000   -0.170000 (VIOLATED)
wbs_adr_i[27]                           0.750000    0.920000   -0.170000 (VIOLATED)
wbs_adr_i[28]                           0.750000    0.920000   -0.170000 (VIOLATED)
wbs_adr_i[29]                           0.750000    0.920000   -0.170000 (VIOLATED)
wbs_adr_i[2]                            0.750000    0.920000   -0.170000 (VIOLATED)
wbs_adr_i[30]                           0.750000    0.920000   -0.170000 (VIOLATED)
wbs_adr_i[31]                           0.750000    0.920000   -0.170000 (VIOLATED)
wbs_adr_i[3]                            0.750000    0.920000   -0.170000 (VIOLATED)
wbs_adr_i[4]                            0.750000    0.920000   -0.170000 (VIOLATED)
wbs_adr_i[5]                            0.750000    0.920000   -0.170000 (VIOLATED)
wbs_adr_i[6]                            0.750000    0.920000   -0.170000 (VIOLATED)
wbs_adr_i[7]                            0.750000    0.920000   -0.170000 (VIOLATED)
wbs_adr_i[8]                            0.750000    0.920000   -0.170000 (VIOLATED)
wbs_adr_i[9]                            0.750000    0.920000   -0.170000 (VIOLATED)
_4038_/A                                0.750000    0.885996   -0.135996 (VIOLATED)
ANTENNA__4038__A/DIODE                  0.750000    0.885995   -0.135995 (VIOLATED)
ANTENNA__4023__A2/DIODE                 0.750000    0.885986   -0.135986 (VIOLATED)
_4023_/A2                               0.750000    0.885985   -0.135985 (VIOLATED)
_3984_/C1                               0.750000    0.885979   -0.135979 (VIOLATED)
_3986_/A                                0.750000    0.885979   -0.135979 (VIOLATED)
ANTENNA__3986__A/DIODE                  0.750000    0.885978   -0.135978 (VIOLATED)
ANTENNA__3984__C1/DIODE                 0.750000    0.885977   -0.135977 (VIOLATED)
_3972_/A1                               0.750000    0.885970   -0.135970 (VIOLATED)
ANTENNA__3972__A1/DIODE                 0.750000    0.885967   -0.135968 (VIOLATED)
_4027_/A2                               0.750000    0.885964   -0.135964 (VIOLATED)
ANTENNA__4027__A2/DIODE                 0.750000    0.885964   -0.135964 (VIOLATED)
_4025_/A2                               0.750000    0.885954   -0.135954 (VIOLATED)
ANTENNA__4025__A2/DIODE                 0.750000    0.885952   -0.135952 (VIOLATED)
ANTENNA__3547__B/DIODE                  0.750000    0.885884   -0.135884 (VIOLATED)
_3547_/B                                0.750000    0.885884   -0.135884 (VIOLATED)
ANTENNA__3546__Y/DIODE                  0.750000    0.885873   -0.135874 (VIOLATED)
ANTENNA__4794__B1_N/DIODE               0.750000    0.885872   -0.135872 (VIOLATED)
_4794_/B1_N                             0.750000    0.885872   -0.135872 (VIOLATED)
_3546_/Y                                0.750000    0.885871   -0.135871 (VIOLATED)
ANTENNA__5150__C1/DIODE                 0.750000    0.852354   -0.102354 (VIOLATED)
_5150_/C1                               0.750000    0.852354   -0.102354 (VIOLATED)
_5009_/A2                               0.750000    0.852351   -0.102352 (VIOLATED)
ANTENNA__5009__A2/DIODE                 0.750000    0.852351   -0.102351 (VIOLATED)
_4962_/A2                               0.750000    0.852351   -0.102351 (VIOLATED)
ANTENNA__4962__A2/DIODE                 0.750000    0.852350   -0.102350 (VIOLATED)
_5001_/A2                               0.750000    0.852350   -0.102350 (VIOLATED)
ANTENNA__5001__A2/DIODE                 0.750000    0.852350   -0.102350 (VIOLATED)
ANTENNA__3314__Y/DIODE                  0.750000    0.852338   -0.102338 (VIOLATED)
ANTENNA_fanout197_A/DIODE               0.750000    0.852338   -0.102338 (VIOLATED)
_3314_/Y                                0.750000    0.852338   -0.102338 (VIOLATED)
fanout197/A                             0.750000    0.852338   -0.102338 (VIOLATED)
ANTENNA_hold6_A/DIODE                   0.750000    0.840484   -0.090484 (VIOLATED)
ANTENNA_hold27_A/DIODE                  0.750000    0.840442   -0.090442 (VIOLATED)
hold6/A                                 0.750000    0.840393   -0.090393 (VIOLATED)
ANTENNA_hold4_A/DIODE                   0.750000    0.840285   -0.090285 (VIOLATED)
ANTENNA_hold25_A/DIODE                  0.750000    0.840285   -0.090285 (VIOLATED)
hold27/A                                0.750000    0.840281   -0.090281 (VIOLATED)
ANTENNA_hold140_A/DIODE                 0.750000    0.840272   -0.090272 (VIOLATED)
ANTENNA_hold15_A/DIODE                  0.750000    0.840253   -0.090253 (VIOLATED)
hold4/A                                 0.750000    0.840248   -0.090248 (VIOLATED)
ANTENNA_hold39_A/DIODE                  0.750000    0.840231   -0.090231 (VIOLATED)
ANTENNA_hold127_A/DIODE                 0.750000    0.840225   -0.090225 (VIOLATED)
ANTENNA_hold35_A/DIODE                  0.750000    0.840215   -0.090215 (VIOLATED)
ANTENNA_hold42_A/DIODE                  0.750000    0.840202   -0.090202 (VIOLATED)
ANTENNA_hold111_A/DIODE                 0.750000    0.840201   -0.090201 (VIOLATED)
hold15/A                                0.750000    0.840189   -0.090189 (VIOLATED)
hold35/A                                0.750000    0.840178   -0.090178 (VIOLATED)
hold42/A                                0.750000    0.840172   -0.090172 (VIOLATED)
ANTENNA_hold19_A/DIODE                  0.750000    0.840166   -0.090166 (VIOLATED)
hold25/A                                0.750000    0.840165   -0.090165 (VIOLATED)
ANTENNA_hold17_A/DIODE                  0.750000    0.840164   -0.090164 (VIOLATED)
ANTENNA_hold93_A/DIODE                  0.750000    0.840163   -0.090163 (VIOLATED)
hold39/A                                0.750000    0.840160   -0.090160 (VIOLATED)
ANTENNA_hold63_A/DIODE                  0.750000    0.840158   -0.090158 (VIOLATED)
ANTENNA_hold138_A/DIODE                 0.750000    0.840158   -0.090158 (VIOLATED)
hold17/A                                0.750000    0.840156   -0.090156 (VIOLATED)
ANTENNA_hold113_A/DIODE                 0.750000    0.840151   -0.090151 (VIOLATED)
ANTENNA_hold117_A/DIODE                 0.750000    0.840146   -0.090146 (VIOLATED)
ANTENNA_hold57_A/DIODE                  0.750000    0.840144   -0.090144 (VIOLATED)
ANTENNA_hold136_A/DIODE                 0.750000    0.840143   -0.090143 (VIOLATED)
ANTENNA_hold147_A/DIODE                 0.750000    0.840138   -0.090139 (VIOLATED)
hold127/A                               0.750000    0.840135   -0.090135 (VIOLATED)
hold140/A                               0.750000    0.840134   -0.090134 (VIOLATED)
ANTENNA_hold204_A/DIODE                 0.750000    0.840133   -0.090133 (VIOLATED)
hold113/A                               0.750000    0.840132   -0.090132 (VIOLATED)
hold63/A                                0.750000    0.840130   -0.090130 (VIOLATED)
hold98/A                                0.750000    0.840123   -0.090123 (VIOLATED)
hold57/A                                0.750000    0.840121   -0.090121 (VIOLATED)
hold111/A                               0.750000    0.840115   -0.090115 (VIOLATED)
hold204/A                               0.750000    0.840111   -0.090111 (VIOLATED)
hold136/A                               0.750000    0.840107   -0.090107 (VIOLATED)
ANTENNA_hold23_A/DIODE                  0.750000    0.840107   -0.090107 (VIOLATED)
hold19/A                                0.750000    0.840103   -0.090103 (VIOLATED)
ANTENNA_hold1_A/DIODE                   0.750000    0.840102   -0.090102 (VIOLATED)
ANTENNA_hold129_A/DIODE                 0.750000    0.840102   -0.090102 (VIOLATED)
ANTENNA_hold67_A/DIODE                  0.750000    0.840101   -0.090101 (VIOLATED)
ANTENNA_hold73_A/DIODE                  0.750000    0.840099   -0.090099 (VIOLATED)
hold1/A                                 0.750000    0.840099   -0.090099 (VIOLATED)
hold117/A                               0.750000    0.840096   -0.090096 (VIOLATED)
hold93/A                                0.750000    0.840092   -0.090092 (VIOLATED)
ANTENNA_hold37_A/DIODE                  0.750000    0.840091   -0.090091 (VIOLATED)
hold138/A                               0.750000    0.840090   -0.090090 (VIOLATED)
hold67/A                                0.750000    0.840090   -0.090090 (VIOLATED)
hold73/A                                0.750000    0.840089   -0.090089 (VIOLATED)
hold23/A                                0.750000    0.840088   -0.090088 (VIOLATED)
ANTENNA_hold98_A/DIODE                  0.750000    0.840086   -0.090086 (VIOLATED)
hold147/A                               0.750000    0.840086   -0.090086 (VIOLATED)
hold37/A                                0.750000    0.840085   -0.090085 (VIOLATED)
hold129/A                               0.750000    0.840079   -0.090079 (VIOLATED)
hold65/A                                0.750000    0.840076   -0.090076 (VIOLATED)
hold21/A                                0.750000    0.840076   -0.090076 (VIOLATED)
hold75/A                                0.750000    0.840070   -0.090070 (VIOLATED)
ANTENNA_hold65_A/DIODE                  0.750000    0.840069   -0.090069 (VIOLATED)
ANTENNA_hold75_A/DIODE                  0.750000    0.840066   -0.090066 (VIOLATED)
ANTENNA_hold21_A/DIODE                  0.750000    0.840064   -0.090064 (VIOLATED)
wbs_dat_i[0]                            0.750000    0.840000   -0.090000 (VIOLATED)
wbs_dat_i[10]                           0.750000    0.840000   -0.090000 (VIOLATED)
wbs_dat_i[11]                           0.750000    0.840000   -0.090000 (VIOLATED)
wbs_dat_i[12]                           0.750000    0.840000   -0.090000 (VIOLATED)
wbs_dat_i[13]                           0.750000    0.840000   -0.090000 (VIOLATED)
wbs_dat_i[14]                           0.750000    0.840000   -0.090000 (VIOLATED)
wbs_dat_i[15]                           0.750000    0.840000   -0.090000 (VIOLATED)
wbs_dat_i[16]                           0.750000    0.840000   -0.090000 (VIOLATED)
wbs_dat_i[17]                           0.750000    0.840000   -0.090000 (VIOLATED)
wbs_dat_i[18]                           0.750000    0.840000   -0.090000 (VIOLATED)
wbs_dat_i[19]                           0.750000    0.840000   -0.090000 (VIOLATED)
wbs_dat_i[1]                            0.750000    0.840000   -0.090000 (VIOLATED)
wbs_dat_i[20]                           0.750000    0.840000   -0.090000 (VIOLATED)
wbs_dat_i[21]                           0.750000    0.840000   -0.090000 (VIOLATED)
wbs_dat_i[22]                           0.750000    0.840000   -0.090000 (VIOLATED)
wbs_dat_i[23]                           0.750000    0.840000   -0.090000 (VIOLATED)
wbs_dat_i[24]                           0.750000    0.840000   -0.090000 (VIOLATED)
wbs_dat_i[25]                           0.750000    0.840000   -0.090000 (VIOLATED)
wbs_dat_i[26]                           0.750000    0.840000   -0.090000 (VIOLATED)
wbs_dat_i[27]                           0.750000    0.840000   -0.090000 (VIOLATED)
wbs_dat_i[28]                           0.750000    0.840000   -0.090000 (VIOLATED)
wbs_dat_i[29]                           0.750000    0.840000   -0.090000 (VIOLATED)
wbs_dat_i[2]                            0.750000    0.840000   -0.090000 (VIOLATED)
wbs_dat_i[30]                           0.750000    0.840000   -0.090000 (VIOLATED)
wbs_dat_i[31]                           0.750000    0.840000   -0.090000 (VIOLATED)
wbs_dat_i[3]                            0.750000    0.840000   -0.090000 (VIOLATED)
wbs_dat_i[4]                            0.750000    0.840000   -0.090000 (VIOLATED)
wbs_dat_i[5]                            0.750000    0.840000   -0.090000 (VIOLATED)
wbs_dat_i[6]                            0.750000    0.840000   -0.090000 (VIOLATED)
wbs_dat_i[7]                            0.750000    0.840000   -0.090000 (VIOLATED)
wbs_dat_i[8]                            0.750000    0.840000   -0.090000 (VIOLATED)
wbs_dat_i[9]                            0.750000    0.840000   -0.090000 (VIOLATED)
ANTENNA_fanout360_A/DIODE               0.750000    0.838746   -0.088747 (VIOLATED)
ANTENNA_fanout361_A/DIODE               0.750000    0.838746   -0.088747 (VIOLATED)
ANTENNA_fanout362_A/DIODE               0.750000    0.838746   -0.088747 (VIOLATED)
ANTENNA_hold148_X/DIODE                 0.750000    0.838746   -0.088747 (VIOLATED)
fanout360/A                             0.750000    0.838746   -0.088747 (VIOLATED)
fanout361/A                             0.750000    0.838746   -0.088747 (VIOLATED)
fanout362/A                             0.750000    0.838746   -0.088747 (VIOLATED)
hold148/X                               0.750000    0.838746   -0.088747 (VIOLATED)
_5345_/S                                0.750000    0.835849   -0.085849 (VIOLATED)
ANTENNA__5345__S/DIODE                  0.750000    0.835847   -0.085847 (VIOLATED)
_5341_/S                                0.750000    0.835847   -0.085847 (VIOLATED)
ANTENNA__5341__S/DIODE                  0.750000    0.835846   -0.085846 (VIOLATED)
ANTENNA__5349__S/DIODE                  0.750000    0.835835   -0.085835 (VIOLATED)
_5349_/S                                0.750000    0.835828   -0.085829 (VIOLATED)
_5343_/S                                0.750000    0.835815   -0.085815 (VIOLATED)
ANTENNA__5343__S/DIODE                  0.750000    0.835813   -0.085813 (VIOLATED)
_5344_/S                                0.750000    0.835785   -0.085785 (VIOLATED)
_5346_/S                                0.750000    0.835784   -0.085784 (VIOLATED)
ANTENNA__5344__S/DIODE                  0.750000    0.835780   -0.085780 (VIOLATED)
ANTENNA__5346__S/DIODE                  0.750000    0.835760   -0.085760 (VIOLATED)
_4352_/Y                                0.750000    0.835756   -0.085756 (VIOLATED)
wire147/A                               0.750000    0.835756   -0.085756 (VIOLATED)
_5348_/S                                0.750000    0.835688   -0.085688 (VIOLATED)
ANTENNA__5348__S/DIODE                  0.750000    0.835680   -0.085680 (VIOLATED)
_5342_/S                                0.750000    0.835630   -0.085630 (VIOLATED)
ANTENNA__5342__S/DIODE                  0.750000    0.835629   -0.085629 (VIOLATED)
ANTENNA__5347__S/DIODE                  0.750000    0.835602   -0.085602 (VIOLATED)
_5347_/S                                0.750000    0.835595   -0.085595 (VIOLATED)
ANTENNA__5340__Y/DIODE                  0.750000    0.835565   -0.085565 (VIOLATED)
_5340_/Y                                0.750000    0.835562   -0.085562 (VIOLATED)
_4394_/A                                0.750000    0.830167   -0.080167 (VIOLATED)
_4777_/S                                0.750000    0.830167   -0.080167 (VIOLATED)
ANTENNA__4394__A/DIODE                  0.750000    0.830167   -0.080167 (VIOLATED)
ANTENNA__4777__S/DIODE                  0.750000    0.830166   -0.080166 (VIOLATED)
_4775_/S                                0.750000    0.830164   -0.080164 (VIOLATED)
ANTENNA__4775__S/DIODE                  0.750000    0.830161   -0.080161 (VIOLATED)
_4772_/S                                0.750000    0.830146   -0.080146 (VIOLATED)
ANTENNA__4772__S/DIODE                  0.750000    0.830144   -0.080144 (VIOLATED)
_4768_/S                                0.750000    0.830140   -0.080140 (VIOLATED)
ANTENNA__4768__S/DIODE                  0.750000    0.830123   -0.080123 (VIOLATED)
_4764_/A1                               0.750000    0.830096   -0.080096 (VIOLATED)
ANTENNA__4764__A1/DIODE                 0.750000    0.830090   -0.080090 (VIOLATED)
_4362_/B1                               0.750000    0.829986   -0.079986 (VIOLATED)
ANTENNA__4362__B1/DIODE                 0.750000    0.829964   -0.079964 (VIOLATED)
_4442_/C                                0.750000    0.829919   -0.079919 (VIOLATED)
_4404_/A1                               0.750000    0.829911   -0.079911 (VIOLATED)
ANTENNA__4404__A1/DIODE                 0.750000    0.829910   -0.079910 (VIOLATED)
ANTENNA__4442__C/DIODE                  0.750000    0.829908   -0.079908 (VIOLATED)
ANTENNA__3267__Y/DIODE                  0.750000    0.829831   -0.079831 (VIOLATED)
_3267_/Y                                0.750000    0.829831   -0.079831 (VIOLATED)
fanout332/A                             0.750000    0.825265   -0.075265 (VIOLATED)
ANTENNA_fanout332_A/DIODE               0.750000    0.825265   -0.075265 (VIOLATED)
ANTENNA__4746__A0/DIODE                 0.750000    0.825262   -0.075262 (VIOLATED)
ANTENNA_hold114_X/DIODE                 0.750000    0.825262   -0.075262 (VIOLATED)
_4746_/A0                               0.750000    0.825262   -0.075262 (VIOLATED)
hold114/X                               0.750000    0.825262   -0.075262 (VIOLATED)
_5387_/S                                0.750000    0.815237   -0.065237 (VIOLATED)
ANTENNA__5387__S/DIODE                  0.750000    0.815236   -0.065236 (VIOLATED)
_5391_/S                                0.750000    0.815232   -0.065232 (VIOLATED)
_5386_/S                                0.750000    0.815230   -0.065230 (VIOLATED)
_5388_/S                                0.750000    0.815229   -0.065229 (VIOLATED)
ANTENNA__5386__S/DIODE                  0.750000    0.815229   -0.065229 (VIOLATED)
ANTENNA__5391__S/DIODE                  0.750000    0.815229   -0.065229 (VIOLATED)
ANTENNA__5388__S/DIODE                  0.750000    0.815223   -0.065223 (VIOLATED)
_5385_/S                                0.750000    0.815223   -0.065223 (VIOLATED)
ANTENNA__5385__S/DIODE                  0.750000    0.815221   -0.065221 (VIOLATED)
_5390_/S                                0.750000    0.815179   -0.065179 (VIOLATED)
_5383_/S                                0.750000    0.815174   -0.065174 (VIOLATED)
ANTENNA__5383__S/DIODE                  0.750000    0.815173   -0.065173 (VIOLATED)
ANTENNA__5390__S/DIODE                  0.750000    0.815167   -0.065167 (VIOLATED)
_5384_/S                                0.750000    0.815114   -0.065114 (VIOLATED)
ANTENNA__5384__S/DIODE                  0.750000    0.815107   -0.065107 (VIOLATED)
_5389_/S                                0.750000    0.815063   -0.065063 (VIOLATED)
ANTENNA__5389__S/DIODE                  0.750000    0.815062   -0.065062 (VIOLATED)
ANTENNA__5382__Y/DIODE                  0.750000    0.815007   -0.065007 (VIOLATED)
_5382_/Y                                0.750000    0.815002   -0.065002 (VIOLATED)
ANTENNA__3257__Y/DIODE                  0.750000    0.801528   -0.051528 (VIOLATED)
ANTENNA__3288__D_N/DIODE                0.750000    0.801528   -0.051528 (VIOLATED)
ANTENNA__4403__A1/DIODE                 0.750000    0.801528   -0.051528 (VIOLATED)
_3257_/Y                                0.750000    0.801528   -0.051528 (VIOLATED)
_3288_/D_N                              0.750000    0.801528   -0.051528 (VIOLATED)
_4403_/A1                               0.750000    0.801528   -0.051528 (VIOLATED)
_5591_/S                                0.750000    0.778671   -0.028671 (VIOLATED)
ANTENNA__5591__S/DIODE                  0.750000    0.778671   -0.028671 (VIOLATED)
_5595_/S                                0.750000    0.778667   -0.028667 (VIOLATED)
ANTENNA__5595__S/DIODE                  0.750000    0.778665   -0.028665 (VIOLATED)
_5599_/S                                0.750000    0.778658   -0.028658 (VIOLATED)
ANTENNA__5599__S/DIODE                  0.750000    0.778656   -0.028656 (VIOLATED)
ANTENNA__5593__S/DIODE                  0.750000    0.778642   -0.028642 (VIOLATED)
_5593_/S                                0.750000    0.778642   -0.028642 (VIOLATED)
_5598_/S                                0.750000    0.778627   -0.028627 (VIOLATED)
ANTENNA__5598__S/DIODE                  0.750000    0.778624   -0.028624 (VIOLATED)
_5594_/S                                0.750000    0.778609   -0.028609 (VIOLATED)
ANTENNA__5594__S/DIODE                  0.750000    0.778605   -0.028605 (VIOLATED)
_5596_/S                                0.750000    0.778578   -0.028578 (VIOLATED)
ANTENNA__5596__S/DIODE                  0.750000    0.778562   -0.028562 (VIOLATED)
_5592_/S                                0.750000    0.778465   -0.028465 (VIOLATED)
ANTENNA__5592__S/DIODE                  0.750000    0.778460   -0.028460 (VIOLATED)
_5597_/S                                0.750000    0.778428   -0.028428 (VIOLATED)
ANTENNA__5597__S/DIODE                  0.750000    0.778427   -0.028427 (VIOLATED)
ANTENNA__5590__Y/DIODE                  0.750000    0.778398   -0.028398 (VIOLATED)
_5590_/Y                                0.750000    0.778396   -0.028396 (VIOLATED)
_3364_/S                                0.750000    0.770841   -0.020841 (VIOLATED)
_3365_/S                                0.750000    0.770839   -0.020839 (VIOLATED)
ANTENNA__3364__S/DIODE                  0.750000    0.770839   -0.020839 (VIOLATED)
ANTENNA__3365__S/DIODE                  0.750000    0.770837   -0.020837 (VIOLATED)
_3363_/S                                0.750000    0.770835   -0.020835 (VIOLATED)
ANTENNA__3363__S/DIODE                  0.750000    0.770834   -0.020834 (VIOLATED)
ANTENNA__3358__S/DIODE                  0.750000    0.770832   -0.020832 (VIOLATED)
_3358_/S                                0.750000    0.770832   -0.020832 (VIOLATED)
_3361_/S                                0.750000    0.770828   -0.020829 (VIOLATED)
ANTENNA__3361__S/DIODE                  0.750000    0.770827   -0.020827 (VIOLATED)
_3362_/S                                0.750000    0.770819   -0.020819 (VIOLATED)
ANTENNA__3362__S/DIODE                  0.750000    0.770818   -0.020818 (VIOLATED)
_3359_/S                                0.750000    0.770809   -0.020809 (VIOLATED)
ANTENNA__3359__S/DIODE                  0.750000    0.770803   -0.020803 (VIOLATED)
_3357_/S                                0.750000    0.770782   -0.020782 (VIOLATED)
ANTENNA__3357__S/DIODE                  0.750000    0.770781   -0.020781 (VIOLATED)
_3356_/S                                0.750000    0.770771   -0.020771 (VIOLATED)
ANTENNA__3356__S/DIODE                  0.750000    0.770765   -0.020765 (VIOLATED)
_3360_/S                                0.750000    0.770760   -0.020760 (VIOLATED)
ANTENNA__3360__S/DIODE                  0.750000    0.770760   -0.020760 (VIOLATED)
ANTENNA__3354__Y/DIODE                  0.750000    0.770759   -0.020759 (VIOLATED)
_3354_/Y                                0.750000    0.770757   -0.020757 (VIOLATED)
_3891_/D                                0.750000    0.764439   -0.014439 (VIOLATED)
ANTENNA__3891__D/DIODE                  0.750000    0.764438   -0.014438 (VIOLATED)
ANTENNA__3890__B/DIODE                  0.750000    0.764415   -0.014415 (VIOLATED)
_3890_/B                                0.750000    0.764415   -0.014415 (VIOLATED)
_3879_/A2_N                             0.750000    0.764409   -0.014409 (VIOLATED)
ANTENNA__3879__A2_N/DIODE               0.750000    0.764409   -0.014409 (VIOLATED)
ANTENNA__3878__Y/DIODE                  0.750000    0.764398   -0.014398 (VIOLATED)
_3878_/Y                                0.750000    0.764398   -0.014398 (VIOLATED)
_5364_/S                                0.750000    0.764382   -0.014382 (VIOLATED)
ANTENNA__5364__S/DIODE                  0.750000    0.764381   -0.014381 (VIOLATED)
_5365_/S                                0.750000    0.764376   -0.014376 (VIOLATED)
ANTENNA__5365__S/DIODE                  0.750000    0.764373   -0.014373 (VIOLATED)
_5367_/S                                0.750000    0.764369   -0.014369 (VIOLATED)
ANTENNA__5367__S/DIODE                  0.750000    0.764367   -0.014367 (VIOLATED)
_5363_/S                                0.750000    0.764352   -0.014352 (VIOLATED)
ANTENNA__5363__S/DIODE                  0.750000    0.764351   -0.014351 (VIOLATED)
_5362_/S                                0.750000    0.764344   -0.014344 (VIOLATED)
ANTENNA__5368__S/DIODE                  0.750000    0.764343   -0.014343 (VIOLATED)
ANTENNA__5362__S/DIODE                  0.750000    0.764343   -0.014343 (VIOLATED)
_5366_/S                                0.750000    0.764342   -0.014342 (VIOLATED)
ANTENNA__5366__S/DIODE                  0.750000    0.764341   -0.014341 (VIOLATED)
_5370_/S                                0.750000    0.764339   -0.014339 (VIOLATED)
_5368_/S                                0.750000    0.764338   -0.014339 (VIOLATED)
ANTENNA__5370__S/DIODE                  0.750000    0.764337   -0.014337 (VIOLATED)
_5369_/S                                0.750000    0.764332   -0.014332 (VIOLATED)
ANTENNA__5369__S/DIODE                  0.750000    0.764329   -0.014329 (VIOLATED)
ANTENNA__5361__Y/DIODE                  0.750000    0.764317   -0.014317 (VIOLATED)
_5361_/Y                                0.750000    0.764315   -0.014315 (VIOLATED)
_4971_/C1                               0.750000    0.760960   -0.010960 (VIOLATED)
ANTENNA__4971__C1/DIODE                 0.750000    0.760959   -0.010959 (VIOLATED)
fanout169/A                             0.750000    0.760957   -0.010957 (VIOLATED)
ANTENNA_fanout169_A/DIODE               0.750000    0.760957   -0.010957 (VIOLATED)
_5203_/B1                               0.750000    0.760957   -0.010957 (VIOLATED)
ANTENNA__5203__B1/DIODE                 0.750000    0.760957   -0.010957 (VIOLATED)
ANTENNA__4963__Y/DIODE                  0.750000    0.760955   -0.010955 (VIOLATED)
_4963_/Y                                0.750000    0.760955   -0.010955 (VIOLATED)
_4729_/A0                               0.750000    0.751633   -0.001633 (VIOLATED)
ANTENNA__4729__A0/DIODE                 0.750000    0.751632   -0.001632 (VIOLATED)
_4235_/A0                               0.750000    0.751613   -0.001613 (VIOLATED)
ANTENNA__4189__A0/DIODE                 0.750000    0.751612   -0.001612 (VIOLATED)
ANTENNA__4235__A0/DIODE                 0.750000    0.751612   -0.001612 (VIOLATED)
ANTENNA_hold20_X/DIODE                  0.750000    0.751612   -0.001612 (VIOLATED)
_4189_/A0                               0.750000    0.751612   -0.001612 (VIOLATED)
hold20/X                                0.750000    0.751612   -0.001612 (VIOLATED)
ANTENNA__5588__S/DIODE                  0.750000    0.751033   -0.001033 (VIOLATED)
_5588_/S                                0.750000    0.751032   -0.001032 (VIOLATED)
_5586_/S                                0.750000    0.751032   -0.001032 (VIOLATED)
ANTENNA__5586__S/DIODE                  0.750000    0.751032   -0.001032 (VIOLATED)
_5584_/S                                0.750000    0.751032   -0.001032 (VIOLATED)
ANTENNA__5584__S/DIODE                  0.750000    0.751030   -0.001030 (VIOLATED)
_5583_/S                                0.750000    0.751028   -0.001029 (VIOLATED)
ANTENNA__5583__S/DIODE                  0.750000    0.751026   -0.001026 (VIOLATED)
_5589_/S                                0.750000    0.751023   -0.001023 (VIOLATED)
ANTENNA__5589__S/DIODE                  0.750000    0.751021   -0.001021 (VIOLATED)
_5585_/S                                0.750000    0.751013   -0.001013 (VIOLATED)
ANTENNA__5585__S/DIODE                  0.750000    0.751005   -0.001005 (VIOLATED)
_5581_/S                                0.750000    0.750988   -0.000988 (VIOLATED)
ANTENNA__5581__S/DIODE                  0.750000    0.750986   -0.000986 (VIOLATED)
_5587_/S                                0.750000    0.750962   -0.000962 (VIOLATED)
ANTENNA__5587__S/DIODE                  0.750000    0.750962   -0.000962 (VIOLATED)
ANTENNA__5582__S/DIODE                  0.750000    0.750962   -0.000962 (VIOLATED)
_5582_/S                                0.750000    0.750962   -0.000962 (VIOLATED)
ANTENNA__5580__Y/DIODE                  0.750000    0.750951   -0.000951 (VIOLATED)
_5580_/Y                                0.750000    0.750951   -0.000951 (VIOLATED)

max fanout

Pin                                   Limit Fanout  Slack
---------------------------------------------------------
clkbuf_leaf_0_wb_clk_i_regs/X            10     51    -41 (VIOLATED)
clkbuf_leaf_9_wb_clk_i_regs/X            10     51    -41 (VIOLATED)
clkbuf_leaf_56_wb_clk_i_regs/X           10     43    -33 (VIOLATED)
clkbuf_leaf_51_wb_clk_i_regs/X           10     41    -31 (VIOLATED)
clkbuf_leaf_53_wb_clk_i_regs/X           10     41    -31 (VIOLATED)
clkbuf_leaf_11_wb_clk_i_regs/X           10     39    -29 (VIOLATED)
clkbuf_leaf_18_wb_clk_i_regs/X           10     39    -29 (VIOLATED)
clkbuf_leaf_1_wb_clk_i_regs/X            10     39    -29 (VIOLATED)
clkbuf_leaf_30_wb_clk_i_regs/X           10     39    -29 (VIOLATED)
clkbuf_leaf_13_wb_clk_i_regs/X           10     35    -25 (VIOLATED)
clkbuf_leaf_15_wb_clk_i_regs/X           10     35    -25 (VIOLATED)
clkbuf_leaf_23_wb_clk_i_regs/X           10     33    -23 (VIOLATED)
clkbuf_leaf_49_wb_clk_i_regs/X           10     33    -23 (VIOLATED)
clkbuf_leaf_34_wb_clk_i_regs/X           10     27    -17 (VIOLATED)
clkbuf_leaf_46_wb_clk_i_regs/X           10     27    -17 (VIOLATED)
clkbuf_leaf_6_wb_clk_i_regs/X            10     27    -17 (VIOLATED)
_3354_/Y                                 10     21    -11 (VIOLATED)
_4817_/Y                                 10     21    -11 (VIOLATED)
_6285_/Q                                 10     21    -11 (VIOLATED)
_6289_/Q                                 10     21    -11 (VIOLATED)
_6294_/Q                                 10     21    -11 (VIOLATED)
_6871_/Q                                 10     21    -11 (VIOLATED)
clkbuf_3_0_0_wb_clk_i_regs/X             10     21    -11 (VIOLATED)
clkbuf_3_2_0_wb_clk_i_regs/X             10     21    -11 (VIOLATED)
clkbuf_3_4_0_wb_clk_i_regs/X             10     21    -11 (VIOLATED)
fanout111/X                              10     21    -11 (VIOLATED)
fanout113/X                              10     21    -11 (VIOLATED)
fanout117/X                              10     21    -11 (VIOLATED)
fanout118/X                              10     21    -11 (VIOLATED)
fanout120/X                              10     21    -11 (VIOLATED)
fanout122/X                              10     21    -11 (VIOLATED)
fanout124/X                              10     21    -11 (VIOLATED)
fanout126/X                              10     21    -11 (VIOLATED)
fanout128/X                              10     21    -11 (VIOLATED)
fanout130/X                              10     21    -11 (VIOLATED)
fanout132/X                              10     21    -11 (VIOLATED)
fanout134/X                              10     21    -11 (VIOLATED)
fanout135/X                              10     21    -11 (VIOLATED)
fanout137/X                              10     21    -11 (VIOLATED)
fanout139/X                              10     21    -11 (VIOLATED)
fanout141/X                              10     21    -11 (VIOLATED)
fanout144/X                              10     21    -11 (VIOLATED)
fanout149/X                              10     21    -11 (VIOLATED)
fanout153/X                              10     21    -11 (VIOLATED)
fanout155/X                              10     21    -11 (VIOLATED)
fanout157/X                              10     21    -11 (VIOLATED)
fanout159/X                              10     21    -11 (VIOLATED)
fanout163/X                              10     21    -11 (VIOLATED)
fanout164/X                              10     21    -11 (VIOLATED)
fanout166/X                              10     21    -11 (VIOLATED)
fanout168/X                              10     21    -11 (VIOLATED)
fanout170/X                              10     21    -11 (VIOLATED)
fanout172/X                              10     21    -11 (VIOLATED)
fanout174/X                              10     21    -11 (VIOLATED)
fanout176/X                              10     21    -11 (VIOLATED)
fanout178/X                              10     21    -11 (VIOLATED)
fanout180/X                              10     21    -11 (VIOLATED)
fanout181/X                              10     21    -11 (VIOLATED)
fanout183/X                              10     21    -11 (VIOLATED)
fanout185/X                              10     21    -11 (VIOLATED)
fanout187/X                              10     21    -11 (VIOLATED)
fanout192/X                              10     21    -11 (VIOLATED)
fanout194/X                              10     21    -11 (VIOLATED)
fanout195/X                              10     21    -11 (VIOLATED)
fanout197/X                              10     21    -11 (VIOLATED)
fanout198/X                              10     21    -11 (VIOLATED)
fanout199/X                              10     21    -11 (VIOLATED)
fanout200/X                              10     21    -11 (VIOLATED)
fanout201/X                              10     21    -11 (VIOLATED)
fanout202/X                              10     21    -11 (VIOLATED)
fanout205/X                              10     21    -11 (VIOLATED)
fanout207/X                              10     21    -11 (VIOLATED)
fanout209/X                              10     21    -11 (VIOLATED)
fanout211/X                              10     21    -11 (VIOLATED)
fanout213/X                              10     21    -11 (VIOLATED)
fanout215/X                              10     21    -11 (VIOLATED)
fanout217/X                              10     21    -11 (VIOLATED)
fanout218/X                              10     21    -11 (VIOLATED)
fanout219/X                              10     21    -11 (VIOLATED)
fanout220/X                              10     21    -11 (VIOLATED)
fanout222/X                              10     21    -11 (VIOLATED)
fanout224/X                              10     21    -11 (VIOLATED)
fanout229/X                              10     21    -11 (VIOLATED)
fanout239/X                              10     21    -11 (VIOLATED)
fanout241/X                              10     21    -11 (VIOLATED)
fanout242/X                              10     21    -11 (VIOLATED)
fanout245/X                              10     21    -11 (VIOLATED)
fanout248/X                              10     21    -11 (VIOLATED)
fanout250/X                              10     21    -11 (VIOLATED)
fanout251/X                              10     21    -11 (VIOLATED)
fanout252/X                              10     21    -11 (VIOLATED)
fanout253/X                              10     21    -11 (VIOLATED)
fanout254/X                              10     21    -11 (VIOLATED)
fanout256/X                              10     21    -11 (VIOLATED)
fanout258/X                              10     21    -11 (VIOLATED)
fanout260/X                              10     21    -11 (VIOLATED)
fanout264/X                              10     21    -11 (VIOLATED)
fanout267/X                              10     21    -11 (VIOLATED)
fanout269/X                              10     21    -11 (VIOLATED)
fanout270/X                              10     21    -11 (VIOLATED)
fanout271/X                              10     21    -11 (VIOLATED)
fanout272/X                              10     21    -11 (VIOLATED)
fanout274/X                              10     21    -11 (VIOLATED)
fanout282/X                              10     21    -11 (VIOLATED)
fanout284/X                              10     21    -11 (VIOLATED)
fanout285/X                              10     21    -11 (VIOLATED)
fanout286/X                              10     21    -11 (VIOLATED)
fanout287/X                              10     21    -11 (VIOLATED)
fanout288/X                              10     21    -11 (VIOLATED)
fanout291/X                              10     21    -11 (VIOLATED)
fanout292/X                              10     21    -11 (VIOLATED)
fanout294/X                              10     21    -11 (VIOLATED)
fanout296/X                              10     21    -11 (VIOLATED)
fanout297/X                              10     21    -11 (VIOLATED)
fanout299/X                              10     21    -11 (VIOLATED)
fanout300/X                              10     21    -11 (VIOLATED)
fanout301/X                              10     21    -11 (VIOLATED)
fanout302/X                              10     21    -11 (VIOLATED)
fanout304/X                              10     21    -11 (VIOLATED)
fanout305/X                              10     21    -11 (VIOLATED)
fanout306/X                              10     21    -11 (VIOLATED)
fanout307/X                              10     21    -11 (VIOLATED)
fanout308/X                              10     21    -11 (VIOLATED)
fanout309/X                              10     21    -11 (VIOLATED)
fanout310/X                              10     21    -11 (VIOLATED)
fanout312/X                              10     21    -11 (VIOLATED)
fanout313/X                              10     21    -11 (VIOLATED)
fanout314/X                              10     21    -11 (VIOLATED)
fanout316/X                              10     21    -11 (VIOLATED)
fanout317/X                              10     21    -11 (VIOLATED)
fanout318/X                              10     21    -11 (VIOLATED)
fanout319/X                              10     21    -11 (VIOLATED)
fanout320/X                              10     21    -11 (VIOLATED)
fanout321/X                              10     21    -11 (VIOLATED)
fanout322/X                              10     21    -11 (VIOLATED)
fanout323/X                              10     21    -11 (VIOLATED)
fanout330/X                              10     21    -11 (VIOLATED)
fanout331/X                              10     21    -11 (VIOLATED)
fanout332/X                              10     21    -11 (VIOLATED)
fanout333/X                              10     21    -11 (VIOLATED)
fanout335/X                              10     21    -11 (VIOLATED)
fanout337/X                              10     21    -11 (VIOLATED)
fanout339/X                              10     21    -11 (VIOLATED)
fanout341/X                              10     21    -11 (VIOLATED)
fanout343/X                              10     21    -11 (VIOLATED)
fanout345/X                              10     21    -11 (VIOLATED)
fanout347/X                              10     21    -11 (VIOLATED)
fanout349/X                              10     21    -11 (VIOLATED)
fanout352/X                              10     21    -11 (VIOLATED)
fanout354/X                              10     21    -11 (VIOLATED)
fanout356/X                              10     21    -11 (VIOLATED)
fanout358/X                              10     21    -11 (VIOLATED)
fanout361/X                              10     21    -11 (VIOLATED)
fanout363/X                              10     21    -11 (VIOLATED)
fanout366/X                              10     21    -11 (VIOLATED)
fanout368/X                              10     21    -11 (VIOLATED)
fanout369/X                              10     21    -11 (VIOLATED)
fanout370/X                              10     21    -11 (VIOLATED)
fanout373/X                              10     21    -11 (VIOLATED)
fanout374/X                              10     21    -11 (VIOLATED)
fanout376/X                              10     21    -11 (VIOLATED)
fanout382/X                              10     21    -11 (VIOLATED)
fanout385/X                              10     21    -11 (VIOLATED)
fanout390/X                              10     21    -11 (VIOLATED)
fanout400/X                              10     21    -11 (VIOLATED)
fanout417/X                              10     21    -11 (VIOLATED)
fanout429/X                              10     21    -11 (VIOLATED)
fanout431/X                              10     21    -11 (VIOLATED)
fanout432/X                              10     21    -11 (VIOLATED)
clkbuf_leaf_36_wb_clk_i_regs/X           10     20    -10 (VIOLATED)
clkbuf_leaf_5_wb_clk_i_regs/X            10     20    -10 (VIOLATED)
_3267_/Y                                 10     19     -9 (VIOLATED)
_3355_/Y                                 10     19     -9 (VIOLATED)
_3546_/Y                                 10     19     -9 (VIOLATED)
_4809_/Y                                 10     19     -9 (VIOLATED)
_5340_/Y                                 10     19     -9 (VIOLATED)
_5351_/Y                                 10     19     -9 (VIOLATED)
_5361_/Y                                 10     19     -9 (VIOLATED)
_5371_/Y                                 10     19     -9 (VIOLATED)
_5382_/Y                                 10     19     -9 (VIOLATED)
_5404_/Y                                 10     19     -9 (VIOLATED)
_5416_/X                                 10     19     -9 (VIOLATED)
_5426_/X                                 10     19     -9 (VIOLATED)
_5448_/Y                                 10     19     -9 (VIOLATED)
_5459_/Y                                 10     19     -9 (VIOLATED)
_5490_/Y                                 10     19     -9 (VIOLATED)
_5500_/Y                                 10     19     -9 (VIOLATED)
_5510_/Y                                 10     19     -9 (VIOLATED)
_5520_/Y                                 10     19     -9 (VIOLATED)
_5530_/Y                                 10     19     -9 (VIOLATED)
_5540_/X                                 10     19     -9 (VIOLATED)
_5550_/Y                                 10     19     -9 (VIOLATED)
_5560_/Y                                 10     19     -9 (VIOLATED)
_5570_/Y                                 10     19     -9 (VIOLATED)
_5580_/Y                                 10     19     -9 (VIOLATED)
_5590_/Y                                 10     19     -9 (VIOLATED)
_5600_/X                                 10     19     -9 (VIOLATED)
_5620_/Y                                 10     19     -9 (VIOLATED)
_5630_/Y                                 10     19     -9 (VIOLATED)
_5640_/Y                                 10     19     -9 (VIOLATED)
_5652_/X                                 10     19     -9 (VIOLATED)
_5662_/Y                                 10     19     -9 (VIOLATED)
_6234_/Q                                 10     19     -9 (VIOLATED)
_6246_/Q                                 10     19     -9 (VIOLATED)
_6259_/Q                                 10     19     -9 (VIOLATED)
_6268_/Q                                 10     19     -9 (VIOLATED)
_6270_/Q                                 10     19     -9 (VIOLATED)
_6271_/Q                                 10     19     -9 (VIOLATED)
_6296_/Q                                 10     19     -9 (VIOLATED)
_6325_/Q                                 10     19     -9 (VIOLATED)
clkbuf_3_1_0_wb_clk_i_regs/X             10     19     -9 (VIOLATED)
clkbuf_leaf_10_wb_clk_i_regs/X           10     19     -9 (VIOLATED)
fanout114/X                              10     19     -9 (VIOLATED)
fanout129/X                              10     19     -9 (VIOLATED)
fanout131/X                              10     19     -9 (VIOLATED)
fanout138/X                              10     19     -9 (VIOLATED)
fanout161/X                              10     19     -9 (VIOLATED)
fanout167/X                              10     19     -9 (VIOLATED)
fanout191/X                              10     19     -9 (VIOLATED)
fanout230/X                              10     19     -9 (VIOLATED)
fanout234/X                              10     19     -9 (VIOLATED)
fanout237/X                              10     19     -9 (VIOLATED)
fanout240/X                              10     19     -9 (VIOLATED)
fanout255/X                              10     19     -9 (VIOLATED)
fanout261/X                              10     19     -9 (VIOLATED)
fanout263/X                              10     19     -9 (VIOLATED)
fanout268/X                              10     19     -9 (VIOLATED)
fanout281/X                              10     19     -9 (VIOLATED)
fanout289/X                              10     19     -9 (VIOLATED)
fanout295/X                              10     19     -9 (VIOLATED)
hold106/X                                10     19     -9 (VIOLATED)
hold9/X                                  10     19     -9 (VIOLATED)
clkbuf_leaf_52_wb_clk_i_regs/X           10     18     -8 (VIOLATED)
fanout367/X                              10     18     -8 (VIOLATED)
_3294_/X                                 10     17     -7 (VIOLATED)
_3472_/X                                 10     17     -7 (VIOLATED)
_3861_/X                                 10     17     -7 (VIOLATED)
_3891_/X                                 10     17     -7 (VIOLATED)
_4282_/X                                 10     17     -7 (VIOLATED)
_4355_/X                                 10     17     -7 (VIOLATED)
_4405_/Y                                 10     17     -7 (VIOLATED)
_6237_/Q                                 10     17     -7 (VIOLATED)
_6238_/Q                                 10     17     -7 (VIOLATED)
_6243_/Q                                 10     17     -7 (VIOLATED)
_6249_/Q                                 10     17     -7 (VIOLATED)
_6252_/Q                                 10     17     -7 (VIOLATED)
_6253_/Q                                 10     17     -7 (VIOLATED)
_6255_/Q                                 10     17     -7 (VIOLATED)
_6256_/Q                                 10     17     -7 (VIOLATED)
_6257_/Q                                 10     17     -7 (VIOLATED)
_6260_/Q                                 10     17     -7 (VIOLATED)
_6261_/Q                                 10     17     -7 (VIOLATED)
_6874_/Q                                 10     17     -7 (VIOLATED)
_6876_/Q                                 10     17     -7 (VIOLATED)
clkbuf_0_wb_clk_i_regs/X                 10     17     -7 (VIOLATED)
clkbuf_3_3_0_wb_clk_i_regs/X             10     17     -7 (VIOLATED)
clkbuf_leaf_40_wb_clk_i_regs/X           10     17     -7 (VIOLATED)
fanout112/X                              10     17     -7 (VIOLATED)
fanout136/X                              10     17     -7 (VIOLATED)
fanout140/X                              10     17     -7 (VIOLATED)
fanout142/X                              10     17     -7 (VIOLATED)
fanout150/X                              10     17     -7 (VIOLATED)
fanout342/X                              10     17     -7 (VIOLATED)
hold91/X                                 10     17     -7 (VIOLATED)
hold95/X                                 10     17     -7 (VIOLATED)
clkbuf_leaf_12_wb_clk_i_regs/X           10     16     -6 (VIOLATED)
clkbuf_leaf_2_wb_clk_i_regs/X            10     16     -6 (VIOLATED)
clkbuf_leaf_3_wb_clk_i_regs/X            10     16     -6 (VIOLATED)
clkbuf_leaf_50_wb_clk_i_regs/X           10     16     -6 (VIOLATED)
clkbuf_leaf_54_wb_clk_i_regs/X           10     16     -6 (VIOLATED)
_3548_/X                                 10     15     -5 (VIOLATED)
_4128_/X                                 10     15     -5 (VIOLATED)
_4144_/X                                 10     15     -5 (VIOLATED)
_4145_/Y                                 10     15     -5 (VIOLATED)
_4808_/Y                                 10     15     -5 (VIOLATED)
_5016_/X                                 10     15     -5 (VIOLATED)
_6240_/Q                                 10     15     -5 (VIOLATED)
_6241_/Q                                 10     15     -5 (VIOLATED)
_6250_/Q                                 10     15     -5 (VIOLATED)
clkbuf_3_5_0_wb_clk_i_regs/X             10     15     -5 (VIOLATED)
clkbuf_3_6_0_wb_clk_i_regs/X             10     15     -5 (VIOLATED)
clkbuf_leaf_14_wb_clk_i_regs/X           10     15     -5 (VIOLATED)
clkbuf_leaf_19_wb_clk_i_regs/X           10     15     -5 (VIOLATED)
clkbuf_leaf_27_wb_clk_i_regs/X           10     15     -5 (VIOLATED)
clkbuf_leaf_29_wb_clk_i_regs/X           10     15     -5 (VIOLATED)
clkbuf_leaf_57_wb_clk_i_regs/X           10     15     -5 (VIOLATED)
fanout173/X                              10     15     -5 (VIOLATED)
fanout179/X                              10     15     -5 (VIOLATED)
fanout190/X                              10     15     -5 (VIOLATED)
fanout206/X                              10     15     -5 (VIOLATED)
fanout212/X                              10     15     -5 (VIOLATED)
fanout214/X                              10     15     -5 (VIOLATED)
fanout216/X                              10     15     -5 (VIOLATED)
fanout244/X                              10     15     -5 (VIOLATED)
fanout298/X                              10     15     -5 (VIOLATED)
fanout355/X                              10     15     -5 (VIOLATED)
fanout359/X                              10     15     -5 (VIOLATED)
fanout360/X                              10     15     -5 (VIOLATED)
fanout372/X                              10     15     -5 (VIOLATED)
fanout377/X                              10     15     -5 (VIOLATED)
fanout395/X                              10     15     -5 (VIOLATED)
fanout412/X                              10     15     -5 (VIOLATED)
fanout423/X                              10     15     -5 (VIOLATED)
hold58/X                                 10     15     -5 (VIOLATED)
hold76/X                                 10     15     -5 (VIOLATED)
clkbuf_leaf_20_wb_clk_i_regs/X           10     14     -4 (VIOLATED)
clkbuf_leaf_37_wb_clk_i_regs/X           10     14     -4 (VIOLATED)
clkbuf_leaf_41_wb_clk_i_regs/X           10     14     -4 (VIOLATED)
clkbuf_leaf_47_wb_clk_i_regs/X           10     14     -4 (VIOLATED)
clkbuf_leaf_8_wb_clk_i_regs/X            10     14     -4 (VIOLATED)
fanout357/X                              10     14     -4 (VIOLATED)
_3091_/Y                                 10     13     -3 (VIOLATED)
_3111_/Y                                 10     13     -3 (VIOLATED)
_3408_/Y                                 10     13     -3 (VIOLATED)
_3425_/X                                 10     13     -3 (VIOLATED)
_3609_/X                                 10     13     -3 (VIOLATED)
_4123_/X                                 10     13     -3 (VIOLATED)
_4417_/X                                 10     13     -3 (VIOLATED)
_5121_/X                                 10     13     -3 (VIOLATED)
_6236_/Q                                 10     13     -3 (VIOLATED)
_6239_/Q                                 10     13     -3 (VIOLATED)
_6242_/Q                                 10     13     -3 (VIOLATED)
_6262_/Q                                 10     13     -3 (VIOLATED)
_6263_/Q                                 10     13     -3 (VIOLATED)
_6675_/Q                                 10     13     -3 (VIOLATED)
_6714_/Q                                 10     13     -3 (VIOLATED)
clkbuf_3_7_0_wb_clk_i_regs/X             10     13     -3 (VIOLATED)
clkbuf_leaf_16_wb_clk_i_regs/X           10     13     -3 (VIOLATED)
clkbuf_leaf_17_wb_clk_i_regs/X           10     13     -3 (VIOLATED)
clkbuf_leaf_42_wb_clk_i_regs/X           10     13     -3 (VIOLATED)
fanout119/X                              10     13     -3 (VIOLATED)
fanout121/X                              10     13     -3 (VIOLATED)
fanout162/X                              10     13     -3 (VIOLATED)
fanout171/X                              10     13     -3 (VIOLATED)
fanout177/X                              10     13     -3 (VIOLATED)
fanout204/X                              10     13     -3 (VIOLATED)
fanout210/X                              10     13     -3 (VIOLATED)
fanout228/X                              10     13     -3 (VIOLATED)
fanout290/X                              10     13     -3 (VIOLATED)
fanout293/X                              10     13     -3 (VIOLATED)
fanout351/X                              10     13     -3 (VIOLATED)
fanout365/X                              10     13     -3 (VIOLATED)
fanout401/X                              10     13     -3 (VIOLATED)
fanout419/X                              10     13     -3 (VIOLATED)
fanout433/X                              10     13     -3 (VIOLATED)
fanout436/X                              10     13     -3 (VIOLATED)
input72/X                                10     13     -3 (VIOLATED)
clkbuf_leaf_38_wb_clk_i_regs/X           10     12     -2 (VIOLATED)
fanout336/X                              10     12     -2 (VIOLATED)
fanout340/X                              10     12     -2 (VIOLATED)
fanout344/X                              10     12     -2 (VIOLATED)
fanout371/X                              10     12     -2 (VIOLATED)
fanout424/X                              10     12     -2 (VIOLATED)
input14/X                                10     12     -2 (VIOLATED)
input35/X                                10     12     -2 (VIOLATED)
input73/X                                10     12     -2 (VIOLATED)
_3099_/Y                                 10     11        (VIOLATED)
_3102_/Y                                 10     11        (VIOLATED)
_3115_/Y                                 10     11        (VIOLATED)
_3298_/X                                 10     11        (VIOLATED)
_3314_/Y                                 10     11        (VIOLATED)
_4263_/X                                 10     11        (VIOLATED)
_4433_/Y                                 10     11        (VIOLATED)
_4814_/X                                 10     11        (VIOLATED)
_6264_/Q                                 10     11        (VIOLATED)
_6326_/Q                                 10     11        (VIOLATED)
_6690_/Q                                 10     11        (VIOLATED)
_6873_/Q                                 10     11        (VIOLATED)
_6888_/Q                                 10     11        (VIOLATED)
clkbuf_leaf_25_wb_clk_i_regs/X           10     11        (VIOLATED)
clkbuf_leaf_26_wb_clk_i_regs/X           10     11        (VIOLATED)
clkbuf_leaf_28_wb_clk_i_regs/X           10     11        (VIOLATED)
clkbuf_leaf_7_wb_clk_i_regs/X            10     11        (VIOLATED)
fanout184/X                              10     11        (VIOLATED)
fanout221/X                              10     11        (VIOLATED)
fanout223/X                              10     11        (VIOLATED)
fanout233/X                              10     11        (VIOLATED)
fanout279/X                              10     11        (VIOLATED)
fanout324/X                              10     11        (VIOLATED)
fanout350/X                              10     11        (VIOLATED)
fanout364/X                              10     11        (VIOLATED)
fanout383/X                              10     11        (VIOLATED)
fanout391/X                              10     11        (VIOLATED)
fanout402/X                              10     11        (VIOLATED)
fanout403/X                              10     11        (VIOLATED)
input12/X                                10     11        (VIOLATED)
input13/X                                10     11        (VIOLATED)



===========================================================================
report_parasitic_annotation -report_unannotated
============================================================================
Found 98 unannotated drivers.
 clkload0/Y
 clkload1/X
 clkload10/Y
 clkload11/Y
 clkload12/Y
 clkload13/Y
 clkload14/Y
 clkload15/Y
 clkload16/Y
 clkload17/Y
 clkload18/Y
 clkload19/Y
 clkload2/Y
 clkload20/X
 clkload21/Y
 clkload22/Y
 clkload23/Y
 clkload24/Y
 clkload25/Y
 clkload26/Y
 clkload27/Y
 clkload28/Y
 clkload29/X
 clkload3/X
 clkload30/Y
 clkload31/Y
 clkload32/Y
 clkload33/Y
 clkload34/Y
 clkload35/Y
 clkload36/Y
 clkload37/Y
 clkload38/X
 clkload39/Y
 clkload4/Y
 clkload40/Y
 clkload41/Y
 clkload42/Y
 clkload43/Y
 clkload44/Y
 clkload45/Y
 clkload46/Y
 clkload47/Y
 clkload48/Y
 clkload49/Y
 clkload5/Y
 clkload50/Y
 clkload51/Y
 clkload52/Y
 clkload53/Y
 clkload54/Y
 clkload55/X
 clkload56/Y
 clkload57/Y
 clkload58/Y
 clkload6/Y
 clkload7/Y
 clkload8/Y
 clkload9/Y
 user_project_437/HI
 user_project_438/HI
 user_project_439/HI
 user_project_440/LO
 user_project_441/LO
 user_project_442/LO
 user_project_443/LO
 user_project_444/LO
 user_project_445/LO
 user_project_446/LO
 user_project_447/LO
 user_project_448/LO
 user_project_449/LO
 user_project_450/LO
 user_project_451/LO
 user_project_452/LO
 user_project_453/LO
 user_project_454/LO
 user_project_455/LO
 user_project_456/LO
 user_project_457/LO
 user_project_458/LO
 user_project_459/LO
 user_project_460/LO
 user_project_461/LO
 user_project_462/LO
 user_project_463/LO
 user_project_464/LO
 user_project_465/LO
 user_project_466/LO
 user_project_467/LO
 user_project_468/LO
 user_project_469/LO
 user_project_470/LO
 user_project_471/LO
 user_project_472/LO
 user_project_473/LO
 user_project_474/LO
 user_project_475/LO
Found 0 partially unannotated drivers.

===========================================================================
max slew violation count 473
max fanout violation count 387
max cap violation count 0
============================================================================

===========================================================================
check_setup -verbose -unconstrained_endpoints -multiple_clock -no_clock -no_input_delay -loops -generated_clocks
===========================================================================
Warning: There is 1 input port missing set_input_delay.
  uart_rx
Warning: There are 42 unconstrained endpoints.
  io_oeb[0]
  io_oeb[10]
  io_oeb[11]
  io_oeb[12]
  io_oeb[13]
  io_oeb[14]
  io_oeb[15]
  io_oeb[16]
  io_oeb[17]
  io_oeb[18]
  io_oeb[19]
  io_oeb[1]
  io_oeb[20]
  io_oeb[21]
  io_oeb[22]
  io_oeb[23]
  io_oeb[24]
  io_oeb[25]
  io_oeb[26]
  io_oeb[27]
  io_oeb[28]
  io_oeb[29]
  io_oeb[2]
  io_oeb[30]
  io_oeb[31]
  io_oeb[32]
  io_oeb[33]
  io_oeb[34]
  io_oeb[35]
  io_oeb[36]
  io_oeb[37]
  io_oeb[3]
  io_oeb[4]
  io_oeb[5]
  io_oeb[6]
  io_oeb[7]
  io_oeb[8]
  io_oeb[9]
  pwm_out
  uart_tx
  user_irq[2]
  _6837_/D
