
===========================================================================
report_checks -unconstrained
===========================================================================
======================= nom_tt_025C_1v80 Corner ===================================

Startpoint: wb_rst_i (input port clocked by clk)
Endpoint: _6332_ (recovery check against rising-edge clock clk)
Path Group: asynchronous
Path Type: max

Fanout         Cap        Slew       Delay        Time   Description
---------------------------------------------------------------------------------------------
                                  0.000000    0.000000   clock clk (rise edge)
                                  5.570000    5.570000   clock network delay (propagated)
                                 12.500000   18.070000 v input external delay
     1    0.003095    0.000000    0.000000   18.070000 v wb_rst_i (in)
                                                         wb_rst_i (net)
                      0.000020    0.000011   18.070009 v input2/A (sky130_fd_sc_hd__buf_4)
     4    0.063469    0.088822    0.177248   18.247259 v input2/X (sky130_fd_sc_hd__buf_4)
                                                         net2 (net)
                      0.088904    0.002219   18.249477 v fanout403/A (sky130_fd_sc_hd__buf_2)
     5    0.027538    0.074883    0.187709   18.437187 v fanout403/X (sky130_fd_sc_hd__buf_2)
                                                         net403 (net)
                      0.074884    0.000318   18.437504 v fanout402/A (sky130_fd_sc_hd__buf_2)
     5    0.032913    0.086474    0.191141   18.628645 v fanout402/X (sky130_fd_sc_hd__buf_2)
                                                         net402 (net)
                      0.086480    0.000801   18.629446 v fanout391/A (sky130_fd_sc_hd__buf_2)
     5    0.030762    0.082130    0.191926   18.821373 v fanout391/X (sky130_fd_sc_hd__buf_2)
                                                         net391 (net)
                      0.082130    0.000044   18.821419 v fanout388/A (sky130_fd_sc_hd__buf_2)
     5    0.025742    0.071191    0.181069   19.002487 v fanout388/X (sky130_fd_sc_hd__buf_2)
                                                         net388 (net)
                      0.071191    0.000004   19.002491 v fanout387/A (sky130_fd_sc_hd__buf_4)
     9    0.046348    0.072850    0.192770   19.195261 v fanout387/X (sky130_fd_sc_hd__buf_4)
                                                         net387 (net)
                      0.072850    0.000066   19.195326 v fanout386/A (sky130_fd_sc_hd__buf_4)
    10    0.049771    0.076648    0.197568   19.392895 v fanout386/X (sky130_fd_sc_hd__buf_4)
                                                         net386 (net)
                      0.076649    0.000334   19.393229 v _5805_/A (sky130_fd_sc_hd__inv_2)
     1    0.004263    0.033688    0.057604   19.450832 ^ _5805_/Y (sky130_fd_sc_hd__inv_2)
                                                         _0181_ (net)
                      0.033688    0.000012   19.450846 ^ _6332_/RESET_B (sky130_fd_sc_hd__dfrtp_1)
                                             19.450846   data arrival time

                                 25.000000   25.000000   clock clk (rise edge)
                                  4.650000   29.650000   clock source latency
     2    0.056346    0.610000    0.000000   29.650000 ^ wb_clk_i (in)
                                                         wb_clk_i (net)
                      0.619116    0.004558   29.654556 ^ clkbuf_regs_0_clk/A (sky130_fd_sc_hd__clkbuf_16)
     1    0.008706    0.047085    0.248411   29.902967 ^ clkbuf_regs_0_clk/X (sky130_fd_sc_hd__clkbuf_16)
                                                         wb_clk_i_regs (net)
                      0.047085    0.000043   29.903011 ^ clkbuf_0_wb_clk_i_regs/A (sky130_fd_sc_hd__clkbuf_16)
     8    0.080469    0.097093    0.172278   30.075289 ^ clkbuf_0_wb_clk_i_regs/X (sky130_fd_sc_hd__clkbuf_16)
                                                         clknet_0_wb_clk_i_regs (net)
                      0.097122    0.001656   30.076944 ^ clkbuf_3_4_0_wb_clk_i_regs/A (sky130_fd_sc_hd__clkbuf_8)
    10    0.064882    0.121431    0.206317   30.283260 ^ clkbuf_3_4_0_wb_clk_i_regs/X (sky130_fd_sc_hd__clkbuf_8)
                                                         clknet_3_4_0_wb_clk_i_regs (net)
                      0.121438    0.001087   30.284348 ^ clkbuf_leaf_52_wb_clk_i_regs/A (sky130_fd_sc_hd__clkbuf_8)
    18    0.046304    0.091885    0.192848   30.477198 ^ clkbuf_leaf_52_wb_clk_i_regs/X (sky130_fd_sc_hd__clkbuf_8)
                                                         clknet_leaf_52_wb_clk_i_regs (net)
                      0.091885    0.000099   30.477297 ^ _6332_/CLK (sky130_fd_sc_hd__dfrtp_1)
                                 -0.250000   30.227295   clock uncertainty
                                  0.000000   30.227295   clock reconvergence pessimism
                                  0.247613   30.474909   library recovery time
                                             30.474909   data required time
---------------------------------------------------------------------------------------------
                                             30.474909   data required time
                                            -19.450846   data arrival time
---------------------------------------------------------------------------------------------
                                             11.024064   slack (MET)


Startpoint: wb_rst_i (input port clocked by clk)
Endpoint: _6807_ (rising edge-triggered flip-flop clocked by clk)
Path Group: clk
Path Type: max

Fanout         Cap        Slew       Delay        Time   Description
---------------------------------------------------------------------------------------------
                                  0.000000    0.000000   clock clk (rise edge)
                                  5.570000    5.570000   clock network delay (propagated)
                                 12.500000   18.070000 ^ input external delay
     1    0.003343    0.000000    0.000000   18.070000 ^ wb_rst_i (in)
                                                         wb_rst_i (net)
                      0.000022    0.000011   18.070009 ^ input2/A (sky130_fd_sc_hd__buf_4)
     4    0.064361    0.181212    0.193980   18.263990 ^ input2/X (sky130_fd_sc_hd__buf_4)
                                                         net2 (net)
                      0.181252    0.002258   18.266247 ^ fanout403/A (sky130_fd_sc_hd__buf_2)
     5    0.028716    0.144818    0.224500   18.490747 ^ fanout403/X (sky130_fd_sc_hd__buf_2)
                                                         net403 (net)
                      0.144818    0.000126   18.490873 ^ fanout383/A (sky130_fd_sc_hd__buf_2)
     5    0.026525    0.134477    0.207347   18.698221 ^ fanout383/X (sky130_fd_sc_hd__buf_2)
                                                         net383 (net)
                      0.134477    0.000274   18.698494 ^ fanout380/A (sky130_fd_sc_hd__buf_4)
    10    0.055430    0.156998    0.227859   18.926353 ^ fanout380/X (sky130_fd_sc_hd__buf_4)
                                                         net380 (net)
                      0.156998    0.000304   18.926657 ^ _3119_/A (sky130_fd_sc_hd__inv_2)
     2    0.006449    0.041766    0.053463   18.980120 v _3119_/Y (sky130_fd_sc_hd__inv_2)
                                                         _0047_ (net)
                      0.041766    0.000011   18.980129 v _5650_/D (sky130_fd_sc_hd__and4bb_1)
     1    0.002697    0.041108    0.192172   19.172302 v _5650_/X (sky130_fd_sc_hd__and4bb_1)
                                                         _3044_ (net)
                      0.041108    0.000005   19.172306 v _5651_/B2 (sky130_fd_sc_hd__o22a_1)
     1    0.002008    0.037614    0.143713   19.316019 v _5651_/X (sky130_fd_sc_hd__o22a_1)
                                                         _1148_ (net)
                      0.037614    0.000004   19.316023 v _6807_/D (sky130_fd_sc_hd__dfxtp_1)
                                             19.316023   data arrival time

                                 25.000000   25.000000   clock clk (rise edge)
                                  4.650000   29.650000   clock source latency
     2    0.056346    0.610000    0.000000   29.650000 ^ wb_clk_i (in)
                                                         wb_clk_i (net)
                      0.619116    0.004558   29.654556 ^ clkbuf_regs_0_clk/A (sky130_fd_sc_hd__clkbuf_16)
     1    0.008706    0.047085    0.248411   29.902967 ^ clkbuf_regs_0_clk/X (sky130_fd_sc_hd__clkbuf_16)
                                                         wb_clk_i_regs (net)
                      0.047085    0.000043   29.903011 ^ clkbuf_0_wb_clk_i_regs/A (sky130_fd_sc_hd__clkbuf_16)
     8    0.080469    0.097093    0.172278   30.075289 ^ clkbuf_0_wb_clk_i_regs/X (sky130_fd_sc_hd__clkbuf_16)
                                                         clknet_0_wb_clk_i_regs (net)
                      0.097189    0.001819   30.077108 ^ clkbuf_3_3_0_wb_clk_i_regs/A (sky130_fd_sc_hd__clkbuf_8)
     8    0.066031    0.123246    0.207812   30.284920 ^ clkbuf_3_3_0_wb_clk_i_regs/X (sky130_fd_sc_hd__clkbuf_8)
                                                         clknet_3_3_0_wb_clk_i_regs (net)
                      0.123246    0.000391   30.285311 ^ clkbuf_leaf_22_wb_clk_i_regs/A (sky130_fd_sc_hd__clkbuf_8)
     9    0.056333    0.107774    0.205734   30.491045 ^ clkbuf_leaf_22_wb_clk_i_regs/X (sky130_fd_sc_hd__clkbuf_8)
                                                         clknet_leaf_22_wb_clk_i_regs (net)
                      0.107774    0.000149   30.491194 ^ _6807_/CLK (sky130_fd_sc_hd__dfxtp_1)
                                 -0.250000   30.241194   clock uncertainty
                                  0.000000   30.241194   clock reconvergence pessimism
                                 -0.092632   30.148560   library setup time
                                             30.148560   data required time
---------------------------------------------------------------------------------------------
                                             30.148560   data required time
                                            -19.316023   data arrival time
---------------------------------------------------------------------------------------------
                                             10.832537   slack (MET)




===========================================================================
report_checks --slack_max -0.01
============================================================================
======================= nom_tt_025C_1v80 Corner ===================================

No paths found.


===========================================================================
 report_check_types -max_slew -max_cap -max_fanout -violators
============================================================================
======================= nom_tt_025C_1v80 Corner ===================================

max slew

Pin                                        Limit        Slew       Slack
------------------------------------------------------------------------
input11/A                               0.750000    0.920027   -0.170027 (VIOLATED)
input23/A                               0.750000    0.920027   -0.170027 (VIOLATED)
input29/A                               0.750000    0.920026   -0.170026 (VIOLATED)
input6/A                                0.750000    0.920026   -0.170026 (VIOLATED)
input13/A                               0.750000    0.920026   -0.170026 (VIOLATED)
input20/A                               0.750000    0.920026   -0.170026 (VIOLATED)
input31/A                               0.750000    0.920025   -0.170025 (VIOLATED)
input3/A                                0.750000    0.920023   -0.170023 (VIOLATED)
input33/A                               0.750000    0.920023   -0.170023 (VIOLATED)
input10/A                               0.750000    0.920022   -0.170022 (VIOLATED)
input12/A                               0.750000    0.920022   -0.170022 (VIOLATED)
input14/A                               0.750000    0.920022   -0.170022 (VIOLATED)
input25/A                               0.750000    0.920022   -0.170022 (VIOLATED)
input28/A                               0.750000    0.920022   -0.170022 (VIOLATED)
input30/A                               0.750000    0.920022   -0.170022 (VIOLATED)
input32/A                               0.750000    0.920022   -0.170022 (VIOLATED)
input34/A                               0.750000    0.920022   -0.170022 (VIOLATED)
input4/A                                0.750000    0.920022   -0.170022 (VIOLATED)
input17/A                               0.750000    0.920021   -0.170021 (VIOLATED)
input27/A                               0.750000    0.920021   -0.170021 (VIOLATED)
input18/A                               0.750000    0.920020   -0.170020 (VIOLATED)
input19/A                               0.750000    0.920020   -0.170020 (VIOLATED)
input21/A                               0.750000    0.920020   -0.170020 (VIOLATED)
input22/A                               0.750000    0.920020   -0.170020 (VIOLATED)
input24/A                               0.750000    0.920020   -0.170020 (VIOLATED)
input26/A                               0.750000    0.920020   -0.170020 (VIOLATED)
input5/A                                0.750000    0.920020   -0.170020 (VIOLATED)
input7/A                                0.750000    0.920020   -0.170020 (VIOLATED)
input8/A                                0.750000    0.920020   -0.170020 (VIOLATED)
input9/A                                0.750000    0.920020   -0.170020 (VIOLATED)
input15/A                               0.750000    0.920019   -0.170019 (VIOLATED)
input16/A                               0.750000    0.920019   -0.170019 (VIOLATED)
wbs_adr_i[0]                            0.750000    0.920000   -0.170000 (VIOLATED)
wbs_adr_i[10]                           0.750000    0.920000   -0.170000 (VIOLATED)
wbs_adr_i[11]                           0.750000    0.920000   -0.170000 (VIOLATED)
wbs_adr_i[12]                           0.750000    0.920000   -0.170000 (VIOLATED)
wbs_adr_i[13]                           0.750000    0.920000   -0.170000 (VIOLATED)
wbs_adr_i[14]                           0.750000    0.920000   -0.170000 (VIOLATED)
wbs_adr_i[15]                           0.750000    0.920000   -0.170000 (VIOLATED)
wbs_adr_i[16]                           0.750000    0.920000   -0.170000 (VIOLATED)
wbs_adr_i[17]                           0.750000    0.920000   -0.170000 (VIOLATED)
wbs_adr_i[18]                           0.750000    0.920000   -0.170000 (VIOLATED)
wbs_adr_i[19]                           0.750000    0.920000   -0.170000 (VIOLATED)
wbs_adr_i[1]                            0.750000    0.920000   -0.170000 (VIOLATED)
wbs_adr_i[20]                           0.750000    0.920000   -0.170000 (VIOLATED)
wbs_adr_i[21]                           0.750000    0.920000   -0.170000 (VIOLATED)
wbs_adr_i[22]                           0.750000    0.920000   -0.170000 (VIOLATED)
wbs_adr_i[23]                           0.750000    0.920000   -0.170000 (VIOLATED)
wbs_adr_i[24]                           0.750000    0.920000   -0.170000 (VIOLATED)
wbs_adr_i[25]                           0.750000    0.920000   -0.170000 (VIOLATED)
wbs_adr_i[26]                           0.750000    0.920000   -0.170000 (VIOLATED)
wbs_adr_i[27]                           0.750000    0.920000   -0.170000 (VIOLATED)
wbs_adr_i[28]                           0.750000    0.920000   -0.170000 (VIOLATED)
wbs_adr_i[29]                           0.750000    0.920000   -0.170000 (VIOLATED)
wbs_adr_i[2]                            0.750000    0.920000   -0.170000 (VIOLATED)
wbs_adr_i[30]                           0.750000    0.920000   -0.170000 (VIOLATED)
wbs_adr_i[31]                           0.750000    0.920000   -0.170000 (VIOLATED)
wbs_adr_i[3]                            0.750000    0.920000   -0.170000 (VIOLATED)
wbs_adr_i[4]                            0.750000    0.920000   -0.170000 (VIOLATED)
wbs_adr_i[5]                            0.750000    0.920000   -0.170000 (VIOLATED)
wbs_adr_i[6]                            0.750000    0.920000   -0.170000 (VIOLATED)
wbs_adr_i[7]                            0.750000    0.920000   -0.170000 (VIOLATED)
wbs_adr_i[8]                            0.750000    0.920000   -0.170000 (VIOLATED)
wbs_adr_i[9]                            0.750000    0.920000   -0.170000 (VIOLATED)
input38/A                               0.750000    0.840034   -0.090034 (VIOLATED)
input61/A                               0.750000    0.840028   -0.090028 (VIOLATED)
input41/A                               0.750000    0.840026   -0.090026 (VIOLATED)
input47/A                               0.750000    0.840024   -0.090024 (VIOLATED)
input57/A                               0.750000    0.840023   -0.090023 (VIOLATED)
input40/A                               0.750000    0.840023   -0.090023 (VIOLATED)
input37/A                               0.750000    0.840022   -0.090022 (VIOLATED)
input42/A                               0.750000    0.840022   -0.090022 (VIOLATED)
input59/A                               0.750000    0.840022   -0.090022 (VIOLATED)
input63/A                               0.750000    0.840022   -0.090022 (VIOLATED)
input53/A                               0.750000    0.840021   -0.090022 (VIOLATED)
input39/A                               0.750000    0.840021   -0.090021 (VIOLATED)
input62/A                               0.750000    0.840021   -0.090021 (VIOLATED)
input64/A                               0.750000    0.840021   -0.090021 (VIOLATED)
input65/A                               0.750000    0.840021   -0.090021 (VIOLATED)
input44/A                               0.750000    0.840020   -0.090020 (VIOLATED)
input46/A                               0.750000    0.840020   -0.090020 (VIOLATED)
input48/A                               0.750000    0.840020   -0.090020 (VIOLATED)
input50/A                               0.750000    0.840020   -0.090020 (VIOLATED)
input52/A                               0.750000    0.840020   -0.090020 (VIOLATED)
input36/A                               0.750000    0.840020   -0.090020 (VIOLATED)
input66/A                               0.750000    0.840020   -0.090020 (VIOLATED)
input43/A                               0.750000    0.840018   -0.090018 (VIOLATED)
input60/A                               0.750000    0.840017   -0.090017 (VIOLATED)
input45/A                               0.750000    0.840017   -0.090017 (VIOLATED)
input49/A                               0.750000    0.840017   -0.090017 (VIOLATED)
input51/A                               0.750000    0.840017   -0.090017 (VIOLATED)
input54/A                               0.750000    0.840017   -0.090017 (VIOLATED)
input55/A                               0.750000    0.840017   -0.090017 (VIOLATED)
input56/A                               0.750000    0.840017   -0.090017 (VIOLATED)
input58/A                               0.750000    0.840017   -0.090017 (VIOLATED)
input67/A                               0.750000    0.840017   -0.090017 (VIOLATED)
wbs_dat_i[0]                            0.750000    0.840000   -0.090000 (VIOLATED)
wbs_dat_i[10]                           0.750000    0.840000   -0.090000 (VIOLATED)
wbs_dat_i[11]                           0.750000    0.840000   -0.090000 (VIOLATED)
wbs_dat_i[12]                           0.750000    0.840000   -0.090000 (VIOLATED)
wbs_dat_i[13]                           0.750000    0.840000   -0.090000 (VIOLATED)
wbs_dat_i[14]                           0.750000    0.840000   -0.090000 (VIOLATED)
wbs_dat_i[15]                           0.750000    0.840000   -0.090000 (VIOLATED)
wbs_dat_i[16]                           0.750000    0.840000   -0.090000 (VIOLATED)
wbs_dat_i[17]                           0.750000    0.840000   -0.090000 (VIOLATED)
wbs_dat_i[18]                           0.750000    0.840000   -0.090000 (VIOLATED)
wbs_dat_i[19]                           0.750000    0.840000   -0.090000 (VIOLATED)
wbs_dat_i[1]                            0.750000    0.840000   -0.090000 (VIOLATED)
wbs_dat_i[20]                           0.750000    0.840000   -0.090000 (VIOLATED)
wbs_dat_i[21]                           0.750000    0.840000   -0.090000 (VIOLATED)
wbs_dat_i[22]                           0.750000    0.840000   -0.090000 (VIOLATED)
wbs_dat_i[23]                           0.750000    0.840000   -0.090000 (VIOLATED)
wbs_dat_i[24]                           0.750000    0.840000   -0.090000 (VIOLATED)
wbs_dat_i[25]                           0.750000    0.840000   -0.090000 (VIOLATED)
wbs_dat_i[26]                           0.750000    0.840000   -0.090000 (VIOLATED)
wbs_dat_i[27]                           0.750000    0.840000   -0.090000 (VIOLATED)
wbs_dat_i[28]                           0.750000    0.840000   -0.090000 (VIOLATED)
wbs_dat_i[29]                           0.750000    0.840000   -0.090000 (VIOLATED)
wbs_dat_i[2]                            0.750000    0.840000   -0.090000 (VIOLATED)
wbs_dat_i[30]                           0.750000    0.840000   -0.090000 (VIOLATED)
wbs_dat_i[31]                           0.750000    0.840000   -0.090000 (VIOLATED)
wbs_dat_i[3]                            0.750000    0.840000   -0.090000 (VIOLATED)
wbs_dat_i[4]                            0.750000    0.840000   -0.090000 (VIOLATED)
wbs_dat_i[5]                            0.750000    0.840000   -0.090000 (VIOLATED)
wbs_dat_i[6]                            0.750000    0.840000   -0.090000 (VIOLATED)
wbs_dat_i[7]                            0.750000    0.840000   -0.090000 (VIOLATED)
wbs_dat_i[8]                            0.750000    0.840000   -0.090000 (VIOLATED)
wbs_dat_i[9]                            0.750000    0.840000   -0.090000 (VIOLATED)

max fanout

Pin                                   Limit Fanout  Slack
---------------------------------------------------------
clkbuf_leaf_0_wb_clk_i_regs/X            10     25    -15 (VIOLATED)
clkbuf_leaf_9_wb_clk_i_regs/X            10     25    -15 (VIOLATED)
clkbuf_leaf_56_wb_clk_i_regs/X           10     21    -11 (VIOLATED)
clkbuf_leaf_36_wb_clk_i_regs/X           10     20    -10 (VIOLATED)
clkbuf_leaf_51_wb_clk_i_regs/X           10     20    -10 (VIOLATED)
clkbuf_leaf_53_wb_clk_i_regs/X           10     20    -10 (VIOLATED)
clkbuf_leaf_5_wb_clk_i_regs/X            10     20    -10 (VIOLATED)
clkbuf_leaf_11_wb_clk_i_regs/X           10     19     -9 (VIOLATED)
clkbuf_leaf_18_wb_clk_i_regs/X           10     19     -9 (VIOLATED)
clkbuf_leaf_1_wb_clk_i_regs/X            10     19     -9 (VIOLATED)
clkbuf_leaf_30_wb_clk_i_regs/X           10     19     -9 (VIOLATED)
clkbuf_leaf_52_wb_clk_i_regs/X           10     18     -8 (VIOLATED)
clkbuf_leaf_13_wb_clk_i_regs/X           10     17     -7 (VIOLATED)
clkbuf_leaf_15_wb_clk_i_regs/X           10     17     -7 (VIOLATED)
clkbuf_leaf_40_wb_clk_i_regs/X           10     17     -7 (VIOLATED)
clkbuf_leaf_12_wb_clk_i_regs/X           10     16     -6 (VIOLATED)
clkbuf_leaf_23_wb_clk_i_regs/X           10     16     -6 (VIOLATED)
clkbuf_leaf_2_wb_clk_i_regs/X            10     16     -6 (VIOLATED)
clkbuf_leaf_3_wb_clk_i_regs/X            10     16     -6 (VIOLATED)
clkbuf_leaf_49_wb_clk_i_regs/X           10     16     -6 (VIOLATED)
clkbuf_leaf_50_wb_clk_i_regs/X           10     16     -6 (VIOLATED)
clkbuf_leaf_54_wb_clk_i_regs/X           10     16     -6 (VIOLATED)
clkbuf_leaf_14_wb_clk_i_regs/X           10     15     -5 (VIOLATED)
clkbuf_leaf_19_wb_clk_i_regs/X           10     15     -5 (VIOLATED)
clkbuf_leaf_29_wb_clk_i_regs/X           10     15     -5 (VIOLATED)
clkbuf_leaf_57_wb_clk_i_regs/X           10     15     -5 (VIOLATED)
clkbuf_leaf_20_wb_clk_i_regs/X           10     14     -4 (VIOLATED)
clkbuf_leaf_37_wb_clk_i_regs/X           10     14     -4 (VIOLATED)
clkbuf_leaf_41_wb_clk_i_regs/X           10     14     -4 (VIOLATED)
clkbuf_leaf_47_wb_clk_i_regs/X           10     14     -4 (VIOLATED)
clkbuf_leaf_8_wb_clk_i_regs/X            10     14     -4 (VIOLATED)
clkbuf_leaf_16_wb_clk_i_regs/X           10     13     -3 (VIOLATED)
clkbuf_leaf_17_wb_clk_i_regs/X           10     13     -3 (VIOLATED)
clkbuf_leaf_34_wb_clk_i_regs/X           10     13     -3 (VIOLATED)
clkbuf_leaf_42_wb_clk_i_regs/X           10     13     -3 (VIOLATED)
clkbuf_leaf_46_wb_clk_i_regs/X           10     13     -3 (VIOLATED)
clkbuf_leaf_6_wb_clk_i_regs/X            10     13     -3 (VIOLATED)
clkbuf_leaf_38_wb_clk_i_regs/X           10     12     -2 (VIOLATED)
clkbuf_leaf_25_wb_clk_i_regs/X           10     11        (VIOLATED)
clkbuf_leaf_26_wb_clk_i_regs/X           10     11        (VIOLATED)
clkbuf_leaf_28_wb_clk_i_regs/X           10     11        (VIOLATED)
clkbuf_leaf_7_wb_clk_i_regs/X            10     11        (VIOLATED)



===========================================================================
report_parasitic_annotation -report_unannotated
============================================================================
Found 98 unannotated drivers.
 clkload0/Y
 clkload1/X
 clkload10/Y
 clkload11/Y
 clkload12/Y
 clkload13/Y
 clkload14/Y
 clkload15/Y
 clkload16/Y
 clkload17/Y
 clkload18/Y
 clkload19/Y
 clkload2/Y
 clkload20/X
 clkload21/Y
 clkload22/Y
 clkload23/Y
 clkload24/Y
 clkload25/Y
 clkload26/Y
 clkload27/Y
 clkload28/Y
 clkload29/X
 clkload3/X
 clkload30/Y
 clkload31/Y
 clkload32/Y
 clkload33/Y
 clkload34/Y
 clkload35/Y
 clkload36/Y
 clkload37/Y
 clkload38/X
 clkload39/Y
 clkload4/Y
 clkload40/Y
 clkload41/Y
 clkload42/Y
 clkload43/Y
 clkload44/Y
 clkload45/Y
 clkload46/Y
 clkload47/Y
 clkload48/Y
 clkload49/Y
 clkload5/Y
 clkload50/Y
 clkload51/Y
 clkload52/Y
 clkload53/Y
 clkload54/Y
 clkload55/X
 clkload56/Y
 clkload57/Y
 clkload58/Y
 clkload6/Y
 clkload7/Y
 clkload8/Y
 clkload9/Y
 user_project_437/HI
 user_project_438/HI
 user_project_439/HI
 user_project_440/LO
 user_project_441/LO
 user_project_442/LO
 user_project_443/LO
 user_project_444/LO
 user_project_445/LO
 user_project_446/LO
 user_project_447/LO
 user_project_448/LO
 user_project_449/LO
 user_project_450/LO
 user_project_451/LO
 user_project_452/LO
 user_project_453/LO
 user_project_454/LO
 user_project_455/LO
 user_project_456/LO
 user_project_457/LO
 user_project_458/LO
 user_project_459/LO
 user_project_460/LO
 user_project_461/LO
 user_project_462/LO
 user_project_463/LO
 user_project_464/LO
 user_project_465/LO
 user_project_466/LO
 user_project_467/LO
 user_project_468/LO
 user_project_469/LO
 user_project_470/LO
 user_project_471/LO
 user_project_472/LO
 user_project_473/LO
 user_project_474/LO
 user_project_475/LO
Found 0 partially unannotated drivers.

===========================================================================
max slew violation count 128
Writing metric design__max_slew_violation__count__corner:nom_tt_025C_1v80: 128
max fanout violation count 42
Writing metric design__max_fanout_violation__count__corner:nom_tt_025C_1v80: 42
max cap violation count 0
Writing metric design__max_cap_violation__count__corner:nom_tt_025C_1v80: 0
============================================================================

===========================================================================
check_setup -verbose -unconstrained_endpoints -multiple_clock -no_clock -no_input_delay -loops -generated_clocks
===========================================================================
Warning: There is 1 input port missing set_input_delay.
  uart_rx
Warning: There are 42 unconstrained endpoints.
  io_oeb[0]
  io_oeb[10]
  io_oeb[11]
  io_oeb[12]
  io_oeb[13]
  io_oeb[14]
  io_oeb[15]
  io_oeb[16]
  io_oeb[17]
  io_oeb[18]
  io_oeb[19]
  io_oeb[1]
  io_oeb[20]
  io_oeb[21]
  io_oeb[22]
  io_oeb[23]
  io_oeb[24]
  io_oeb[25]
  io_oeb[26]
  io_oeb[27]
  io_oeb[28]
  io_oeb[29]
  io_oeb[2]
  io_oeb[30]
  io_oeb[31]
  io_oeb[32]
  io_oeb[33]
  io_oeb[34]
  io_oeb[35]
  io_oeb[36]
  io_oeb[37]
  io_oeb[3]
  io_oeb[4]
  io_oeb[5]
  io_oeb[6]
  io_oeb[7]
  io_oeb[8]
  io_oeb[9]
  pwm_out
  uart_tx
  user_irq[2]
  _6837_/D
