Clock: clk
Sources: wb_clk_i 
Generated: no
Virtual: yes
Propagated: no
Period: 25.000000

===========================================================================
report_clock_properties
============================================================================
Clock                   Period          Waveform
----------------------------------------------------
clk                  25.000000    0.000000 12.500000

===========================================================================
report_clock_latency
============================================================================
Clock clk
rise -> rise
    min     max
4.650000 5.570000 source latency
5.446864         network latency _6883_/CLK
        5.977732 network latency sram_inst/wb_clk_i
---------------
10.096864 11.547732 latency
        1.450868 skew

fall -> fall
    min     max
4.650000 5.570000 source latency
5.552291         network latency _6883_/CLK
        6.108223 network latency sram_inst/wb_clk_i
---------------
10.202291 11.678224 latency
        1.475932 skew



===========================================================================
report_clock_min_period
============================================================================
clk period_min = 7.62 fmax = 131.15
