Clock: clk
Sources: wb_clk_i 
Generated: no
Virtual: yes
Propagated: no
Period: 25.000000

===========================================================================
report_clock_properties
============================================================================
Clock                   Period          Waveform
----------------------------------------------------
clk                  25.000000    0.000000 12.500000

===========================================================================
report_clock_latency
============================================================================
Clock clk
rise -> rise
    min     max
4.650000 5.570000 source latency
4.650000         network latency _6134_/CLK
        5.570000 network latency sram_inst/wb_clk_i
---------------
9.300000 11.140000 latency
        1.840000 skew

fall -> fall
    min     max
4.650000 5.570000 source latency
4.650000         network latency _6134_/CLK
        5.570000 network latency sram_inst/wb_clk_i
---------------
9.299999 11.139999 latency
        1.840000 skew



===========================================================================
report_clock_min_period
============================================================================
clk period_min = 8.06 fmax = 124.12
