Clock: clk
Sources: wb_clk_i 
Generated: no
Virtual: yes
Propagated: no
Period: 25.000000

===========================================================================
report_clock_properties
============================================================================
Clock                   Period          Waveform
----------------------------------------------------
clk                  25.000000    0.000000 12.500000

===========================================================================
report_clock_latency
============================================================================
Clock clk
rise -> rise
    min     max
4.650000 5.570000 source latency
5.229080         network latency mprj/_6883_/CLK
        6.225268 network latency mprj/_6185_/CLK
---------------
9.879079 11.795269 latency
        1.916190 skew

fall -> fall
    min     max
4.650000 5.570000 source latency
5.352128         network latency mprj/_6883_/CLK
        6.321871 network latency mprj/_6185_/CLK
---------------
10.002128 11.891870 latency
        1.889744 skew



===========================================================================
report_clock_min_period
============================================================================
clk period_min = 4.72 fmax = 212.03
