user_project_wrapper
----------------------------------------
Diffusion width < 0.15um (diff/tap.1)
----------------------------------------
 270.560um 312.000um 270.705um 312.585um
 270.560um 312.585um 270.705um 312.745um
 270.560um 312.745um 270.705um 313.075um
 270.560um 313.075um 270.705um 313.285um
 270.560um 313.285um 270.705um 313.415um
 270.560um 313.415um 270.705um 313.965um
 270.560um 313.965um 270.705um 314.000um
 270.560um 308.500um 270.705um 308.525um
 270.560um 308.525um 270.705um 308.655um
 270.560um 308.655um 270.705um 308.865um
 270.560um 308.865um 270.705um 308.995um
 270.560um 308.995um 270.705um 309.545um
 270.560um 309.545um 270.705um 309.675um
 270.560um 309.675um 270.705um 309.885um
 270.560um 309.885um 270.705um 310.215um
 270.560um 310.215um 270.705um 310.375um
 270.560um 310.375um 270.705um 310.500um
 270.560um 305.000um 270.705um 305.805um
 270.560um 305.805um 270.705um 305.935um
 270.560um 305.935um 270.705um 306.145um
 270.560um 306.145um 270.705um 306.275um
 270.560um 306.275um 270.705um 307.000um
 270.560um 301.500um 270.705um 301.705um
 270.560um 301.705um 270.705um 301.865um
 270.560um 301.865um 270.705um 302.195um
 270.560um 302.195um 270.705um 302.405um
 270.560um 302.405um 270.705um 302.535um
 270.560um 302.535um 270.705um 303.085um
 270.560um 303.085um 270.705um 303.215um
 270.560um 303.215um 270.705um 303.425um
 270.560um 303.425um 270.705um 303.500um
 270.560um 298.000um 270.705um 298.115um
 270.560um 298.115um 270.705um 298.665um
 270.560um 298.665um 270.705um 298.795um
 270.560um 298.795um 270.705um 299.005um
 270.560um 299.005um 270.705um 299.335um
 270.560um 299.335um 270.705um 299.495um
 270.560um 299.495um 270.705um 300.000um
 270.560um 294.500um 270.705um 294.925um
 270.560um 294.925um 270.705um 295.055um
 270.560um 295.055um 270.705um 295.265um
 270.560um 295.265um 270.705um 295.395um
 270.560um 295.395um 270.705um 296.265um
 270.560um 296.265um 270.705um 296.425um
 270.560um 296.425um 270.705um 296.500um
 270.560um 291.000um 270.705um 291.315um
 270.560um 291.315um 270.705um 291.525um
 270.560um 291.525um 270.705um 291.655um
 270.560um 291.655um 270.705um 292.205um
 270.560um 292.205um 270.705um 292.335um
 270.560um 292.335um 270.705um 292.545um
 270.560um 292.545um 270.705um 292.675um
 270.560um 292.675um 270.705um 293.000um
 270.560um 287.500um 270.705um 287.785um
 270.560um 287.785um 270.705um 287.915um
 270.560um 287.915um 270.705um 288.125um
 270.560um 288.125um 270.705um 288.455um
 270.560um 288.455um 270.705um 288.615um
 270.560um 288.615um 270.705um 289.485um
 270.560um 289.485um 270.705um 289.500um
 270.560um 284.000um 270.705um 284.045um
 270.560um 284.045um 270.705um 284.175um
 270.560um 284.175um 270.705um 284.385um
 270.560um 284.385um 270.705um 284.515um
 270.560um 284.515um 270.705um 285.385um
 270.560um 285.385um 270.705um 285.545um
 270.560um 285.545um 270.705um 285.875um
 270.560um 285.875um 270.705um 286.000um
 270.560um 280.500um 270.705um 280.645um
 270.560um 280.645um 270.705um 280.775um
 270.560um 280.775um 270.705um 281.325um
 270.560um 281.325um 270.705um 281.455um
 270.560um 281.455um 270.705um 281.665um
 270.560um 281.665um 270.705um 281.795um
 270.560um 281.795um 270.705um 282.345um
 270.560um 282.345um 270.705um 282.475um
 270.560um 282.475um 270.705um 282.500um
 270.560um 277.000um 270.705um 277.035um
 270.560um 277.035um 270.705um 277.245um
 270.560um 277.245um 270.705um 277.575um
 270.560um 277.575um 270.705um 277.735um
 270.560um 277.735um 270.705um 278.605um
 270.560um 278.605um 270.705um 278.735um
 270.560um 278.735um 270.705um 278.945um
 270.560um 278.945um 270.705um 279.000um
 270.560um 273.500um 270.705um 273.505um
 270.560um 273.505um 270.705um 273.635um
 270.560um 273.635um 270.705um 274.505um
 270.560um 274.505um 270.705um 274.665um
 270.560um 274.665um 270.705um 274.995um
 270.560um 274.995um 270.705um 275.205um
 270.560um 275.205um 270.705um 275.335um
 270.560um 275.335um 270.705um 275.500um
 270.560um 270.000um 270.705um 270.445um
 270.560um 270.445um 270.705um 270.575um
 270.560um 270.575um 270.705um 270.785um
 270.560um 270.785um 270.705um 270.915um
 270.560um 270.915um 270.705um 271.465um
 270.560um 271.465um 270.705um 271.595um
 270.560um 271.595um 270.705um 271.805um
 270.560um 271.805um 270.705um 272.000um
 270.560um 266.500um 270.705um 266.695um
 270.560um 266.695um 270.705um 266.855um
 270.560um 266.855um 270.705um 267.725um
 270.560um 267.725um 270.705um 267.855um
 270.560um 267.855um 270.705um 268.065um
 270.560um 268.065um 270.705um 268.195um
 270.560um 268.195um 270.705um 268.500um
 270.560um 263.000um 270.705um 263.625um
 270.560um 263.625um 270.705um 263.785um
 270.560um 263.785um 270.705um 264.115um
 270.560um 264.115um 270.705um 264.325um
 270.560um 264.325um 270.705um 264.455um
 270.560um 264.455um 270.705um 265.000um
 270.560um 259.500um 270.705um 259.565um
 270.560um 259.565um 270.705um 259.695um
 270.560um 259.695um 270.705um 259.905um
 270.560um 259.905um 270.705um 260.035um
 270.560um 260.035um 270.705um 260.585um
 270.560um 260.585um 270.705um 260.715um
 270.560um 260.715um 270.705um 260.925um
 270.560um 260.925um 270.705um 261.255um
 270.560um 261.255um 270.705um 261.415um
 270.560um 261.415um 270.705um 261.500um
 270.560um 256.000um 270.705um 256.845um
 270.560um 256.845um 270.705um 256.975um
 270.560um 256.975um 270.705um 257.185um
 270.560um 257.185um 270.705um 257.315um
 270.560um 257.315um 270.705um 258.000um
 270.560um 627.000um 270.705um 627.105um
 270.560um 627.105um 270.705um 627.235um
 270.560um 627.235um 270.705um 628.105um
 270.560um 628.105um 270.705um 628.265um
 270.560um 628.265um 270.705um 628.595um
 270.560um 628.595um 270.705um 628.805um
 270.560um 628.805um 270.705um 628.935um
 270.560um 628.935um 270.705um 629.000um
 270.560um 623.500um 270.705um 624.045um
 270.560um 624.045um 270.705um 624.175um
 270.560um 624.175um 270.705um 624.385um
 270.560um 624.385um 270.705um 624.515um
 270.560um 624.515um 270.705um 625.065um
 270.560um 625.065um 270.705um 625.195um
 270.560um 625.195um 270.705um 625.405um
 270.560um 625.405um 270.705um 625.500um
 270.560um 620.000um 270.705um 620.295um
 270.560um 620.295um 270.705um 620.455um
 270.560um 620.455um 270.705um 621.325um
 270.560um 621.325um 270.705um 621.455um
 270.560um 621.455um 270.705um 621.665um
 270.560um 621.665um 270.705um 621.795um
 270.560um 621.795um 270.705um 622.000um
 270.560um 616.500um 270.705um 617.225um
 270.560um 617.225um 270.705um 617.385um
 270.560um 617.385um 270.705um 617.715um
 270.560um 617.715um 270.705um 617.925um
 270.560um 617.925um 270.705um 618.055um
 270.560um 618.055um 270.705um 618.500um
 270.560um 613.000um 270.705um 613.165um
 270.560um 613.165um 270.705um 613.295um
 270.560um 613.295um 270.705um 613.505um
 270.560um 613.505um 270.705um 613.635um
 270.560um 613.635um 270.705um 614.185um
 270.560um 614.185um 270.705um 614.315um
 270.560um 614.315um 270.705um 614.525um
 270.560um 614.525um 270.705um 614.855um
 270.560um 614.855um 270.705um 615.000um
 270.560um 609.500um 270.705um 609.575um
 270.560um 609.575um 270.705um 610.445um
 270.560um 610.445um 270.705um 610.575um
 270.560um 610.575um 270.705um 610.785um
 270.560um 610.785um 270.705um 610.915um
 270.560um 610.915um 270.705um 611.500um
 270.560um 606.000um 270.705um 606.345um
 270.560um 606.345um 270.705um 606.505um
 270.560um 606.505um 270.705um 606.835um
 270.560um 606.835um 270.705um 607.045um
 270.560um 607.045um 270.705um 607.175um
 270.560um 607.175um 270.705um 607.725um
 270.560um 607.725um 270.705um 607.855um
 270.560um 607.855um 270.705um 608.000um
 270.560um 602.500um 270.705um 602.625um
 270.560um 602.625um 270.705um 602.755um
 270.560um 602.755um 270.705um 603.305um
 270.560um 603.305um 270.705um 603.435um
 270.560um 603.435um 270.705um 603.645um
 270.560um 603.645um 270.705um 603.975um
 270.560um 603.975um 270.705um 604.135um
 270.560um 604.135um 270.705um 604.500um
 270.560um 599.000um 270.705um 599.565um
 270.560um 599.565um 270.705um 599.695um
 270.560um 599.695um 270.705um 599.905um
 270.560um 599.905um 270.705um 600.035um
 270.560um 600.035um 270.705um 600.905um
 270.560um 600.905um 270.705um 601.000um
 270.560um 595.500um 270.705um 595.625um
 270.560um 595.625um 270.705um 595.955um
 270.560um 595.955um 270.705um 596.165um
 270.560um 596.165um 270.705um 596.295um
 270.560um 596.295um 270.705um 596.845um
 270.560um 596.845um 270.705um 596.975um
 270.560um 596.975um 270.705um 597.185um
 270.560um 597.185um 270.705um 597.315um
 270.560um 597.315um 270.705um 597.500um
 270.560um 592.000um 270.705um 592.425um
 270.560um 592.425um 270.705um 592.555um
 270.560um 592.555um 270.705um 592.765um
 270.560um 592.765um 270.705um 593.095um
 270.560um 593.095um 270.705um 593.255um
 270.560um 593.255um 270.705um 594.000um
 270.560um 588.500um 270.705um 588.685um
 270.560um 588.685um 270.705um 588.815um
 270.560um 588.815um 270.705um 589.025um
 270.560um 589.025um 270.705um 589.155um
 270.560um 589.155um 270.705um 590.025um
 270.560um 590.025um 270.705um 590.185um
 270.560um 590.185um 270.705um 590.500um
 270.560um 585.000um 270.705um 585.075um
 270.560um 585.075um 270.705um 585.285um
 270.560um 585.285um 270.705um 585.415um
 270.560um 585.415um 270.705um 585.965um
 270.560um 585.965um 270.705um 586.095um
 270.560um 586.095um 270.705um 586.305um
 270.560um 586.305um 270.705um 586.435um
 270.560um 586.435um 270.705um 586.985um
 270.560um 586.985um 270.705um 587.000um
 270.560um 581.500um 270.705um 581.545um
 270.560um 581.545um 270.705um 581.675um
 270.560um 581.675um 270.705um 581.885um
 270.560um 581.885um 270.705um 582.215um
 270.560um 582.215um 270.705um 582.375um
 270.560um 582.375um 270.705um 583.245um
 270.560um 583.245um 270.705um 583.375um
 270.560um 583.375um 270.705um 583.500um
 270.560um 578.000um 270.705um 578.145um
 270.560um 578.145um 270.705um 578.275um
 270.560um 578.275um 270.705um 579.145um
 270.560um 579.145um 270.705um 579.305um
 270.560um 579.305um 270.705um 579.635um
 270.560um 579.635um 270.705um 579.845um
 270.560um 579.845um 270.705um 579.975um
 270.560um 579.975um 270.705um 580.000um
 270.560um 574.500um 270.705um 574.535um
 270.560um 574.535um 270.705um 575.085um
 270.560um 575.085um 270.705um 575.215um
 270.560um 575.215um 270.705um 575.425um
 270.560um 575.425um 270.705um 575.555um
 270.560um 575.555um 270.705um 576.105um
 270.560um 576.105um 270.705um 576.235um
 270.560um 576.235um 270.705um 576.445um
 270.560um 576.445um 270.705um 576.500um
 270.560um 571.000um 270.705um 571.005um
 270.560um 571.005um 270.705um 571.335um
 270.560um 571.335um 270.705um 571.495um
 270.560um 571.495um 270.705um 572.365um
 270.560um 572.365um 270.705um 572.495um
 270.560um 572.495um 270.705um 572.705um
 270.560um 572.705um 270.705um 572.835um
 270.560um 572.835um 270.705um 573.000um
 270.560um 567.500um 270.705um 568.265um
 270.560um 568.265um 270.705um 568.425um
 270.560um 568.425um 270.705um 568.755um
 270.560um 568.755um 270.705um 568.965um
 270.560um 568.965um 270.705um 569.095um
 270.560um 569.095um 270.705um 569.500um
 270.560um 564.000um 270.705um 564.205um
 270.560um 564.205um 270.705um 564.335um
 270.560um 564.335um 270.705um 564.545um
 270.560um 564.545um 270.705um 564.675um
 270.560um 564.675um 270.705um 565.225um
 270.560um 565.225um 270.705um 565.355um
 270.560um 565.355um 270.705um 565.565um
 270.560um 565.565um 270.705um 565.895um
 270.560um 565.895um 270.705um 566.000um
 270.560um 560.500um 270.705um 560.615um
 270.560um 560.615um 270.705um 561.485um
 270.560um 561.485um 270.705um 561.615um
 270.560um 561.615um 270.705um 561.825um
 270.560um 561.825um 270.705um 561.955um
 270.560um 561.955um 270.705um 562.500um
 270.560um 557.000um 270.705um 557.385um
 270.560um 557.385um 270.705um 557.545um
 270.560um 557.545um 270.705um 557.875um
 270.560um 557.875um 270.705um 558.085um
 270.560um 558.085um 270.705um 558.215um
 270.560um 558.215um 270.705um 558.765um
 270.560um 558.765um 270.705um 558.895um
 270.560um 558.895um 270.705um 559.000um
 270.560um 553.500um 270.705um 553.665um
 270.560um 553.665um 270.705um 553.795um
 270.560um 553.795um 270.705um 554.345um
 270.560um 554.345um 270.705um 554.475um
 270.560um 554.475um 270.705um 554.685um
 270.560um 554.685um 270.705um 555.015um
 270.560um 555.015um 270.705um 555.175um
 270.560um 555.175um 270.705um 555.500um
 270.560um 550.000um 270.705um 550.605um
 270.560um 550.605um 270.705um 550.735um
 270.560um 550.735um 270.705um 550.945um
 270.560um 550.945um 270.705um 551.075um
 270.560um 551.075um 270.705um 551.945um
 270.560um 551.945um 270.705um 552.000um
 270.560um 546.500um 270.705um 546.505um
 270.560um 546.505um 270.705um 546.665um
 270.560um 546.665um 270.705um 546.995um
 270.560um 546.995um 270.705um 547.205um
 270.560um 547.205um 270.705um 547.335um
 270.560um 547.335um 270.705um 547.885um
 270.560um 547.885um 270.705um 548.015um
 270.560um 548.015um 270.705um 548.225um
 270.560um 548.225um 270.705um 548.355um
 270.560um 548.355um 270.705um 548.500um
 270.560um 543.000um 270.705um 543.465um
 270.560um 543.465um 270.705um 543.595um
 270.560um 543.595um 270.705um 543.805um
 270.560um 543.805um 270.705um 544.135um
 270.560um 544.135um 270.705um 544.295um
 270.560um 544.295um 270.705um 545.000um
 270.560um 539.500um 270.705um 539.725um
 270.560um 539.725um 270.705um 539.855um
 270.560um 539.855um 270.705um 540.065um
 270.560um 540.065um 270.705um 540.195um
 270.560um 540.195um 270.705um 541.065um
 270.560um 541.065um 270.705um 541.225um
 270.560um 541.225um 270.705um 541.500um
 270.560um 536.000um 270.705um 536.115um
 270.560um 536.115um 270.705um 536.325um
 270.560um 536.325um 270.705um 536.455um
 270.560um 536.455um 270.705um 537.005um
 270.560um 537.005um 270.705um 537.135um
 270.560um 537.135um 270.705um 537.345um
 270.560um 537.345um 270.705um 537.475um
 270.560um 537.475um 270.705um 538.000um
 270.560um 532.500um 270.705um 532.585um
 270.560um 532.585um 270.705um 532.715um
 270.560um 532.715um 270.705um 532.925um
 270.560um 532.925um 270.705um 533.255um
 270.560um 533.255um 270.705um 533.415um
 270.560um 533.415um 270.705um 534.285um
 270.560um 534.285um 270.705um 534.415um
 270.560um 534.415um 270.705um 534.500um
 270.560um 529.000um 270.705um 529.185um
 270.560um 529.185um 270.705um 529.315um
 270.560um 529.315um 270.705um 530.185um
 270.560um 530.185um 270.705um 530.345um
 270.560um 530.345um 270.705um 530.675um
 270.560um 530.675um 270.705um 530.885um
 270.560um 530.885um 270.705um 531.000um
 270.560um 525.500um 270.705um 525.575um
 270.560um 525.575um 270.705um 526.125um
 270.560um 526.125um 270.705um 526.255um
 270.560um 526.255um 270.705um 526.465um
 270.560um 526.465um 270.705um 526.595um
 270.560um 526.595um 270.705um 527.145um
 270.560um 527.145um 270.705um 527.275um
 270.560um 527.275um 270.705um 527.485um
 270.560um 527.485um 270.705um 527.500um
 270.560um 522.000um 270.705um 522.045um
 270.560um 522.045um 270.705um 522.375um
 270.560um 522.375um 270.705um 522.535um
 270.560um 522.535um 270.705um 523.405um
 270.560um 523.405um 270.705um 523.535um
 270.560um 523.535um 270.705um 523.745um
 270.560um 523.745um 270.705um 523.875um
 270.560um 523.875um 270.705um 524.000um
 270.560um 518.500um 270.705um 519.305um
 270.560um 519.305um 270.705um 519.465um
 270.560um 519.465um 270.705um 519.795um
 270.560um 519.795um 270.705um 520.005um
 270.560um 520.005um 270.705um 520.135um
 270.560um 520.135um 270.705um 520.500um
 270.560um 515.000um 270.705um 515.245um
 270.560um 515.245um 270.705um 515.375um
 270.560um 515.375um 270.705um 515.585um
 270.560um 515.585um 270.705um 515.715um
 270.560um 515.715um 270.705um 516.265um
 270.560um 516.265um 270.705um 516.395um
 270.560um 516.395um 270.705um 516.605um
 270.560um 516.605um 270.705um 516.935um
 270.560um 516.935um 270.705um 517.000um
 270.560um 511.500um 270.705um 511.655um
 270.560um 511.655um 270.705um 512.525um
 270.560um 512.525um 270.705um 512.655um
 270.560um 512.655um 270.705um 512.865um
 270.560um 512.865um 270.705um 512.995um
 270.560um 512.995um 270.705um 513.500um
 270.560um 508.000um 270.705um 508.425um
 270.560um 508.425um 270.705um 508.585um
 270.560um 508.585um 270.705um 508.915um
 270.560um 508.915um 270.705um 509.125um
 270.560um 509.125um 270.705um 509.255um
 270.560um 509.255um 270.705um 509.805um
 270.560um 509.805um 270.705um 509.935um
 270.560um 509.935um 270.705um 510.000um
 270.560um 504.500um 270.705um 504.705um
 270.560um 504.705um 270.705um 504.835um
 270.560um 504.835um 270.705um 505.385um
 270.560um 505.385um 270.705um 505.515um
 270.560um 505.515um 270.705um 505.725um
 270.560um 505.725um 270.705um 506.055um
 270.560um 506.055um 270.705um 506.215um
 270.560um 506.215um 270.705um 506.500um
 270.560um 501.000um 270.705um 501.645um
 270.560um 501.645um 270.705um 501.775um
 270.560um 501.775um 270.705um 501.985um
 270.560um 501.985um 270.705um 502.115um
 270.560um 502.115um 270.705um 502.985um
 270.560um 502.985um 270.705um 503.000um
 270.560um 497.500um 270.705um 497.545um
 270.560um 497.545um 270.705um 497.705um
 270.560um 497.705um 270.705um 498.035um
 270.560um 498.035um 270.705um 498.245um
 270.560um 498.245um 270.705um 498.375um
 270.560um 498.375um 270.705um 498.925um
 270.560um 498.925um 270.705um 499.055um
 270.560um 499.055um 270.705um 499.265um
 270.560um 499.265um 270.705um 499.395um
 270.560um 499.395um 270.705um 499.500um
 270.560um 494.000um 270.705um 494.505um
 270.560um 494.505um 270.705um 494.635um
 270.560um 494.635um 270.705um 494.845um
 270.560um 494.845um 270.705um 495.175um
 270.560um 495.175um 270.705um 495.335um
 270.560um 495.335um 270.705um 496.000um
 270.560um 490.500um 270.705um 490.765um
 270.560um 490.765um 270.705um 490.895um
 270.560um 490.895um 270.705um 491.105um
 270.560um 491.105um 270.705um 491.235um
 270.560um 491.235um 270.705um 492.105um
 270.560um 492.105um 270.705um 492.265um
 270.560um 492.265um 270.705um 492.500um
 270.560um 487.000um 270.705um 487.155um
 270.560um 487.155um 270.705um 487.365um
 270.560um 487.365um 270.705um 487.495um
 270.560um 487.495um 270.705um 488.045um
 270.560um 488.045um 270.705um 488.175um
 270.560um 488.175um 270.705um 488.385um
 270.560um 488.385um 270.705um 488.515um
 270.560um 488.515um 270.705um 489.000um
 270.560um 483.500um 270.705um 483.625um
 270.560um 483.625um 270.705um 483.755um
 270.560um 483.755um 270.705um 483.965um
 270.560um 483.965um 270.705um 484.295um
 270.560um 484.295um 270.705um 484.455um
 270.560um 484.455um 270.705um 485.325um
 270.560um 485.325um 270.705um 485.455um
 270.560um 485.455um 270.705um 485.500um
 270.560um 480.000um 270.705um 480.015um
 270.560um 480.015um 270.705um 480.225um
 270.560um 480.225um 270.705um 480.355um
 270.560um 480.355um 270.705um 481.225um
 270.560um 481.225um 270.705um 481.385um
 270.560um 481.385um 270.705um 481.715um
 270.560um 481.715um 270.705um 481.925um
 270.560um 481.925um 270.705um 482.000um
 270.560um 476.500um 270.705um 476.615um
 270.560um 476.615um 270.705um 477.165um
 270.560um 477.165um 270.705um 477.295um
 270.560um 477.295um 270.705um 477.505um
 270.560um 477.505um 270.705um 477.635um
 270.560um 477.635um 270.705um 478.185um
 270.560um 478.185um 270.705um 478.315um
 270.560um 478.315um 270.705um 478.500um
 270.560um 473.000um 270.705um 473.085um
 270.560um 473.085um 270.705um 473.415um
 270.560um 473.415um 270.705um 473.575um
 270.560um 473.575um 270.705um 474.445um
 270.560um 474.445um 270.705um 474.575um
 270.560um 474.575um 270.705um 474.785um
 270.560um 474.785um 270.705um 474.915um
 270.560um 474.915um 270.705um 475.000um
 270.560um 469.500um 270.705um 470.345um
 270.560um 470.345um 270.705um 470.505um
 270.560um 470.505um 270.705um 470.835um
 270.560um 470.835um 270.705um 471.045um
 270.560um 471.045um 270.705um 471.175um
 270.560um 471.175um 270.705um 471.500um
 270.560um 466.000um 270.705um 466.285um
 270.560um 466.285um 270.705um 466.415um
 270.560um 466.415um 270.705um 466.625um
 270.560um 466.625um 270.705um 466.755um
 270.560um 466.755um 270.705um 467.305um
 270.560um 467.305um 270.705um 467.435um
 270.560um 467.435um 270.705um 467.645um
 270.560um 467.645um 270.705um 467.975um
 270.560um 467.975um 270.705um 468.000um
 270.560um 462.500um 270.705um 462.535um
 270.560um 462.535um 270.705um 462.695um
 270.560um 462.695um 270.705um 463.565um
 270.560um 463.565um 270.705um 463.695um
 270.560um 463.695um 270.705um 463.905um
 270.560um 463.905um 270.705um 464.035um
 270.560um 464.035um 270.705um 464.500um
 270.560um 459.000um 270.705um 459.465um
 270.560um 459.465um 270.705um 459.625um
 270.560um 459.625um 270.705um 459.955um
 270.560um 459.955um 270.705um 460.165um
 270.560um 460.165um 270.705um 460.295um
 270.560um 460.295um 270.705um 460.845um
 270.560um 460.845um 270.705um 460.975um
 270.560um 460.975um 270.705um 461.000um
 270.560um 455.500um 270.705um 455.535um
 270.560um 455.535um 270.705um 455.745um
 270.560um 455.745um 270.705um 455.875um
 270.560um 455.875um 270.705um 456.425um
 270.560um 456.425um 270.705um 456.555um
 270.560um 456.555um 270.705um 456.765um
 270.560um 456.765um 270.705um 457.095um
 270.560um 457.095um 270.705um 457.255um
 270.560um 457.255um 270.705um 457.500um
 270.560um 452.000um 270.705um 452.685um
 270.560um 452.685um 270.705um 452.815um
 270.560um 452.815um 270.705um 453.025um
 270.560um 453.025um 270.705um 453.155um
 270.560um 453.155um 270.705um 454.000um
 270.560um 448.500um 270.705um 448.585um
 270.560um 448.585um 270.705um 448.745um
 270.560um 448.745um 270.705um 449.075um
 270.560um 449.075um 270.705um 449.285um
 270.560um 449.285um 270.705um 449.415um
 270.560um 449.415um 270.705um 449.965um
 270.560um 449.965um 270.705um 450.095um
 270.560um 450.095um 270.705um 450.305um
 270.560um 450.305um 270.705um 450.435um
 270.560um 450.435um 270.705um 450.500um
 270.560um 445.000um 270.705um 445.545um
 270.560um 445.545um 270.705um 445.675um
 270.560um 445.675um 270.705um 445.885um
 270.560um 445.885um 270.705um 446.215um
 270.560um 446.215um 270.705um 446.375um
 270.560um 446.375um 270.705um 447.000um
 270.560um 441.500um 270.705um 441.805um
 270.560um 441.805um 270.705um 441.935um
 270.560um 441.935um 270.705um 442.145um
 270.560um 442.145um 270.705um 442.275um
 270.560um 442.275um 270.705um 443.145um
 270.560um 443.145um 270.705um 443.305um
 270.560um 443.305um 270.705um 443.500um
 270.560um 438.000um 270.705um 438.195um
 270.560um 438.195um 270.705um 438.405um
 270.560um 438.405um 270.705um 438.535um
 270.560um 438.535um 270.705um 439.085um
 270.560um 439.085um 270.705um 439.215um
 270.560um 439.215um 270.705um 439.425um
 270.560um 439.425um 270.705um 439.555um
 270.560um 439.555um 270.705um 440.000um
 270.560um 434.500um 270.705um 434.665um
 270.560um 434.665um 270.705um 434.795um
 270.560um 434.795um 270.705um 435.005um
 270.560um 435.005um 270.705um 435.335um
 270.560um 435.335um 270.705um 435.495um
 270.560um 435.495um 270.705um 436.365um
 270.560um 436.365um 270.705um 436.495um
 270.560um 436.495um 270.705um 436.500um
 270.560um 431.000um 270.705um 431.055um
 270.560um 431.055um 270.705um 431.265um
 270.560um 431.265um 270.705um 431.395um
 270.560um 431.395um 270.705um 432.265um
 270.560um 432.265um 270.705um 432.425um
 270.560um 432.425um 270.705um 432.755um
 270.560um 432.755um 270.705um 432.965um
 270.560um 432.965um 270.705um 433.000um
 270.560um 427.500um 270.705um 427.525um
 270.560um 427.525um 270.705um 427.655um
 270.560um 427.655um 270.705um 428.205um
 270.560um 428.205um 270.705um 428.335um
 270.560um 428.335um 270.705um 428.545um
 270.560um 428.545um 270.705um 428.675um
 270.560um 428.675um 270.705um 429.225um
 270.560um 429.225um 270.705um 429.355um
 270.560um 429.355um 270.705um 429.500um
 270.560um 424.000um 270.705um 424.125um
 270.560um 424.125um 270.705um 424.455um
 270.560um 424.455um 270.705um 424.615um
 270.560um 424.615um 270.705um 425.485um
 270.560um 425.485um 270.705um 425.615um
 270.560um 425.615um 270.705um 425.825um
 270.560um 425.825um 270.705um 425.955um
 270.560um 425.955um 270.705um 426.000um
 270.560um 420.500um 270.705um 420.515um
 270.560um 420.515um 270.705um 421.385um
 270.560um 421.385um 270.705um 421.545um
 270.560um 421.545um 270.705um 421.875um
 270.560um 421.875um 270.705um 422.085um
 270.560um 422.085um 270.705um 422.215um
 270.560um 422.215um 270.705um 422.500um
 270.560um 417.000um 270.705um 417.325um
 270.560um 417.325um 270.705um 417.455um
 270.560um 417.455um 270.705um 417.665um
 270.560um 417.665um 270.705um 417.795um
 270.560um 417.795um 270.705um 418.345um
 270.560um 418.345um 270.705um 418.475um
 270.560um 418.475um 270.705um 418.685um
 270.560um 418.685um 270.705um 419.000um
 270.560um 413.500um 270.705um 413.575um
 270.560um 413.575um 270.705um 413.735um
 270.560um 413.735um 270.705um 414.605um
 270.560um 414.605um 270.705um 414.735um
 270.560um 414.735um 270.705um 414.945um
 270.560um 414.945um 270.705um 415.075um
 270.560um 415.075um 270.705um 415.500um
 270.560um 410.000um 270.705um 410.505um
 270.560um 410.505um 270.705um 410.665um
 270.560um 410.665um 270.705um 410.995um
 270.560um 410.995um 270.705um 411.205um
 270.560um 411.205um 270.705um 411.335um
 270.560um 411.335um 270.705um 411.885um
 270.560um 411.885um 270.705um 412.000um
 270.560um 406.500um 270.705um 406.575um
 270.560um 406.575um 270.705um 406.785um
 270.560um 406.785um 270.705um 406.915um
 270.560um 406.915um 270.705um 407.465um
 270.560um 407.465um 270.705um 407.595um
 270.560um 407.595um 270.705um 407.805um
 270.560um 407.805um 270.705um 408.135um
 270.560um 408.135um 270.705um 408.295um
 270.560um 408.295um 270.705um 408.500um
 270.560um 403.000um 270.705um 403.725um
 270.560um 403.725um 270.705um 403.855um
 270.560um 403.855um 270.705um 404.065um
 270.560um 404.065um 270.705um 404.195um
 270.560um 404.195um 270.705um 405.000um
 270.560um 399.500um 270.705um 399.625um
 270.560um 399.625um 270.705um 399.785um
 270.560um 399.785um 270.705um 400.115um
 270.560um 400.115um 270.705um 400.325um
 270.560um 400.325um 270.705um 400.455um
 270.560um 400.455um 270.705um 401.005um
 270.560um 401.005um 270.705um 401.135um
 270.560um 401.135um 270.705um 401.345um
 270.560um 401.345um 270.705um 401.475um
 270.560um 401.475um 270.705um 401.500um
 270.560um 396.000um 270.705um 396.035um
 270.560um 396.035um 270.705um 396.585um
 270.560um 396.585um 270.705um 396.715um
 270.560um 396.715um 270.705um 396.925um
 270.560um 396.925um 270.705um 397.255um
 270.560um 397.255um 270.705um 397.415um
 270.560um 397.415um 270.705um 398.000um
 270.560um 392.500um 270.705um 392.845um
 270.560um 392.845um 270.705um 392.975um
 270.560um 392.975um 270.705um 393.185um
 270.560um 393.185um 270.705um 393.315um
 270.560um 393.315um 270.705um 394.185um
 270.560um 394.185um 270.705um 394.345um
 270.560um 394.345um 270.705um 394.500um
 270.560um 389.000um 270.705um 389.235um
 270.560um 389.235um 270.705um 389.445um
 270.560um 389.445um 270.705um 389.575um
 270.560um 389.575um 270.705um 390.125um
 270.560um 390.125um 270.705um 390.255um
 270.560um 390.255um 270.705um 390.465um
 270.560um 390.465um 270.705um 390.595um
 270.560um 390.595um 270.705um 391.000um
 270.560um 385.500um 270.705um 385.705um
 270.560um 385.705um 270.705um 385.835um
 270.560um 385.835um 270.705um 386.045um
 270.560um 386.045um 270.705um 386.375um
 270.560um 386.375um 270.705um 386.535um
 270.560um 386.535um 270.705um 387.405um
 270.560um 387.405um 270.705um 387.500um
 270.560um 382.000um 270.705um 382.095um
 270.560um 382.095um 270.705um 382.305um
 270.560um 382.305um 270.705um 382.435um
 270.560um 382.435um 270.705um 383.305um
 270.560um 383.305um 270.705um 383.465um
 270.560um 383.465um 270.705um 383.795um
 270.560um 383.795um 270.705um 384.000um
 270.560um 378.500um 270.705um 378.565um
 270.560um 378.565um 270.705um 378.695um
 270.560um 378.695um 270.705um 379.245um
 270.560um 379.245um 270.705um 379.375um
 270.560um 379.375um 270.705um 379.585um
 270.560um 379.585um 270.705um 379.715um
 270.560um 379.715um 270.705um 380.265um
 270.560um 380.265um 270.705um 380.395um
 270.560um 380.395um 270.705um 380.500um
 270.560um 375.000um 270.705um 375.165um
 270.560um 375.165um 270.705um 375.495um
 270.560um 375.495um 270.705um 375.655um
 270.560um 375.655um 270.705um 376.525um
 270.560um 376.525um 270.705um 376.655um
 270.560um 376.655um 270.705um 376.865um
 270.560um 376.865um 270.705um 376.995um
 270.560um 376.995um 270.705um 377.000um
 270.560um 371.500um 270.705um 371.555um
 270.560um 371.555um 270.705um 372.425um
 270.560um 372.425um 270.705um 372.585um
 270.560um 372.585um 270.705um 372.915um
 270.560um 372.915um 270.705um 373.125um
 270.560um 373.125um 270.705um 373.255um
 270.560um 373.255um 270.705um 373.500um
 270.560um 368.000um 270.705um 368.365um
 270.560um 368.365um 270.705um 368.495um
 270.560um 368.495um 270.705um 368.705um
 270.560um 368.705um 270.705um 368.835um
 270.560um 368.835um 270.705um 369.385um
 270.560um 369.385um 270.705um 369.515um
 270.560um 369.515um 270.705um 369.725um
 270.560um 369.725um 270.705um 370.000um
 270.560um 364.500um 270.705um 364.615um
 270.560um 364.615um 270.705um 364.775um
 270.560um 364.775um 270.705um 365.645um
 270.560um 365.645um 270.705um 365.775um
 270.560um 365.775um 270.705um 365.985um
 270.560um 365.985um 270.705um 366.115um
 270.560um 366.115um 270.705um 366.500um
 270.560um 361.000um 270.705um 361.545um
 270.560um 361.545um 270.705um 361.705um
 270.560um 361.705um 270.705um 362.035um
 270.560um 362.035um 270.705um 362.245um
 270.560um 362.245um 270.705um 362.375um
 270.560um 362.375um 270.705um 362.925um
 270.560um 362.925um 270.705um 363.000um
 270.560um 357.500um 270.705um 357.615um
 270.560um 357.615um 270.705um 357.825um
 270.560um 357.825um 270.705um 357.955um
 270.560um 357.955um 270.705um 358.505um
 270.560um 358.505um 270.705um 358.635um
 270.560um 358.635um 270.705um 358.845um
 270.560um 358.845um 270.705um 359.175um
 270.560um 359.175um 270.705um 359.335um
 270.560um 359.335um 270.705um 359.500um
 270.560um 354.000um 270.705um 354.765um
 270.560um 354.765um 270.705um 354.895um
 270.560um 354.895um 270.705um 355.105um
 270.560um 355.105um 270.705um 355.235um
 270.560um 355.235um 270.705um 356.000um
 270.560um 350.500um 270.705um 350.665um
 270.560um 350.665um 270.705um 350.825um
 270.560um 350.825um 270.705um 351.155um
 270.560um 351.155um 270.705um 351.365um
 270.560um 351.365um 270.705um 351.495um
 270.560um 351.495um 270.705um 352.045um
 270.560um 352.045um 270.705um 352.175um
 270.560um 352.175um 270.705um 352.385um
 270.560um 352.385um 270.705um 352.500um
 270.560um 347.000um 270.705um 347.075um
 270.560um 347.075um 270.705um 347.625um
 270.560um 347.625um 270.705um 347.755um
 270.560um 347.755um 270.705um 347.965um
 270.560um 347.965um 270.705um 348.295um
 270.560um 348.295um 270.705um 348.455um
 270.560um 348.455um 270.705um 349.000um
 270.560um 343.500um 270.705um 343.885um
 270.560um 343.885um 270.705um 344.015um
 270.560um 344.015um 270.705um 344.225um
 270.560um 344.225um 270.705um 344.355um
 270.560um 344.355um 270.705um 345.225um
 270.560um 345.225um 270.705um 345.385um
 270.560um 345.385um 270.705um 345.500um
 270.560um 340.000um 270.705um 340.275um
 270.560um 340.275um 270.705um 340.485um
 270.560um 340.485um 270.705um 340.615um
 270.560um 340.615um 270.705um 341.165um
 270.560um 341.165um 270.705um 341.295um
 270.560um 341.295um 270.705um 341.505um
 270.560um 341.505um 270.705um 341.635um
 270.560um 341.635um 270.705um 342.000um
 270.560um 336.500um 270.705um 336.745um
 270.560um 336.745um 270.705um 336.875um
 270.560um 336.875um 270.705um 337.085um
 270.560um 337.085um 270.705um 337.415um
 270.560um 337.415um 270.705um 337.575um
 270.560um 337.575um 270.705um 338.445um
 270.560um 338.445um 270.705um 338.500um
 270.560um 333.000um 270.705um 333.005um
 270.560um 333.005um 270.705um 333.135um
 270.560um 333.135um 270.705um 333.345um
 270.560um 333.345um 270.705um 333.475um
 270.560um 333.475um 270.705um 334.345um
 270.560um 334.345um 270.705um 334.505um
 270.560um 334.505um 270.705um 334.835um
 270.560um 334.835um 270.705um 335.000um
 270.560um 329.500um 270.705um 329.605um
 270.560um 329.605um 270.705um 329.735um
 270.560um 329.735um 270.705um 330.285um
 270.560um 330.285um 270.705um 330.415um
 270.560um 330.415um 270.705um 330.625um
 270.560um 330.625um 270.705um 330.755um
 270.560um 330.755um 270.705um 331.305um
 270.560um 331.305um 270.705um 331.435um
 270.560um 331.435um 270.705um 331.500um
 270.560um 326.000um 270.705um 326.205um
 270.560um 326.205um 270.705um 326.535um
 270.560um 326.535um 270.705um 326.695um
 270.560um 326.695um 270.705um 327.565um
 270.560um 327.565um 270.705um 327.695um
 270.560um 327.695um 270.705um 327.905um
 270.560um 327.905um 270.705um 328.000um
 270.560um 322.500um 270.705um 322.595um
 270.560um 322.595um 270.705um 323.465um
 270.560um 323.465um 270.705um 323.625um
 270.560um 323.625um 270.705um 323.955um
 270.560um 323.955um 270.705um 324.165um
 270.560um 324.165um 270.705um 324.295um
 270.560um 324.295um 270.705um 324.500um
 270.560um 319.000um 270.705um 319.405um
 270.560um 319.405um 270.705um 319.535um
 270.560um 319.535um 270.705um 319.745um
 270.560um 319.745um 270.705um 319.875um
 270.560um 319.875um 270.705um 320.425um
 270.560um 320.425um 270.705um 320.555um
 270.560um 320.555um 270.705um 320.765um
 270.560um 320.765um 270.705um 321.000um
 270.560um 315.500um 270.705um 315.655um
 270.560um 315.655um 270.705um 315.815um
 270.560um 315.815um 270.705um 316.685um
 270.560um 316.685um 270.705um 316.815um
 270.560um 316.815um 270.705um 317.025um
 270.560um 317.025um 270.705um 317.155um
 270.560um 317.155um 270.705um 317.500um
 270.560um 641.000um 270.705um 641.385um
 270.560um 641.385um 270.705um 641.515um
 270.560um 641.515um 270.705um 641.725um
 270.560um 641.725um 270.705um 642.055um
 270.560um 642.055um 270.705um 642.215um
 270.560um 642.215um 270.705um 642.870um
 270.560um 637.500um 270.705um 637.645um
 270.560um 637.645um 270.705um 637.775um
 270.560um 637.775um 270.705um 637.985um
 270.560um 637.985um 270.705um 638.115um
 270.560um 638.115um 270.705um 638.985um
 270.560um 638.985um 270.705um 639.145um
 270.560um 639.145um 270.705um 639.475um
 270.560um 639.475um 270.705um 639.500um
 270.560um 634.000um 270.705um 634.035um
 270.560um 634.035um 270.705um 634.245um
 270.560um 634.245um 270.705um 634.375um
 270.560um 634.375um 270.705um 634.925um
 270.560um 634.925um 270.705um 635.055um
 270.560um 635.055um 270.705um 635.265um
 270.560um 635.265um 270.705um 635.395um
 270.560um 635.395um 270.705um 635.945um
 270.560um 635.945um 270.705um 636.000um
 270.560um 630.500um 270.705um 630.505um
 270.560um 630.505um 270.705um 630.635um
 270.560um 630.635um 270.705um 630.845um
 270.560um 630.845um 270.705um 631.175um
 270.560um 631.175um 270.705um 631.335um
 270.560um 631.335um 270.705um 632.205um
 270.560um 632.205um 270.705um 632.335um
 270.560um 632.335um 270.705um 632.500um
----------------------------------------
Can't overlap those layers
----------------------------------------
 399.580um 445.170um 401.155um 446.775um
 399.315um 441.550um 401.400um 443.450um
 399.250um 433.325um 401.775um 434.140um
 401.465um 433.140um 401.775um 433.325um
 401.465um 432.365um 402.895um 433.140um
 404.875um 430.500um 405.875um 431.500um
 573.200um 458.445um 573.875um 458.450um
 573.870um 444.285um 573.875um 444.545um
 573.870um 440.745um 573.875um 441.005um
----------------------------------------
Min area of metal1 holes > 0.14um^2 (met1.7)
----------------------------------------
 573.200um 458.445um 573.875um 458.450um
 573.870um 444.285um 573.875um 444.545um
 573.870um 440.745um 573.875um 441.005um
----------------------------------------
N-well overlap of Deep N-well < 0.4um outside, 1.03um inside (nwell.5a, 7)
----------------------------------------
 270.500um 257.770um 271.930um 314.560um
 270.500um 256.340um 314.560um 257.770um
 270.500um 314.560um 271.930um 629.120um
 270.500um 640.450um 314.560um 641.880um
 270.500um 629.120um 271.930um 640.450um
 572.385um 257.770um 573.815um 314.560um
 314.560um 256.340um 573.815um 257.770um
 572.385um 314.560um 573.815um 629.120um
 314.560um 640.450um 573.815um 641.880um
 572.385um 629.120um 573.815um 640.450um
----------------------------------------
[INFO] COUNT: 865
[INFO] Should be divided by 3 or 4

