Clock: clk
Sources: wb_clk_i 
Generated: no
Virtual: yes
Propagated: no
Period: 25.000000

===========================================================================
report_clock_properties
============================================================================
Clock                   Period          Waveform
----------------------------------------------------
clk                  25.000000    0.000000 12.500000

===========================================================================
report_clock_latency
============================================================================
Clock clk
rise -> rise
    min     max
4.650000 5.570000 source latency
5.243025         network latency mprj/_6645_/CLK
        6.243451 network latency mprj/_6185_/CLK
---------------
9.893025 11.813452 latency
        1.920426 skew

fall -> fall
    min     max
4.650000 5.570000 source latency
5.363063         network latency mprj/_6645_/CLK
        6.336013 network latency mprj/_6185_/CLK
---------------
10.013062 11.906013 latency
        1.892950 skew



===========================================================================
report_clock_min_period
============================================================================
clk period_min = 4.76 fmax = 209.92
