Clock: clk
Sources: wb_clk_i 
Generated: no
Virtual: yes
Propagated: no
Period: 25.000000

===========================================================================
report_clock_properties
============================================================================
Clock                   Period          Waveform
----------------------------------------------------
clk                  25.000000    0.000000 12.500000

===========================================================================
report_clock_latency
============================================================================
Clock clk
rise -> rise
    min     max
4.650000 5.570000 source latency
4.650000         network latency _6134_/CLK
        6.267286 network latency sram_inst/_45_/CLK
---------------
9.300000 11.837287 latency
        2.537287 skew

fall -> fall
    min     max
4.650000 5.570000 source latency
4.650000         network latency _6134_/CLK
        6.353176 network latency sram_inst/_45_/CLK
---------------
9.299999 11.923176 latency
        2.623176 skew



===========================================================================
report_clock_min_period
============================================================================
clk period_min = 18.52 fmax = 54.00
