Clock: clk
Sources: wb_clk_i 
Generated: no
Virtual: yes
Propagated: no
Period: 25.000000

===========================================================================
report_clock_properties
============================================================================
Clock                   Period          Waveform
----------------------------------------------------
clk                  25.000000    0.000000 12.500000

===========================================================================
report_clock_latency
============================================================================
Clock clk
rise -> rise
    min     max
4.650000 5.570000 source latency
5.184826         network latency _6240_/CLK
        6.317763 network latency sram_inst/_45_/CLK
---------------
9.834826 11.887764 latency
        2.052938 skew

fall -> fall
    min     max
4.650000 5.570000 source latency
5.294990         network latency _6240_/CLK
        6.437132 network latency sram_inst/_45_/CLK
---------------
9.944989 12.007132 latency
        2.062143 skew



===========================================================================
report_clock_min_period
============================================================================
clk period_min = 4.67 fmax = 214.03
