Clock: clk
Sources: wb_clk_i 
Generated: no
Virtual: yes
Propagated: no
Period: 25.000000

===========================================================================
report_clock_properties
============================================================================
Clock                   Period          Waveform
----------------------------------------------------
clk                  25.000000    0.000000 12.500000

===========================================================================
report_clock_latency
============================================================================
Clock clk
rise -> rise
    min     max
4.650000 5.570000 source latency
5.071384         network latency sram_inst/wb_clk_i
        6.683417 network latency _6147_/CLK
---------------
9.721384 12.253417 latency
        2.532033 skew

fall -> fall
    min     max
4.650000 5.570000 source latency
5.690563         network latency _6256_/CLK
        6.124648 network latency sram_inst/wb_clk_i
---------------
10.340563 11.694648 latency
        1.354085 skew



===========================================================================
report_clock_min_period
============================================================================
clk period_min = 8.09 fmax = 123.62
