Clock: clk
Sources: wb_clk_i 
Generated: no
Virtual: yes
Propagated: no
Period: 25.000000

===========================================================================
report_clock_properties
============================================================================
Clock                   Period          Waveform
----------------------------------------------------
clk                  25.000000    0.000000 12.500000

===========================================================================
report_clock_latency
============================================================================
Clock clk
rise -> rise
    min     max
4.650000 5.570000 source latency
4.650000         network latency _6134_/CLK
        5.808413 network latency sram_inst/_45_/CLK
---------------
9.300000 11.378413 latency
        2.078413 skew

fall -> fall
    min     max
4.650000 5.570000 source latency
4.650000         network latency _6134_/CLK
        5.965425 network latency sram_inst/_45_/CLK
---------------
9.299999 11.535425 latency
        2.235426 skew



===========================================================================
report_clock_min_period
============================================================================
clk period_min = 4.72 fmax = 212.04
