
===========================================================================
Violator List
============================================================================
[hold reg-out] _6444_/Q -> user_irq[0] : -0.463538
[hold reg-out] _6544_/Q -> user_irq[1] : -0.246017
[hold in-reg] wbs_adr_i[8] -> _6849_/D : -0.120742
[hold in-reg] wbs_adr_i[2] -> _6868_/D : -0.116013
[hold in-reg] wbs_adr_i[16] -> _6380_/D : -0.110782
[hold in-reg] wbs_adr_i[8] -> _6851_/D : -0.098551
[hold in-reg] wbs_adr_i[8] -> _6852_/D : -0.098551
[hold in-reg] wbs_adr_i[8] -> _6853_/D : -0.098551
[hold in-reg] wbs_adr_i[8] -> _6854_/D : -0.098551
[hold in-reg] wbs_adr_i[1] -> _6322_/D : -0.092216
[hold in-reg] wbs_adr_i[1] -> _6323_/D : -0.092216
[hold in-reg] wbs_adr_i[1] -> _6324_/D : -0.092216
[hold in-reg] wbs_adr_i[1] -> _6839_/D : -0.092216
[hold in-reg] wbs_adr_i[1] -> _6840_/D : -0.092216
[hold in-reg] wbs_adr_i[1] -> _6841_/D : -0.092216
[hold in-reg] wbs_adr_i[1] -> _6842_/D : -0.092216
[hold in-reg] wbs_adr_i[1] -> _6843_/D : -0.092216
[hold in-reg] wbs_adr_i[1] -> _6844_/D : -0.092216
[hold in-reg] wbs_adr_i[1] -> _6845_/D : -0.092216
[hold in-reg] wbs_adr_i[1] -> _6846_/D : -0.092216
[hold in-reg] wbs_adr_i[1] -> _6847_/D : -0.092216
[hold in-reg] wbs_adr_i[1] -> _6848_/D : -0.092216
[hold in-reg] wbs_dat_i[0] -> _6393_/D : -0.042331
[hold in-reg] wbs_dat_i[1] -> _6394_/D : -0.042331
[hold in-reg] wbs_dat_i[2] -> _6395_/D : -0.042331
[hold in-reg] wbs_dat_i[3] -> _6396_/D : -0.042331
[hold in-reg] wbs_dat_i[4] -> _6397_/D : -0.042331
[hold in-reg] wbs_dat_i[5] -> _6398_/D : -0.042331
[hold in-reg] wbs_dat_i[6] -> _6399_/D : -0.042331
[hold in-reg] wbs_dat_i[7] -> _6400_/D : -0.042331
[hold in-reg] wbs_dat_i[8] -> _6401_/D : -0.042331
[hold in-reg] wbs_dat_i[0] -> _6402_/D : -0.042331
[hold in-reg] wbs_dat_i[1] -> _6403_/D : -0.042331
[hold in-reg] wbs_dat_i[2] -> _6404_/D : -0.042331
[hold in-reg] wbs_dat_i[3] -> _6405_/D : -0.042331
[hold in-reg] wbs_dat_i[4] -> _6406_/D : -0.042331
[hold in-reg] wbs_dat_i[5] -> _6407_/D : -0.042331
[hold in-reg] wbs_dat_i[6] -> _6408_/D : -0.042331
[hold in-reg] wbs_dat_i[7] -> _6409_/D : -0.042331
[hold in-reg] wbs_dat_i[8] -> _6410_/D : -0.042331
[hold in-reg] wbs_dat_i[0] -> _6571_/D : -0.042331
[hold in-reg] wbs_dat_i[1] -> _6572_/D : -0.042331
[hold in-reg] wbs_dat_i[2] -> _6573_/D : -0.042331
[hold in-reg] wbs_dat_i[3] -> _6574_/D : -0.042331
[hold in-reg] wbs_dat_i[4] -> _6575_/D : -0.042331
[hold in-reg] wbs_dat_i[5] -> _6576_/D : -0.042331
[hold in-reg] wbs_dat_i[6] -> _6577_/D : -0.042331
[hold in-reg] wbs_dat_i[7] -> _6578_/D : -0.042331
[hold in-reg] wbs_dat_i[8] -> _6579_/D : -0.042331
[hold in-reg] wbs_dat_i[0] -> _6626_/D : -0.042331
[hold in-reg] wbs_dat_i[1] -> _6627_/D : -0.042331
[hold in-reg] wbs_dat_i[2] -> _6628_/D : -0.042331
[hold in-reg] wbs_dat_i[3] -> _6629_/D : -0.042331
[hold in-reg] wbs_dat_i[4] -> _6630_/D : -0.042331
[hold in-reg] wbs_dat_i[5] -> _6631_/D : -0.042331
[hold in-reg] wbs_dat_i[6] -> _6632_/D : -0.042331
[hold in-reg] wbs_dat_i[7] -> _6633_/D : -0.042331
[hold in-reg] wbs_dat_i[8] -> _6634_/D : -0.042331
[hold in-reg] wbs_dat_i[0] -> _6819_/D : -0.042331
[hold in-reg] wbs_dat_i[1] -> _6820_/D : -0.042331
[hold in-reg] wbs_dat_i[2] -> _6821_/D : -0.042331
[hold in-reg] wbs_dat_i[3] -> _6822_/D : -0.042331
[hold in-reg] wbs_dat_i[4] -> _6823_/D : -0.042331
[hold in-reg] wbs_dat_i[5] -> _6824_/D : -0.042331
[hold in-reg] wbs_dat_i[6] -> _6825_/D : -0.042331
[hold in-reg] wbs_dat_i[7] -> _6826_/D : -0.042331
[hold in-reg] wbs_dat_i[8] -> _6827_/D : -0.042331
[hold in-reg] wbs_dat_i[0] -> _6200_/D : -0.040722
[hold in-reg] wbs_dat_i[1] -> _6201_/D : -0.040722
[hold in-reg] wbs_dat_i[2] -> _6202_/D : -0.040722
[hold in-reg] wbs_dat_i[3] -> _6203_/D : -0.040722
[hold in-reg] wbs_dat_i[4] -> _6204_/D : -0.040722
[hold in-reg] wbs_dat_i[5] -> _6205_/D : -0.040722
[hold in-reg] wbs_dat_i[6] -> _6206_/D : -0.040722
[hold in-reg] wbs_dat_i[7] -> _6207_/D : -0.040722
[hold in-reg] wbs_dat_i[8] -> _6208_/D : -0.040722
[hold in-reg] wbs_dat_i[0] -> _6479_/D : -0.040722
[hold in-reg] wbs_dat_i[1] -> _6480_/D : -0.040722
[hold in-reg] wbs_dat_i[2] -> _6481_/D : -0.040722
[hold in-reg] wbs_dat_i[3] -> _6482_/D : -0.040722
[hold in-reg] wbs_dat_i[4] -> _6483_/D : -0.040722
[hold in-reg] wbs_dat_i[5] -> _6484_/D : -0.040722
[hold in-reg] wbs_dat_i[6] -> _6485_/D : -0.040722
[hold in-reg] wbs_dat_i[7] -> _6486_/D : -0.040722
[hold in-reg] wbs_dat_i[8] -> _6487_/D : -0.040722
[hold in-reg] wbs_dat_i[0] -> _6488_/D : -0.040722
[hold in-reg] wbs_dat_i[1] -> _6489_/D : -0.040722
[hold in-reg] wbs_dat_i[2] -> _6490_/D : -0.040722
[hold in-reg] wbs_dat_i[3] -> _6491_/D : -0.040722
[hold in-reg] wbs_dat_i[4] -> _6492_/D : -0.040722
[hold in-reg] wbs_dat_i[5] -> _6493_/D : -0.040722
[hold in-reg] wbs_dat_i[6] -> _6494_/D : -0.040722
[hold in-reg] wbs_dat_i[7] -> _6495_/D : -0.040722
[hold in-reg] wbs_dat_i[8] -> _6496_/D : -0.040722
[hold in-reg] wbs_dat_i[0] -> _6534_/D : -0.040722
[hold in-reg] wbs_dat_i[1] -> _6535_/D : -0.040722
[hold in-reg] wbs_dat_i[2] -> _6536_/D : -0.040722
[hold in-reg] wbs_dat_i[3] -> _6537_/D : -0.040722
[hold in-reg] wbs_dat_i[4] -> _6538_/D : -0.040722
[hold in-reg] wbs_dat_i[5] -> _6539_/D : -0.040722
[hold in-reg] wbs_dat_i[6] -> _6540_/D : -0.040722
[hold in-reg] wbs_dat_i[7] -> _6541_/D : -0.040722
[hold in-reg] wbs_dat_i[8] -> _6542_/D : -0.040722
[hold in-reg] wbs_dat_i[0] -> _6553_/D : -0.040722
[hold in-reg] wbs_dat_i[1] -> _6554_/D : -0.040722
[hold in-reg] wbs_dat_i[2] -> _6555_/D : -0.040722
[hold in-reg] wbs_dat_i[3] -> _6556_/D : -0.040722
[hold in-reg] wbs_dat_i[4] -> _6557_/D : -0.040722
[hold in-reg] wbs_dat_i[5] -> _6558_/D : -0.040722
[hold in-reg] wbs_dat_i[6] -> _6559_/D : -0.040722
[hold in-reg] wbs_dat_i[7] -> _6560_/D : -0.040722
[hold in-reg] wbs_dat_i[8] -> _6561_/D : -0.040722
[hold in-reg] wbs_dat_i[0] -> _6580_/D : -0.040722
[hold in-reg] wbs_dat_i[1] -> _6581_/D : -0.040722
[hold in-reg] wbs_dat_i[2] -> _6582_/D : -0.040722
[hold in-reg] wbs_dat_i[3] -> _6583_/D : -0.040722
[hold in-reg] wbs_dat_i[4] -> _6584_/D : -0.040722
[hold in-reg] wbs_dat_i[5] -> _6585_/D : -0.040722
[hold in-reg] wbs_dat_i[6] -> _6586_/D : -0.040722
[hold in-reg] wbs_dat_i[7] -> _6587_/D : -0.040722
[hold in-reg] wbs_dat_i[8] -> _6588_/D : -0.040722
[hold in-reg] wbs_dat_i[0] -> _6657_/D : -0.040722
[hold in-reg] wbs_dat_i[1] -> _6658_/D : -0.040722
[hold in-reg] wbs_dat_i[2] -> _6659_/D : -0.040722
[hold in-reg] wbs_dat_i[3] -> _6660_/D : -0.040722
[hold in-reg] wbs_dat_i[4] -> _6661_/D : -0.040722
[hold in-reg] wbs_dat_i[5] -> _6662_/D : -0.040722
[hold in-reg] wbs_dat_i[6] -> _6663_/D : -0.040722
[hold in-reg] wbs_dat_i[7] -> _6664_/D : -0.040722
[hold in-reg] wbs_dat_i[8] -> _6665_/D : -0.040722
[hold in-reg] wbs_dat_i[0] -> _6780_/D : -0.040722
[hold in-reg] wbs_dat_i[1] -> _6781_/D : -0.040722
[hold in-reg] wbs_dat_i[2] -> _6782_/D : -0.040722
[hold in-reg] wbs_dat_i[3] -> _6783_/D : -0.040722
[hold in-reg] wbs_dat_i[4] -> _6784_/D : -0.040722
[hold in-reg] wbs_dat_i[5] -> _6785_/D : -0.040722
[hold in-reg] wbs_dat_i[6] -> _6786_/D : -0.040722
[hold in-reg] wbs_dat_i[7] -> _6787_/D : -0.040722
[hold in-reg] wbs_dat_i[8] -> _6788_/D : -0.040722
[hold in-reg] wbs_dat_i[0] -> _6789_/D : -0.040722
[hold in-reg] wbs_dat_i[1] -> _6790_/D : -0.040722
[hold in-reg] wbs_dat_i[2] -> _6791_/D : -0.040722
[hold in-reg] wbs_dat_i[3] -> _6792_/D : -0.040722
[hold in-reg] wbs_dat_i[4] -> _6793_/D : -0.040722
[hold in-reg] wbs_dat_i[5] -> _6794_/D : -0.040722
[hold in-reg] wbs_dat_i[6] -> _6795_/D : -0.040722
[hold in-reg] wbs_dat_i[7] -> _6796_/D : -0.040722
[hold in-reg] wbs_dat_i[8] -> _6797_/D : -0.040722
[hold in-reg] wbs_dat_i[0] -> _6798_/D : -0.040722
[hold in-reg] wbs_dat_i[1] -> _6799_/D : -0.040722
[hold in-reg] wbs_dat_i[2] -> _6800_/D : -0.040722
[hold in-reg] wbs_dat_i[3] -> _6801_/D : -0.040722
[hold in-reg] wbs_dat_i[4] -> _6802_/D : -0.040722
[hold in-reg] wbs_dat_i[5] -> _6803_/D : -0.040722
[hold in-reg] wbs_dat_i[6] -> _6804_/D : -0.040722
[hold in-reg] wbs_dat_i[7] -> _6805_/D : -0.040722
[hold in-reg] wbs_dat_i[8] -> _6806_/D : -0.040722
[hold in-reg] wbs_dat_i[0] -> _6828_/D : -0.040722
[hold in-reg] wbs_dat_i[1] -> _6829_/D : -0.040722
[hold in-reg] wbs_dat_i[2] -> _6830_/D : -0.040722
[hold in-reg] wbs_dat_i[3] -> _6831_/D : -0.040722
[hold in-reg] wbs_dat_i[4] -> _6832_/D : -0.040722
[hold in-reg] wbs_dat_i[5] -> _6833_/D : -0.040722
[hold in-reg] wbs_dat_i[6] -> _6834_/D : -0.040722
[hold in-reg] wbs_dat_i[7] -> _6835_/D : -0.040722
[hold in-reg] wbs_dat_i[8] -> _6836_/D : -0.040722
[hold in-reg] wbs_dat_i[0] -> _6859_/D : -0.039427
[hold in-reg] wbs_dat_i[1] -> _6860_/D : -0.039427
[hold in-reg] wbs_dat_i[2] -> _6861_/D : -0.039427
[hold in-reg] wbs_dat_i[3] -> _6862_/D : -0.039427
[hold in-reg] wbs_dat_i[4] -> _6863_/D : -0.039427
[hold in-reg] wbs_dat_i[5] -> _6864_/D : -0.039427
[hold in-reg] wbs_dat_i[6] -> _6865_/D : -0.039427
[hold in-reg] wbs_dat_i[7] -> _6866_/D : -0.039427
[hold in-reg] wbs_dat_i[8] -> _6867_/D : -0.039427
[hold in-reg] wbs_dat_i[0] -> _6884_/D : -0.039427
[hold in-reg] wbs_dat_i[1] -> _6885_/D : -0.039427
[hold in-reg] wbs_dat_i[2] -> _6886_/D : -0.039427
[hold in-reg] wbs_dat_i[3] -> _6887_/D : -0.039427
[hold in-reg] wbs_dat_i[4] -> _6888_/D : -0.039427
[hold in-reg] wbs_dat_i[0] -> _6446_/D : -0.039425
[hold in-reg] wbs_dat_i[1] -> _6447_/D : -0.039425
[hold in-reg] wbs_dat_i[2] -> _6448_/D : -0.039425
[hold in-reg] wbs_dat_i[3] -> _6449_/D : -0.039425
[hold in-reg] wbs_dat_i[4] -> _6450_/D : -0.039425
[hold in-reg] wbs_dat_i[5] -> _6451_/D : -0.039425
[hold in-reg] wbs_dat_i[6] -> _6452_/D : -0.039425
[hold in-reg] wbs_dat_i[7] -> _6453_/D : -0.039425
[hold in-reg] wbs_dat_i[8] -> _6454_/D : -0.039425
[hold in-reg] wbs_dat_i[9] -> _6455_/D : -0.039425
[hold in-reg] wbs_dat_i[10] -> _6456_/D : -0.039425
[hold in-reg] wbs_dat_i[11] -> _6457_/D : -0.039425
[hold in-reg] wbs_dat_i[12] -> _6458_/D : -0.039425
[hold in-reg] wbs_dat_i[13] -> _6459_/D : -0.039425
[hold in-reg] wbs_dat_i[14] -> _6460_/D : -0.039425
[hold in-reg] wbs_dat_i[15] -> _6461_/D : -0.039425
[hold in-reg] wbs_dat_i[0] -> _6869_/D : -0.039425
[hold in-reg] wbs_dat_i[1] -> _6870_/D : -0.039425
[hold in-reg] wbs_dat_i[2] -> _6871_/D : -0.039425
[hold in-reg] wbs_dat_i[4] -> _6873_/D : -0.039425
[hold in-reg] wbs_dat_i[5] -> _6874_/D : -0.039425
[hold in-reg] wbs_dat_i[6] -> _6875_/D : -0.039425
[hold in-reg] wbs_dat_i[7] -> _6876_/D : -0.039425
[hold in-reg] wbs_dat_i[0] -> _6641_/D : -0.039424
[hold in-reg] wbs_dat_i[1] -> _6642_/D : -0.039424
[hold in-reg] wbs_dat_i[2] -> _6643_/D : -0.039424
[hold in-reg] wbs_dat_i[3] -> _6644_/D : -0.039424
[hold in-reg] wbs_dat_i[4] -> _6645_/D : -0.039424
[hold in-reg] wbs_dat_i[5] -> _6646_/D : -0.039424
[hold in-reg] wbs_dat_i[6] -> _6647_/D : -0.039424
[hold in-reg] wbs_dat_i[7] -> _6648_/D : -0.039424
[hold in-reg] wbs_dat_i[8] -> _6649_/D : -0.039424
[hold in-reg] wbs_dat_i[9] -> _6650_/D : -0.039424
[hold in-reg] wbs_dat_i[10] -> _6651_/D : -0.039424
[hold in-reg] wbs_dat_i[11] -> _6652_/D : -0.039424
[hold in-reg] wbs_dat_i[12] -> _6653_/D : -0.039424
[hold in-reg] wbs_dat_i[13] -> _6654_/D : -0.039424
[hold in-reg] wbs_dat_i[14] -> _6655_/D : -0.039424
[hold in-reg] wbs_dat_i[15] -> _6656_/D : -0.039424
[hold in-reg] wbs_dat_i[0] -> _6348_/D : -0.039421
[hold in-reg] wbs_dat_i[6] -> _6354_/D : -0.039421
[hold in-reg] wbs_dat_i[18] -> _6366_/D : -0.039421
[hold in-reg] wbs_dat_i[19] -> _6367_/D : -0.039421
[hold in-reg] wbs_dat_i[26] -> _6374_/D : -0.039421
[hold in-reg] wbs_dat_i[30] -> _6378_/D : -0.039421
[hold in-reg] wbs_dat_i[5] -> _6416_/D : -0.039421
[hold in-reg] wbs_dat_i[15] -> _6426_/D : -0.039421
[hold in-reg] wbs_dat_i[19] -> _6430_/D : -0.039421
[hold in-reg] wbs_dat_i[20] -> _6431_/D : -0.039421
[hold in-reg] wbs_dat_i[1] -> _6349_/D : -0.039420
[hold in-reg] wbs_dat_i[2] -> _6350_/D : -0.039420
[hold in-reg] wbs_dat_i[3] -> _6351_/D : -0.039420
[hold in-reg] wbs_dat_i[4] -> _6352_/D : -0.039420
[hold in-reg] wbs_dat_i[5] -> _6353_/D : -0.039420
[hold in-reg] wbs_dat_i[13] -> _6361_/D : -0.039420
[hold in-reg] wbs_dat_i[14] -> _6362_/D : -0.039420
[hold in-reg] wbs_dat_i[24] -> _6372_/D : -0.039420
[hold in-reg] wbs_dat_i[28] -> _6376_/D : -0.039420
[hold in-reg] wbs_dat_i[6] -> _6417_/D : -0.039420
[hold in-reg] wbs_dat_i[9] -> _6420_/D : -0.039420
[hold in-reg] wbs_dat_i[11] -> _6422_/D : -0.039420
[hold in-reg] wbs_dat_i[14] -> _6425_/D : -0.039420
[hold in-reg] wbs_dat_i[23] -> _6434_/D : -0.039420
[hold in-reg] wbs_dat_i[29] -> _6440_/D : -0.039420
[hold in-reg] wbs_dat_i[11] -> _6359_/D : -0.039420
[hold in-reg] wbs_dat_i[0] -> _6411_/D : -0.039420
[hold in-reg] wbs_dat_i[20] -> _6368_/D : -0.039418
[hold in-reg] wbs_dat_i[30] -> _6441_/D : -0.039418
[hold in-reg] wbs_dat_i[0] -> _6233_/D : -0.039418
[hold in-reg] wbs_dat_i[1] -> _6234_/D : -0.039418
[hold in-reg] wbs_dat_i[2] -> _6235_/D : -0.039418
[hold in-reg] wbs_dat_i[3] -> _6236_/D : -0.039418
[hold in-reg] wbs_dat_i[4] -> _6237_/D : -0.039418
[hold in-reg] wbs_dat_i[5] -> _6238_/D : -0.039418
[hold in-reg] wbs_dat_i[6] -> _6239_/D : -0.039418
[hold in-reg] wbs_dat_i[7] -> _6240_/D : -0.039418
[hold in-reg] wbs_dat_i[8] -> _6241_/D : -0.039418
[hold in-reg] wbs_dat_i[9] -> _6242_/D : -0.039418
[hold in-reg] wbs_dat_i[10] -> _6243_/D : -0.039418
[hold in-reg] wbs_dat_i[11] -> _6244_/D : -0.039418
[hold in-reg] wbs_dat_i[12] -> _6245_/D : -0.039418
[hold in-reg] wbs_dat_i[13] -> _6246_/D : -0.039418
[hold in-reg] wbs_dat_i[14] -> _6247_/D : -0.039418
[hold in-reg] wbs_dat_i[15] -> _6248_/D : -0.039418
[hold in-reg] wbs_dat_i[16] -> _6249_/D : -0.039418
[hold in-reg] wbs_dat_i[17] -> _6250_/D : -0.039418
[hold in-reg] wbs_dat_i[18] -> _6251_/D : -0.039418
[hold in-reg] wbs_dat_i[19] -> _6252_/D : -0.039418
[hold in-reg] wbs_dat_i[20] -> _6253_/D : -0.039418
[hold in-reg] wbs_dat_i[21] -> _6254_/D : -0.039418
[hold in-reg] wbs_dat_i[22] -> _6255_/D : -0.039418
[hold in-reg] wbs_dat_i[23] -> _6256_/D : -0.039418
[hold in-reg] wbs_dat_i[24] -> _6257_/D : -0.039418
[hold in-reg] wbs_dat_i[25] -> _6258_/D : -0.039418
[hold in-reg] wbs_dat_i[26] -> _6259_/D : -0.039418
[hold in-reg] wbs_dat_i[27] -> _6260_/D : -0.039418
[hold in-reg] wbs_dat_i[28] -> _6261_/D : -0.039418
[hold in-reg] wbs_dat_i[29] -> _6262_/D : -0.039418
[hold in-reg] wbs_dat_i[30] -> _6263_/D : -0.039418
[hold in-reg] wbs_dat_i[31] -> _6264_/D : -0.039418
[hold in-reg] wbs_dat_i[7] -> _6355_/D : -0.039418
[hold in-reg] wbs_dat_i[8] -> _6356_/D : -0.039418
[hold in-reg] wbs_dat_i[9] -> _6357_/D : -0.039418
[hold in-reg] wbs_dat_i[10] -> _6358_/D : -0.039418
[hold in-reg] wbs_dat_i[12] -> _6360_/D : -0.039418
[hold in-reg] wbs_dat_i[15] -> _6363_/D : -0.039418
[hold in-reg] wbs_dat_i[16] -> _6364_/D : -0.039418
[hold in-reg] wbs_dat_i[17] -> _6365_/D : -0.039418
[hold in-reg] wbs_dat_i[21] -> _6369_/D : -0.039418
[hold in-reg] wbs_dat_i[22] -> _6370_/D : -0.039418
[hold in-reg] wbs_dat_i[23] -> _6371_/D : -0.039418
[hold in-reg] wbs_dat_i[25] -> _6373_/D : -0.039418
[hold in-reg] wbs_dat_i[27] -> _6375_/D : -0.039418
[hold in-reg] wbs_dat_i[29] -> _6377_/D : -0.039418
[hold in-reg] wbs_dat_i[31] -> _6379_/D : -0.039418
[hold in-reg] wbs_dat_i[1] -> _6412_/D : -0.039418
[hold in-reg] wbs_dat_i[2] -> _6413_/D : -0.039418
[hold in-reg] wbs_dat_i[3] -> _6414_/D : -0.039418
[hold in-reg] wbs_dat_i[4] -> _6415_/D : -0.039418
[hold in-reg] wbs_dat_i[7] -> _6418_/D : -0.039418
[hold in-reg] wbs_dat_i[8] -> _6419_/D : -0.039418
[hold in-reg] wbs_dat_i[10] -> _6421_/D : -0.039418
[hold in-reg] wbs_dat_i[12] -> _6423_/D : -0.039418
[hold in-reg] wbs_dat_i[13] -> _6424_/D : -0.039418
[hold in-reg] wbs_dat_i[16] -> _6427_/D : -0.039418
[hold in-reg] wbs_dat_i[17] -> _6428_/D : -0.039418
[hold in-reg] wbs_dat_i[18] -> _6429_/D : -0.039418
[hold in-reg] wbs_dat_i[21] -> _6432_/D : -0.039418
[hold in-reg] wbs_dat_i[22] -> _6433_/D : -0.039418
[hold in-reg] wbs_dat_i[24] -> _6435_/D : -0.039418
[hold in-reg] wbs_dat_i[25] -> _6436_/D : -0.039418
[hold in-reg] wbs_dat_i[26] -> _6437_/D : -0.039418
[hold in-reg] wbs_dat_i[27] -> _6438_/D : -0.039418
[hold in-reg] wbs_dat_i[28] -> _6439_/D : -0.039418
[hold in-reg] wbs_dat_i[31] -> _6442_/D : -0.039418
[hold in-reg] wbs_dat_i[4] -> _6329_/D : -0.037846
[hold in-reg] wbs_dat_i[1] -> _6382_/D : -0.037846
[hold in-reg] wbs_dat_i[5] -> _6386_/D : -0.037846
[hold in-reg] wbs_dat_i[7] -> _6388_/D : -0.037846
[hold in-reg] wbs_dat_i[8] -> _6389_/D : -0.037846
[hold in-reg] wbs_dat_i[10] -> _6391_/D : -0.037846
[hold in-reg] wbs_dat_i[5] -> _6467_/D : -0.037846
[hold in-reg] wbs_dat_i[1] -> _6856_/D : -0.037846
[hold in-reg] wbs_dat_i[2] -> _6857_/D : -0.037846
[hold in-reg] wbs_dat_i[3] -> _6858_/D : -0.037846
[hold in-reg] wbs_dat_i[2] -> _6304_/D : -0.037845
[hold in-reg] wbs_dat_i[3] -> _6335_/D : -0.037845
[hold in-reg] wbs_dat_i[6] -> _6338_/D : -0.037845
[hold in-reg] wbs_dat_i[7] -> _6339_/D : -0.037845
[hold in-reg] wbs_dat_i[3] -> _6384_/D : -0.037845
[hold in-reg] wbs_dat_i[9] -> _6390_/D : -0.037845
[hold in-reg] wbs_dat_i[11] -> _6392_/D : -0.037845
[hold in-reg] wbs_dat_i[0] -> _6443_/D : -0.037845
[hold in-reg] wbs_dat_i[1] -> _6444_/D : -0.037845
[hold in-reg] wbs_dat_i[2] -> _6445_/D : -0.037845
[hold in-reg] wbs_dat_i[0] -> _6809_/D : -0.037845
[hold in-reg] wbs_dat_i[1] -> _6810_/D : -0.037845
[hold in-reg] wbs_dat_i[2] -> _6811_/D : -0.037845
[hold in-reg] wbs_dat_i[3] -> _6812_/D : -0.037845
[hold in-reg] wbs_dat_i[4] -> _6813_/D : -0.037845
[hold in-reg] wbs_dat_i[5] -> _6814_/D : -0.037845
[hold in-reg] wbs_dat_i[6] -> _6815_/D : -0.037845
[hold in-reg] wbs_dat_i[7] -> _6816_/D : -0.037845
[hold in-reg] wbs_dat_i[8] -> _6817_/D : -0.037845
[hold in-reg] wbs_dat_i[9] -> _6818_/D : -0.037845
[hold in-reg] wbs_dat_i[0] -> _6855_/D : -0.037845
[hold in-reg] wbs_dat_i[0] -> _6306_/D : -0.037845
[hold in-reg] wbs_dat_i[1] -> _6307_/D : -0.037845
[hold in-reg] wbs_dat_i[2] -> _6308_/D : -0.037845
[hold in-reg] wbs_dat_i[3] -> _6309_/D : -0.037845
[hold in-reg] wbs_dat_i[4] -> _6310_/D : -0.037845
[hold in-reg] wbs_dat_i[5] -> _6311_/D : -0.037845
[hold in-reg] wbs_dat_i[8] -> _6314_/D : -0.037845
[hold in-reg] wbs_dat_i[9] -> _6315_/D : -0.037845
[hold in-reg] wbs_dat_i[10] -> _6316_/D : -0.037845
[hold in-reg] wbs_dat_i[11] -> _6317_/D : -0.037845
[hold in-reg] wbs_dat_i[12] -> _6318_/D : -0.037845
[hold in-reg] wbs_dat_i[13] -> _6319_/D : -0.037845
[hold in-reg] wbs_dat_i[14] -> _6320_/D : -0.037845
[hold in-reg] wbs_dat_i[15] -> _6321_/D : -0.037845
[hold in-reg] wbs_dat_i[3] -> _6328_/D : -0.037845
[hold in-reg] wbs_dat_i[6] -> _6331_/D : -0.037845
[hold in-reg] wbs_dat_i[0] -> _6332_/D : -0.037845
[hold in-reg] wbs_dat_i[1] -> _6333_/D : -0.037845
[hold in-reg] wbs_dat_i[2] -> _6334_/D : -0.037845
[hold in-reg] wbs_dat_i[4] -> _6336_/D : -0.037845
[hold in-reg] wbs_dat_i[5] -> _6337_/D : -0.037845
[hold in-reg] wbs_dat_i[8] -> _6340_/D : -0.037845
[hold in-reg] wbs_dat_i[14] -> _6346_/D : -0.037845
[hold in-reg] wbs_dat_i[0] -> _6462_/D : -0.037845
[hold in-reg] wbs_dat_i[1] -> _6463_/D : -0.037845
[hold in-reg] wbs_dat_i[2] -> _6464_/D : -0.037845
[hold in-reg] wbs_dat_i[3] -> _6465_/D : -0.037845
[hold in-reg] wbs_dat_i[4] -> _6466_/D : -0.037845
[hold in-reg] wbs_dat_i[6] -> _6468_/D : -0.037845
[hold in-reg] wbs_dat_i[7] -> _6469_/D : -0.037845
[hold in-reg] wbs_dat_i[6] -> _6312_/D : -0.037844
[hold in-reg] wbs_dat_i[7] -> _6313_/D : -0.037844
[hold in-reg] wbs_dat_i[9] -> _6341_/D : -0.037844
[hold in-reg] wbs_dat_i[10] -> _6342_/D : -0.037844
[hold in-reg] wbs_dat_i[11] -> _6343_/D : -0.037844
[hold in-reg] wbs_dat_i[12] -> _6344_/D : -0.037844
[hold in-reg] wbs_dat_i[13] -> _6345_/D : -0.037844
[hold in-reg] wbs_dat_i[15] -> _6347_/D : -0.037844
[hold in-reg] wbs_dat_i[2] -> _6327_/D : -0.037844
[hold in-reg] wbs_dat_i[2] -> _6383_/D : -0.037844
[hold in-reg] wbs_dat_i[4] -> _6385_/D : -0.037844
[hold in-reg] wbs_dat_i[6] -> _6387_/D : -0.037844
[hold in-reg] wbs_dat_i[0] -> _6381_/D : -0.037844
[hold in-reg] wbs_dat_i[1] -> _6326_/D : -0.037836
[hold in-reg] wbs_dat_i[5] -> _6330_/D : -0.037831
[hold in-reg] wbs_dat_i[0] -> _6325_/D : -0.037828
[hold in-reg] wbs_dat_i[0] -> _6302_/D : -0.037828
[hold in-reg] wbs_dat_i[1] -> _6303_/D : -0.037828
[hold in-reg] wbs_dat_i[3] -> _6872_/D : -0.034238
[hold in-reg] wbs_dat_i[8] -> _6877_/D : -0.034238
[hold in-reg] wbs_dat_i[9] -> _6878_/D : -0.034238
[hold in-reg] wbs_dat_i[10] -> _6879_/D : -0.034238
[hold in-reg] wbs_dat_i[11] -> _6880_/D : -0.034238
[hold in-reg] wbs_dat_i[12] -> _6881_/D : -0.034238
[hold in-reg] wbs_dat_i[13] -> _6882_/D : -0.034238
[hold in-reg] wbs_adr_i[2] -> _6675_/D : -0.032957
[hold in-reg] wbs_adr_i[16] -> _6808_/D : -0.032499
[hold in-reg] wbs_adr_i[2] -> _6682_/D : -0.028159
[hold reg-reg] _6837_/Q -> _6838_/D : -0.018275
