Clock: clk
Sources: wb_clk_i 
Generated: no
Virtual: yes
Propagated: no
Period: 25.000000

===========================================================================
report_clock_properties
============================================================================
Clock                   Period          Waveform
----------------------------------------------------
clk                  25.000000    0.000000 12.500000

===========================================================================
report_clock_latency
============================================================================
Clock clk
rise -> rise
    min     max
4.650000 5.570000 source latency
5.358668         network latency sram_inst/wb_clk_i
        7.373895 network latency _6147_/CLK
---------------
10.008668 12.943895 latency
        2.935227 skew

fall -> fall
    min     max
4.650000 5.570000 source latency
5.451787         network latency sram_inst/wb_clk_i
        7.310338 network latency _6147_/CLK
---------------
10.101787 12.880337 latency
        2.778551 skew



===========================================================================
report_clock_min_period
============================================================================
clk period_min = 18.10 fmax = 55.24
