Starting…
Running 'Verilator.Lint' at 'openlane/user_project/runs/RUN_2025-10-27_22-30-11/01-verilator-lint'…
Logging subprocess to [repr.filename]'openlane/user_project/runs/RUN_2025-10-27_22-30-11/01-verilator-lint/verilator-lint.log'[/repr.filename]…
Running 'Checker.LintTimingConstructs' at 'openlane/user_project/runs/RUN_2025-10-27_22-30-11/02-checker-linttimingconstructs'…
Check for Lint Timing Errors clear.
Running 'Checker.LintErrors' at 'openlane/user_project/runs/RUN_2025-10-27_22-30-11/03-checker-linterrors'…
Check for Lint errors clear.
Running 'Checker.LintWarnings' at 'openlane/user_project/runs/RUN_2025-10-27_22-30-11/04-checker-lintwarnings'…
493 Lint warnings found.
Running 'Yosys.JsonHeader' at 'openlane/user_project/runs/RUN_2025-10-27_22-30-11/05-yosys-jsonheader'…
Logging subprocess to [repr.filename]'openlane/user_project/runs/RUN_2025-10-27_22-30-11/05-yosys-jsonheader/yosys-jsonheader.log'[/repr.filename]…
Running 'Yosys.Synthesis' at 'openlane/user_project/runs/RUN_2025-10-27_22-30-11/06-yosys-synthesis'…
Logging subprocess to [repr.filename]'openlane/user_project/runs/RUN_2025-10-27_22-30-11/06-yosys-synthesis/yosys-synthesis.log'[/repr.filename]…
Parsing synthesis checks…
Running 'Checker.YosysUnmappedCells' at 'openlane/user_project/runs/RUN_2025-10-27_22-30-11/07-checker-yosysunmappedcells'…
Check for Unmapped Yosys instances clear.
Running 'Checker.YosysSynthChecks' at 'openlane/user_project/runs/RUN_2025-10-27_22-30-11/08-checker-yosyssynthchecks'…
Check for Yosys check errors clear.
Running 'Checker.NetlistAssignStatements' at 'openlane/user_project/runs/RUN_2025-10-27_22-30-11/09-checker-netlistassignstatements'…
Running 'OpenROAD.CheckSDCFiles' at 'openlane/user_project/runs/RUN_2025-10-27_22-30-11/10-openroad-checksdcfiles'…
'SIGNOFF_SDC_FILE' is not defined. Using generic fallback SDC for OpenROAD PnR steps.
Running 'OpenROAD.CheckMacroInstances' at 'openlane/user_project/runs/RUN_2025-10-27_22-30-11/11-openroad-checkmacroinstances'…
Logging subprocess to [repr.filename]'openlane/user_project/runs/RUN_2025-10-27_22-30-11/11-openroad-checkmacroinstances/openroad-checkmacroinstances.log'[/repr.filename]…
Running 'OpenROAD.STAPrePNR' at 'openlane/user_project/runs/RUN_2025-10-27_22-30-11/12-openroad-staprepnr'…
Starting STA for the nom_tt_025C_1v80 timing corner…
Starting STA for the nom_ss_100C_1v60 timing corner…
Starting STA for the nom_ff_n40C_1v95 timing corner…
Skipping corner min_tt_025C_1v80 for STA (identical to nom_tt_025C_1v80 at this stage)…
Logging subprocess to [repr.filename]'openlane/user_project/runs/RUN_2025-10-27_22-30-11/12-openroad-staprepnr/nom_tt_025C_1v80/sta.log'[/repr.filename]…
Skipping corner min_ss_100C_1v60 for STA (identical to nom_ss_100C_1v60 at this stage)…
Skipping corner min_ff_n40C_1v95 for STA (identical to nom_ff_n40C_1v95 at this stage)…
Skipping corner max_tt_025C_1v80 for STA (identical to nom_tt_025C_1v80 at this stage)…
Skipping corner max_ss_100C_1v60 for STA (identical to nom_ss_100C_1v60 at this stage)…
Logging subprocess to [repr.filename]'openlane/user_project/runs/RUN_2025-10-27_22-30-11/12-openroad-staprepnr/nom_ff_n40C_1v95/sta.log'[/repr.filename]…
Skipping corner max_ff_n40C_1v95 for STA (identical to nom_ff_n40C_1v95 at this stage)…
Logging subprocess to [repr.filename]'openlane/user_project/runs/RUN_2025-10-27_22-30-11/12-openroad-staprepnr/nom_ss_100C_1v60/sta.log'[/repr.filename]…
Finished STA for the nom_tt_025C_1v80 timing corner.
Finished STA for the nom_ff_n40C_1v95 timing corner.
Finished STA for the nom_ss_100C_1v60 timing corner.
Running 'OpenROAD.Floorplan' at 'openlane/user_project/runs/RUN_2025-10-27_22-30-11/13-openroad-floorplan'…
Logging subprocess to [repr.filename]'openlane/user_project/runs/RUN_2025-10-27_22-30-11/13-openroad-floorplan/openroad-floorplan.log'[/repr.filename]…
[STA-1140] /workspace/peripheral-example/ip/CF_SRAM_1024x32/lib/CF_SRAM_1024x32_wb_wrapper.lib line 1, library CF_SRAM_1024x32_wb_wrapper already exists.
[STA-0366] port 'la_data_in[*]' not found.
[STA-0366] port 'la_oenb[*]' not found.
[STA-0366] port 'la_data_in[*]' not found.
[STA-0366] port 'la_oenb[*]' not found.
[STA-0366] port 'io_in[*]' not found.
[STA-0366] port 'la_data_in[*]' not found.
[STA-0366] port 'la_oenb[*]' not found.
[STA-0366] port 'io_in[*]' not found.
[STA-0366] port 'la_oenb[*]' not found.
[STA-0366] port 'la_data_in[*]' not found.
[STA-0366] port 'la_data_out[*]' not found.
[STA-0366] port 'la_data_out[*]' not found.
Running 'Odb.CheckMacroAntennaProperties' at 'openlane/user_project/runs/RUN_2025-10-27_22-30-11/14-odb-checkmacroantennaproperties'…
Logging subprocess to [repr.filename]'openlane/user_project/runs/RUN_2025-10-27_22-30-11/14-odb-checkmacroantennaproperties/odb-checkmacroantennaproperties.log'[/repr.filename]…
Cell 'CF_SRAM_1024x32_wb_wrapper' has (22) input pin(s) without antenna gate information. They might not be connected to a gate.
Running 'Odb.SetPowerConnections' at 'openlane/user_project/runs/RUN_2025-10-27_22-30-11/15-odb-setpowerconnections'…
Logging subprocess to [repr.filename]'openlane/user_project/runs/RUN_2025-10-27_22-30-11/15-odb-setpowerconnections/odb-setpowerconnections.log'[/repr.filename]…
Running 'Odb.ManualMacroPlacement' at 'openlane/user_project/runs/RUN_2025-10-27_22-30-11/16-odb-manualmacroplacement'…
Logging subprocess to [repr.filename]'openlane/user_project/runs/RUN_2025-10-27_22-30-11/16-odb-manualmacroplacement/odb-manualmacroplacement.log'[/repr.filename]…
Running 'OpenROAD.CutRows' at 'openlane/user_project/runs/RUN_2025-10-27_22-30-11/17-openroad-cutrows'…
Logging subprocess to [repr.filename]'openlane/user_project/runs/RUN_2025-10-27_22-30-11/17-openroad-cutrows/openroad-cutrows.log'[/repr.filename]…
