Clock: clk
Sources: wb_clk_i 
Generated: no
Virtual: yes
Propagated: no
Period: 25.000000

===========================================================================
report_clock_properties
============================================================================
Clock                   Period          Waveform
----------------------------------------------------
clk                  25.000000    0.000000 12.500000

===========================================================================
report_clock_latency
============================================================================
Clock clk
rise -> rise
    min     max
4.650000 5.570000 source latency
5.248739         network latency _6256_/CLK
        5.815869 network latency sram_inst/wb_clk_i
---------------
9.898739 11.385869 latency
        1.487130 skew

fall -> fall
    min     max
4.650000 5.570000 source latency
5.371009         network latency _6256_/CLK
        5.977890 network latency sram_inst/wb_clk_i
---------------
10.021008 11.547890 latency
        1.526882 skew



===========================================================================
report_clock_min_period
============================================================================
clk period_min = 4.71 fmax = 212.38
