Using 64 threads…
Using a tile size of (500 µm)²…
Reading /workspace/peripheral-example/openlane/user_project/runs/RUN_2025-10-27_22-48-06/58-magic-streamout/user_project.magic.gds ..
Reading /workspace/peripheral-example/openlane/user_project/runs/RUN_2025-10-27_22-48-06/59-klayout-streamout/user_project.klayout.gds ..
--- Running XOR for layer 105/52 ---
"input" in: xor.drc:109
    Polygons (raw): 1 (flat)  1 (hierarchical)
    Elapsed: 0.000s  Memory: 670.00M
"input" in: xor.drc:109
    Polygons (raw): 1 (flat)  1 (hierarchical)
    Elapsed: 0.000s  Memory: 670.00M
"^" in: xor.drc:109
    Polygons (raw): 0 (flat)  0 (hierarchical)
    Elapsed: 0.040s  Memory: 5263.00M
XOR differences: 0
"output" in: xor.drc:86
    Polygons (raw): 0 (flat)  0 (hierarchical)
    Elapsed: 0.000s  Memory: 5015.00M
--- Running XOR for layer 122/16 ---
"input" in: xor.drc:109
    Polygons (raw): 40392 (flat)  173 (hierarchical)
    Elapsed: 0.000s  Memory: 4854.00M
"input" in: xor.drc:109
    Polygons (raw): 56286 (flat)  177 (hierarchical)
    Elapsed: 0.000s  Memory: 4798.00M
"^" in: xor.drc:109
    Polygons (raw): 0 (flat)  0 (hierarchical)
    Elapsed: 0.310s  Memory: 5143.00M
XOR differences: 0
"output" in: xor.drc:86
    Polygons (raw): 0 (flat)  0 (hierarchical)
    Elapsed: 0.020s  Memory: 4798.00M
--- Running XOR for layer 22/24 ---
"input" in: xor.drc:109
    Polygons (raw): 1 (flat)  1 (hierarchical)
    Elapsed: 0.000s  Memory: 4798.00M
"input" in: xor.drc:109
    Polygons (raw): 1 (flat)  1 (hierarchical)
    Elapsed: 0.000s  Memory: 4798.00M
"^" in: xor.drc:109
    Polygons (raw): 0 (flat)  0 (hierarchical)
    Elapsed: 0.040s  Memory: 5223.00M
XOR differences: 0
"output" in: xor.drc:86
    Polygons (raw): 0 (flat)  0 (hierarchical)
    Elapsed: 0.000s  Memory: 4798.00M
--- Running XOR for layer 23/28 ---
"input" in: xor.drc:109
    Polygons (raw): 13542 (flat)  13542 (hierarchical)
    Elapsed: 0.000s  Memory: 4798.00M
"input" in: xor.drc:109
    Polygons (raw): 13542 (flat)  13542 (hierarchical)
    Elapsed: 0.000s  Memory: 4798.00M
"^" in: xor.drc:109
    Polygons (raw): 0 (flat)  0 (hierarchical)
    Elapsed: 0.110s  Memory: 5223.00M
XOR differences: 0
"output" in: xor.drc:86
    Polygons (raw): 0 (flat)  0 (hierarchical)
    Elapsed: 0.000s  Memory: 4798.00M
--- Running XOR for layer 235/4 ---
"input" in: xor.drc:109
    Polygons (raw): 5 (flat)  5 (hierarchical)
    Elapsed: 0.000s  Memory: 4798.00M
"input" in: xor.drc:109
    Polygons (raw): 5 (flat)  5 (hierarchical)
    Elapsed: 0.000s  Memory: 4798.00M
"^" in: xor.drc:109
    Polygons (raw): 3 (flat)  3 (hierarchical)
    Elapsed: 0.060s  Memory: 5247.00M
XOR differences: 3
"output" in: xor.drc:86
    Polygons (raw): 3 (flat)  3 (hierarchical)
    Elapsed: 0.000s  Memory: 4798.00M
--- Running XOR for layer 236/0 ---
"input" in: xor.drc:109
    Polygons (raw): 32996 (flat)  160 (hierarchical)
    Elapsed: 0.000s  Memory: 4798.00M
"input" in: xor.drc:109
    Polygons (raw): 41815 (flat)  162 (hierarchical)
    Elapsed: 0.000s  Memory: 4798.00M
"^" in: xor.drc:109
    Polygons (raw): 0 (flat)  0 (hierarchical)
    Elapsed: 0.290s  Memory: 5279.00M
XOR differences: 0
"output" in: xor.drc:86
    Polygons (raw): 0 (flat)  0 (hierarchical)
    Elapsed: 0.000s  Memory: 4798.00M
--- Running XOR for layer 28/28 ---
"input" in: xor.drc:109
    Polygons (raw): 26973 (flat)  26973 (hierarchical)
    Elapsed: 0.000s  Memory: 4798.00M
"input" in: xor.drc:109
    Polygons (raw): 26973 (flat)  26973 (hierarchical)
    Elapsed: 0.000s  Memory: 4798.00M
"^" in: xor.drc:109
    Polygons (raw): 0 (flat)  0 (hierarchical)
    Elapsed: 0.100s  Memory: 5159.00M
XOR differences: 0
"output" in: xor.drc:86
    Polygons (raw): 0 (flat)  0 (hierarchical)
    Elapsed: 0.000s  Memory: 4798.00M
--- Running XOR for layer 33/24 ---
"input" in: xor.drc:109
    Polygons (raw): 1 (flat)  1 (hierarchical)
    Elapsed: 0.000s  Memory: 4798.00M
"input" in: xor.drc:109
    Polygons (raw): 1 (flat)  1 (hierarchical)
    Elapsed: 0.000s  Memory: 4798.00M
"^" in: xor.drc:109
    Polygons (raw): 0 (flat)  0 (hierarchical)
    Elapsed: 0.050s  Memory: 5263.00M
XOR differences: 0
"output" in: xor.drc:86
    Polygons (raw): 0 (flat)  0 (hierarchical)
    Elapsed: 0.000s  Memory: 4838.00M
--- Running XOR for layer 36/28 ---
"input" in: xor.drc:109
    Polygons (raw): 18881 (flat)  18881 (hierarchical)
    Elapsed: 0.000s  Memory: 4798.00M
"input" in: xor.drc:109
    Polygons (raw): 18881 (flat)  18881 (hierarchical)
    Elapsed: 0.000s  Memory: 4798.00M
"^" in: xor.drc:109
    Polygons (raw): 0 (flat)  0 (hierarchical)
    Elapsed: 0.090s  Memory: 5087.00M
XOR differences: 0
"output" in: xor.drc:86
    Polygons (raw): 0 (flat)  0 (hierarchical)
    Elapsed: 0.020s  Memory: 4799.00M
--- Running XOR for layer 41/28 ---
"input" in: xor.drc:109
    Polygons (raw): 33792 (flat)  33792 (hierarchical)
    Elapsed: 0.000s  Memory: 4799.00M
"input" in: xor.drc:109
    Polygons (raw): 33792 (flat)  33792 (hierarchical)
    Elapsed: 0.000s  Memory: 4799.00M
"^" in: xor.drc:109
    Polygons (raw): 0 (flat)  0 (hierarchical)
    Elapsed: 0.140s  Memory: 5215.00M
XOR differences: 0
"output" in: xor.drc:86
    Polygons (raw): 0 (flat)  0 (hierarchical)
    Elapsed: 0.000s  Memory: 4799.00M
--- Running XOR for layer 56/28 ---
"input" in: xor.drc:109
    Polygons (raw): 52318 (flat)  52318 (hierarchical)
    Elapsed: 0.000s  Memory: 4799.00M
"input" in: xor.drc:109
    Polygons (raw): 52318 (flat)  52318 (hierarchical)
    Elapsed: 0.010s  Memory: 4799.00M
"^" in: xor.drc:109
    Polygons (raw): 0 (flat)  0 (hierarchical)
    Elapsed: 0.190s  Memory: 5239.00M
XOR differences: 0
"output" in: xor.drc:86
    Polygons (raw): 0 (flat)  0 (hierarchical)
    Elapsed: 0.000s  Memory: 4799.00M
--- Running XOR for layer 62/24 ---
"input" in: xor.drc:109
    Polygons (raw): 1 (flat)  1 (hierarchical)
    Elapsed: 0.000s  Memory: 4799.00M
"input" in: xor.drc:109
    Polygons (raw): 1 (flat)  1 (hierarchical)
    Elapsed: 0.000s  Memory: 4799.00M
"^" in: xor.drc:109
    Polygons (raw): 0 (flat)  0 (hierarchical)
    Elapsed: 0.050s  Memory: 5263.00M
XOR differences: 0
"output" in: xor.drc:86
    Polygons (raw): 0 (flat)  0 (hierarchical)
    Elapsed: 0.000s  Memory: 4799.00M
--- Running XOR for layer 64/16 ---
"input" in: xor.drc:109
    Polygons (raw): 40389 (flat)  172 (hierarchical)
    Elapsed: 0.000s  Memory: 4799.00M
"input" in: xor.drc:109
    Polygons (raw): 56283 (flat)  176 (hierarchical)
    Elapsed: 0.000s  Memory: 4799.00M
"^" in: xor.drc:109
    Polygons (raw): 0 (flat)  0 (hierarchical)
    Elapsed: 0.340s  Memory: 5247.00M
XOR differences: 0
"output" in: xor.drc:86
    Polygons (raw): 0 (flat)  0 (hierarchical)
    Elapsed: 0.000s  Memory: 4943.00M
--- Running XOR for layer 64/18 ---
"input" in: xor.drc:109
    Polygons (raw): 1 (flat)  1 (hierarchical)
    Elapsed: 0.000s  Memory: 4799.00M
"input" in: xor.drc:109
    Polygons (raw): 1 (flat)  1 (hierarchical)
    Elapsed: 0.000s  Memory: 4799.00M
"^" in: xor.drc:109
    Polygons (raw): 0 (flat)  0 (hierarchical)
    Elapsed: 0.040s  Memory: 5199.00M
XOR differences: 0
"output" in: xor.drc:86
    Polygons (raw): 0 (flat)  0 (hierarchical)
    Elapsed: 0.030s  Memory: 4799.00M
--- Running XOR for layer 64/20 ---
"input" in: xor.drc:109
    Polygons (raw): 45324 (flat)  168 (hierarchical)
    Elapsed: 0.000s  Memory: 4799.00M
"input" in: xor.drc:109
    Polygons (raw): 66471 (flat)  172 (hierarchical)
    Elapsed: 0.000s  Memory: 4799.00M
"^" in: xor.drc:109
    Polygons (raw): 0 (flat)  0 (hierarchical)
    Elapsed: 0.510s  Memory: 5263.00M
XOR differences: 0
"output" in: xor.drc:86
    Polygons (raw): 0 (flat)  0 (hierarchical)
    Elapsed: 0.000s  Memory: 5127.00M
--- Running XOR for layer 64/5 ---
"input" in: xor.drc:109
    Polygons (raw): 0 (flat)  0 (hierarchical)
    Elapsed: 0.000s  Memory: 4847.00M
"input" in: xor.drc:109
    Polygons (raw): 0 (flat)  0 (hierarchical)
    Elapsed: 0.000s  Memory: 4799.00M
"^" in: xor.drc:109
    Polygons (raw): 0 (flat)  0 (hierarchical)
    Elapsed: 0.170s  Memory: 5183.00M
XOR differences: 0
"output" in: xor.drc:86
    Polygons (raw): 0 (flat)  0 (hierarchical)
    Elapsed: 0.010s  Memory: 4863.00M
--- Running XOR for layer 64/59 ---
"input" in: xor.drc:109
    Polygons (raw): 0 (flat)  0 (hierarchical)
    Elapsed: 0.000s  Memory: 4799.00M
"input" in: xor.drc:109
    Polygons (raw): 0 (flat)  0 (hierarchical)
    Elapsed: 0.000s  Memory: 4799.00M
"^" in: xor.drc:109
    Polygons (raw): 0 (flat)  0 (hierarchical)
    Elapsed: 0.120s  Memory: 5255.00M
XOR differences: 0
"output" in: xor.drc:86
    Polygons (raw): 0 (flat)  0 (hierarchical)
    Elapsed: 0.000s  Memory: 4799.00M
--- Running XOR for layer 65/20 ---
"input" in: xor.drc:109
    Polygons (raw): 68326 (flat)  460 (hierarchical)
    Elapsed: 0.000s  Memory: 4799.00M
"input" in: xor.drc:109
    Polygons (raw): 84783 (flat)  464 (hierarchical)
    Elapsed: 0.000s  Memory: 4799.00M
"^" in: xor.drc:109
    Polygons (raw): 0 (flat)  0 (hierarchical)
    Elapsed: 0.380s  Memory: 5119.00M
XOR differences: 0
"output" in: xor.drc:86
    Polygons (raw): 0 (flat)  0 (hierarchical)
    Elapsed: 0.030s  Memory: 4799.00M
--- Running XOR for layer 65/44 ---
"input" in: xor.drc:109
    Polygons (raw): 10522 (flat)  6 (hierarchical)
    Elapsed: 0.000s  Memory: 4799.00M
"input" in: xor.drc:109
    Polygons (raw): 21042 (flat)  6 (hierarchical)
    Elapsed: 0.010s  Memory: 4799.00M
"^" in: xor.drc:109
    Polygons (raw): 0 (flat)  0 (hierarchical)
    Elapsed: 0.110s  Memory: 5191.00M
XOR differences: 0
"output" in: xor.drc:86
    Polygons (raw): 0 (flat)  0 (hierarchical)
    Elapsed: 0.000s  Memory: 4951.00M
--- Running XOR for layer 66/15 ---
"input" in: xor.drc:109
    Polygons (raw): 96 (flat)  4 (hierarchical)
    Elapsed: 0.000s  Memory: 4799.00M
"input" in: xor.drc:109
    Polygons (raw): 192 (flat)  4 (hierarchical)
    Elapsed: 0.000s  Memory: 4799.00M
"^" in: xor.drc:109
    Polygons (raw): 0 (flat)  0 (hierarchical)
    Elapsed: 0.050s  Memory: 5255.00M
XOR differences: 0
"output" in: xor.drc:86
    Polygons (raw): 0 (flat)  0 (hierarchical)
    Elapsed: 0.000s  Memory: 4807.00M
--- Running XOR for layer 66/20 ---
"input" in: xor.drc:109
    Polygons (raw): 77584 (flat)  797 (hierarchical)
    Elapsed: 0.000s  Memory: 4799.00M
"input" in: xor.drc:109
    Polygons (raw): 92773 (flat)  801 (hierarchical)
    Elapsed: 0.000s  Memory: 4799.00M
"^" in: xor.drc:109
    Polygons (raw): 0 (flat)  0 (hierarchical)
    Elapsed: 0.730s  Memory: 5247.00M
XOR differences: 0
"output" in: xor.drc:86
    Polygons (raw): 0 (flat)  0 (hierarchical)
    Elapsed: 0.000s  Memory: 4855.00M
--- Running XOR for layer 66/44 ---
"input" in: xor.drc:109
    Polygons (raw): 338225 (flat)  4661 (hierarchical)
    Elapsed: 0.000s  Memory: 4799.00M
"input" in: xor.drc:109
    Polygons (raw): 441188 (flat)  4769 (hierarchical)
    Elapsed: 0.000s  Memory: 4799.00M
"^" in: xor.drc:109
    Polygons (raw): 0 (flat)  0 (hierarchical)
    Elapsed: 1.390s  Memory: 5151.00M
XOR differences: 0
"output" in: xor.drc:86
    Polygons (raw): 0 (flat)  0 (hierarchical)
    Elapsed: 0.020s  Memory: 4799.00M
--- Running XOR for layer 67/10 ---
"input" in: xor.drc:109
    Polygons (raw): 1 (flat)  1 (hierarchical)
    Elapsed: 0.000s  Memory: 4799.00M
"input" in: xor.drc:109
    Polygons (raw): 1 (flat)  1 (hierarchical)
    Elapsed: 0.000s  Memory: 4799.00M
"^" in: xor.drc:109
    Polygons (raw): 0 (flat)  0 (hierarchical)
    Elapsed: 0.040s  Memory: 5255.00M
XOR differences: 0
"output" in: xor.drc:86
    Polygons (raw): 0 (flat)  0 (hierarchical)
    Elapsed: 0.010s  Memory: 4959.00M
--- Running XOR for layer 67/16 ---
"input" in: xor.drc:109
    Polygons (raw): 93563 (flat)  1327 (hierarchical)
    Elapsed: 0.000s  Memory: 4799.00M
"input" in: xor.drc:109
    Polygons (raw): 165118 (flat)  1332 (hierarchical)
    Elapsed: 0.000s  Memory: 4799.00M
"^" in: xor.drc:109
    Polygons (raw): 0 (flat)  0 (hierarchical)
    Elapsed: 0.440s  Memory: 5135.00M
XOR differences: 0
"output" in: xor.drc:86
    Polygons (raw): 0 (flat)  0 (hierarchical)
    Elapsed: 0.000s  Memory: 4799.00M
--- Running XOR for layer 67/20 ---
"input" in: xor.drc:109
    Polygons (raw): 232459 (flat)  22767 (hierarchical)
    Elapsed: 0.000s  Memory: 4799.00M
"input" in: xor.drc:109
    Polygons (raw): 306455 (flat)  2136 (hierarchical)
    Elapsed: 0.000s  Memory: 4799.00M
"^" in: xor.drc:109
    Polygons (raw): 0 (flat)  0 (hierarchical)
    Elapsed: 2.090s  Memory: 5239.00M
XOR differences: 0
"output" in: xor.drc:86
    Polygons (raw): 0 (flat)  0 (hierarchical)
    Elapsed: 0.030s  Memory: 4799.00M
--- Running XOR for layer 67/44 ---
"input" in: xor.drc:109
    Polygons (raw): 621993 (flat)  24329 (hierarchical)
    Elapsed: 0.000s  Memory: 4799.00M
"input" in: xor.drc:109
    Polygons (raw): 722743 (flat)  3773 (hierarchical)
    Elapsed: 0.000s  Memory: 4799.00M
"^" in: xor.drc:109
    Polygons (raw): 0 (flat)  0 (hierarchical)
    Elapsed: 2.330s  Memory: 5159.00M
XOR differences: 0
"output" in: xor.drc:86
    Polygons (raw): 0 (flat)  0 (hierarchical)
    Elapsed: 0.020s  Memory: 4799.00M
--- Running XOR for layer 67/5 ---
"input" in: xor.drc:109
    Polygons (raw): 0 (flat)  0 (hierarchical)
    Elapsed: 0.000s  Memory: 4799.00M
"input" in: xor.drc:109
    Polygons (raw): 0 (flat)  0 (hierarchical)
    Elapsed: 0.000s  Memory: 4799.00M
"^" in: xor.drc:109
    Polygons (raw): 0 (flat)  0 (hierarchical)
    Elapsed: 0.090s  Memory: 5215.00M
XOR differences: 0
"output" in: xor.drc:86
    Polygons (raw): 0 (flat)  0 (hierarchical)
    Elapsed: 0.000s  Memory: 4855.00M
--- Running XOR for layer 68/10 ---
"input" in: xor.drc:109
    Polygons (raw): 1 (flat)  1 (hierarchical)
    Elapsed: 0.000s  Memory: 4799.00M
"input" in: xor.drc:109
    Polygons (raw): 1 (flat)  1 (hierarchical)
    Elapsed: 0.000s  Memory: 4799.00M
"^" in: xor.drc:109
    Polygons (raw): 0 (flat)  0 (hierarchical)
    Elapsed: 0.040s  Memory: 5231.00M
XOR differences: 0
"output" in: xor.drc:86
    Polygons (raw): 0 (flat)  0 (hierarchical)
    Elapsed: 0.000s  Memory: 4799.00M
--- Running XOR for layer 68/16 ---
"input" in: xor.drc:109
    Polygons (raw): 90994 (flat)  616 (hierarchical)
    Elapsed: 0.000s  Memory: 4799.00M
"input" in: xor.drc:109
    Polygons (raw): 133358 (flat)  624 (hierarchical)
    Elapsed: 0.000s  Memory: 4799.00M
"^" in: xor.drc:109
    Polygons (raw): 0 (flat)  0 (hierarchical)
    Elapsed: 0.530s  Memory: 5271.00M
XOR differences: 0
"output" in: xor.drc:86
    Polygons (raw): 0 (flat)  0 (hierarchical)
    Elapsed: 0.000s  Memory: 4799.00M
--- Running XOR for layer 68/20 ---
"input" in: xor.drc:109
    Polygons (raw): 187258 (flat)  92331 (hierarchical)
    Elapsed: 0.000s  Memory: 4799.00M
"input" in: xor.drc:109
    Polygons (raw): 214904 (flat)  31920 (hierarchical)
    Elapsed: 0.000s  Memory: 4799.00M
"^" in: xor.drc:109
    Polygons (raw): 0 (flat)  0 (hierarchical)
    Elapsed: 1.240s  Memory: 5135.00M
XOR differences: 0
"output" in: xor.drc:86
    Polygons (raw): 0 (flat)  0 (hierarchical)
    Elapsed: 0.020s  Memory: 4799.00M
--- Running XOR for layer 68/44 ---
"input" in: xor.drc:109
    Polygons (raw): 28758 (flat)  28758 (hierarchical)
    Elapsed: 0.000s  Memory: 4799.00M
"input" in: xor.drc:109
    Polygons (raw): 28758 (flat)  2229 (hierarchical)
    Elapsed: 0.000s  Memory: 4799.00M
"^" in: xor.drc:109
    Polygons (raw): 0 (flat)  0 (hierarchical)
    Elapsed: 0.200s  Memory: 5143.00M
XOR differences: 0
"output" in: xor.drc:86
    Polygons (raw): 0 (flat)  0 (hierarchical)
    Elapsed: 0.000s  Memory: 4799.00M
--- Running XOR for layer 68/5 ---
"input" in: xor.drc:109
    Polygons (raw): 0 (flat)  0 (hierarchical)
    Elapsed: 0.000s  Memory: 4799.00M
"input" in: xor.drc:109
    Polygons (raw): 0 (flat)  0 (hierarchical)
    Elapsed: 0.000s  Memory: 4799.00M
"^" in: xor.drc:109
    Polygons (raw): 0 (flat)  0 (hierarchical)
    Elapsed: 0.160s  Memory: 5263.00M
XOR differences: 0
"output" in: xor.drc:86
    Polygons (raw): 0 (flat)  0 (hierarchical)
    Elapsed: 0.000s  Memory: 4799.00M
--- Running XOR for layer 69/10 ---
"input" in: xor.drc:109
    Polygons (raw): 1 (flat)  1 (hierarchical)
    Elapsed: 0.000s  Memory: 4799.00M
"input" in: xor.drc:109
    Polygons (raw): 1 (flat)  1 (hierarchical)
    Elapsed: 0.000s  Memory: 4799.00M
"^" in: xor.drc:109
    Polygons (raw): 0 (flat)  0 (hierarchical)
    Elapsed: 0.050s  Memory: 5231.00M
XOR differences: 0
"output" in: xor.drc:86
    Polygons (raw): 0 (flat)  0 (hierarchical)
    Elapsed: 0.000s  Memory: 4863.00M
--- Running XOR for layer 69/16 ---
"input" in: xor.drc:109
    Polygons (raw): 436 (flat)  436 (hierarchical)
    Elapsed: 0.000s  Memory: 4799.00M
"input" in: xor.drc:109
    Polygons (raw): 436 (flat)  436 (hierarchical)
    Elapsed: 0.000s  Memory: 4799.00M
"^" in: xor.drc:109
    Polygons (raw): 0 (flat)  0 (hierarchical)
    Elapsed: 0.070s  Memory: 5247.00M
XOR differences: 0
"output" in: xor.drc:86
    Polygons (raw): 0 (flat)  0 (hierarchical)
    Elapsed: 0.000s  Memory: 4799.00M
--- Running XOR for layer 69/20 ---
"input" in: xor.drc:109
    Polygons (raw): 42872 (flat)  42872 (hierarchical)
    Elapsed: 0.000s  Memory: 4799.00M
"input" in: xor.drc:109
    Polygons (raw): 44064 (flat)  19241 (hierarchical)
    Elapsed: 0.000s  Memory: 4799.00M
"^" in: xor.drc:109
    Polygons (raw): 0 (flat)  0 (hierarchical)
    Elapsed: 0.350s  Memory: 5167.00M
XOR differences: 0
"output" in: xor.drc:86
    Polygons (raw): 0 (flat)  0 (hierarchical)
    Elapsed: 0.030s  Memory: 4799.00M
--- Running XOR for layer 69/44 ---
"input" in: xor.drc:109
    Polygons (raw): 8158 (flat)  8158 (hierarchical)
    Elapsed: 0.000s  Memory: 4799.00M
"input" in: xor.drc:109
    Polygons (raw): 8158 (flat)  2843 (hierarchical)
    Elapsed: 0.000s  Memory: 4799.00M
"^" in: xor.drc:109
    Polygons (raw): 0 (flat)  0 (hierarchical)
    Elapsed: 0.090s  Memory: 5207.00M
XOR differences: 0
"output" in: xor.drc:86
    Polygons (raw): 0 (flat)  0 (hierarchical)
    Elapsed: 0.010s  Memory: 4855.00M
--- Running XOR for layer 69/5 ---
"input" in: xor.drc:109
    Polygons (raw): 0 (flat)  0 (hierarchical)
    Elapsed: 0.000s  Memory: 4799.00M
"input" in: xor.drc:109
    Polygons (raw): 0 (flat)  0 (hierarchical)
    Elapsed: 0.000s  Memory: 4799.00M
"^" in: xor.drc:109
    Polygons (raw): 0 (flat)  0 (hierarchical)
    Elapsed: 0.060s  Memory: 5279.00M
XOR differences: 0
"output" in: xor.drc:86
    Polygons (raw): 0 (flat)  0 (hierarchical)
    Elapsed: 0.000s  Memory: 4815.00M
--- Running XOR for layer 70/16 ---
"input" in: xor.drc:109
    Polygons (raw): 56 (flat)  56 (hierarchical)
    Elapsed: 0.000s  Memory: 4799.00M
"input" in: xor.drc:109
    Polygons (raw): 56 (flat)  56 (hierarchical)
    Elapsed: 0.000s  Memory: 4799.00M
"^" in: xor.drc:109
    Polygons (raw): 0 (flat)  0 (hierarchical)
    Elapsed: 0.060s  Memory: 5255.00M
XOR differences: 0
"output" in: xor.drc:86
    Polygons (raw): 0 (flat)  0 (hierarchical)
    Elapsed: 0.010s  Memory: 4799.00M
--- Running XOR for layer 70/20 ---
"input" in: xor.drc:109
    Polygons (raw): 5452 (flat)  5452 (hierarchical)
    Elapsed: 0.000s  Memory: 4799.00M
"input" in: xor.drc:109
    Polygons (raw): 6029 (flat)  2463 (hierarchical)
    Elapsed: 0.000s  Memory: 4799.00M
"^" in: xor.drc:109
    Polygons (raw): 0 (flat)  0 (hierarchical)
    Elapsed: 0.090s  Memory: 5271.00M
XOR differences: 0
"output" in: xor.drc:86
    Polygons (raw): 0 (flat)  0 (hierarchical)
    Elapsed: 0.000s  Memory: 4887.00M
--- Running XOR for layer 70/44 ---
"input" in: xor.drc:109
    Polygons (raw): 10615 (flat)  10615 (hierarchical)
    Elapsed: 0.000s  Memory: 4799.00M
"input" in: xor.drc:109
    Polygons (raw): 10615 (flat)  6346 (hierarchical)
    Elapsed: 0.000s  Memory: 4799.00M
"^" in: xor.drc:109
    Polygons (raw): 0 (flat)  0 (hierarchical)
    Elapsed: 0.080s  Memory: 5239.00M
XOR differences: 0
"output" in: xor.drc:86
    Polygons (raw): 0 (flat)  0 (hierarchical)
    Elapsed: 0.000s  Memory: 4799.00M
--- Running XOR for layer 70/5 ---
"input" in: xor.drc:109
    Polygons (raw): 0 (flat)  0 (hierarchical)
    Elapsed: 0.000s  Memory: 4799.00M
"input" in: xor.drc:109
    Polygons (raw): 0 (flat)  0 (hierarchical)
    Elapsed: 0.000s  Memory: 4799.00M
"^" in: xor.drc:109
    Polygons (raw): 0 (flat)  0 (hierarchical)
    Elapsed: 0.040s  Memory: 5247.00M
XOR differences: 0
"output" in: xor.drc:86
    Polygons (raw): 0 (flat)  0 (hierarchical)
    Elapsed: 0.000s  Memory: 4799.00M
--- Running XOR for layer 71/16 ---
"input" in: xor.drc:109
    Polygons (raw): 89 (flat)  89 (hierarchical)
    Elapsed: 0.000s  Memory: 4799.00M
"input" in: xor.drc:109
    Polygons (raw): 89 (flat)  89 (hierarchical)
    Elapsed: 0.000s  Memory: 4799.00M
"^" in: xor.drc:109
    Polygons (raw): 0 (flat)  0 (hierarchical)
    Elapsed: 0.070s  Memory: 5263.00M
XOR differences: 0
"output" in: xor.drc:86
    Polygons (raw): 0 (flat)  0 (hierarchical)
    Elapsed: 0.000s  Memory: 4799.00M
--- Running XOR for layer 71/20 ---
"input" in: xor.drc:109
    Polygons (raw): 491 (flat)  491 (hierarchical)
    Elapsed: 0.000s  Memory: 4799.00M
"input" in: xor.drc:109
    Polygons (raw): 1509 (flat)  249 (hierarchical)
    Elapsed: 0.000s  Memory: 4799.00M
"^" in: xor.drc:109
    Polygons (raw): 0 (flat)  0 (hierarchical)
    Elapsed: 0.080s  Memory: 5239.00M
XOR differences: 0
"output" in: xor.drc:86
    Polygons (raw): 0 (flat)  0 (hierarchical)
    Elapsed: 0.000s  Memory: 4799.00M
--- Running XOR for layer 71/5 ---
"input" in: xor.drc:109
    Polygons (raw): 0 (flat)  0 (hierarchical)
    Elapsed: 0.000s  Memory: 4799.00M
"input" in: xor.drc:109
    Polygons (raw): 0 (flat)  0 (hierarchical)
    Elapsed: 0.000s  Memory: 4799.00M
"^" in: xor.drc:109
    Polygons (raw): 0 (flat)  0 (hierarchical)
    Elapsed: 0.080s  Memory: 5240.00M
XOR differences: 0
"output" in: xor.drc:86
    Polygons (raw): 0 (flat)  0 (hierarchical)
    Elapsed: 0.000s  Memory: 4799.00M
--- Running XOR for layer 78/44 ---
"input" in: xor.drc:109
    Polygons (raw): 45628 (flat)  176 (hierarchical)
    Elapsed: 0.000s  Memory: 4800.00M
"input" in: xor.drc:109
    Polygons (raw): 66845 (flat)  180 (hierarchical)
    Elapsed: 0.000s  Memory: 4800.00M
"^" in: xor.drc:109
    Polygons (raw): 0 (flat)  0 (hierarchical)
    Elapsed: 0.380s  Memory: 5264.00M
XOR differences: 0
"output" in: xor.drc:86
    Polygons (raw): 0 (flat)  0 (hierarchical)
    Elapsed: 0.010s  Memory: 4800.00M
Warning: --- Skipping 81/14… ---
--- Running XOR for layer 81/23 ---
"input" in: xor.drc:109
    Polygons (raw): 4573 (flat)  2 (hierarchical)
    Elapsed: 0.000s  Memory: 4800.00M
"input" in: xor.drc:109
    Polygons (raw): 9146 (flat)  2 (hierarchical)
    Elapsed: 0.000s  Memory: 4800.00M
"^" in: xor.drc:109
    Polygons (raw): 0 (flat)  0 (hierarchical)
    Elapsed: 0.090s  Memory: 5184.00M
XOR differences: 0
"output" in: xor.drc:86
    Polygons (raw): 0 (flat)  0 (hierarchical)
    Elapsed: 0.000s  Memory: 4848.00M
--- Running XOR for layer 81/4 ---
"input" in: xor.drc:109
    Polygons (raw): 45324 (flat)  168 (hierarchical)
    Elapsed: 0.000s  Memory: 4800.00M
"input" in: xor.drc:109
    Polygons (raw): 66471 (flat)  172 (hierarchical)
    Elapsed: 0.000s  Memory: 4800.00M
"^" in: xor.drc:109
    Polygons (raw): 0 (flat)  0 (hierarchical)
    Elapsed: 0.410s  Memory: 5224.00M
XOR differences: 0
"output" in: xor.drc:86
    Polygons (raw): 0 (flat)  0 (hierarchical)
    Elapsed: 0.010s  Memory: 4800.00M
--- Running XOR for layer 83/44 ---
"input" in: xor.drc:109
    Polygons (raw): 0 (flat)  0 (hierarchical)
    Elapsed: 0.000s  Memory: 4800.00M
"input" in: xor.drc:109
    Polygons (raw): 0 (flat)  0 (hierarchical)
    Elapsed: 0.000s  Memory: 4800.00M
"^" in: xor.drc:109
    Polygons (raw): 0 (flat)  0 (hierarchical)
    Elapsed: 0.150s  Memory: 5256.00M
XOR differences: 0
"output" in: xor.drc:86
    Polygons (raw): 0 (flat)  0 (hierarchical)
    Elapsed: 0.000s  Memory: 4800.00M
--- Running XOR for layer 93/44 ---
"input" in: xor.drc:109
    Polygons (raw): 50584 (flat)  170 (hierarchical)
    Elapsed: 0.000s  Memory: 4800.00M
"input" in: xor.drc:109
    Polygons (raw): 76991 (flat)  174 (hierarchical)
    Elapsed: 0.010s  Memory: 4800.00M
"^" in: xor.drc:109
    Polygons (raw): 0 (flat)  0 (hierarchical)
    Elapsed: 0.440s  Memory: 5256.00M
XOR differences: 0
"output" in: xor.drc:86
    Polygons (raw): 0 (flat)  0 (hierarchical)
    Elapsed: 0.000s  Memory: 4880.00M
--- Running XOR for layer 94/20 ---
"input" in: xor.drc:109
    Polygons (raw): 50584 (flat)  170 (hierarchical)
    Elapsed: 0.000s  Memory: 4800.00M
"input" in: xor.drc:109
    Polygons (raw): 76991 (flat)  174 (hierarchical)
    Elapsed: 0.000s  Memory: 4800.00M
"^" in: xor.drc:109
    Polygons (raw): 0 (flat)  0 (hierarchical)
    Elapsed: 0.480s  Memory: 5176.00M
XOR differences: 0
"output" in: xor.drc:86
    Polygons (raw): 0 (flat)  0 (hierarchical)
    Elapsed: 0.030s  Memory: 4800.00M
--- Running XOR for layer 95/20 ---
"input" in: xor.drc:109
    Polygons (raw): 29191 (flat)  176 (hierarchical)
    Elapsed: 0.000s  Memory: 4800.00M
"input" in: xor.drc:109
    Polygons (raw): 33811 (flat)  178 (hierarchical)
    Elapsed: 0.000s  Memory: 4800.00M
"^" in: xor.drc:109
    Polygons (raw): 0 (flat)  0 (hierarchical)
    Elapsed: 0.270s  Memory: 5248.00M
XOR differences: 0
"output" in: xor.drc:86
    Polygons (raw): 0 (flat)  0 (hierarchical)
    Elapsed: 0.000s  Memory: 4800.00M
---
Total XOR differences: 3
Writing report database: /workspace/peripheral-example/openlane/user_project/runs/RUN_2025-10-27_22-48-06/62-klayout-xor/xor.xml ..
Total elapsed: 17.300s  Memory: 4800.00M
/workspace/peripheral-example/openlane/user_project/runs/RUN_2025-10-27_22-48-06/58-magic-streamout/user_project.magic.gds
/workspace/peripheral-example/openlane/user_project/runs/RUN_2025-10-27_22-48-06/59-klayout-streamout/user_project.klayout.gds
%OL_METRIC_I design__xor_difference__count 3
