user_project
----------------------------------------
Diffusion width < 0.15um (diff/tap.1)
----------------------------------------
 210.560um 314.500um 210.705um 314.560um
 210.560um 311.000um 210.705um 311.205um
 210.560um 311.205um 210.705um 311.535um
 210.560um 311.535um 210.705um 311.695um
 210.560um 311.695um 210.705um 312.565um
 210.560um 312.565um 210.705um 312.695um
 210.560um 312.695um 210.705um 312.905um
 210.560um 312.905um 210.705um 313.000um
 210.560um 307.500um 210.705um 307.595um
 210.560um 307.595um 210.705um 308.465um
 210.560um 308.465um 210.705um 308.625um
 210.560um 308.625um 210.705um 308.955um
 210.560um 308.955um 210.705um 309.165um
 210.560um 309.165um 210.705um 309.295um
 210.560um 309.295um 210.705um 309.500um
 210.560um 304.000um 210.705um 304.405um
 210.560um 304.405um 210.705um 304.535um
 210.560um 304.535um 210.705um 304.745um
 210.560um 304.745um 210.705um 304.875um
 210.560um 304.875um 210.705um 305.425um
 210.560um 305.425um 210.705um 305.555um
 210.560um 305.555um 210.705um 305.765um
 210.560um 305.765um 210.705um 306.000um
 210.560um 300.500um 210.705um 300.655um
 210.560um 300.655um 210.705um 300.815um
 210.560um 300.815um 210.705um 301.685um
 210.560um 301.685um 210.705um 301.815um
 210.560um 301.815um 210.705um 302.025um
 210.560um 302.025um 210.705um 302.155um
 210.560um 302.155um 210.705um 302.500um
 210.560um 297.000um 210.705um 297.585um
 210.560um 297.585um 210.705um 297.745um
 210.560um 297.745um 210.705um 298.075um
 210.560um 298.075um 210.705um 298.285um
 210.560um 298.285um 210.705um 298.415um
 210.560um 298.415um 210.705um 298.965um
 210.560um 298.965um 210.705um 299.000um
 210.560um 293.500um 210.705um 293.525um
 210.560um 293.525um 210.705um 293.655um
 210.560um 293.655um 210.705um 293.865um
 210.560um 293.865um 210.705um 293.995um
 210.560um 293.995um 210.705um 294.545um
 210.560um 294.545um 210.705um 294.675um
 210.560um 294.675um 210.705um 294.885um
 210.560um 294.885um 210.705um 295.215um
 210.560um 295.215um 210.705um 295.375um
 210.560um 295.375um 210.705um 295.500um
 210.560um 290.000um 210.705um 290.805um
 210.560um 290.805um 210.705um 290.935um
 210.560um 290.935um 210.705um 291.145um
 210.560um 291.145um 210.705um 291.275um
 210.560um 291.275um 210.705um 292.000um
 210.560um 286.500um 210.705um 286.705um
 210.560um 286.705um 210.705um 286.865um
 210.560um 286.865um 210.705um 287.195um
 210.560um 287.195um 210.705um 287.405um
 210.560um 287.405um 210.705um 287.535um
 210.560um 287.535um 210.705um 288.085um
 210.560um 288.085um 210.705um 288.215um
 210.560um 288.215um 210.705um 288.425um
 210.560um 288.425um 210.705um 288.500um
 210.560um 283.000um 210.705um 283.115um
 210.560um 283.115um 210.705um 283.665um
 210.560um 283.665um 210.705um 283.795um
 210.560um 283.795um 210.705um 284.005um
 210.560um 284.005um 210.705um 284.335um
 210.560um 284.335um 210.705um 284.495um
 210.560um 284.495um 210.705um 285.000um
 210.560um 279.500um 210.705um 279.925um
 210.560um 279.925um 210.705um 280.055um
 210.560um 280.055um 210.705um 280.265um
 210.560um 280.265um 210.705um 280.395um
 210.560um 280.395um 210.705um 281.265um
 210.560um 281.265um 210.705um 281.425um
 210.560um 281.425um 210.705um 281.500um
 210.560um 276.000um 210.705um 276.315um
 210.560um 276.315um 210.705um 276.525um
 210.560um 276.525um 210.705um 276.655um
 210.560um 276.655um 210.705um 277.205um
 210.560um 277.205um 210.705um 277.335um
 210.560um 277.335um 210.705um 277.545um
 210.560um 277.545um 210.705um 277.675um
 210.560um 277.675um 210.705um 278.000um
 210.560um 272.500um 210.705um 272.785um
 210.560um 272.785um 210.705um 272.915um
 210.560um 272.915um 210.705um 273.125um
 210.560um 273.125um 210.705um 273.455um
 210.560um 273.455um 210.705um 273.615um
 210.560um 273.615um 210.705um 274.485um
 210.560um 274.485um 210.705um 274.500um
 210.560um 269.000um 210.705um 269.045um
 210.560um 269.045um 210.705um 269.175um
 210.560um 269.175um 210.705um 269.385um
 210.560um 269.385um 210.705um 269.515um
 210.560um 269.515um 210.705um 270.385um
 210.560um 270.385um 210.705um 270.545um
 210.560um 270.545um 210.705um 270.875um
 210.560um 270.875um 210.705um 271.000um
 210.560um 265.500um 210.705um 265.645um
 210.560um 265.645um 210.705um 265.775um
 210.560um 265.775um 210.705um 266.325um
 210.560um 266.325um 210.705um 266.455um
 210.560um 266.455um 210.705um 266.665um
 210.560um 266.665um 210.705um 266.795um
 210.560um 266.795um 210.705um 267.345um
 210.560um 267.345um 210.705um 267.475um
 210.560um 267.475um 210.705um 267.500um
 210.560um 262.000um 210.705um 262.035um
 210.560um 262.035um 210.705um 262.245um
 210.560um 262.245um 210.705um 262.575um
 210.560um 262.575um 210.705um 262.735um
 210.560um 262.735um 210.705um 263.605um
 210.560um 263.605um 210.705um 263.735um
 210.560um 263.735um 210.705um 263.945um
 210.560um 263.945um 210.705um 264.000um
 210.560um 258.500um 210.705um 258.505um
 210.560um 258.505um 210.705um 258.635um
 210.560um 258.635um 210.705um 259.505um
 210.560um 259.505um 210.705um 259.665um
 210.560um 259.665um 210.705um 259.995um
 210.560um 259.995um 210.705um 260.205um
 210.560um 260.205um 210.705um 260.335um
 210.560um 260.335um 210.705um 260.500um
 210.560um 255.000um 210.705um 255.445um
 210.560um 255.445um 210.705um 255.575um
 210.560um 255.575um 210.705um 255.785um
 210.560um 255.785um 210.705um 255.915um
 210.560um 255.915um 210.705um 256.465um
 210.560um 256.465um 210.705um 256.595um
 210.560um 256.595um 210.705um 256.805um
 210.560um 256.805um 210.705um 257.000um
 210.560um 251.500um 210.705um 251.695um
 210.560um 251.695um 210.705um 251.855um
 210.560um 251.855um 210.705um 252.725um
 210.560um 252.725um 210.705um 252.855um
 210.560um 252.855um 210.705um 253.065um
 210.560um 253.065um 210.705um 253.195um
 210.560um 253.195um 210.705um 253.500um
 210.560um 248.000um 210.705um 248.625um
 210.560um 248.625um 210.705um 248.785um
 210.560um 248.785um 210.705um 249.115um
 210.560um 249.115um 210.705um 249.325um
 210.560um 249.325um 210.705um 249.455um
 210.560um 249.455um 210.705um 250.000um
 210.560um 244.500um 210.705um 244.565um
 210.560um 244.565um 210.705um 244.695um
 210.560um 244.695um 210.705um 244.905um
 210.560um 244.905um 210.705um 245.035um
 210.560um 245.035um 210.705um 245.585um
 210.560um 245.585um 210.705um 245.715um
 210.560um 245.715um 210.705um 245.925um
 210.560um 245.925um 210.705um 246.255um
 210.560um 246.255um 210.705um 246.415um
 210.560um 246.415um 210.705um 246.500um
 210.560um 241.000um 210.705um 241.845um
 210.560um 241.845um 210.705um 241.975um
 210.560um 241.975um 210.705um 242.185um
 210.560um 242.185um 210.705um 242.315um
 210.560um 242.315um 210.705um 243.000um
 210.560um 626.000um 210.705um 626.385um
 210.560um 626.385um 210.705um 626.515um
 210.560um 626.515um 210.705um 626.725um
 210.560um 626.725um 210.705um 627.055um
 210.560um 627.055um 210.705um 627.215um
 210.560um 627.215um 210.705um 627.870um
 210.560um 622.500um 210.705um 622.645um
 210.560um 622.645um 210.705um 622.775um
 210.560um 622.775um 210.705um 622.985um
 210.560um 622.985um 210.705um 623.115um
 210.560um 623.115um 210.705um 623.985um
 210.560um 623.985um 210.705um 624.145um
 210.560um 624.145um 210.705um 624.475um
 210.560um 624.475um 210.705um 624.500um
 210.560um 619.000um 210.705um 619.035um
 210.560um 619.035um 210.705um 619.245um
 210.560um 619.245um 210.705um 619.375um
 210.560um 619.375um 210.705um 619.925um
 210.560um 619.925um 210.705um 620.055um
 210.560um 620.055um 210.705um 620.265um
 210.560um 620.265um 210.705um 620.395um
 210.560um 620.395um 210.705um 620.945um
 210.560um 620.945um 210.705um 621.000um
 210.560um 615.500um 210.705um 615.505um
 210.560um 615.505um 210.705um 615.635um
 210.560um 615.635um 210.705um 615.845um
 210.560um 615.845um 210.705um 616.175um
 210.560um 616.175um 210.705um 616.335um
 210.560um 616.335um 210.705um 617.205um
 210.560um 617.205um 210.705um 617.335um
 210.560um 617.335um 210.705um 617.500um
 210.560um 612.000um 210.705um 612.105um
 210.560um 612.105um 210.705um 612.235um
 210.560um 612.235um 210.705um 613.105um
 210.560um 613.105um 210.705um 613.265um
 210.560um 613.265um 210.705um 613.595um
 210.560um 613.595um 210.705um 613.805um
 210.560um 613.805um 210.705um 613.935um
 210.560um 613.935um 210.705um 614.000um
 210.560um 608.500um 210.705um 609.045um
 210.560um 609.045um 210.705um 609.175um
 210.560um 609.175um 210.705um 609.385um
 210.560um 609.385um 210.705um 609.515um
 210.560um 609.515um 210.705um 610.065um
 210.560um 610.065um 210.705um 610.195um
 210.560um 610.195um 210.705um 610.405um
 210.560um 610.405um 210.705um 610.500um
 210.560um 605.000um 210.705um 605.295um
 210.560um 605.295um 210.705um 605.455um
 210.560um 605.455um 210.705um 606.325um
 210.560um 606.325um 210.705um 606.455um
 210.560um 606.455um 210.705um 606.665um
 210.560um 606.665um 210.705um 606.795um
 210.560um 606.795um 210.705um 607.000um
 210.560um 601.500um 210.705um 602.225um
 210.560um 602.225um 210.705um 602.385um
 210.560um 602.385um 210.705um 602.715um
 210.560um 602.715um 210.705um 602.925um
 210.560um 602.925um 210.705um 603.055um
 210.560um 603.055um 210.705um 603.500um
 210.560um 598.000um 210.705um 598.165um
 210.560um 598.165um 210.705um 598.295um
 210.560um 598.295um 210.705um 598.505um
 210.560um 598.505um 210.705um 598.635um
 210.560um 598.635um 210.705um 599.185um
 210.560um 599.185um 210.705um 599.315um
 210.560um 599.315um 210.705um 599.525um
 210.560um 599.525um 210.705um 599.855um
 210.560um 599.855um 210.705um 600.000um
 210.560um 594.500um 210.705um 594.575um
 210.560um 594.575um 210.705um 595.445um
 210.560um 595.445um 210.705um 595.575um
 210.560um 595.575um 210.705um 595.785um
 210.560um 595.785um 210.705um 595.915um
 210.560um 595.915um 210.705um 596.500um
 210.560um 591.000um 210.705um 591.345um
 210.560um 591.345um 210.705um 591.505um
 210.560um 591.505um 210.705um 591.835um
 210.560um 591.835um 210.705um 592.045um
 210.560um 592.045um 210.705um 592.175um
 210.560um 592.175um 210.705um 592.725um
 210.560um 592.725um 210.705um 592.855um
 210.560um 592.855um 210.705um 593.000um
 210.560um 587.500um 210.705um 587.625um
 210.560um 587.625um 210.705um 587.755um
 210.560um 587.755um 210.705um 588.305um
 210.560um 588.305um 210.705um 588.435um
 210.560um 588.435um 210.705um 588.645um
 210.560um 588.645um 210.705um 588.975um
 210.560um 588.975um 210.705um 589.135um
 210.560um 589.135um 210.705um 589.500um
 210.560um 584.000um 210.705um 584.565um
 210.560um 584.565um 210.705um 584.695um
 210.560um 584.695um 210.705um 584.905um
 210.560um 584.905um 210.705um 585.035um
 210.560um 585.035um 210.705um 585.905um
 210.560um 585.905um 210.705um 586.000um
 210.560um 580.500um 210.705um 580.625um
 210.560um 580.625um 210.705um 580.955um
 210.560um 580.955um 210.705um 581.165um
 210.560um 581.165um 210.705um 581.295um
 210.560um 581.295um 210.705um 581.845um
 210.560um 581.845um 210.705um 581.975um
 210.560um 581.975um 210.705um 582.185um
 210.560um 582.185um 210.705um 582.315um
 210.560um 582.315um 210.705um 582.500um
 210.560um 577.000um 210.705um 577.425um
 210.560um 577.425um 210.705um 577.555um
 210.560um 577.555um 210.705um 577.765um
 210.560um 577.765um 210.705um 578.095um
 210.560um 578.095um 210.705um 578.255um
 210.560um 578.255um 210.705um 579.000um
 210.560um 573.500um 210.705um 573.685um
 210.560um 573.685um 210.705um 573.815um
 210.560um 573.815um 210.705um 574.025um
 210.560um 574.025um 210.705um 574.155um
 210.560um 574.155um 210.705um 575.025um
 210.560um 575.025um 210.705um 575.185um
 210.560um 575.185um 210.705um 575.500um
 210.560um 570.000um 210.705um 570.075um
 210.560um 570.075um 210.705um 570.285um
 210.560um 570.285um 210.705um 570.415um
 210.560um 570.415um 210.705um 570.965um
 210.560um 570.965um 210.705um 571.095um
 210.560um 571.095um 210.705um 571.305um
 210.560um 571.305um 210.705um 571.435um
 210.560um 571.435um 210.705um 571.985um
 210.560um 571.985um 210.705um 572.000um
 210.560um 566.500um 210.705um 566.545um
 210.560um 566.545um 210.705um 566.675um
 210.560um 566.675um 210.705um 566.885um
 210.560um 566.885um 210.705um 567.215um
 210.560um 567.215um 210.705um 567.375um
 210.560um 567.375um 210.705um 568.245um
 210.560um 568.245um 210.705um 568.375um
 210.560um 568.375um 210.705um 568.500um
 210.560um 563.000um 210.705um 563.145um
 210.560um 563.145um 210.705um 563.275um
 210.560um 563.275um 210.705um 564.145um
 210.560um 564.145um 210.705um 564.305um
 210.560um 564.305um 210.705um 564.635um
 210.560um 564.635um 210.705um 564.845um
 210.560um 564.845um 210.705um 564.975um
 210.560um 564.975um 210.705um 565.000um
 210.560um 559.500um 210.705um 559.535um
 210.560um 559.535um 210.705um 560.085um
 210.560um 560.085um 210.705um 560.215um
 210.560um 560.215um 210.705um 560.425um
 210.560um 560.425um 210.705um 560.555um
 210.560um 560.555um 210.705um 561.105um
 210.560um 561.105um 210.705um 561.235um
 210.560um 561.235um 210.705um 561.445um
 210.560um 561.445um 210.705um 561.500um
 210.560um 556.000um 210.705um 556.005um
 210.560um 556.005um 210.705um 556.335um
 210.560um 556.335um 210.705um 556.495um
 210.560um 556.495um 210.705um 557.365um
 210.560um 557.365um 210.705um 557.495um
 210.560um 557.495um 210.705um 557.705um
 210.560um 557.705um 210.705um 557.835um
 210.560um 557.835um 210.705um 558.000um
 210.560um 552.500um 210.705um 553.265um
 210.560um 553.265um 210.705um 553.425um
 210.560um 553.425um 210.705um 553.755um
 210.560um 553.755um 210.705um 553.965um
 210.560um 553.965um 210.705um 554.095um
 210.560um 554.095um 210.705um 554.500um
 210.560um 549.000um 210.705um 549.205um
 210.560um 549.205um 210.705um 549.335um
 210.560um 549.335um 210.705um 549.545um
 210.560um 549.545um 210.705um 549.675um
 210.560um 549.675um 210.705um 550.225um
 210.560um 550.225um 210.705um 550.355um
 210.560um 550.355um 210.705um 550.565um
 210.560um 550.565um 210.705um 550.895um
 210.560um 550.895um 210.705um 551.000um
 210.560um 545.500um 210.705um 545.615um
 210.560um 545.615um 210.705um 546.485um
 210.560um 546.485um 210.705um 546.615um
 210.560um 546.615um 210.705um 546.825um
 210.560um 546.825um 210.705um 546.955um
 210.560um 546.955um 210.705um 547.500um
 210.560um 542.000um 210.705um 542.385um
 210.560um 542.385um 210.705um 542.545um
 210.560um 542.545um 210.705um 542.875um
 210.560um 542.875um 210.705um 543.085um
 210.560um 543.085um 210.705um 543.215um
 210.560um 543.215um 210.705um 543.765um
 210.560um 543.765um 210.705um 543.895um
 210.560um 543.895um 210.705um 544.000um
 210.560um 538.500um 210.705um 538.665um
 210.560um 538.665um 210.705um 538.795um
 210.560um 538.795um 210.705um 539.345um
 210.560um 539.345um 210.705um 539.475um
 210.560um 539.475um 210.705um 539.685um
 210.560um 539.685um 210.705um 540.015um
 210.560um 540.015um 210.705um 540.175um
 210.560um 540.175um 210.705um 540.500um
 210.560um 535.000um 210.705um 535.605um
 210.560um 535.605um 210.705um 535.735um
 210.560um 535.735um 210.705um 535.945um
 210.560um 535.945um 210.705um 536.075um
 210.560um 536.075um 210.705um 536.945um
 210.560um 536.945um 210.705um 537.000um
 210.560um 531.500um 210.705um 531.505um
 210.560um 531.505um 210.705um 531.665um
 210.560um 531.665um 210.705um 531.995um
 210.560um 531.995um 210.705um 532.205um
 210.560um 532.205um 210.705um 532.335um
 210.560um 532.335um 210.705um 532.885um
 210.560um 532.885um 210.705um 533.015um
 210.560um 533.015um 210.705um 533.225um
 210.560um 533.225um 210.705um 533.355um
 210.560um 533.355um 210.705um 533.500um
 210.560um 528.000um 210.705um 528.465um
 210.560um 528.465um 210.705um 528.595um
 210.560um 528.595um 210.705um 528.805um
 210.560um 528.805um 210.705um 529.135um
 210.560um 529.135um 210.705um 529.295um
 210.560um 529.295um 210.705um 530.000um
 210.560um 524.500um 210.705um 524.725um
 210.560um 524.725um 210.705um 524.855um
 210.560um 524.855um 210.705um 525.065um
 210.560um 525.065um 210.705um 525.195um
 210.560um 525.195um 210.705um 526.065um
 210.560um 526.065um 210.705um 526.225um
 210.560um 526.225um 210.705um 526.500um
 210.560um 521.000um 210.705um 521.115um
 210.560um 521.115um 210.705um 521.325um
 210.560um 521.325um 210.705um 521.455um
 210.560um 521.455um 210.705um 522.005um
 210.560um 522.005um 210.705um 522.135um
 210.560um 522.135um 210.705um 522.345um
 210.560um 522.345um 210.705um 522.475um
 210.560um 522.475um 210.705um 523.000um
 210.560um 517.500um 210.705um 517.585um
 210.560um 517.585um 210.705um 517.715um
 210.560um 517.715um 210.705um 517.925um
 210.560um 517.925um 210.705um 518.255um
 210.560um 518.255um 210.705um 518.415um
 210.560um 518.415um 210.705um 519.285um
 210.560um 519.285um 210.705um 519.415um
 210.560um 519.415um 210.705um 519.500um
 210.560um 514.000um 210.705um 514.185um
 210.560um 514.185um 210.705um 514.315um
 210.560um 514.315um 210.705um 515.185um
 210.560um 515.185um 210.705um 515.345um
 210.560um 515.345um 210.705um 515.675um
 210.560um 515.675um 210.705um 515.885um
 210.560um 515.885um 210.705um 516.000um
 210.560um 510.500um 210.705um 510.575um
 210.560um 510.575um 210.705um 511.125um
 210.560um 511.125um 210.705um 511.255um
 210.560um 511.255um 210.705um 511.465um
 210.560um 511.465um 210.705um 511.595um
 210.560um 511.595um 210.705um 512.145um
 210.560um 512.145um 210.705um 512.275um
 210.560um 512.275um 210.705um 512.485um
 210.560um 512.485um 210.705um 512.500um
 210.560um 507.000um 210.705um 507.045um
 210.560um 507.045um 210.705um 507.375um
 210.560um 507.375um 210.705um 507.535um
 210.560um 507.535um 210.705um 508.405um
 210.560um 508.405um 210.705um 508.535um
 210.560um 508.535um 210.705um 508.745um
 210.560um 508.745um 210.705um 508.875um
 210.560um 508.875um 210.705um 509.000um
 210.560um 503.500um 210.705um 504.305um
 210.560um 504.305um 210.705um 504.465um
 210.560um 504.465um 210.705um 504.795um
 210.560um 504.795um 210.705um 505.005um
 210.560um 505.005um 210.705um 505.135um
 210.560um 505.135um 210.705um 505.500um
 210.560um 500.000um 210.705um 500.245um
 210.560um 500.245um 210.705um 500.375um
 210.560um 500.375um 210.705um 500.585um
 210.560um 500.585um 210.705um 500.715um
 210.560um 500.715um 210.705um 501.265um
 210.560um 501.265um 210.705um 501.395um
 210.560um 501.395um 210.705um 501.605um
 210.560um 501.605um 210.705um 501.935um
 210.560um 501.935um 210.705um 502.000um
 210.560um 496.500um 210.705um 496.655um
 210.560um 496.655um 210.705um 497.525um
 210.560um 497.525um 210.705um 497.655um
 210.560um 497.655um 210.705um 497.865um
 210.560um 497.865um 210.705um 497.995um
 210.560um 497.995um 210.705um 498.500um
 210.560um 493.000um 210.705um 493.425um
 210.560um 493.425um 210.705um 493.585um
 210.560um 493.585um 210.705um 493.915um
 210.560um 493.915um 210.705um 494.125um
 210.560um 494.125um 210.705um 494.255um
 210.560um 494.255um 210.705um 494.805um
 210.560um 494.805um 210.705um 494.935um
 210.560um 494.935um 210.705um 495.000um
 210.560um 489.500um 210.705um 489.705um
 210.560um 489.705um 210.705um 489.835um
 210.560um 489.835um 210.705um 490.385um
 210.560um 490.385um 210.705um 490.515um
 210.560um 490.515um 210.705um 490.725um
 210.560um 490.725um 210.705um 491.055um
 210.560um 491.055um 210.705um 491.215um
 210.560um 491.215um 210.705um 491.500um
 210.560um 486.000um 210.705um 486.645um
 210.560um 486.645um 210.705um 486.775um
 210.560um 486.775um 210.705um 486.985um
 210.560um 486.985um 210.705um 487.115um
 210.560um 487.115um 210.705um 487.985um
 210.560um 487.985um 210.705um 488.000um
 210.560um 482.500um 210.705um 482.545um
 210.560um 482.545um 210.705um 482.705um
 210.560um 482.705um 210.705um 483.035um
 210.560um 483.035um 210.705um 483.245um
 210.560um 483.245um 210.705um 483.375um
 210.560um 483.375um 210.705um 483.925um
 210.560um 483.925um 210.705um 484.055um
 210.560um 484.055um 210.705um 484.265um
 210.560um 484.265um 210.705um 484.395um
 210.560um 484.395um 210.705um 484.500um
 210.560um 479.000um 210.705um 479.505um
 210.560um 479.505um 210.705um 479.635um
 210.560um 479.635um 210.705um 479.845um
 210.560um 479.845um 210.705um 480.175um
 210.560um 480.175um 210.705um 480.335um
 210.560um 480.335um 210.705um 481.000um
 210.560um 475.500um 210.705um 475.765um
 210.560um 475.765um 210.705um 475.895um
 210.560um 475.895um 210.705um 476.105um
 210.560um 476.105um 210.705um 476.235um
 210.560um 476.235um 210.705um 477.105um
 210.560um 477.105um 210.705um 477.265um
 210.560um 477.265um 210.705um 477.500um
 210.560um 472.000um 210.705um 472.155um
 210.560um 472.155um 210.705um 472.365um
 210.560um 472.365um 210.705um 472.495um
 210.560um 472.495um 210.705um 473.045um
 210.560um 473.045um 210.705um 473.175um
 210.560um 473.175um 210.705um 473.385um
 210.560um 473.385um 210.705um 473.515um
 210.560um 473.515um 210.705um 474.000um
 210.560um 468.500um 210.705um 468.625um
 210.560um 468.625um 210.705um 468.755um
 210.560um 468.755um 210.705um 468.965um
 210.560um 468.965um 210.705um 469.295um
 210.560um 469.295um 210.705um 469.455um
 210.560um 469.455um 210.705um 470.325um
 210.560um 470.325um 210.705um 470.455um
 210.560um 470.455um 210.705um 470.500um
 210.560um 465.000um 210.705um 465.015um
 210.560um 465.015um 210.705um 465.225um
 210.560um 465.225um 210.705um 465.355um
 210.560um 465.355um 210.705um 466.225um
 210.560um 466.225um 210.705um 466.385um
 210.560um 466.385um 210.705um 466.715um
 210.560um 466.715um 210.705um 466.925um
 210.560um 466.925um 210.705um 467.000um
 210.560um 461.500um 210.705um 461.615um
 210.560um 461.615um 210.705um 462.165um
 210.560um 462.165um 210.705um 462.295um
 210.560um 462.295um 210.705um 462.505um
 210.560um 462.505um 210.705um 462.635um
 210.560um 462.635um 210.705um 463.185um
 210.560um 463.185um 210.705um 463.315um
 210.560um 463.315um 210.705um 463.500um
 210.560um 458.000um 210.705um 458.085um
 210.560um 458.085um 210.705um 458.415um
 210.560um 458.415um 210.705um 458.575um
 210.560um 458.575um 210.705um 459.445um
 210.560um 459.445um 210.705um 459.575um
 210.560um 459.575um 210.705um 459.785um
 210.560um 459.785um 210.705um 459.915um
 210.560um 459.915um 210.705um 460.000um
 210.560um 454.500um 210.705um 455.345um
 210.560um 455.345um 210.705um 455.505um
 210.560um 455.505um 210.705um 455.835um
 210.560um 455.835um 210.705um 456.045um
 210.560um 456.045um 210.705um 456.175um
 210.560um 456.175um 210.705um 456.500um
 210.560um 451.000um 210.705um 451.285um
 210.560um 451.285um 210.705um 451.415um
 210.560um 451.415um 210.705um 451.625um
 210.560um 451.625um 210.705um 451.755um
 210.560um 451.755um 210.705um 452.305um
 210.560um 452.305um 210.705um 452.435um
 210.560um 452.435um 210.705um 452.645um
 210.560um 452.645um 210.705um 452.975um
 210.560um 452.975um 210.705um 453.000um
 210.560um 447.500um 210.705um 447.535um
 210.560um 447.535um 210.705um 447.695um
 210.560um 447.695um 210.705um 448.565um
 210.560um 448.565um 210.705um 448.695um
 210.560um 448.695um 210.705um 448.905um
 210.560um 448.905um 210.705um 449.035um
 210.560um 449.035um 210.705um 449.500um
 210.560um 444.000um 210.705um 444.465um
 210.560um 444.465um 210.705um 444.625um
 210.560um 444.625um 210.705um 444.955um
 210.560um 444.955um 210.705um 445.165um
 210.560um 445.165um 210.705um 445.295um
 210.560um 445.295um 210.705um 445.845um
 210.560um 445.845um 210.705um 445.975um
 210.560um 445.975um 210.705um 446.000um
 210.560um 440.500um 210.705um 440.535um
 210.560um 440.535um 210.705um 440.745um
 210.560um 440.745um 210.705um 440.875um
 210.560um 440.875um 210.705um 441.425um
 210.560um 441.425um 210.705um 441.555um
 210.560um 441.555um 210.705um 441.765um
 210.560um 441.765um 210.705um 442.095um
 210.560um 442.095um 210.705um 442.255um
 210.560um 442.255um 210.705um 442.500um
 210.560um 437.000um 210.705um 437.685um
 210.560um 437.685um 210.705um 437.815um
 210.560um 437.815um 210.705um 438.025um
 210.560um 438.025um 210.705um 438.155um
 210.560um 438.155um 210.705um 439.000um
 210.560um 433.500um 210.705um 433.585um
 210.560um 433.585um 210.705um 433.745um
 210.560um 433.745um 210.705um 434.075um
 210.560um 434.075um 210.705um 434.285um
 210.560um 434.285um 210.705um 434.415um
 210.560um 434.415um 210.705um 434.965um
 210.560um 434.965um 210.705um 435.095um
 210.560um 435.095um 210.705um 435.305um
 210.560um 435.305um 210.705um 435.435um
 210.560um 435.435um 210.705um 435.500um
 210.560um 430.000um 210.705um 430.545um
 210.560um 430.545um 210.705um 430.675um
 210.560um 430.675um 210.705um 430.885um
 210.560um 430.885um 210.705um 431.215um
 210.560um 431.215um 210.705um 431.375um
 210.560um 431.375um 210.705um 432.000um
 210.560um 426.500um 210.705um 426.805um
 210.560um 426.805um 210.705um 426.935um
 210.560um 426.935um 210.705um 427.145um
 210.560um 427.145um 210.705um 427.275um
 210.560um 427.275um 210.705um 428.145um
 210.560um 428.145um 210.705um 428.305um
 210.560um 428.305um 210.705um 428.500um
 210.560um 423.000um 210.705um 423.195um
 210.560um 423.195um 210.705um 423.405um
 210.560um 423.405um 210.705um 423.535um
 210.560um 423.535um 210.705um 424.085um
 210.560um 424.085um 210.705um 424.215um
 210.560um 424.215um 210.705um 424.425um
 210.560um 424.425um 210.705um 424.555um
 210.560um 424.555um 210.705um 425.000um
 210.560um 419.500um 210.705um 419.665um
 210.560um 419.665um 210.705um 419.795um
 210.560um 419.795um 210.705um 420.005um
 210.560um 420.005um 210.705um 420.335um
 210.560um 420.335um 210.705um 420.495um
 210.560um 420.495um 210.705um 421.365um
 210.560um 421.365um 210.705um 421.495um
 210.560um 421.495um 210.705um 421.500um
 210.560um 416.000um 210.705um 416.055um
 210.560um 416.055um 210.705um 416.265um
 210.560um 416.265um 210.705um 416.395um
 210.560um 416.395um 210.705um 417.265um
 210.560um 417.265um 210.705um 417.425um
 210.560um 417.425um 210.705um 417.755um
 210.560um 417.755um 210.705um 417.965um
 210.560um 417.965um 210.705um 418.000um
 210.560um 412.500um 210.705um 412.525um
 210.560um 412.525um 210.705um 412.655um
 210.560um 412.655um 210.705um 413.205um
 210.560um 413.205um 210.705um 413.335um
 210.560um 413.335um 210.705um 413.545um
 210.560um 413.545um 210.705um 413.675um
 210.560um 413.675um 210.705um 414.225um
 210.560um 414.225um 210.705um 414.355um
 210.560um 414.355um 210.705um 414.500um
 210.560um 409.000um 210.705um 409.125um
 210.560um 409.125um 210.705um 409.455um
 210.560um 409.455um 210.705um 409.615um
 210.560um 409.615um 210.705um 410.485um
 210.560um 410.485um 210.705um 410.615um
 210.560um 410.615um 210.705um 410.825um
 210.560um 410.825um 210.705um 410.955um
 210.560um 410.955um 210.705um 411.000um
 210.560um 405.500um 210.705um 405.515um
 210.560um 405.515um 210.705um 406.385um
 210.560um 406.385um 210.705um 406.545um
 210.560um 406.545um 210.705um 406.875um
 210.560um 406.875um 210.705um 407.085um
 210.560um 407.085um 210.705um 407.215um
 210.560um 407.215um 210.705um 407.500um
 210.560um 402.000um 210.705um 402.325um
 210.560um 402.325um 210.705um 402.455um
 210.560um 402.455um 210.705um 402.665um
 210.560um 402.665um 210.705um 402.795um
 210.560um 402.795um 210.705um 403.345um
 210.560um 403.345um 210.705um 403.475um
 210.560um 403.475um 210.705um 403.685um
 210.560um 403.685um 210.705um 404.000um
 210.560um 398.500um 210.705um 398.575um
 210.560um 398.575um 210.705um 398.735um
 210.560um 398.735um 210.705um 399.605um
 210.560um 399.605um 210.705um 399.735um
 210.560um 399.735um 210.705um 399.945um
 210.560um 399.945um 210.705um 400.075um
 210.560um 400.075um 210.705um 400.500um
 210.560um 395.000um 210.705um 395.505um
 210.560um 395.505um 210.705um 395.665um
 210.560um 395.665um 210.705um 395.995um
 210.560um 395.995um 210.705um 396.205um
 210.560um 396.205um 210.705um 396.335um
 210.560um 396.335um 210.705um 396.885um
 210.560um 396.885um 210.705um 397.000um
 210.560um 391.500um 210.705um 391.575um
 210.560um 391.575um 210.705um 391.785um
 210.560um 391.785um 210.705um 391.915um
 210.560um 391.915um 210.705um 392.465um
 210.560um 392.465um 210.705um 392.595um
 210.560um 392.595um 210.705um 392.805um
 210.560um 392.805um 210.705um 393.135um
 210.560um 393.135um 210.705um 393.295um
 210.560um 393.295um 210.705um 393.500um
 210.560um 388.000um 210.705um 388.725um
 210.560um 388.725um 210.705um 388.855um
 210.560um 388.855um 210.705um 389.065um
 210.560um 389.065um 210.705um 389.195um
 210.560um 389.195um 210.705um 390.000um
 210.560um 384.500um 210.705um 384.625um
 210.560um 384.625um 210.705um 384.785um
 210.560um 384.785um 210.705um 385.115um
 210.560um 385.115um 210.705um 385.325um
 210.560um 385.325um 210.705um 385.455um
 210.560um 385.455um 210.705um 386.005um
 210.560um 386.005um 210.705um 386.135um
 210.560um 386.135um 210.705um 386.345um
 210.560um 386.345um 210.705um 386.475um
 210.560um 386.475um 210.705um 386.500um
 210.560um 381.000um 210.705um 381.035um
 210.560um 381.035um 210.705um 381.585um
 210.560um 381.585um 210.705um 381.715um
 210.560um 381.715um 210.705um 381.925um
 210.560um 381.925um 210.705um 382.255um
 210.560um 382.255um 210.705um 382.415um
 210.560um 382.415um 210.705um 383.000um
 210.560um 377.500um 210.705um 377.845um
 210.560um 377.845um 210.705um 377.975um
 210.560um 377.975um 210.705um 378.185um
 210.560um 378.185um 210.705um 378.315um
 210.560um 378.315um 210.705um 379.185um
 210.560um 379.185um 210.705um 379.345um
 210.560um 379.345um 210.705um 379.500um
 210.560um 374.000um 210.705um 374.235um
 210.560um 374.235um 210.705um 374.445um
 210.560um 374.445um 210.705um 374.575um
 210.560um 374.575um 210.705um 375.125um
 210.560um 375.125um 210.705um 375.255um
 210.560um 375.255um 210.705um 375.465um
 210.560um 375.465um 210.705um 375.595um
 210.560um 375.595um 210.705um 376.000um
 210.560um 370.500um 210.705um 370.705um
 210.560um 370.705um 210.705um 370.835um
 210.560um 370.835um 210.705um 371.045um
 210.560um 371.045um 210.705um 371.375um
 210.560um 371.375um 210.705um 371.535um
 210.560um 371.535um 210.705um 372.405um
 210.560um 372.405um 210.705um 372.500um
 210.560um 367.000um 210.705um 367.095um
 210.560um 367.095um 210.705um 367.305um
 210.560um 367.305um 210.705um 367.435um
 210.560um 367.435um 210.705um 368.305um
 210.560um 368.305um 210.705um 368.465um
 210.560um 368.465um 210.705um 368.795um
 210.560um 368.795um 210.705um 369.000um
 210.560um 363.500um 210.705um 363.565um
 210.560um 363.565um 210.705um 363.695um
 210.560um 363.695um 210.705um 364.245um
 210.560um 364.245um 210.705um 364.375um
 210.560um 364.375um 210.705um 364.585um
 210.560um 364.585um 210.705um 364.715um
 210.560um 364.715um 210.705um 365.265um
 210.560um 365.265um 210.705um 365.395um
 210.560um 365.395um 210.705um 365.500um
 210.560um 360.000um 210.705um 360.165um
 210.560um 360.165um 210.705um 360.495um
 210.560um 360.495um 210.705um 360.655um
 210.560um 360.655um 210.705um 361.525um
 210.560um 361.525um 210.705um 361.655um
 210.560um 361.655um 210.705um 361.865um
 210.560um 361.865um 210.705um 361.995um
 210.560um 361.995um 210.705um 362.000um
 210.560um 356.500um 210.705um 356.555um
 210.560um 356.555um 210.705um 357.425um
 210.560um 357.425um 210.705um 357.585um
 210.560um 357.585um 210.705um 357.915um
 210.560um 357.915um 210.705um 358.125um
 210.560um 358.125um 210.705um 358.255um
 210.560um 358.255um 210.705um 358.500um
 210.560um 353.000um 210.705um 353.365um
 210.560um 353.365um 210.705um 353.495um
 210.560um 353.495um 210.705um 353.705um
 210.560um 353.705um 210.705um 353.835um
 210.560um 353.835um 210.705um 354.385um
 210.560um 354.385um 210.705um 354.515um
 210.560um 354.515um 210.705um 354.725um
 210.560um 354.725um 210.705um 355.000um
 210.560um 349.500um 210.705um 349.615um
 210.560um 349.615um 210.705um 349.775um
 210.560um 349.775um 210.705um 350.645um
 210.560um 350.645um 210.705um 350.775um
 210.560um 350.775um 210.705um 350.985um
 210.560um 350.985um 210.705um 351.115um
 210.560um 351.115um 210.705um 351.500um
 210.560um 346.000um 210.705um 346.545um
 210.560um 346.545um 210.705um 346.705um
 210.560um 346.705um 210.705um 347.035um
 210.560um 347.035um 210.705um 347.245um
 210.560um 347.245um 210.705um 347.375um
 210.560um 347.375um 210.705um 347.925um
 210.560um 347.925um 210.705um 348.000um
 210.560um 342.500um 210.705um 342.615um
 210.560um 342.615um 210.705um 342.825um
 210.560um 342.825um 210.705um 342.955um
 210.560um 342.955um 210.705um 343.505um
 210.560um 343.505um 210.705um 343.635um
 210.560um 343.635um 210.705um 343.845um
 210.560um 343.845um 210.705um 344.175um
 210.560um 344.175um 210.705um 344.335um
 210.560um 344.335um 210.705um 344.500um
 210.560um 339.000um 210.705um 339.765um
 210.560um 339.765um 210.705um 339.895um
 210.560um 339.895um 210.705um 340.105um
 210.560um 340.105um 210.705um 340.235um
 210.560um 340.235um 210.705um 341.000um
 210.560um 335.500um 210.705um 335.665um
 210.560um 335.665um 210.705um 335.825um
 210.560um 335.825um 210.705um 336.155um
 210.560um 336.155um 210.705um 336.365um
 210.560um 336.365um 210.705um 336.495um
 210.560um 336.495um 210.705um 337.045um
 210.560um 337.045um 210.705um 337.175um
 210.560um 337.175um 210.705um 337.385um
 210.560um 337.385um 210.705um 337.500um
 210.560um 332.000um 210.705um 332.075um
 210.560um 332.075um 210.705um 332.625um
 210.560um 332.625um 210.705um 332.755um
 210.560um 332.755um 210.705um 332.965um
 210.560um 332.965um 210.705um 333.295um
 210.560um 333.295um 210.705um 333.455um
 210.560um 333.455um 210.705um 334.000um
 210.560um 328.500um 210.705um 328.885um
 210.560um 328.885um 210.705um 329.015um
 210.560um 329.015um 210.705um 329.225um
 210.560um 329.225um 210.705um 329.355um
 210.560um 329.355um 210.705um 330.225um
 210.560um 330.225um 210.705um 330.385um
 210.560um 330.385um 210.705um 330.500um
 210.560um 325.000um 210.705um 325.275um
 210.560um 325.275um 210.705um 325.485um
 210.560um 325.485um 210.705um 325.615um
 210.560um 325.615um 210.705um 326.165um
 210.560um 326.165um 210.705um 326.295um
 210.560um 326.295um 210.705um 326.505um
 210.560um 326.505um 210.705um 326.635um
 210.560um 326.635um 210.705um 327.000um
 210.560um 321.500um 210.705um 321.745um
 210.560um 321.745um 210.705um 321.875um
 210.560um 321.875um 210.705um 322.085um
 210.560um 322.085um 210.705um 322.415um
 210.560um 322.415um 210.705um 322.575um
 210.560um 322.575um 210.705um 323.445um
 210.560um 323.445um 210.705um 323.500um
 210.560um 318.000um 210.705um 318.005um
 210.560um 318.005um 210.705um 318.135um
 210.560um 318.135um 210.705um 318.345um
 210.560um 318.345um 210.705um 318.475um
 210.560um 318.475um 210.705um 319.345um
 210.560um 319.345um 210.705um 319.505um
 210.560um 319.505um 210.705um 319.835um
 210.560um 319.835um 210.705um 320.000um
 210.560um 314.560um 210.705um 314.605um
 210.560um 314.605um 210.705um 314.735um
 210.560um 314.735um 210.705um 315.285um
 210.560um 315.285um 210.705um 315.415um
 210.560um 315.415um 210.705um 315.625um
 210.560um 315.625um 210.705um 315.755um
 210.560um 315.755um 210.705um 316.305um
 210.560um 316.305um 210.705um 316.435um
 210.560um 316.435um 210.705um 316.500um
----------------------------------------
Can't overlap those layers
----------------------------------------
 339.580um 430.170um 341.155um 431.775um
 339.315um 426.550um 341.400um 428.450um
 339.250um 418.325um 341.775um 419.140um
 341.465um 418.140um 341.775um 418.325um
 341.465um 417.365um 342.895um 418.140um
 344.875um 415.500um 345.875um 416.500um
 513.200um 443.445um 513.875um 443.450um
 513.870um 429.285um 513.875um 429.545um
 513.870um 425.745um 513.875um 426.005um
----------------------------------------
Min area of metal1 holes > 0.14um^2 (met1.7)
----------------------------------------
 513.200um 443.445um 513.875um 443.450um
 513.870um 429.285um 513.875um 429.545um
 513.870um 425.745um 513.875um 426.005um
----------------------------------------
N-well overlap of Deep N-well < 0.4um outside, 1.03um inside (nwell.5a, 7)
----------------------------------------
 210.500um 242.770um 211.930um 314.560um
 210.500um 241.340um 314.560um 242.770um
 210.500um 625.450um 314.560um 626.880um
 210.500um 314.560um 211.930um 625.450um
 512.385um 242.770um 513.815um 314.560um
 314.560um 241.340um 513.815um 242.770um
 314.560um 625.450um 513.815um 626.880um
 512.385um 314.560um 513.815um 625.450um
----------------------------------------
[INFO] COUNT: 864
[INFO] Should be divided by 3 or 4

