                                                                        Cells by Master                                                                         
┏━━━━━━━━━━━━━━━━━━━━━━━━━━━━━━━━━━━━━━━━━━━━━━━━━━━━━━━━━━━━━━━━━━━━━━━━━━━━━━━━━━━━━━━━━━━━━━━━━━━━━━━━━━━━━━━━━━━━━━━━━━━━━━━━━━┳━━━━━━━━━━━━━━━━━━━━━━━━━━━┓
┃ Cell                                                                                                                             ┃ Count                     ┃
┡━━━━━━━━━━━━━━━━━━━━━━━━━━━━━━━━━━━━━━━━━━━━━━━━━━━━━━━━━━━━━━━━━━━━━━━━━━━━━━━━━━━━━━━━━━━━━━━━━━━━━━━━━━━━━━━━━━━━━━━━━━━━━━━━━━╇━━━━━━━━━━━━━━━━━━━━━━━━━━━┩
│ CF_SRAM_1024x32_wb_wrapper                                                                                                       │ 1                         │
│ sky130_ef_sc_hd__decap_12                                                                                                        │ 14598                     │
│ sky130_fd_sc_hd__a2111o_1                                                                                                        │ 3                         │
│ sky130_fd_sc_hd__a2111o_4                                                                                                        │ 3                         │
│ sky130_fd_sc_hd__a211o_1                                                                                                         │ 44                        │
│ sky130_fd_sc_hd__a211o_2                                                                                                         │ 14                        │
│ sky130_fd_sc_hd__a211oi_1                                                                                                        │ 3                         │
│ sky130_fd_sc_hd__a211oi_4                                                                                                        │ 1                         │
│ sky130_fd_sc_hd__a21bo_1                                                                                                         │ 13                        │
│ sky130_fd_sc_hd__a21boi_1                                                                                                        │ 5                         │
│ sky130_fd_sc_hd__a21o_1                                                                                                          │ 49                        │
│ sky130_fd_sc_hd__a21o_2                                                                                                          │ 2                         │
│ sky130_fd_sc_hd__a21o_4                                                                                                          │ 1                         │
│ sky130_fd_sc_hd__a21oi_1                                                                                                         │ 52                        │
│ sky130_fd_sc_hd__a21oi_2                                                                                                         │ 4                         │
│ sky130_fd_sc_hd__a21oi_4                                                                                                         │ 1                         │
│ sky130_fd_sc_hd__a221o_1                                                                                                         │ 70                        │
│ sky130_fd_sc_hd__a221o_2                                                                                                         │ 1                         │
│ sky130_fd_sc_hd__a22o_1                                                                                                          │ 85                        │
│ sky130_fd_sc_hd__a22o_2                                                                                                          │ 3                         │
│ sky130_fd_sc_hd__a22oi_1                                                                                                         │ 5                         │
│ sky130_fd_sc_hd__a2bb2o_1                                                                                                        │ 20                        │
│ sky130_fd_sc_hd__a2bb2o_2                                                                                                        │ 1                         │
│ sky130_fd_sc_hd__a311o_1                                                                                                         │ 3                         │
│ sky130_fd_sc_hd__a31o_1                                                                                                          │ 31                        │
│ sky130_fd_sc_hd__a31o_2                                                                                                          │ 3                         │
│ sky130_fd_sc_hd__a31oi_1                                                                                                         │ 2                         │
│ sky130_fd_sc_hd__a32o_1                                                                                                          │ 43                        │
│ sky130_fd_sc_hd__a32o_2                                                                                                          │ 2                         │
│ sky130_fd_sc_hd__a41o_1                                                                                                          │ 3                         │
│ sky130_fd_sc_hd__and2_1                                                                                                          │ 48                        │
│ sky130_fd_sc_hd__and2_2                                                                                                          │ 3                         │
│ sky130_fd_sc_hd__and2_4                                                                                                          │ 1                         │
│ sky130_fd_sc_hd__and2b_1                                                                                                         │ 15                        │
│ sky130_fd_sc_hd__and2b_2                                                                                                         │ 2                         │
│ sky130_fd_sc_hd__and2b_4                                                                                                         │ 3                         │
│ sky130_fd_sc_hd__and3_1                                                                                                          │ 49                        │
│ sky130_fd_sc_hd__and3_2                                                                                                          │ 1                         │
│ sky130_fd_sc_hd__and3_4                                                                                                          │ 2                         │
│ sky130_fd_sc_hd__and3b_1                                                                                                         │ 15                        │
│ sky130_fd_sc_hd__and4_1                                                                                                          │ 11                        │
│ sky130_fd_sc_hd__and4_2                                                                                                          │ 7                         │
│ sky130_fd_sc_hd__and4b_1                                                                                                         │ 6                         │
│ sky130_fd_sc_hd__and4b_2                                                                                                         │ 2                         │
│ sky130_fd_sc_hd__and4bb_1                                                                                                        │ 3                         │
│ sky130_fd_sc_hd__and4bb_2                                                                                                        │ 1                         │
│ sky130_fd_sc_hd__buf_1                                                                                                           │ 4                         │
│ sky130_fd_sc_hd__buf_12                                                                                                          │ 37                        │
│ sky130_fd_sc_hd__buf_2                                                                                                           │ 91                        │
│ sky130_fd_sc_hd__buf_4                                                                                                           │ 93                        │
│ sky130_fd_sc_hd__buf_6                                                                                                           │ 1                         │
│ sky130_fd_sc_hd__bufinv_16                                                                                                       │ 6                         │
│ sky130_fd_sc_hd__clkbuf_1                                                                                                        │ 7                         │
│ sky130_fd_sc_hd__clkbuf_16                                                                                                       │ 4                         │
│ sky130_fd_sc_hd__clkbuf_2                                                                                                        │ 41                        │
│ sky130_fd_sc_hd__clkbuf_4                                                                                                        │ 170                       │
│ sky130_fd_sc_hd__clkbuf_8                                                                                                        │ 80                        │
│ sky130_fd_sc_hd__clkinv_1                                                                                                        │ 2                         │
│ sky130_fd_sc_hd__clkinv_2                                                                                                        │ 3                         │
│ sky130_fd_sc_hd__clkinv_4                                                                                                        │ 7                         │
│ sky130_fd_sc_hd__clkinv_8                                                                                                        │ 10                        │
│ sky130_fd_sc_hd__conb_1                                                                                                          │ 1                         │
│ sky130_fd_sc_hd__decap_3                                                                                                         │ 1655                      │
│ sky130_fd_sc_hd__decap_4                                                                                                         │ 1087                      │
│ sky130_fd_sc_hd__decap_6                                                                                                         │ 3360                      │
│ sky130_fd_sc_hd__decap_8                                                                                                         │ 832                       │
│ sky130_fd_sc_hd__dfrtp_1                                                                                                         │ 330                       │
│ sky130_fd_sc_hd__dfrtp_2                                                                                                         │ 47                        │
│ sky130_fd_sc_hd__dfrtp_4                                                                                                         │ 60                        │
│ sky130_fd_sc_hd__dfstp_1                                                                                                         │ 24                        │
│ sky130_fd_sc_hd__dfstp_2                                                                                                         │ 1                         │
│ sky130_fd_sc_hd__dfstp_4                                                                                                         │ 1                         │
│ sky130_fd_sc_hd__dfxtp_1                                                                                                         │ 292                       │
│ sky130_fd_sc_hd__diode_2                                                                                                         │ 4337                      │
│ sky130_fd_sc_hd__dlygate4sd3_1                                                                                                   │ 620                       │
│ sky130_fd_sc_hd__dlymetal6s2s_1                                                                                                  │ 4                         │
│ sky130_fd_sc_hd__fill_1                                                                                                          │ 5260                      │
│ sky130_fd_sc_hd__fill_2                                                                                                          │ 642                       │
│ sky130_fd_sc_hd__inv_12                                                                                                          │ 5                         │
│ sky130_fd_sc_hd__inv_16                                                                                                          │ 5                         │
│ sky130_fd_sc_hd__inv_2                                                                                                           │ 557                       │
│ sky130_fd_sc_hd__inv_4                                                                                                           │ 1                         │
│ sky130_fd_sc_hd__inv_6                                                                                                           │ 13                        │
│ sky130_fd_sc_hd__inv_8                                                                                                           │ 8                         │
│ sky130_fd_sc_hd__mux2_1                                                                                                          │ 693                       │
│ sky130_fd_sc_hd__mux2_2                                                                                                          │ 1                         │
│ sky130_fd_sc_hd__mux2_4                                                                                                          │ 1                         │
│ sky130_fd_sc_hd__mux4_1                                                                                                          │ 9                         │
│ sky130_fd_sc_hd__nand2_1                                                                                                         │ 124                       │
│ sky130_fd_sc_hd__nand2_2                                                                                                         │ 13                        │
│ sky130_fd_sc_hd__nand2_4                                                                                                         │ 5                         │
│ sky130_fd_sc_hd__nand2b_1                                                                                                        │ 9                         │
│ sky130_fd_sc_hd__nand2b_4                                                                                                        │ 4                         │
│ sky130_fd_sc_hd__nand3_1                                                                                                         │ 5                         │
│ sky130_fd_sc_hd__nand3b_1                                                                                                        │ 1                         │
│ sky130_fd_sc_hd__nand3b_2                                                                                                        │ 1                         │
│ sky130_fd_sc_hd__nand4_2                                                                                                         │ 1                         │
│ sky130_fd_sc_hd__nand4_4                                                                                                         │ 1                         │
│ sky130_fd_sc_hd__nor2_1                                                                                                          │ 96                        │
│ sky130_fd_sc_hd__nor2_2                                                                                                          │ 11                        │
│ sky130_fd_sc_hd__nor2_4                                                                                                          │ 31                        │
│ sky130_fd_sc_hd__nor3_1                                                                                                          │ 3                         │
│ sky130_fd_sc_hd__nor3_2                                                                                                          │ 1                         │
│ sky130_fd_sc_hd__nor3b_1                                                                                                         │ 1                         │
│ sky130_fd_sc_hd__nor4_1                                                                                                          │ 3                         │
│ sky130_fd_sc_hd__nor4b_1                                                                                                         │ 1                         │
│ sky130_fd_sc_hd__o2111a_1                                                                                                        │ 1                         │
│ sky130_fd_sc_hd__o211a_1                                                                                                         │ 61                        │
│ sky130_fd_sc_hd__o211a_4                                                                                                         │ 1                         │
│ sky130_fd_sc_hd__o211ai_1                                                                                                        │ 4                         │
│ sky130_fd_sc_hd__o21a_1                                                                                                          │ 54                        │
│ sky130_fd_sc_hd__o21ai_1                                                                                                         │ 65                        │
│ sky130_fd_sc_hd__o21ai_2                                                                                                         │ 2                         │
│ sky130_fd_sc_hd__o21ai_4                                                                                                         │ 2                         │
│ sky130_fd_sc_hd__o21ba_1                                                                                                         │ 14                        │
│ sky130_fd_sc_hd__o21bai_1                                                                                                        │ 1                         │
│ sky130_fd_sc_hd__o221a_1                                                                                                         │ 108                       │
│ sky130_fd_sc_hd__o221ai_1                                                                                                        │ 6                         │
│ sky130_fd_sc_hd__o22a_1                                                                                                          │ 54                        │
│ sky130_fd_sc_hd__o22ai_1                                                                                                         │ 2                         │
│ sky130_fd_sc_hd__o2bb2a_1                                                                                                        │ 15                        │
│ sky130_fd_sc_hd__o311a_1                                                                                                         │ 4                         │
│ sky130_fd_sc_hd__o31a_1                                                                                                          │ 24                        │
│ sky130_fd_sc_hd__o31ai_1                                                                                                         │ 1                         │
│ sky130_fd_sc_hd__o32a_1                                                                                                          │ 1                         │
│ sky130_fd_sc_hd__o41ai_4                                                                                                         │ 1                         │
│ sky130_fd_sc_hd__or2_1                                                                                                           │ 133                       │
│ sky130_fd_sc_hd__or2_2                                                                                                           │ 19                        │
│ sky130_fd_sc_hd__or2_4                                                                                                           │ 8                         │
│ sky130_fd_sc_hd__or3_1                                                                                                           │ 25                        │
│ sky130_fd_sc_hd__or3_2                                                                                                           │ 6                         │
│ sky130_fd_sc_hd__or3_4                                                                                                           │ 10                        │
│ sky130_fd_sc_hd__or3b_1                                                                                                          │ 19                        │
│ sky130_fd_sc_hd__or3b_4                                                                                                          │ 4                         │
│ sky130_fd_sc_hd__or4_1                                                                                                           │ 45                        │
│ sky130_fd_sc_hd__or4_2                                                                                                           │ 13                        │
│ sky130_fd_sc_hd__or4_4                                                                                                           │ 6                         │
│ sky130_fd_sc_hd__or4b_1                                                                                                          │ 8                         │
│ sky130_fd_sc_hd__or4b_4                                                                                                          │ 3                         │
│ sky130_fd_sc_hd__or4bb_2                                                                                                         │ 1                         │
│ sky130_fd_sc_hd__or4bb_4                                                                                                         │ 1                         │
│ sky130_fd_sc_hd__tapvpwrvgnd_1                                                                                                   │ 4884                      │
│ sky130_fd_sc_hd__xnor2_1                                                                                                         │ 82                        │
│ sky130_fd_sc_hd__xor2_1                                                                                                          │ 75                        │
└──────────────────────────────────────────────────────────────────────────────────────────────────────────────────────────────────┴───────────────────────────┘
