Clock: clk
Sources: wb_clk_i 
Generated: no
Virtual: yes
Propagated: no
Period: 25.000000

===========================================================================
report_clock_properties
============================================================================
Clock                   Period          Waveform
----------------------------------------------------
clk                  25.000000    0.000000 12.500000

===========================================================================
report_clock_latency
============================================================================
Clock clk
rise -> rise
    min     max
4.650000 5.570000 source latency
4.698582         network latency _6631_/CLK
        5.671081 network latency sram_inst/wb_clk_i
---------------
9.348582 11.241081 latency
        1.892499 skew

fall -> fall
    min     max
4.650000 5.570000 source latency
4.695807         network latency _6631_/CLK
        5.665774 network latency sram_inst/wb_clk_i
---------------
9.345806 11.235773 latency
        1.889967 skew



===========================================================================
report_clock_min_period
============================================================================
clk period_min = 8.39 fmax = 119.18
