Clock: clk
Sources: wb_clk_i 
Generated: no
Virtual: yes
Propagated: no
Period: 25.000000

===========================================================================
report_clock_properties
============================================================================
Clock                   Period          Waveform
----------------------------------------------------
clk                  25.000000    0.000000 12.500000

===========================================================================
report_clock_latency
============================================================================
Clock clk
rise -> rise
    min     max
4.650000 5.570000 source latency
6.250060         network latency mprj/_6645_/CLK
        7.352177 network latency mprj/_6185_/CLK
---------------
10.900060 12.922177 latency
        2.022118 skew

fall -> fall
    min     max
4.650000 5.570000 source latency
6.245404         network latency mprj/_6645_/CLK
        7.295460 network latency mprj/_6185_/CLK
---------------
10.895404 12.865460 latency
        1.970056 skew



===========================================================================
report_clock_min_period
============================================================================
clk period_min = 18.19 fmax = 54.99
