Clock: clk
Sources: wb_clk_i 
Generated: no
Virtual: yes
Propagated: no
Period: 25.000000

===========================================================================
report_clock_properties
============================================================================
Clock                   Period          Waveform
----------------------------------------------------
clk                  25.000000    0.000000 12.500000

===========================================================================
report_clock_latency
============================================================================
Clock clk
rise -> rise
    min     max
4.650000 5.570000 source latency
5.483628         network latency _6276_/CLK
        6.522727 network latency _6397_/CLK
---------------
10.133628 12.092727 latency
        1.959100 skew

fall -> fall
    min     max
4.650000 5.570000 source latency
5.578519         network latency _6276_/CLK
        6.107557 network latency sram_inst/wb_clk_i
---------------
10.228518 11.677557 latency
        1.449038 skew



===========================================================================
report_clock_min_period
============================================================================
clk period_min = 7.80 fmax = 128.17
