Reading technology LEF file at '/nc/apps/pdk/ciel/sky130/versions/0fe599b2afb6708d281543108caf8310912f54af/sky130A/libs.ref/sky130_fd_sc_hd/techlef/sky130_fd_sc_hd__min.tlef'…
[INFO ODB-0227] LEF file: /nc/apps/pdk/ciel/sky130/versions/0fe599b2afb6708d281543108caf8310912f54af/sky130A/libs.ref/sky130_fd_sc_hd/techlef/sky130_fd_sc_hd__min.tlef, created 14 layers, 25 vias
Reading cell LEF file at '/nc/apps/pdk/ciel/sky130/versions/0fe599b2afb6708d281543108caf8310912f54af/sky130A/libs.ref/sky130_fd_sc_hd/lef/sky130_ef_sc_hd.lef'…
[WARNING ODB-0220] WARNING (LEFPARS-2008): NOWIREEXTENSIONATPIN statement is obsolete in version 5.6 or later.
The NOWIREEXTENSIONATPIN statement will be ignored. See file /nc/apps/pdk/ciel/sky130/versions/0fe599b2afb6708d281543108caf8310912f54af/sky130A/libs.ref/sky130_fd_sc_hd/lef/sky130_ef_sc_hd.lef at line 2.

[INFO ODB-0227] LEF file: /nc/apps/pdk/ciel/sky130/versions/0fe599b2afb6708d281543108caf8310912f54af/sky130A/libs.ref/sky130_fd_sc_hd/lef/sky130_ef_sc_hd.lef, created 4 library cells
Reading cell LEF file at '/nc/apps/pdk/ciel/sky130/versions/0fe599b2afb6708d281543108caf8310912f54af/sky130A/libs.ref/sky130_fd_sc_hd/lef/sky130_fd_sc_hd.lef'…
[WARNING ODB-0220] WARNING (LEFPARS-2008): NOWIREEXTENSIONATPIN statement is obsolete in version 5.6 or later.
The NOWIREEXTENSIONATPIN statement will be ignored. See file /nc/apps/pdk/ciel/sky130/versions/0fe599b2afb6708d281543108caf8310912f54af/sky130A/libs.ref/sky130_fd_sc_hd/lef/sky130_fd_sc_hd.lef at line 2.

[INFO ODB-0227] LEF file: /nc/apps/pdk/ciel/sky130/versions/0fe599b2afb6708d281543108caf8310912f54af/sky130A/libs.ref/sky130_fd_sc_hd/lef/sky130_fd_sc_hd.lef, created 437 library cells
Reading macro LEF file at '/workspace/peripheral-example/ip/CF_SRAM_1024x32/lef/CF_SRAM_1024x32_wb_wrapper.lef'…
[WARNING ODB-0220] WARNING (LEFPARS-2008): NOWIREEXTENSIONATPIN statement is obsolete in version 5.6 or later.
The NOWIREEXTENSIONATPIN statement will be ignored. See file /workspace/peripheral-example/ip/CF_SRAM_1024x32/lef/CF_SRAM_1024x32_wb_wrapper.lef at line 2.

[INFO ODB-0227] LEF file: /workspace/peripheral-example/ip/CF_SRAM_1024x32/lef/CF_SRAM_1024x32_wb_wrapper.lef, created 1 library cells
[INFO ODB-0127] Reading DEF file: /workspace/peripheral-example/openlane/user_project/runs/RUN_2025-10-27_21-49-20/54-odb-cellfrequencytables/user_project.def
[INFO ODB-0128] Design: user_project
[INFO ODB-0130]     Created 114 pins.
[INFO ODB-0131]     Created 41575 components and 177437 component-terminals.
[INFO ODB-0132]     Created 4 special nets and 156532 connections.
[INFO ODB-0133]     Created 5046 nets and 20839 connections.
[INFO ODB-0134] Finished DEF file: /workspace/peripheral-example/openlane/user_project/runs/RUN_2025-10-27_21-49-20/54-odb-cellfrequencytables/user_project.def
Using RCX ruleset '/nc/apps/pdk/ciel/sky130/versions/0fe599b2afb6708d281543108caf8310912f54af/sky130A/libs.tech/openlane/rules.openrcx.sky130A.min.calibre'…
[INFO RCX-0431] Defined process_corner CURRENT_CORNER with ext_model_index 0
[INFO RCX-0029] Defined extraction corner CURRENT_CORNER
[INFO RCX-0435] Reading extraction model file /nc/apps/pdk/ciel/sky130/versions/0fe599b2afb6708d281543108caf8310912f54af/sky130A/libs.tech/openlane/rules.openrcx.sky130A.min.calibre ...
[INFO RCX-0436] RC segment generation user_project (max_merge_res 50.0) ...
[INFO RCX-0040] Final 27326 rc segments
[INFO RCX-0439] Coupling Cap extraction user_project ...
[INFO RCX-0440] Coupling threshhold is 0.1000 fF, coupling capacitance less than 0.1000 fF will be grounded.
[INFO RCX-0442] 54% of 46385 wires extracted
[INFO RCX-0442] 100% of 46385 wires extracted
[INFO RCX-0045] Extract 5048 nets, 32372 rsegs, 32372 caps, 55741 ccs
Setting global connections for newly added cells…
[INFO] Setting global connections...
sram_inst matched with sram_inst
Updating metrics…
Cell type report:                       Count       Area
  Macro                                     1  165300.00
  Fill cell                             27503  273443.50
  Tap cell                               4884    6110.86
  Antenna cell                           4181   10462.53
  Standard cell                          5006   53516.33
  Total                                 41575  508833.23
Writing extracted parasitics to '/workspace/peripheral-example/openlane/user_project/runs/RUN_2025-10-27_21-49-20/55-openroad-rcx/min/user_project.min.spef'…
[INFO RCX-0443] 5046 nets finished
