Clock: clk
Sources: wb_clk_i 
Generated: no
Virtual: yes
Propagated: no
Period: 25.000000

===========================================================================
report_clock_properties
============================================================================
Clock                   Period          Waveform
----------------------------------------------------
clk                  25.000000    0.000000 12.500000

===========================================================================
report_clock_latency
============================================================================
Clock clk
rise -> rise
    min     max
4.650000 5.570000 source latency
5.263956         network latency _6645_/CLK
        5.817391 network latency sram_inst/wb_clk_i
---------------
9.913956 11.387391 latency
        1.473435 skew

fall -> fall
    min     max
4.650000 5.570000 source latency
5.383374         network latency _6883_/CLK
        5.978722 network latency sram_inst/wb_clk_i
---------------
10.033374 11.548721 latency
        1.515348 skew



===========================================================================
report_clock_min_period
============================================================================
clk period_min = 4.81 fmax = 207.79
